% Running in auto input_syntax mode. Trying TPTP
% ott+11_3_aac=none:afr=on:afp=4000:afq=1.4:amm=off:anc=all:bs=unit_only:bsr=on:bce=on:fde=unused:irw=on:nm=64:newcnf=on:nwc=1:nicw=on:sac=on:sp=reverse_arity:uhcvi=on_31 on type_relator_subsumed_to_endurant for (31ds)
% Refutation found. Thanks to Tanya!
% SZS status Unsatisfiable for type_relator_subsumed_to_endurant
% SZS output start Proof for type_relator_subsumed_to_endurant
fof(f980,plain,(
  $false),
  inference(avatar_sat_refutation,[],[f642,f646,f878,f886,f975,f979])).
fof(f979,plain,(
  spl59_1 | ~spl59_60 | ~spl59_84),
  inference(avatar_contradiction_clause,[],[f978])).
fof(f978,plain,(
  $false | (spl59_1 | ~spl59_60 | ~spl59_84)),
  inference(subsumption_resolution,[],[f976,f641])).
fof(f641,plain,(
  ~endurant(xyz) | spl59_1),
  inference(avatar_component_clause,[],[f640])).
fof(f640,plain,(
  spl59_1 <=> endurant(xyz)),
  introduced(avatar_definition,[new_symbols(naming,[spl59_1])])).
fof(f976,plain,(
  endurant(xyz) | (~spl59_60 | ~spl59_84)),
  inference(resolution,[],[f974,f877])).
fof(f877,plain,(
  ( ! [X0] : (~moment(X0) | endurant(X0)) ) | ~spl59_60),
  inference(avatar_component_clause,[],[f876])).
fof(f876,plain,(
  spl59_60 <=> ! [X0] : (endurant(X0) | ~moment(X0))),
  introduced(avatar_definition,[new_symbols(naming,[spl59_60])])).
fof(f974,plain,(
  moment(xyz) | ~spl59_84),
  inference(avatar_component_clause,[],[f973])).
fof(f973,plain,(
  spl59_84 <=> moment(xyz)),
  introduced(avatar_definition,[new_symbols(naming,[spl59_84])])).
fof(f975,plain,(
  spl59_84 | ~spl59_2 | ~spl59_62),
  inference(avatar_split_clause,[],[f971,f884,f644,f973])).
fof(f644,plain,(
  spl59_2 <=> relator(xyz)),
  introduced(avatar_definition,[new_symbols(naming,[spl59_2])])).
fof(f884,plain,(
  spl59_62 <=> ! [X0] : (moment(X0) | ~relator(X0))),
  introduced(avatar_definition,[new_symbols(naming,[spl59_62])])).
fof(f971,plain,(
  moment(xyz) | (~spl59_2 | ~spl59_62)),
  inference(resolution,[],[f885,f645])).
fof(f645,plain,(
  relator(xyz) | ~spl59_2),
  inference(avatar_component_clause,[],[f644])).
fof(f885,plain,(
  ( ! [X0] : (~relator(X0) | moment(X0)) ) | ~spl59_62),
  inference(avatar_component_clause,[],[f884])).
fof(f886,plain,(
  spl59_62),
  inference(avatar_split_clause,[],[f529,f884])).
fof(f529,plain,(
  ( ! [X0] : (moment(X0) | ~relator(X0)) )),
  inference(cnf_transformation,[],[f20])).
fof(f20,axiom,(
  ! [X0] : ((relator(X0) | intrinsicMoment(X0)) <=> moment(X0))),
  file('outputs/ufo/subsumptions/type_relator_subsumed_to_endurant.in',ax_moment_taxonomy)).
fof(f878,plain,(
  spl59_60),
  inference(avatar_split_clause,[],[f526,f876])).
fof(f526,plain,(
  ( ! [X0] : (endurant(X0) | ~moment(X0)) )),
  inference(cnf_transformation,[],[f16])).
fof(f16,axiom,(
  ! [X0] : ((moment(X0) | substantial(X0)) <=> endurant(X0))),
  file('outputs/ufo/subsumptions/type_relator_subsumed_to_endurant.in',ax_endurant_taxonomy)).
fof(f646,plain,(
  spl59_2),
  inference(avatar_split_clause,[],[f308,f644])).
fof(f308,plain,(
  relator(xyz)),
  inference(cnf_transformation,[],[f132])).
fof(f132,axiom,(
  relator(xyz)),
  file('outputs/ufo/subsumptions/type_relator_subsumed_to_endurant.in',axiom1)).
fof(f642,plain,(
  ~spl59_1),
  inference(avatar_split_clause,[],[f307,f640])).
fof(f307,plain,(
  ~endurant(xyz)),
  inference(cnf_transformation,[],[f133])).
fof(f133,axiom,(
  ~endurant(xyz)),
  file('outputs/ufo/subsumptions/type_relator_subsumed_to_endurant.in',axiom2)).
% SZS output end Proof for type_relator_subsumed_to_endurant
% ------------------------------
% Version: Vampire 4.7 (commit af7d05f97 on 2022-09-30 11:01:41 +0200)
% Termination reason: Refutation

% Memory used [KB]: 6140
% Time elapsed: 0.012 s
% ------------------------------
% ------------------------------
% Success in time 0.019 s
