% Running in auto input_syntax mode. Trying TPTP
% ott+11_3_aac=none:afr=on:afp=4000:afq=1.4:amm=off:anc=all:bs=unit_only:bsr=on:bce=on:fde=unused:irw=on:nm=64:newcnf=on:nwc=1:nicw=on:sac=on:sp=reverse_arity:uhcvi=on_31 on type_roleMixin_subsumed_to_endurantType for (31ds)
% Refutation found. Thanks to Tanya!
% SZS status Unsatisfiable for type_roleMixin_subsumed_to_endurantType
% SZS output start Proof for type_roleMixin_subsumed_to_endurantType
fof(f1008,plain,(
  $false),
  inference(avatar_sat_refutation,[],[f642,f646,f778,f826,f850,f991,f1004,f1007])).
fof(f1007,plain,(
  spl59_1 | ~spl59_35 | ~spl59_90),
  inference(avatar_contradiction_clause,[],[f1006])).
fof(f1006,plain,(
  $false | (spl59_1 | ~spl59_35 | ~spl59_90)),
  inference(subsumption_resolution,[],[f1005,f641])).
fof(f641,plain,(
  ~endurantType(xyz) | spl59_1),
  inference(avatar_component_clause,[],[f640])).
fof(f640,plain,(
  spl59_1 <=> endurantType(xyz)),
  introduced(avatar_definition,[new_symbols(naming,[spl59_1])])).
fof(f1005,plain,(
  endurantType(xyz) | (~spl59_35 | ~spl59_90)),
  inference(resolution,[],[f1003,f777])).
fof(f777,plain,(
  ( ! [X0] : (~antiRigid(X0) | endurantType(X0)) ) | ~spl59_35),
  inference(avatar_component_clause,[],[f776])).
fof(f776,plain,(
  spl59_35 <=> ! [X0] : (endurantType(X0) | ~antiRigid(X0))),
  introduced(avatar_definition,[new_symbols(naming,[spl59_35])])).
fof(f1003,plain,(
  antiRigid(xyz) | ~spl59_90),
  inference(avatar_component_clause,[],[f1002])).
fof(f1002,plain,(
  spl59_90 <=> antiRigid(xyz)),
  introduced(avatar_definition,[new_symbols(naming,[spl59_90])])).
fof(f1004,plain,(
  spl59_90 | ~spl59_47 | ~spl59_88),
  inference(avatar_split_clause,[],[f993,f989,f824,f1002])).
fof(f824,plain,(
  spl59_47 <=> ! [X0] : (antiRigid(X0) | ~antiRigidNonSortal(X0))),
  introduced(avatar_definition,[new_symbols(naming,[spl59_47])])).
fof(f989,plain,(
  spl59_88 <=> antiRigidNonSortal(xyz)),
  introduced(avatar_definition,[new_symbols(naming,[spl59_88])])).
fof(f993,plain,(
  antiRigid(xyz) | (~spl59_47 | ~spl59_88)),
  inference(resolution,[],[f990,f825])).
fof(f825,plain,(
  ( ! [X0] : (~antiRigidNonSortal(X0) | antiRigid(X0)) ) | ~spl59_47),
  inference(avatar_component_clause,[],[f824])).
fof(f990,plain,(
  antiRigidNonSortal(xyz) | ~spl59_88),
  inference(avatar_component_clause,[],[f989])).
fof(f991,plain,(
  spl59_88 | ~spl59_2 | ~spl59_53),
  inference(avatar_split_clause,[],[f987,f848,f644,f989])).
fof(f644,plain,(
  spl59_2 <=> roleMixin(xyz)),
  introduced(avatar_definition,[new_symbols(naming,[spl59_2])])).
fof(f848,plain,(
  spl59_53 <=> ! [X0] : (antiRigidNonSortal(X0) | ~roleMixin(X0))),
  introduced(avatar_definition,[new_symbols(naming,[spl59_53])])).
fof(f987,plain,(
  antiRigidNonSortal(xyz) | (~spl59_2 | ~spl59_53)),
  inference(resolution,[],[f849,f645])).
fof(f645,plain,(
  roleMixin(xyz) | ~spl59_2),
  inference(avatar_component_clause,[],[f644])).
fof(f849,plain,(
  ( ! [X0] : (~roleMixin(X0) | antiRigidNonSortal(X0)) ) | ~spl59_53),
  inference(avatar_component_clause,[],[f848])).
fof(f850,plain,(
  spl59_53),
  inference(avatar_split_clause,[],[f508,f848])).
fof(f508,plain,(
  ( ! [X0] : (antiRigidNonSortal(X0) | ~roleMixin(X0)) )),
  inference(cnf_transformation,[],[f46])).
fof(f46,axiom,(
  ! [X0] : ((roleMixin(X0) | phaseMixin(X0)) <=> antiRigidNonSortal(X0))),
  file('outputs/ufo/subsumptions/type_roleMixin_subsumed_to_endurantType.in',ax_antiRigidNonSortal_taxonomy)).
fof(f826,plain,(
  spl59_47),
  inference(avatar_split_clause,[],[f429,f824])).
fof(f429,plain,(
  ( ! [X0] : (antiRigid(X0) | ~antiRigidNonSortal(X0)) )),
  inference(cnf_transformation,[],[f162])).
fof(f162,plain,(
  ! [X0] : (antiRigidNonSortal(X0) <=> (nonSortal(X0) & antiRigid(X0)))),
  inference(rectify,[],[f66])).
fof(f66,axiom,(
  ! [X8] : (antiRigidNonSortal(X8) <=> (nonSortal(X8) & antiRigid(X8)))),
  file('outputs/ufo/subsumptions/type_roleMixin_subsumed_to_endurantType.in',ax_antiRigidNonSortalsAreAntiRigidAndNonSortal_xx)).
fof(f778,plain,(
  spl59_35),
  inference(avatar_split_clause,[],[f372,f776])).
fof(f372,plain,(
  ( ! [X0] : (endurantType(X0) | ~antiRigid(X0)) )),
  inference(cnf_transformation,[],[f244])).
fof(f244,plain,(
  ! [X0] : (antiRigid(X0) <=> (! [X1] : (? [X3] : (~iof(X1,X0,X3) & world(X3)) | ! [X2] : (~iof(X1,X0,X2) | ~world(X2))) & endurantType(X0)))),
  inference(ennf_transformation,[],[f148])).
fof(f148,plain,(
  ! [X0] : (antiRigid(X0) <=> (! [X1] : (? [X2] : (iof(X1,X0,X2) & world(X2)) => ? [X3] : (~iof(X1,X0,X3) & world(X3))) & endurantType(X0)))),
  inference(rectify,[],[f58])).
fof(f58,axiom,(
  ! [X8] : (antiRigid(X8) <=> (! [X0] : (? [X9] : (iof(X0,X8,X9) & world(X9)) => ? [X10] : (~iof(X0,X8,X10) & world(X10))) & endurantType(X8)))),
  file('outputs/ufo/subsumptions/type_roleMixin_subsumed_to_endurantType.in',ax_dAntiRigid_a19)).
fof(f646,plain,(
  spl59_2),
  inference(avatar_split_clause,[],[f308,f644])).
fof(f308,plain,(
  roleMixin(xyz)),
  inference(cnf_transformation,[],[f132])).
fof(f132,axiom,(
  roleMixin(xyz)),
  file('outputs/ufo/subsumptions/type_roleMixin_subsumed_to_endurantType.in',axiom1)).
fof(f642,plain,(
  ~spl59_1),
  inference(avatar_split_clause,[],[f307,f640])).
fof(f307,plain,(
  ~endurantType(xyz)),
  inference(cnf_transformation,[],[f133])).
fof(f133,axiom,(
  ~endurantType(xyz)),
  file('outputs/ufo/subsumptions/type_roleMixin_subsumed_to_endurantType.in',axiom2)).
% SZS output end Proof for type_roleMixin_subsumed_to_endurantType
% ------------------------------
% Version: Vampire 4.7 (commit af7d05f97 on 2022-09-30 11:01:41 +0200)
% Termination reason: Refutation

% Memory used [KB]: 6140
% Time elapsed: 0.012 s
% ------------------------------
% ------------------------------
% Success in time 0.019 s
