% Running in auto input_syntax mode. Trying TPTP
% ott+11_3_aac=none:afr=on:afp=4000:afq=1.4:amm=off:anc=all:bs=unit_only:bsr=on:bce=on:fde=unused:irw=on:nm=64:newcnf=on:nwc=1:nicw=on:sac=on:sp=reverse_arity:uhcvi=on_31 on type_relatorType_subsumed_to_sortal for (31ds)
% Refutation found. Thanks to Tanya!
% SZS status Unsatisfiable for type_relatorType_subsumed_to_sortal
% SZS output start Proof for type_relatorType_subsumed_to_sortal
fof(f47129,plain,(
  $false),
  inference(avatar_sat_refutation,[],[f646,f658,f674,f702,f746,f834,f846,f975,f1020,f1040,f1108,f1124,f1257,f1285,f1289,f1293,f1327,f1359,f1375,f1767,f1787,f2148,f2153,f2304,f2310,f2331,f4585,f4603,f6346,f6766,f6914,f20858,f20862,f20875,f47065,f47082,f47110,f47123,f47128])).
fof(f47128,plain,(
  ~spl59_52 | spl59_346 | ~spl59_1262),
  inference(avatar_contradiction_clause,[],[f47127])).
fof(f47127,plain,(
  $false | (~spl59_52 | spl59_346 | ~spl59_1262)),
  inference(subsumption_resolution,[],[f47125,f2330])).
fof(f2330,plain,(
  ~intrinsicMoment(sK41(xyz)) | spl59_346),
  inference(avatar_component_clause,[],[f2329])).
fof(f2329,plain,(
  spl59_346 <=> intrinsicMoment(sK41(xyz))),
  introduced(avatar_definition,[new_symbols(naming,[spl59_346])])).
fof(f47125,plain,(
  intrinsicMoment(sK41(xyz)) | (~spl59_52 | ~spl59_1262)),
  inference(resolution,[],[f47122,f845])).
fof(f845,plain,(
  ( ! [X0] : (~mode(X0) | intrinsicMoment(X0)) ) | ~spl59_52),
  inference(avatar_component_clause,[],[f844])).
fof(f844,plain,(
  spl59_52 <=> ! [X0] : (intrinsicMoment(X0) | ~mode(X0))),
  introduced(avatar_definition,[new_symbols(naming,[spl59_52])])).
fof(f47122,plain,(
  mode(sK41(xyz)) | ~spl59_1262),
  inference(avatar_component_clause,[],[f47121])).
fof(f47121,plain,(
  spl59_1262 <=> mode(sK41(xyz))),
  introduced(avatar_definition,[new_symbols(naming,[spl59_1262])])).
fof(f47123,plain,(
  spl59_1262 | ~spl59_27 | ~spl59_1261),
  inference(avatar_split_clause,[],[f47119,f47108,f744,f47121])).
fof(f744,plain,(
  spl59_27 <=> ! [X0] : (~externallyDependentMode(X0) | mode(X0))),
  introduced(avatar_definition,[new_symbols(naming,[spl59_27])])).
fof(f47108,plain,(
  spl59_1261 <=> externallyDependentMode(sK41(xyz))),
  introduced(avatar_definition,[new_symbols(naming,[spl59_1261])])).
fof(f47119,plain,(
  mode(sK41(xyz)) | (~spl59_27 | ~spl59_1261)),
  inference(resolution,[],[f47109,f745])).
fof(f745,plain,(
  ( ! [X0] : (~externallyDependentMode(X0) | mode(X0)) ) | ~spl59_27),
  inference(avatar_component_clause,[],[f744])).
fof(f47109,plain,(
  externallyDependentMode(sK41(xyz)) | ~spl59_1261),
  inference(avatar_component_clause,[],[f47108])).
fof(f47110,plain,(
  spl59_1261 | ~spl59_343 | ~spl59_902 | ~spl59_1260),
  inference(avatar_split_clause,[],[f47106,f47080,f6912,f2302,f47108])).
fof(f2302,plain,(
  spl59_343 <=> relator(sK41(xyz))),
  introduced(avatar_definition,[new_symbols(naming,[spl59_343])])).
fof(f6912,plain,(
  spl59_902 <=> ! [X0] : (~relator(X0) | overlap(X0,sK30(X0)))),
  introduced(avatar_definition,[new_symbols(naming,[spl59_902])])).
fof(f47080,plain,(
  spl59_1260 <=> ! [X3] : (~overlap(X3,sK30(sK41(xyz))) | externallyDependentMode(X3))),
  introduced(avatar_definition,[new_symbols(naming,[spl59_1260])])).
fof(f47106,plain,(
  externallyDependentMode(sK41(xyz)) | (~spl59_343 | ~spl59_902 | ~spl59_1260)),
  inference(subsumption_resolution,[],[f47083,f2303])).
fof(f2303,plain,(
  relator(sK41(xyz)) | ~spl59_343),
  inference(avatar_component_clause,[],[f2302])).
fof(f47083,plain,(
  externallyDependentMode(sK41(xyz)) | ~relator(sK41(xyz)) | (~spl59_902 | ~spl59_1260)),
  inference(resolution,[],[f47081,f6913])).
fof(f6913,plain,(
  ( ! [X0] : (overlap(X0,sK30(X0)) | ~relator(X0)) ) | ~spl59_902),
  inference(avatar_component_clause,[],[f6912])).
fof(f47081,plain,(
  ( ! [X3] : (~overlap(X3,sK30(sK41(xyz))) | externallyDependentMode(X3)) ) | ~spl59_1260),
  inference(avatar_component_clause,[],[f47080])).
fof(f47082,plain,(
  spl59_1260 | ~spl59_159 | ~spl59_1259),
  inference(avatar_split_clause,[],[f47068,f47063,f1283,f47080])).
fof(f1283,plain,(
  spl59_159 <=> ! [X2,X0,X1] : (externallyDependentMode(X2) | ~overlap(X2,X0) | ~quaIndividualOf(X0,X1))),
  introduced(avatar_definition,[new_symbols(naming,[spl59_159])])).
fof(f47063,plain,(
  spl59_1259 <=> quaIndividualOf(sK30(sK41(xyz)),sK18(sK30(sK41(xyz))))),
  introduced(avatar_definition,[new_symbols(naming,[spl59_1259])])).
fof(f47068,plain,(
  ( ! [X3] : (~overlap(X3,sK30(sK41(xyz))) | externallyDependentMode(X3)) ) | (~spl59_159 | ~spl59_1259)),
  inference(resolution,[],[f47064,f1284])).
fof(f1284,plain,(
  ( ! [X2,X0,X1] : (~quaIndividualOf(X0,X1) | ~overlap(X2,X0) | externallyDependentMode(X2)) ) | ~spl59_159),
  inference(avatar_component_clause,[],[f1283])).
fof(f47064,plain,(
  quaIndividualOf(sK30(sK41(xyz)),sK18(sK30(sK41(xyz)))) | ~spl59_1259),
  inference(avatar_component_clause,[],[f47063])).
fof(f47065,plain,(
  spl59_1259 | ~spl59_94 | ~spl59_1123),
  inference(avatar_split_clause,[],[f20878,f20873,f1018,f47063])).
fof(f1018,plain,(
  spl59_94 <=> ! [X0] : (quaIndividualOf(X0,sK18(X0)) | ~quaIndividual(X0))),
  introduced(avatar_definition,[new_symbols(naming,[spl59_94])])).
fof(f20873,plain,(
  spl59_1123 <=> quaIndividual(sK30(sK41(xyz)))),
  introduced(avatar_definition,[new_symbols(naming,[spl59_1123])])).
fof(f20878,plain,(
  quaIndividualOf(sK30(sK41(xyz)),sK18(sK30(sK41(xyz)))) | (~spl59_94 | ~spl59_1123)),
  inference(resolution,[],[f20874,f1019])).
fof(f1019,plain,(
  ( ! [X0] : (~quaIndividual(X0) | quaIndividualOf(X0,sK18(X0))) ) | ~spl59_94),
  inference(avatar_component_clause,[],[f1018])).
fof(f20874,plain,(
  quaIndividual(sK30(sK41(xyz))) | ~spl59_1123),
  inference(avatar_component_clause,[],[f20873])).
fof(f20875,plain,(
  spl59_1123 | ~spl59_99 | ~spl59_343 | ~spl59_1122),
  inference(avatar_split_clause,[],[f20871,f20856,f2302,f1038,f20873])).
fof(f1038,plain,(
  spl59_99 <=> ! [X0] : (properPartOf(sK30(X0),X0) | ~relator(X0))),
  introduced(avatar_definition,[new_symbols(naming,[spl59_99])])).
fof(f20856,plain,(
  spl59_1122 <=> ! [X2] : (~properPartOf(X2,sK41(xyz)) | quaIndividual(X2))),
  introduced(avatar_definition,[new_symbols(naming,[spl59_1122])])).
fof(f20871,plain,(
  quaIndividual(sK30(sK41(xyz))) | (~spl59_99 | ~spl59_343 | ~spl59_1122)),
  inference(subsumption_resolution,[],[f20870,f2303])).
fof(f20870,plain,(
  quaIndividual(sK30(sK41(xyz))) | ~relator(sK41(xyz)) | (~spl59_99 | ~spl59_1122)),
  inference(resolution,[],[f20857,f1039])).
fof(f1039,plain,(
  ( ! [X0] : (properPartOf(sK30(X0),X0) | ~relator(X0)) ) | ~spl59_99),
  inference(avatar_component_clause,[],[f1038])).
fof(f20857,plain,(
  ( ! [X2] : (~properPartOf(X2,sK41(xyz)) | quaIndividual(X2)) ) | ~spl59_1122),
  inference(avatar_component_clause,[],[f20856])).
fof(f20862,plain,(
  ~spl59_99 | ~spl59_343 | ~spl59_1121),
  inference(avatar_contradiction_clause,[],[f20861])).
fof(f20861,plain,(
  $false | (~spl59_99 | ~spl59_343 | ~spl59_1121)),
  inference(subsumption_resolution,[],[f20860,f2303])).
fof(f20860,plain,(
  ~relator(sK41(xyz)) | (~spl59_99 | ~spl59_1121)),
  inference(resolution,[],[f20854,f1039])).
fof(f20854,plain,(
  ( ! [X3] : (~properPartOf(X3,sK41(xyz))) ) | ~spl59_1121),
  inference(avatar_component_clause,[],[f20853])).
fof(f20853,plain,(
  spl59_1121 <=> ! [X3] : ~properPartOf(X3,sK41(xyz))),
  introduced(avatar_definition,[new_symbols(naming,[spl59_1121])])).
fof(f20858,plain,(
  spl59_1121 | spl59_1122 | ~spl59_248 | ~spl59_343),
  inference(avatar_split_clause,[],[f2480,f2302,f1765,f20856,f20853])).
fof(f1765,plain,(
  spl59_248 <=> ! [X5,X4,X0] : (~properPartOf(X4,X0) | ~properPartOf(X5,X0) | quaIndividual(X5) | ~relator(X0))),
  introduced(avatar_definition,[new_symbols(naming,[spl59_248])])).
fof(f2480,plain,(
  ( ! [X2,X3] : (~properPartOf(X2,sK41(xyz)) | quaIndividual(X2) | ~properPartOf(X3,sK41(xyz))) ) | (~spl59_248 | ~spl59_343)),
  inference(resolution,[],[f1766,f2303])).
fof(f1766,plain,(
  ( ! [X0,X4,X5] : (~relator(X0) | ~properPartOf(X5,X0) | quaIndividual(X5) | ~properPartOf(X4,X0)) ) | ~spl59_248),
  inference(avatar_component_clause,[],[f1765])).
fof(f6914,plain,(
  spl59_902 | ~spl59_633 | ~spl59_882),
  inference(avatar_split_clause,[],[f6767,f6764,f4601,f6912])).
fof(f4601,plain,(
  spl59_633 <=> ! [X4,X5] : (overlap(X4,X5) | ~overlap(X5,X4))),
  introduced(avatar_definition,[new_symbols(naming,[spl59_633])])).
fof(f6764,plain,(
  spl59_882 <=> ! [X0] : (overlap(sK30(X0),X0) | ~relator(X0))),
  introduced(avatar_definition,[new_symbols(naming,[spl59_882])])).
fof(f6767,plain,(
  ( ! [X0] : (~relator(X0) | overlap(X0,sK30(X0))) ) | (~spl59_633 | ~spl59_882)),
  inference(resolution,[],[f6765,f4602])).
fof(f4602,plain,(
  ( ! [X4,X5] : (~overlap(X5,X4) | overlap(X4,X5)) ) | ~spl59_633),
  inference(avatar_component_clause,[],[f4601])).
fof(f6765,plain,(
  ( ! [X0] : (overlap(sK30(X0),X0) | ~relator(X0)) ) | ~spl59_882),
  inference(avatar_component_clause,[],[f6764])).
fof(f6766,plain,(
  spl59_882 | ~spl59_5 | ~spl59_837),
  inference(avatar_split_clause,[],[f6356,f6344,f656,f6764])).
fof(f656,plain,(
  spl59_5 <=> ! [X0] : partOf(X0,X0)),
  introduced(avatar_definition,[new_symbols(naming,[spl59_5])])).
fof(f6344,plain,(
  spl59_837 <=> ! [X2,X3] : (overlap(X2,X3) | ~partOf(X2,sK30(X3)) | ~relator(X3))),
  introduced(avatar_definition,[new_symbols(naming,[spl59_837])])).
fof(f6356,plain,(
  ( ! [X0] : (overlap(sK30(X0),X0) | ~relator(X0)) ) | (~spl59_5 | ~spl59_837)),
  inference(resolution,[],[f6345,f657])).
fof(f657,plain,(
  ( ! [X0] : (partOf(X0,X0)) ) | ~spl59_5),
  inference(avatar_component_clause,[],[f656])).
fof(f6345,plain,(
  ( ! [X2,X3] : (~partOf(X2,sK30(X3)) | overlap(X2,X3) | ~relator(X3)) ) | ~spl59_837),
  inference(avatar_component_clause,[],[f6344])).
fof(f6346,plain,(
  spl59_837 | ~spl59_166 | ~spl59_174),
  inference(avatar_split_clause,[],[f1906,f1357,f1325,f6344])).
fof(f1325,plain,(
  spl59_166 <=> ! [X0] : (partOf(sK30(X0),X0) | ~relator(X0))),
  introduced(avatar_definition,[new_symbols(naming,[spl59_166])])).
fof(f1357,plain,(
  spl59_174 <=> ! [X2,X0,X1] : (~partOf(X2,X0) | overlap(X2,X1) | ~partOf(X0,X1))),
  introduced(avatar_definition,[new_symbols(naming,[spl59_174])])).
fof(f1906,plain,(
  ( ! [X2,X3] : (overlap(X2,X3) | ~partOf(X2,sK30(X3)) | ~relator(X3)) ) | (~spl59_166 | ~spl59_174)),
  inference(resolution,[],[f1358,f1326])).
fof(f1326,plain,(
  ( ! [X0] : (partOf(sK30(X0),X0) | ~relator(X0)) ) | ~spl59_166),
  inference(avatar_component_clause,[],[f1325])).
fof(f1358,plain,(
  ( ! [X2,X0,X1] : (~partOf(X0,X1) | overlap(X2,X1) | ~partOf(X2,X0)) ) | ~spl59_174),
  inference(avatar_component_clause,[],[f1357])).
fof(f4603,plain,(
  spl59_633 | ~spl59_161 | ~spl59_631),
  inference(avatar_split_clause,[],[f4598,f4583,f1291,f4601])).
fof(f1291,plain,(
  spl59_161 <=> ! [X0,X1] : (partOf(sK52(X0,X1),X1) | ~overlap(X0,X1))),
  introduced(avatar_definition,[new_symbols(naming,[spl59_161])])).
fof(f4583,plain,(
  spl59_631 <=> ! [X9,X8,X7] : (~partOf(sK52(X7,X8),X9) | overlap(X9,X7) | ~overlap(X7,X8))),
  introduced(avatar_definition,[new_symbols(naming,[spl59_631])])).
fof(f4598,plain,(
  ( ! [X4,X5] : (overlap(X4,X5) | ~overlap(X5,X4)) ) | (~spl59_161 | ~spl59_631)),
  inference(duplicate_literal_removal,[],[f4597])).
fof(f4597,plain,(
  ( ! [X4,X5] : (overlap(X4,X5) | ~overlap(X5,X4) | ~overlap(X5,X4)) ) | (~spl59_161 | ~spl59_631)),
  inference(resolution,[],[f4584,f1292])).
fof(f1292,plain,(
  ( ! [X0,X1] : (partOf(sK52(X0,X1),X1) | ~overlap(X0,X1)) ) | ~spl59_161),
  inference(avatar_component_clause,[],[f1291])).
fof(f4584,plain,(
  ( ! [X8,X9,X7] : (~partOf(sK52(X7,X8),X9) | overlap(X9,X7) | ~overlap(X7,X8)) ) | ~spl59_631),
  inference(avatar_component_clause,[],[f4583])).
fof(f4585,plain,(
  spl59_631 | ~spl59_160 | ~spl59_178),
  inference(avatar_split_clause,[],[f1945,f1373,f1287,f4583])).
fof(f1287,plain,(
  spl59_160 <=> ! [X0,X1] : (partOf(sK52(X0,X1),X0) | ~overlap(X0,X1))),
  introduced(avatar_definition,[new_symbols(naming,[spl59_160])])).
fof(f1373,plain,(
  spl59_178 <=> ! [X2,X0,X1] : (~partOf(X2,X0) | ~partOf(X2,X1) | overlap(X0,X1))),
  introduced(avatar_definition,[new_symbols(naming,[spl59_178])])).
fof(f1945,plain,(
  ( ! [X8,X9,X7] : (~partOf(sK52(X7,X8),X9) | overlap(X9,X7) | ~overlap(X7,X8)) ) | (~spl59_160 | ~spl59_178)),
  inference(resolution,[],[f1374,f1288])).
fof(f1288,plain,(
  ( ! [X0,X1] : (partOf(sK52(X0,X1),X0) | ~overlap(X0,X1)) ) | ~spl59_160),
  inference(avatar_component_clause,[],[f1287])).
fof(f1374,plain,(
  ( ! [X2,X0,X1] : (~partOf(X2,X1) | ~partOf(X2,X0) | overlap(X0,X1)) ) | ~spl59_178),
  inference(avatar_component_clause,[],[f1373])).
fof(f2331,plain,(
  ~spl59_346 | ~spl59_9 | ~spl59_343),
  inference(avatar_split_clause,[],[f2314,f2302,f672,f2329])).
fof(f672,plain,(
  spl59_9 <=> ! [X0] : (~intrinsicMoment(X0) | ~relator(X0))),
  introduced(avatar_definition,[new_symbols(naming,[spl59_9])])).
fof(f2314,plain,(
  ~intrinsicMoment(sK41(xyz)) | (~spl59_9 | ~spl59_343)),
  inference(resolution,[],[f2303,f673])).
fof(f673,plain,(
  ( ! [X0] : (~relator(X0) | ~intrinsicMoment(X0)) ) | ~spl59_9),
  inference(avatar_component_clause,[],[f672])).
fof(f2310,plain,(
  ~spl59_16 | ~spl59_84 | ~spl59_342),
  inference(avatar_contradiction_clause,[],[f2309])).
fof(f2309,plain,(
  $false | (~spl59_16 | ~spl59_84 | ~spl59_342)),
  inference(subsumption_resolution,[],[f2306,f974])).
fof(f974,plain,(
  type_(xyz) | ~spl59_84),
  inference(avatar_component_clause,[],[f973])).
fof(f973,plain,(
  spl59_84 <=> type_(xyz)),
  introduced(avatar_definition,[new_symbols(naming,[spl59_84])])).
fof(f2306,plain,(
  ~type_(xyz) | (~spl59_16 | ~spl59_342)),
  inference(resolution,[],[f2300,f701])).
fof(f701,plain,(
  ( ! [X0] : (~individual(X0) | ~type_(X0)) ) | ~spl59_16),
  inference(avatar_component_clause,[],[f700])).
fof(f700,plain,(
  spl59_16 <=> ! [X0] : (~type_(X0) | ~individual(X0))),
  introduced(avatar_definition,[new_symbols(naming,[spl59_16])])).
fof(f2300,plain,(
  individual(xyz) | ~spl59_342),
  inference(avatar_component_clause,[],[f2299])).
fof(f2299,plain,(
  spl59_342 <=> individual(xyz)),
  introduced(avatar_definition,[new_symbols(naming,[spl59_342])])).
fof(f2304,plain,(
  spl59_342 | spl59_343 | ~spl59_152 | ~spl59_317),
  inference(avatar_split_clause,[],[f2154,f2151,f1255,f2302,f2299])).
fof(f1255,plain,(
  spl59_152 <=> ! [X0] : (iof(sK41(X0),X0,sK42(X0)) | individual(X0))),
  introduced(avatar_definition,[new_symbols(naming,[spl59_152])])).
fof(f2151,plain,(
  spl59_317 <=> ! [X0,X1] : (relator(X0) | ~iof(X0,xyz,X1))),
  introduced(avatar_definition,[new_symbols(naming,[spl59_317])])).
fof(f2154,plain,(
  relator(sK41(xyz)) | individual(xyz) | (~spl59_152 | ~spl59_317)),
  inference(resolution,[],[f2152,f1256])).
fof(f1256,plain,(
  ( ! [X0] : (iof(sK41(X0),X0,sK42(X0)) | individual(X0)) ) | ~spl59_152),
  inference(avatar_component_clause,[],[f1255])).
fof(f2152,plain,(
  ( ! [X0,X1] : (~iof(X0,xyz,X1) | relator(X0)) ) | ~spl59_317),
  inference(avatar_component_clause,[],[f2151])).
fof(f2153,plain,(
  spl59_317 | ~spl59_2 | ~spl59_316),
  inference(avatar_split_clause,[],[f2149,f2146,f644,f2151])).
fof(f644,plain,(
  spl59_2 <=> relatorType(xyz)),
  introduced(avatar_definition,[new_symbols(naming,[spl59_2])])).
fof(f2146,plain,(
  spl59_316 <=> ! [X2,X0,X1] : (~iof(X1,X0,X2) | relator(X1) | ~relatorType(X0))),
  introduced(avatar_definition,[new_symbols(naming,[spl59_316])])).
fof(f2149,plain,(
  ( ! [X0,X1] : (relator(X0) | ~iof(X0,xyz,X1)) ) | (~spl59_2 | ~spl59_316)),
  inference(resolution,[],[f2147,f645])).
fof(f645,plain,(
  relatorType(xyz) | ~spl59_2),
  inference(avatar_component_clause,[],[f644])).
fof(f2147,plain,(
  ( ! [X2,X0,X1] : (~relatorType(X0) | relator(X1) | ~iof(X1,X0,X2)) ) | ~spl59_316),
  inference(avatar_component_clause,[],[f2146])).
fof(f2148,plain,(
  spl59_316 | ~spl59_120 | ~spl59_252),
  inference(avatar_split_clause,[],[f1788,f1785,f1122,f2146])).
fof(f1122,plain,(
  spl59_120 <=> ! [X2,X0,X1] : (~iof(X0,X1,X2) | world(X2))),
  introduced(avatar_definition,[new_symbols(naming,[spl59_120])])).
fof(f1785,plain,(
  spl59_252 <=> ! [X2,X0,X1] : (~world(X2) | ~iof(X1,X0,X2) | relator(X1) | ~relatorType(X0))),
  introduced(avatar_definition,[new_symbols(naming,[spl59_252])])).
fof(f1788,plain,(
  ( ! [X2,X0,X1] : (~iof(X1,X0,X2) | relator(X1) | ~relatorType(X0)) ) | (~spl59_120 | ~spl59_252)),
  inference(subsumption_resolution,[],[f1786,f1123])).
fof(f1123,plain,(
  ( ! [X2,X0,X1] : (~iof(X0,X1,X2) | world(X2)) ) | ~spl59_120),
  inference(avatar_component_clause,[],[f1122])).
fof(f1786,plain,(
  ( ! [X2,X0,X1] : (~world(X2) | ~iof(X1,X0,X2) | relator(X1) | ~relatorType(X0)) ) | ~spl59_252),
  inference(avatar_component_clause,[],[f1785])).
fof(f1787,plain,(
  spl59_252),
  inference(avatar_split_clause,[],[f482,f1785])).
fof(f482,plain,(
  ( ! [X2,X0,X1] : (~world(X2) | ~iof(X1,X0,X2) | relator(X1) | ~relatorType(X0)) )),
  inference(cnf_transformation,[],[f264])).
fof(f264,plain,(
  ! [X0] : (relatorType(X0) <=> (! [X1,X2] : (relator(X1) | ~iof(X1,X0,X2) | ~world(X2)) & type_(X0)))),
  inference(flattening,[],[f263])).
fof(f263,plain,(
  ! [X0] : (relatorType(X0) <=> (! [X1,X2] : (relator(X1) | (~iof(X1,X0,X2) | ~world(X2))) & type_(X0)))),
  inference(ennf_transformation,[],[f166])).
fof(f166,plain,(
  ! [X0] : (relatorType(X0) <=> (! [X1,X2] : ((iof(X1,X0,X2) & world(X2)) => relator(X1)) & type_(X0)))),
  inference(rectify,[],[f76])).
fof(f76,axiom,(
  ! [X8] : (relatorType(X8) <=> (! [X6,X2] : ((iof(X6,X8,X2) & world(X2)) => relator(X6)) & type_(X8)))),
  file('outputs/ufo/subsumptions/type_relatorType_subsumed_to_sortal.in',ax_relatorTypeDefinition_a44)).
fof(f1767,plain,(
  spl59_248),
  inference(avatar_split_clause,[],[f465,f1765])).
fof(f465,plain,(
  ( ! [X0,X4,X5] : (~properPartOf(X4,X0) | ~properPartOf(X5,X0) | quaIndividual(X5) | ~relator(X0)) )),
  inference(cnf_transformation,[],[f262])).
fof(f262,plain,(
  ! [X0] : (relator(X0) <=> (! [X1,X2] : (properPartOf(X2,X0) | ? [X3] : (foundedBy(X1,X3) <~> foundedBy(X2,X3)) | ~existentiallyDependsOn(X2,X1) | ~existentiallyDependsOn(X1,X2) | ~quaIndividual(X2) | ~properPartOf(X1,X0)) & ! [X4,X5] : ((! [X6] : (foundedBy(X4,X6) <=> foundedBy(X5,X6)) & existentiallyDependsOn(X5,X4) & existentiallyDependsOn(X4,X5) & quaIndividual(X5) & quaIndividual(X4)) | ~properPartOf(X5,X0) | ~properPartOf(X4,X0)) & ? [X7] : properPartOf(X7,X0)))),
  inference(flattening,[],[f261])).
fof(f261,plain,(
  ! [X0] : (relator(X0) <=> (! [X1,X2] : (properPartOf(X2,X0) | (? [X3] : (foundedBy(X1,X3) <~> foundedBy(X2,X3)) | ~existentiallyDependsOn(X2,X1) | ~existentiallyDependsOn(X1,X2) | ~quaIndividual(X2) | ~properPartOf(X1,X0))) & ! [X4,X5] : ((! [X6] : (foundedBy(X4,X6) <=> foundedBy(X5,X6)) & existentiallyDependsOn(X5,X4) & existentiallyDependsOn(X4,X5) & quaIndividual(X5) & quaIndividual(X4)) | (~properPartOf(X5,X0) | ~properPartOf(X4,X0))) & ? [X7] : properPartOf(X7,X0)))),
  inference(ennf_transformation,[],[f165])).
fof(f165,plain,(
  ! [X0] : (relator(X0) <=> (! [X1,X2] : ((! [X3] : (foundedBy(X1,X3) <=> foundedBy(X2,X3)) & existentiallyDependsOn(X2,X1) & existentiallyDependsOn(X1,X2) & quaIndividual(X2) & properPartOf(X1,X0)) => properPartOf(X2,X0)) & ! [X4,X5] : ((properPartOf(X5,X0) & properPartOf(X4,X0)) => (! [X6] : (foundedBy(X4,X6) <=> foundedBy(X5,X6)) & existentiallyDependsOn(X5,X4) & existentiallyDependsOn(X4,X5) & quaIndividual(X5) & quaIndividual(X4))) & ? [X7] : properPartOf(X7,X0)))),
  inference(rectify,[],[f124])).
fof(f124,axiom,(
  ! [X23] : (relator(X23) <=> (! [X24,X25] : ((! [X18] : (foundedBy(X24,X18) <=> foundedBy(X25,X18)) & existentiallyDependsOn(X25,X24) & existentiallyDependsOn(X24,X25) & quaIndividual(X25) & properPartOf(X24,X23)) => properPartOf(X25,X23)) & ! [X1,X3] : ((properPartOf(X3,X23) & properPartOf(X1,X23)) => (! [X14] : (foundedBy(X1,X14) <=> foundedBy(X3,X14)) & existentiallyDependsOn(X3,X1) & existentiallyDependsOn(X1,X3) & quaIndividual(X3) & quaIndividual(X1))) & ? [X0] : properPartOf(X0,X23)))),
  file('outputs/ufo/subsumptions/type_relatorType_subsumed_to_sortal.in',ax_dRelator_a81)).
fof(f1375,plain,(
  spl59_178),
  inference(avatar_split_clause,[],[f587,f1373])).
fof(f587,plain,(
  ( ! [X2,X0,X1] : (~partOf(X2,X0) | ~partOf(X2,X1) | overlap(X0,X1)) )),
  inference(cnf_transformation,[],[f181])).
fof(f181,plain,(
  ! [X0,X1] : (overlap(X0,X1) <=> ? [X2] : (partOf(X2,X1) & partOf(X2,X0)))),
  inference(rectify,[],[f89])).
fof(f89,axiom,(
  ! [X0,X1] : (overlap(X0,X1) <=> ? [X3] : (partOf(X3,X1) & partOf(X3,X0)))),
  file('outputs/ufo/subsumptions/type_relatorType_subsumed_to_sortal.in',ax_overlappingWholes_a50)).
fof(f1359,plain,(
  spl59_174),
  inference(avatar_split_clause,[],[f568,f1357])).
fof(f568,plain,(
  ( ! [X2,X0,X1] : (~partOf(X2,X0) | overlap(X2,X1) | ~partOf(X0,X1)) )),
  inference(cnf_transformation,[],[f177])).
fof(f177,plain,(
  ! [X0,X1] : (~partOf(X0,X1) <=> ? [X2] : (~overlap(X2,X1) & partOf(X2,X0)))),
  inference(rectify,[],[f90])).
fof(f90,axiom,(
  ! [X0,X1] : (~partOf(X0,X1) <=> ? [X3] : (~overlap(X3,X1) & partOf(X3,X0)))),
  file('outputs/ufo/subsumptions/type_relatorType_subsumed_to_sortal.in',ax_strongSupplementation_a51)).
fof(f1327,plain,(
  spl59_166 | ~spl59_99 | ~spl59_116),
  inference(avatar_split_clause,[],[f1247,f1106,f1038,f1325])).
fof(f1106,plain,(
  spl59_116 <=> ! [X0,X1] : (partOf(X0,X1) | ~properPartOf(X0,X1))),
  introduced(avatar_definition,[new_symbols(naming,[spl59_116])])).
fof(f1247,plain,(
  ( ! [X0] : (partOf(sK30(X0),X0) | ~relator(X0)) ) | (~spl59_99 | ~spl59_116)),
  inference(resolution,[],[f1107,f1039])).
fof(f1107,plain,(
  ( ! [X0,X1] : (~properPartOf(X0,X1) | partOf(X0,X1)) ) | ~spl59_116),
  inference(avatar_component_clause,[],[f1106])).
fof(f1293,plain,(
  spl59_161),
  inference(avatar_split_clause,[],[f586,f1291])).
fof(f586,plain,(
  ( ! [X0,X1] : (partOf(sK52(X0,X1),X1) | ~overlap(X0,X1)) )),
  inference(cnf_transformation,[],[f181])).
fof(f1289,plain,(
  spl59_160),
  inference(avatar_split_clause,[],[f585,f1287])).
fof(f585,plain,(
  ( ! [X0,X1] : (partOf(sK52(X0,X1),X0) | ~overlap(X0,X1)) )),
  inference(cnf_transformation,[],[f181])).
fof(f1285,plain,(
  spl59_159),
  inference(avatar_split_clause,[],[f580,f1283])).
fof(f580,plain,(
  ( ! [X2,X0,X1] : (externallyDependentMode(X2) | ~overlap(X2,X0) | ~quaIndividualOf(X0,X1)) )),
  inference(cnf_transformation,[],[f281])).
fof(f281,plain,(
  ! [X0,X1] : (quaIndividualOf(X0,X1) <=> ! [X2] : (overlap(X2,X0) <=> (! [X3] : (foundedBy(X2,X3) | ~foundedBy(X0,X3)) & inheresIn(X2,X1) & externallyDependentMode(X2))))),
  inference(ennf_transformation,[],[f180])).
fof(f180,plain,(
  ! [X0,X1] : (quaIndividualOf(X0,X1) <=> ! [X2] : (overlap(X2,X0) <=> (! [X3] : (foundedBy(X0,X3) => foundedBy(X2,X3)) & inheresIn(X2,X1) & externallyDependentMode(X2))))),
  inference(rectify,[],[f121])).
fof(f121,axiom,(
  ! [X0,X1] : (quaIndividualOf(X0,X1) <=> ! [X3] : (overlap(X3,X0) <=> (! [X14] : (foundedBy(X0,X14) => foundedBy(X3,X14)) & inheresIn(X3,X1) & externallyDependentMode(X3))))),
  file('outputs/ufo/subsumptions/type_relatorType_subsumed_to_sortal.in',ax_dQuaIndividualOf_a75)).
fof(f1257,plain,(
  spl59_152),
  inference(avatar_split_clause,[],[f489,f1255])).
fof(f489,plain,(
  ( ! [X0] : (iof(sK41(X0),X0,sK42(X0)) | individual(X0)) )),
  inference(cnf_transformation,[],[f267])).
fof(f267,plain,(
  ! [X0] : (individual(X0) <=> ! [X1,X2] : ~iof(X1,X0,X2))),
  inference(ennf_transformation,[],[f50])).
fof(f50,axiom,(
  ! [X0] : (individual(X0) <=> ~? [X1,X2] : iof(X1,X0,X2))),
  file('outputs/ufo/subsumptions/type_relatorType_subsumed_to_sortal.in',ax_dIndividual_a2)).
fof(f1124,plain,(
  spl59_120),
  inference(avatar_split_clause,[],[f624,f1122])).
fof(f624,plain,(
  ( ! [X2,X0,X1] : (~iof(X0,X1,X2) | world(X2)) )),
  inference(cnf_transformation,[],[f288])).
fof(f288,plain,(
  ! [X0,X1,X2] : ((world(X2) & type_(X1)) | ~iof(X0,X1,X2))),
  inference(ennf_transformation,[],[f48])).
fof(f48,axiom,(
  ! [X0,X1,X2] : (iof(X0,X1,X2) => (world(X2) & type_(X1)))),
  file('outputs/ufo/subsumptions/type_relatorType_subsumed_to_sortal.in',ax_dIof)).
fof(f1108,plain,(
  spl59_116),
  inference(avatar_split_clause,[],[f582,f1106])).
fof(f582,plain,(
  ( ! [X0,X1] : (partOf(X0,X1) | ~properPartOf(X0,X1)) )),
  inference(cnf_transformation,[],[f91])).
fof(f91,axiom,(
  ! [X0,X1] : (properPartOf(X0,X1) <=> (~partOf(X1,X0) & partOf(X0,X1)))),
  file('outputs/ufo/subsumptions/type_relatorType_subsumed_to_sortal.in',ax_properPart_a52)).
fof(f1040,plain,(
  spl59_99),
  inference(avatar_split_clause,[],[f478,f1038])).
fof(f478,plain,(
  ( ! [X0] : (properPartOf(sK30(X0),X0) | ~relator(X0)) )),
  inference(cnf_transformation,[],[f262])).
fof(f1020,plain,(
  spl59_94),
  inference(avatar_split_clause,[],[f401,f1018])).
fof(f401,plain,(
  ( ! [X0] : (quaIndividualOf(X0,sK18(X0)) | ~quaIndividual(X0)) )),
  inference(cnf_transformation,[],[f122])).
fof(f122,axiom,(
  ! [X0] : (quaIndividual(X0) <=> ? [X1] : quaIndividualOf(X0,X1))),
  file('outputs/ufo/subsumptions/type_relatorType_subsumed_to_sortal.in',ax_dQuaIndividual_a76)).
fof(f975,plain,(
  spl59_84 | ~spl59_2 | ~spl59_49),
  inference(avatar_split_clause,[],[f971,f832,f644,f973])).
fof(f832,plain,(
  spl59_49 <=> ! [X0] : (type_(X0) | ~relatorType(X0))),
  introduced(avatar_definition,[new_symbols(naming,[spl59_49])])).
fof(f971,plain,(
  type_(xyz) | (~spl59_2 | ~spl59_49)),
  inference(resolution,[],[f833,f645])).
fof(f833,plain,(
  ( ! [X0] : (~relatorType(X0) | type_(X0)) ) | ~spl59_49),
  inference(avatar_component_clause,[],[f832])).
fof(f846,plain,(
  spl59_52),
  inference(avatar_split_clause,[],[f511,f844])).
fof(f511,plain,(
  ( ! [X0] : (intrinsicMoment(X0) | ~mode(X0)) )),
  inference(cnf_transformation,[],[f22])).
fof(f22,axiom,(
  ! [X0] : ((mode(X0) | quality(X0)) <=> intrinsicMoment(X0))),
  file('outputs/ufo/subsumptions/type_relatorType_subsumed_to_sortal.in',ax_intrinsicMoment_taxonomy)).
fof(f834,plain,(
  spl59_49),
  inference(avatar_split_clause,[],[f483,f832])).
fof(f483,plain,(
  ( ! [X0] : (type_(X0) | ~relatorType(X0)) )),
  inference(cnf_transformation,[],[f264])).
fof(f746,plain,(
  spl59_27),
  inference(avatar_split_clause,[],[f345,f744])).
fof(f345,plain,(
  ( ! [X0] : (~externallyDependentMode(X0) | mode(X0)) )),
  inference(cnf_transformation,[],[f236])).
fof(f236,plain,(
  ! [X0] : (mode(X0) | ~externallyDependentMode(X0))),
  inference(ennf_transformation,[],[f24])).
fof(f24,axiom,(
  ! [X0] : (externallyDependentMode(X0) => mode(X0))),
  file('outputs/ufo/subsumptions/type_relatorType_subsumed_to_sortal.in',ax_mode_taxonomy_externallyDependentMode)).
fof(f702,plain,(
  spl59_16),
  inference(avatar_split_clause,[],[f325,f700])).
fof(f325,plain,(
  ( ! [X0] : (~type_(X0) | ~individual(X0)) )),
  inference(cnf_transformation,[],[f227])).
fof(f227,plain,(
  ! [X0] : (~individual(X0) | ~type_(X0))),
  inference(ennf_transformation,[],[f2])).
fof(f2,axiom,(
  ~? [X0] : (individual(X0) & type_(X0))),
  file('outputs/ufo/subsumptions/type_relatorType_subsumed_to_sortal.in',ax_thing_partition)).
fof(f674,plain,(
  spl59_9),
  inference(avatar_split_clause,[],[f316,f672])).
fof(f316,plain,(
  ( ! [X0] : (~intrinsicMoment(X0) | ~relator(X0)) )),
  inference(cnf_transformation,[],[f218])).
fof(f218,plain,(
  ! [X0] : (~relator(X0) | ~intrinsicMoment(X0))),
  inference(ennf_transformation,[],[f21])).
fof(f21,axiom,(
  ~? [X0] : (relator(X0) & intrinsicMoment(X0))),
  file('outputs/ufo/subsumptions/type_relatorType_subsumed_to_sortal.in',ax_moment_partition)).
fof(f658,plain,(
  spl59_5),
  inference(avatar_split_clause,[],[f342,f656])).
fof(f342,plain,(
  ( ! [X0] : (partOf(X0,X0)) )),
  inference(cnf_transformation,[],[f85])).
fof(f85,axiom,(
  ! [X0] : partOf(X0,X0)),
  file('outputs/ufo/subsumptions/type_relatorType_subsumed_to_sortal.in',ax_reflexiveParthood)).
fof(f646,plain,(
  spl59_2),
  inference(avatar_split_clause,[],[f308,f644])).
fof(f308,plain,(
  relatorType(xyz)),
  inference(cnf_transformation,[],[f132])).
fof(f132,axiom,(
  relatorType(xyz)),
  file('outputs/ufo/subsumptions/type_relatorType_subsumed_to_sortal.in',axiom1)).
% SZS output end Proof for type_relatorType_subsumed_to_sortal
% ------------------------------
% Version: Vampire 4.7 (commit af7d05f97 on 2022-09-30 11:01:41 +0200)
% Termination reason: Refutation

% Memory used [KB]: 40425
% Time elapsed: 1.416 s
% ------------------------------
% ------------------------------
% Success in time 1.427 s
