% Running in auto input_syntax mode. Trying TPTP
% ott+11_3_aac=none:afr=on:afp=4000:afq=1.4:amm=off:anc=all:bs=unit_only:bsr=on:bce=on:fde=unused:irw=on:nm=64:newcnf=on:nwc=1:nicw=on:sac=on:sp=reverse_arity:uhcvi=on_31 on type_quality_subsumed_to_individual for (31ds)
% Refutation found. Thanks to Tanya!
% SZS status Unsatisfiable for type_quality_subsumed_to_individual
% SZS output start Proof for type_quality_subsumed_to_individual
fof(f999,plain,(
  $false),
  inference(avatar_sat_refutation,[],[f642,f646,f842,f858,f878,f914,f926,f975,f980,f986,f995,f998])).
fof(f998,plain,(
  spl59_1 | ~spl59_51 | ~spl59_88),
  inference(avatar_contradiction_clause,[],[f997])).
fof(f997,plain,(
  $false | (spl59_1 | ~spl59_51 | ~spl59_88)),
  inference(subsumption_resolution,[],[f996,f641])).
fof(f641,plain,(
  ~individual(xyz) | spl59_1),
  inference(avatar_component_clause,[],[f640])).
fof(f640,plain,(
  spl59_1 <=> individual(xyz)),
  introduced(avatar_definition,[new_symbols(naming,[spl59_1])])).
fof(f996,plain,(
  individual(xyz) | (~spl59_51 | ~spl59_88)),
  inference(resolution,[],[f994,f841])).
fof(f841,plain,(
  ( ! [X0] : (~concreteIndividual(X0) | individual(X0)) ) | ~spl59_51),
  inference(avatar_component_clause,[],[f840])).
fof(f840,plain,(
  spl59_51 <=> ! [X0] : (individual(X0) | ~concreteIndividual(X0))),
  introduced(avatar_definition,[new_symbols(naming,[spl59_51])])).
fof(f994,plain,(
  concreteIndividual(xyz) | ~spl59_88),
  inference(avatar_component_clause,[],[f993])).
fof(f993,plain,(
  spl59_88 <=> concreteIndividual(xyz)),
  introduced(avatar_definition,[new_symbols(naming,[spl59_88])])).
fof(f995,plain,(
  spl59_88 | ~spl59_72 | ~spl59_86),
  inference(avatar_split_clause,[],[f991,f984,f924,f993])).
fof(f924,plain,(
  spl59_72 <=> ! [X0] : (concreteIndividual(X0) | ~endurant(X0))),
  introduced(avatar_definition,[new_symbols(naming,[spl59_72])])).
fof(f984,plain,(
  spl59_86 <=> endurant(xyz)),
  introduced(avatar_definition,[new_symbols(naming,[spl59_86])])).
fof(f991,plain,(
  concreteIndividual(xyz) | (~spl59_72 | ~spl59_86)),
  inference(resolution,[],[f925,f985])).
fof(f985,plain,(
  endurant(xyz) | ~spl59_86),
  inference(avatar_component_clause,[],[f984])).
fof(f925,plain,(
  ( ! [X0] : (~endurant(X0) | concreteIndividual(X0)) ) | ~spl59_72),
  inference(avatar_component_clause,[],[f924])).
fof(f986,plain,(
  spl59_86 | ~spl59_60 | ~spl59_85),
  inference(avatar_split_clause,[],[f981,f978,f876,f984])).
fof(f876,plain,(
  spl59_60 <=> ! [X0] : (endurant(X0) | ~moment(X0))),
  introduced(avatar_definition,[new_symbols(naming,[spl59_60])])).
fof(f978,plain,(
  spl59_85 <=> moment(xyz)),
  introduced(avatar_definition,[new_symbols(naming,[spl59_85])])).
fof(f981,plain,(
  endurant(xyz) | (~spl59_60 | ~spl59_85)),
  inference(resolution,[],[f979,f877])).
fof(f877,plain,(
  ( ! [X0] : (~moment(X0) | endurant(X0)) ) | ~spl59_60),
  inference(avatar_component_clause,[],[f876])).
fof(f979,plain,(
  moment(xyz) | ~spl59_85),
  inference(avatar_component_clause,[],[f978])).
fof(f980,plain,(
  spl59_85 | ~spl59_55 | ~spl59_84),
  inference(avatar_split_clause,[],[f976,f973,f856,f978])).
fof(f856,plain,(
  spl59_55 <=> ! [X0] : (moment(X0) | ~intrinsicMoment(X0))),
  introduced(avatar_definition,[new_symbols(naming,[spl59_55])])).
fof(f973,plain,(
  spl59_84 <=> intrinsicMoment(xyz)),
  introduced(avatar_definition,[new_symbols(naming,[spl59_84])])).
fof(f976,plain,(
  moment(xyz) | (~spl59_55 | ~spl59_84)),
  inference(resolution,[],[f974,f857])).
fof(f857,plain,(
  ( ! [X0] : (~intrinsicMoment(X0) | moment(X0)) ) | ~spl59_55),
  inference(avatar_component_clause,[],[f856])).
fof(f974,plain,(
  intrinsicMoment(xyz) | ~spl59_84),
  inference(avatar_component_clause,[],[f973])).
fof(f975,plain,(
  spl59_84 | ~spl59_2 | ~spl59_69),
  inference(avatar_split_clause,[],[f971,f912,f644,f973])).
fof(f644,plain,(
  spl59_2 <=> quality(xyz)),
  introduced(avatar_definition,[new_symbols(naming,[spl59_2])])).
fof(f912,plain,(
  spl59_69 <=> ! [X0] : (intrinsicMoment(X0) | ~quality(X0))),
  introduced(avatar_definition,[new_symbols(naming,[spl59_69])])).
fof(f971,plain,(
  intrinsicMoment(xyz) | (~spl59_2 | ~spl59_69)),
  inference(resolution,[],[f913,f645])).
fof(f645,plain,(
  quality(xyz) | ~spl59_2),
  inference(avatar_component_clause,[],[f644])).
fof(f913,plain,(
  ( ! [X0] : (~quality(X0) | intrinsicMoment(X0)) ) | ~spl59_69),
  inference(avatar_component_clause,[],[f912])).
fof(f926,plain,(
  spl59_72),
  inference(avatar_split_clause,[],[f552,f924])).
fof(f552,plain,(
  ( ! [X0] : (concreteIndividual(X0) | ~endurant(X0)) )),
  inference(cnf_transformation,[],[f5])).
fof(f5,axiom,(
  ! [X0] : ((perdurant(X0) | endurant(X0)) <=> concreteIndividual(X0))),
  file('outputs/ufo/subsumptions/type_quality_subsumed_to_individual.in',ax_concreteIndividual_taxonomy)).
fof(f914,plain,(
  spl59_69),
  inference(avatar_split_clause,[],[f546,f912])).
fof(f546,plain,(
  ( ! [X0] : (intrinsicMoment(X0) | ~quality(X0)) )),
  inference(cnf_transformation,[],[f22])).
fof(f22,axiom,(
  ! [X0] : ((mode(X0) | quality(X0)) <=> intrinsicMoment(X0))),
  file('outputs/ufo/subsumptions/type_quality_subsumed_to_individual.in',ax_intrinsicMoment_taxonomy)).
fof(f878,plain,(
  spl59_60),
  inference(avatar_split_clause,[],[f526,f876])).
fof(f526,plain,(
  ( ! [X0] : (endurant(X0) | ~moment(X0)) )),
  inference(cnf_transformation,[],[f16])).
fof(f16,axiom,(
  ! [X0] : ((moment(X0) | substantial(X0)) <=> endurant(X0))),
  file('outputs/ufo/subsumptions/type_quality_subsumed_to_individual.in',ax_endurant_taxonomy)).
fof(f858,plain,(
  spl59_55),
  inference(avatar_split_clause,[],[f519,f856])).
fof(f519,plain,(
  ( ! [X0] : (moment(X0) | ~intrinsicMoment(X0)) )),
  inference(cnf_transformation,[],[f20])).
fof(f20,axiom,(
  ! [X0] : ((relator(X0) | intrinsicMoment(X0)) <=> moment(X0))),
  file('outputs/ufo/subsumptions/type_quality_subsumed_to_individual.in',ax_moment_taxonomy)).
fof(f842,plain,(
  spl59_51),
  inference(avatar_split_clause,[],[f510,f840])).
fof(f510,plain,(
  ( ! [X0] : (individual(X0) | ~concreteIndividual(X0)) )),
  inference(cnf_transformation,[],[f3])).
fof(f3,axiom,(
  ! [X0] : ((abstractIndividual(X0) | concreteIndividual(X0)) <=> individual(X0))),
  file('outputs/ufo/subsumptions/type_quality_subsumed_to_individual.in',ax_individual_taxonomy)).
fof(f646,plain,(
  spl59_2),
  inference(avatar_split_clause,[],[f308,f644])).
fof(f308,plain,(
  quality(xyz)),
  inference(cnf_transformation,[],[f132])).
fof(f132,axiom,(
  quality(xyz)),
  file('outputs/ufo/subsumptions/type_quality_subsumed_to_individual.in',axiom1)).
fof(f642,plain,(
  ~spl59_1),
  inference(avatar_split_clause,[],[f307,f640])).
fof(f307,plain,(
  ~individual(xyz)),
  inference(cnf_transformation,[],[f133])).
fof(f133,axiom,(
  ~individual(xyz)),
  file('outputs/ufo/subsumptions/type_quality_subsumed_to_individual.in',axiom2)).
% SZS output end Proof for type_quality_subsumed_to_individual
% ------------------------------
% Version: Vampire 4.7 (commit af7d05f97 on 2022-09-30 11:01:41 +0200)
% Termination reason: Refutation

% Memory used [KB]: 6140
% Time elapsed: 0.013 s
% ------------------------------
% ------------------------------
% Success in time 0.021 s
