% Running in auto input_syntax mode. Trying TPTP
% ott+11_3_aac=none:afr=on:afp=4000:afq=1.4:amm=off:anc=all:bs=unit_only:bsr=on:bce=on:fde=unused:irw=on:nm=64:newcnf=on:nwc=1:nicw=on:sac=on:sp=reverse_arity:uhcvi=on_31 on type_kind_subsumed_to_rigidSortal for (31ds)
% Refutation found. Thanks to Tanya!
% SZS status Unsatisfiable for type_kind_subsumed_to_rigidSortal
% SZS output start Proof for type_kind_subsumed_to_rigidSortal
fof(f974,plain,(
  $false),
  inference(avatar_sat_refutation,[],[f642,f646,f922,f973])).
fof(f973,plain,(
  spl59_1 | ~spl59_2 | ~spl59_71),
  inference(avatar_contradiction_clause,[],[f972])).
fof(f972,plain,(
  $false | (spl59_1 | ~spl59_2 | ~spl59_71)),
  inference(subsumption_resolution,[],[f971,f641])).
fof(f641,plain,(
  ~rigidSortal(xyz) | spl59_1),
  inference(avatar_component_clause,[],[f640])).
fof(f640,plain,(
  spl59_1 <=> rigidSortal(xyz)),
  introduced(avatar_definition,[new_symbols(naming,[spl59_1])])).
fof(f971,plain,(
  rigidSortal(xyz) | (~spl59_2 | ~spl59_71)),
  inference(resolution,[],[f921,f645])).
fof(f645,plain,(
  kind(xyz) | ~spl59_2),
  inference(avatar_component_clause,[],[f644])).
fof(f644,plain,(
  spl59_2 <=> kind(xyz)),
  introduced(avatar_definition,[new_symbols(naming,[spl59_2])])).
fof(f921,plain,(
  ( ! [X0] : (~kind(X0) | rigidSortal(X0)) ) | ~spl59_71),
  inference(avatar_component_clause,[],[f920])).
fof(f920,plain,(
  spl59_71 <=> ! [X0] : (rigidSortal(X0) | ~kind(X0))),
  introduced(avatar_definition,[new_symbols(naming,[spl59_71])])).
fof(f922,plain,(
  spl59_71),
  inference(avatar_split_clause,[],[f549,f920])).
fof(f549,plain,(
  ( ! [X0] : (rigidSortal(X0) | ~kind(X0)) )),
  inference(cnf_transformation,[],[f38])).
fof(f38,axiom,(
  ! [X0] : ((subkind(X0) | kind(X0)) <=> rigidSortal(X0))),
  file('outputs/ufo/subsumptions/type_kind_subsumed_to_rigidSortal.in',ax_rigidSortal_taxonomy)).
fof(f646,plain,(
  spl59_2),
  inference(avatar_split_clause,[],[f308,f644])).
fof(f308,plain,(
  kind(xyz)),
  inference(cnf_transformation,[],[f132])).
fof(f132,axiom,(
  kind(xyz)),
  file('outputs/ufo/subsumptions/type_kind_subsumed_to_rigidSortal.in',axiom1)).
fof(f642,plain,(
  ~spl59_1),
  inference(avatar_split_clause,[],[f307,f640])).
fof(f307,plain,(
  ~rigidSortal(xyz)),
  inference(cnf_transformation,[],[f133])).
fof(f133,axiom,(
  ~rigidSortal(xyz)),
  file('outputs/ufo/subsumptions/type_kind_subsumed_to_rigidSortal.in',axiom2)).
% SZS output end Proof for type_kind_subsumed_to_rigidSortal
% ------------------------------
% Version: Vampire 4.7 (commit af7d05f97 on 2022-09-30 11:01:41 +0200)
% Termination reason: Refutation

% Memory used [KB]: 6140
% Time elapsed: 0.012 s
% ------------------------------
% ------------------------------
% Success in time 0.019 s
