% Running in auto input_syntax mode. Trying TPTP
% ott+11_3_aac=none:afr=on:afp=4000:afq=1.4:amm=off:anc=all:bs=unit_only:bsr=on:bce=on:fde=unused:irw=on:nm=64:newcnf=on:nwc=1:nicw=on:sac=on:sp=reverse_arity:uhcvi=on_31 on type_phaseMixin_subsumed_to_endurantType for (31ds)
% Refutation found. Thanks to Tanya!
% SZS status Unsatisfiable for type_phaseMixin_subsumed_to_endurantType
% SZS output start Proof for type_phaseMixin_subsumed_to_endurantType
fof(f1004,plain,(
  $false),
  inference(avatar_sat_refutation,[],[f642,f646,f830,f906,f934,f991,f999,f1003])).
fof(f1003,plain,(
  spl59_1 | ~spl59_67 | ~spl59_89),
  inference(avatar_contradiction_clause,[],[f1002])).
fof(f1002,plain,(
  $false | (spl59_1 | ~spl59_67 | ~spl59_89)),
  inference(subsumption_resolution,[],[f1000,f641])).
fof(f641,plain,(
  ~endurantType(xyz) | spl59_1),
  inference(avatar_component_clause,[],[f640])).
fof(f640,plain,(
  spl59_1 <=> endurantType(xyz)),
  introduced(avatar_definition,[new_symbols(naming,[spl59_1])])).
fof(f1000,plain,(
  endurantType(xyz) | (~spl59_67 | ~spl59_89)),
  inference(resolution,[],[f998,f905])).
fof(f905,plain,(
  ( ! [X0] : (~nonSortal(X0) | endurantType(X0)) ) | ~spl59_67),
  inference(avatar_component_clause,[],[f904])).
fof(f904,plain,(
  spl59_67 <=> ! [X0] : (endurantType(X0) | ~nonSortal(X0))),
  introduced(avatar_definition,[new_symbols(naming,[spl59_67])])).
fof(f998,plain,(
  nonSortal(xyz) | ~spl59_89),
  inference(avatar_component_clause,[],[f997])).
fof(f997,plain,(
  spl59_89 <=> nonSortal(xyz)),
  introduced(avatar_definition,[new_symbols(naming,[spl59_89])])).
fof(f999,plain,(
  spl59_89 | ~spl59_48 | ~spl59_88),
  inference(avatar_split_clause,[],[f992,f989,f828,f997])).
fof(f828,plain,(
  spl59_48 <=> ! [X0] : (nonSortal(X0) | ~antiRigidNonSortal(X0))),
  introduced(avatar_definition,[new_symbols(naming,[spl59_48])])).
fof(f989,plain,(
  spl59_88 <=> antiRigidNonSortal(xyz)),
  introduced(avatar_definition,[new_symbols(naming,[spl59_88])])).
fof(f992,plain,(
  nonSortal(xyz) | (~spl59_48 | ~spl59_88)),
  inference(resolution,[],[f990,f829])).
fof(f829,plain,(
  ( ! [X0] : (~antiRigidNonSortal(X0) | nonSortal(X0)) ) | ~spl59_48),
  inference(avatar_component_clause,[],[f828])).
fof(f990,plain,(
  antiRigidNonSortal(xyz) | ~spl59_88),
  inference(avatar_component_clause,[],[f989])).
fof(f991,plain,(
  spl59_88 | ~spl59_2 | ~spl59_74),
  inference(avatar_split_clause,[],[f987,f932,f644,f989])).
fof(f644,plain,(
  spl59_2 <=> phaseMixin(xyz)),
  introduced(avatar_definition,[new_symbols(naming,[spl59_2])])).
fof(f932,plain,(
  spl59_74 <=> ! [X0] : (antiRigidNonSortal(X0) | ~phaseMixin(X0))),
  introduced(avatar_definition,[new_symbols(naming,[spl59_74])])).
fof(f987,plain,(
  antiRigidNonSortal(xyz) | (~spl59_2 | ~spl59_74)),
  inference(resolution,[],[f933,f645])).
fof(f645,plain,(
  phaseMixin(xyz) | ~spl59_2),
  inference(avatar_component_clause,[],[f644])).
fof(f933,plain,(
  ( ! [X0] : (~phaseMixin(X0) | antiRigidNonSortal(X0)) ) | ~spl59_74),
  inference(avatar_component_clause,[],[f932])).
fof(f934,plain,(
  spl59_74),
  inference(avatar_split_clause,[],[f546,f932])).
fof(f546,plain,(
  ( ! [X0] : (antiRigidNonSortal(X0) | ~phaseMixin(X0)) )),
  inference(cnf_transformation,[],[f46])).
fof(f46,axiom,(
  ! [X0] : ((roleMixin(X0) | phaseMixin(X0)) <=> antiRigidNonSortal(X0))),
  file('outputs/ufo/subsumptions/type_phaseMixin_subsumed_to_endurantType.in',ax_antiRigidNonSortal_taxonomy)).
fof(f906,plain,(
  spl59_67),
  inference(avatar_split_clause,[],[f532,f904])).
fof(f532,plain,(
  ( ! [X0] : (endurantType(X0) | ~nonSortal(X0)) )),
  inference(cnf_transformation,[],[f34])).
fof(f34,axiom,(
  ! [X0] : ((nonSortal(X0) | sortal(X0)) <=> endurantType(X0))),
  file('outputs/ufo/subsumptions/type_phaseMixin_subsumed_to_endurantType.in',ax_endurantType_taxonomy_properties)).
fof(f830,plain,(
  spl59_48),
  inference(avatar_split_clause,[],[f430,f828])).
fof(f430,plain,(
  ( ! [X0] : (nonSortal(X0) | ~antiRigidNonSortal(X0)) )),
  inference(cnf_transformation,[],[f162])).
fof(f162,plain,(
  ! [X0] : (antiRigidNonSortal(X0) <=> (nonSortal(X0) & antiRigid(X0)))),
  inference(rectify,[],[f66])).
fof(f66,axiom,(
  ! [X8] : (antiRigidNonSortal(X8) <=> (nonSortal(X8) & antiRigid(X8)))),
  file('outputs/ufo/subsumptions/type_phaseMixin_subsumed_to_endurantType.in',ax_antiRigidNonSortalsAreAntiRigidAndNonSortal_xx)).
fof(f646,plain,(
  spl59_2),
  inference(avatar_split_clause,[],[f308,f644])).
fof(f308,plain,(
  phaseMixin(xyz)),
  inference(cnf_transformation,[],[f132])).
fof(f132,axiom,(
  phaseMixin(xyz)),
  file('outputs/ufo/subsumptions/type_phaseMixin_subsumed_to_endurantType.in',axiom1)).
fof(f642,plain,(
  ~spl59_1),
  inference(avatar_split_clause,[],[f307,f640])).
fof(f307,plain,(
  ~endurantType(xyz)),
  inference(cnf_transformation,[],[f133])).
fof(f133,axiom,(
  ~endurantType(xyz)),
  file('outputs/ufo/subsumptions/type_phaseMixin_subsumed_to_endurantType.in',axiom2)).
% SZS output end Proof for type_phaseMixin_subsumed_to_endurantType
% ------------------------------
% Version: Vampire 4.7 (commit af7d05f97 on 2022-09-30 11:01:41 +0200)
% Termination reason: Refutation

% Memory used [KB]: 6140
% Time elapsed: 0.012 s
% ------------------------------
% ------------------------------
% Success in time 0.021 s
