% Running in auto input_syntax mode. Trying TPTP
% ott+11_3_aac=none:afr=on:afp=4000:afq=1.4:amm=off:anc=all:bs=unit_only:bsr=on:bce=on:fde=unused:irw=on:nm=64:newcnf=on:nwc=1:nicw=on:sac=on:sp=reverse_arity:uhcvi=on_31 on type_relatorType_subsumed_to_abstractIndividual for (31ds)
% Refutation found. Thanks to Tanya!
% SZS status Unsatisfiable for type_relatorType_subsumed_to_abstractIndividual
% SZS output start Proof for type_relatorType_subsumed_to_abstractIndividual
fof(f25873,plain,(
  $false),
  inference(avatar_sat_refutation,[],[f646,f658,f674,f702,f746,f834,f846,f975,f1020,f1040,f1116,f1132,f1265,f1293,f1297,f1301,f1335,f1367,f1383,f1811,f1842,f2157,f2166,f2309,f2317,f2339,f6876,f7078,f8579,f8997,f9226,f25140,f25144,f25151,f25801,f25809,f25846,f25867,f25872])).
fof(f25872,plain,(
  ~spl59_52 | spl59_348 | ~spl59_1604),
  inference(avatar_contradiction_clause,[],[f25871])).
fof(f25871,plain,(
  $false | (~spl59_52 | spl59_348 | ~spl59_1604)),
  inference(subsumption_resolution,[],[f25869,f2338])).
fof(f2338,plain,(
  ~intrinsicMoment(sK41(xyz)) | spl59_348),
  inference(avatar_component_clause,[],[f2337])).
fof(f2337,plain,(
  spl59_348 <=> intrinsicMoment(sK41(xyz))),
  introduced(avatar_definition,[new_symbols(naming,[spl59_348])])).
fof(f25869,plain,(
  intrinsicMoment(sK41(xyz)) | (~spl59_52 | ~spl59_1604)),
  inference(resolution,[],[f25866,f845])).
fof(f845,plain,(
  ( ! [X0] : (~mode(X0) | intrinsicMoment(X0)) ) | ~spl59_52),
  inference(avatar_component_clause,[],[f844])).
fof(f844,plain,(
  spl59_52 <=> ! [X0] : (intrinsicMoment(X0) | ~mode(X0))),
  introduced(avatar_definition,[new_symbols(naming,[spl59_52])])).
fof(f25866,plain,(
  mode(sK41(xyz)) | ~spl59_1604),
  inference(avatar_component_clause,[],[f25865])).
fof(f25865,plain,(
  spl59_1604 <=> mode(sK41(xyz))),
  introduced(avatar_definition,[new_symbols(naming,[spl59_1604])])).
fof(f25867,plain,(
  spl59_1604 | ~spl59_27 | ~spl59_1603),
  inference(avatar_split_clause,[],[f25852,f25844,f744,f25865])).
fof(f744,plain,(
  spl59_27 <=> ! [X0] : (~externallyDependentMode(X0) | mode(X0))),
  introduced(avatar_definition,[new_symbols(naming,[spl59_27])])).
fof(f25844,plain,(
  spl59_1603 <=> externallyDependentMode(sK41(xyz))),
  introduced(avatar_definition,[new_symbols(naming,[spl59_1603])])).
fof(f25852,plain,(
  mode(sK41(xyz)) | (~spl59_27 | ~spl59_1603)),
  inference(resolution,[],[f25845,f745])).
fof(f745,plain,(
  ( ! [X0] : (~externallyDependentMode(X0) | mode(X0)) ) | ~spl59_27),
  inference(avatar_component_clause,[],[f744])).
fof(f25845,plain,(
  externallyDependentMode(sK41(xyz)) | ~spl59_1603),
  inference(avatar_component_clause,[],[f25844])).
fof(f25846,plain,(
  spl59_1603 | ~spl59_345 | ~spl59_1018 | ~spl59_1601),
  inference(avatar_split_clause,[],[f25842,f25807,f9224,f2307,f25844])).
fof(f2307,plain,(
  spl59_345 <=> relator(sK41(xyz))),
  introduced(avatar_definition,[new_symbols(naming,[spl59_345])])).
fof(f9224,plain,(
  spl59_1018 <=> ! [X0] : (~relator(X0) | overlap(X0,sK30(X0)))),
  introduced(avatar_definition,[new_symbols(naming,[spl59_1018])])).
fof(f25807,plain,(
  spl59_1601 <=> ! [X3] : (~overlap(X3,sK30(sK41(xyz))) | externallyDependentMode(X3))),
  introduced(avatar_definition,[new_symbols(naming,[spl59_1601])])).
fof(f25842,plain,(
  externallyDependentMode(sK41(xyz)) | (~spl59_345 | ~spl59_1018 | ~spl59_1601)),
  inference(subsumption_resolution,[],[f25814,f2308])).
fof(f2308,plain,(
  relator(sK41(xyz)) | ~spl59_345),
  inference(avatar_component_clause,[],[f2307])).
fof(f25814,plain,(
  externallyDependentMode(sK41(xyz)) | ~relator(sK41(xyz)) | (~spl59_1018 | ~spl59_1601)),
  inference(resolution,[],[f25808,f9225])).
fof(f9225,plain,(
  ( ! [X0] : (overlap(X0,sK30(X0)) | ~relator(X0)) ) | ~spl59_1018),
  inference(avatar_component_clause,[],[f9224])).
fof(f25808,plain,(
  ( ! [X3] : (~overlap(X3,sK30(sK41(xyz))) | externallyDependentMode(X3)) ) | ~spl59_1601),
  inference(avatar_component_clause,[],[f25807])).
fof(f25809,plain,(
  spl59_1601 | ~spl59_161 | ~spl59_1600),
  inference(avatar_split_clause,[],[f25804,f25799,f1291,f25807])).
fof(f1291,plain,(
  spl59_161 <=> ! [X2,X0,X1] : (externallyDependentMode(X2) | ~overlap(X2,X0) | ~quaIndividualOf(X0,X1))),
  introduced(avatar_definition,[new_symbols(naming,[spl59_161])])).
fof(f25799,plain,(
  spl59_1600 <=> quaIndividualOf(sK30(sK41(xyz)),sK18(sK30(sK41(xyz))))),
  introduced(avatar_definition,[new_symbols(naming,[spl59_1600])])).
fof(f25804,plain,(
  ( ! [X3] : (~overlap(X3,sK30(sK41(xyz))) | externallyDependentMode(X3)) ) | (~spl59_161 | ~spl59_1600)),
  inference(resolution,[],[f25800,f1292])).
fof(f1292,plain,(
  ( ! [X2,X0,X1] : (~quaIndividualOf(X0,X1) | ~overlap(X2,X0) | externallyDependentMode(X2)) ) | ~spl59_161),
  inference(avatar_component_clause,[],[f1291])).
fof(f25800,plain,(
  quaIndividualOf(sK30(sK41(xyz)),sK18(sK30(sK41(xyz)))) | ~spl59_1600),
  inference(avatar_component_clause,[],[f25799])).
fof(f25801,plain,(
  spl59_1600 | ~spl59_94 | ~spl59_1540),
  inference(avatar_split_clause,[],[f25158,f25149,f1018,f25799])).
fof(f1018,plain,(
  spl59_94 <=> ! [X0] : (quaIndividualOf(X0,sK18(X0)) | ~quaIndividual(X0))),
  introduced(avatar_definition,[new_symbols(naming,[spl59_94])])).
fof(f25149,plain,(
  spl59_1540 <=> quaIndividual(sK30(sK41(xyz)))),
  introduced(avatar_definition,[new_symbols(naming,[spl59_1540])])).
fof(f25158,plain,(
  quaIndividualOf(sK30(sK41(xyz)),sK18(sK30(sK41(xyz)))) | (~spl59_94 | ~spl59_1540)),
  inference(resolution,[],[f25150,f1019])).
fof(f1019,plain,(
  ( ! [X0] : (~quaIndividual(X0) | quaIndividualOf(X0,sK18(X0))) ) | ~spl59_94),
  inference(avatar_component_clause,[],[f1018])).
fof(f25150,plain,(
  quaIndividual(sK30(sK41(xyz))) | ~spl59_1540),
  inference(avatar_component_clause,[],[f25149])).
fof(f25151,plain,(
  spl59_1540 | ~spl59_99 | ~spl59_345 | ~spl59_1539),
  inference(avatar_split_clause,[],[f25147,f25138,f2307,f1038,f25149])).
fof(f1038,plain,(
  spl59_99 <=> ! [X0] : (properPartOf(sK30(X0),X0) | ~relator(X0))),
  introduced(avatar_definition,[new_symbols(naming,[spl59_99])])).
fof(f25138,plain,(
  spl59_1539 <=> ! [X2] : (~properPartOf(X2,sK41(xyz)) | quaIndividual(X2))),
  introduced(avatar_definition,[new_symbols(naming,[spl59_1539])])).
fof(f25147,plain,(
  quaIndividual(sK30(sK41(xyz))) | (~spl59_99 | ~spl59_345 | ~spl59_1539)),
  inference(subsumption_resolution,[],[f25146,f2308])).
fof(f25146,plain,(
  quaIndividual(sK30(sK41(xyz))) | ~relator(sK41(xyz)) | (~spl59_99 | ~spl59_1539)),
  inference(resolution,[],[f25139,f1039])).
fof(f1039,plain,(
  ( ! [X0] : (properPartOf(sK30(X0),X0) | ~relator(X0)) ) | ~spl59_99),
  inference(avatar_component_clause,[],[f1038])).
fof(f25139,plain,(
  ( ! [X2] : (~properPartOf(X2,sK41(xyz)) | quaIndividual(X2)) ) | ~spl59_1539),
  inference(avatar_component_clause,[],[f25138])).
fof(f25144,plain,(
  ~spl59_99 | ~spl59_345 | ~spl59_1538),
  inference(avatar_contradiction_clause,[],[f25143])).
fof(f25143,plain,(
  $false | (~spl59_99 | ~spl59_345 | ~spl59_1538)),
  inference(subsumption_resolution,[],[f25142,f2308])).
fof(f25142,plain,(
  ~relator(sK41(xyz)) | (~spl59_99 | ~spl59_1538)),
  inference(resolution,[],[f25136,f1039])).
fof(f25136,plain,(
  ( ! [X3] : (~properPartOf(X3,sK41(xyz))) ) | ~spl59_1538),
  inference(avatar_component_clause,[],[f25135])).
fof(f25135,plain,(
  spl59_1538 <=> ! [X3] : ~properPartOf(X3,sK41(xyz))),
  introduced(avatar_definition,[new_symbols(naming,[spl59_1538])])).
fof(f25140,plain,(
  spl59_1538 | spl59_1539 | ~spl59_258 | ~spl59_345),
  inference(avatar_split_clause,[],[f2513,f2307,f1809,f25138,f25135])).
fof(f1809,plain,(
  spl59_258 <=> ! [X5,X4,X0] : (~properPartOf(X4,X0) | ~properPartOf(X5,X0) | quaIndividual(X5) | ~relator(X0))),
  introduced(avatar_definition,[new_symbols(naming,[spl59_258])])).
fof(f2513,plain,(
  ( ! [X2,X3] : (~properPartOf(X2,sK41(xyz)) | quaIndividual(X2) | ~properPartOf(X3,sK41(xyz))) ) | (~spl59_258 | ~spl59_345)),
  inference(resolution,[],[f1810,f2308])).
fof(f1810,plain,(
  ( ! [X0,X4,X5] : (~relator(X0) | ~properPartOf(X5,X0) | quaIndividual(X5) | ~properPartOf(X4,X0)) ) | ~spl59_258),
  inference(avatar_component_clause,[],[f1809])).
fof(f9226,plain,(
  spl59_1018 | ~spl59_750 | ~spl59_998),
  inference(avatar_split_clause,[],[f8998,f8995,f7076,f9224])).
fof(f7076,plain,(
  spl59_750 <=> ! [X4,X5] : (overlap(X4,X5) | ~overlap(X5,X4))),
  introduced(avatar_definition,[new_symbols(naming,[spl59_750])])).
fof(f8995,plain,(
  spl59_998 <=> ! [X0] : (overlap(sK30(X0),X0) | ~relator(X0))),
  introduced(avatar_definition,[new_symbols(naming,[spl59_998])])).
fof(f8998,plain,(
  ( ! [X0] : (~relator(X0) | overlap(X0,sK30(X0))) ) | (~spl59_750 | ~spl59_998)),
  inference(resolution,[],[f8996,f7077])).
fof(f7077,plain,(
  ( ! [X4,X5] : (~overlap(X5,X4) | overlap(X4,X5)) ) | ~spl59_750),
  inference(avatar_component_clause,[],[f7076])).
fof(f8996,plain,(
  ( ! [X0] : (overlap(sK30(X0),X0) | ~relator(X0)) ) | ~spl59_998),
  inference(avatar_component_clause,[],[f8995])).
fof(f8997,plain,(
  spl59_998 | ~spl59_5 | ~spl59_945),
  inference(avatar_split_clause,[],[f8584,f8577,f656,f8995])).
fof(f656,plain,(
  spl59_5 <=> ! [X0] : partOf(X0,X0)),
  introduced(avatar_definition,[new_symbols(naming,[spl59_5])])).
fof(f8577,plain,(
  spl59_945 <=> ! [X2,X3] : (overlap(X2,X3) | ~partOf(X2,sK30(X3)) | ~relator(X3))),
  introduced(avatar_definition,[new_symbols(naming,[spl59_945])])).
fof(f8584,plain,(
  ( ! [X0] : (overlap(sK30(X0),X0) | ~relator(X0)) ) | (~spl59_5 | ~spl59_945)),
  inference(resolution,[],[f8578,f657])).
fof(f657,plain,(
  ( ! [X0] : (partOf(X0,X0)) ) | ~spl59_5),
  inference(avatar_component_clause,[],[f656])).
fof(f8578,plain,(
  ( ! [X2,X3] : (~partOf(X2,sK30(X3)) | overlap(X2,X3) | ~relator(X3)) ) | ~spl59_945),
  inference(avatar_component_clause,[],[f8577])).
fof(f8579,plain,(
  spl59_945 | ~spl59_168 | ~spl59_176),
  inference(avatar_split_clause,[],[f1976,f1365,f1333,f8577])).
fof(f1333,plain,(
  spl59_168 <=> ! [X0] : (partOf(sK30(X0),X0) | ~relator(X0))),
  introduced(avatar_definition,[new_symbols(naming,[spl59_168])])).
fof(f1365,plain,(
  spl59_176 <=> ! [X2,X0,X1] : (~partOf(X2,X0) | overlap(X2,X1) | ~partOf(X0,X1))),
  introduced(avatar_definition,[new_symbols(naming,[spl59_176])])).
fof(f1976,plain,(
  ( ! [X2,X3] : (overlap(X2,X3) | ~partOf(X2,sK30(X3)) | ~relator(X3)) ) | (~spl59_168 | ~spl59_176)),
  inference(resolution,[],[f1366,f1334])).
fof(f1334,plain,(
  ( ! [X0] : (partOf(sK30(X0),X0) | ~relator(X0)) ) | ~spl59_168),
  inference(avatar_component_clause,[],[f1333])).
fof(f1366,plain,(
  ( ! [X2,X0,X1] : (~partOf(X0,X1) | overlap(X2,X1) | ~partOf(X2,X0)) ) | ~spl59_176),
  inference(avatar_component_clause,[],[f1365])).
fof(f7078,plain,(
  spl59_750 | ~spl59_163 | ~spl59_727),
  inference(avatar_split_clause,[],[f6885,f6874,f1299,f7076])).
fof(f1299,plain,(
  spl59_163 <=> ! [X0,X1] : (partOf(sK52(X0,X1),X1) | ~overlap(X0,X1))),
  introduced(avatar_definition,[new_symbols(naming,[spl59_163])])).
fof(f6874,plain,(
  spl59_727 <=> ! [X9,X8,X7] : (~partOf(sK52(X7,X8),X9) | overlap(X9,X7) | ~overlap(X7,X8))),
  introduced(avatar_definition,[new_symbols(naming,[spl59_727])])).
fof(f6885,plain,(
  ( ! [X4,X5] : (overlap(X4,X5) | ~overlap(X5,X4)) ) | (~spl59_163 | ~spl59_727)),
  inference(duplicate_literal_removal,[],[f6884])).
fof(f6884,plain,(
  ( ! [X4,X5] : (overlap(X4,X5) | ~overlap(X5,X4) | ~overlap(X5,X4)) ) | (~spl59_163 | ~spl59_727)),
  inference(resolution,[],[f6875,f1300])).
fof(f1300,plain,(
  ( ! [X0,X1] : (partOf(sK52(X0,X1),X1) | ~overlap(X0,X1)) ) | ~spl59_163),
  inference(avatar_component_clause,[],[f1299])).
fof(f6875,plain,(
  ( ! [X8,X9,X7] : (~partOf(sK52(X7,X8),X9) | overlap(X9,X7) | ~overlap(X7,X8)) ) | ~spl59_727),
  inference(avatar_component_clause,[],[f6874])).
fof(f6876,plain,(
  spl59_727 | ~spl59_162 | ~spl59_180),
  inference(avatar_split_clause,[],[f2021,f1381,f1295,f6874])).
fof(f1295,plain,(
  spl59_162 <=> ! [X0,X1] : (partOf(sK52(X0,X1),X0) | ~overlap(X0,X1))),
  introduced(avatar_definition,[new_symbols(naming,[spl59_162])])).
fof(f1381,plain,(
  spl59_180 <=> ! [X2,X0,X1] : (~partOf(X2,X0) | ~partOf(X2,X1) | overlap(X0,X1))),
  introduced(avatar_definition,[new_symbols(naming,[spl59_180])])).
fof(f2021,plain,(
  ( ! [X8,X9,X7] : (~partOf(sK52(X7,X8),X9) | overlap(X9,X7) | ~overlap(X7,X8)) ) | (~spl59_162 | ~spl59_180)),
  inference(resolution,[],[f1382,f1296])).
fof(f1296,plain,(
  ( ! [X0,X1] : (partOf(sK52(X0,X1),X0) | ~overlap(X0,X1)) ) | ~spl59_162),
  inference(avatar_component_clause,[],[f1295])).
fof(f1382,plain,(
  ( ! [X2,X0,X1] : (~partOf(X2,X1) | ~partOf(X2,X0) | overlap(X0,X1)) ) | ~spl59_180),
  inference(avatar_component_clause,[],[f1381])).
fof(f2339,plain,(
  ~spl59_348 | ~spl59_9 | ~spl59_345),
  inference(avatar_split_clause,[],[f2325,f2307,f672,f2337])).
fof(f672,plain,(
  spl59_9 <=> ! [X0] : (~intrinsicMoment(X0) | ~relator(X0))),
  introduced(avatar_definition,[new_symbols(naming,[spl59_9])])).
fof(f2325,plain,(
  ~intrinsicMoment(sK41(xyz)) | (~spl59_9 | ~spl59_345)),
  inference(resolution,[],[f2308,f673])).
fof(f673,plain,(
  ( ! [X0] : (~relator(X0) | ~intrinsicMoment(X0)) ) | ~spl59_9),
  inference(avatar_component_clause,[],[f672])).
fof(f2317,plain,(
  ~spl59_16 | ~spl59_84 | ~spl59_344),
  inference(avatar_contradiction_clause,[],[f2316])).
fof(f2316,plain,(
  $false | (~spl59_16 | ~spl59_84 | ~spl59_344)),
  inference(subsumption_resolution,[],[f2312,f974])).
fof(f974,plain,(
  type_(xyz) | ~spl59_84),
  inference(avatar_component_clause,[],[f973])).
fof(f973,plain,(
  spl59_84 <=> type_(xyz)),
  introduced(avatar_definition,[new_symbols(naming,[spl59_84])])).
fof(f2312,plain,(
  ~type_(xyz) | (~spl59_16 | ~spl59_344)),
  inference(resolution,[],[f2305,f701])).
fof(f701,plain,(
  ( ! [X0] : (~individual(X0) | ~type_(X0)) ) | ~spl59_16),
  inference(avatar_component_clause,[],[f700])).
fof(f700,plain,(
  spl59_16 <=> ! [X0] : (~type_(X0) | ~individual(X0))),
  introduced(avatar_definition,[new_symbols(naming,[spl59_16])])).
fof(f2305,plain,(
  individual(xyz) | ~spl59_344),
  inference(avatar_component_clause,[],[f2304])).
fof(f2304,plain,(
  spl59_344 <=> individual(xyz)),
  introduced(avatar_definition,[new_symbols(naming,[spl59_344])])).
fof(f2309,plain,(
  spl59_344 | spl59_345 | ~spl59_154 | ~spl59_319),
  inference(avatar_split_clause,[],[f2171,f2164,f1263,f2307,f2304])).
fof(f1263,plain,(
  spl59_154 <=> ! [X0] : (iof(sK41(X0),X0,sK42(X0)) | individual(X0))),
  introduced(avatar_definition,[new_symbols(naming,[spl59_154])])).
fof(f2164,plain,(
  spl59_319 <=> ! [X0,X1] : (relator(X0) | ~iof(X0,xyz,X1))),
  introduced(avatar_definition,[new_symbols(naming,[spl59_319])])).
fof(f2171,plain,(
  relator(sK41(xyz)) | individual(xyz) | (~spl59_154 | ~spl59_319)),
  inference(resolution,[],[f2165,f1264])).
fof(f1264,plain,(
  ( ! [X0] : (iof(sK41(X0),X0,sK42(X0)) | individual(X0)) ) | ~spl59_154),
  inference(avatar_component_clause,[],[f1263])).
fof(f2165,plain,(
  ( ! [X0,X1] : (~iof(X0,xyz,X1) | relator(X0)) ) | ~spl59_319),
  inference(avatar_component_clause,[],[f2164])).
fof(f2166,plain,(
  spl59_319 | ~spl59_2 | ~spl59_318),
  inference(avatar_split_clause,[],[f2161,f2155,f644,f2164])).
fof(f644,plain,(
  spl59_2 <=> relatorType(xyz)),
  introduced(avatar_definition,[new_symbols(naming,[spl59_2])])).
fof(f2155,plain,(
  spl59_318 <=> ! [X2,X0,X1] : (~iof(X1,X0,X2) | relator(X1) | ~relatorType(X0))),
  introduced(avatar_definition,[new_symbols(naming,[spl59_318])])).
fof(f2161,plain,(
  ( ! [X0,X1] : (relator(X0) | ~iof(X0,xyz,X1)) ) | (~spl59_2 | ~spl59_318)),
  inference(resolution,[],[f2156,f645])).
fof(f645,plain,(
  relatorType(xyz) | ~spl59_2),
  inference(avatar_component_clause,[],[f644])).
fof(f2156,plain,(
  ( ! [X2,X0,X1] : (~relatorType(X0) | relator(X1) | ~iof(X1,X0,X2)) ) | ~spl59_318),
  inference(avatar_component_clause,[],[f2155])).
fof(f2157,plain,(
  spl59_318 | ~spl59_122 | ~spl59_264),
  inference(avatar_split_clause,[],[f1843,f1840,f1130,f2155])).
fof(f1130,plain,(
  spl59_122 <=> ! [X2,X0,X1] : (~iof(X0,X1,X2) | world(X2))),
  introduced(avatar_definition,[new_symbols(naming,[spl59_122])])).
fof(f1840,plain,(
  spl59_264 <=> ! [X2,X0,X1] : (~world(X2) | ~iof(X1,X0,X2) | relator(X1) | ~relatorType(X0))),
  introduced(avatar_definition,[new_symbols(naming,[spl59_264])])).
fof(f1843,plain,(
  ( ! [X2,X0,X1] : (~iof(X1,X0,X2) | relator(X1) | ~relatorType(X0)) ) | (~spl59_122 | ~spl59_264)),
  inference(subsumption_resolution,[],[f1841,f1131])).
fof(f1131,plain,(
  ( ! [X2,X0,X1] : (~iof(X0,X1,X2) | world(X2)) ) | ~spl59_122),
  inference(avatar_component_clause,[],[f1130])).
fof(f1841,plain,(
  ( ! [X2,X0,X1] : (~world(X2) | ~iof(X1,X0,X2) | relator(X1) | ~relatorType(X0)) ) | ~spl59_264),
  inference(avatar_component_clause,[],[f1840])).
fof(f1842,plain,(
  spl59_264),
  inference(avatar_split_clause,[],[f482,f1840])).
fof(f482,plain,(
  ( ! [X2,X0,X1] : (~world(X2) | ~iof(X1,X0,X2) | relator(X1) | ~relatorType(X0)) )),
  inference(cnf_transformation,[],[f264])).
fof(f264,plain,(
  ! [X0] : (relatorType(X0) <=> (! [X1,X2] : (relator(X1) | ~iof(X1,X0,X2) | ~world(X2)) & type_(X0)))),
  inference(flattening,[],[f263])).
fof(f263,plain,(
  ! [X0] : (relatorType(X0) <=> (! [X1,X2] : (relator(X1) | (~iof(X1,X0,X2) | ~world(X2))) & type_(X0)))),
  inference(ennf_transformation,[],[f166])).
fof(f166,plain,(
  ! [X0] : (relatorType(X0) <=> (! [X1,X2] : ((iof(X1,X0,X2) & world(X2)) => relator(X1)) & type_(X0)))),
  inference(rectify,[],[f76])).
fof(f76,axiom,(
  ! [X8] : (relatorType(X8) <=> (! [X6,X2] : ((iof(X6,X8,X2) & world(X2)) => relator(X6)) & type_(X8)))),
  file('outputs/ufo/subsumptions/type_relatorType_subsumed_to_abstractIndividual.in',ax_relatorTypeDefinition_a44)).
fof(f1811,plain,(
  spl59_258),
  inference(avatar_split_clause,[],[f465,f1809])).
fof(f465,plain,(
  ( ! [X0,X4,X5] : (~properPartOf(X4,X0) | ~properPartOf(X5,X0) | quaIndividual(X5) | ~relator(X0)) )),
  inference(cnf_transformation,[],[f262])).
fof(f262,plain,(
  ! [X0] : (relator(X0) <=> (! [X1,X2] : (properPartOf(X2,X0) | ? [X3] : (foundedBy(X1,X3) <~> foundedBy(X2,X3)) | ~existentiallyDependsOn(X2,X1) | ~existentiallyDependsOn(X1,X2) | ~quaIndividual(X2) | ~properPartOf(X1,X0)) & ! [X4,X5] : ((! [X6] : (foundedBy(X4,X6) <=> foundedBy(X5,X6)) & existentiallyDependsOn(X5,X4) & existentiallyDependsOn(X4,X5) & quaIndividual(X5) & quaIndividual(X4)) | ~properPartOf(X5,X0) | ~properPartOf(X4,X0)) & ? [X7] : properPartOf(X7,X0)))),
  inference(flattening,[],[f261])).
fof(f261,plain,(
  ! [X0] : (relator(X0) <=> (! [X1,X2] : (properPartOf(X2,X0) | (? [X3] : (foundedBy(X1,X3) <~> foundedBy(X2,X3)) | ~existentiallyDependsOn(X2,X1) | ~existentiallyDependsOn(X1,X2) | ~quaIndividual(X2) | ~properPartOf(X1,X0))) & ! [X4,X5] : ((! [X6] : (foundedBy(X4,X6) <=> foundedBy(X5,X6)) & existentiallyDependsOn(X5,X4) & existentiallyDependsOn(X4,X5) & quaIndividual(X5) & quaIndividual(X4)) | (~properPartOf(X5,X0) | ~properPartOf(X4,X0))) & ? [X7] : properPartOf(X7,X0)))),
  inference(ennf_transformation,[],[f165])).
fof(f165,plain,(
  ! [X0] : (relator(X0) <=> (! [X1,X2] : ((! [X3] : (foundedBy(X1,X3) <=> foundedBy(X2,X3)) & existentiallyDependsOn(X2,X1) & existentiallyDependsOn(X1,X2) & quaIndividual(X2) & properPartOf(X1,X0)) => properPartOf(X2,X0)) & ! [X4,X5] : ((properPartOf(X5,X0) & properPartOf(X4,X0)) => (! [X6] : (foundedBy(X4,X6) <=> foundedBy(X5,X6)) & existentiallyDependsOn(X5,X4) & existentiallyDependsOn(X4,X5) & quaIndividual(X5) & quaIndividual(X4))) & ? [X7] : properPartOf(X7,X0)))),
  inference(rectify,[],[f124])).
fof(f124,axiom,(
  ! [X23] : (relator(X23) <=> (! [X24,X25] : ((! [X18] : (foundedBy(X24,X18) <=> foundedBy(X25,X18)) & existentiallyDependsOn(X25,X24) & existentiallyDependsOn(X24,X25) & quaIndividual(X25) & properPartOf(X24,X23)) => properPartOf(X25,X23)) & ! [X1,X3] : ((properPartOf(X3,X23) & properPartOf(X1,X23)) => (! [X14] : (foundedBy(X1,X14) <=> foundedBy(X3,X14)) & existentiallyDependsOn(X3,X1) & existentiallyDependsOn(X1,X3) & quaIndividual(X3) & quaIndividual(X1))) & ? [X0] : properPartOf(X0,X23)))),
  file('outputs/ufo/subsumptions/type_relatorType_subsumed_to_abstractIndividual.in',ax_dRelator_a81)).
fof(f1383,plain,(
  spl59_180),
  inference(avatar_split_clause,[],[f587,f1381])).
fof(f587,plain,(
  ( ! [X2,X0,X1] : (~partOf(X2,X0) | ~partOf(X2,X1) | overlap(X0,X1)) )),
  inference(cnf_transformation,[],[f181])).
fof(f181,plain,(
  ! [X0,X1] : (overlap(X0,X1) <=> ? [X2] : (partOf(X2,X1) & partOf(X2,X0)))),
  inference(rectify,[],[f89])).
fof(f89,axiom,(
  ! [X0,X1] : (overlap(X0,X1) <=> ? [X3] : (partOf(X3,X1) & partOf(X3,X0)))),
  file('outputs/ufo/subsumptions/type_relatorType_subsumed_to_abstractIndividual.in',ax_overlappingWholes_a50)).
fof(f1367,plain,(
  spl59_176),
  inference(avatar_split_clause,[],[f568,f1365])).
fof(f568,plain,(
  ( ! [X2,X0,X1] : (~partOf(X2,X0) | overlap(X2,X1) | ~partOf(X0,X1)) )),
  inference(cnf_transformation,[],[f177])).
fof(f177,plain,(
  ! [X0,X1] : (~partOf(X0,X1) <=> ? [X2] : (~overlap(X2,X1) & partOf(X2,X0)))),
  inference(rectify,[],[f90])).
fof(f90,axiom,(
  ! [X0,X1] : (~partOf(X0,X1) <=> ? [X3] : (~overlap(X3,X1) & partOf(X3,X0)))),
  file('outputs/ufo/subsumptions/type_relatorType_subsumed_to_abstractIndividual.in',ax_strongSupplementation_a51)).
fof(f1335,plain,(
  spl59_168 | ~spl59_99 | ~spl59_118),
  inference(avatar_split_clause,[],[f1255,f1114,f1038,f1333])).
fof(f1114,plain,(
  spl59_118 <=> ! [X0,X1] : (partOf(X0,X1) | ~properPartOf(X0,X1))),
  introduced(avatar_definition,[new_symbols(naming,[spl59_118])])).
fof(f1255,plain,(
  ( ! [X0] : (partOf(sK30(X0),X0) | ~relator(X0)) ) | (~spl59_99 | ~spl59_118)),
  inference(resolution,[],[f1115,f1039])).
fof(f1115,plain,(
  ( ! [X0,X1] : (~properPartOf(X0,X1) | partOf(X0,X1)) ) | ~spl59_118),
  inference(avatar_component_clause,[],[f1114])).
fof(f1301,plain,(
  spl59_163),
  inference(avatar_split_clause,[],[f586,f1299])).
fof(f586,plain,(
  ( ! [X0,X1] : (partOf(sK52(X0,X1),X1) | ~overlap(X0,X1)) )),
  inference(cnf_transformation,[],[f181])).
fof(f1297,plain,(
  spl59_162),
  inference(avatar_split_clause,[],[f585,f1295])).
fof(f585,plain,(
  ( ! [X0,X1] : (partOf(sK52(X0,X1),X0) | ~overlap(X0,X1)) )),
  inference(cnf_transformation,[],[f181])).
fof(f1293,plain,(
  spl59_161),
  inference(avatar_split_clause,[],[f580,f1291])).
fof(f580,plain,(
  ( ! [X2,X0,X1] : (externallyDependentMode(X2) | ~overlap(X2,X0) | ~quaIndividualOf(X0,X1)) )),
  inference(cnf_transformation,[],[f281])).
fof(f281,plain,(
  ! [X0,X1] : (quaIndividualOf(X0,X1) <=> ! [X2] : (overlap(X2,X0) <=> (! [X3] : (foundedBy(X2,X3) | ~foundedBy(X0,X3)) & inheresIn(X2,X1) & externallyDependentMode(X2))))),
  inference(ennf_transformation,[],[f180])).
fof(f180,plain,(
  ! [X0,X1] : (quaIndividualOf(X0,X1) <=> ! [X2] : (overlap(X2,X0) <=> (! [X3] : (foundedBy(X0,X3) => foundedBy(X2,X3)) & inheresIn(X2,X1) & externallyDependentMode(X2))))),
  inference(rectify,[],[f121])).
fof(f121,axiom,(
  ! [X0,X1] : (quaIndividualOf(X0,X1) <=> ! [X3] : (overlap(X3,X0) <=> (! [X14] : (foundedBy(X0,X14) => foundedBy(X3,X14)) & inheresIn(X3,X1) & externallyDependentMode(X3))))),
  file('outputs/ufo/subsumptions/type_relatorType_subsumed_to_abstractIndividual.in',ax_dQuaIndividualOf_a75)).
fof(f1265,plain,(
  spl59_154),
  inference(avatar_split_clause,[],[f489,f1263])).
fof(f489,plain,(
  ( ! [X0] : (iof(sK41(X0),X0,sK42(X0)) | individual(X0)) )),
  inference(cnf_transformation,[],[f267])).
fof(f267,plain,(
  ! [X0] : (individual(X0) <=> ! [X1,X2] : ~iof(X1,X0,X2))),
  inference(ennf_transformation,[],[f50])).
fof(f50,axiom,(
  ! [X0] : (individual(X0) <=> ~? [X1,X2] : iof(X1,X0,X2))),
  file('outputs/ufo/subsumptions/type_relatorType_subsumed_to_abstractIndividual.in',ax_dIndividual_a2)).
fof(f1132,plain,(
  spl59_122),
  inference(avatar_split_clause,[],[f624,f1130])).
fof(f624,plain,(
  ( ! [X2,X0,X1] : (~iof(X0,X1,X2) | world(X2)) )),
  inference(cnf_transformation,[],[f288])).
fof(f288,plain,(
  ! [X0,X1,X2] : ((world(X2) & type_(X1)) | ~iof(X0,X1,X2))),
  inference(ennf_transformation,[],[f48])).
fof(f48,axiom,(
  ! [X0,X1,X2] : (iof(X0,X1,X2) => (world(X2) & type_(X1)))),
  file('outputs/ufo/subsumptions/type_relatorType_subsumed_to_abstractIndividual.in',ax_dIof)).
fof(f1116,plain,(
  spl59_118),
  inference(avatar_split_clause,[],[f582,f1114])).
fof(f582,plain,(
  ( ! [X0,X1] : (partOf(X0,X1) | ~properPartOf(X0,X1)) )),
  inference(cnf_transformation,[],[f91])).
fof(f91,axiom,(
  ! [X0,X1] : (properPartOf(X0,X1) <=> (~partOf(X1,X0) & partOf(X0,X1)))),
  file('outputs/ufo/subsumptions/type_relatorType_subsumed_to_abstractIndividual.in',ax_properPart_a52)).
fof(f1040,plain,(
  spl59_99),
  inference(avatar_split_clause,[],[f478,f1038])).
fof(f478,plain,(
  ( ! [X0] : (properPartOf(sK30(X0),X0) | ~relator(X0)) )),
  inference(cnf_transformation,[],[f262])).
fof(f1020,plain,(
  spl59_94),
  inference(avatar_split_clause,[],[f401,f1018])).
fof(f401,plain,(
  ( ! [X0] : (quaIndividualOf(X0,sK18(X0)) | ~quaIndividual(X0)) )),
  inference(cnf_transformation,[],[f122])).
fof(f122,axiom,(
  ! [X0] : (quaIndividual(X0) <=> ? [X1] : quaIndividualOf(X0,X1))),
  file('outputs/ufo/subsumptions/type_relatorType_subsumed_to_abstractIndividual.in',ax_dQuaIndividual_a76)).
fof(f975,plain,(
  spl59_84 | ~spl59_2 | ~spl59_49),
  inference(avatar_split_clause,[],[f971,f832,f644,f973])).
fof(f832,plain,(
  spl59_49 <=> ! [X0] : (type_(X0) | ~relatorType(X0))),
  introduced(avatar_definition,[new_symbols(naming,[spl59_49])])).
fof(f971,plain,(
  type_(xyz) | (~spl59_2 | ~spl59_49)),
  inference(resolution,[],[f833,f645])).
fof(f833,plain,(
  ( ! [X0] : (~relatorType(X0) | type_(X0)) ) | ~spl59_49),
  inference(avatar_component_clause,[],[f832])).
fof(f846,plain,(
  spl59_52),
  inference(avatar_split_clause,[],[f511,f844])).
fof(f511,plain,(
  ( ! [X0] : (intrinsicMoment(X0) | ~mode(X0)) )),
  inference(cnf_transformation,[],[f22])).
fof(f22,axiom,(
  ! [X0] : ((mode(X0) | quality(X0)) <=> intrinsicMoment(X0))),
  file('outputs/ufo/subsumptions/type_relatorType_subsumed_to_abstractIndividual.in',ax_intrinsicMoment_taxonomy)).
fof(f834,plain,(
  spl59_49),
  inference(avatar_split_clause,[],[f483,f832])).
fof(f483,plain,(
  ( ! [X0] : (type_(X0) | ~relatorType(X0)) )),
  inference(cnf_transformation,[],[f264])).
fof(f746,plain,(
  spl59_27),
  inference(avatar_split_clause,[],[f345,f744])).
fof(f345,plain,(
  ( ! [X0] : (~externallyDependentMode(X0) | mode(X0)) )),
  inference(cnf_transformation,[],[f236])).
fof(f236,plain,(
  ! [X0] : (mode(X0) | ~externallyDependentMode(X0))),
  inference(ennf_transformation,[],[f24])).
fof(f24,axiom,(
  ! [X0] : (externallyDependentMode(X0) => mode(X0))),
  file('outputs/ufo/subsumptions/type_relatorType_subsumed_to_abstractIndividual.in',ax_mode_taxonomy_externallyDependentMode)).
fof(f702,plain,(
  spl59_16),
  inference(avatar_split_clause,[],[f325,f700])).
fof(f325,plain,(
  ( ! [X0] : (~type_(X0) | ~individual(X0)) )),
  inference(cnf_transformation,[],[f227])).
fof(f227,plain,(
  ! [X0] : (~individual(X0) | ~type_(X0))),
  inference(ennf_transformation,[],[f2])).
fof(f2,axiom,(
  ~? [X0] : (individual(X0) & type_(X0))),
  file('outputs/ufo/subsumptions/type_relatorType_subsumed_to_abstractIndividual.in',ax_thing_partition)).
fof(f674,plain,(
  spl59_9),
  inference(avatar_split_clause,[],[f316,f672])).
fof(f316,plain,(
  ( ! [X0] : (~intrinsicMoment(X0) | ~relator(X0)) )),
  inference(cnf_transformation,[],[f218])).
fof(f218,plain,(
  ! [X0] : (~relator(X0) | ~intrinsicMoment(X0))),
  inference(ennf_transformation,[],[f21])).
fof(f21,axiom,(
  ~? [X0] : (relator(X0) & intrinsicMoment(X0))),
  file('outputs/ufo/subsumptions/type_relatorType_subsumed_to_abstractIndividual.in',ax_moment_partition)).
fof(f658,plain,(
  spl59_5),
  inference(avatar_split_clause,[],[f342,f656])).
fof(f342,plain,(
  ( ! [X0] : (partOf(X0,X0)) )),
  inference(cnf_transformation,[],[f85])).
fof(f85,axiom,(
  ! [X0] : partOf(X0,X0)),
  file('outputs/ufo/subsumptions/type_relatorType_subsumed_to_abstractIndividual.in',ax_reflexiveParthood)).
fof(f646,plain,(
  spl59_2),
  inference(avatar_split_clause,[],[f308,f644])).
fof(f308,plain,(
  relatorType(xyz)),
  inference(cnf_transformation,[],[f132])).
fof(f132,axiom,(
  relatorType(xyz)),
  file('outputs/ufo/subsumptions/type_relatorType_subsumed_to_abstractIndividual.in',axiom1)).
% SZS output end Proof for type_relatorType_subsumed_to_abstractIndividual
% ------------------------------
% Version: Vampire 4.7 (commit af7d05f97 on 2022-09-30 11:01:41 +0200)
% Termination reason: Refutation

% Memory used [KB]: 25969
% Time elapsed: 0.616 s
% ------------------------------
% ------------------------------
% Success in time 0.627 s
