% Running in auto input_syntax mode. Trying TPTP
% ott+11_3_aac=none:afr=on:afp=4000:afq=1.4:amm=off:anc=all:bs=unit_only:bsr=on:bce=on:fde=unused:irw=on:nm=64:newcnf=on:nwc=1:nicw=on:sac=on:sp=reverse_arity:uhcvi=on_31 on type_subkind_subsumed_to_endurantType for (31ds)
% Refutation found. Thanks to Tanya!
% SZS status Unsatisfiable for type_subkind_subsumed_to_endurantType
% SZS output start Proof for type_subkind_subsumed_to_endurantType
fof(f993,plain,(
  $false),
  inference(avatar_sat_refutation,[],[f642,f646,f790,f810,f930,f983,f989,f992])).
fof(f992,plain,(
  spl59_1 | ~spl59_43 | ~spl59_87),
  inference(avatar_contradiction_clause,[],[f991])).
fof(f991,plain,(
  $false | (spl59_1 | ~spl59_43 | ~spl59_87)),
  inference(subsumption_resolution,[],[f990,f641])).
fof(f641,plain,(
  ~endurantType(xyz) | spl59_1),
  inference(avatar_component_clause,[],[f640])).
fof(f640,plain,(
  spl59_1 <=> endurantType(xyz)),
  introduced(avatar_definition,[new_symbols(naming,[spl59_1])])).
fof(f990,plain,(
  endurantType(xyz) | (~spl59_43 | ~spl59_87)),
  inference(resolution,[],[f988,f809])).
fof(f809,plain,(
  ( ! [X0] : (~sortal(X0) | endurantType(X0)) ) | ~spl59_43),
  inference(avatar_component_clause,[],[f808])).
fof(f808,plain,(
  spl59_43 <=> ! [X0] : (endurantType(X0) | ~sortal(X0))),
  introduced(avatar_definition,[new_symbols(naming,[spl59_43])])).
fof(f988,plain,(
  sortal(xyz) | ~spl59_87),
  inference(avatar_component_clause,[],[f987])).
fof(f987,plain,(
  spl59_87 <=> sortal(xyz)),
  introduced(avatar_definition,[new_symbols(naming,[spl59_87])])).
fof(f989,plain,(
  spl59_87 | ~spl59_38 | ~spl59_86),
  inference(avatar_split_clause,[],[f984,f981,f788,f987])).
fof(f788,plain,(
  spl59_38 <=> ! [X0] : (sortal(X0) | ~rigidSortal(X0))),
  introduced(avatar_definition,[new_symbols(naming,[spl59_38])])).
fof(f981,plain,(
  spl59_86 <=> rigidSortal(xyz)),
  introduced(avatar_definition,[new_symbols(naming,[spl59_86])])).
fof(f984,plain,(
  sortal(xyz) | (~spl59_38 | ~spl59_86)),
  inference(resolution,[],[f982,f789])).
fof(f789,plain,(
  ( ! [X0] : (~rigidSortal(X0) | sortal(X0)) ) | ~spl59_38),
  inference(avatar_component_clause,[],[f788])).
fof(f982,plain,(
  rigidSortal(xyz) | ~spl59_86),
  inference(avatar_component_clause,[],[f981])).
fof(f983,plain,(
  spl59_86 | ~spl59_2 | ~spl59_73),
  inference(avatar_split_clause,[],[f979,f928,f644,f981])).
fof(f644,plain,(
  spl59_2 <=> subkind(xyz)),
  introduced(avatar_definition,[new_symbols(naming,[spl59_2])])).
fof(f928,plain,(
  spl59_73 <=> ! [X0] : (rigidSortal(X0) | ~subkind(X0))),
  introduced(avatar_definition,[new_symbols(naming,[spl59_73])])).
fof(f979,plain,(
  rigidSortal(xyz) | (~spl59_2 | ~spl59_73)),
  inference(resolution,[],[f929,f645])).
fof(f645,plain,(
  subkind(xyz) | ~spl59_2),
  inference(avatar_component_clause,[],[f644])).
fof(f929,plain,(
  ( ! [X0] : (~subkind(X0) | rigidSortal(X0)) ) | ~spl59_73),
  inference(avatar_component_clause,[],[f928])).
fof(f930,plain,(
  spl59_73),
  inference(avatar_split_clause,[],[f550,f928])).
fof(f550,plain,(
  ( ! [X0] : (rigidSortal(X0) | ~subkind(X0)) )),
  inference(cnf_transformation,[],[f38])).
fof(f38,axiom,(
  ! [X0] : ((subkind(X0) | kind(X0)) <=> rigidSortal(X0))),
  file('outputs/ufo/subsumptions/type_subkind_subsumed_to_endurantType.in',ax_rigidSortal_taxonomy)).
fof(f810,plain,(
  spl59_43),
  inference(avatar_split_clause,[],[f410,f808])).
fof(f410,plain,(
  ( ! [X0] : (endurantType(X0) | ~sortal(X0)) )),
  inference(cnf_transformation,[],[f157])).
fof(f157,plain,(
  ! [X0] : (sortal(X0) <=> (? [X1] : (specializes(X0,X1) & kind(X1)) & endurantType(X0)))),
  inference(rectify,[],[f62])).
fof(f62,axiom,(
  ! [X13] : (sortal(X13) <=> (? [X11] : (specializes(X13,X11) & kind(X11)) & endurantType(X13)))),
  file('outputs/ufo/subsumptions/type_subkind_subsumed_to_endurantType.in',ax_dSortal_a23)).
fof(f790,plain,(
  spl59_38),
  inference(avatar_split_clause,[],[f377,f788])).
fof(f377,plain,(
  ( ! [X0] : (sortal(X0) | ~rigidSortal(X0)) )),
  inference(cnf_transformation,[],[f150])).
fof(f150,plain,(
  ! [X0] : (rigidSortal(X0) <=> (sortal(X0) & rigid(X0)))),
  inference(rectify,[],[f63])).
fof(f63,axiom,(
  ! [X8] : (rigidSortal(X8) <=> (sortal(X8) & rigid(X8)))),
  file('outputs/ufo/subsumptions/type_subkind_subsumed_to_endurantType.in',ax_rigidSortalsAreRigidAndSortal_xx)).
fof(f646,plain,(
  spl59_2),
  inference(avatar_split_clause,[],[f308,f644])).
fof(f308,plain,(
  subkind(xyz)),
  inference(cnf_transformation,[],[f132])).
fof(f132,axiom,(
  subkind(xyz)),
  file('outputs/ufo/subsumptions/type_subkind_subsumed_to_endurantType.in',axiom1)).
fof(f642,plain,(
  ~spl59_1),
  inference(avatar_split_clause,[],[f307,f640])).
fof(f307,plain,(
  ~endurantType(xyz)),
  inference(cnf_transformation,[],[f133])).
fof(f133,axiom,(
  ~endurantType(xyz)),
  file('outputs/ufo/subsumptions/type_subkind_subsumed_to_endurantType.in',axiom2)).
% SZS output end Proof for type_subkind_subsumed_to_endurantType
% ------------------------------
% Version: Vampire 4.7 (commit af7d05f97 on 2022-09-30 11:01:41 +0200)
% Termination reason: Refutation

% Memory used [KB]: 6140
% Time elapsed: 0.012 s
% ------------------------------
% ------------------------------
% Success in time 0.019 s
