% Running in auto input_syntax mode. Trying TPTP
% ott+11_3_aac=none:afr=on:afp=4000:afq=1.4:amm=off:anc=all:bs=unit_only:bsr=on:bce=on:fde=unused:irw=on:nm=64:newcnf=on:nwc=1:nicw=on:sac=on:sp=reverse_arity:uhcvi=on_31 on type_phaseMixin_subsumed_to_antiRigidNonSortal for (31ds)
% Refutation found. Thanks to Tanya!
% SZS status Unsatisfiable for type_phaseMixin_subsumed_to_antiRigidNonSortal
% SZS output start Proof for type_phaseMixin_subsumed_to_antiRigidNonSortal
fof(f990,plain,(
  $false),
  inference(avatar_sat_refutation,[],[f642,f646,f934,f989])).
fof(f989,plain,(
  spl59_1 | ~spl59_2 | ~spl59_74),
  inference(avatar_contradiction_clause,[],[f988])).
fof(f988,plain,(
  $false | (spl59_1 | ~spl59_2 | ~spl59_74)),
  inference(subsumption_resolution,[],[f987,f641])).
fof(f641,plain,(
  ~antiRigidNonSortal(xyz) | spl59_1),
  inference(avatar_component_clause,[],[f640])).
fof(f640,plain,(
  spl59_1 <=> antiRigidNonSortal(xyz)),
  introduced(avatar_definition,[new_symbols(naming,[spl59_1])])).
fof(f987,plain,(
  antiRigidNonSortal(xyz) | (~spl59_2 | ~spl59_74)),
  inference(resolution,[],[f933,f645])).
fof(f645,plain,(
  phaseMixin(xyz) | ~spl59_2),
  inference(avatar_component_clause,[],[f644])).
fof(f644,plain,(
  spl59_2 <=> phaseMixin(xyz)),
  introduced(avatar_definition,[new_symbols(naming,[spl59_2])])).
fof(f933,plain,(
  ( ! [X0] : (~phaseMixin(X0) | antiRigidNonSortal(X0)) ) | ~spl59_74),
  inference(avatar_component_clause,[],[f932])).
fof(f932,plain,(
  spl59_74 <=> ! [X0] : (antiRigidNonSortal(X0) | ~phaseMixin(X0))),
  introduced(avatar_definition,[new_symbols(naming,[spl59_74])])).
fof(f934,plain,(
  spl59_74),
  inference(avatar_split_clause,[],[f546,f932])).
fof(f546,plain,(
  ( ! [X0] : (antiRigidNonSortal(X0) | ~phaseMixin(X0)) )),
  inference(cnf_transformation,[],[f46])).
fof(f46,axiom,(
  ! [X0] : ((roleMixin(X0) | phaseMixin(X0)) <=> antiRigidNonSortal(X0))),
  file('outputs/ufo/subsumptions/type_phaseMixin_subsumed_to_antiRigidNonSortal.in',ax_antiRigidNonSortal_taxonomy)).
fof(f646,plain,(
  spl59_2),
  inference(avatar_split_clause,[],[f308,f644])).
fof(f308,plain,(
  phaseMixin(xyz)),
  inference(cnf_transformation,[],[f132])).
fof(f132,axiom,(
  phaseMixin(xyz)),
  file('outputs/ufo/subsumptions/type_phaseMixin_subsumed_to_antiRigidNonSortal.in',axiom1)).
fof(f642,plain,(
  ~spl59_1),
  inference(avatar_split_clause,[],[f307,f640])).
fof(f307,plain,(
  ~antiRigidNonSortal(xyz)),
  inference(cnf_transformation,[],[f133])).
fof(f133,axiom,(
  ~antiRigidNonSortal(xyz)),
  file('outputs/ufo/subsumptions/type_phaseMixin_subsumed_to_antiRigidNonSortal.in',axiom2)).
% SZS output end Proof for type_phaseMixin_subsumed_to_antiRigidNonSortal
% ------------------------------
% Version: Vampire 4.7 (commit af7d05f97 on 2022-09-30 11:01:41 +0200)
% Termination reason: Refutation

% Memory used [KB]: 6140
% Time elapsed: 0.012 s
% ------------------------------
% ------------------------------
% Success in time 0.018 s
