% Running in auto input_syntax mode. Trying TPTP
% ott+11_3_aac=none:afr=on:afp=4000:afq=1.4:amm=off:anc=all:bs=unit_only:bsr=on:bce=on:fde=unused:irw=on:nm=64:newcnf=on:nwc=1:nicw=on:sac=on:sp=reverse_arity:uhcvi=on_31 on type_antiRigidSortal_subsumed_to_thing for (31ds)
% Refutation found. Thanks to Tanya!
% SZS status Unsatisfiable for type_antiRigidSortal_subsumed_to_thing
% SZS output start Proof for type_antiRigidSortal_subsumed_to_thing
fof(f1001,plain,(
  $false),
  inference(avatar_sat_refutation,[],[f641,f645,f753,f801,f837,f937,f987,f992,f997,f1000])).
fof(f1000,plain,(
  spl59_1 | ~spl59_75 | ~spl59_89),
  inference(avatar_contradiction_clause,[],[f999])).
fof(f999,plain,(
  $false | (spl59_1 | ~spl59_75 | ~spl59_89)),
  inference(subsumption_resolution,[],[f998,f996])).
fof(f996,plain,(
  type_(xyz) | ~spl59_89),
  inference(avatar_component_clause,[],[f995])).
fof(f995,plain,(
  spl59_89 <=> type_(xyz)),
  introduced(avatar_definition,[new_symbols(naming,[spl59_89])])).
fof(f998,plain,(
  ~type_(xyz) | (spl59_1 | ~spl59_75)),
  inference(resolution,[],[f936,f640])).
fof(f640,plain,(
  ~thing(xyz) | spl59_1),
  inference(avatar_component_clause,[],[f639])).
fof(f639,plain,(
  spl59_1 <=> thing(xyz)),
  introduced(avatar_definition,[new_symbols(naming,[spl59_1])])).
fof(f936,plain,(
  ( ! [X0] : (thing(X0) | ~type_(X0)) ) | ~spl59_75),
  inference(avatar_component_clause,[],[f935])).
fof(f935,plain,(
  spl59_75 <=> ! [X0] : (thing(X0) | ~type_(X0))),
  introduced(avatar_definition,[new_symbols(naming,[spl59_75])])).
fof(f997,plain,(
  spl59_89 | ~spl59_29 | ~spl59_88),
  inference(avatar_split_clause,[],[f993,f990,f751,f995])).
fof(f751,plain,(
  spl59_29 <=> ! [X0] : (~endurantType(X0) | type_(X0))),
  introduced(avatar_definition,[new_symbols(naming,[spl59_29])])).
fof(f990,plain,(
  spl59_88 <=> endurantType(xyz)),
  introduced(avatar_definition,[new_symbols(naming,[spl59_88])])).
fof(f993,plain,(
  type_(xyz) | (~spl59_29 | ~spl59_88)),
  inference(resolution,[],[f991,f752])).
fof(f752,plain,(
  ( ! [X0] : (~endurantType(X0) | type_(X0)) ) | ~spl59_29),
  inference(avatar_component_clause,[],[f751])).
fof(f991,plain,(
  endurantType(xyz) | ~spl59_88),
  inference(avatar_component_clause,[],[f990])).
fof(f992,plain,(
  spl59_88 | ~spl59_41 | ~spl59_87),
  inference(avatar_split_clause,[],[f988,f985,f799,f990])).
fof(f799,plain,(
  spl59_41 <=> ! [X0] : (endurantType(X0) | ~sortal(X0))),
  introduced(avatar_definition,[new_symbols(naming,[spl59_41])])).
fof(f985,plain,(
  spl59_87 <=> sortal(xyz)),
  introduced(avatar_definition,[new_symbols(naming,[spl59_87])])).
fof(f988,plain,(
  endurantType(xyz) | (~spl59_41 | ~spl59_87)),
  inference(resolution,[],[f986,f800])).
fof(f800,plain,(
  ( ! [X0] : (~sortal(X0) | endurantType(X0)) ) | ~spl59_41),
  inference(avatar_component_clause,[],[f799])).
fof(f986,plain,(
  sortal(xyz) | ~spl59_87),
  inference(avatar_component_clause,[],[f985])).
fof(f987,plain,(
  spl59_87 | ~spl59_2 | ~spl59_50),
  inference(avatar_split_clause,[],[f983,f835,f643,f985])).
fof(f643,plain,(
  spl59_2 <=> antiRigidSortal(xyz)),
  introduced(avatar_definition,[new_symbols(naming,[spl59_2])])).
fof(f835,plain,(
  spl59_50 <=> ! [X0] : (sortal(X0) | ~antiRigidSortal(X0))),
  introduced(avatar_definition,[new_symbols(naming,[spl59_50])])).
fof(f983,plain,(
  sortal(xyz) | (~spl59_2 | ~spl59_50)),
  inference(resolution,[],[f836,f644])).
fof(f644,plain,(
  antiRigidSortal(xyz) | ~spl59_2),
  inference(avatar_component_clause,[],[f643])).
fof(f836,plain,(
  ( ! [X0] : (~antiRigidSortal(X0) | sortal(X0)) ) | ~spl59_50),
  inference(avatar_component_clause,[],[f835])).
fof(f937,plain,(
  spl59_75),
  inference(avatar_split_clause,[],[f552,f935])).
fof(f552,plain,(
  ( ! [X0] : (thing(X0) | ~type_(X0)) )),
  inference(cnf_transformation,[],[f1])).
fof(f1,axiom,(
  ! [X0] : ((individual(X0) | type_(X0)) <=> thing(X0))),
  file('outputs/ufo/subsumptions/type_antiRigidSortal_subsumed_to_thing.in',ax_thing_taxonomy)).
fof(f837,plain,(
  spl59_50),
  inference(avatar_split_clause,[],[f479,f835])).
fof(f479,plain,(
  ( ! [X0] : (sortal(X0) | ~antiRigidSortal(X0)) )),
  inference(cnf_transformation,[],[f166])).
fof(f166,plain,(
  ! [X0] : (antiRigidSortal(X0) <=> (sortal(X0) & antiRigid(X0)))),
  inference(rectify,[],[f64])).
fof(f64,axiom,(
  ! [X8] : (antiRigidSortal(X8) <=> (sortal(X8) & antiRigid(X8)))),
  file('outputs/ufo/subsumptions/type_antiRigidSortal_subsumed_to_thing.in',ax_antiRigidSortalsAreAntiRigidAndSortal_xx)).
fof(f801,plain,(
  spl59_41),
  inference(avatar_split_clause,[],[f404,f799])).
fof(f404,plain,(
  ( ! [X0] : (endurantType(X0) | ~sortal(X0)) )),
  inference(cnf_transformation,[],[f156])).
fof(f156,plain,(
  ! [X0] : (sortal(X0) <=> (? [X1] : (specializes(X0,X1) & kind(X1)) & endurantType(X0)))),
  inference(rectify,[],[f62])).
fof(f62,axiom,(
  ! [X13] : (sortal(X13) <=> (? [X11] : (specializes(X13,X11) & kind(X11)) & endurantType(X13)))),
  file('outputs/ufo/subsumptions/type_antiRigidSortal_subsumed_to_thing.in',ax_dSortal_a23)).
fof(f753,plain,(
  spl59_29),
  inference(avatar_split_clause,[],[f352,f751])).
fof(f352,plain,(
  ( ! [X0] : (~endurantType(X0) | type_(X0)) )),
  inference(cnf_transformation,[],[f241])).
fof(f241,plain,(
  ! [X0] : (type_(X0) | (~perdurantType(X0) & ~endurantType(X0)))),
  inference(ennf_transformation,[],[f7])).
fof(f7,axiom,(
  ! [X0] : ((perdurantType(X0) | endurantType(X0)) => type_(X0))),
  file('outputs/ufo/subsumptions/type_antiRigidSortal_subsumed_to_thing.in',ax_type_taxonomy)).
fof(f645,plain,(
  spl59_2),
  inference(avatar_split_clause,[],[f305,f643])).
fof(f305,plain,(
  antiRigidSortal(xyz)),
  inference(cnf_transformation,[],[f132])).
fof(f132,axiom,(
  antiRigidSortal(xyz)),
  file('outputs/ufo/subsumptions/type_antiRigidSortal_subsumed_to_thing.in',axiom1)).
fof(f641,plain,(
  ~spl59_1),
  inference(avatar_split_clause,[],[f304,f639])).
fof(f304,plain,(
  ~thing(xyz)),
  inference(cnf_transformation,[],[f133])).
fof(f133,axiom,(
  ~thing(xyz)),
  file('outputs/ufo/subsumptions/type_antiRigidSortal_subsumed_to_thing.in',axiom2)).
% SZS output end Proof for type_antiRigidSortal_subsumed_to_thing
% ------------------------------
% Version: Vampire 4.7 (commit af7d05f97 on 2022-09-30 11:01:41 +0200)
% Termination reason: Refutation

% Memory used [KB]: 6140
% Time elapsed: 0.011 s
% ------------------------------
% ------------------------------
% Success in time 0.018 s
