% Running in auto input_syntax mode. Trying TPTP
% ott+11_3_aac=none:afr=on:afp=4000:afq=1.4:amm=off:anc=all:bs=unit_only:bsr=on:bce=on:fde=unused:irw=on:nm=64:newcnf=on:nwc=1:nicw=on:sac=on:sp=reverse_arity:uhcvi=on_31 on type_mixin_subsumed_to_nonSortal for (31ds)
% Refutation found. Thanks to Tanya!
% SZS status Unsatisfiable for type_mixin_subsumed_to_nonSortal
% SZS output start Proof for type_mixin_subsumed_to_nonSortal
fof(f1004,plain,(
  $false),
  inference(avatar_sat_refutation,[],[f642,f646,f818,f826,f991,f1003])).
fof(f1003,plain,(
  spl59_1 | ~spl59_47 | ~spl59_88),
  inference(avatar_contradiction_clause,[],[f1002])).
fof(f1002,plain,(
  $false | (spl59_1 | ~spl59_47 | ~spl59_88)),
  inference(subsumption_resolution,[],[f1001,f641])).
fof(f641,plain,(
  ~nonSortal(xyz) | spl59_1),
  inference(avatar_component_clause,[],[f640])).
fof(f640,plain,(
  spl59_1 <=> nonSortal(xyz)),
  introduced(avatar_definition,[new_symbols(naming,[spl59_1])])).
fof(f1001,plain,(
  nonSortal(xyz) | (~spl59_47 | ~spl59_88)),
  inference(resolution,[],[f825,f990])).
fof(f990,plain,(
  semiRigidNonSortal(xyz) | ~spl59_88),
  inference(avatar_component_clause,[],[f989])).
fof(f989,plain,(
  spl59_88 <=> semiRigidNonSortal(xyz)),
  introduced(avatar_definition,[new_symbols(naming,[spl59_88])])).
fof(f825,plain,(
  ( ! [X0] : (~semiRigidNonSortal(X0) | nonSortal(X0)) ) | ~spl59_47),
  inference(avatar_component_clause,[],[f824])).
fof(f824,plain,(
  spl59_47 <=> ! [X0] : (nonSortal(X0) | ~semiRigidNonSortal(X0))),
  introduced(avatar_definition,[new_symbols(naming,[spl59_47])])).
fof(f991,plain,(
  spl59_88 | ~spl59_2 | ~spl59_45),
  inference(avatar_split_clause,[],[f987,f816,f644,f989])).
fof(f644,plain,(
  spl59_2 <=> mixin(xyz)),
  introduced(avatar_definition,[new_symbols(naming,[spl59_2])])).
fof(f816,plain,(
  spl59_45 <=> ! [X0] : (~mixin(X0) | semiRigidNonSortal(X0))),
  introduced(avatar_definition,[new_symbols(naming,[spl59_45])])).
fof(f987,plain,(
  semiRigidNonSortal(xyz) | (~spl59_2 | ~spl59_45)),
  inference(resolution,[],[f817,f645])).
fof(f645,plain,(
  mixin(xyz) | ~spl59_2),
  inference(avatar_component_clause,[],[f644])).
fof(f817,plain,(
  ( ! [X0] : (~mixin(X0) | semiRigidNonSortal(X0)) ) | ~spl59_45),
  inference(avatar_component_clause,[],[f816])).
fof(f826,plain,(
  spl59_47),
  inference(avatar_split_clause,[],[f424,f824])).
fof(f424,plain,(
  ( ! [X0] : (nonSortal(X0) | ~semiRigidNonSortal(X0)) )),
  inference(cnf_transformation,[],[f160])).
fof(f160,plain,(
  ! [X0] : (semiRigidNonSortal(X0) <=> (nonSortal(X0) & semiRigid(X0)))),
  inference(rectify,[],[f67])).
fof(f67,axiom,(
  ! [X8] : (semiRigidNonSortal(X8) <=> (nonSortal(X8) & semiRigid(X8)))),
  file('outputs/ufo/subsumptions/type_mixin_subsumed_to_nonSortal.in',ax_semiRigidNonSortalsAreSemiRigidAndNonSortal_xx)).
fof(f818,plain,(
  spl59_45),
  inference(avatar_split_clause,[],[f421,f816])).
fof(f421,plain,(
  ( ! [X0] : (~mixin(X0) | semiRigidNonSortal(X0)) )),
  inference(cnf_transformation,[],[f45])).
fof(f45,axiom,(
  ! [X0] : (semiRigidNonSortal(X0) <=> mixin(X0))),
  file('outputs/ufo/subsumptions/type_mixin_subsumed_to_nonSortal.in',ax_semiRigidNonSortal_taxonomy)).
fof(f646,plain,(
  spl59_2),
  inference(avatar_split_clause,[],[f308,f644])).
fof(f308,plain,(
  mixin(xyz)),
  inference(cnf_transformation,[],[f132])).
fof(f132,axiom,(
  mixin(xyz)),
  file('outputs/ufo/subsumptions/type_mixin_subsumed_to_nonSortal.in',axiom1)).
fof(f642,plain,(
  ~spl59_1),
  inference(avatar_split_clause,[],[f307,f640])).
fof(f307,plain,(
  ~nonSortal(xyz)),
  inference(cnf_transformation,[],[f133])).
fof(f133,axiom,(
  ~nonSortal(xyz)),
  file('outputs/ufo/subsumptions/type_mixin_subsumed_to_nonSortal.in',axiom2)).
% SZS output end Proof for type_mixin_subsumed_to_nonSortal
% ------------------------------
% Version: Vampire 4.7 (commit af7d05f97 on 2022-09-30 11:01:41 +0200)
% Termination reason: Refutation

% Memory used [KB]: 6140
% Time elapsed: 0.011 s
% ------------------------------
% ------------------------------
% Success in time 0.017 s
