% Running in auto input_syntax mode. Trying TPTP
% ott+11_3_aac=none:afr=on:afp=4000:afq=1.4:amm=off:anc=all:bs=unit_only:bsr=on:bce=on:fde=unused:irw=on:nm=64:newcnf=on:nwc=1:nicw=on:sac=on:sp=reverse_arity:uhcvi=on_31 on type_category_subsumed_to_rigidNonSortal for (31ds)
% Refutation found. Thanks to Tanya!
% SZS status Unsatisfiable for type_category_subsumed_to_rigidNonSortal
% SZS output start Proof for type_category_subsumed_to_rigidNonSortal
fof(f990,plain,(
  $false),
  inference(avatar_sat_refutation,[],[f642,f646,f838,f989])).
fof(f989,plain,(
  spl59_1 | ~spl59_2 | ~spl59_50),
  inference(avatar_contradiction_clause,[],[f988])).
fof(f988,plain,(
  $false | (spl59_1 | ~spl59_2 | ~spl59_50)),
  inference(subsumption_resolution,[],[f987,f641])).
fof(f641,plain,(
  ~rigidNonSortal(xyz) | spl59_1),
  inference(avatar_component_clause,[],[f640])).
fof(f640,plain,(
  spl59_1 <=> rigidNonSortal(xyz)),
  introduced(avatar_definition,[new_symbols(naming,[spl59_1])])).
fof(f987,plain,(
  rigidNonSortal(xyz) | (~spl59_2 | ~spl59_50)),
  inference(resolution,[],[f837,f645])).
fof(f645,plain,(
  category(xyz) | ~spl59_2),
  inference(avatar_component_clause,[],[f644])).
fof(f644,plain,(
  spl59_2 <=> category(xyz)),
  introduced(avatar_definition,[new_symbols(naming,[spl59_2])])).
fof(f837,plain,(
  ( ! [X0] : (~category(X0) | rigidNonSortal(X0)) ) | ~spl59_50),
  inference(avatar_component_clause,[],[f836])).
fof(f836,plain,(
  spl59_50 <=> ! [X0] : (~category(X0) | rigidNonSortal(X0))),
  introduced(avatar_definition,[new_symbols(naming,[spl59_50])])).
fof(f838,plain,(
  spl59_50),
  inference(avatar_split_clause,[],[f442,f836])).
fof(f442,plain,(
  ( ! [X0] : (~category(X0) | rigidNonSortal(X0)) )),
  inference(cnf_transformation,[],[f44])).
fof(f44,axiom,(
  ! [X0] : (rigidNonSortal(X0) <=> category(X0))),
  file('outputs/ufo/subsumptions/type_category_subsumed_to_rigidNonSortal.in',ax_rigidNonSortal_taxonomy)).
fof(f646,plain,(
  spl59_2),
  inference(avatar_split_clause,[],[f308,f644])).
fof(f308,plain,(
  category(xyz)),
  inference(cnf_transformation,[],[f132])).
fof(f132,axiom,(
  category(xyz)),
  file('outputs/ufo/subsumptions/type_category_subsumed_to_rigidNonSortal.in',axiom1)).
fof(f642,plain,(
  ~spl59_1),
  inference(avatar_split_clause,[],[f307,f640])).
fof(f307,plain,(
  ~rigidNonSortal(xyz)),
  inference(cnf_transformation,[],[f133])).
fof(f133,axiom,(
  ~rigidNonSortal(xyz)),
  file('outputs/ufo/subsumptions/type_category_subsumed_to_rigidNonSortal.in',axiom2)).
% SZS output end Proof for type_category_subsumed_to_rigidNonSortal
% ------------------------------
% Version: Vampire 4.7 (commit af7d05f97 on 2022-09-30 11:01:41 +0200)
% Termination reason: Refutation

% Memory used [KB]: 6140
% Time elapsed: 0.011 s
% ------------------------------
% ------------------------------
% Success in time 0.017 s
