% Running in auto input_syntax mode. Trying TPTP
% ott+11_3_aac=none:afr=on:afp=4000:afq=1.4:amm=off:anc=all:bs=unit_only:bsr=on:bce=on:fde=unused:irw=on:nm=64:newcnf=on:nwc=1:nicw=on:sac=on:sp=reverse_arity:uhcvi=on_31 on type_rigidSortal_subsumed_to_endurantType for (31ds)
% Refutation found. Thanks to Tanya!
% SZS status Unsatisfiable for type_rigidSortal_subsumed_to_endurantType
% SZS output start Proof for type_rigidSortal_subsumed_to_endurantType
fof(f980,plain,(
  $false),
  inference(avatar_sat_refutation,[],[f642,f646,f798,f834,f976,f979])).
fof(f979,plain,(
  spl59_1 | ~spl59_40 | ~spl59_84),
  inference(avatar_contradiction_clause,[],[f978])).
fof(f978,plain,(
  $false | (spl59_1 | ~spl59_40 | ~spl59_84)),
  inference(subsumption_resolution,[],[f977,f641])).
fof(f641,plain,(
  ~endurantType(xyz) | spl59_1),
  inference(avatar_component_clause,[],[f640])).
fof(f640,plain,(
  spl59_1 <=> endurantType(xyz)),
  introduced(avatar_definition,[new_symbols(naming,[spl59_1])])).
fof(f977,plain,(
  endurantType(xyz) | (~spl59_40 | ~spl59_84)),
  inference(resolution,[],[f975,f797])).
fof(f797,plain,(
  ( ! [X0] : (~sortal(X0) | endurantType(X0)) ) | ~spl59_40),
  inference(avatar_component_clause,[],[f796])).
fof(f796,plain,(
  spl59_40 <=> ! [X0] : (endurantType(X0) | ~sortal(X0))),
  introduced(avatar_definition,[new_symbols(naming,[spl59_40])])).
fof(f975,plain,(
  sortal(xyz) | ~spl59_84),
  inference(avatar_component_clause,[],[f974])).
fof(f974,plain,(
  spl59_84 <=> sortal(xyz)),
  introduced(avatar_definition,[new_symbols(naming,[spl59_84])])).
fof(f976,plain,(
  spl59_84 | ~spl59_2 | ~spl59_49),
  inference(avatar_split_clause,[],[f972,f832,f644,f974])).
fof(f644,plain,(
  spl59_2 <=> rigidSortal(xyz)),
  introduced(avatar_definition,[new_symbols(naming,[spl59_2])])).
fof(f832,plain,(
  spl59_49 <=> ! [X0] : (sortal(X0) | ~rigidSortal(X0))),
  introduced(avatar_definition,[new_symbols(naming,[spl59_49])])).
fof(f972,plain,(
  sortal(xyz) | (~spl59_2 | ~spl59_49)),
  inference(resolution,[],[f833,f645])).
fof(f645,plain,(
  rigidSortal(xyz) | ~spl59_2),
  inference(avatar_component_clause,[],[f644])).
fof(f833,plain,(
  ( ! [X0] : (~rigidSortal(X0) | sortal(X0)) ) | ~spl59_49),
  inference(avatar_component_clause,[],[f832])).
fof(f834,plain,(
  spl59_49),
  inference(avatar_split_clause,[],[f482,f832])).
fof(f482,plain,(
  ( ! [X0] : (sortal(X0) | ~rigidSortal(X0)) )),
  inference(cnf_transformation,[],[f166])).
fof(f166,plain,(
  ! [X0] : (rigidSortal(X0) <=> (sortal(X0) & rigid(X0)))),
  inference(rectify,[],[f63])).
fof(f63,axiom,(
  ! [X8] : (rigidSortal(X8) <=> (sortal(X8) & rigid(X8)))),
  file('outputs/ufo/subsumptions/type_rigidSortal_subsumed_to_endurantType.in',ax_rigidSortalsAreRigidAndSortal_xx)).
fof(f798,plain,(
  spl59_40),
  inference(avatar_split_clause,[],[f407,f796])).
fof(f407,plain,(
  ( ! [X0] : (endurantType(X0) | ~sortal(X0)) )),
  inference(cnf_transformation,[],[f156])).
fof(f156,plain,(
  ! [X0] : (sortal(X0) <=> (? [X1] : (specializes(X0,X1) & kind(X1)) & endurantType(X0)))),
  inference(rectify,[],[f62])).
fof(f62,axiom,(
  ! [X13] : (sortal(X13) <=> (? [X11] : (specializes(X13,X11) & kind(X11)) & endurantType(X13)))),
  file('outputs/ufo/subsumptions/type_rigidSortal_subsumed_to_endurantType.in',ax_dSortal_a23)).
fof(f646,plain,(
  spl59_2),
  inference(avatar_split_clause,[],[f308,f644])).
fof(f308,plain,(
  rigidSortal(xyz)),
  inference(cnf_transformation,[],[f132])).
fof(f132,axiom,(
  rigidSortal(xyz)),
  file('outputs/ufo/subsumptions/type_rigidSortal_subsumed_to_endurantType.in',axiom1)).
fof(f642,plain,(
  ~spl59_1),
  inference(avatar_split_clause,[],[f307,f640])).
fof(f307,plain,(
  ~endurantType(xyz)),
  inference(cnf_transformation,[],[f133])).
fof(f133,axiom,(
  ~endurantType(xyz)),
  file('outputs/ufo/subsumptions/type_rigidSortal_subsumed_to_endurantType.in',axiom2)).
% SZS output end Proof for type_rigidSortal_subsumed_to_endurantType
% ------------------------------
% Version: Vampire 4.7 (commit af7d05f97 on 2022-09-30 11:01:41 +0200)
% Termination reason: Refutation

% Memory used [KB]: 6140
% Time elapsed: 0.011 s
% ------------------------------
% ------------------------------
% Success in time 0.018 s
