% Running in auto input_syntax mode. Trying TPTP
% ott+11_3_aac=none:afr=on:afp=4000:afq=1.4:amm=off:anc=all:bs=unit_only:bsr=on:bce=on:fde=unused:irw=on:nm=64:newcnf=on:nwc=1:nicw=on:sac=on:sp=reverse_arity:uhcvi=on_31 on type_relator_subsumed_to_individual for (31ds)
% Refutation found. Thanks to Tanya!
% SZS status Unsatisfiable for type_relator_subsumed_to_individual
% SZS output start Proof for type_relator_subsumed_to_individual
fof(f994,plain,(
  $false),
  inference(avatar_sat_refutation,[],[f642,f646,f850,f878,f886,f926,f975,f981,f990,f993])).
fof(f993,plain,(
  spl59_1 | ~spl59_53 | ~spl59_87),
  inference(avatar_contradiction_clause,[],[f992])).
fof(f992,plain,(
  $false | (spl59_1 | ~spl59_53 | ~spl59_87)),
  inference(subsumption_resolution,[],[f991,f641])).
fof(f641,plain,(
  ~individual(xyz) | spl59_1),
  inference(avatar_component_clause,[],[f640])).
fof(f640,plain,(
  spl59_1 <=> individual(xyz)),
  introduced(avatar_definition,[new_symbols(naming,[spl59_1])])).
fof(f991,plain,(
  individual(xyz) | (~spl59_53 | ~spl59_87)),
  inference(resolution,[],[f989,f849])).
fof(f849,plain,(
  ( ! [X0] : (~concreteIndividual(X0) | individual(X0)) ) | ~spl59_53),
  inference(avatar_component_clause,[],[f848])).
fof(f848,plain,(
  spl59_53 <=> ! [X0] : (individual(X0) | ~concreteIndividual(X0))),
  introduced(avatar_definition,[new_symbols(naming,[spl59_53])])).
fof(f989,plain,(
  concreteIndividual(xyz) | ~spl59_87),
  inference(avatar_component_clause,[],[f988])).
fof(f988,plain,(
  spl59_87 <=> concreteIndividual(xyz)),
  introduced(avatar_definition,[new_symbols(naming,[spl59_87])])).
fof(f990,plain,(
  spl59_87 | ~spl59_72 | ~spl59_85),
  inference(avatar_split_clause,[],[f986,f979,f924,f988])).
fof(f924,plain,(
  spl59_72 <=> ! [X0] : (concreteIndividual(X0) | ~endurant(X0))),
  introduced(avatar_definition,[new_symbols(naming,[spl59_72])])).
fof(f979,plain,(
  spl59_85 <=> endurant(xyz)),
  introduced(avatar_definition,[new_symbols(naming,[spl59_85])])).
fof(f986,plain,(
  concreteIndividual(xyz) | (~spl59_72 | ~spl59_85)),
  inference(resolution,[],[f925,f980])).
fof(f980,plain,(
  endurant(xyz) | ~spl59_85),
  inference(avatar_component_clause,[],[f979])).
fof(f925,plain,(
  ( ! [X0] : (~endurant(X0) | concreteIndividual(X0)) ) | ~spl59_72),
  inference(avatar_component_clause,[],[f924])).
fof(f981,plain,(
  spl59_85 | ~spl59_60 | ~spl59_84),
  inference(avatar_split_clause,[],[f976,f973,f876,f979])).
fof(f876,plain,(
  spl59_60 <=> ! [X0] : (endurant(X0) | ~moment(X0))),
  introduced(avatar_definition,[new_symbols(naming,[spl59_60])])).
fof(f973,plain,(
  spl59_84 <=> moment(xyz)),
  introduced(avatar_definition,[new_symbols(naming,[spl59_84])])).
fof(f976,plain,(
  endurant(xyz) | (~spl59_60 | ~spl59_84)),
  inference(resolution,[],[f974,f877])).
fof(f877,plain,(
  ( ! [X0] : (~moment(X0) | endurant(X0)) ) | ~spl59_60),
  inference(avatar_component_clause,[],[f876])).
fof(f974,plain,(
  moment(xyz) | ~spl59_84),
  inference(avatar_component_clause,[],[f973])).
fof(f975,plain,(
  spl59_84 | ~spl59_2 | ~spl59_62),
  inference(avatar_split_clause,[],[f971,f884,f644,f973])).
fof(f644,plain,(
  spl59_2 <=> relator(xyz)),
  introduced(avatar_definition,[new_symbols(naming,[spl59_2])])).
fof(f884,plain,(
  spl59_62 <=> ! [X0] : (moment(X0) | ~relator(X0))),
  introduced(avatar_definition,[new_symbols(naming,[spl59_62])])).
fof(f971,plain,(
  moment(xyz) | (~spl59_2 | ~spl59_62)),
  inference(resolution,[],[f885,f645])).
fof(f645,plain,(
  relator(xyz) | ~spl59_2),
  inference(avatar_component_clause,[],[f644])).
fof(f885,plain,(
  ( ! [X0] : (~relator(X0) | moment(X0)) ) | ~spl59_62),
  inference(avatar_component_clause,[],[f884])).
fof(f926,plain,(
  spl59_72),
  inference(avatar_split_clause,[],[f552,f924])).
fof(f552,plain,(
  ( ! [X0] : (concreteIndividual(X0) | ~endurant(X0)) )),
  inference(cnf_transformation,[],[f5])).
fof(f5,axiom,(
  ! [X0] : ((perdurant(X0) | endurant(X0)) <=> concreteIndividual(X0))),
  file('outputs/ufo/subsumptions/type_relator_subsumed_to_individual.in',ax_concreteIndividual_taxonomy)).
fof(f886,plain,(
  spl59_62),
  inference(avatar_split_clause,[],[f529,f884])).
fof(f529,plain,(
  ( ! [X0] : (moment(X0) | ~relator(X0)) )),
  inference(cnf_transformation,[],[f20])).
fof(f20,axiom,(
  ! [X0] : ((relator(X0) | intrinsicMoment(X0)) <=> moment(X0))),
  file('outputs/ufo/subsumptions/type_relator_subsumed_to_individual.in',ax_moment_taxonomy)).
fof(f878,plain,(
  spl59_60),
  inference(avatar_split_clause,[],[f526,f876])).
fof(f526,plain,(
  ( ! [X0] : (endurant(X0) | ~moment(X0)) )),
  inference(cnf_transformation,[],[f16])).
fof(f16,axiom,(
  ! [X0] : ((moment(X0) | substantial(X0)) <=> endurant(X0))),
  file('outputs/ufo/subsumptions/type_relator_subsumed_to_individual.in',ax_endurant_taxonomy)).
fof(f850,plain,(
  spl59_53),
  inference(avatar_split_clause,[],[f513,f848])).
fof(f513,plain,(
  ( ! [X0] : (individual(X0) | ~concreteIndividual(X0)) )),
  inference(cnf_transformation,[],[f3])).
fof(f3,axiom,(
  ! [X0] : ((abstractIndividual(X0) | concreteIndividual(X0)) <=> individual(X0))),
  file('outputs/ufo/subsumptions/type_relator_subsumed_to_individual.in',ax_individual_taxonomy)).
fof(f646,plain,(
  spl59_2),
  inference(avatar_split_clause,[],[f308,f644])).
fof(f308,plain,(
  relator(xyz)),
  inference(cnf_transformation,[],[f132])).
fof(f132,axiom,(
  relator(xyz)),
  file('outputs/ufo/subsumptions/type_relator_subsumed_to_individual.in',axiom1)).
fof(f642,plain,(
  ~spl59_1),
  inference(avatar_split_clause,[],[f307,f640])).
fof(f307,plain,(
  ~individual(xyz)),
  inference(cnf_transformation,[],[f133])).
fof(f133,axiom,(
  ~individual(xyz)),
  file('outputs/ufo/subsumptions/type_relator_subsumed_to_individual.in',axiom2)).
% SZS output end Proof for type_relator_subsumed_to_individual
% ------------------------------
% Version: Vampire 4.7 (commit af7d05f97 on 2022-09-30 11:01:41 +0200)
% Termination reason: Refutation

% Memory used [KB]: 6140
% Time elapsed: 0.021 s
% ------------------------------
% ------------------------------
% Success in time 0.03 s
