% Running in auto input_syntax mode. Trying TPTP
% ott+11_3_aac=none:afr=on:afp=4000:afq=1.4:amm=off:anc=all:bs=unit_only:bsr=on:bce=on:fde=unused:irw=on:nm=64:newcnf=on:nwc=1:nicw=on:sac=on:sp=reverse_arity:uhcvi=on_31 on type_qualityKind_subsumed_to_thing for (31ds)
% Refutation found. Thanks to Tanya!
% SZS status Unsatisfiable for type_qualityKind_subsumed_to_thing
% SZS output start Proof for type_qualityKind_subsumed_to_thing
fof(f1048,plain,(
  $false),
  inference(avatar_sat_refutation,[],[f645,f649,f813,f841,f945,f995,f1004,f1047])).
fof(f1047,plain,(
  spl59_1 | ~spl59_76 | ~spl59_90),
  inference(avatar_contradiction_clause,[],[f1046])).
fof(f1046,plain,(
  $false | (spl59_1 | ~spl59_76 | ~spl59_90)),
  inference(subsumption_resolution,[],[f1045,f1003])).
fof(f1003,plain,(
  type_(xyz) | ~spl59_90),
  inference(avatar_component_clause,[],[f1002])).
fof(f1002,plain,(
  spl59_90 <=> type_(xyz)),
  introduced(avatar_definition,[new_symbols(naming,[spl59_90])])).
fof(f1045,plain,(
  ~type_(xyz) | (spl59_1 | ~spl59_76)),
  inference(resolution,[],[f944,f644])).
fof(f644,plain,(
  ~thing(xyz) | spl59_1),
  inference(avatar_component_clause,[],[f643])).
fof(f643,plain,(
  spl59_1 <=> thing(xyz)),
  introduced(avatar_definition,[new_symbols(naming,[spl59_1])])).
fof(f944,plain,(
  ( ! [X0] : (thing(X0) | ~type_(X0)) ) | ~spl59_76),
  inference(avatar_component_clause,[],[f943])).
fof(f943,plain,(
  spl59_76 <=> ! [X0] : (thing(X0) | ~type_(X0))),
  introduced(avatar_definition,[new_symbols(naming,[spl59_76])])).
fof(f1004,plain,(
  spl59_90 | ~spl59_43 | ~spl59_88),
  inference(avatar_split_clause,[],[f996,f993,f811,f1002])).
fof(f811,plain,(
  spl59_43 <=> ! [X0] : (type_(X0) | ~qualityType(X0))),
  introduced(avatar_definition,[new_symbols(naming,[spl59_43])])).
fof(f993,plain,(
  spl59_88 <=> qualityType(xyz)),
  introduced(avatar_definition,[new_symbols(naming,[spl59_88])])).
fof(f996,plain,(
  type_(xyz) | (~spl59_43 | ~spl59_88)),
  inference(resolution,[],[f994,f812])).
fof(f812,plain,(
  ( ! [X0] : (~qualityType(X0) | type_(X0)) ) | ~spl59_43),
  inference(avatar_component_clause,[],[f811])).
fof(f994,plain,(
  qualityType(xyz) | ~spl59_88),
  inference(avatar_component_clause,[],[f993])).
fof(f995,plain,(
  spl59_88 | ~spl59_2 | ~spl59_50),
  inference(avatar_split_clause,[],[f990,f839,f647,f993])).
fof(f647,plain,(
  spl59_2 <=> qualityKind(xyz)),
  introduced(avatar_definition,[new_symbols(naming,[spl59_2])])).
fof(f839,plain,(
  spl59_50 <=> ! [X0] : (~qualityKind(X0) | qualityType(X0))),
  introduced(avatar_definition,[new_symbols(naming,[spl59_50])])).
fof(f990,plain,(
  qualityType(xyz) | (~spl59_2 | ~spl59_50)),
  inference(resolution,[],[f840,f648])).
fof(f648,plain,(
  qualityKind(xyz) | ~spl59_2),
  inference(avatar_component_clause,[],[f647])).
fof(f840,plain,(
  ( ! [X0] : (~qualityKind(X0) | qualityType(X0)) ) | ~spl59_50),
  inference(avatar_component_clause,[],[f839])).
fof(f945,plain,(
  spl59_76),
  inference(avatar_split_clause,[],[f556,f943])).
fof(f556,plain,(
  ( ! [X0] : (thing(X0) | ~type_(X0)) )),
  inference(cnf_transformation,[],[f1])).
fof(f1,axiom,(
  ! [X0] : ((individual(X0) | type_(X0)) <=> thing(X0))),
  file('outputs/ufo/subsumptions/type_qualityKind_subsumed_to_thing.in',ax_thing_taxonomy)).
fof(f841,plain,(
  spl59_50),
  inference(avatar_split_clause,[],[f483,f839])).
fof(f483,plain,(
  ( ! [X0] : (~qualityKind(X0) | qualityType(X0)) )),
  inference(cnf_transformation,[],[f265])).
fof(f265,plain,(
  ! [X0] : ((kind(X0) & qualityType(X0)) | ~qualityKind(X0))),
  inference(ennf_transformation,[],[f202])).
fof(f202,plain,(
  ! [X0] : (qualityKind(X0) => (kind(X0) & qualityType(X0)))),
  inference(unused_predicate_definition_removal,[],[f166])).
fof(f166,plain,(
  ! [X0] : (qualityKind(X0) <=> (kind(X0) & qualityType(X0)))),
  inference(rectify,[],[f83])).
fof(f83,axiom,(
  ! [X8] : (qualityKind(X8) <=> (kind(X8) & qualityType(X8)))),
  file('outputs/ufo/subsumptions/type_qualityKind_subsumed_to_thing.in',ax_qualityKindDefinition_a45)).
fof(f813,plain,(
  spl59_43),
  inference(avatar_split_clause,[],[f414,f811])).
fof(f414,plain,(
  ( ! [X0] : (type_(X0) | ~qualityType(X0)) )),
  inference(cnf_transformation,[],[f254])).
fof(f254,plain,(
  ! [X0] : (qualityType(X0) <=> (! [X1,X2] : (quality(X1) | ~iof(X1,X0,X2) | ~world(X2)) & type_(X0)))),
  inference(flattening,[],[f253])).
fof(f253,plain,(
  ! [X0] : (qualityType(X0) <=> (! [X1,X2] : (quality(X1) | (~iof(X1,X0,X2) | ~world(X2))) & type_(X0)))),
  inference(ennf_transformation,[],[f157])).
fof(f157,plain,(
  ! [X0] : (qualityType(X0) <=> (! [X1,X2] : ((iof(X1,X0,X2) & world(X2)) => quality(X1)) & type_(X0)))),
  inference(rectify,[],[f77])).
fof(f77,axiom,(
  ! [X8] : (qualityType(X8) <=> (! [X6,X2] : ((iof(X6,X8,X2) & world(X2)) => quality(X6)) & type_(X8)))),
  file('outputs/ufo/subsumptions/type_qualityKind_subsumed_to_thing.in',ax_qualityTypeDefinition_a44)).
fof(f649,plain,(
  spl59_2),
  inference(avatar_split_clause,[],[f307,f647])).
fof(f307,plain,(
  qualityKind(xyz)),
  inference(cnf_transformation,[],[f132])).
fof(f132,axiom,(
  qualityKind(xyz)),
  file('outputs/ufo/subsumptions/type_qualityKind_subsumed_to_thing.in',axiom1)).
fof(f645,plain,(
  ~spl59_1),
  inference(avatar_split_clause,[],[f306,f643])).
fof(f306,plain,(
  ~thing(xyz)),
  inference(cnf_transformation,[],[f133])).
fof(f133,axiom,(
  ~thing(xyz)),
  file('outputs/ufo/subsumptions/type_qualityKind_subsumed_to_thing.in',axiom2)).
% SZS output end Proof for type_qualityKind_subsumed_to_thing
% ------------------------------
% Version: Vampire 4.7 (commit af7d05f97 on 2022-09-30 11:01:41 +0200)
% Termination reason: Refutation

% Memory used [KB]: 6140
% Time elapsed: 0.012 s
% ------------------------------
% ------------------------------
% Success in time 0.019 s
