% Running in auto input_syntax mode. Trying TPTP
% ott+11_3_aac=none:afr=on:afp=4000:afq=1.4:amm=off:anc=all:bs=unit_only:bsr=on:bce=on:fde=unused:irw=on:nm=64:newcnf=on:nwc=1:nicw=on:sac=on:sp=reverse_arity:uhcvi=on_31 on type_rigidSortal_subsumed_to_rigid for (31ds)
% Refutation found. Thanks to Tanya!
% SZS status Unsatisfiable for type_rigidSortal_subsumed_to_rigid
% SZS output start Proof for type_rigidSortal_subsumed_to_rigid
fof(f974,plain,(
  $false),
  inference(avatar_sat_refutation,[],[f642,f646,f830,f973])).
fof(f973,plain,(
  spl59_1 | ~spl59_2 | ~spl59_48),
  inference(avatar_contradiction_clause,[],[f972])).
fof(f972,plain,(
  $false | (spl59_1 | ~spl59_2 | ~spl59_48)),
  inference(subsumption_resolution,[],[f971,f641])).
fof(f641,plain,(
  ~rigid(xyz) | spl59_1),
  inference(avatar_component_clause,[],[f640])).
fof(f640,plain,(
  spl59_1 <=> rigid(xyz)),
  introduced(avatar_definition,[new_symbols(naming,[spl59_1])])).
fof(f971,plain,(
  rigid(xyz) | (~spl59_2 | ~spl59_48)),
  inference(resolution,[],[f829,f645])).
fof(f645,plain,(
  rigidSortal(xyz) | ~spl59_2),
  inference(avatar_component_clause,[],[f644])).
fof(f644,plain,(
  spl59_2 <=> rigidSortal(xyz)),
  introduced(avatar_definition,[new_symbols(naming,[spl59_2])])).
fof(f829,plain,(
  ( ! [X0] : (~rigidSortal(X0) | rigid(X0)) ) | ~spl59_48),
  inference(avatar_component_clause,[],[f828])).
fof(f828,plain,(
  spl59_48 <=> ! [X0] : (rigid(X0) | ~rigidSortal(X0))),
  introduced(avatar_definition,[new_symbols(naming,[spl59_48])])).
fof(f830,plain,(
  spl59_48),
  inference(avatar_split_clause,[],[f481,f828])).
fof(f481,plain,(
  ( ! [X0] : (rigid(X0) | ~rigidSortal(X0)) )),
  inference(cnf_transformation,[],[f166])).
fof(f166,plain,(
  ! [X0] : (rigidSortal(X0) <=> (sortal(X0) & rigid(X0)))),
  inference(rectify,[],[f63])).
fof(f63,axiom,(
  ! [X8] : (rigidSortal(X8) <=> (sortal(X8) & rigid(X8)))),
  file('outputs/ufo/subsumptions/type_rigidSortal_subsumed_to_rigid.in',ax_rigidSortalsAreRigidAndSortal_xx)).
fof(f646,plain,(
  spl59_2),
  inference(avatar_split_clause,[],[f308,f644])).
fof(f308,plain,(
  rigidSortal(xyz)),
  inference(cnf_transformation,[],[f132])).
fof(f132,axiom,(
  rigidSortal(xyz)),
  file('outputs/ufo/subsumptions/type_rigidSortal_subsumed_to_rigid.in',axiom1)).
fof(f642,plain,(
  ~spl59_1),
  inference(avatar_split_clause,[],[f307,f640])).
fof(f307,plain,(
  ~rigid(xyz)),
  inference(cnf_transformation,[],[f133])).
fof(f133,axiom,(
  ~rigid(xyz)),
  file('outputs/ufo/subsumptions/type_rigidSortal_subsumed_to_rigid.in',axiom2)).
% SZS output end Proof for type_rigidSortal_subsumed_to_rigid
% ------------------------------
% Version: Vampire 4.7 (commit af7d05f97 on 2022-09-30 11:01:41 +0200)
% Termination reason: Refutation

% Memory used [KB]: 6140
% Time elapsed: 0.015 s
% ------------------------------
% ------------------------------
% Success in time 0.023 s
