% Running in auto input_syntax mode. Trying TPTP
% ott+11_3_aac=none:afr=on:afp=4000:afq=1.4:amm=off:anc=all:bs=unit_only:bsr=on:bce=on:fde=unused:irw=on:nm=64:newcnf=on:nwc=1:nicw=on:sac=on:sp=reverse_arity:uhcvi=on_31 on type_category_subsumed_to_rigid for (31ds)
% Refutation found. Thanks to Tanya!
% SZS status Unsatisfiable for type_category_subsumed_to_rigid
% SZS output start Proof for type_category_subsumed_to_rigid
fof(f995,plain,(
  $false),
  inference(avatar_sat_refutation,[],[f642,f646,f818,f830,f991,f994])).
fof(f994,plain,(
  spl59_1 | ~spl59_48 | ~spl59_88),
  inference(avatar_contradiction_clause,[],[f993])).
fof(f993,plain,(
  $false | (spl59_1 | ~spl59_48 | ~spl59_88)),
  inference(subsumption_resolution,[],[f992,f641])).
fof(f641,plain,(
  ~rigid(xyz) | spl59_1),
  inference(avatar_component_clause,[],[f640])).
fof(f640,plain,(
  spl59_1 <=> rigid(xyz)),
  introduced(avatar_definition,[new_symbols(naming,[spl59_1])])).
fof(f992,plain,(
  rigid(xyz) | (~spl59_48 | ~spl59_88)),
  inference(resolution,[],[f829,f990])).
fof(f990,plain,(
  rigidNonSortal(xyz) | ~spl59_88),
  inference(avatar_component_clause,[],[f989])).
fof(f989,plain,(
  spl59_88 <=> rigidNonSortal(xyz)),
  introduced(avatar_definition,[new_symbols(naming,[spl59_88])])).
fof(f829,plain,(
  ( ! [X0] : (~rigidNonSortal(X0) | rigid(X0)) ) | ~spl59_48),
  inference(avatar_component_clause,[],[f828])).
fof(f828,plain,(
  spl59_48 <=> ! [X0] : (rigid(X0) | ~rigidNonSortal(X0))),
  introduced(avatar_definition,[new_symbols(naming,[spl59_48])])).
fof(f991,plain,(
  spl59_88 | ~spl59_2 | ~spl59_45),
  inference(avatar_split_clause,[],[f987,f816,f644,f989])).
fof(f644,plain,(
  spl59_2 <=> category(xyz)),
  introduced(avatar_definition,[new_symbols(naming,[spl59_2])])).
fof(f816,plain,(
  spl59_45 <=> ! [X0] : (~category(X0) | rigidNonSortal(X0))),
  introduced(avatar_definition,[new_symbols(naming,[spl59_45])])).
fof(f987,plain,(
  rigidNonSortal(xyz) | (~spl59_2 | ~spl59_45)),
  inference(resolution,[],[f817,f645])).
fof(f645,plain,(
  category(xyz) | ~spl59_2),
  inference(avatar_component_clause,[],[f644])).
fof(f817,plain,(
  ( ! [X0] : (~category(X0) | rigidNonSortal(X0)) ) | ~spl59_45),
  inference(avatar_component_clause,[],[f816])).
fof(f830,plain,(
  spl59_48),
  inference(avatar_split_clause,[],[f429,f828])).
fof(f429,plain,(
  ( ! [X0] : (rigid(X0) | ~rigidNonSortal(X0)) )),
  inference(cnf_transformation,[],[f162])).
fof(f162,plain,(
  ! [X0] : (rigidNonSortal(X0) <=> (nonSortal(X0) & rigid(X0)))),
  inference(rectify,[],[f65])).
fof(f65,axiom,(
  ! [X8] : (rigidNonSortal(X8) <=> (nonSortal(X8) & rigid(X8)))),
  file('outputs/ufo/subsumptions/type_category_subsumed_to_rigid.in',ax_rigidNonSortalsAreRigidAndNonSortal_xx)).
fof(f818,plain,(
  spl59_45),
  inference(avatar_split_clause,[],[f421,f816])).
fof(f421,plain,(
  ( ! [X0] : (~category(X0) | rigidNonSortal(X0)) )),
  inference(cnf_transformation,[],[f44])).
fof(f44,axiom,(
  ! [X0] : (rigidNonSortal(X0) <=> category(X0))),
  file('outputs/ufo/subsumptions/type_category_subsumed_to_rigid.in',ax_rigidNonSortal_taxonomy)).
fof(f646,plain,(
  spl59_2),
  inference(avatar_split_clause,[],[f308,f644])).
fof(f308,plain,(
  category(xyz)),
  inference(cnf_transformation,[],[f132])).
fof(f132,axiom,(
  category(xyz)),
  file('outputs/ufo/subsumptions/type_category_subsumed_to_rigid.in',axiom1)).
fof(f642,plain,(
  ~spl59_1),
  inference(avatar_split_clause,[],[f307,f640])).
fof(f307,plain,(
  ~rigid(xyz)),
  inference(cnf_transformation,[],[f133])).
fof(f133,axiom,(
  ~rigid(xyz)),
  file('outputs/ufo/subsumptions/type_category_subsumed_to_rigid.in',axiom2)).
% SZS output end Proof for type_category_subsumed_to_rigid
% ------------------------------
% Version: Vampire 4.7 (commit af7d05f97 on 2022-09-30 11:01:41 +0200)
% Termination reason: Refutation

% Memory used [KB]: 6140
% Time elapsed: 0.011 s
% ------------------------------
% ------------------------------
% Success in time 0.018 s
