% Running in auto input_syntax mode. Trying TPTP
% ott+11_3_aac=none:afr=on:afp=4000:afq=1.4:amm=off:anc=all:bs=unit_only:bsr=on:bce=on:fde=unused:irw=on:nm=64:newcnf=on:nwc=1:nicw=on:sac=on:sp=reverse_arity:uhcvi=on_31 on type_modeKind_subsumed_to_endurantType for (31ds)
% Refutation found. Thanks to Tanya!
% SZS status Unsatisfiable for type_modeKind_subsumed_to_endurantType
% SZS output start Proof for type_modeKind_subsumed_to_endurantType
fof(f1019,plain,(
  $false),
  inference(avatar_sat_refutation,[],[f646,f650,f842,f870,f890,f906,f987,f1007,f1013,f1018])).
fof(f1018,plain,(
  spl59_1 | ~spl59_62 | ~spl59_91),
  inference(avatar_contradiction_clause,[],[f1017])).
fof(f1017,plain,(
  $false | (spl59_1 | ~spl59_62 | ~spl59_91)),
  inference(subsumption_resolution,[],[f1014,f645])).
fof(f645,plain,(
  ~endurantType(xyz) | spl59_1),
  inference(avatar_component_clause,[],[f644])).
fof(f644,plain,(
  spl59_1 <=> endurantType(xyz)),
  introduced(avatar_definition,[new_symbols(naming,[spl59_1])])).
fof(f1014,plain,(
  endurantType(xyz) | (~spl59_62 | ~spl59_91)),
  inference(resolution,[],[f1012,f889])).
fof(f889,plain,(
  ( ! [X0] : (~momentType(X0) | endurantType(X0)) ) | ~spl59_62),
  inference(avatar_component_clause,[],[f888])).
fof(f888,plain,(
  spl59_62 <=> ! [X0] : (endurantType(X0) | ~momentType(X0))),
  introduced(avatar_definition,[new_symbols(naming,[spl59_62])])).
fof(f1012,plain,(
  momentType(xyz) | ~spl59_91),
  inference(avatar_component_clause,[],[f1011])).
fof(f1011,plain,(
  spl59_91 <=> momentType(xyz)),
  introduced(avatar_definition,[new_symbols(naming,[spl59_91])])).
fof(f1013,plain,(
  spl59_91 | ~spl59_57 | ~spl59_90),
  inference(avatar_split_clause,[],[f1008,f1005,f868,f1011])).
fof(f868,plain,(
  spl59_57 <=> ! [X0] : (momentType(X0) | ~intrinsicMomentType(X0))),
  introduced(avatar_definition,[new_symbols(naming,[spl59_57])])).
fof(f1005,plain,(
  spl59_90 <=> intrinsicMomentType(xyz)),
  introduced(avatar_definition,[new_symbols(naming,[spl59_90])])).
fof(f1008,plain,(
  momentType(xyz) | (~spl59_57 | ~spl59_90)),
  inference(resolution,[],[f1006,f869])).
fof(f869,plain,(
  ( ! [X0] : (~intrinsicMomentType(X0) | momentType(X0)) ) | ~spl59_57),
  inference(avatar_component_clause,[],[f868])).
fof(f1006,plain,(
  intrinsicMomentType(xyz) | ~spl59_90),
  inference(avatar_component_clause,[],[f1005])).
fof(f1007,plain,(
  spl59_90 | ~spl59_66 | ~spl59_86),
  inference(avatar_split_clause,[],[f1003,f985,f904,f1005])).
fof(f904,plain,(
  spl59_66 <=> ! [X0] : (intrinsicMomentType(X0) | ~modeType(X0))),
  introduced(avatar_definition,[new_symbols(naming,[spl59_66])])).
fof(f985,plain,(
  spl59_86 <=> modeType(xyz)),
  introduced(avatar_definition,[new_symbols(naming,[spl59_86])])).
fof(f1003,plain,(
  intrinsicMomentType(xyz) | (~spl59_66 | ~spl59_86)),
  inference(resolution,[],[f905,f986])).
fof(f986,plain,(
  modeType(xyz) | ~spl59_86),
  inference(avatar_component_clause,[],[f985])).
fof(f905,plain,(
  ( ! [X0] : (~modeType(X0) | intrinsicMomentType(X0)) ) | ~spl59_66),
  inference(avatar_component_clause,[],[f904])).
fof(f987,plain,(
  spl59_86 | ~spl59_2 | ~spl59_50),
  inference(avatar_split_clause,[],[f983,f840,f648,f985])).
fof(f648,plain,(
  spl59_2 <=> modeKind(xyz)),
  introduced(avatar_definition,[new_symbols(naming,[spl59_2])])).
fof(f840,plain,(
  spl59_50 <=> ! [X0] : (~modeKind(X0) | modeType(X0))),
  introduced(avatar_definition,[new_symbols(naming,[spl59_50])])).
fof(f983,plain,(
  modeType(xyz) | (~spl59_2 | ~spl59_50)),
  inference(resolution,[],[f841,f649])).
fof(f649,plain,(
  modeKind(xyz) | ~spl59_2),
  inference(avatar_component_clause,[],[f648])).
fof(f841,plain,(
  ( ! [X0] : (~modeKind(X0) | modeType(X0)) ) | ~spl59_50),
  inference(avatar_component_clause,[],[f840])).
fof(f906,plain,(
  spl59_66),
  inference(avatar_split_clause,[],[f536,f904])).
fof(f536,plain,(
  ( ! [X0] : (intrinsicMomentType(X0) | ~modeType(X0)) )),
  inference(cnf_transformation,[],[f32])).
fof(f32,axiom,(
  ! [X0] : ((modeType(X0) | qualityType(X0)) <=> intrinsicMomentType(X0))),
  file('outputs/ufo/subsumptions/type_modeKind_subsumed_to_endurantType.in',ax_intrinsicMomentType_taxonomy)).
fof(f890,plain,(
  spl59_62),
  inference(avatar_split_clause,[],[f530,f888])).
fof(f530,plain,(
  ( ! [X0] : (endurantType(X0) | ~momentType(X0)) )),
  inference(cnf_transformation,[],[f26])).
fof(f26,axiom,(
  ! [X0] : ((momentType(X0) | substantialType(X0)) <=> endurantType(X0))),
  file('outputs/ufo/subsumptions/type_modeKind_subsumed_to_endurantType.in',ax_endurantType_taxonomy_nature)).
fof(f870,plain,(
  spl59_57),
  inference(avatar_split_clause,[],[f523,f868])).
fof(f523,plain,(
  ( ! [X0] : (momentType(X0) | ~intrinsicMomentType(X0)) )),
  inference(cnf_transformation,[],[f30])).
fof(f30,axiom,(
  ! [X0] : ((relatorType(X0) | intrinsicMomentType(X0)) <=> momentType(X0))),
  file('outputs/ufo/subsumptions/type_modeKind_subsumed_to_endurantType.in',ax_momentType_taxonomy)).
fof(f842,plain,(
  spl59_50),
  inference(avatar_split_clause,[],[f486,f840])).
fof(f486,plain,(
  ( ! [X0] : (~modeKind(X0) | modeType(X0)) )),
  inference(cnf_transformation,[],[f266])).
fof(f266,plain,(
  ! [X0] : ((kind(X0) & modeType(X0)) | ~modeKind(X0))),
  inference(ennf_transformation,[],[f202])).
fof(f202,plain,(
  ! [X0] : (modeKind(X0) => (kind(X0) & modeType(X0)))),
  inference(unused_predicate_definition_removal,[],[f166])).
fof(f166,plain,(
  ! [X0] : (modeKind(X0) <=> (kind(X0) & modeType(X0)))),
  inference(rectify,[],[f82])).
fof(f82,axiom,(
  ! [X8] : (modeKind(X8) <=> (kind(X8) & modeType(X8)))),
  file('outputs/ufo/subsumptions/type_modeKind_subsumed_to_endurantType.in',ax_modeKindDefinition_a45)).
fof(f650,plain,(
  spl59_2),
  inference(avatar_split_clause,[],[f310,f648])).
fof(f310,plain,(
  modeKind(xyz)),
  inference(cnf_transformation,[],[f132])).
fof(f132,axiom,(
  modeKind(xyz)),
  file('outputs/ufo/subsumptions/type_modeKind_subsumed_to_endurantType.in',axiom1)).
fof(f646,plain,(
  ~spl59_1),
  inference(avatar_split_clause,[],[f309,f644])).
fof(f309,plain,(
  ~endurantType(xyz)),
  inference(cnf_transformation,[],[f133])).
fof(f133,axiom,(
  ~endurantType(xyz)),
  file('outputs/ufo/subsumptions/type_modeKind_subsumed_to_endurantType.in',axiom2)).
% SZS output end Proof for type_modeKind_subsumed_to_endurantType
% ------------------------------
% Version: Vampire 4.7 (commit af7d05f97 on 2022-09-30 11:01:41 +0200)
% Termination reason: Refutation

% Memory used [KB]: 6140
% Time elapsed: 0.012 s
% ------------------------------
% ------------------------------
% Success in time 0.019 s
