% Running in auto input_syntax mode. Trying TPTP
% ott+11_3_aac=none:afr=on:afp=4000:afq=1.4:amm=off:anc=all:bs=unit_only:bsr=on:bce=on:fde=unused:irw=on:nm=64:newcnf=on:nwc=1:nicw=on:sac=on:sp=reverse_arity:uhcvi=on_31 on type_externallyDependentMode_subsumed_to_mode for (31ds)
% Refutation found. Thanks to Tanya!
% SZS status Unsatisfiable for type_externallyDependentMode_subsumed_to_mode
% SZS output start Proof for type_externallyDependentMode_subsumed_to_mode
fof(f974,plain,(
  $false),
  inference(avatar_sat_refutation,[],[f642,f646,f746,f973])).
fof(f973,plain,(
  spl59_1 | ~spl59_2 | ~spl59_27),
  inference(avatar_contradiction_clause,[],[f972])).
fof(f972,plain,(
  $false | (spl59_1 | ~spl59_2 | ~spl59_27)),
  inference(subsumption_resolution,[],[f971,f641])).
fof(f641,plain,(
  ~mode(xyz) | spl59_1),
  inference(avatar_component_clause,[],[f640])).
fof(f640,plain,(
  spl59_1 <=> mode(xyz)),
  introduced(avatar_definition,[new_symbols(naming,[spl59_1])])).
fof(f971,plain,(
  mode(xyz) | (~spl59_2 | ~spl59_27)),
  inference(resolution,[],[f745,f645])).
fof(f645,plain,(
  externallyDependentMode(xyz) | ~spl59_2),
  inference(avatar_component_clause,[],[f644])).
fof(f644,plain,(
  spl59_2 <=> externallyDependentMode(xyz)),
  introduced(avatar_definition,[new_symbols(naming,[spl59_2])])).
fof(f745,plain,(
  ( ! [X0] : (~externallyDependentMode(X0) | mode(X0)) ) | ~spl59_27),
  inference(avatar_component_clause,[],[f744])).
fof(f744,plain,(
  spl59_27 <=> ! [X0] : (~externallyDependentMode(X0) | mode(X0))),
  introduced(avatar_definition,[new_symbols(naming,[spl59_27])])).
fof(f746,plain,(
  spl59_27),
  inference(avatar_split_clause,[],[f349,f744])).
fof(f349,plain,(
  ( ! [X0] : (~externallyDependentMode(X0) | mode(X0)) )),
  inference(cnf_transformation,[],[f238])).
fof(f238,plain,(
  ! [X0] : (mode(X0) | ~externallyDependentMode(X0))),
  inference(ennf_transformation,[],[f24])).
fof(f24,axiom,(
  ! [X0] : (externallyDependentMode(X0) => mode(X0))),
  file('outputs/ufo/subsumptions/type_externallyDependentMode_subsumed_to_mode.in',ax_mode_taxonomy_externallyDependentMode)).
fof(f646,plain,(
  spl59_2),
  inference(avatar_split_clause,[],[f308,f644])).
fof(f308,plain,(
  externallyDependentMode(xyz)),
  inference(cnf_transformation,[],[f132])).
fof(f132,axiom,(
  externallyDependentMode(xyz)),
  file('outputs/ufo/subsumptions/type_externallyDependentMode_subsumed_to_mode.in',axiom1)).
fof(f642,plain,(
  ~spl59_1),
  inference(avatar_split_clause,[],[f307,f640])).
fof(f307,plain,(
  ~mode(xyz)),
  inference(cnf_transformation,[],[f133])).
fof(f133,axiom,(
  ~mode(xyz)),
  file('outputs/ufo/subsumptions/type_externallyDependentMode_subsumed_to_mode.in',axiom2)).
% SZS output end Proof for type_externallyDependentMode_subsumed_to_mode
% ------------------------------
% Version: Vampire 4.7 (commit af7d05f97 on 2022-09-30 11:01:41 +0200)
% Termination reason: Refutation

% Memory used [KB]: 6140
% Time elapsed: 0.012 s
% ------------------------------
% ------------------------------
% Success in time 0.018 s
