% Running in auto input_syntax mode. Trying TPTP
% ott+11_3_aac=none:afr=on:afp=4000:afq=1.4:amm=off:anc=all:bs=unit_only:bsr=on:bce=on:fde=unused:irw=on:nm=64:newcnf=on:nwc=1:nicw=on:sac=on:sp=reverse_arity:uhcvi=on_31 on type_subkind_subsumed_to_thing for (31ds)
% Refutation found. Thanks to Tanya!
% SZS status Unsatisfiable for type_subkind_subsumed_to_thing
% SZS output start Proof for type_subkind_subsumed_to_thing
fof(f1015,plain,(
  $false),
  inference(avatar_sat_refutation,[],[f641,f645,f757,f789,f809,f929,f941,f990,f996,f1006,f1011,f1014])).
fof(f1014,plain,(
  spl59_1 | ~spl59_76 | ~spl59_92),
  inference(avatar_contradiction_clause,[],[f1013])).
fof(f1013,plain,(
  $false | (spl59_1 | ~spl59_76 | ~spl59_92)),
  inference(subsumption_resolution,[],[f1012,f640])).
fof(f640,plain,(
  ~thing(xyz) | spl59_1),
  inference(avatar_component_clause,[],[f639])).
fof(f639,plain,(
  spl59_1 <=> thing(xyz)),
  introduced(avatar_definition,[new_symbols(naming,[spl59_1])])).
fof(f1012,plain,(
  thing(xyz) | (~spl59_76 | ~spl59_92)),
  inference(resolution,[],[f1010,f940])).
fof(f940,plain,(
  ( ! [X0] : (~type_(X0) | thing(X0)) ) | ~spl59_76),
  inference(avatar_component_clause,[],[f939])).
fof(f939,plain,(
  spl59_76 <=> ! [X0] : (thing(X0) | ~type_(X0))),
  introduced(avatar_definition,[new_symbols(naming,[spl59_76])])).
fof(f1010,plain,(
  type_(xyz) | ~spl59_92),
  inference(avatar_component_clause,[],[f1009])).
fof(f1009,plain,(
  spl59_92 <=> type_(xyz)),
  introduced(avatar_definition,[new_symbols(naming,[spl59_92])])).
fof(f1011,plain,(
  spl59_92 | ~spl59_30 | ~spl59_91),
  inference(avatar_split_clause,[],[f1007,f1004,f755,f1009])).
fof(f755,plain,(
  spl59_30 <=> ! [X0] : (~endurantType(X0) | type_(X0))),
  introduced(avatar_definition,[new_symbols(naming,[spl59_30])])).
fof(f1004,plain,(
  spl59_91 <=> endurantType(xyz)),
  introduced(avatar_definition,[new_symbols(naming,[spl59_91])])).
fof(f1007,plain,(
  type_(xyz) | (~spl59_30 | ~spl59_91)),
  inference(resolution,[],[f1005,f756])).
fof(f756,plain,(
  ( ! [X0] : (~endurantType(X0) | type_(X0)) ) | ~spl59_30),
  inference(avatar_component_clause,[],[f755])).
fof(f1005,plain,(
  endurantType(xyz) | ~spl59_91),
  inference(avatar_component_clause,[],[f1004])).
fof(f1006,plain,(
  spl59_91 | ~spl59_43 | ~spl59_89),
  inference(avatar_split_clause,[],[f997,f994,f807,f1004])).
fof(f807,plain,(
  spl59_43 <=> ! [X0] : (endurantType(X0) | ~sortal(X0))),
  introduced(avatar_definition,[new_symbols(naming,[spl59_43])])).
fof(f994,plain,(
  spl59_89 <=> sortal(xyz)),
  introduced(avatar_definition,[new_symbols(naming,[spl59_89])])).
fof(f997,plain,(
  endurantType(xyz) | (~spl59_43 | ~spl59_89)),
  inference(resolution,[],[f995,f808])).
fof(f808,plain,(
  ( ! [X0] : (~sortal(X0) | endurantType(X0)) ) | ~spl59_43),
  inference(avatar_component_clause,[],[f807])).
fof(f995,plain,(
  sortal(xyz) | ~spl59_89),
  inference(avatar_component_clause,[],[f994])).
fof(f996,plain,(
  spl59_89 | ~spl59_38 | ~spl59_88),
  inference(avatar_split_clause,[],[f991,f988,f787,f994])).
fof(f787,plain,(
  spl59_38 <=> ! [X0] : (sortal(X0) | ~rigidSortal(X0))),
  introduced(avatar_definition,[new_symbols(naming,[spl59_38])])).
fof(f988,plain,(
  spl59_88 <=> rigidSortal(xyz)),
  introduced(avatar_definition,[new_symbols(naming,[spl59_88])])).
fof(f991,plain,(
  sortal(xyz) | (~spl59_38 | ~spl59_88)),
  inference(resolution,[],[f989,f788])).
fof(f788,plain,(
  ( ! [X0] : (~rigidSortal(X0) | sortal(X0)) ) | ~spl59_38),
  inference(avatar_component_clause,[],[f787])).
fof(f989,plain,(
  rigidSortal(xyz) | ~spl59_88),
  inference(avatar_component_clause,[],[f988])).
fof(f990,plain,(
  spl59_88 | ~spl59_2 | ~spl59_73),
  inference(avatar_split_clause,[],[f986,f927,f643,f988])).
fof(f643,plain,(
  spl59_2 <=> subkind(xyz)),
  introduced(avatar_definition,[new_symbols(naming,[spl59_2])])).
fof(f927,plain,(
  spl59_73 <=> ! [X0] : (rigidSortal(X0) | ~subkind(X0))),
  introduced(avatar_definition,[new_symbols(naming,[spl59_73])])).
fof(f986,plain,(
  rigidSortal(xyz) | (~spl59_2 | ~spl59_73)),
  inference(resolution,[],[f928,f644])).
fof(f644,plain,(
  subkind(xyz) | ~spl59_2),
  inference(avatar_component_clause,[],[f643])).
fof(f928,plain,(
  ( ! [X0] : (~subkind(X0) | rigidSortal(X0)) ) | ~spl59_73),
  inference(avatar_component_clause,[],[f927])).
fof(f941,plain,(
  spl59_76),
  inference(avatar_split_clause,[],[f552,f939])).
fof(f552,plain,(
  ( ! [X0] : (thing(X0) | ~type_(X0)) )),
  inference(cnf_transformation,[],[f1])).
fof(f1,axiom,(
  ! [X0] : ((individual(X0) | type_(X0)) <=> thing(X0))),
  file('outputs/ufo/subsumptions/type_subkind_subsumed_to_thing.in',ax_thing_taxonomy)).
fof(f929,plain,(
  spl59_73),
  inference(avatar_split_clause,[],[f547,f927])).
fof(f547,plain,(
  ( ! [X0] : (rigidSortal(X0) | ~subkind(X0)) )),
  inference(cnf_transformation,[],[f38])).
fof(f38,axiom,(
  ! [X0] : ((subkind(X0) | kind(X0)) <=> rigidSortal(X0))),
  file('outputs/ufo/subsumptions/type_subkind_subsumed_to_thing.in',ax_rigidSortal_taxonomy)).
fof(f809,plain,(
  spl59_43),
  inference(avatar_split_clause,[],[f407,f807])).
fof(f407,plain,(
  ( ! [X0] : (endurantType(X0) | ~sortal(X0)) )),
  inference(cnf_transformation,[],[f157])).
fof(f157,plain,(
  ! [X0] : (sortal(X0) <=> (? [X1] : (specializes(X0,X1) & kind(X1)) & endurantType(X0)))),
  inference(rectify,[],[f62])).
fof(f62,axiom,(
  ! [X13] : (sortal(X13) <=> (? [X11] : (specializes(X13,X11) & kind(X11)) & endurantType(X13)))),
  file('outputs/ufo/subsumptions/type_subkind_subsumed_to_thing.in',ax_dSortal_a23)).
fof(f789,plain,(
  spl59_38),
  inference(avatar_split_clause,[],[f374,f787])).
fof(f374,plain,(
  ( ! [X0] : (sortal(X0) | ~rigidSortal(X0)) )),
  inference(cnf_transformation,[],[f150])).
fof(f150,plain,(
  ! [X0] : (rigidSortal(X0) <=> (sortal(X0) & rigid(X0)))),
  inference(rectify,[],[f63])).
fof(f63,axiom,(
  ! [X8] : (rigidSortal(X8) <=> (sortal(X8) & rigid(X8)))),
  file('outputs/ufo/subsumptions/type_subkind_subsumed_to_thing.in',ax_rigidSortalsAreRigidAndSortal_xx)).
fof(f757,plain,(
  spl59_30),
  inference(avatar_split_clause,[],[f352,f755])).
fof(f352,plain,(
  ( ! [X0] : (~endurantType(X0) | type_(X0)) )),
  inference(cnf_transformation,[],[f241])).
fof(f241,plain,(
  ! [X0] : (type_(X0) | (~perdurantType(X0) & ~endurantType(X0)))),
  inference(ennf_transformation,[],[f7])).
fof(f7,axiom,(
  ! [X0] : ((perdurantType(X0) | endurantType(X0)) => type_(X0))),
  file('outputs/ufo/subsumptions/type_subkind_subsumed_to_thing.in',ax_type_taxonomy)).
fof(f645,plain,(
  spl59_2),
  inference(avatar_split_clause,[],[f305,f643])).
fof(f305,plain,(
  subkind(xyz)),
  inference(cnf_transformation,[],[f132])).
fof(f132,axiom,(
  subkind(xyz)),
  file('outputs/ufo/subsumptions/type_subkind_subsumed_to_thing.in',axiom1)).
fof(f641,plain,(
  ~spl59_1),
  inference(avatar_split_clause,[],[f304,f639])).
fof(f304,plain,(
  ~thing(xyz)),
  inference(cnf_transformation,[],[f133])).
fof(f133,axiom,(
  ~thing(xyz)),
  file('outputs/ufo/subsumptions/type_subkind_subsumed_to_thing.in',axiom2)).
% SZS output end Proof for type_subkind_subsumed_to_thing
% ------------------------------
% Version: Vampire 4.7 (commit af7d05f97 on 2022-09-30 11:01:41 +0200)
% Termination reason: Refutation

% Memory used [KB]: 6140
% Time elapsed: 0.012 s
% ------------------------------
% ------------------------------
% Success in time 0.02 s
