% Running in auto input_syntax mode. Trying TPTP
% ott+11_3_aac=none:afr=on:afp=4000:afq=1.4:amm=off:anc=all:bs=unit_only:bsr=on:bce=on:fde=unused:irw=on:nm=64:newcnf=on:nwc=1:nicw=on:sac=on:sp=reverse_arity:uhcvi=on_31 on type_quantity_subsumed_to_substantial for (31ds)
% Refutation found. Thanks to Tanya!
% SZS status Unsatisfiable for type_quantity_subsumed_to_substantial
% SZS output start Proof for type_quantity_subsumed_to_substantial
fof(f974,plain,(
  $false),
  inference(avatar_sat_refutation,[],[f642,f646,f898,f973])).
fof(f973,plain,(
  spl59_1 | ~spl59_2 | ~spl59_65),
  inference(avatar_contradiction_clause,[],[f972])).
fof(f972,plain,(
  $false | (spl59_1 | ~spl59_2 | ~spl59_65)),
  inference(subsumption_resolution,[],[f971,f641])).
fof(f641,plain,(
  ~substantial(xyz) | spl59_1),
  inference(avatar_component_clause,[],[f640])).
fof(f640,plain,(
  spl59_1 <=> substantial(xyz)),
  introduced(avatar_definition,[new_symbols(naming,[spl59_1])])).
fof(f971,plain,(
  substantial(xyz) | (~spl59_2 | ~spl59_65)),
  inference(resolution,[],[f897,f645])).
fof(f645,plain,(
  quantity(xyz) | ~spl59_2),
  inference(avatar_component_clause,[],[f644])).
fof(f644,plain,(
  spl59_2 <=> quantity(xyz)),
  introduced(avatar_definition,[new_symbols(naming,[spl59_2])])).
fof(f897,plain,(
  ( ! [X0] : (~quantity(X0) | substantial(X0)) ) | ~spl59_65),
  inference(avatar_component_clause,[],[f896])).
fof(f896,plain,(
  spl59_65 <=> ! [X0] : (substantial(X0) | ~quantity(X0))),
  introduced(avatar_definition,[new_symbols(naming,[spl59_65])])).
fof(f898,plain,(
  spl59_65),
  inference(avatar_split_clause,[],[f536,f896])).
fof(f536,plain,(
  ( ! [X0] : (substantial(X0) | ~quantity(X0)) )),
  inference(cnf_transformation,[],[f18])).
fof(f18,axiom,(
  ! [X0] : ((quantity(X0) | collective(X0) | object(X0)) <=> substantial(X0))),
  file('outputs/ufo/subsumptions/type_quantity_subsumed_to_substantial.in',ax_substantial_taxonomy)).
fof(f646,plain,(
  spl59_2),
  inference(avatar_split_clause,[],[f308,f644])).
fof(f308,plain,(
  quantity(xyz)),
  inference(cnf_transformation,[],[f132])).
fof(f132,axiom,(
  quantity(xyz)),
  file('outputs/ufo/subsumptions/type_quantity_subsumed_to_substantial.in',axiom1)).
fof(f642,plain,(
  ~spl59_1),
  inference(avatar_split_clause,[],[f307,f640])).
fof(f307,plain,(
  ~substantial(xyz)),
  inference(cnf_transformation,[],[f133])).
fof(f133,axiom,(
  ~substantial(xyz)),
  file('outputs/ufo/subsumptions/type_quantity_subsumed_to_substantial.in',axiom2)).
% SZS output end Proof for type_quantity_subsumed_to_substantial
% ------------------------------
% Version: Vampire 4.7 (commit af7d05f97 on 2022-09-30 11:01:41 +0200)
% Termination reason: Refutation

% Memory used [KB]: 6140
% Time elapsed: 0.011 s
% ------------------------------
% ------------------------------
% Success in time 0.017 s
