% Running in auto input_syntax mode. Trying TPTP
% ott+11_3_aac=none:afr=on:afp=4000:afq=1.4:amm=off:anc=all:bs=unit_only:bsr=on:bce=on:fde=unused:irw=on:nm=64:newcnf=on:nwc=1:nicw=on:sac=on:sp=reverse_arity:uhcvi=on_31 on type_world_subsumed_to_abstractIndividual for (31ds)
% Refutation found. Thanks to Tanya!
% SZS status Unsatisfiable for type_world_subsumed_to_abstractIndividual
% SZS output start Proof for type_world_subsumed_to_abstractIndividual
fof(f974,plain,(
  $false),
  inference(avatar_sat_refutation,[],[f642,f646,f750,f973])).
fof(f973,plain,(
  spl59_1 | ~spl59_2 | ~spl59_28),
  inference(avatar_contradiction_clause,[],[f972])).
fof(f972,plain,(
  $false | (spl59_1 | ~spl59_2 | ~spl59_28)),
  inference(subsumption_resolution,[],[f971,f641])).
fof(f641,plain,(
  ~abstractIndividual(xyz) | spl59_1),
  inference(avatar_component_clause,[],[f640])).
fof(f640,plain,(
  spl59_1 <=> abstractIndividual(xyz)),
  introduced(avatar_definition,[new_symbols(naming,[spl59_1])])).
fof(f971,plain,(
  abstractIndividual(xyz) | (~spl59_2 | ~spl59_28)),
  inference(resolution,[],[f749,f645])).
fof(f645,plain,(
  world(xyz) | ~spl59_2),
  inference(avatar_component_clause,[],[f644])).
fof(f644,plain,(
  spl59_2 <=> world(xyz)),
  introduced(avatar_definition,[new_symbols(naming,[spl59_2])])).
fof(f749,plain,(
  ( ! [X0] : (~world(X0) | abstractIndividual(X0)) ) | ~spl59_28),
  inference(avatar_component_clause,[],[f748])).
fof(f748,plain,(
  spl59_28 <=> ! [X0] : (~world(X0) | abstractIndividual(X0))),
  introduced(avatar_definition,[new_symbols(naming,[spl59_28])])).
fof(f750,plain,(
  spl59_28),
  inference(avatar_split_clause,[],[f352,f748])).
fof(f352,plain,(
  ( ! [X0] : (~world(X0) | abstractIndividual(X0)) )),
  inference(cnf_transformation,[],[f240])).
fof(f240,plain,(
  ! [X0] : (abstractIndividual(X0) | ~world(X0))),
  inference(ennf_transformation,[],[f11])).
fof(f11,axiom,(
  ! [X0] : (world(X0) => abstractIndividual(X0))),
  file('outputs/ufo/subsumptions/type_world_subsumed_to_abstractIndividual.in',ax_abstractIndividual_taxonomy_world)).
fof(f646,plain,(
  spl59_2),
  inference(avatar_split_clause,[],[f308,f644])).
fof(f308,plain,(
  world(xyz)),
  inference(cnf_transformation,[],[f132])).
fof(f132,axiom,(
  world(xyz)),
  file('outputs/ufo/subsumptions/type_world_subsumed_to_abstractIndividual.in',axiom1)).
fof(f642,plain,(
  ~spl59_1),
  inference(avatar_split_clause,[],[f307,f640])).
fof(f307,plain,(
  ~abstractIndividual(xyz)),
  inference(cnf_transformation,[],[f133])).
fof(f133,axiom,(
  ~abstractIndividual(xyz)),
  file('outputs/ufo/subsumptions/type_world_subsumed_to_abstractIndividual.in',axiom2)).
% SZS output end Proof for type_world_subsumed_to_abstractIndividual
% ------------------------------
% Version: Vampire 4.7 (commit af7d05f97 on 2022-09-30 11:01:41 +0200)
% Termination reason: Refutation

% Memory used [KB]: 6140
% Time elapsed: 0.011 s
% ------------------------------
% ------------------------------
% Success in time 0.018 s
