% Running in auto input_syntax mode. Trying TPTP
% ott+11_3_aac=none:afr=on:afp=4000:afq=1.4:amm=off:anc=all:bs=unit_only:bsr=on:bce=on:fde=unused:irw=on:nm=64:newcnf=on:nwc=1:nicw=on:sac=on:sp=reverse_arity:uhcvi=on_31 on type_collectiveType_subsumed_to_substantialType for (31ds)
% Refutation found. Thanks to Tanya!
% SZS status Unsatisfiable for type_collectiveType_subsumed_to_substantialType
% SZS output start Proof for type_collectiveType_subsumed_to_substantialType
fof(f979,plain,(
  $false),
  inference(avatar_sat_refutation,[],[f642,f646,f914,f978])).
fof(f978,plain,(
  spl59_1 | ~spl59_2 | ~spl59_69),
  inference(avatar_contradiction_clause,[],[f977])).
fof(f977,plain,(
  $false | (spl59_1 | ~spl59_2 | ~spl59_69)),
  inference(subsumption_resolution,[],[f976,f641])).
fof(f641,plain,(
  ~substantialType(xyz) | spl59_1),
  inference(avatar_component_clause,[],[f640])).
fof(f640,plain,(
  spl59_1 <=> substantialType(xyz)),
  introduced(avatar_definition,[new_symbols(naming,[spl59_1])])).
fof(f976,plain,(
  substantialType(xyz) | (~spl59_2 | ~spl59_69)),
  inference(resolution,[],[f913,f645])).
fof(f645,plain,(
  collectiveType(xyz) | ~spl59_2),
  inference(avatar_component_clause,[],[f644])).
fof(f644,plain,(
  spl59_2 <=> collectiveType(xyz)),
  introduced(avatar_definition,[new_symbols(naming,[spl59_2])])).
fof(f913,plain,(
  ( ! [X0] : (~collectiveType(X0) | substantialType(X0)) ) | ~spl59_69),
  inference(avatar_component_clause,[],[f912])).
fof(f912,plain,(
  spl59_69 <=> ! [X0] : (substantialType(X0) | ~collectiveType(X0))),
  introduced(avatar_definition,[new_symbols(naming,[spl59_69])])).
fof(f914,plain,(
  spl59_69),
  inference(avatar_split_clause,[],[f546,f912])).
fof(f546,plain,(
  ( ! [X0] : (substantialType(X0) | ~collectiveType(X0)) )),
  inference(cnf_transformation,[],[f28])).
fof(f28,axiom,(
  ! [X0] : ((quantityType(X0) | collectiveType(X0) | objectType(X0)) <=> substantialType(X0))),
  file('outputs/ufo/subsumptions/type_collectiveType_subsumed_to_substantialType.in',ax_substantialType_taxonomy)).
fof(f646,plain,(
  spl59_2),
  inference(avatar_split_clause,[],[f308,f644])).
fof(f308,plain,(
  collectiveType(xyz)),
  inference(cnf_transformation,[],[f132])).
fof(f132,axiom,(
  collectiveType(xyz)),
  file('outputs/ufo/subsumptions/type_collectiveType_subsumed_to_substantialType.in',axiom1)).
fof(f642,plain,(
  ~spl59_1),
  inference(avatar_split_clause,[],[f307,f640])).
fof(f307,plain,(
  ~substantialType(xyz)),
  inference(cnf_transformation,[],[f133])).
fof(f133,axiom,(
  ~substantialType(xyz)),
  file('outputs/ufo/subsumptions/type_collectiveType_subsumed_to_substantialType.in',axiom2)).
% SZS output end Proof for type_collectiveType_subsumed_to_substantialType
% ------------------------------
% Version: Vampire 4.7 (commit af7d05f97 on 2022-09-30 11:01:41 +0200)
% Termination reason: Refutation

% Memory used [KB]: 6140
% Time elapsed: 0.010 s
% ------------------------------
% ------------------------------
% Success in time 0.015 s
