% Running in auto input_syntax mode. Trying TPTP
% ott+11_3_aac=none:afr=on:afp=4000:afq=1.4:amm=off:anc=all:bs=unit_only:bsr=on:bce=on:fde=unused:irw=on:nm=64:newcnf=on:nwc=1:nicw=on:sac=on:sp=reverse_arity:uhcvi=on_31 on type_world_subsumed_to_thing for (31ds)
% Refutation found. Thanks to Tanya!
% SZS status Unsatisfiable for type_world_subsumed_to_thing
% SZS output start Proof for type_world_subsumed_to_thing
fof(f1001,plain,(
  $false),
  inference(avatar_sat_refutation,[],[f641,f645,f749,f853,f937,f982,f992,f1000])).
fof(f1000,plain,(
  spl59_1 | ~spl59_75 | ~spl59_88),
  inference(avatar_contradiction_clause,[],[f999])).
fof(f999,plain,(
  $false | (spl59_1 | ~spl59_75 | ~spl59_88)),
  inference(subsumption_resolution,[],[f998,f991])).
fof(f991,plain,(
  individual(xyz) | ~spl59_88),
  inference(avatar_component_clause,[],[f990])).
fof(f990,plain,(
  spl59_88 <=> individual(xyz)),
  introduced(avatar_definition,[new_symbols(naming,[spl59_88])])).
fof(f998,plain,(
  ~individual(xyz) | (spl59_1 | ~spl59_75)),
  inference(resolution,[],[f936,f640])).
fof(f640,plain,(
  ~thing(xyz) | spl59_1),
  inference(avatar_component_clause,[],[f639])).
fof(f639,plain,(
  spl59_1 <=> thing(xyz)),
  introduced(avatar_definition,[new_symbols(naming,[spl59_1])])).
fof(f936,plain,(
  ( ! [X0] : (thing(X0) | ~individual(X0)) ) | ~spl59_75),
  inference(avatar_component_clause,[],[f935])).
fof(f935,plain,(
  spl59_75 <=> ! [X0] : (thing(X0) | ~individual(X0))),
  introduced(avatar_definition,[new_symbols(naming,[spl59_75])])).
fof(f992,plain,(
  spl59_88 | ~spl59_54 | ~spl59_86),
  inference(avatar_split_clause,[],[f988,f980,f851,f990])).
fof(f851,plain,(
  spl59_54 <=> ! [X0] : (individual(X0) | ~abstractIndividual(X0))),
  introduced(avatar_definition,[new_symbols(naming,[spl59_54])])).
fof(f980,plain,(
  spl59_86 <=> abstractIndividual(xyz)),
  introduced(avatar_definition,[new_symbols(naming,[spl59_86])])).
fof(f988,plain,(
  individual(xyz) | (~spl59_54 | ~spl59_86)),
  inference(resolution,[],[f852,f981])).
fof(f981,plain,(
  abstractIndividual(xyz) | ~spl59_86),
  inference(avatar_component_clause,[],[f980])).
fof(f852,plain,(
  ( ! [X0] : (~abstractIndividual(X0) | individual(X0)) ) | ~spl59_54),
  inference(avatar_component_clause,[],[f851])).
fof(f982,plain,(
  spl59_86 | ~spl59_2 | ~spl59_28),
  inference(avatar_split_clause,[],[f978,f747,f643,f980])).
fof(f643,plain,(
  spl59_2 <=> world(xyz)),
  introduced(avatar_definition,[new_symbols(naming,[spl59_2])])).
fof(f747,plain,(
  spl59_28 <=> ! [X0] : (~world(X0) | abstractIndividual(X0))),
  introduced(avatar_definition,[new_symbols(naming,[spl59_28])])).
fof(f978,plain,(
  abstractIndividual(xyz) | (~spl59_2 | ~spl59_28)),
  inference(resolution,[],[f748,f644])).
fof(f644,plain,(
  world(xyz) | ~spl59_2),
  inference(avatar_component_clause,[],[f643])).
fof(f748,plain,(
  ( ! [X0] : (~world(X0) | abstractIndividual(X0)) ) | ~spl59_28),
  inference(avatar_component_clause,[],[f747])).
fof(f937,plain,(
  spl59_75),
  inference(avatar_split_clause,[],[f553,f935])).
fof(f553,plain,(
  ( ! [X0] : (thing(X0) | ~individual(X0)) )),
  inference(cnf_transformation,[],[f1])).
fof(f1,axiom,(
  ! [X0] : ((individual(X0) | type_(X0)) <=> thing(X0))),
  file('outputs/ufo/subsumptions/type_world_subsumed_to_thing.in',ax_thing_taxonomy)).
fof(f853,plain,(
  spl59_54),
  inference(avatar_split_clause,[],[f511,f851])).
fof(f511,plain,(
  ( ! [X0] : (individual(X0) | ~abstractIndividual(X0)) )),
  inference(cnf_transformation,[],[f3])).
fof(f3,axiom,(
  ! [X0] : ((abstractIndividual(X0) | concreteIndividual(X0)) <=> individual(X0))),
  file('outputs/ufo/subsumptions/type_world_subsumed_to_thing.in',ax_individual_taxonomy)).
fof(f749,plain,(
  spl59_28),
  inference(avatar_split_clause,[],[f349,f747])).
fof(f349,plain,(
  ( ! [X0] : (~world(X0) | abstractIndividual(X0)) )),
  inference(cnf_transformation,[],[f239])).
fof(f239,plain,(
  ! [X0] : (abstractIndividual(X0) | ~world(X0))),
  inference(ennf_transformation,[],[f11])).
fof(f11,axiom,(
  ! [X0] : (world(X0) => abstractIndividual(X0))),
  file('outputs/ufo/subsumptions/type_world_subsumed_to_thing.in',ax_abstractIndividual_taxonomy_world)).
fof(f645,plain,(
  spl59_2),
  inference(avatar_split_clause,[],[f305,f643])).
fof(f305,plain,(
  world(xyz)),
  inference(cnf_transformation,[],[f132])).
fof(f132,axiom,(
  world(xyz)),
  file('outputs/ufo/subsumptions/type_world_subsumed_to_thing.in',axiom1)).
fof(f641,plain,(
  ~spl59_1),
  inference(avatar_split_clause,[],[f304,f639])).
fof(f304,plain,(
  ~thing(xyz)),
  inference(cnf_transformation,[],[f133])).
fof(f133,axiom,(
  ~thing(xyz)),
  file('outputs/ufo/subsumptions/type_world_subsumed_to_thing.in',axiom2)).
% SZS output end Proof for type_world_subsumed_to_thing
% ------------------------------
% Version: Vampire 4.7 (commit af7d05f97 on 2022-09-30 11:01:41 +0200)
% Termination reason: Refutation

% Memory used [KB]: 6140
% Time elapsed: 0.011 s
% ------------------------------
% ------------------------------
% Success in time 0.017 s
