% Running in auto input_syntax mode. Trying TPTP
% ott+11_3_aac=none:afr=on:afp=4000:afq=1.4:amm=off:anc=all:bs=unit_only:bsr=on:bce=on:fde=unused:irw=on:nm=64:newcnf=on:nwc=1:nicw=on:sac=on:sp=reverse_arity:uhcvi=on_31 on type_semiRigidNonSortal_subsumed_to_endurantType for (31ds)
% Refutation found. Thanks to Tanya!
% SZS status Unsatisfiable for type_semiRigidNonSortal_subsumed_to_endurantType
% SZS output start Proof for type_semiRigidNonSortal_subsumed_to_endurantType
fof(f994,plain,(
  $false),
  inference(avatar_sat_refutation,[],[f642,f646,f762,f842,f988,f993])).
fof(f993,plain,(
  spl59_1 | ~spl59_31 | ~spl59_87),
  inference(avatar_contradiction_clause,[],[f992])).
fof(f992,plain,(
  $false | (spl59_1 | ~spl59_31 | ~spl59_87)),
  inference(subsumption_resolution,[],[f991,f641])).
fof(f641,plain,(
  ~endurantType(xyz) | spl59_1),
  inference(avatar_component_clause,[],[f640])).
fof(f640,plain,(
  spl59_1 <=> endurantType(xyz)),
  introduced(avatar_definition,[new_symbols(naming,[spl59_1])])).
fof(f991,plain,(
  endurantType(xyz) | (~spl59_31 | ~spl59_87)),
  inference(resolution,[],[f987,f761])).
fof(f761,plain,(
  ( ! [X0] : (~semiRigid(X0) | endurantType(X0)) ) | ~spl59_31),
  inference(avatar_component_clause,[],[f760])).
fof(f760,plain,(
  spl59_31 <=> ! [X0] : (endurantType(X0) | ~semiRigid(X0))),
  introduced(avatar_definition,[new_symbols(naming,[spl59_31])])).
fof(f987,plain,(
  semiRigid(xyz) | ~spl59_87),
  inference(avatar_component_clause,[],[f986])).
fof(f986,plain,(
  spl59_87 <=> semiRigid(xyz)),
  introduced(avatar_definition,[new_symbols(naming,[spl59_87])])).
fof(f988,plain,(
  spl59_87 | ~spl59_2 | ~spl59_51),
  inference(avatar_split_clause,[],[f983,f840,f644,f986])).
fof(f644,plain,(
  spl59_2 <=> semiRigidNonSortal(xyz)),
  introduced(avatar_definition,[new_symbols(naming,[spl59_2])])).
fof(f840,plain,(
  spl59_51 <=> ! [X0] : (semiRigid(X0) | ~semiRigidNonSortal(X0))),
  introduced(avatar_definition,[new_symbols(naming,[spl59_51])])).
fof(f983,plain,(
  semiRigid(xyz) | (~spl59_2 | ~spl59_51)),
  inference(resolution,[],[f841,f645])).
fof(f645,plain,(
  semiRigidNonSortal(xyz) | ~spl59_2),
  inference(avatar_component_clause,[],[f644])).
fof(f841,plain,(
  ( ! [X0] : (~semiRigidNonSortal(X0) | semiRigid(X0)) ) | ~spl59_51),
  inference(avatar_component_clause,[],[f840])).
fof(f842,plain,(
  spl59_51),
  inference(avatar_split_clause,[],[f488,f840])).
fof(f488,plain,(
  ( ! [X0] : (semiRigid(X0) | ~semiRigidNonSortal(X0)) )),
  inference(cnf_transformation,[],[f167])).
fof(f167,plain,(
  ! [X0] : (semiRigidNonSortal(X0) <=> (nonSortal(X0) & semiRigid(X0)))),
  inference(rectify,[],[f67])).
fof(f67,axiom,(
  ! [X8] : (semiRigidNonSortal(X8) <=> (nonSortal(X8) & semiRigid(X8)))),
  file('outputs/ufo/subsumptions/type_semiRigidNonSortal_subsumed_to_endurantType.in',ax_semiRigidNonSortalsAreSemiRigidAndNonSortal_xx)).
fof(f762,plain,(
  spl59_31),
  inference(avatar_split_clause,[],[f357,f760])).
fof(f357,plain,(
  ( ! [X0] : (endurantType(X0) | ~semiRigid(X0)) )),
  inference(cnf_transformation,[],[f146])).
fof(f146,plain,(
  ! [X0] : (semiRigid(X0) <=> (~antiRigid(X0) & ~rigid(X0) & endurantType(X0)))),
  inference(rectify,[],[f59])).
fof(f59,axiom,(
  ! [X8] : (semiRigid(X8) <=> (~antiRigid(X8) & ~rigid(X8) & endurantType(X8)))),
  file('outputs/ufo/subsumptions/type_semiRigidNonSortal_subsumed_to_endurantType.in',ax_dSemiRigid_a20)).
fof(f646,plain,(
  spl59_2),
  inference(avatar_split_clause,[],[f308,f644])).
fof(f308,plain,(
  semiRigidNonSortal(xyz)),
  inference(cnf_transformation,[],[f132])).
fof(f132,axiom,(
  semiRigidNonSortal(xyz)),
  file('outputs/ufo/subsumptions/type_semiRigidNonSortal_subsumed_to_endurantType.in',axiom1)).
fof(f642,plain,(
  ~spl59_1),
  inference(avatar_split_clause,[],[f307,f640])).
fof(f307,plain,(
  ~endurantType(xyz)),
  inference(cnf_transformation,[],[f133])).
fof(f133,axiom,(
  ~endurantType(xyz)),
  file('outputs/ufo/subsumptions/type_semiRigidNonSortal_subsumed_to_endurantType.in',axiom2)).
% SZS output end Proof for type_semiRigidNonSortal_subsumed_to_endurantType
% ------------------------------
% Version: Vampire 4.7 (commit af7d05f97 on 2022-09-30 11:01:41 +0200)
% Termination reason: Refutation

% Memory used [KB]: 6140
% Time elapsed: 0.012 s
% ------------------------------
% ------------------------------
% Success in time 0.018 s
