% Running in auto input_syntax mode. Trying TPTP
% ott+11_3_aac=none:afr=on:afp=4000:afq=1.4:amm=off:anc=all:bs=unit_only:bsr=on:bce=on:fde=unused:irw=on:nm=64:newcnf=on:nwc=1:nicw=on:sac=on:sp=reverse_arity:uhcvi=on_31 on type_externallyDependentMode_subsumed_to_moment for (31ds)
% Refutation found. Thanks to Tanya!
% SZS status Unsatisfiable for type_externallyDependentMode_subsumed_to_moment
% SZS output start Proof for type_externallyDependentMode_subsumed_to_moment
fof(f989,plain,(
  $false),
  inference(avatar_sat_refutation,[],[f642,f646,f746,f846,f866,f975,f985,f988])).
fof(f988,plain,(
  spl59_1 | ~spl59_57 | ~spl59_86),
  inference(avatar_contradiction_clause,[],[f987])).
fof(f987,plain,(
  $false | (spl59_1 | ~spl59_57 | ~spl59_86)),
  inference(subsumption_resolution,[],[f986,f641])).
fof(f641,plain,(
  ~moment(xyz) | spl59_1),
  inference(avatar_component_clause,[],[f640])).
fof(f640,plain,(
  spl59_1 <=> moment(xyz)),
  introduced(avatar_definition,[new_symbols(naming,[spl59_1])])).
fof(f986,plain,(
  moment(xyz) | (~spl59_57 | ~spl59_86)),
  inference(resolution,[],[f865,f984])).
fof(f984,plain,(
  intrinsicMoment(xyz) | ~spl59_86),
  inference(avatar_component_clause,[],[f983])).
fof(f983,plain,(
  spl59_86 <=> intrinsicMoment(xyz)),
  introduced(avatar_definition,[new_symbols(naming,[spl59_86])])).
fof(f865,plain,(
  ( ! [X0] : (~intrinsicMoment(X0) | moment(X0)) ) | ~spl59_57),
  inference(avatar_component_clause,[],[f864])).
fof(f864,plain,(
  spl59_57 <=> ! [X0] : (moment(X0) | ~intrinsicMoment(X0))),
  introduced(avatar_definition,[new_symbols(naming,[spl59_57])])).
fof(f985,plain,(
  spl59_86 | ~spl59_52 | ~spl59_84),
  inference(avatar_split_clause,[],[f981,f973,f844,f983])).
fof(f844,plain,(
  spl59_52 <=> ! [X0] : (intrinsicMoment(X0) | ~mode(X0))),
  introduced(avatar_definition,[new_symbols(naming,[spl59_52])])).
fof(f973,plain,(
  spl59_84 <=> mode(xyz)),
  introduced(avatar_definition,[new_symbols(naming,[spl59_84])])).
fof(f981,plain,(
  intrinsicMoment(xyz) | (~spl59_52 | ~spl59_84)),
  inference(resolution,[],[f845,f974])).
fof(f974,plain,(
  mode(xyz) | ~spl59_84),
  inference(avatar_component_clause,[],[f973])).
fof(f845,plain,(
  ( ! [X0] : (~mode(X0) | intrinsicMoment(X0)) ) | ~spl59_52),
  inference(avatar_component_clause,[],[f844])).
fof(f975,plain,(
  spl59_84 | ~spl59_2 | ~spl59_27),
  inference(avatar_split_clause,[],[f971,f744,f644,f973])).
fof(f644,plain,(
  spl59_2 <=> externallyDependentMode(xyz)),
  introduced(avatar_definition,[new_symbols(naming,[spl59_2])])).
fof(f744,plain,(
  spl59_27 <=> ! [X0] : (~externallyDependentMode(X0) | mode(X0))),
  introduced(avatar_definition,[new_symbols(naming,[spl59_27])])).
fof(f971,plain,(
  mode(xyz) | (~spl59_2 | ~spl59_27)),
  inference(resolution,[],[f745,f645])).
fof(f645,plain,(
  externallyDependentMode(xyz) | ~spl59_2),
  inference(avatar_component_clause,[],[f644])).
fof(f745,plain,(
  ( ! [X0] : (~externallyDependentMode(X0) | mode(X0)) ) | ~spl59_27),
  inference(avatar_component_clause,[],[f744])).
fof(f866,plain,(
  spl59_57),
  inference(avatar_split_clause,[],[f522,f864])).
fof(f522,plain,(
  ( ! [X0] : (moment(X0) | ~intrinsicMoment(X0)) )),
  inference(cnf_transformation,[],[f20])).
fof(f20,axiom,(
  ! [X0] : ((relator(X0) | intrinsicMoment(X0)) <=> moment(X0))),
  file('outputs/ufo/subsumptions/type_externallyDependentMode_subsumed_to_moment.in',ax_moment_taxonomy)).
fof(f846,plain,(
  spl59_52),
  inference(avatar_split_clause,[],[f511,f844])).
fof(f511,plain,(
  ( ! [X0] : (intrinsicMoment(X0) | ~mode(X0)) )),
  inference(cnf_transformation,[],[f22])).
fof(f22,axiom,(
  ! [X0] : ((mode(X0) | quality(X0)) <=> intrinsicMoment(X0))),
  file('outputs/ufo/subsumptions/type_externallyDependentMode_subsumed_to_moment.in',ax_intrinsicMoment_taxonomy)).
fof(f746,plain,(
  spl59_27),
  inference(avatar_split_clause,[],[f349,f744])).
fof(f349,plain,(
  ( ! [X0] : (~externallyDependentMode(X0) | mode(X0)) )),
  inference(cnf_transformation,[],[f238])).
fof(f238,plain,(
  ! [X0] : (mode(X0) | ~externallyDependentMode(X0))),
  inference(ennf_transformation,[],[f24])).
fof(f24,axiom,(
  ! [X0] : (externallyDependentMode(X0) => mode(X0))),
  file('outputs/ufo/subsumptions/type_externallyDependentMode_subsumed_to_moment.in',ax_mode_taxonomy_externallyDependentMode)).
fof(f646,plain,(
  spl59_2),
  inference(avatar_split_clause,[],[f308,f644])).
fof(f308,plain,(
  externallyDependentMode(xyz)),
  inference(cnf_transformation,[],[f132])).
fof(f132,axiom,(
  externallyDependentMode(xyz)),
  file('outputs/ufo/subsumptions/type_externallyDependentMode_subsumed_to_moment.in',axiom1)).
fof(f642,plain,(
  ~spl59_1),
  inference(avatar_split_clause,[],[f307,f640])).
fof(f307,plain,(
  ~moment(xyz)),
  inference(cnf_transformation,[],[f133])).
fof(f133,axiom,(
  ~moment(xyz)),
  file('outputs/ufo/subsumptions/type_externallyDependentMode_subsumed_to_moment.in',axiom2)).
% SZS output end Proof for type_externallyDependentMode_subsumed_to_moment
% ------------------------------
% Version: Vampire 4.7 (commit af7d05f97 on 2022-09-30 11:01:41 +0200)
% Termination reason: Refutation

% Memory used [KB]: 6140
% Time elapsed: 0.013 s
% ------------------------------
% ------------------------------
% Success in time 0.019 s
