% Running in auto input_syntax mode. Trying TPTP
% ott+11_3_aac=none:afr=on:afp=4000:afq=1.4:amm=off:anc=all:bs=unit_only:bsr=on:bce=on:fde=unused:irw=on:nm=64:newcnf=on:nwc=1:nicw=on:sac=on:sp=reverse_arity:uhcvi=on_31 on type_modeType_subsumed_to_momentType for (31ds)
% Refutation found. Thanks to Tanya!
% SZS status Unsatisfiable for type_modeType_subsumed_to_momentType
% SZS output start Proof for type_modeType_subsumed_to_momentType
fof(f985,plain,(
  $false),
  inference(avatar_sat_refutation,[],[f642,f646,f858,f894,f980,f984])).
fof(f984,plain,(
  spl59_1 | ~spl59_55 | ~spl59_85),
  inference(avatar_contradiction_clause,[],[f983])).
fof(f983,plain,(
  $false | (spl59_1 | ~spl59_55 | ~spl59_85)),
  inference(subsumption_resolution,[],[f981,f641])).
fof(f641,plain,(
  ~momentType(xyz) | spl59_1),
  inference(avatar_component_clause,[],[f640])).
fof(f640,plain,(
  spl59_1 <=> momentType(xyz)),
  introduced(avatar_definition,[new_symbols(naming,[spl59_1])])).
fof(f981,plain,(
  momentType(xyz) | (~spl59_55 | ~spl59_85)),
  inference(resolution,[],[f979,f857])).
fof(f857,plain,(
  ( ! [X0] : (~intrinsicMomentType(X0) | momentType(X0)) ) | ~spl59_55),
  inference(avatar_component_clause,[],[f856])).
fof(f856,plain,(
  spl59_55 <=> ! [X0] : (momentType(X0) | ~intrinsicMomentType(X0))),
  introduced(avatar_definition,[new_symbols(naming,[spl59_55])])).
fof(f979,plain,(
  intrinsicMomentType(xyz) | ~spl59_85),
  inference(avatar_component_clause,[],[f978])).
fof(f978,plain,(
  spl59_85 <=> intrinsicMomentType(xyz)),
  introduced(avatar_definition,[new_symbols(naming,[spl59_85])])).
fof(f980,plain,(
  spl59_85 | ~spl59_2 | ~spl59_64),
  inference(avatar_split_clause,[],[f976,f892,f644,f978])).
fof(f644,plain,(
  spl59_2 <=> modeType(xyz)),
  introduced(avatar_definition,[new_symbols(naming,[spl59_2])])).
fof(f892,plain,(
  spl59_64 <=> ! [X0] : (intrinsicMomentType(X0) | ~modeType(X0))),
  introduced(avatar_definition,[new_symbols(naming,[spl59_64])])).
fof(f976,plain,(
  intrinsicMomentType(xyz) | (~spl59_2 | ~spl59_64)),
  inference(resolution,[],[f893,f645])).
fof(f645,plain,(
  modeType(xyz) | ~spl59_2),
  inference(avatar_component_clause,[],[f644])).
fof(f893,plain,(
  ( ! [X0] : (~modeType(X0) | intrinsicMomentType(X0)) ) | ~spl59_64),
  inference(avatar_component_clause,[],[f892])).
fof(f894,plain,(
  spl59_64),
  inference(avatar_split_clause,[],[f535,f892])).
fof(f535,plain,(
  ( ! [X0] : (intrinsicMomentType(X0) | ~modeType(X0)) )),
  inference(cnf_transformation,[],[f32])).
fof(f32,axiom,(
  ! [X0] : ((modeType(X0) | qualityType(X0)) <=> intrinsicMomentType(X0))),
  file('outputs/ufo/subsumptions/type_modeType_subsumed_to_momentType.in',ax_intrinsicMomentType_taxonomy)).
fof(f858,plain,(
  spl59_55),
  inference(avatar_split_clause,[],[f519,f856])).
fof(f519,plain,(
  ( ! [X0] : (momentType(X0) | ~intrinsicMomentType(X0)) )),
  inference(cnf_transformation,[],[f30])).
fof(f30,axiom,(
  ! [X0] : ((relatorType(X0) | intrinsicMomentType(X0)) <=> momentType(X0))),
  file('outputs/ufo/subsumptions/type_modeType_subsumed_to_momentType.in',ax_momentType_taxonomy)).
fof(f646,plain,(
  spl59_2),
  inference(avatar_split_clause,[],[f308,f644])).
fof(f308,plain,(
  modeType(xyz)),
  inference(cnf_transformation,[],[f132])).
fof(f132,axiom,(
  modeType(xyz)),
  file('outputs/ufo/subsumptions/type_modeType_subsumed_to_momentType.in',axiom1)).
fof(f642,plain,(
  ~spl59_1),
  inference(avatar_split_clause,[],[f307,f640])).
fof(f307,plain,(
  ~momentType(xyz)),
  inference(cnf_transformation,[],[f133])).
fof(f133,axiom,(
  ~momentType(xyz)),
  file('outputs/ufo/subsumptions/type_modeType_subsumed_to_momentType.in',axiom2)).
% SZS output end Proof for type_modeType_subsumed_to_momentType
% ------------------------------
% Version: Vampire 4.7 (commit af7d05f97 on 2022-09-30 11:01:41 +0200)
% Termination reason: Refutation

% Memory used [KB]: 6140
% Time elapsed: 0.011 s
% ------------------------------
% ------------------------------
% Success in time 0.017 s
