% Running in auto input_syntax mode. Trying TPTP
% ott+11_3_aac=none:afr=on:afp=4000:afq=1.4:amm=off:anc=all:bs=unit_only:bsr=on:bce=on:fde=unused:irw=on:nm=64:newcnf=on:nwc=1:nicw=on:sac=on:sp=reverse_arity:uhcvi=on_31 on type_qualityStructure_subsumed_to_individual for (31ds)
% Refutation found. Thanks to Tanya!
% SZS status Unsatisfiable for type_qualityStructure_subsumed_to_individual
% SZS output start Proof for type_qualityStructure_subsumed_to_individual
fof(f1009,plain,(
  $false),
  inference(avatar_sat_refutation,[],[f642,f646,f750,f758,f866,f995,f1000,f1008])).
fof(f1008,plain,(
  spl59_1 | ~spl59_57 | ~spl59_90),
  inference(avatar_contradiction_clause,[],[f1007])).
fof(f1007,plain,(
  $false | (spl59_1 | ~spl59_57 | ~spl59_90)),
  inference(subsumption_resolution,[],[f1006,f641])).
fof(f641,plain,(
  ~individual(xyz) | spl59_1),
  inference(avatar_component_clause,[],[f640])).
fof(f640,plain,(
  spl59_1 <=> individual(xyz)),
  introduced(avatar_definition,[new_symbols(naming,[spl59_1])])).
fof(f1006,plain,(
  individual(xyz) | (~spl59_57 | ~spl59_90)),
  inference(resolution,[],[f865,f999])).
fof(f999,plain,(
  abstractIndividual(xyz) | ~spl59_90),
  inference(avatar_component_clause,[],[f998])).
fof(f998,plain,(
  spl59_90 <=> abstractIndividual(xyz)),
  introduced(avatar_definition,[new_symbols(naming,[spl59_90])])).
fof(f865,plain,(
  ( ! [X0] : (~abstractIndividual(X0) | individual(X0)) ) | ~spl59_57),
  inference(avatar_component_clause,[],[f864])).
fof(f864,plain,(
  spl59_57 <=> ! [X0] : (individual(X0) | ~abstractIndividual(X0))),
  introduced(avatar_definition,[new_symbols(naming,[spl59_57])])).
fof(f1000,plain,(
  spl59_90 | ~spl59_30 | ~spl59_89),
  inference(avatar_split_clause,[],[f996,f993,f756,f998])).
fof(f756,plain,(
  spl59_30 <=> ! [X0] : (~set_(X0) | abstractIndividual(X0))),
  introduced(avatar_definition,[new_symbols(naming,[spl59_30])])).
fof(f993,plain,(
  spl59_89 <=> set_(xyz)),
  introduced(avatar_definition,[new_symbols(naming,[spl59_89])])).
fof(f996,plain,(
  abstractIndividual(xyz) | (~spl59_30 | ~spl59_89)),
  inference(resolution,[],[f757,f994])).
fof(f994,plain,(
  set_(xyz) | ~spl59_89),
  inference(avatar_component_clause,[],[f993])).
fof(f757,plain,(
  ( ! [X0] : (~set_(X0) | abstractIndividual(X0)) ) | ~spl59_30),
  inference(avatar_component_clause,[],[f756])).
fof(f995,plain,(
  spl59_89 | ~spl59_2 | ~spl59_28),
  inference(avatar_split_clause,[],[f991,f748,f644,f993])).
fof(f644,plain,(
  spl59_2 <=> qualityStructure(xyz)),
  introduced(avatar_definition,[new_symbols(naming,[spl59_2])])).
fof(f748,plain,(
  spl59_28 <=> ! [X0] : (~qualityStructure(X0) | set_(X0))),
  introduced(avatar_definition,[new_symbols(naming,[spl59_28])])).
fof(f991,plain,(
  set_(xyz) | (~spl59_2 | ~spl59_28)),
  inference(resolution,[],[f749,f645])).
fof(f645,plain,(
  qualityStructure(xyz) | ~spl59_2),
  inference(avatar_component_clause,[],[f644])).
fof(f749,plain,(
  ( ! [X0] : (~qualityStructure(X0) | set_(X0)) ) | ~spl59_28),
  inference(avatar_component_clause,[],[f748])).
fof(f866,plain,(
  spl59_57),
  inference(avatar_split_clause,[],[f514,f864])).
fof(f514,plain,(
  ( ! [X0] : (individual(X0) | ~abstractIndividual(X0)) )),
  inference(cnf_transformation,[],[f3])).
fof(f3,axiom,(
  ! [X0] : ((abstractIndividual(X0) | concreteIndividual(X0)) <=> individual(X0))),
  file('outputs/ufo/subsumptions/type_qualityStructure_subsumed_to_individual.in',ax_individual_taxonomy)).
fof(f758,plain,(
  spl59_30),
  inference(avatar_split_clause,[],[f349,f756])).
fof(f349,plain,(
  ( ! [X0] : (~set_(X0) | abstractIndividual(X0)) )),
  inference(cnf_transformation,[],[f238])).
fof(f238,plain,(
  ! [X0] : (abstractIndividual(X0) | ~set_(X0))),
  inference(ennf_transformation,[],[f10])).
fof(f10,axiom,(
  ! [X0] : (set_(X0) => abstractIndividual(X0))),
  file('outputs/ufo/subsumptions/type_qualityStructure_subsumed_to_individual.in',ax_abstractIndividual_taxonomy_set)).
fof(f750,plain,(
  spl59_28),
  inference(avatar_split_clause,[],[f344,f748])).
fof(f344,plain,(
  ( ! [X0] : (~qualityStructure(X0) | set_(X0)) )),
  inference(cnf_transformation,[],[f235])).
fof(f235,plain,(
  ! [X0] : (set_(X0) | ~qualityStructure(X0))),
  inference(ennf_transformation,[],[f13])).
fof(f13,axiom,(
  ! [X0] : (qualityStructure(X0) => set_(X0))),
  file('outputs/ufo/subsumptions/type_qualityStructure_subsumed_to_individual.in',ax_set_taxonomy_qualityStructure)).
fof(f646,plain,(
  spl59_2),
  inference(avatar_split_clause,[],[f308,f644])).
fof(f308,plain,(
  qualityStructure(xyz)),
  inference(cnf_transformation,[],[f132])).
fof(f132,axiom,(
  qualityStructure(xyz)),
  file('outputs/ufo/subsumptions/type_qualityStructure_subsumed_to_individual.in',axiom1)).
fof(f642,plain,(
  ~spl59_1),
  inference(avatar_split_clause,[],[f307,f640])).
fof(f307,plain,(
  ~individual(xyz)),
  inference(cnf_transformation,[],[f133])).
fof(f133,axiom,(
  ~individual(xyz)),
  file('outputs/ufo/subsumptions/type_qualityStructure_subsumed_to_individual.in',axiom2)).
% SZS output end Proof for type_qualityStructure_subsumed_to_individual
% ------------------------------
% Version: Vampire 4.7 (commit af7d05f97 on 2022-09-30 11:01:41 +0200)
% Termination reason: Refutation

% Memory used [KB]: 6140
% Time elapsed: 0.014 s
% ------------------------------
% ------------------------------
% Success in time 0.023 s
