% Running in auto input_syntax mode. Trying TPTP
% ott+11_3_aac=none:afr=on:afp=4000:afq=1.4:amm=off:anc=all:bs=unit_only:bsr=on:bce=on:fde=unused:irw=on:nm=64:newcnf=on:nwc=1:nicw=on:sac=on:sp=reverse_arity:uhcvi=on_31 on type_sortal_subsumed_to_endurantType for (31ds)
% Refutation found. Thanks to Tanya!
% SZS status Unsatisfiable for type_sortal_subsumed_to_endurantType
% SZS output start Proof for type_sortal_subsumed_to_endurantType
fof(f974,plain,(
  $false),
  inference(avatar_sat_refutation,[],[f642,f646,f838,f973])).
fof(f973,plain,(
  spl59_1 | ~spl59_2 | ~spl59_50),
  inference(avatar_contradiction_clause,[],[f972])).
fof(f972,plain,(
  $false | (spl59_1 | ~spl59_2 | ~spl59_50)),
  inference(subsumption_resolution,[],[f971,f641])).
fof(f641,plain,(
  ~endurantType(xyz) | spl59_1),
  inference(avatar_component_clause,[],[f640])).
fof(f640,plain,(
  spl59_1 <=> endurantType(xyz)),
  introduced(avatar_definition,[new_symbols(naming,[spl59_1])])).
fof(f971,plain,(
  endurantType(xyz) | (~spl59_2 | ~spl59_50)),
  inference(resolution,[],[f837,f645])).
fof(f645,plain,(
  sortal(xyz) | ~spl59_2),
  inference(avatar_component_clause,[],[f644])).
fof(f644,plain,(
  spl59_2 <=> sortal(xyz)),
  introduced(avatar_definition,[new_symbols(naming,[spl59_2])])).
fof(f837,plain,(
  ( ! [X0] : (~sortal(X0) | endurantType(X0)) ) | ~spl59_50),
  inference(avatar_component_clause,[],[f836])).
fof(f836,plain,(
  spl59_50 <=> ! [X0] : (endurantType(X0) | ~sortal(X0))),
  introduced(avatar_definition,[new_symbols(naming,[spl59_50])])).
fof(f838,plain,(
  spl59_50),
  inference(avatar_split_clause,[],[f490,f836])).
fof(f490,plain,(
  ( ! [X0] : (endurantType(X0) | ~sortal(X0)) )),
  inference(cnf_transformation,[],[f167])).
fof(f167,plain,(
  ! [X0] : (sortal(X0) <=> (? [X1] : (specializes(X0,X1) & kind(X1)) & endurantType(X0)))),
  inference(rectify,[],[f62])).
fof(f62,axiom,(
  ! [X13] : (sortal(X13) <=> (? [X11] : (specializes(X13,X11) & kind(X11)) & endurantType(X13)))),
  file('outputs/ufo/subsumptions/type_sortal_subsumed_to_endurantType.in',ax_dSortal_a23)).
fof(f646,plain,(
  spl59_2),
  inference(avatar_split_clause,[],[f308,f644])).
fof(f308,plain,(
  sortal(xyz)),
  inference(cnf_transformation,[],[f132])).
fof(f132,axiom,(
  sortal(xyz)),
  file('outputs/ufo/subsumptions/type_sortal_subsumed_to_endurantType.in',axiom1)).
fof(f642,plain,(
  ~spl59_1),
  inference(avatar_split_clause,[],[f307,f640])).
fof(f307,plain,(
  ~endurantType(xyz)),
  inference(cnf_transformation,[],[f133])).
fof(f133,axiom,(
  ~endurantType(xyz)),
  file('outputs/ufo/subsumptions/type_sortal_subsumed_to_endurantType.in',axiom2)).
% SZS output end Proof for type_sortal_subsumed_to_endurantType
% ------------------------------
% Version: Vampire 4.7 (commit af7d05f97 on 2022-09-30 11:01:41 +0200)
% Termination reason: Refutation

% Memory used [KB]: 6140
% Time elapsed: 0.037 s
% ------------------------------
% ------------------------------
% Success in time 0.022 s
