% Running in auto input_syntax mode. Trying TPTP
% ott+11_3_aac=none:afr=on:afp=4000:afq=1.4:amm=off:anc=all:bs=unit_only:bsr=on:bce=on:fde=unused:irw=on:nm=64:newcnf=on:nwc=1:nicw=on:sac=on:sp=reverse_arity:uhcvi=on_31 on type_perdurant_subsumed_to_individual for (31ds)
% Refutation found. Thanks to Tanya!
% SZS status Unsatisfiable for type_perdurant_subsumed_to_individual
% SZS output start Proof for type_perdurant_subsumed_to_individual
fof(f983,plain,(
  $false),
  inference(avatar_sat_refutation,[],[f642,f646,f850,f930,f975,f982])).
fof(f982,plain,(
  spl59_1 | ~spl59_53 | ~spl59_84),
  inference(avatar_contradiction_clause,[],[f981])).
fof(f981,plain,(
  $false | (spl59_1 | ~spl59_53 | ~spl59_84)),
  inference(subsumption_resolution,[],[f980,f641])).
fof(f641,plain,(
  ~individual(xyz) | spl59_1),
  inference(avatar_component_clause,[],[f640])).
fof(f640,plain,(
  spl59_1 <=> individual(xyz)),
  introduced(avatar_definition,[new_symbols(naming,[spl59_1])])).
fof(f980,plain,(
  individual(xyz) | (~spl59_53 | ~spl59_84)),
  inference(resolution,[],[f974,f849])).
fof(f849,plain,(
  ( ! [X0] : (~concreteIndividual(X0) | individual(X0)) ) | ~spl59_53),
  inference(avatar_component_clause,[],[f848])).
fof(f848,plain,(
  spl59_53 <=> ! [X0] : (individual(X0) | ~concreteIndividual(X0))),
  introduced(avatar_definition,[new_symbols(naming,[spl59_53])])).
fof(f974,plain,(
  concreteIndividual(xyz) | ~spl59_84),
  inference(avatar_component_clause,[],[f973])).
fof(f973,plain,(
  spl59_84 <=> concreteIndividual(xyz)),
  introduced(avatar_definition,[new_symbols(naming,[spl59_84])])).
fof(f975,plain,(
  spl59_84 | ~spl59_2 | ~spl59_73),
  inference(avatar_split_clause,[],[f971,f928,f644,f973])).
fof(f644,plain,(
  spl59_2 <=> perdurant(xyz)),
  introduced(avatar_definition,[new_symbols(naming,[spl59_2])])).
fof(f928,plain,(
  spl59_73 <=> ! [X0] : (concreteIndividual(X0) | ~perdurant(X0))),
  introduced(avatar_definition,[new_symbols(naming,[spl59_73])])).
fof(f971,plain,(
  concreteIndividual(xyz) | (~spl59_2 | ~spl59_73)),
  inference(resolution,[],[f929,f645])).
fof(f645,plain,(
  perdurant(xyz) | ~spl59_2),
  inference(avatar_component_clause,[],[f644])).
fof(f929,plain,(
  ( ! [X0] : (~perdurant(X0) | concreteIndividual(X0)) ) | ~spl59_73),
  inference(avatar_component_clause,[],[f928])).
fof(f930,plain,(
  spl59_73),
  inference(avatar_split_clause,[],[f553,f928])).
fof(f553,plain,(
  ( ! [X0] : (concreteIndividual(X0) | ~perdurant(X0)) )),
  inference(cnf_transformation,[],[f5])).
fof(f5,axiom,(
  ! [X0] : ((perdurant(X0) | endurant(X0)) <=> concreteIndividual(X0))),
  file('outputs/ufo/subsumptions/type_perdurant_subsumed_to_individual.in',ax_concreteIndividual_taxonomy)).
fof(f850,plain,(
  spl59_53),
  inference(avatar_split_clause,[],[f513,f848])).
fof(f513,plain,(
  ( ! [X0] : (individual(X0) | ~concreteIndividual(X0)) )),
  inference(cnf_transformation,[],[f3])).
fof(f3,axiom,(
  ! [X0] : ((abstractIndividual(X0) | concreteIndividual(X0)) <=> individual(X0))),
  file('outputs/ufo/subsumptions/type_perdurant_subsumed_to_individual.in',ax_individual_taxonomy)).
fof(f646,plain,(
  spl59_2),
  inference(avatar_split_clause,[],[f308,f644])).
fof(f308,plain,(
  perdurant(xyz)),
  inference(cnf_transformation,[],[f132])).
fof(f132,axiom,(
  perdurant(xyz)),
  file('outputs/ufo/subsumptions/type_perdurant_subsumed_to_individual.in',axiom1)).
fof(f642,plain,(
  ~spl59_1),
  inference(avatar_split_clause,[],[f307,f640])).
fof(f307,plain,(
  ~individual(xyz)),
  inference(cnf_transformation,[],[f133])).
fof(f133,axiom,(
  ~individual(xyz)),
  file('outputs/ufo/subsumptions/type_perdurant_subsumed_to_individual.in',axiom2)).
% SZS output end Proof for type_perdurant_subsumed_to_individual
% ------------------------------
% Version: Vampire 4.7 (commit af7d05f97 on 2022-09-30 11:01:41 +0200)
% Termination reason: Refutation

% Memory used [KB]: 6140
% Time elapsed: 0.012 s
% ------------------------------
% ------------------------------
% Success in time 0.018 s
