% Running in auto input_syntax mode. Trying TPTP
% ott+11_3_aac=none:afr=on:afp=4000:afq=1.4:amm=off:anc=all:bs=unit_only:bsr=on:bce=on:fde=unused:irw=on:nm=64:newcnf=on:nwc=1:nicw=on:sac=on:sp=reverse_arity:uhcvi=on_31 on type_modeKind_subsumed_to_intrinsicMomentType for (31ds)
% Refutation found. Thanks to Tanya!
% SZS status Unsatisfiable for type_modeKind_subsumed_to_intrinsicMomentType
% SZS output start Proof for type_modeKind_subsumed_to_intrinsicMomentType
fof(f1006,plain,(
  $false),
  inference(avatar_sat_refutation,[],[f646,f650,f842,f898,f987,f1005])).
fof(f1005,plain,(
  spl59_1 | ~spl59_64 | ~spl59_86),
  inference(avatar_contradiction_clause,[],[f1004])).
fof(f1004,plain,(
  $false | (spl59_1 | ~spl59_64 | ~spl59_86)),
  inference(subsumption_resolution,[],[f1003,f645])).
fof(f645,plain,(
  ~intrinsicMomentType(xyz) | spl59_1),
  inference(avatar_component_clause,[],[f644])).
fof(f644,plain,(
  spl59_1 <=> intrinsicMomentType(xyz)),
  introduced(avatar_definition,[new_symbols(naming,[spl59_1])])).
fof(f1003,plain,(
  intrinsicMomentType(xyz) | (~spl59_64 | ~spl59_86)),
  inference(resolution,[],[f897,f986])).
fof(f986,plain,(
  modeType(xyz) | ~spl59_86),
  inference(avatar_component_clause,[],[f985])).
fof(f985,plain,(
  spl59_86 <=> modeType(xyz)),
  introduced(avatar_definition,[new_symbols(naming,[spl59_86])])).
fof(f897,plain,(
  ( ! [X0] : (~modeType(X0) | intrinsicMomentType(X0)) ) | ~spl59_64),
  inference(avatar_component_clause,[],[f896])).
fof(f896,plain,(
  spl59_64 <=> ! [X0] : (intrinsicMomentType(X0) | ~modeType(X0))),
  introduced(avatar_definition,[new_symbols(naming,[spl59_64])])).
fof(f987,plain,(
  spl59_86 | ~spl59_2 | ~spl59_50),
  inference(avatar_split_clause,[],[f983,f840,f648,f985])).
fof(f648,plain,(
  spl59_2 <=> modeKind(xyz)),
  introduced(avatar_definition,[new_symbols(naming,[spl59_2])])).
fof(f840,plain,(
  spl59_50 <=> ! [X0] : (~modeKind(X0) | modeType(X0))),
  introduced(avatar_definition,[new_symbols(naming,[spl59_50])])).
fof(f983,plain,(
  modeType(xyz) | (~spl59_2 | ~spl59_50)),
  inference(resolution,[],[f841,f649])).
fof(f649,plain,(
  modeKind(xyz) | ~spl59_2),
  inference(avatar_component_clause,[],[f648])).
fof(f841,plain,(
  ( ! [X0] : (~modeKind(X0) | modeType(X0)) ) | ~spl59_50),
  inference(avatar_component_clause,[],[f840])).
fof(f898,plain,(
  spl59_64),
  inference(avatar_split_clause,[],[f533,f896])).
fof(f533,plain,(
  ( ! [X0] : (intrinsicMomentType(X0) | ~modeType(X0)) )),
  inference(cnf_transformation,[],[f32])).
fof(f32,axiom,(
  ! [X0] : ((modeType(X0) | qualityType(X0)) <=> intrinsicMomentType(X0))),
  file('outputs/ufo/subsumptions/type_modeKind_subsumed_to_intrinsicMomentType.in',ax_intrinsicMomentType_taxonomy)).
fof(f842,plain,(
  spl59_50),
  inference(avatar_split_clause,[],[f486,f840])).
fof(f486,plain,(
  ( ! [X0] : (~modeKind(X0) | modeType(X0)) )),
  inference(cnf_transformation,[],[f266])).
fof(f266,plain,(
  ! [X0] : ((kind(X0) & modeType(X0)) | ~modeKind(X0))),
  inference(ennf_transformation,[],[f202])).
fof(f202,plain,(
  ! [X0] : (modeKind(X0) => (kind(X0) & modeType(X0)))),
  inference(unused_predicate_definition_removal,[],[f166])).
fof(f166,plain,(
  ! [X0] : (modeKind(X0) <=> (kind(X0) & modeType(X0)))),
  inference(rectify,[],[f82])).
fof(f82,axiom,(
  ! [X8] : (modeKind(X8) <=> (kind(X8) & modeType(X8)))),
  file('outputs/ufo/subsumptions/type_modeKind_subsumed_to_intrinsicMomentType.in',ax_modeKindDefinition_a45)).
fof(f650,plain,(
  spl59_2),
  inference(avatar_split_clause,[],[f310,f648])).
fof(f310,plain,(
  modeKind(xyz)),
  inference(cnf_transformation,[],[f132])).
fof(f132,axiom,(
  modeKind(xyz)),
  file('outputs/ufo/subsumptions/type_modeKind_subsumed_to_intrinsicMomentType.in',axiom1)).
fof(f646,plain,(
  ~spl59_1),
  inference(avatar_split_clause,[],[f309,f644])).
fof(f309,plain,(
  ~intrinsicMomentType(xyz)),
  inference(cnf_transformation,[],[f133])).
fof(f133,axiom,(
  ~intrinsicMomentType(xyz)),
  file('outputs/ufo/subsumptions/type_modeKind_subsumed_to_intrinsicMomentType.in',axiom2)).
% SZS output end Proof for type_modeKind_subsumed_to_intrinsicMomentType
% ------------------------------
% Version: Vampire 4.7 (commit af7d05f97 on 2022-09-30 11:01:41 +0200)
% Termination reason: Refutation

% Memory used [KB]: 6140
% Time elapsed: 0.013 s
% ------------------------------
% ------------------------------
% Success in time 0.02 s
