% Running in auto input_syntax mode. Trying TPTP
% ott+11_3_aac=none:afr=on:afp=4000:afq=1.4:amm=off:anc=all:bs=unit_only:bsr=on:bce=on:fde=unused:irw=on:nm=64:newcnf=on:nwc=1:nicw=on:sac=on:sp=reverse_arity:uhcvi=on_31 on type_relatorType_subsumed_to_rigidNonSortal for (31ds)
% Refutation found. Thanks to Tanya!
% SZS status Unsatisfiable for type_relatorType_subsumed_to_rigidNonSortal
% SZS output start Proof for type_relatorType_subsumed_to_rigidNonSortal
fof(f12913,plain,(
  $false),
  inference(avatar_sat_refutation,[],[f646,f658,f674,f702,f746,f834,f846,f975,f1020,f1040,f1108,f1124,f1257,f1285,f1289,f1293,f1327,f1359,f1375,f1758,f1784,f2125,f2130,f2284,f2302,f2316,f4703,f4972,f6544,f7224,f7459,f11168,f11175,f12828,f12840,f12870,f12903,f12908,f12912])).
fof(f12912,plain,(
  ~spl59_99 | ~spl59_344 | ~spl59_1224),
  inference(avatar_contradiction_clause,[],[f12911])).
fof(f12911,plain,(
  $false | (~spl59_99 | ~spl59_344 | ~spl59_1224)),
  inference(subsumption_resolution,[],[f12909,f2283])).
fof(f2283,plain,(
  relator(sK41(xyz)) | ~spl59_344),
  inference(avatar_component_clause,[],[f2282])).
fof(f2282,plain,(
  spl59_344 <=> relator(sK41(xyz))),
  introduced(avatar_definition,[new_symbols(naming,[spl59_344])])).
fof(f12909,plain,(
  ~relator(sK41(xyz)) | (~spl59_99 | ~spl59_1224)),
  inference(resolution,[],[f11164,f1039])).
fof(f1039,plain,(
  ( ! [X0] : (properPartOf(sK30(X0),X0) | ~relator(X0)) ) | ~spl59_99),
  inference(avatar_component_clause,[],[f1038])).
fof(f1038,plain,(
  spl59_99 <=> ! [X0] : (properPartOf(sK30(X0),X0) | ~relator(X0))),
  introduced(avatar_definition,[new_symbols(naming,[spl59_99])])).
fof(f11164,plain,(
  ( ! [X3] : (~properPartOf(X3,sK41(xyz))) ) | ~spl59_1224),
  inference(avatar_component_clause,[],[f11163])).
fof(f11163,plain,(
  spl59_1224 <=> ! [X3] : ~properPartOf(X3,sK41(xyz))),
  introduced(avatar_definition,[new_symbols(naming,[spl59_1224])])).
fof(f12908,plain,(
  ~spl59_52 | spl59_347 | ~spl59_1404),
  inference(avatar_contradiction_clause,[],[f12907])).
fof(f12907,plain,(
  $false | (~spl59_52 | spl59_347 | ~spl59_1404)),
  inference(subsumption_resolution,[],[f12905,f2315])).
fof(f2315,plain,(
  ~intrinsicMoment(sK41(xyz)) | spl59_347),
  inference(avatar_component_clause,[],[f2314])).
fof(f2314,plain,(
  spl59_347 <=> intrinsicMoment(sK41(xyz))),
  introduced(avatar_definition,[new_symbols(naming,[spl59_347])])).
fof(f12905,plain,(
  intrinsicMoment(sK41(xyz)) | (~spl59_52 | ~spl59_1404)),
  inference(resolution,[],[f12902,f845])).
fof(f845,plain,(
  ( ! [X0] : (~mode(X0) | intrinsicMoment(X0)) ) | ~spl59_52),
  inference(avatar_component_clause,[],[f844])).
fof(f844,plain,(
  spl59_52 <=> ! [X0] : (intrinsicMoment(X0) | ~mode(X0))),
  introduced(avatar_definition,[new_symbols(naming,[spl59_52])])).
fof(f12902,plain,(
  mode(sK41(xyz)) | ~spl59_1404),
  inference(avatar_component_clause,[],[f12901])).
fof(f12901,plain,(
  spl59_1404 <=> mode(sK41(xyz))),
  introduced(avatar_definition,[new_symbols(naming,[spl59_1404])])).
fof(f12903,plain,(
  spl59_1404 | ~spl59_27 | ~spl59_1403),
  inference(avatar_split_clause,[],[f12899,f12868,f744,f12901])).
fof(f744,plain,(
  spl59_27 <=> ! [X0] : (~externallyDependentMode(X0) | mode(X0))),
  introduced(avatar_definition,[new_symbols(naming,[spl59_27])])).
fof(f12868,plain,(
  spl59_1403 <=> externallyDependentMode(sK41(xyz))),
  introduced(avatar_definition,[new_symbols(naming,[spl59_1403])])).
fof(f12899,plain,(
  mode(sK41(xyz)) | (~spl59_27 | ~spl59_1403)),
  inference(resolution,[],[f12869,f745])).
fof(f745,plain,(
  ( ! [X0] : (~externallyDependentMode(X0) | mode(X0)) ) | ~spl59_27),
  inference(avatar_component_clause,[],[f744])).
fof(f12869,plain,(
  externallyDependentMode(sK41(xyz)) | ~spl59_1403),
  inference(avatar_component_clause,[],[f12868])).
fof(f12870,plain,(
  spl59_1403 | ~spl59_344 | ~spl59_937 | ~spl59_1402),
  inference(avatar_split_clause,[],[f12866,f12838,f7457,f2282,f12868])).
fof(f7457,plain,(
  spl59_937 <=> ! [X0] : (~relator(X0) | overlap(X0,sK30(X0)))),
  introduced(avatar_definition,[new_symbols(naming,[spl59_937])])).
fof(f12838,plain,(
  spl59_1402 <=> ! [X3] : (~overlap(X3,sK30(sK41(xyz))) | externallyDependentMode(X3))),
  introduced(avatar_definition,[new_symbols(naming,[spl59_1402])])).
fof(f12866,plain,(
  externallyDependentMode(sK41(xyz)) | (~spl59_344 | ~spl59_937 | ~spl59_1402)),
  inference(subsumption_resolution,[],[f12841,f2283])).
fof(f12841,plain,(
  externallyDependentMode(sK41(xyz)) | ~relator(sK41(xyz)) | (~spl59_937 | ~spl59_1402)),
  inference(resolution,[],[f12839,f7458])).
fof(f7458,plain,(
  ( ! [X0] : (overlap(X0,sK30(X0)) | ~relator(X0)) ) | ~spl59_937),
  inference(avatar_component_clause,[],[f7457])).
fof(f12839,plain,(
  ( ! [X3] : (~overlap(X3,sK30(sK41(xyz))) | externallyDependentMode(X3)) ) | ~spl59_1402),
  inference(avatar_component_clause,[],[f12838])).
fof(f12840,plain,(
  spl59_1402 | ~spl59_159 | ~spl59_1400),
  inference(avatar_split_clause,[],[f12831,f12826,f1283,f12838])).
fof(f1283,plain,(
  spl59_159 <=> ! [X2,X0,X1] : (externallyDependentMode(X2) | ~overlap(X2,X0) | ~quaIndividualOf(X0,X1))),
  introduced(avatar_definition,[new_symbols(naming,[spl59_159])])).
fof(f12826,plain,(
  spl59_1400 <=> quaIndividualOf(sK30(sK41(xyz)),sK18(sK30(sK41(xyz))))),
  introduced(avatar_definition,[new_symbols(naming,[spl59_1400])])).
fof(f12831,plain,(
  ( ! [X3] : (~overlap(X3,sK30(sK41(xyz))) | externallyDependentMode(X3)) ) | (~spl59_159 | ~spl59_1400)),
  inference(resolution,[],[f12827,f1284])).
fof(f1284,plain,(
  ( ! [X2,X0,X1] : (~quaIndividualOf(X0,X1) | ~overlap(X2,X0) | externallyDependentMode(X2)) ) | ~spl59_159),
  inference(avatar_component_clause,[],[f1283])).
fof(f12827,plain,(
  quaIndividualOf(sK30(sK41(xyz)),sK18(sK30(sK41(xyz)))) | ~spl59_1400),
  inference(avatar_component_clause,[],[f12826])).
fof(f12828,plain,(
  spl59_1400 | ~spl59_94 | ~spl59_1226),
  inference(avatar_split_clause,[],[f11178,f11173,f1018,f12826])).
fof(f1018,plain,(
  spl59_94 <=> ! [X0] : (quaIndividualOf(X0,sK18(X0)) | ~quaIndividual(X0))),
  introduced(avatar_definition,[new_symbols(naming,[spl59_94])])).
fof(f11173,plain,(
  spl59_1226 <=> quaIndividual(sK30(sK41(xyz)))),
  introduced(avatar_definition,[new_symbols(naming,[spl59_1226])])).
fof(f11178,plain,(
  quaIndividualOf(sK30(sK41(xyz)),sK18(sK30(sK41(xyz)))) | (~spl59_94 | ~spl59_1226)),
  inference(resolution,[],[f11174,f1019])).
fof(f1019,plain,(
  ( ! [X0] : (~quaIndividual(X0) | quaIndividualOf(X0,sK18(X0))) ) | ~spl59_94),
  inference(avatar_component_clause,[],[f1018])).
fof(f11174,plain,(
  quaIndividual(sK30(sK41(xyz))) | ~spl59_1226),
  inference(avatar_component_clause,[],[f11173])).
fof(f11175,plain,(
  spl59_1226 | ~spl59_99 | ~spl59_344 | ~spl59_1225),
  inference(avatar_split_clause,[],[f11171,f11166,f2282,f1038,f11173])).
fof(f11166,plain,(
  spl59_1225 <=> ! [X2] : (~properPartOf(X2,sK41(xyz)) | quaIndividual(X2))),
  introduced(avatar_definition,[new_symbols(naming,[spl59_1225])])).
fof(f11171,plain,(
  quaIndividual(sK30(sK41(xyz))) | (~spl59_99 | ~spl59_344 | ~spl59_1225)),
  inference(subsumption_resolution,[],[f11169,f2283])).
fof(f11169,plain,(
  quaIndividual(sK30(sK41(xyz))) | ~relator(sK41(xyz)) | (~spl59_99 | ~spl59_1225)),
  inference(resolution,[],[f11167,f1039])).
fof(f11167,plain,(
  ( ! [X2] : (~properPartOf(X2,sK41(xyz)) | quaIndividual(X2)) ) | ~spl59_1225),
  inference(avatar_component_clause,[],[f11166])).
fof(f11168,plain,(
  spl59_1224 | spl59_1225 | ~spl59_249 | ~spl59_344),
  inference(avatar_split_clause,[],[f2464,f2282,f1756,f11166,f11163])).
fof(f1756,plain,(
  spl59_249 <=> ! [X5,X4,X0] : (~properPartOf(X4,X0) | ~properPartOf(X5,X0) | quaIndividual(X5) | ~relator(X0))),
  introduced(avatar_definition,[new_symbols(naming,[spl59_249])])).
fof(f2464,plain,(
  ( ! [X2,X3] : (~properPartOf(X2,sK41(xyz)) | quaIndividual(X2) | ~properPartOf(X3,sK41(xyz))) ) | (~spl59_249 | ~spl59_344)),
  inference(resolution,[],[f1757,f2283])).
fof(f1757,plain,(
  ( ! [X0,X4,X5] : (~relator(X0) | ~properPartOf(X5,X0) | quaIndividual(X5) | ~properPartOf(X4,X0)) ) | ~spl59_249),
  inference(avatar_component_clause,[],[f1756])).
fof(f7459,plain,(
  spl59_937 | ~spl59_661 | ~spl59_908),
  inference(avatar_split_clause,[],[f7225,f7222,f4970,f7457])).
fof(f4970,plain,(
  spl59_661 <=> ! [X4,X5] : (overlap(X4,X5) | ~overlap(X5,X4))),
  introduced(avatar_definition,[new_symbols(naming,[spl59_661])])).
fof(f7222,plain,(
  spl59_908 <=> ! [X0] : (overlap(sK30(X0),X0) | ~relator(X0))),
  introduced(avatar_definition,[new_symbols(naming,[spl59_908])])).
fof(f7225,plain,(
  ( ! [X0] : (~relator(X0) | overlap(X0,sK30(X0))) ) | (~spl59_661 | ~spl59_908)),
  inference(resolution,[],[f7223,f4971])).
fof(f4971,plain,(
  ( ! [X4,X5] : (~overlap(X5,X4) | overlap(X4,X5)) ) | ~spl59_661),
  inference(avatar_component_clause,[],[f4970])).
fof(f7223,plain,(
  ( ! [X0] : (overlap(sK30(X0),X0) | ~relator(X0)) ) | ~spl59_908),
  inference(avatar_component_clause,[],[f7222])).
fof(f7224,plain,(
  spl59_908 | ~spl59_5 | ~spl59_839),
  inference(avatar_split_clause,[],[f6554,f6542,f656,f7222])).
fof(f656,plain,(
  spl59_5 <=> ! [X0] : partOf(X0,X0)),
  introduced(avatar_definition,[new_symbols(naming,[spl59_5])])).
fof(f6542,plain,(
  spl59_839 <=> ! [X2,X3] : (overlap(X2,X3) | ~partOf(X2,sK30(X3)) | ~relator(X3))),
  introduced(avatar_definition,[new_symbols(naming,[spl59_839])])).
fof(f6554,plain,(
  ( ! [X0] : (overlap(sK30(X0),X0) | ~relator(X0)) ) | (~spl59_5 | ~spl59_839)),
  inference(resolution,[],[f6543,f657])).
fof(f657,plain,(
  ( ! [X0] : (partOf(X0,X0)) ) | ~spl59_5),
  inference(avatar_component_clause,[],[f656])).
fof(f6543,plain,(
  ( ! [X2,X3] : (~partOf(X2,sK30(X3)) | overlap(X2,X3) | ~relator(X3)) ) | ~spl59_839),
  inference(avatar_component_clause,[],[f6542])).
fof(f6544,plain,(
  spl59_839 | ~spl59_166 | ~spl59_174),
  inference(avatar_split_clause,[],[f1899,f1357,f1325,f6542])).
fof(f1325,plain,(
  spl59_166 <=> ! [X0] : (partOf(sK30(X0),X0) | ~relator(X0))),
  introduced(avatar_definition,[new_symbols(naming,[spl59_166])])).
fof(f1357,plain,(
  spl59_174 <=> ! [X2,X0,X1] : (~partOf(X2,X0) | overlap(X2,X1) | ~partOf(X0,X1))),
  introduced(avatar_definition,[new_symbols(naming,[spl59_174])])).
fof(f1899,plain,(
  ( ! [X2,X3] : (overlap(X2,X3) | ~partOf(X2,sK30(X3)) | ~relator(X3)) ) | (~spl59_166 | ~spl59_174)),
  inference(resolution,[],[f1358,f1326])).
fof(f1326,plain,(
  ( ! [X0] : (partOf(sK30(X0),X0) | ~relator(X0)) ) | ~spl59_166),
  inference(avatar_component_clause,[],[f1325])).
fof(f1358,plain,(
  ( ! [X2,X0,X1] : (~partOf(X0,X1) | overlap(X2,X1) | ~partOf(X2,X0)) ) | ~spl59_174),
  inference(avatar_component_clause,[],[f1357])).
fof(f4972,plain,(
  spl59_661 | ~spl59_161 | ~spl59_631),
  inference(avatar_split_clause,[],[f4719,f4701,f1291,f4970])).
fof(f1291,plain,(
  spl59_161 <=> ! [X0,X1] : (partOf(sK52(X0,X1),X1) | ~overlap(X0,X1))),
  introduced(avatar_definition,[new_symbols(naming,[spl59_161])])).
fof(f4701,plain,(
  spl59_631 <=> ! [X9,X8,X7] : (~partOf(sK52(X7,X8),X9) | overlap(X9,X7) | ~overlap(X7,X8))),
  introduced(avatar_definition,[new_symbols(naming,[spl59_631])])).
fof(f4719,plain,(
  ( ! [X4,X5] : (overlap(X4,X5) | ~overlap(X5,X4)) ) | (~spl59_161 | ~spl59_631)),
  inference(duplicate_literal_removal,[],[f4718])).
fof(f4718,plain,(
  ( ! [X4,X5] : (overlap(X4,X5) | ~overlap(X5,X4) | ~overlap(X5,X4)) ) | (~spl59_161 | ~spl59_631)),
  inference(resolution,[],[f4702,f1292])).
fof(f1292,plain,(
  ( ! [X0,X1] : (partOf(sK52(X0,X1),X1) | ~overlap(X0,X1)) ) | ~spl59_161),
  inference(avatar_component_clause,[],[f1291])).
fof(f4702,plain,(
  ( ! [X8,X9,X7] : (~partOf(sK52(X7,X8),X9) | overlap(X9,X7) | ~overlap(X7,X8)) ) | ~spl59_631),
  inference(avatar_component_clause,[],[f4701])).
fof(f4703,plain,(
  spl59_631 | ~spl59_160 | ~spl59_178),
  inference(avatar_split_clause,[],[f1943,f1373,f1287,f4701])).
fof(f1287,plain,(
  spl59_160 <=> ! [X0,X1] : (partOf(sK52(X0,X1),X0) | ~overlap(X0,X1))),
  introduced(avatar_definition,[new_symbols(naming,[spl59_160])])).
fof(f1373,plain,(
  spl59_178 <=> ! [X2,X0,X1] : (~partOf(X2,X0) | ~partOf(X2,X1) | overlap(X0,X1))),
  introduced(avatar_definition,[new_symbols(naming,[spl59_178])])).
fof(f1943,plain,(
  ( ! [X8,X9,X7] : (~partOf(sK52(X7,X8),X9) | overlap(X9,X7) | ~overlap(X7,X8)) ) | (~spl59_160 | ~spl59_178)),
  inference(resolution,[],[f1374,f1288])).
fof(f1288,plain,(
  ( ! [X0,X1] : (partOf(sK52(X0,X1),X0) | ~overlap(X0,X1)) ) | ~spl59_160),
  inference(avatar_component_clause,[],[f1287])).
fof(f1374,plain,(
  ( ! [X2,X0,X1] : (~partOf(X2,X1) | ~partOf(X2,X0) | overlap(X0,X1)) ) | ~spl59_178),
  inference(avatar_component_clause,[],[f1373])).
fof(f2316,plain,(
  ~spl59_347 | ~spl59_9 | ~spl59_344),
  inference(avatar_split_clause,[],[f2306,f2282,f672,f2314])).
fof(f672,plain,(
  spl59_9 <=> ! [X0] : (~intrinsicMoment(X0) | ~relator(X0))),
  introduced(avatar_definition,[new_symbols(naming,[spl59_9])])).
fof(f2306,plain,(
  ~intrinsicMoment(sK41(xyz)) | (~spl59_9 | ~spl59_344)),
  inference(resolution,[],[f2283,f673])).
fof(f673,plain,(
  ( ! [X0] : (~relator(X0) | ~intrinsicMoment(X0)) ) | ~spl59_9),
  inference(avatar_component_clause,[],[f672])).
fof(f2302,plain,(
  ~spl59_16 | ~spl59_84 | ~spl59_343),
  inference(avatar_contradiction_clause,[],[f2301])).
fof(f2301,plain,(
  $false | (~spl59_16 | ~spl59_84 | ~spl59_343)),
  inference(subsumption_resolution,[],[f2298,f974])).
fof(f974,plain,(
  type_(xyz) | ~spl59_84),
  inference(avatar_component_clause,[],[f973])).
fof(f973,plain,(
  spl59_84 <=> type_(xyz)),
  introduced(avatar_definition,[new_symbols(naming,[spl59_84])])).
fof(f2298,plain,(
  ~type_(xyz) | (~spl59_16 | ~spl59_343)),
  inference(resolution,[],[f2280,f701])).
fof(f701,plain,(
  ( ! [X0] : (~individual(X0) | ~type_(X0)) ) | ~spl59_16),
  inference(avatar_component_clause,[],[f700])).
fof(f700,plain,(
  spl59_16 <=> ! [X0] : (~type_(X0) | ~individual(X0))),
  introduced(avatar_definition,[new_symbols(naming,[spl59_16])])).
fof(f2280,plain,(
  individual(xyz) | ~spl59_343),
  inference(avatar_component_clause,[],[f2279])).
fof(f2279,plain,(
  spl59_343 <=> individual(xyz)),
  introduced(avatar_definition,[new_symbols(naming,[spl59_343])])).
fof(f2284,plain,(
  spl59_343 | spl59_344 | ~spl59_152 | ~spl59_318),
  inference(avatar_split_clause,[],[f2131,f2128,f1255,f2282,f2279])).
fof(f1255,plain,(
  spl59_152 <=> ! [X0] : (iof(sK41(X0),X0,sK42(X0)) | individual(X0))),
  introduced(avatar_definition,[new_symbols(naming,[spl59_152])])).
fof(f2128,plain,(
  spl59_318 <=> ! [X0,X1] : (relator(X0) | ~iof(X0,xyz,X1))),
  introduced(avatar_definition,[new_symbols(naming,[spl59_318])])).
fof(f2131,plain,(
  relator(sK41(xyz)) | individual(xyz) | (~spl59_152 | ~spl59_318)),
  inference(resolution,[],[f2129,f1256])).
fof(f1256,plain,(
  ( ! [X0] : (iof(sK41(X0),X0,sK42(X0)) | individual(X0)) ) | ~spl59_152),
  inference(avatar_component_clause,[],[f1255])).
fof(f2129,plain,(
  ( ! [X0,X1] : (~iof(X0,xyz,X1) | relator(X0)) ) | ~spl59_318),
  inference(avatar_component_clause,[],[f2128])).
fof(f2130,plain,(
  spl59_318 | ~spl59_2 | ~spl59_317),
  inference(avatar_split_clause,[],[f2126,f2123,f644,f2128])).
fof(f644,plain,(
  spl59_2 <=> relatorType(xyz)),
  introduced(avatar_definition,[new_symbols(naming,[spl59_2])])).
fof(f2123,plain,(
  spl59_317 <=> ! [X2,X0,X1] : (~iof(X1,X0,X2) | relator(X1) | ~relatorType(X0))),
  introduced(avatar_definition,[new_symbols(naming,[spl59_317])])).
fof(f2126,plain,(
  ( ! [X0,X1] : (relator(X0) | ~iof(X0,xyz,X1)) ) | (~spl59_2 | ~spl59_317)),
  inference(resolution,[],[f2124,f645])).
fof(f645,plain,(
  relatorType(xyz) | ~spl59_2),
  inference(avatar_component_clause,[],[f644])).
fof(f2124,plain,(
  ( ! [X2,X0,X1] : (~relatorType(X0) | relator(X1) | ~iof(X1,X0,X2)) ) | ~spl59_317),
  inference(avatar_component_clause,[],[f2123])).
fof(f2125,plain,(
  spl59_317 | ~spl59_120 | ~spl59_254),
  inference(avatar_split_clause,[],[f1785,f1782,f1122,f2123])).
fof(f1122,plain,(
  spl59_120 <=> ! [X2,X0,X1] : (~iof(X0,X1,X2) | world(X2))),
  introduced(avatar_definition,[new_symbols(naming,[spl59_120])])).
fof(f1782,plain,(
  spl59_254 <=> ! [X2,X0,X1] : (~world(X2) | ~iof(X1,X0,X2) | relator(X1) | ~relatorType(X0))),
  introduced(avatar_definition,[new_symbols(naming,[spl59_254])])).
fof(f1785,plain,(
  ( ! [X2,X0,X1] : (~iof(X1,X0,X2) | relator(X1) | ~relatorType(X0)) ) | (~spl59_120 | ~spl59_254)),
  inference(subsumption_resolution,[],[f1783,f1123])).
fof(f1123,plain,(
  ( ! [X2,X0,X1] : (~iof(X0,X1,X2) | world(X2)) ) | ~spl59_120),
  inference(avatar_component_clause,[],[f1122])).
fof(f1783,plain,(
  ( ! [X2,X0,X1] : (~world(X2) | ~iof(X1,X0,X2) | relator(X1) | ~relatorType(X0)) ) | ~spl59_254),
  inference(avatar_component_clause,[],[f1782])).
fof(f1784,plain,(
  spl59_254),
  inference(avatar_split_clause,[],[f482,f1782])).
fof(f482,plain,(
  ( ! [X2,X0,X1] : (~world(X2) | ~iof(X1,X0,X2) | relator(X1) | ~relatorType(X0)) )),
  inference(cnf_transformation,[],[f264])).
fof(f264,plain,(
  ! [X0] : (relatorType(X0) <=> (! [X1,X2] : (relator(X1) | ~iof(X1,X0,X2) | ~world(X2)) & type_(X0)))),
  inference(flattening,[],[f263])).
fof(f263,plain,(
  ! [X0] : (relatorType(X0) <=> (! [X1,X2] : (relator(X1) | (~iof(X1,X0,X2) | ~world(X2))) & type_(X0)))),
  inference(ennf_transformation,[],[f166])).
fof(f166,plain,(
  ! [X0] : (relatorType(X0) <=> (! [X1,X2] : ((iof(X1,X0,X2) & world(X2)) => relator(X1)) & type_(X0)))),
  inference(rectify,[],[f76])).
fof(f76,axiom,(
  ! [X8] : (relatorType(X8) <=> (! [X6,X2] : ((iof(X6,X8,X2) & world(X2)) => relator(X6)) & type_(X8)))),
  file('outputs/ufo/subsumptions/type_relatorType_subsumed_to_rigidNonSortal.in',ax_relatorTypeDefinition_a44)).
fof(f1758,plain,(
  spl59_249),
  inference(avatar_split_clause,[],[f465,f1756])).
fof(f465,plain,(
  ( ! [X0,X4,X5] : (~properPartOf(X4,X0) | ~properPartOf(X5,X0) | quaIndividual(X5) | ~relator(X0)) )),
  inference(cnf_transformation,[],[f262])).
fof(f262,plain,(
  ! [X0] : (relator(X0) <=> (! [X1,X2] : (properPartOf(X2,X0) | ? [X3] : (foundedBy(X1,X3) <~> foundedBy(X2,X3)) | ~existentiallyDependsOn(X2,X1) | ~existentiallyDependsOn(X1,X2) | ~quaIndividual(X2) | ~properPartOf(X1,X0)) & ! [X4,X5] : ((! [X6] : (foundedBy(X4,X6) <=> foundedBy(X5,X6)) & existentiallyDependsOn(X5,X4) & existentiallyDependsOn(X4,X5) & quaIndividual(X5) & quaIndividual(X4)) | ~properPartOf(X5,X0) | ~properPartOf(X4,X0)) & ? [X7] : properPartOf(X7,X0)))),
  inference(flattening,[],[f261])).
fof(f261,plain,(
  ! [X0] : (relator(X0) <=> (! [X1,X2] : (properPartOf(X2,X0) | (? [X3] : (foundedBy(X1,X3) <~> foundedBy(X2,X3)) | ~existentiallyDependsOn(X2,X1) | ~existentiallyDependsOn(X1,X2) | ~quaIndividual(X2) | ~properPartOf(X1,X0))) & ! [X4,X5] : ((! [X6] : (foundedBy(X4,X6) <=> foundedBy(X5,X6)) & existentiallyDependsOn(X5,X4) & existentiallyDependsOn(X4,X5) & quaIndividual(X5) & quaIndividual(X4)) | (~properPartOf(X5,X0) | ~properPartOf(X4,X0))) & ? [X7] : properPartOf(X7,X0)))),
  inference(ennf_transformation,[],[f165])).
fof(f165,plain,(
  ! [X0] : (relator(X0) <=> (! [X1,X2] : ((! [X3] : (foundedBy(X1,X3) <=> foundedBy(X2,X3)) & existentiallyDependsOn(X2,X1) & existentiallyDependsOn(X1,X2) & quaIndividual(X2) & properPartOf(X1,X0)) => properPartOf(X2,X0)) & ! [X4,X5] : ((properPartOf(X5,X0) & properPartOf(X4,X0)) => (! [X6] : (foundedBy(X4,X6) <=> foundedBy(X5,X6)) & existentiallyDependsOn(X5,X4) & existentiallyDependsOn(X4,X5) & quaIndividual(X5) & quaIndividual(X4))) & ? [X7] : properPartOf(X7,X0)))),
  inference(rectify,[],[f124])).
fof(f124,axiom,(
  ! [X23] : (relator(X23) <=> (! [X24,X25] : ((! [X18] : (foundedBy(X24,X18) <=> foundedBy(X25,X18)) & existentiallyDependsOn(X25,X24) & existentiallyDependsOn(X24,X25) & quaIndividual(X25) & properPartOf(X24,X23)) => properPartOf(X25,X23)) & ! [X1,X3] : ((properPartOf(X3,X23) & properPartOf(X1,X23)) => (! [X14] : (foundedBy(X1,X14) <=> foundedBy(X3,X14)) & existentiallyDependsOn(X3,X1) & existentiallyDependsOn(X1,X3) & quaIndividual(X3) & quaIndividual(X1))) & ? [X0] : properPartOf(X0,X23)))),
  file('outputs/ufo/subsumptions/type_relatorType_subsumed_to_rigidNonSortal.in',ax_dRelator_a81)).
fof(f1375,plain,(
  spl59_178),
  inference(avatar_split_clause,[],[f587,f1373])).
fof(f587,plain,(
  ( ! [X2,X0,X1] : (~partOf(X2,X0) | ~partOf(X2,X1) | overlap(X0,X1)) )),
  inference(cnf_transformation,[],[f181])).
fof(f181,plain,(
  ! [X0,X1] : (overlap(X0,X1) <=> ? [X2] : (partOf(X2,X1) & partOf(X2,X0)))),
  inference(rectify,[],[f89])).
fof(f89,axiom,(
  ! [X0,X1] : (overlap(X0,X1) <=> ? [X3] : (partOf(X3,X1) & partOf(X3,X0)))),
  file('outputs/ufo/subsumptions/type_relatorType_subsumed_to_rigidNonSortal.in',ax_overlappingWholes_a50)).
fof(f1359,plain,(
  spl59_174),
  inference(avatar_split_clause,[],[f568,f1357])).
fof(f568,plain,(
  ( ! [X2,X0,X1] : (~partOf(X2,X0) | overlap(X2,X1) | ~partOf(X0,X1)) )),
  inference(cnf_transformation,[],[f177])).
fof(f177,plain,(
  ! [X0,X1] : (~partOf(X0,X1) <=> ? [X2] : (~overlap(X2,X1) & partOf(X2,X0)))),
  inference(rectify,[],[f90])).
fof(f90,axiom,(
  ! [X0,X1] : (~partOf(X0,X1) <=> ? [X3] : (~overlap(X3,X1) & partOf(X3,X0)))),
  file('outputs/ufo/subsumptions/type_relatorType_subsumed_to_rigidNonSortal.in',ax_strongSupplementation_a51)).
fof(f1327,plain,(
  spl59_166 | ~spl59_99 | ~spl59_116),
  inference(avatar_split_clause,[],[f1247,f1106,f1038,f1325])).
fof(f1106,plain,(
  spl59_116 <=> ! [X0,X1] : (partOf(X0,X1) | ~properPartOf(X0,X1))),
  introduced(avatar_definition,[new_symbols(naming,[spl59_116])])).
fof(f1247,plain,(
  ( ! [X0] : (partOf(sK30(X0),X0) | ~relator(X0)) ) | (~spl59_99 | ~spl59_116)),
  inference(resolution,[],[f1107,f1039])).
fof(f1107,plain,(
  ( ! [X0,X1] : (~properPartOf(X0,X1) | partOf(X0,X1)) ) | ~spl59_116),
  inference(avatar_component_clause,[],[f1106])).
fof(f1293,plain,(
  spl59_161),
  inference(avatar_split_clause,[],[f586,f1291])).
fof(f586,plain,(
  ( ! [X0,X1] : (partOf(sK52(X0,X1),X1) | ~overlap(X0,X1)) )),
  inference(cnf_transformation,[],[f181])).
fof(f1289,plain,(
  spl59_160),
  inference(avatar_split_clause,[],[f585,f1287])).
fof(f585,plain,(
  ( ! [X0,X1] : (partOf(sK52(X0,X1),X0) | ~overlap(X0,X1)) )),
  inference(cnf_transformation,[],[f181])).
fof(f1285,plain,(
  spl59_159),
  inference(avatar_split_clause,[],[f580,f1283])).
fof(f580,plain,(
  ( ! [X2,X0,X1] : (externallyDependentMode(X2) | ~overlap(X2,X0) | ~quaIndividualOf(X0,X1)) )),
  inference(cnf_transformation,[],[f281])).
fof(f281,plain,(
  ! [X0,X1] : (quaIndividualOf(X0,X1) <=> ! [X2] : (overlap(X2,X0) <=> (! [X3] : (foundedBy(X2,X3) | ~foundedBy(X0,X3)) & inheresIn(X2,X1) & externallyDependentMode(X2))))),
  inference(ennf_transformation,[],[f180])).
fof(f180,plain,(
  ! [X0,X1] : (quaIndividualOf(X0,X1) <=> ! [X2] : (overlap(X2,X0) <=> (! [X3] : (foundedBy(X0,X3) => foundedBy(X2,X3)) & inheresIn(X2,X1) & externallyDependentMode(X2))))),
  inference(rectify,[],[f121])).
fof(f121,axiom,(
  ! [X0,X1] : (quaIndividualOf(X0,X1) <=> ! [X3] : (overlap(X3,X0) <=> (! [X14] : (foundedBy(X0,X14) => foundedBy(X3,X14)) & inheresIn(X3,X1) & externallyDependentMode(X3))))),
  file('outputs/ufo/subsumptions/type_relatorType_subsumed_to_rigidNonSortal.in',ax_dQuaIndividualOf_a75)).
fof(f1257,plain,(
  spl59_152),
  inference(avatar_split_clause,[],[f489,f1255])).
fof(f489,plain,(
  ( ! [X0] : (iof(sK41(X0),X0,sK42(X0)) | individual(X0)) )),
  inference(cnf_transformation,[],[f267])).
fof(f267,plain,(
  ! [X0] : (individual(X0) <=> ! [X1,X2] : ~iof(X1,X0,X2))),
  inference(ennf_transformation,[],[f50])).
fof(f50,axiom,(
  ! [X0] : (individual(X0) <=> ~? [X1,X2] : iof(X1,X0,X2))),
  file('outputs/ufo/subsumptions/type_relatorType_subsumed_to_rigidNonSortal.in',ax_dIndividual_a2)).
fof(f1124,plain,(
  spl59_120),
  inference(avatar_split_clause,[],[f624,f1122])).
fof(f624,plain,(
  ( ! [X2,X0,X1] : (~iof(X0,X1,X2) | world(X2)) )),
  inference(cnf_transformation,[],[f288])).
fof(f288,plain,(
  ! [X0,X1,X2] : ((world(X2) & type_(X1)) | ~iof(X0,X1,X2))),
  inference(ennf_transformation,[],[f48])).
fof(f48,axiom,(
  ! [X0,X1,X2] : (iof(X0,X1,X2) => (world(X2) & type_(X1)))),
  file('outputs/ufo/subsumptions/type_relatorType_subsumed_to_rigidNonSortal.in',ax_dIof)).
fof(f1108,plain,(
  spl59_116),
  inference(avatar_split_clause,[],[f582,f1106])).
fof(f582,plain,(
  ( ! [X0,X1] : (partOf(X0,X1) | ~properPartOf(X0,X1)) )),
  inference(cnf_transformation,[],[f91])).
fof(f91,axiom,(
  ! [X0,X1] : (properPartOf(X0,X1) <=> (~partOf(X1,X0) & partOf(X0,X1)))),
  file('outputs/ufo/subsumptions/type_relatorType_subsumed_to_rigidNonSortal.in',ax_properPart_a52)).
fof(f1040,plain,(
  spl59_99),
  inference(avatar_split_clause,[],[f478,f1038])).
fof(f478,plain,(
  ( ! [X0] : (properPartOf(sK30(X0),X0) | ~relator(X0)) )),
  inference(cnf_transformation,[],[f262])).
fof(f1020,plain,(
  spl59_94),
  inference(avatar_split_clause,[],[f401,f1018])).
fof(f401,plain,(
  ( ! [X0] : (quaIndividualOf(X0,sK18(X0)) | ~quaIndividual(X0)) )),
  inference(cnf_transformation,[],[f122])).
fof(f122,axiom,(
  ! [X0] : (quaIndividual(X0) <=> ? [X1] : quaIndividualOf(X0,X1))),
  file('outputs/ufo/subsumptions/type_relatorType_subsumed_to_rigidNonSortal.in',ax_dQuaIndividual_a76)).
fof(f975,plain,(
  spl59_84 | ~spl59_2 | ~spl59_49),
  inference(avatar_split_clause,[],[f971,f832,f644,f973])).
fof(f832,plain,(
  spl59_49 <=> ! [X0] : (type_(X0) | ~relatorType(X0))),
  introduced(avatar_definition,[new_symbols(naming,[spl59_49])])).
fof(f971,plain,(
  type_(xyz) | (~spl59_2 | ~spl59_49)),
  inference(resolution,[],[f833,f645])).
fof(f833,plain,(
  ( ! [X0] : (~relatorType(X0) | type_(X0)) ) | ~spl59_49),
  inference(avatar_component_clause,[],[f832])).
fof(f846,plain,(
  spl59_52),
  inference(avatar_split_clause,[],[f511,f844])).
fof(f511,plain,(
  ( ! [X0] : (intrinsicMoment(X0) | ~mode(X0)) )),
  inference(cnf_transformation,[],[f22])).
fof(f22,axiom,(
  ! [X0] : ((mode(X0) | quality(X0)) <=> intrinsicMoment(X0))),
  file('outputs/ufo/subsumptions/type_relatorType_subsumed_to_rigidNonSortal.in',ax_intrinsicMoment_taxonomy)).
fof(f834,plain,(
  spl59_49),
  inference(avatar_split_clause,[],[f483,f832])).
fof(f483,plain,(
  ( ! [X0] : (type_(X0) | ~relatorType(X0)) )),
  inference(cnf_transformation,[],[f264])).
fof(f746,plain,(
  spl59_27),
  inference(avatar_split_clause,[],[f345,f744])).
fof(f345,plain,(
  ( ! [X0] : (~externallyDependentMode(X0) | mode(X0)) )),
  inference(cnf_transformation,[],[f236])).
fof(f236,plain,(
  ! [X0] : (mode(X0) | ~externallyDependentMode(X0))),
  inference(ennf_transformation,[],[f24])).
fof(f24,axiom,(
  ! [X0] : (externallyDependentMode(X0) => mode(X0))),
  file('outputs/ufo/subsumptions/type_relatorType_subsumed_to_rigidNonSortal.in',ax_mode_taxonomy_externallyDependentMode)).
fof(f702,plain,(
  spl59_16),
  inference(avatar_split_clause,[],[f325,f700])).
fof(f325,plain,(
  ( ! [X0] : (~type_(X0) | ~individual(X0)) )),
  inference(cnf_transformation,[],[f227])).
fof(f227,plain,(
  ! [X0] : (~individual(X0) | ~type_(X0))),
  inference(ennf_transformation,[],[f2])).
fof(f2,axiom,(
  ~? [X0] : (individual(X0) & type_(X0))),
  file('outputs/ufo/subsumptions/type_relatorType_subsumed_to_rigidNonSortal.in',ax_thing_partition)).
fof(f674,plain,(
  spl59_9),
  inference(avatar_split_clause,[],[f316,f672])).
fof(f316,plain,(
  ( ! [X0] : (~intrinsicMoment(X0) | ~relator(X0)) )),
  inference(cnf_transformation,[],[f218])).
fof(f218,plain,(
  ! [X0] : (~relator(X0) | ~intrinsicMoment(X0))),
  inference(ennf_transformation,[],[f21])).
fof(f21,axiom,(
  ~? [X0] : (relator(X0) & intrinsicMoment(X0))),
  file('outputs/ufo/subsumptions/type_relatorType_subsumed_to_rigidNonSortal.in',ax_moment_partition)).
fof(f658,plain,(
  spl59_5),
  inference(avatar_split_clause,[],[f342,f656])).
fof(f342,plain,(
  ( ! [X0] : (partOf(X0,X0)) )),
  inference(cnf_transformation,[],[f85])).
fof(f85,axiom,(
  ! [X0] : partOf(X0,X0)),
  file('outputs/ufo/subsumptions/type_relatorType_subsumed_to_rigidNonSortal.in',ax_reflexiveParthood)).
fof(f646,plain,(
  spl59_2),
  inference(avatar_split_clause,[],[f308,f644])).
fof(f308,plain,(
  relatorType(xyz)),
  inference(cnf_transformation,[],[f132])).
fof(f132,axiom,(
  relatorType(xyz)),
  file('outputs/ufo/subsumptions/type_relatorType_subsumed_to_rigidNonSortal.in',axiom1)).
% SZS output end Proof for type_relatorType_subsumed_to_rigidNonSortal
% ------------------------------
% Version: Vampire 4.7 (commit af7d05f97 on 2022-09-30 11:01:41 +0200)
% Termination reason: Refutation

% Memory used [KB]: 17014
% Time elapsed: 0.295 s
% ------------------------------
% ------------------------------
% Success in time 0.304 s
