% Running in auto input_syntax mode. Trying TPTP
% ott+11_3_aac=none:afr=on:afp=4000:afq=1.4:amm=off:anc=all:bs=unit_only:bsr=on:bce=on:fde=unused:irw=on:nm=64:newcnf=on:nwc=1:nicw=on:sac=on:sp=reverse_arity:uhcvi=on_31 on type_category_subsumed_to_endurantType for (31ds)
% Refutation found. Thanks to Tanya!
% SZS status Unsatisfiable for type_category_subsumed_to_endurantType
% SZS output start Proof for type_category_subsumed_to_endurantType
fof(f1006,plain,(
  $false),
  inference(avatar_sat_refutation,[],[f642,f646,f818,f830,f910,f991,f997,f1005])).
fof(f1005,plain,(
  spl59_1 | ~spl59_68 | ~spl59_89),
  inference(avatar_contradiction_clause,[],[f1004])).
fof(f1004,plain,(
  $false | (spl59_1 | ~spl59_68 | ~spl59_89)),
  inference(subsumption_resolution,[],[f1003,f641])).
fof(f641,plain,(
  ~endurantType(xyz) | spl59_1),
  inference(avatar_component_clause,[],[f640])).
fof(f640,plain,(
  spl59_1 <=> endurantType(xyz)),
  introduced(avatar_definition,[new_symbols(naming,[spl59_1])])).
fof(f1003,plain,(
  endurantType(xyz) | (~spl59_68 | ~spl59_89)),
  inference(resolution,[],[f909,f996])).
fof(f996,plain,(
  nonSortal(xyz) | ~spl59_89),
  inference(avatar_component_clause,[],[f995])).
fof(f995,plain,(
  spl59_89 <=> nonSortal(xyz)),
  introduced(avatar_definition,[new_symbols(naming,[spl59_89])])).
fof(f909,plain,(
  ( ! [X0] : (~nonSortal(X0) | endurantType(X0)) ) | ~spl59_68),
  inference(avatar_component_clause,[],[f908])).
fof(f908,plain,(
  spl59_68 <=> ! [X0] : (endurantType(X0) | ~nonSortal(X0))),
  introduced(avatar_definition,[new_symbols(naming,[spl59_68])])).
fof(f997,plain,(
  spl59_89 | ~spl59_48 | ~spl59_88),
  inference(avatar_split_clause,[],[f993,f989,f828,f995])).
fof(f828,plain,(
  spl59_48 <=> ! [X0] : (nonSortal(X0) | ~rigidNonSortal(X0))),
  introduced(avatar_definition,[new_symbols(naming,[spl59_48])])).
fof(f989,plain,(
  spl59_88 <=> rigidNonSortal(xyz)),
  introduced(avatar_definition,[new_symbols(naming,[spl59_88])])).
fof(f993,plain,(
  nonSortal(xyz) | (~spl59_48 | ~spl59_88)),
  inference(resolution,[],[f829,f990])).
fof(f990,plain,(
  rigidNonSortal(xyz) | ~spl59_88),
  inference(avatar_component_clause,[],[f989])).
fof(f829,plain,(
  ( ! [X0] : (~rigidNonSortal(X0) | nonSortal(X0)) ) | ~spl59_48),
  inference(avatar_component_clause,[],[f828])).
fof(f991,plain,(
  spl59_88 | ~spl59_2 | ~spl59_45),
  inference(avatar_split_clause,[],[f987,f816,f644,f989])).
fof(f644,plain,(
  spl59_2 <=> category(xyz)),
  introduced(avatar_definition,[new_symbols(naming,[spl59_2])])).
fof(f816,plain,(
  spl59_45 <=> ! [X0] : (~category(X0) | rigidNonSortal(X0))),
  introduced(avatar_definition,[new_symbols(naming,[spl59_45])])).
fof(f987,plain,(
  rigidNonSortal(xyz) | (~spl59_2 | ~spl59_45)),
  inference(resolution,[],[f817,f645])).
fof(f645,plain,(
  category(xyz) | ~spl59_2),
  inference(avatar_component_clause,[],[f644])).
fof(f817,plain,(
  ( ! [X0] : (~category(X0) | rigidNonSortal(X0)) ) | ~spl59_45),
  inference(avatar_component_clause,[],[f816])).
fof(f910,plain,(
  spl59_68),
  inference(avatar_split_clause,[],[f535,f908])).
fof(f535,plain,(
  ( ! [X0] : (endurantType(X0) | ~nonSortal(X0)) )),
  inference(cnf_transformation,[],[f34])).
fof(f34,axiom,(
  ! [X0] : ((nonSortal(X0) | sortal(X0)) <=> endurantType(X0))),
  file('outputs/ufo/subsumptions/type_category_subsumed_to_endurantType.in',ax_endurantType_taxonomy_properties)).
fof(f830,plain,(
  spl59_48),
  inference(avatar_split_clause,[],[f427,f828])).
fof(f427,plain,(
  ( ! [X0] : (nonSortal(X0) | ~rigidNonSortal(X0)) )),
  inference(cnf_transformation,[],[f161])).
fof(f161,plain,(
  ! [X0] : (rigidNonSortal(X0) <=> (nonSortal(X0) & rigid(X0)))),
  inference(rectify,[],[f65])).
fof(f65,axiom,(
  ! [X8] : (rigidNonSortal(X8) <=> (nonSortal(X8) & rigid(X8)))),
  file('outputs/ufo/subsumptions/type_category_subsumed_to_endurantType.in',ax_rigidNonSortalsAreRigidAndNonSortal_xx)).
fof(f818,plain,(
  spl59_45),
  inference(avatar_split_clause,[],[f421,f816])).
fof(f421,plain,(
  ( ! [X0] : (~category(X0) | rigidNonSortal(X0)) )),
  inference(cnf_transformation,[],[f44])).
fof(f44,axiom,(
  ! [X0] : (rigidNonSortal(X0) <=> category(X0))),
  file('outputs/ufo/subsumptions/type_category_subsumed_to_endurantType.in',ax_rigidNonSortal_taxonomy)).
fof(f646,plain,(
  spl59_2),
  inference(avatar_split_clause,[],[f308,f644])).
fof(f308,plain,(
  category(xyz)),
  inference(cnf_transformation,[],[f132])).
fof(f132,axiom,(
  category(xyz)),
  file('outputs/ufo/subsumptions/type_category_subsumed_to_endurantType.in',axiom1)).
fof(f642,plain,(
  ~spl59_1),
  inference(avatar_split_clause,[],[f307,f640])).
fof(f307,plain,(
  ~endurantType(xyz)),
  inference(cnf_transformation,[],[f133])).
fof(f133,axiom,(
  ~endurantType(xyz)),
  file('outputs/ufo/subsumptions/type_category_subsumed_to_endurantType.in',axiom2)).
% SZS output end Proof for type_category_subsumed_to_endurantType
% ------------------------------
% Version: Vampire 4.7 (commit af7d05f97 on 2022-09-30 11:01:41 +0200)
% Termination reason: Refutation

% Memory used [KB]: 6140
% Time elapsed: 0.011 s
% ------------------------------
% ------------------------------
% Success in time 0.017 s
