% Running in auto input_syntax mode. Trying TPTP
% ott+11_3_aac=none:afr=on:afp=4000:afq=1.4:amm=off:anc=all:bs=unit_only:bsr=on:bce=on:fde=unused:irw=on:nm=64:newcnf=on:nwc=1:nicw=on:sac=on:sp=reverse_arity:uhcvi=on_31 on type_relatorType_subsumed_to_qualityStructure for (31ds)
% Refutation found. Thanks to Tanya!
% SZS status Unsatisfiable for type_relatorType_subsumed_to_qualityStructure
% SZS output start Proof for type_relatorType_subsumed_to_qualityStructure
fof(f11397,plain,(
  $false),
  inference(avatar_sat_refutation,[],[f642,f654,f670,f698,f742,f830,f842,f971,f1016,f1036,f1104,f1120,f1253,f1281,f1285,f1289,f1327,f1355,f1371,f1761,f1782,f2114,f2119,f2273,f2279,f2300,f4694,f4947,f6528,f6919,f7056,f10767,f10771,f10784,f11328,f11336,f11377,f11391,f11396])).
fof(f11396,plain,(
  ~spl59_51 | spl59_348 | ~spl59_1295),
  inference(avatar_contradiction_clause,[],[f11395])).
fof(f11395,plain,(
  $false | (~spl59_51 | spl59_348 | ~spl59_1295)),
  inference(subsumption_resolution,[],[f11393,f2299])).
fof(f2299,plain,(
  ~intrinsicMoment(sK41(xyz)) | spl59_348),
  inference(avatar_component_clause,[],[f2298])).
fof(f2298,plain,(
  spl59_348 <=> intrinsicMoment(sK41(xyz))),
  introduced(avatar_definition,[new_symbols(naming,[spl59_348])])).
fof(f11393,plain,(
  intrinsicMoment(sK41(xyz)) | (~spl59_51 | ~spl59_1295)),
  inference(resolution,[],[f11390,f841])).
fof(f841,plain,(
  ( ! [X0] : (~mode(X0) | intrinsicMoment(X0)) ) | ~spl59_51),
  inference(avatar_component_clause,[],[f840])).
fof(f840,plain,(
  spl59_51 <=> ! [X0] : (intrinsicMoment(X0) | ~mode(X0))),
  introduced(avatar_definition,[new_symbols(naming,[spl59_51])])).
fof(f11390,plain,(
  mode(sK41(xyz)) | ~spl59_1295),
  inference(avatar_component_clause,[],[f11389])).
fof(f11389,plain,(
  spl59_1295 <=> mode(sK41(xyz))),
  introduced(avatar_definition,[new_symbols(naming,[spl59_1295])])).
fof(f11391,plain,(
  spl59_1295 | ~spl59_26 | ~spl59_1293),
  inference(avatar_split_clause,[],[f11383,f11375,f740,f11389])).
fof(f740,plain,(
  spl59_26 <=> ! [X0] : (~externallyDependentMode(X0) | mode(X0))),
  introduced(avatar_definition,[new_symbols(naming,[spl59_26])])).
fof(f11375,plain,(
  spl59_1293 <=> externallyDependentMode(sK41(xyz))),
  introduced(avatar_definition,[new_symbols(naming,[spl59_1293])])).
fof(f11383,plain,(
  mode(sK41(xyz)) | (~spl59_26 | ~spl59_1293)),
  inference(resolution,[],[f11376,f741])).
fof(f741,plain,(
  ( ! [X0] : (~externallyDependentMode(X0) | mode(X0)) ) | ~spl59_26),
  inference(avatar_component_clause,[],[f740])).
fof(f11376,plain,(
  externallyDependentMode(sK41(xyz)) | ~spl59_1293),
  inference(avatar_component_clause,[],[f11375])).
fof(f11377,plain,(
  spl59_1293 | ~spl59_345 | ~spl59_896 | ~spl59_1292),
  inference(avatar_split_clause,[],[f11373,f11334,f7054,f2271,f11375])).
fof(f2271,plain,(
  spl59_345 <=> relator(sK41(xyz))),
  introduced(avatar_definition,[new_symbols(naming,[spl59_345])])).
fof(f7054,plain,(
  spl59_896 <=> ! [X0] : (~relator(X0) | overlap(X0,sK30(X0)))),
  introduced(avatar_definition,[new_symbols(naming,[spl59_896])])).
fof(f11334,plain,(
  spl59_1292 <=> ! [X3] : (~overlap(X3,sK30(sK41(xyz))) | externallyDependentMode(X3))),
  introduced(avatar_definition,[new_symbols(naming,[spl59_1292])])).
fof(f11373,plain,(
  externallyDependentMode(sK41(xyz)) | (~spl59_345 | ~spl59_896 | ~spl59_1292)),
  inference(subsumption_resolution,[],[f11348,f2272])).
fof(f2272,plain,(
  relator(sK41(xyz)) | ~spl59_345),
  inference(avatar_component_clause,[],[f2271])).
fof(f11348,plain,(
  externallyDependentMode(sK41(xyz)) | ~relator(sK41(xyz)) | (~spl59_896 | ~spl59_1292)),
  inference(resolution,[],[f11335,f7055])).
fof(f7055,plain,(
  ( ! [X0] : (overlap(X0,sK30(X0)) | ~relator(X0)) ) | ~spl59_896),
  inference(avatar_component_clause,[],[f7054])).
fof(f11335,plain,(
  ( ! [X3] : (~overlap(X3,sK30(sK41(xyz))) | externallyDependentMode(X3)) ) | ~spl59_1292),
  inference(avatar_component_clause,[],[f11334])).
fof(f11336,plain,(
  spl59_1292 | ~spl59_158 | ~spl59_1291),
  inference(avatar_split_clause,[],[f11331,f11326,f1279,f11334])).
fof(f1279,plain,(
  spl59_158 <=> ! [X2,X0,X1] : (externallyDependentMode(X2) | ~overlap(X2,X0) | ~quaIndividualOf(X0,X1))),
  introduced(avatar_definition,[new_symbols(naming,[spl59_158])])).
fof(f11326,plain,(
  spl59_1291 <=> quaIndividualOf(sK30(sK41(xyz)),sK16(sK30(sK41(xyz))))),
  introduced(avatar_definition,[new_symbols(naming,[spl59_1291])])).
fof(f11331,plain,(
  ( ! [X3] : (~overlap(X3,sK30(sK41(xyz))) | externallyDependentMode(X3)) ) | (~spl59_158 | ~spl59_1291)),
  inference(resolution,[],[f11327,f1280])).
fof(f1280,plain,(
  ( ! [X2,X0,X1] : (~quaIndividualOf(X0,X1) | ~overlap(X2,X0) | externallyDependentMode(X2)) ) | ~spl59_158),
  inference(avatar_component_clause,[],[f1279])).
fof(f11327,plain,(
  quaIndividualOf(sK30(sK41(xyz)),sK16(sK30(sK41(xyz)))) | ~spl59_1291),
  inference(avatar_component_clause,[],[f11326])).
fof(f11328,plain,(
  spl59_1291 | ~spl59_93 | ~spl59_1240),
  inference(avatar_split_clause,[],[f10787,f10782,f1014,f11326])).
fof(f1014,plain,(
  spl59_93 <=> ! [X0] : (quaIndividualOf(X0,sK16(X0)) | ~quaIndividual(X0))),
  introduced(avatar_definition,[new_symbols(naming,[spl59_93])])).
fof(f10782,plain,(
  spl59_1240 <=> quaIndividual(sK30(sK41(xyz)))),
  introduced(avatar_definition,[new_symbols(naming,[spl59_1240])])).
fof(f10787,plain,(
  quaIndividualOf(sK30(sK41(xyz)),sK16(sK30(sK41(xyz)))) | (~spl59_93 | ~spl59_1240)),
  inference(resolution,[],[f10783,f1015])).
fof(f1015,plain,(
  ( ! [X0] : (~quaIndividual(X0) | quaIndividualOf(X0,sK16(X0))) ) | ~spl59_93),
  inference(avatar_component_clause,[],[f1014])).
fof(f10783,plain,(
  quaIndividual(sK30(sK41(xyz))) | ~spl59_1240),
  inference(avatar_component_clause,[],[f10782])).
fof(f10784,plain,(
  spl59_1240 | ~spl59_98 | ~spl59_345 | ~spl59_1238),
  inference(avatar_split_clause,[],[f10776,f10765,f2271,f1034,f10782])).
fof(f1034,plain,(
  spl59_98 <=> ! [X0] : (properPartOf(sK30(X0),X0) | ~relator(X0))),
  introduced(avatar_definition,[new_symbols(naming,[spl59_98])])).
fof(f10765,plain,(
  spl59_1238 <=> ! [X2] : (~properPartOf(X2,sK41(xyz)) | quaIndividual(X2))),
  introduced(avatar_definition,[new_symbols(naming,[spl59_1238])])).
fof(f10776,plain,(
  quaIndividual(sK30(sK41(xyz))) | (~spl59_98 | ~spl59_345 | ~spl59_1238)),
  inference(subsumption_resolution,[],[f10774,f2272])).
fof(f10774,plain,(
  quaIndividual(sK30(sK41(xyz))) | ~relator(sK41(xyz)) | (~spl59_98 | ~spl59_1238)),
  inference(resolution,[],[f10766,f1035])).
fof(f1035,plain,(
  ( ! [X0] : (properPartOf(sK30(X0),X0) | ~relator(X0)) ) | ~spl59_98),
  inference(avatar_component_clause,[],[f1034])).
fof(f10766,plain,(
  ( ! [X2] : (~properPartOf(X2,sK41(xyz)) | quaIndividual(X2)) ) | ~spl59_1238),
  inference(avatar_component_clause,[],[f10765])).
fof(f10771,plain,(
  ~spl59_98 | ~spl59_345 | ~spl59_1237),
  inference(avatar_contradiction_clause,[],[f10770])).
fof(f10770,plain,(
  $false | (~spl59_98 | ~spl59_345 | ~spl59_1237)),
  inference(subsumption_resolution,[],[f10768,f2272])).
fof(f10768,plain,(
  ~relator(sK41(xyz)) | (~spl59_98 | ~spl59_1237)),
  inference(resolution,[],[f10763,f1035])).
fof(f10763,plain,(
  ( ! [X3] : (~properPartOf(X3,sK41(xyz))) ) | ~spl59_1237),
  inference(avatar_component_clause,[],[f10762])).
fof(f10762,plain,(
  spl59_1237 <=> ! [X3] : ~properPartOf(X3,sK41(xyz))),
  introduced(avatar_definition,[new_symbols(naming,[spl59_1237])])).
fof(f10767,plain,(
  spl59_1237 | spl59_1238 | ~spl59_253 | ~spl59_345),
  inference(avatar_split_clause,[],[f2452,f2271,f1759,f10765,f10762])).
fof(f1759,plain,(
  spl59_253 <=> ! [X5,X4,X0] : (~properPartOf(X4,X0) | ~properPartOf(X5,X0) | quaIndividual(X5) | ~relator(X0))),
  introduced(avatar_definition,[new_symbols(naming,[spl59_253])])).
fof(f2452,plain,(
  ( ! [X2,X3] : (~properPartOf(X2,sK41(xyz)) | quaIndividual(X2) | ~properPartOf(X3,sK41(xyz))) ) | (~spl59_253 | ~spl59_345)),
  inference(resolution,[],[f1760,f2272])).
fof(f1760,plain,(
  ( ! [X0,X4,X5] : (~relator(X0) | ~properPartOf(X5,X0) | quaIndividual(X5) | ~properPartOf(X4,X0)) ) | ~spl59_253),
  inference(avatar_component_clause,[],[f1759])).
fof(f7056,plain,(
  spl59_896 | ~spl59_660 | ~spl59_876),
  inference(avatar_split_clause,[],[f6924,f6917,f4945,f7054])).
fof(f4945,plain,(
  spl59_660 <=> ! [X4,X5] : (overlap(X4,X5) | ~overlap(X5,X4))),
  introduced(avatar_definition,[new_symbols(naming,[spl59_660])])).
fof(f6917,plain,(
  spl59_876 <=> ! [X0] : (overlap(sK30(X0),X0) | ~relator(X0))),
  introduced(avatar_definition,[new_symbols(naming,[spl59_876])])).
fof(f6924,plain,(
  ( ! [X0] : (~relator(X0) | overlap(X0,sK30(X0))) ) | (~spl59_660 | ~spl59_876)),
  inference(resolution,[],[f6918,f4946])).
fof(f4946,plain,(
  ( ! [X4,X5] : (~overlap(X5,X4) | overlap(X4,X5)) ) | ~spl59_660),
  inference(avatar_component_clause,[],[f4945])).
fof(f6918,plain,(
  ( ! [X0] : (overlap(sK30(X0),X0) | ~relator(X0)) ) | ~spl59_876),
  inference(avatar_component_clause,[],[f6917])).
fof(f6919,plain,(
  spl59_876 | ~spl59_4 | ~spl59_837),
  inference(avatar_split_clause,[],[f6533,f6526,f652,f6917])).
fof(f652,plain,(
  spl59_4 <=> ! [X0] : partOf(X0,X0)),
  introduced(avatar_definition,[new_symbols(naming,[spl59_4])])).
fof(f6526,plain,(
  spl59_837 <=> ! [X2,X3] : (overlap(X2,X3) | ~partOf(X2,sK30(X3)) | ~relator(X3))),
  introduced(avatar_definition,[new_symbols(naming,[spl59_837])])).
fof(f6533,plain,(
  ( ! [X0] : (overlap(sK30(X0),X0) | ~relator(X0)) ) | (~spl59_4 | ~spl59_837)),
  inference(resolution,[],[f6527,f653])).
fof(f653,plain,(
  ( ! [X0] : (partOf(X0,X0)) ) | ~spl59_4),
  inference(avatar_component_clause,[],[f652])).
fof(f6527,plain,(
  ( ! [X2,X3] : (~partOf(X2,sK30(X3)) | overlap(X2,X3) | ~relator(X3)) ) | ~spl59_837),
  inference(avatar_component_clause,[],[f6526])).
fof(f6528,plain,(
  spl59_837 | ~spl59_166 | ~spl59_173),
  inference(avatar_split_clause,[],[f1903,f1353,f1325,f6526])).
fof(f1325,plain,(
  spl59_166 <=> ! [X0] : (partOf(sK30(X0),X0) | ~relator(X0))),
  introduced(avatar_definition,[new_symbols(naming,[spl59_166])])).
fof(f1353,plain,(
  spl59_173 <=> ! [X2,X0,X1] : (~partOf(X2,X0) | overlap(X2,X1) | ~partOf(X0,X1))),
  introduced(avatar_definition,[new_symbols(naming,[spl59_173])])).
fof(f1903,plain,(
  ( ! [X2,X3] : (overlap(X2,X3) | ~partOf(X2,sK30(X3)) | ~relator(X3)) ) | (~spl59_166 | ~spl59_173)),
  inference(resolution,[],[f1354,f1326])).
fof(f1326,plain,(
  ( ! [X0] : (partOf(sK30(X0),X0) | ~relator(X0)) ) | ~spl59_166),
  inference(avatar_component_clause,[],[f1325])).
fof(f1354,plain,(
  ( ! [X2,X0,X1] : (~partOf(X0,X1) | overlap(X2,X1) | ~partOf(X2,X0)) ) | ~spl59_173),
  inference(avatar_component_clause,[],[f1353])).
fof(f4947,plain,(
  spl59_660 | ~spl59_160 | ~spl59_633),
  inference(avatar_split_clause,[],[f4702,f4692,f1287,f4945])).
fof(f1287,plain,(
  spl59_160 <=> ! [X0,X1] : (partOf(sK52(X0,X1),X1) | ~overlap(X0,X1))),
  introduced(avatar_definition,[new_symbols(naming,[spl59_160])])).
fof(f4692,plain,(
  spl59_633 <=> ! [X9,X8,X7] : (~partOf(sK52(X7,X8),X9) | overlap(X9,X7) | ~overlap(X7,X8))),
  introduced(avatar_definition,[new_symbols(naming,[spl59_633])])).
fof(f4702,plain,(
  ( ! [X4,X5] : (overlap(X4,X5) | ~overlap(X5,X4)) ) | (~spl59_160 | ~spl59_633)),
  inference(duplicate_literal_removal,[],[f4701])).
fof(f4701,plain,(
  ( ! [X4,X5] : (overlap(X4,X5) | ~overlap(X5,X4) | ~overlap(X5,X4)) ) | (~spl59_160 | ~spl59_633)),
  inference(resolution,[],[f4693,f1288])).
fof(f1288,plain,(
  ( ! [X0,X1] : (partOf(sK52(X0,X1),X1) | ~overlap(X0,X1)) ) | ~spl59_160),
  inference(avatar_component_clause,[],[f1287])).
fof(f4693,plain,(
  ( ! [X8,X9,X7] : (~partOf(sK52(X7,X8),X9) | overlap(X9,X7) | ~overlap(X7,X8)) ) | ~spl59_633),
  inference(avatar_component_clause,[],[f4692])).
fof(f4694,plain,(
  spl59_633 | ~spl59_159 | ~spl59_177),
  inference(avatar_split_clause,[],[f1943,f1369,f1283,f4692])).
fof(f1283,plain,(
  spl59_159 <=> ! [X0,X1] : (partOf(sK52(X0,X1),X0) | ~overlap(X0,X1))),
  introduced(avatar_definition,[new_symbols(naming,[spl59_159])])).
fof(f1369,plain,(
  spl59_177 <=> ! [X2,X0,X1] : (~partOf(X2,X0) | ~partOf(X2,X1) | overlap(X0,X1))),
  introduced(avatar_definition,[new_symbols(naming,[spl59_177])])).
fof(f1943,plain,(
  ( ! [X8,X9,X7] : (~partOf(sK52(X7,X8),X9) | overlap(X9,X7) | ~overlap(X7,X8)) ) | (~spl59_159 | ~spl59_177)),
  inference(resolution,[],[f1370,f1284])).
fof(f1284,plain,(
  ( ! [X0,X1] : (partOf(sK52(X0,X1),X0) | ~overlap(X0,X1)) ) | ~spl59_159),
  inference(avatar_component_clause,[],[f1283])).
fof(f1370,plain,(
  ( ! [X2,X0,X1] : (~partOf(X2,X1) | ~partOf(X2,X0) | overlap(X0,X1)) ) | ~spl59_177),
  inference(avatar_component_clause,[],[f1369])).
fof(f2300,plain,(
  ~spl59_348 | ~spl59_8 | ~spl59_345),
  inference(avatar_split_clause,[],[f2283,f2271,f668,f2298])).
fof(f668,plain,(
  spl59_8 <=> ! [X0] : (~intrinsicMoment(X0) | ~relator(X0))),
  introduced(avatar_definition,[new_symbols(naming,[spl59_8])])).
fof(f2283,plain,(
  ~intrinsicMoment(sK41(xyz)) | (~spl59_8 | ~spl59_345)),
  inference(resolution,[],[f2272,f669])).
fof(f669,plain,(
  ( ! [X0] : (~relator(X0) | ~intrinsicMoment(X0)) ) | ~spl59_8),
  inference(avatar_component_clause,[],[f668])).
fof(f2279,plain,(
  ~spl59_15 | ~spl59_83 | ~spl59_344),
  inference(avatar_contradiction_clause,[],[f2278])).
fof(f2278,plain,(
  $false | (~spl59_15 | ~spl59_83 | ~spl59_344)),
  inference(subsumption_resolution,[],[f2275,f970])).
fof(f970,plain,(
  type_(xyz) | ~spl59_83),
  inference(avatar_component_clause,[],[f969])).
fof(f969,plain,(
  spl59_83 <=> type_(xyz)),
  introduced(avatar_definition,[new_symbols(naming,[spl59_83])])).
fof(f2275,plain,(
  ~type_(xyz) | (~spl59_15 | ~spl59_344)),
  inference(resolution,[],[f2269,f697])).
fof(f697,plain,(
  ( ! [X0] : (~individual(X0) | ~type_(X0)) ) | ~spl59_15),
  inference(avatar_component_clause,[],[f696])).
fof(f696,plain,(
  spl59_15 <=> ! [X0] : (~type_(X0) | ~individual(X0))),
  introduced(avatar_definition,[new_symbols(naming,[spl59_15])])).
fof(f2269,plain,(
  individual(xyz) | ~spl59_344),
  inference(avatar_component_clause,[],[f2268])).
fof(f2268,plain,(
  spl59_344 <=> individual(xyz)),
  introduced(avatar_definition,[new_symbols(naming,[spl59_344])])).
fof(f2273,plain,(
  spl59_344 | spl59_345 | ~spl59_151 | ~spl59_319),
  inference(avatar_split_clause,[],[f2120,f2117,f1251,f2271,f2268])).
fof(f1251,plain,(
  spl59_151 <=> ! [X0] : (iof(sK41(X0),X0,sK42(X0)) | individual(X0))),
  introduced(avatar_definition,[new_symbols(naming,[spl59_151])])).
fof(f2117,plain,(
  spl59_319 <=> ! [X0,X1] : (relator(X0) | ~iof(X0,xyz,X1))),
  introduced(avatar_definition,[new_symbols(naming,[spl59_319])])).
fof(f2120,plain,(
  relator(sK41(xyz)) | individual(xyz) | (~spl59_151 | ~spl59_319)),
  inference(resolution,[],[f2118,f1252])).
fof(f1252,plain,(
  ( ! [X0] : (iof(sK41(X0),X0,sK42(X0)) | individual(X0)) ) | ~spl59_151),
  inference(avatar_component_clause,[],[f1251])).
fof(f2118,plain,(
  ( ! [X0,X1] : (~iof(X0,xyz,X1) | relator(X0)) ) | ~spl59_319),
  inference(avatar_component_clause,[],[f2117])).
fof(f2119,plain,(
  spl59_319 | ~spl59_1 | ~spl59_318),
  inference(avatar_split_clause,[],[f2115,f2112,f640,f2117])).
fof(f640,plain,(
  spl59_1 <=> relatorType(xyz)),
  introduced(avatar_definition,[new_symbols(naming,[spl59_1])])).
fof(f2112,plain,(
  spl59_318 <=> ! [X2,X0,X1] : (~iof(X1,X0,X2) | relator(X1) | ~relatorType(X0))),
  introduced(avatar_definition,[new_symbols(naming,[spl59_318])])).
fof(f2115,plain,(
  ( ! [X0,X1] : (relator(X0) | ~iof(X0,xyz,X1)) ) | (~spl59_1 | ~spl59_318)),
  inference(resolution,[],[f2113,f641])).
fof(f641,plain,(
  relatorType(xyz) | ~spl59_1),
  inference(avatar_component_clause,[],[f640])).
fof(f2113,plain,(
  ( ! [X2,X0,X1] : (~relatorType(X0) | relator(X1) | ~iof(X1,X0,X2)) ) | ~spl59_318),
  inference(avatar_component_clause,[],[f2112])).
fof(f2114,plain,(
  spl59_318 | ~spl59_119 | ~spl59_258),
  inference(avatar_split_clause,[],[f1783,f1780,f1118,f2112])).
fof(f1118,plain,(
  spl59_119 <=> ! [X2,X0,X1] : (~iof(X0,X1,X2) | world(X2))),
  introduced(avatar_definition,[new_symbols(naming,[spl59_119])])).
fof(f1780,plain,(
  spl59_258 <=> ! [X2,X0,X1] : (~world(X2) | ~iof(X1,X0,X2) | relator(X1) | ~relatorType(X0))),
  introduced(avatar_definition,[new_symbols(naming,[spl59_258])])).
fof(f1783,plain,(
  ( ! [X2,X0,X1] : (~iof(X1,X0,X2) | relator(X1) | ~relatorType(X0)) ) | (~spl59_119 | ~spl59_258)),
  inference(subsumption_resolution,[],[f1781,f1119])).
fof(f1119,plain,(
  ( ! [X2,X0,X1] : (~iof(X0,X1,X2) | world(X2)) ) | ~spl59_119),
  inference(avatar_component_clause,[],[f1118])).
fof(f1781,plain,(
  ( ! [X2,X0,X1] : (~world(X2) | ~iof(X1,X0,X2) | relator(X1) | ~relatorType(X0)) ) | ~spl59_258),
  inference(avatar_component_clause,[],[f1780])).
fof(f1782,plain,(
  spl59_258),
  inference(avatar_split_clause,[],[f482,f1780])).
fof(f482,plain,(
  ( ! [X2,X0,X1] : (~world(X2) | ~iof(X1,X0,X2) | relator(X1) | ~relatorType(X0)) )),
  inference(cnf_transformation,[],[f264])).
fof(f264,plain,(
  ! [X0] : (relatorType(X0) <=> (! [X1,X2] : (relator(X1) | ~iof(X1,X0,X2) | ~world(X2)) & type_(X0)))),
  inference(flattening,[],[f263])).
fof(f263,plain,(
  ! [X0] : (relatorType(X0) <=> (! [X1,X2] : (relator(X1) | (~iof(X1,X0,X2) | ~world(X2))) & type_(X0)))),
  inference(ennf_transformation,[],[f166])).
fof(f166,plain,(
  ! [X0] : (relatorType(X0) <=> (! [X1,X2] : ((iof(X1,X0,X2) & world(X2)) => relator(X1)) & type_(X0)))),
  inference(rectify,[],[f76])).
fof(f76,axiom,(
  ! [X8] : (relatorType(X8) <=> (! [X6,X2] : ((iof(X6,X8,X2) & world(X2)) => relator(X6)) & type_(X8)))),
  file('outputs/ufo/subsumptions/type_relatorType_subsumed_to_qualityStructure.in',ax_relatorTypeDefinition_a44)).
fof(f1761,plain,(
  spl59_253),
  inference(avatar_split_clause,[],[f465,f1759])).
fof(f465,plain,(
  ( ! [X0,X4,X5] : (~properPartOf(X4,X0) | ~properPartOf(X5,X0) | quaIndividual(X5) | ~relator(X0)) )),
  inference(cnf_transformation,[],[f262])).
fof(f262,plain,(
  ! [X0] : (relator(X0) <=> (! [X1,X2] : (properPartOf(X2,X0) | ? [X3] : (foundedBy(X1,X3) <~> foundedBy(X2,X3)) | ~existentiallyDependsOn(X2,X1) | ~existentiallyDependsOn(X1,X2) | ~quaIndividual(X2) | ~properPartOf(X1,X0)) & ! [X4,X5] : ((! [X6] : (foundedBy(X4,X6) <=> foundedBy(X5,X6)) & existentiallyDependsOn(X5,X4) & existentiallyDependsOn(X4,X5) & quaIndividual(X5) & quaIndividual(X4)) | ~properPartOf(X5,X0) | ~properPartOf(X4,X0)) & ? [X7] : properPartOf(X7,X0)))),
  inference(flattening,[],[f261])).
fof(f261,plain,(
  ! [X0] : (relator(X0) <=> (! [X1,X2] : (properPartOf(X2,X0) | (? [X3] : (foundedBy(X1,X3) <~> foundedBy(X2,X3)) | ~existentiallyDependsOn(X2,X1) | ~existentiallyDependsOn(X1,X2) | ~quaIndividual(X2) | ~properPartOf(X1,X0))) & ! [X4,X5] : ((! [X6] : (foundedBy(X4,X6) <=> foundedBy(X5,X6)) & existentiallyDependsOn(X5,X4) & existentiallyDependsOn(X4,X5) & quaIndividual(X5) & quaIndividual(X4)) | (~properPartOf(X5,X0) | ~properPartOf(X4,X0))) & ? [X7] : properPartOf(X7,X0)))),
  inference(ennf_transformation,[],[f165])).
fof(f165,plain,(
  ! [X0] : (relator(X0) <=> (! [X1,X2] : ((! [X3] : (foundedBy(X1,X3) <=> foundedBy(X2,X3)) & existentiallyDependsOn(X2,X1) & existentiallyDependsOn(X1,X2) & quaIndividual(X2) & properPartOf(X1,X0)) => properPartOf(X2,X0)) & ! [X4,X5] : ((properPartOf(X5,X0) & properPartOf(X4,X0)) => (! [X6] : (foundedBy(X4,X6) <=> foundedBy(X5,X6)) & existentiallyDependsOn(X5,X4) & existentiallyDependsOn(X4,X5) & quaIndividual(X5) & quaIndividual(X4))) & ? [X7] : properPartOf(X7,X0)))),
  inference(rectify,[],[f124])).
fof(f124,axiom,(
  ! [X23] : (relator(X23) <=> (! [X24,X25] : ((! [X18] : (foundedBy(X24,X18) <=> foundedBy(X25,X18)) & existentiallyDependsOn(X25,X24) & existentiallyDependsOn(X24,X25) & quaIndividual(X25) & properPartOf(X24,X23)) => properPartOf(X25,X23)) & ! [X1,X3] : ((properPartOf(X3,X23) & properPartOf(X1,X23)) => (! [X14] : (foundedBy(X1,X14) <=> foundedBy(X3,X14)) & existentiallyDependsOn(X3,X1) & existentiallyDependsOn(X1,X3) & quaIndividual(X3) & quaIndividual(X1))) & ? [X0] : properPartOf(X0,X23)))),
  file('outputs/ufo/subsumptions/type_relatorType_subsumed_to_qualityStructure.in',ax_dRelator_a81)).
fof(f1371,plain,(
  spl59_177),
  inference(avatar_split_clause,[],[f587,f1369])).
fof(f587,plain,(
  ( ! [X2,X0,X1] : (~partOf(X2,X0) | ~partOf(X2,X1) | overlap(X0,X1)) )),
  inference(cnf_transformation,[],[f181])).
fof(f181,plain,(
  ! [X0,X1] : (overlap(X0,X1) <=> ? [X2] : (partOf(X2,X1) & partOf(X2,X0)))),
  inference(rectify,[],[f89])).
fof(f89,axiom,(
  ! [X0,X1] : (overlap(X0,X1) <=> ? [X3] : (partOf(X3,X1) & partOf(X3,X0)))),
  file('outputs/ufo/subsumptions/type_relatorType_subsumed_to_qualityStructure.in',ax_overlappingWholes_a50)).
fof(f1355,plain,(
  spl59_173),
  inference(avatar_split_clause,[],[f568,f1353])).
fof(f568,plain,(
  ( ! [X2,X0,X1] : (~partOf(X2,X0) | overlap(X2,X1) | ~partOf(X0,X1)) )),
  inference(cnf_transformation,[],[f177])).
fof(f177,plain,(
  ! [X0,X1] : (~partOf(X0,X1) <=> ? [X2] : (~overlap(X2,X1) & partOf(X2,X0)))),
  inference(rectify,[],[f90])).
fof(f90,axiom,(
  ! [X0,X1] : (~partOf(X0,X1) <=> ? [X3] : (~overlap(X3,X1) & partOf(X3,X0)))),
  file('outputs/ufo/subsumptions/type_relatorType_subsumed_to_qualityStructure.in',ax_strongSupplementation_a51)).
fof(f1327,plain,(
  spl59_166 | ~spl59_98 | ~spl59_115),
  inference(avatar_split_clause,[],[f1243,f1102,f1034,f1325])).
fof(f1102,plain,(
  spl59_115 <=> ! [X0,X1] : (partOf(X0,X1) | ~properPartOf(X0,X1))),
  introduced(avatar_definition,[new_symbols(naming,[spl59_115])])).
fof(f1243,plain,(
  ( ! [X0] : (partOf(sK30(X0),X0) | ~relator(X0)) ) | (~spl59_98 | ~spl59_115)),
  inference(resolution,[],[f1103,f1035])).
fof(f1103,plain,(
  ( ! [X0,X1] : (~properPartOf(X0,X1) | partOf(X0,X1)) ) | ~spl59_115),
  inference(avatar_component_clause,[],[f1102])).
fof(f1289,plain,(
  spl59_160),
  inference(avatar_split_clause,[],[f586,f1287])).
fof(f586,plain,(
  ( ! [X0,X1] : (partOf(sK52(X0,X1),X1) | ~overlap(X0,X1)) )),
  inference(cnf_transformation,[],[f181])).
fof(f1285,plain,(
  spl59_159),
  inference(avatar_split_clause,[],[f585,f1283])).
fof(f585,plain,(
  ( ! [X0,X1] : (partOf(sK52(X0,X1),X0) | ~overlap(X0,X1)) )),
  inference(cnf_transformation,[],[f181])).
fof(f1281,plain,(
  spl59_158),
  inference(avatar_split_clause,[],[f580,f1279])).
fof(f580,plain,(
  ( ! [X2,X0,X1] : (externallyDependentMode(X2) | ~overlap(X2,X0) | ~quaIndividualOf(X0,X1)) )),
  inference(cnf_transformation,[],[f281])).
fof(f281,plain,(
  ! [X0,X1] : (quaIndividualOf(X0,X1) <=> ! [X2] : (overlap(X2,X0) <=> (! [X3] : (foundedBy(X2,X3) | ~foundedBy(X0,X3)) & inheresIn(X2,X1) & externallyDependentMode(X2))))),
  inference(ennf_transformation,[],[f180])).
fof(f180,plain,(
  ! [X0,X1] : (quaIndividualOf(X0,X1) <=> ! [X2] : (overlap(X2,X0) <=> (! [X3] : (foundedBy(X0,X3) => foundedBy(X2,X3)) & inheresIn(X2,X1) & externallyDependentMode(X2))))),
  inference(rectify,[],[f121])).
fof(f121,axiom,(
  ! [X0,X1] : (quaIndividualOf(X0,X1) <=> ! [X3] : (overlap(X3,X0) <=> (! [X14] : (foundedBy(X0,X14) => foundedBy(X3,X14)) & inheresIn(X3,X1) & externallyDependentMode(X3))))),
  file('outputs/ufo/subsumptions/type_relatorType_subsumed_to_qualityStructure.in',ax_dQuaIndividualOf_a75)).
fof(f1253,plain,(
  spl59_151),
  inference(avatar_split_clause,[],[f489,f1251])).
fof(f489,plain,(
  ( ! [X0] : (iof(sK41(X0),X0,sK42(X0)) | individual(X0)) )),
  inference(cnf_transformation,[],[f267])).
fof(f267,plain,(
  ! [X0] : (individual(X0) <=> ! [X1,X2] : ~iof(X1,X0,X2))),
  inference(ennf_transformation,[],[f50])).
fof(f50,axiom,(
  ! [X0] : (individual(X0) <=> ~? [X1,X2] : iof(X1,X0,X2))),
  file('outputs/ufo/subsumptions/type_relatorType_subsumed_to_qualityStructure.in',ax_dIndividual_a2)).
fof(f1120,plain,(
  spl59_119),
  inference(avatar_split_clause,[],[f624,f1118])).
fof(f624,plain,(
  ( ! [X2,X0,X1] : (~iof(X0,X1,X2) | world(X2)) )),
  inference(cnf_transformation,[],[f288])).
fof(f288,plain,(
  ! [X0,X1,X2] : ((world(X2) & type_(X1)) | ~iof(X0,X1,X2))),
  inference(ennf_transformation,[],[f48])).
fof(f48,axiom,(
  ! [X0,X1,X2] : (iof(X0,X1,X2) => (world(X2) & type_(X1)))),
  file('outputs/ufo/subsumptions/type_relatorType_subsumed_to_qualityStructure.in',ax_dIof)).
fof(f1104,plain,(
  spl59_115),
  inference(avatar_split_clause,[],[f582,f1102])).
fof(f582,plain,(
  ( ! [X0,X1] : (partOf(X0,X1) | ~properPartOf(X0,X1)) )),
  inference(cnf_transformation,[],[f91])).
fof(f91,axiom,(
  ! [X0,X1] : (properPartOf(X0,X1) <=> (~partOf(X1,X0) & partOf(X0,X1)))),
  file('outputs/ufo/subsumptions/type_relatorType_subsumed_to_qualityStructure.in',ax_properPart_a52)).
fof(f1036,plain,(
  spl59_98),
  inference(avatar_split_clause,[],[f478,f1034])).
fof(f478,plain,(
  ( ! [X0] : (properPartOf(sK30(X0),X0) | ~relator(X0)) )),
  inference(cnf_transformation,[],[f262])).
fof(f1016,plain,(
  spl59_93),
  inference(avatar_split_clause,[],[f395,f1014])).
fof(f395,plain,(
  ( ! [X0] : (quaIndividualOf(X0,sK16(X0)) | ~quaIndividual(X0)) )),
  inference(cnf_transformation,[],[f122])).
fof(f122,axiom,(
  ! [X0] : (quaIndividual(X0) <=> ? [X1] : quaIndividualOf(X0,X1))),
  file('outputs/ufo/subsumptions/type_relatorType_subsumed_to_qualityStructure.in',ax_dQuaIndividual_a76)).
fof(f971,plain,(
  spl59_83 | ~spl59_1 | ~spl59_48),
  inference(avatar_split_clause,[],[f967,f828,f640,f969])).
fof(f828,plain,(
  spl59_48 <=> ! [X0] : (type_(X0) | ~relatorType(X0))),
  introduced(avatar_definition,[new_symbols(naming,[spl59_48])])).
fof(f967,plain,(
  type_(xyz) | (~spl59_1 | ~spl59_48)),
  inference(resolution,[],[f829,f641])).
fof(f829,plain,(
  ( ! [X0] : (~relatorType(X0) | type_(X0)) ) | ~spl59_48),
  inference(avatar_component_clause,[],[f828])).
fof(f842,plain,(
  spl59_51),
  inference(avatar_split_clause,[],[f511,f840])).
fof(f511,plain,(
  ( ! [X0] : (intrinsicMoment(X0) | ~mode(X0)) )),
  inference(cnf_transformation,[],[f22])).
fof(f22,axiom,(
  ! [X0] : ((mode(X0) | quality(X0)) <=> intrinsicMoment(X0))),
  file('outputs/ufo/subsumptions/type_relatorType_subsumed_to_qualityStructure.in',ax_intrinsicMoment_taxonomy)).
fof(f830,plain,(
  spl59_48),
  inference(avatar_split_clause,[],[f483,f828])).
fof(f483,plain,(
  ( ! [X0] : (type_(X0) | ~relatorType(X0)) )),
  inference(cnf_transformation,[],[f264])).
fof(f742,plain,(
  spl59_26),
  inference(avatar_split_clause,[],[f345,f740])).
fof(f345,plain,(
  ( ! [X0] : (~externallyDependentMode(X0) | mode(X0)) )),
  inference(cnf_transformation,[],[f236])).
fof(f236,plain,(
  ! [X0] : (mode(X0) | ~externallyDependentMode(X0))),
  inference(ennf_transformation,[],[f24])).
fof(f24,axiom,(
  ! [X0] : (externallyDependentMode(X0) => mode(X0))),
  file('outputs/ufo/subsumptions/type_relatorType_subsumed_to_qualityStructure.in',ax_mode_taxonomy_externallyDependentMode)).
fof(f698,plain,(
  spl59_15),
  inference(avatar_split_clause,[],[f325,f696])).
fof(f325,plain,(
  ( ! [X0] : (~type_(X0) | ~individual(X0)) )),
  inference(cnf_transformation,[],[f227])).
fof(f227,plain,(
  ! [X0] : (~individual(X0) | ~type_(X0))),
  inference(ennf_transformation,[],[f2])).
fof(f2,axiom,(
  ~? [X0] : (individual(X0) & type_(X0))),
  file('outputs/ufo/subsumptions/type_relatorType_subsumed_to_qualityStructure.in',ax_thing_partition)).
fof(f670,plain,(
  spl59_8),
  inference(avatar_split_clause,[],[f316,f668])).
fof(f316,plain,(
  ( ! [X0] : (~intrinsicMoment(X0) | ~relator(X0)) )),
  inference(cnf_transformation,[],[f218])).
fof(f218,plain,(
  ! [X0] : (~relator(X0) | ~intrinsicMoment(X0))),
  inference(ennf_transformation,[],[f21])).
fof(f21,axiom,(
  ~? [X0] : (relator(X0) & intrinsicMoment(X0))),
  file('outputs/ufo/subsumptions/type_relatorType_subsumed_to_qualityStructure.in',ax_moment_partition)).
fof(f654,plain,(
  spl59_4),
  inference(avatar_split_clause,[],[f342,f652])).
fof(f342,plain,(
  ( ! [X0] : (partOf(X0,X0)) )),
  inference(cnf_transformation,[],[f85])).
fof(f85,axiom,(
  ! [X0] : partOf(X0,X0)),
  file('outputs/ufo/subsumptions/type_relatorType_subsumed_to_qualityStructure.in',ax_reflexiveParthood)).
fof(f642,plain,(
  spl59_1),
  inference(avatar_split_clause,[],[f308,f640])).
fof(f308,plain,(
  relatorType(xyz)),
  inference(cnf_transformation,[],[f132])).
fof(f132,axiom,(
  relatorType(xyz)),
  file('outputs/ufo/subsumptions/type_relatorType_subsumed_to_qualityStructure.in',axiom1)).
% SZS output end Proof for type_relatorType_subsumed_to_qualityStructure
% ------------------------------
% Version: Vampire 4.7 (commit af7d05f97 on 2022-09-30 11:01:41 +0200)
% Termination reason: Refutation

% Memory used [KB]: 15735
% Time elapsed: 0.253 s
% ------------------------------
% ------------------------------
% Success in time 0.263 s
