% Running in auto input_syntax mode. Trying TPTP
% ott+11_3_aac=none:afr=on:afp=4000:afq=1.4:amm=off:anc=all:bs=unit_only:bsr=on:bce=on:fde=unused:irw=on:nm=64:newcnf=on:nwc=1:nicw=on:sac=on:sp=reverse_arity:uhcvi=on_31 on type_mixin_subsumed_to_semiRigid for (31ds)
% Refutation found. Thanks to Tanya!
% SZS status Unsatisfiable for type_mixin_subsumed_to_semiRigid
% SZS output start Proof for type_mixin_subsumed_to_semiRigid
fof(f1000,plain,(
  $false),
  inference(avatar_sat_refutation,[],[f642,f646,f818,f830,f991,f999])).
fof(f999,plain,(
  spl59_1 | ~spl59_48 | ~spl59_88),
  inference(avatar_contradiction_clause,[],[f998])).
fof(f998,plain,(
  $false | (spl59_1 | ~spl59_48 | ~spl59_88)),
  inference(subsumption_resolution,[],[f997,f641])).
fof(f641,plain,(
  ~semiRigid(xyz) | spl59_1),
  inference(avatar_component_clause,[],[f640])).
fof(f640,plain,(
  spl59_1 <=> semiRigid(xyz)),
  introduced(avatar_definition,[new_symbols(naming,[spl59_1])])).
fof(f997,plain,(
  semiRigid(xyz) | (~spl59_48 | ~spl59_88)),
  inference(resolution,[],[f829,f990])).
fof(f990,plain,(
  semiRigidNonSortal(xyz) | ~spl59_88),
  inference(avatar_component_clause,[],[f989])).
fof(f989,plain,(
  spl59_88 <=> semiRigidNonSortal(xyz)),
  introduced(avatar_definition,[new_symbols(naming,[spl59_88])])).
fof(f829,plain,(
  ( ! [X0] : (~semiRigidNonSortal(X0) | semiRigid(X0)) ) | ~spl59_48),
  inference(avatar_component_clause,[],[f828])).
fof(f828,plain,(
  spl59_48 <=> ! [X0] : (semiRigid(X0) | ~semiRigidNonSortal(X0))),
  introduced(avatar_definition,[new_symbols(naming,[spl59_48])])).
fof(f991,plain,(
  spl59_88 | ~spl59_2 | ~spl59_45),
  inference(avatar_split_clause,[],[f987,f816,f644,f989])).
fof(f644,plain,(
  spl59_2 <=> mixin(xyz)),
  introduced(avatar_definition,[new_symbols(naming,[spl59_2])])).
fof(f816,plain,(
  spl59_45 <=> ! [X0] : (~mixin(X0) | semiRigidNonSortal(X0))),
  introduced(avatar_definition,[new_symbols(naming,[spl59_45])])).
fof(f987,plain,(
  semiRigidNonSortal(xyz) | (~spl59_2 | ~spl59_45)),
  inference(resolution,[],[f817,f645])).
fof(f645,plain,(
  mixin(xyz) | ~spl59_2),
  inference(avatar_component_clause,[],[f644])).
fof(f817,plain,(
  ( ! [X0] : (~mixin(X0) | semiRigidNonSortal(X0)) ) | ~spl59_45),
  inference(avatar_component_clause,[],[f816])).
fof(f830,plain,(
  spl59_48),
  inference(avatar_split_clause,[],[f429,f828])).
fof(f429,plain,(
  ( ! [X0] : (semiRigid(X0) | ~semiRigidNonSortal(X0)) )),
  inference(cnf_transformation,[],[f162])).
fof(f162,plain,(
  ! [X0] : (semiRigidNonSortal(X0) <=> (nonSortal(X0) & semiRigid(X0)))),
  inference(rectify,[],[f67])).
fof(f67,axiom,(
  ! [X8] : (semiRigidNonSortal(X8) <=> (nonSortal(X8) & semiRigid(X8)))),
  file('outputs/ufo/subsumptions/type_mixin_subsumed_to_semiRigid.in',ax_semiRigidNonSortalsAreSemiRigidAndNonSortal_xx)).
fof(f818,plain,(
  spl59_45),
  inference(avatar_split_clause,[],[f421,f816])).
fof(f421,plain,(
  ( ! [X0] : (~mixin(X0) | semiRigidNonSortal(X0)) )),
  inference(cnf_transformation,[],[f45])).
fof(f45,axiom,(
  ! [X0] : (semiRigidNonSortal(X0) <=> mixin(X0))),
  file('outputs/ufo/subsumptions/type_mixin_subsumed_to_semiRigid.in',ax_semiRigidNonSortal_taxonomy)).
fof(f646,plain,(
  spl59_2),
  inference(avatar_split_clause,[],[f308,f644])).
fof(f308,plain,(
  mixin(xyz)),
  inference(cnf_transformation,[],[f132])).
fof(f132,axiom,(
  mixin(xyz)),
  file('outputs/ufo/subsumptions/type_mixin_subsumed_to_semiRigid.in',axiom1)).
fof(f642,plain,(
  ~spl59_1),
  inference(avatar_split_clause,[],[f307,f640])).
fof(f307,plain,(
  ~semiRigid(xyz)),
  inference(cnf_transformation,[],[f133])).
fof(f133,axiom,(
  ~semiRigid(xyz)),
  file('outputs/ufo/subsumptions/type_mixin_subsumed_to_semiRigid.in',axiom2)).
% SZS output end Proof for type_mixin_subsumed_to_semiRigid
% ------------------------------
% Version: Vampire 4.7 (commit af7d05f97 on 2022-09-30 11:01:41 +0200)
% Termination reason: Refutation

% Memory used [KB]: 6140
% Time elapsed: 0.011 s
% ------------------------------
% ------------------------------
% Success in time 0.018 s
