% Running in auto input_syntax mode. Trying TPTP
% ott+11_3_aac=none:afr=on:afp=4000:afq=1.4:amm=off:anc=all:bs=unit_only:bsr=on:bce=on:fde=unused:irw=on:nm=64:newcnf=on:nwc=1:nicw=on:sac=on:sp=reverse_arity:uhcvi=on_31 on type_phaseMixin_subsumed_to_thing for (31ds)
% Refutation found. Thanks to Tanya!
% SZS status Unsatisfiable for type_phaseMixin_subsumed_to_thing
% SZS output start Proof for type_phaseMixin_subsumed_to_thing
fof(f1038,plain,(
  $false),
  inference(avatar_sat_refutation,[],[f641,f645,f757,f829,f905,f933,f949,f998,f1006,f1025,f1034,f1037])).
fof(f1037,plain,(
  spl59_1 | ~spl59_78 | ~spl59_97),
  inference(avatar_contradiction_clause,[],[f1036])).
fof(f1036,plain,(
  $false | (spl59_1 | ~spl59_78 | ~spl59_97)),
  inference(subsumption_resolution,[],[f1035,f640])).
fof(f640,plain,(
  ~thing(xyz) | spl59_1),
  inference(avatar_component_clause,[],[f639])).
fof(f639,plain,(
  spl59_1 <=> thing(xyz)),
  introduced(avatar_definition,[new_symbols(naming,[spl59_1])])).
fof(f1035,plain,(
  thing(xyz) | (~spl59_78 | ~spl59_97)),
  inference(resolution,[],[f1033,f948])).
fof(f948,plain,(
  ( ! [X0] : (~type_(X0) | thing(X0)) ) | ~spl59_78),
  inference(avatar_component_clause,[],[f947])).
fof(f947,plain,(
  spl59_78 <=> ! [X0] : (thing(X0) | ~type_(X0))),
  introduced(avatar_definition,[new_symbols(naming,[spl59_78])])).
fof(f1033,plain,(
  type_(xyz) | ~spl59_97),
  inference(avatar_component_clause,[],[f1032])).
fof(f1032,plain,(
  spl59_97 <=> type_(xyz)),
  introduced(avatar_definition,[new_symbols(naming,[spl59_97])])).
fof(f1034,plain,(
  spl59_97 | ~spl59_30 | ~spl59_95),
  inference(avatar_split_clause,[],[f1026,f1023,f755,f1032])).
fof(f755,plain,(
  spl59_30 <=> ! [X0] : (~endurantType(X0) | type_(X0))),
  introduced(avatar_definition,[new_symbols(naming,[spl59_30])])).
fof(f1023,plain,(
  spl59_95 <=> endurantType(xyz)),
  introduced(avatar_definition,[new_symbols(naming,[spl59_95])])).
fof(f1026,plain,(
  type_(xyz) | (~spl59_30 | ~spl59_95)),
  inference(resolution,[],[f1024,f756])).
fof(f756,plain,(
  ( ! [X0] : (~endurantType(X0) | type_(X0)) ) | ~spl59_30),
  inference(avatar_component_clause,[],[f755])).
fof(f1024,plain,(
  endurantType(xyz) | ~spl59_95),
  inference(avatar_component_clause,[],[f1023])).
fof(f1025,plain,(
  spl59_95 | ~spl59_67 | ~spl59_91),
  inference(avatar_split_clause,[],[f1007,f1004,f903,f1023])).
fof(f903,plain,(
  spl59_67 <=> ! [X0] : (endurantType(X0) | ~nonSortal(X0))),
  introduced(avatar_definition,[new_symbols(naming,[spl59_67])])).
fof(f1004,plain,(
  spl59_91 <=> nonSortal(xyz)),
  introduced(avatar_definition,[new_symbols(naming,[spl59_91])])).
fof(f1007,plain,(
  endurantType(xyz) | (~spl59_67 | ~spl59_91)),
  inference(resolution,[],[f1005,f904])).
fof(f904,plain,(
  ( ! [X0] : (~nonSortal(X0) | endurantType(X0)) ) | ~spl59_67),
  inference(avatar_component_clause,[],[f903])).
fof(f1005,plain,(
  nonSortal(xyz) | ~spl59_91),
  inference(avatar_component_clause,[],[f1004])).
fof(f1006,plain,(
  spl59_91 | ~spl59_48 | ~spl59_90),
  inference(avatar_split_clause,[],[f999,f996,f827,f1004])).
fof(f827,plain,(
  spl59_48 <=> ! [X0] : (nonSortal(X0) | ~antiRigidNonSortal(X0))),
  introduced(avatar_definition,[new_symbols(naming,[spl59_48])])).
fof(f996,plain,(
  spl59_90 <=> antiRigidNonSortal(xyz)),
  introduced(avatar_definition,[new_symbols(naming,[spl59_90])])).
fof(f999,plain,(
  nonSortal(xyz) | (~spl59_48 | ~spl59_90)),
  inference(resolution,[],[f997,f828])).
fof(f828,plain,(
  ( ! [X0] : (~antiRigidNonSortal(X0) | nonSortal(X0)) ) | ~spl59_48),
  inference(avatar_component_clause,[],[f827])).
fof(f997,plain,(
  antiRigidNonSortal(xyz) | ~spl59_90),
  inference(avatar_component_clause,[],[f996])).
fof(f998,plain,(
  spl59_90 | ~spl59_2 | ~spl59_74),
  inference(avatar_split_clause,[],[f994,f931,f643,f996])).
fof(f643,plain,(
  spl59_2 <=> phaseMixin(xyz)),
  introduced(avatar_definition,[new_symbols(naming,[spl59_2])])).
fof(f931,plain,(
  spl59_74 <=> ! [X0] : (antiRigidNonSortal(X0) | ~phaseMixin(X0))),
  introduced(avatar_definition,[new_symbols(naming,[spl59_74])])).
fof(f994,plain,(
  antiRigidNonSortal(xyz) | (~spl59_2 | ~spl59_74)),
  inference(resolution,[],[f932,f644])).
fof(f644,plain,(
  phaseMixin(xyz) | ~spl59_2),
  inference(avatar_component_clause,[],[f643])).
fof(f932,plain,(
  ( ! [X0] : (~phaseMixin(X0) | antiRigidNonSortal(X0)) ) | ~spl59_74),
  inference(avatar_component_clause,[],[f931])).
fof(f949,plain,(
  spl59_78),
  inference(avatar_split_clause,[],[f552,f947])).
fof(f552,plain,(
  ( ! [X0] : (thing(X0) | ~type_(X0)) )),
  inference(cnf_transformation,[],[f1])).
fof(f1,axiom,(
  ! [X0] : ((individual(X0) | type_(X0)) <=> thing(X0))),
  file('outputs/ufo/subsumptions/type_phaseMixin_subsumed_to_thing.in',ax_thing_taxonomy)).
fof(f933,plain,(
  spl59_74),
  inference(avatar_split_clause,[],[f543,f931])).
fof(f543,plain,(
  ( ! [X0] : (antiRigidNonSortal(X0) | ~phaseMixin(X0)) )),
  inference(cnf_transformation,[],[f46])).
fof(f46,axiom,(
  ! [X0] : ((roleMixin(X0) | phaseMixin(X0)) <=> antiRigidNonSortal(X0))),
  file('outputs/ufo/subsumptions/type_phaseMixin_subsumed_to_thing.in',ax_antiRigidNonSortal_taxonomy)).
fof(f905,plain,(
  spl59_67),
  inference(avatar_split_clause,[],[f529,f903])).
fof(f529,plain,(
  ( ! [X0] : (endurantType(X0) | ~nonSortal(X0)) )),
  inference(cnf_transformation,[],[f34])).
fof(f34,axiom,(
  ! [X0] : ((nonSortal(X0) | sortal(X0)) <=> endurantType(X0))),
  file('outputs/ufo/subsumptions/type_phaseMixin_subsumed_to_thing.in',ax_endurantType_taxonomy_properties)).
fof(f829,plain,(
  spl59_48),
  inference(avatar_split_clause,[],[f427,f827])).
fof(f427,plain,(
  ( ! [X0] : (nonSortal(X0) | ~antiRigidNonSortal(X0)) )),
  inference(cnf_transformation,[],[f162])).
fof(f162,plain,(
  ! [X0] : (antiRigidNonSortal(X0) <=> (nonSortal(X0) & antiRigid(X0)))),
  inference(rectify,[],[f66])).
fof(f66,axiom,(
  ! [X8] : (antiRigidNonSortal(X8) <=> (nonSortal(X8) & antiRigid(X8)))),
  file('outputs/ufo/subsumptions/type_phaseMixin_subsumed_to_thing.in',ax_antiRigidNonSortalsAreAntiRigidAndNonSortal_xx)).
fof(f757,plain,(
  spl59_30),
  inference(avatar_split_clause,[],[f352,f755])).
fof(f352,plain,(
  ( ! [X0] : (~endurantType(X0) | type_(X0)) )),
  inference(cnf_transformation,[],[f241])).
fof(f241,plain,(
  ! [X0] : (type_(X0) | (~perdurantType(X0) & ~endurantType(X0)))),
  inference(ennf_transformation,[],[f7])).
fof(f7,axiom,(
  ! [X0] : ((perdurantType(X0) | endurantType(X0)) => type_(X0))),
  file('outputs/ufo/subsumptions/type_phaseMixin_subsumed_to_thing.in',ax_type_taxonomy)).
fof(f645,plain,(
  spl59_2),
  inference(avatar_split_clause,[],[f305,f643])).
fof(f305,plain,(
  phaseMixin(xyz)),
  inference(cnf_transformation,[],[f132])).
fof(f132,axiom,(
  phaseMixin(xyz)),
  file('outputs/ufo/subsumptions/type_phaseMixin_subsumed_to_thing.in',axiom1)).
fof(f641,plain,(
  ~spl59_1),
  inference(avatar_split_clause,[],[f304,f639])).
fof(f304,plain,(
  ~thing(xyz)),
  inference(cnf_transformation,[],[f133])).
fof(f133,axiom,(
  ~thing(xyz)),
  file('outputs/ufo/subsumptions/type_phaseMixin_subsumed_to_thing.in',axiom2)).
% SZS output end Proof for type_phaseMixin_subsumed_to_thing
% ------------------------------
% Version: Vampire 4.7 (commit af7d05f97 on 2022-09-30 11:01:41 +0200)
% Termination reason: Refutation

% Memory used [KB]: 6140
% Time elapsed: 0.011 s
% ------------------------------
% ------------------------------
% Success in time 0.018 s
