% Running in auto input_syntax mode. Trying TPTP
% ott+11_3_aac=none:afr=on:afp=4000:afq=1.4:amm=off:anc=all:bs=unit_only:bsr=on:bce=on:fde=unused:irw=on:nm=64:newcnf=on:nwc=1:nicw=on:sac=on:sp=reverse_arity:uhcvi=on_31 on type_collectiveKind_subsumed_to_endurantType for (31ds)
% Refutation found. Thanks to Tanya!
% SZS status Unsatisfiable for type_collectiveKind_subsumed_to_endurantType
% SZS output start Proof for type_collectiveKind_subsumed_to_endurantType
fof(f1012,plain,(
  $false),
  inference(avatar_sat_refutation,[],[f646,f650,f842,f886,f926,f987,f1007,f1011])).
fof(f1011,plain,(
  spl59_1 | ~spl59_61 | ~spl59_90),
  inference(avatar_contradiction_clause,[],[f1010])).
fof(f1010,plain,(
  $false | (spl59_1 | ~spl59_61 | ~spl59_90)),
  inference(subsumption_resolution,[],[f1008,f645])).
fof(f645,plain,(
  ~endurantType(xyz) | spl59_1),
  inference(avatar_component_clause,[],[f644])).
fof(f644,plain,(
  spl59_1 <=> endurantType(xyz)),
  introduced(avatar_definition,[new_symbols(naming,[spl59_1])])).
fof(f1008,plain,(
  endurantType(xyz) | (~spl59_61 | ~spl59_90)),
  inference(resolution,[],[f1006,f885])).
fof(f885,plain,(
  ( ! [X0] : (~substantialType(X0) | endurantType(X0)) ) | ~spl59_61),
  inference(avatar_component_clause,[],[f884])).
fof(f884,plain,(
  spl59_61 <=> ! [X0] : (endurantType(X0) | ~substantialType(X0))),
  introduced(avatar_definition,[new_symbols(naming,[spl59_61])])).
fof(f1006,plain,(
  substantialType(xyz) | ~spl59_90),
  inference(avatar_component_clause,[],[f1005])).
fof(f1005,plain,(
  spl59_90 <=> substantialType(xyz)),
  introduced(avatar_definition,[new_symbols(naming,[spl59_90])])).
fof(f1007,plain,(
  spl59_90 | ~spl59_71 | ~spl59_86),
  inference(avatar_split_clause,[],[f1003,f985,f924,f1005])).
fof(f924,plain,(
  spl59_71 <=> ! [X0] : (substantialType(X0) | ~collectiveType(X0))),
  introduced(avatar_definition,[new_symbols(naming,[spl59_71])])).
fof(f985,plain,(
  spl59_86 <=> collectiveType(xyz)),
  introduced(avatar_definition,[new_symbols(naming,[spl59_86])])).
fof(f1003,plain,(
  substantialType(xyz) | (~spl59_71 | ~spl59_86)),
  inference(resolution,[],[f925,f986])).
fof(f986,plain,(
  collectiveType(xyz) | ~spl59_86),
  inference(avatar_component_clause,[],[f985])).
fof(f925,plain,(
  ( ! [X0] : (~collectiveType(X0) | substantialType(X0)) ) | ~spl59_71),
  inference(avatar_component_clause,[],[f924])).
fof(f987,plain,(
  spl59_86 | ~spl59_2 | ~spl59_50),
  inference(avatar_split_clause,[],[f983,f840,f648,f985])).
fof(f648,plain,(
  spl59_2 <=> collectiveKind(xyz)),
  introduced(avatar_definition,[new_symbols(naming,[spl59_2])])).
fof(f840,plain,(
  spl59_50 <=> ! [X0] : (~collectiveKind(X0) | collectiveType(X0))),
  introduced(avatar_definition,[new_symbols(naming,[spl59_50])])).
fof(f983,plain,(
  collectiveType(xyz) | (~spl59_2 | ~spl59_50)),
  inference(resolution,[],[f841,f649])).
fof(f649,plain,(
  collectiveKind(xyz) | ~spl59_2),
  inference(avatar_component_clause,[],[f648])).
fof(f841,plain,(
  ( ! [X0] : (~collectiveKind(X0) | collectiveType(X0)) ) | ~spl59_50),
  inference(avatar_component_clause,[],[f840])).
fof(f926,plain,(
  spl59_71),
  inference(avatar_split_clause,[],[f546,f924])).
fof(f546,plain,(
  ( ! [X0] : (substantialType(X0) | ~collectiveType(X0)) )),
  inference(cnf_transformation,[],[f28])).
fof(f28,axiom,(
  ! [X0] : ((quantityType(X0) | collectiveType(X0) | objectType(X0)) <=> substantialType(X0))),
  file('outputs/ufo/subsumptions/type_collectiveKind_subsumed_to_endurantType.in',ax_substantialType_taxonomy)).
fof(f886,plain,(
  spl59_61),
  inference(avatar_split_clause,[],[f529,f884])).
fof(f529,plain,(
  ( ! [X0] : (endurantType(X0) | ~substantialType(X0)) )),
  inference(cnf_transformation,[],[f26])).
fof(f26,axiom,(
  ! [X0] : ((momentType(X0) | substantialType(X0)) <=> endurantType(X0))),
  file('outputs/ufo/subsumptions/type_collectiveKind_subsumed_to_endurantType.in',ax_endurantType_taxonomy_nature)).
fof(f842,plain,(
  spl59_50),
  inference(avatar_split_clause,[],[f486,f840])).
fof(f486,plain,(
  ( ! [X0] : (~collectiveKind(X0) | collectiveType(X0)) )),
  inference(cnf_transformation,[],[f266])).
fof(f266,plain,(
  ! [X0] : ((kind(X0) & collectiveType(X0)) | ~collectiveKind(X0))),
  inference(ennf_transformation,[],[f202])).
fof(f202,plain,(
  ! [X0] : (collectiveKind(X0) => (kind(X0) & collectiveType(X0)))),
  inference(unused_predicate_definition_removal,[],[f166])).
fof(f166,plain,(
  ! [X0] : (collectiveKind(X0) <=> (kind(X0) & collectiveType(X0)))),
  inference(rectify,[],[f80])).
fof(f80,axiom,(
  ! [X8] : (collectiveKind(X8) <=> (kind(X8) & collectiveType(X8)))),
  file('outputs/ufo/subsumptions/type_collectiveKind_subsumed_to_endurantType.in',ax_collectiveKindDefinition_a45)).
fof(f650,plain,(
  spl59_2),
  inference(avatar_split_clause,[],[f310,f648])).
fof(f310,plain,(
  collectiveKind(xyz)),
  inference(cnf_transformation,[],[f132])).
fof(f132,axiom,(
  collectiveKind(xyz)),
  file('outputs/ufo/subsumptions/type_collectiveKind_subsumed_to_endurantType.in',axiom1)).
fof(f646,plain,(
  ~spl59_1),
  inference(avatar_split_clause,[],[f309,f644])).
fof(f309,plain,(
  ~endurantType(xyz)),
  inference(cnf_transformation,[],[f133])).
fof(f133,axiom,(
  ~endurantType(xyz)),
  file('outputs/ufo/subsumptions/type_collectiveKind_subsumed_to_endurantType.in',axiom2)).
% SZS output end Proof for type_collectiveKind_subsumed_to_endurantType
% ------------------------------
% Version: Vampire 4.7 (commit af7d05f97 on 2022-09-30 11:01:41 +0200)
% Termination reason: Refutation

% Memory used [KB]: 6140
% Time elapsed: 0.039 s
% ------------------------------
% ------------------------------
% Success in time 0.024 s
