% Running in auto input_syntax mode. Trying TPTP
% ott+11_3_aac=none:afr=on:afp=4000:afq=1.4:amm=off:anc=all:bs=unit_only:bsr=on:bce=on:fde=unused:irw=on:nm=64:newcnf=on:nwc=1:nicw=on:sac=on:sp=reverse_arity:uhcvi=on_31 on type_relatorType_subsumed_to_substantialType for (31ds)
% Refutation found. Thanks to Tanya!
% SZS status Unsatisfiable for type_relatorType_subsumed_to_substantialType
% SZS output start Proof for type_relatorType_subsumed_to_substantialType
fof(f11357,plain,(
  $false),
  inference(avatar_sat_refutation,[],[f646,f658,f674,f702,f746,f834,f846,f975,f1016,f1036,f1104,f1120,f1253,f1281,f1285,f1289,f1327,f1355,f1371,f1763,f1785,f2115,f2122,f2276,f2282,f2304,f4691,f4944,f6505,f6906,f7043,f10737,f10741,f10752,f11288,f11300,f11330,f11351,f11356])).
fof(f11356,plain,(
  ~spl59_52 | spl59_349 | ~spl59_1291),
  inference(avatar_contradiction_clause,[],[f11355])).
fof(f11355,plain,(
  $false | (~spl59_52 | spl59_349 | ~spl59_1291)),
  inference(subsumption_resolution,[],[f11353,f2303])).
fof(f2303,plain,(
  ~intrinsicMoment(sK41(xyz)) | spl59_349),
  inference(avatar_component_clause,[],[f2302])).
fof(f2302,plain,(
  spl59_349 <=> intrinsicMoment(sK41(xyz))),
  introduced(avatar_definition,[new_symbols(naming,[spl59_349])])).
fof(f11353,plain,(
  intrinsicMoment(sK41(xyz)) | (~spl59_52 | ~spl59_1291)),
  inference(resolution,[],[f11350,f845])).
fof(f845,plain,(
  ( ! [X0] : (~mode(X0) | intrinsicMoment(X0)) ) | ~spl59_52),
  inference(avatar_component_clause,[],[f844])).
fof(f844,plain,(
  spl59_52 <=> ! [X0] : (intrinsicMoment(X0) | ~mode(X0))),
  introduced(avatar_definition,[new_symbols(naming,[spl59_52])])).
fof(f11350,plain,(
  mode(sK41(xyz)) | ~spl59_1291),
  inference(avatar_component_clause,[],[f11349])).
fof(f11349,plain,(
  spl59_1291 <=> mode(sK41(xyz))),
  introduced(avatar_definition,[new_symbols(naming,[spl59_1291])])).
fof(f11351,plain,(
  spl59_1291 | ~spl59_27 | ~spl59_1290),
  inference(avatar_split_clause,[],[f11347,f11328,f744,f11349])).
fof(f744,plain,(
  spl59_27 <=> ! [X0] : (~externallyDependentMode(X0) | mode(X0))),
  introduced(avatar_definition,[new_symbols(naming,[spl59_27])])).
fof(f11328,plain,(
  spl59_1290 <=> externallyDependentMode(sK41(xyz))),
  introduced(avatar_definition,[new_symbols(naming,[spl59_1290])])).
fof(f11347,plain,(
  mode(sK41(xyz)) | (~spl59_27 | ~spl59_1290)),
  inference(resolution,[],[f11329,f745])).
fof(f745,plain,(
  ( ! [X0] : (~externallyDependentMode(X0) | mode(X0)) ) | ~spl59_27),
  inference(avatar_component_clause,[],[f744])).
fof(f11329,plain,(
  externallyDependentMode(sK41(xyz)) | ~spl59_1290),
  inference(avatar_component_clause,[],[f11328])).
fof(f11330,plain,(
  spl59_1290 | ~spl59_346 | ~spl59_897 | ~spl59_1289),
  inference(avatar_split_clause,[],[f11326,f11298,f7041,f2274,f11328])).
fof(f2274,plain,(
  spl59_346 <=> relator(sK41(xyz))),
  introduced(avatar_definition,[new_symbols(naming,[spl59_346])])).
fof(f7041,plain,(
  spl59_897 <=> ! [X0] : (~relator(X0) | overlap(X0,sK30(X0)))),
  introduced(avatar_definition,[new_symbols(naming,[spl59_897])])).
fof(f11298,plain,(
  spl59_1289 <=> ! [X3] : (~overlap(X3,sK30(sK41(xyz))) | externallyDependentMode(X3))),
  introduced(avatar_definition,[new_symbols(naming,[spl59_1289])])).
fof(f11326,plain,(
  externallyDependentMode(sK41(xyz)) | (~spl59_346 | ~spl59_897 | ~spl59_1289)),
  inference(subsumption_resolution,[],[f11301,f2275])).
fof(f2275,plain,(
  relator(sK41(xyz)) | ~spl59_346),
  inference(avatar_component_clause,[],[f2274])).
fof(f11301,plain,(
  externallyDependentMode(sK41(xyz)) | ~relator(sK41(xyz)) | (~spl59_897 | ~spl59_1289)),
  inference(resolution,[],[f11299,f7042])).
fof(f7042,plain,(
  ( ! [X0] : (overlap(X0,sK30(X0)) | ~relator(X0)) ) | ~spl59_897),
  inference(avatar_component_clause,[],[f7041])).
fof(f11299,plain,(
  ( ! [X3] : (~overlap(X3,sK30(sK41(xyz))) | externallyDependentMode(X3)) ) | ~spl59_1289),
  inference(avatar_component_clause,[],[f11298])).
fof(f11300,plain,(
  spl59_1289 | ~spl59_158 | ~spl59_1287),
  inference(avatar_split_clause,[],[f11291,f11286,f1279,f11298])).
fof(f1279,plain,(
  spl59_158 <=> ! [X2,X0,X1] : (externallyDependentMode(X2) | ~overlap(X2,X0) | ~quaIndividualOf(X0,X1))),
  introduced(avatar_definition,[new_symbols(naming,[spl59_158])])).
fof(f11286,plain,(
  spl59_1287 <=> quaIndividualOf(sK30(sK41(xyz)),sK16(sK30(sK41(xyz))))),
  introduced(avatar_definition,[new_symbols(naming,[spl59_1287])])).
fof(f11291,plain,(
  ( ! [X3] : (~overlap(X3,sK30(sK41(xyz))) | externallyDependentMode(X3)) ) | (~spl59_158 | ~spl59_1287)),
  inference(resolution,[],[f11287,f1280])).
fof(f1280,plain,(
  ( ! [X2,X0,X1] : (~quaIndividualOf(X0,X1) | ~overlap(X2,X0) | externallyDependentMode(X2)) ) | ~spl59_158),
  inference(avatar_component_clause,[],[f1279])).
fof(f11287,plain,(
  quaIndividualOf(sK30(sK41(xyz)),sK16(sK30(sK41(xyz)))) | ~spl59_1287),
  inference(avatar_component_clause,[],[f11286])).
fof(f11288,plain,(
  spl59_1287 | ~spl59_93 | ~spl59_1238),
  inference(avatar_split_clause,[],[f10755,f10750,f1014,f11286])).
fof(f1014,plain,(
  spl59_93 <=> ! [X0] : (quaIndividualOf(X0,sK16(X0)) | ~quaIndividual(X0))),
  introduced(avatar_definition,[new_symbols(naming,[spl59_93])])).
fof(f10750,plain,(
  spl59_1238 <=> quaIndividual(sK30(sK41(xyz)))),
  introduced(avatar_definition,[new_symbols(naming,[spl59_1238])])).
fof(f10755,plain,(
  quaIndividualOf(sK30(sK41(xyz)),sK16(sK30(sK41(xyz)))) | (~spl59_93 | ~spl59_1238)),
  inference(resolution,[],[f10751,f1015])).
fof(f1015,plain,(
  ( ! [X0] : (~quaIndividual(X0) | quaIndividualOf(X0,sK16(X0))) ) | ~spl59_93),
  inference(avatar_component_clause,[],[f1014])).
fof(f10751,plain,(
  quaIndividual(sK30(sK41(xyz))) | ~spl59_1238),
  inference(avatar_component_clause,[],[f10750])).
fof(f10752,plain,(
  spl59_1238 | ~spl59_98 | ~spl59_346 | ~spl59_1236),
  inference(avatar_split_clause,[],[f10744,f10735,f2274,f1034,f10750])).
fof(f1034,plain,(
  spl59_98 <=> ! [X0] : (properPartOf(sK30(X0),X0) | ~relator(X0))),
  introduced(avatar_definition,[new_symbols(naming,[spl59_98])])).
fof(f10735,plain,(
  spl59_1236 <=> ! [X2] : (~properPartOf(X2,sK41(xyz)) | quaIndividual(X2))),
  introduced(avatar_definition,[new_symbols(naming,[spl59_1236])])).
fof(f10744,plain,(
  quaIndividual(sK30(sK41(xyz))) | (~spl59_98 | ~spl59_346 | ~spl59_1236)),
  inference(subsumption_resolution,[],[f10742,f2275])).
fof(f10742,plain,(
  quaIndividual(sK30(sK41(xyz))) | ~relator(sK41(xyz)) | (~spl59_98 | ~spl59_1236)),
  inference(resolution,[],[f10736,f1035])).
fof(f1035,plain,(
  ( ! [X0] : (properPartOf(sK30(X0),X0) | ~relator(X0)) ) | ~spl59_98),
  inference(avatar_component_clause,[],[f1034])).
fof(f10736,plain,(
  ( ! [X2] : (~properPartOf(X2,sK41(xyz)) | quaIndividual(X2)) ) | ~spl59_1236),
  inference(avatar_component_clause,[],[f10735])).
fof(f10741,plain,(
  ~spl59_98 | ~spl59_346 | ~spl59_1235),
  inference(avatar_contradiction_clause,[],[f10740])).
fof(f10740,plain,(
  $false | (~spl59_98 | ~spl59_346 | ~spl59_1235)),
  inference(subsumption_resolution,[],[f10738,f2275])).
fof(f10738,plain,(
  ~relator(sK41(xyz)) | (~spl59_98 | ~spl59_1235)),
  inference(resolution,[],[f10733,f1035])).
fof(f10733,plain,(
  ( ! [X3] : (~properPartOf(X3,sK41(xyz))) ) | ~spl59_1235),
  inference(avatar_component_clause,[],[f10732])).
fof(f10732,plain,(
  spl59_1235 <=> ! [X3] : ~properPartOf(X3,sK41(xyz))),
  introduced(avatar_definition,[new_symbols(naming,[spl59_1235])])).
fof(f10737,plain,(
  spl59_1235 | spl59_1236 | ~spl59_252 | ~spl59_346),
  inference(avatar_split_clause,[],[f2451,f2274,f1761,f10735,f10732])).
fof(f1761,plain,(
  spl59_252 <=> ! [X5,X4,X0] : (~properPartOf(X4,X0) | ~properPartOf(X5,X0) | quaIndividual(X5) | ~relator(X0))),
  introduced(avatar_definition,[new_symbols(naming,[spl59_252])])).
fof(f2451,plain,(
  ( ! [X2,X3] : (~properPartOf(X2,sK41(xyz)) | quaIndividual(X2) | ~properPartOf(X3,sK41(xyz))) ) | (~spl59_252 | ~spl59_346)),
  inference(resolution,[],[f1762,f2275])).
fof(f1762,plain,(
  ( ! [X0,X4,X5] : (~relator(X0) | ~properPartOf(X5,X0) | quaIndividual(X5) | ~properPartOf(X4,X0)) ) | ~spl59_252),
  inference(avatar_component_clause,[],[f1761])).
fof(f7043,plain,(
  spl59_897 | ~spl59_660 | ~spl59_877),
  inference(avatar_split_clause,[],[f6907,f6904,f4942,f7041])).
fof(f4942,plain,(
  spl59_660 <=> ! [X4,X5] : (overlap(X4,X5) | ~overlap(X5,X4))),
  introduced(avatar_definition,[new_symbols(naming,[spl59_660])])).
fof(f6904,plain,(
  spl59_877 <=> ! [X0] : (overlap(sK30(X0),X0) | ~relator(X0))),
  introduced(avatar_definition,[new_symbols(naming,[spl59_877])])).
fof(f6907,plain,(
  ( ! [X0] : (~relator(X0) | overlap(X0,sK30(X0))) ) | (~spl59_660 | ~spl59_877)),
  inference(resolution,[],[f6905,f4943])).
fof(f4943,plain,(
  ( ! [X4,X5] : (~overlap(X5,X4) | overlap(X4,X5)) ) | ~spl59_660),
  inference(avatar_component_clause,[],[f4942])).
fof(f6905,plain,(
  ( ! [X0] : (overlap(sK30(X0),X0) | ~relator(X0)) ) | ~spl59_877),
  inference(avatar_component_clause,[],[f6904])).
fof(f6906,plain,(
  spl59_877 | ~spl59_5 | ~spl59_836),
  inference(avatar_split_clause,[],[f6512,f6503,f656,f6904])).
fof(f656,plain,(
  spl59_5 <=> ! [X0] : partOf(X0,X0)),
  introduced(avatar_definition,[new_symbols(naming,[spl59_5])])).
fof(f6503,plain,(
  spl59_836 <=> ! [X2,X3] : (overlap(X2,X3) | ~partOf(X2,sK30(X3)) | ~relator(X3))),
  introduced(avatar_definition,[new_symbols(naming,[spl59_836])])).
fof(f6512,plain,(
  ( ! [X0] : (overlap(sK30(X0),X0) | ~relator(X0)) ) | (~spl59_5 | ~spl59_836)),
  inference(resolution,[],[f6504,f657])).
fof(f657,plain,(
  ( ! [X0] : (partOf(X0,X0)) ) | ~spl59_5),
  inference(avatar_component_clause,[],[f656])).
fof(f6504,plain,(
  ( ! [X2,X3] : (~partOf(X2,sK30(X3)) | overlap(X2,X3) | ~relator(X3)) ) | ~spl59_836),
  inference(avatar_component_clause,[],[f6503])).
fof(f6505,plain,(
  spl59_836 | ~spl59_166 | ~spl59_173),
  inference(avatar_split_clause,[],[f1905,f1353,f1325,f6503])).
fof(f1325,plain,(
  spl59_166 <=> ! [X0] : (partOf(sK30(X0),X0) | ~relator(X0))),
  introduced(avatar_definition,[new_symbols(naming,[spl59_166])])).
fof(f1353,plain,(
  spl59_173 <=> ! [X2,X0,X1] : (~partOf(X2,X0) | overlap(X2,X1) | ~partOf(X0,X1))),
  introduced(avatar_definition,[new_symbols(naming,[spl59_173])])).
fof(f1905,plain,(
  ( ! [X2,X3] : (overlap(X2,X3) | ~partOf(X2,sK30(X3)) | ~relator(X3)) ) | (~spl59_166 | ~spl59_173)),
  inference(resolution,[],[f1354,f1326])).
fof(f1326,plain,(
  ( ! [X0] : (partOf(sK30(X0),X0) | ~relator(X0)) ) | ~spl59_166),
  inference(avatar_component_clause,[],[f1325])).
fof(f1354,plain,(
  ( ! [X2,X0,X1] : (~partOf(X0,X1) | overlap(X2,X1) | ~partOf(X2,X0)) ) | ~spl59_173),
  inference(avatar_component_clause,[],[f1353])).
fof(f4944,plain,(
  spl59_660 | ~spl59_160 | ~spl59_633),
  inference(avatar_split_clause,[],[f4703,f4689,f1287,f4942])).
fof(f1287,plain,(
  spl59_160 <=> ! [X0,X1] : (partOf(sK52(X0,X1),X1) | ~overlap(X0,X1))),
  introduced(avatar_definition,[new_symbols(naming,[spl59_160])])).
fof(f4689,plain,(
  spl59_633 <=> ! [X9,X8,X7] : (~partOf(sK52(X7,X8),X9) | overlap(X9,X7) | ~overlap(X7,X8))),
  introduced(avatar_definition,[new_symbols(naming,[spl59_633])])).
fof(f4703,plain,(
  ( ! [X4,X5] : (overlap(X4,X5) | ~overlap(X5,X4)) ) | (~spl59_160 | ~spl59_633)),
  inference(duplicate_literal_removal,[],[f4702])).
fof(f4702,plain,(
  ( ! [X4,X5] : (overlap(X4,X5) | ~overlap(X5,X4) | ~overlap(X5,X4)) ) | (~spl59_160 | ~spl59_633)),
  inference(resolution,[],[f4690,f1288])).
fof(f1288,plain,(
  ( ! [X0,X1] : (partOf(sK52(X0,X1),X1) | ~overlap(X0,X1)) ) | ~spl59_160),
  inference(avatar_component_clause,[],[f1287])).
fof(f4690,plain,(
  ( ! [X8,X9,X7] : (~partOf(sK52(X7,X8),X9) | overlap(X9,X7) | ~overlap(X7,X8)) ) | ~spl59_633),
  inference(avatar_component_clause,[],[f4689])).
fof(f4691,plain,(
  spl59_633 | ~spl59_159 | ~spl59_177),
  inference(avatar_split_clause,[],[f1948,f1369,f1283,f4689])).
fof(f1283,plain,(
  spl59_159 <=> ! [X0,X1] : (partOf(sK52(X0,X1),X0) | ~overlap(X0,X1))),
  introduced(avatar_definition,[new_symbols(naming,[spl59_159])])).
fof(f1369,plain,(
  spl59_177 <=> ! [X2,X0,X1] : (~partOf(X2,X0) | ~partOf(X2,X1) | overlap(X0,X1))),
  introduced(avatar_definition,[new_symbols(naming,[spl59_177])])).
fof(f1948,plain,(
  ( ! [X8,X9,X7] : (~partOf(sK52(X7,X8),X9) | overlap(X9,X7) | ~overlap(X7,X8)) ) | (~spl59_159 | ~spl59_177)),
  inference(resolution,[],[f1370,f1284])).
fof(f1284,plain,(
  ( ! [X0,X1] : (partOf(sK52(X0,X1),X0) | ~overlap(X0,X1)) ) | ~spl59_159),
  inference(avatar_component_clause,[],[f1283])).
fof(f1370,plain,(
  ( ! [X2,X0,X1] : (~partOf(X2,X1) | ~partOf(X2,X0) | overlap(X0,X1)) ) | ~spl59_177),
  inference(avatar_component_clause,[],[f1369])).
fof(f2304,plain,(
  ~spl59_349 | ~spl59_9 | ~spl59_346),
  inference(avatar_split_clause,[],[f2290,f2274,f672,f2302])).
fof(f672,plain,(
  spl59_9 <=> ! [X0] : (~intrinsicMoment(X0) | ~relator(X0))),
  introduced(avatar_definition,[new_symbols(naming,[spl59_9])])).
fof(f2290,plain,(
  ~intrinsicMoment(sK41(xyz)) | (~spl59_9 | ~spl59_346)),
  inference(resolution,[],[f2275,f673])).
fof(f673,plain,(
  ( ! [X0] : (~relator(X0) | ~intrinsicMoment(X0)) ) | ~spl59_9),
  inference(avatar_component_clause,[],[f672])).
fof(f2282,plain,(
  ~spl59_16 | ~spl59_84 | ~spl59_345),
  inference(avatar_contradiction_clause,[],[f2281])).
fof(f2281,plain,(
  $false | (~spl59_16 | ~spl59_84 | ~spl59_345)),
  inference(subsumption_resolution,[],[f2278,f974])).
fof(f974,plain,(
  type_(xyz) | ~spl59_84),
  inference(avatar_component_clause,[],[f973])).
fof(f973,plain,(
  spl59_84 <=> type_(xyz)),
  introduced(avatar_definition,[new_symbols(naming,[spl59_84])])).
fof(f2278,plain,(
  ~type_(xyz) | (~spl59_16 | ~spl59_345)),
  inference(resolution,[],[f2272,f701])).
fof(f701,plain,(
  ( ! [X0] : (~individual(X0) | ~type_(X0)) ) | ~spl59_16),
  inference(avatar_component_clause,[],[f700])).
fof(f700,plain,(
  spl59_16 <=> ! [X0] : (~type_(X0) | ~individual(X0))),
  introduced(avatar_definition,[new_symbols(naming,[spl59_16])])).
fof(f2272,plain,(
  individual(xyz) | ~spl59_345),
  inference(avatar_component_clause,[],[f2271])).
fof(f2271,plain,(
  spl59_345 <=> individual(xyz)),
  introduced(avatar_definition,[new_symbols(naming,[spl59_345])])).
fof(f2276,plain,(
  spl59_345 | spl59_346 | ~spl59_151 | ~spl59_320),
  inference(avatar_split_clause,[],[f2127,f2120,f1251,f2274,f2271])).
fof(f1251,plain,(
  spl59_151 <=> ! [X0] : (iof(sK41(X0),X0,sK42(X0)) | individual(X0))),
  introduced(avatar_definition,[new_symbols(naming,[spl59_151])])).
fof(f2120,plain,(
  spl59_320 <=> ! [X0,X1] : (relator(X0) | ~iof(X0,xyz,X1))),
  introduced(avatar_definition,[new_symbols(naming,[spl59_320])])).
fof(f2127,plain,(
  relator(sK41(xyz)) | individual(xyz) | (~spl59_151 | ~spl59_320)),
  inference(resolution,[],[f2121,f1252])).
fof(f1252,plain,(
  ( ! [X0] : (iof(sK41(X0),X0,sK42(X0)) | individual(X0)) ) | ~spl59_151),
  inference(avatar_component_clause,[],[f1251])).
fof(f2121,plain,(
  ( ! [X0,X1] : (~iof(X0,xyz,X1) | relator(X0)) ) | ~spl59_320),
  inference(avatar_component_clause,[],[f2120])).
fof(f2122,plain,(
  spl59_320 | ~spl59_2 | ~spl59_319),
  inference(avatar_split_clause,[],[f2118,f2113,f644,f2120])).
fof(f644,plain,(
  spl59_2 <=> relatorType(xyz)),
  introduced(avatar_definition,[new_symbols(naming,[spl59_2])])).
fof(f2113,plain,(
  spl59_319 <=> ! [X2,X0,X1] : (~iof(X1,X0,X2) | relator(X1) | ~relatorType(X0))),
  introduced(avatar_definition,[new_symbols(naming,[spl59_319])])).
fof(f2118,plain,(
  ( ! [X0,X1] : (relator(X0) | ~iof(X0,xyz,X1)) ) | (~spl59_2 | ~spl59_319)),
  inference(resolution,[],[f2114,f645])).
fof(f645,plain,(
  relatorType(xyz) | ~spl59_2),
  inference(avatar_component_clause,[],[f644])).
fof(f2114,plain,(
  ( ! [X2,X0,X1] : (~relatorType(X0) | relator(X1) | ~iof(X1,X0,X2)) ) | ~spl59_319),
  inference(avatar_component_clause,[],[f2113])).
fof(f2115,plain,(
  spl59_319 | ~spl59_119 | ~spl59_257),
  inference(avatar_split_clause,[],[f1786,f1783,f1118,f2113])).
fof(f1118,plain,(
  spl59_119 <=> ! [X2,X0,X1] : (~iof(X0,X1,X2) | world(X2))),
  introduced(avatar_definition,[new_symbols(naming,[spl59_119])])).
fof(f1783,plain,(
  spl59_257 <=> ! [X2,X0,X1] : (~world(X2) | ~iof(X1,X0,X2) | relator(X1) | ~relatorType(X0))),
  introduced(avatar_definition,[new_symbols(naming,[spl59_257])])).
fof(f1786,plain,(
  ( ! [X2,X0,X1] : (~iof(X1,X0,X2) | relator(X1) | ~relatorType(X0)) ) | (~spl59_119 | ~spl59_257)),
  inference(subsumption_resolution,[],[f1784,f1119])).
fof(f1119,plain,(
  ( ! [X2,X0,X1] : (~iof(X0,X1,X2) | world(X2)) ) | ~spl59_119),
  inference(avatar_component_clause,[],[f1118])).
fof(f1784,plain,(
  ( ! [X2,X0,X1] : (~world(X2) | ~iof(X1,X0,X2) | relator(X1) | ~relatorType(X0)) ) | ~spl59_257),
  inference(avatar_component_clause,[],[f1783])).
fof(f1785,plain,(
  spl59_257),
  inference(avatar_split_clause,[],[f482,f1783])).
fof(f482,plain,(
  ( ! [X2,X0,X1] : (~world(X2) | ~iof(X1,X0,X2) | relator(X1) | ~relatorType(X0)) )),
  inference(cnf_transformation,[],[f264])).
fof(f264,plain,(
  ! [X0] : (relatorType(X0) <=> (! [X1,X2] : (relator(X1) | ~iof(X1,X0,X2) | ~world(X2)) & type_(X0)))),
  inference(flattening,[],[f263])).
fof(f263,plain,(
  ! [X0] : (relatorType(X0) <=> (! [X1,X2] : (relator(X1) | (~iof(X1,X0,X2) | ~world(X2))) & type_(X0)))),
  inference(ennf_transformation,[],[f166])).
fof(f166,plain,(
  ! [X0] : (relatorType(X0) <=> (! [X1,X2] : ((iof(X1,X0,X2) & world(X2)) => relator(X1)) & type_(X0)))),
  inference(rectify,[],[f76])).
fof(f76,axiom,(
  ! [X8] : (relatorType(X8) <=> (! [X6,X2] : ((iof(X6,X8,X2) & world(X2)) => relator(X6)) & type_(X8)))),
  file('outputs/ufo/subsumptions/type_relatorType_subsumed_to_substantialType.in',ax_relatorTypeDefinition_a44)).
fof(f1763,plain,(
  spl59_252),
  inference(avatar_split_clause,[],[f465,f1761])).
fof(f465,plain,(
  ( ! [X0,X4,X5] : (~properPartOf(X4,X0) | ~properPartOf(X5,X0) | quaIndividual(X5) | ~relator(X0)) )),
  inference(cnf_transformation,[],[f262])).
fof(f262,plain,(
  ! [X0] : (relator(X0) <=> (! [X1,X2] : (properPartOf(X2,X0) | ? [X3] : (foundedBy(X1,X3) <~> foundedBy(X2,X3)) | ~existentiallyDependsOn(X2,X1) | ~existentiallyDependsOn(X1,X2) | ~quaIndividual(X2) | ~properPartOf(X1,X0)) & ! [X4,X5] : ((! [X6] : (foundedBy(X4,X6) <=> foundedBy(X5,X6)) & existentiallyDependsOn(X5,X4) & existentiallyDependsOn(X4,X5) & quaIndividual(X5) & quaIndividual(X4)) | ~properPartOf(X5,X0) | ~properPartOf(X4,X0)) & ? [X7] : properPartOf(X7,X0)))),
  inference(flattening,[],[f261])).
fof(f261,plain,(
  ! [X0] : (relator(X0) <=> (! [X1,X2] : (properPartOf(X2,X0) | (? [X3] : (foundedBy(X1,X3) <~> foundedBy(X2,X3)) | ~existentiallyDependsOn(X2,X1) | ~existentiallyDependsOn(X1,X2) | ~quaIndividual(X2) | ~properPartOf(X1,X0))) & ! [X4,X5] : ((! [X6] : (foundedBy(X4,X6) <=> foundedBy(X5,X6)) & existentiallyDependsOn(X5,X4) & existentiallyDependsOn(X4,X5) & quaIndividual(X5) & quaIndividual(X4)) | (~properPartOf(X5,X0) | ~properPartOf(X4,X0))) & ? [X7] : properPartOf(X7,X0)))),
  inference(ennf_transformation,[],[f165])).
fof(f165,plain,(
  ! [X0] : (relator(X0) <=> (! [X1,X2] : ((! [X3] : (foundedBy(X1,X3) <=> foundedBy(X2,X3)) & existentiallyDependsOn(X2,X1) & existentiallyDependsOn(X1,X2) & quaIndividual(X2) & properPartOf(X1,X0)) => properPartOf(X2,X0)) & ! [X4,X5] : ((properPartOf(X5,X0) & properPartOf(X4,X0)) => (! [X6] : (foundedBy(X4,X6) <=> foundedBy(X5,X6)) & existentiallyDependsOn(X5,X4) & existentiallyDependsOn(X4,X5) & quaIndividual(X5) & quaIndividual(X4))) & ? [X7] : properPartOf(X7,X0)))),
  inference(rectify,[],[f124])).
fof(f124,axiom,(
  ! [X23] : (relator(X23) <=> (! [X24,X25] : ((! [X18] : (foundedBy(X24,X18) <=> foundedBy(X25,X18)) & existentiallyDependsOn(X25,X24) & existentiallyDependsOn(X24,X25) & quaIndividual(X25) & properPartOf(X24,X23)) => properPartOf(X25,X23)) & ! [X1,X3] : ((properPartOf(X3,X23) & properPartOf(X1,X23)) => (! [X14] : (foundedBy(X1,X14) <=> foundedBy(X3,X14)) & existentiallyDependsOn(X3,X1) & existentiallyDependsOn(X1,X3) & quaIndividual(X3) & quaIndividual(X1))) & ? [X0] : properPartOf(X0,X23)))),
  file('outputs/ufo/subsumptions/type_relatorType_subsumed_to_substantialType.in',ax_dRelator_a81)).
fof(f1371,plain,(
  spl59_177),
  inference(avatar_split_clause,[],[f587,f1369])).
fof(f587,plain,(
  ( ! [X2,X0,X1] : (~partOf(X2,X0) | ~partOf(X2,X1) | overlap(X0,X1)) )),
  inference(cnf_transformation,[],[f181])).
fof(f181,plain,(
  ! [X0,X1] : (overlap(X0,X1) <=> ? [X2] : (partOf(X2,X1) & partOf(X2,X0)))),
  inference(rectify,[],[f89])).
fof(f89,axiom,(
  ! [X0,X1] : (overlap(X0,X1) <=> ? [X3] : (partOf(X3,X1) & partOf(X3,X0)))),
  file('outputs/ufo/subsumptions/type_relatorType_subsumed_to_substantialType.in',ax_overlappingWholes_a50)).
fof(f1355,plain,(
  spl59_173),
  inference(avatar_split_clause,[],[f568,f1353])).
fof(f568,plain,(
  ( ! [X2,X0,X1] : (~partOf(X2,X0) | overlap(X2,X1) | ~partOf(X0,X1)) )),
  inference(cnf_transformation,[],[f177])).
fof(f177,plain,(
  ! [X0,X1] : (~partOf(X0,X1) <=> ? [X2] : (~overlap(X2,X1) & partOf(X2,X0)))),
  inference(rectify,[],[f90])).
fof(f90,axiom,(
  ! [X0,X1] : (~partOf(X0,X1) <=> ? [X3] : (~overlap(X3,X1) & partOf(X3,X0)))),
  file('outputs/ufo/subsumptions/type_relatorType_subsumed_to_substantialType.in',ax_strongSupplementation_a51)).
fof(f1327,plain,(
  spl59_166 | ~spl59_98 | ~spl59_115),
  inference(avatar_split_clause,[],[f1243,f1102,f1034,f1325])).
fof(f1102,plain,(
  spl59_115 <=> ! [X0,X1] : (partOf(X0,X1) | ~properPartOf(X0,X1))),
  introduced(avatar_definition,[new_symbols(naming,[spl59_115])])).
fof(f1243,plain,(
  ( ! [X0] : (partOf(sK30(X0),X0) | ~relator(X0)) ) | (~spl59_98 | ~spl59_115)),
  inference(resolution,[],[f1103,f1035])).
fof(f1103,plain,(
  ( ! [X0,X1] : (~properPartOf(X0,X1) | partOf(X0,X1)) ) | ~spl59_115),
  inference(avatar_component_clause,[],[f1102])).
fof(f1289,plain,(
  spl59_160),
  inference(avatar_split_clause,[],[f586,f1287])).
fof(f586,plain,(
  ( ! [X0,X1] : (partOf(sK52(X0,X1),X1) | ~overlap(X0,X1)) )),
  inference(cnf_transformation,[],[f181])).
fof(f1285,plain,(
  spl59_159),
  inference(avatar_split_clause,[],[f585,f1283])).
fof(f585,plain,(
  ( ! [X0,X1] : (partOf(sK52(X0,X1),X0) | ~overlap(X0,X1)) )),
  inference(cnf_transformation,[],[f181])).
fof(f1281,plain,(
  spl59_158),
  inference(avatar_split_clause,[],[f580,f1279])).
fof(f580,plain,(
  ( ! [X2,X0,X1] : (externallyDependentMode(X2) | ~overlap(X2,X0) | ~quaIndividualOf(X0,X1)) )),
  inference(cnf_transformation,[],[f281])).
fof(f281,plain,(
  ! [X0,X1] : (quaIndividualOf(X0,X1) <=> ! [X2] : (overlap(X2,X0) <=> (! [X3] : (foundedBy(X2,X3) | ~foundedBy(X0,X3)) & inheresIn(X2,X1) & externallyDependentMode(X2))))),
  inference(ennf_transformation,[],[f180])).
fof(f180,plain,(
  ! [X0,X1] : (quaIndividualOf(X0,X1) <=> ! [X2] : (overlap(X2,X0) <=> (! [X3] : (foundedBy(X0,X3) => foundedBy(X2,X3)) & inheresIn(X2,X1) & externallyDependentMode(X2))))),
  inference(rectify,[],[f121])).
fof(f121,axiom,(
  ! [X0,X1] : (quaIndividualOf(X0,X1) <=> ! [X3] : (overlap(X3,X0) <=> (! [X14] : (foundedBy(X0,X14) => foundedBy(X3,X14)) & inheresIn(X3,X1) & externallyDependentMode(X3))))),
  file('outputs/ufo/subsumptions/type_relatorType_subsumed_to_substantialType.in',ax_dQuaIndividualOf_a75)).
fof(f1253,plain,(
  spl59_151),
  inference(avatar_split_clause,[],[f489,f1251])).
fof(f489,plain,(
  ( ! [X0] : (iof(sK41(X0),X0,sK42(X0)) | individual(X0)) )),
  inference(cnf_transformation,[],[f267])).
fof(f267,plain,(
  ! [X0] : (individual(X0) <=> ! [X1,X2] : ~iof(X1,X0,X2))),
  inference(ennf_transformation,[],[f50])).
fof(f50,axiom,(
  ! [X0] : (individual(X0) <=> ~? [X1,X2] : iof(X1,X0,X2))),
  file('outputs/ufo/subsumptions/type_relatorType_subsumed_to_substantialType.in',ax_dIndividual_a2)).
fof(f1120,plain,(
  spl59_119),
  inference(avatar_split_clause,[],[f624,f1118])).
fof(f624,plain,(
  ( ! [X2,X0,X1] : (~iof(X0,X1,X2) | world(X2)) )),
  inference(cnf_transformation,[],[f288])).
fof(f288,plain,(
  ! [X0,X1,X2] : ((world(X2) & type_(X1)) | ~iof(X0,X1,X2))),
  inference(ennf_transformation,[],[f48])).
fof(f48,axiom,(
  ! [X0,X1,X2] : (iof(X0,X1,X2) => (world(X2) & type_(X1)))),
  file('outputs/ufo/subsumptions/type_relatorType_subsumed_to_substantialType.in',ax_dIof)).
fof(f1104,plain,(
  spl59_115),
  inference(avatar_split_clause,[],[f582,f1102])).
fof(f582,plain,(
  ( ! [X0,X1] : (partOf(X0,X1) | ~properPartOf(X0,X1)) )),
  inference(cnf_transformation,[],[f91])).
fof(f91,axiom,(
  ! [X0,X1] : (properPartOf(X0,X1) <=> (~partOf(X1,X0) & partOf(X0,X1)))),
  file('outputs/ufo/subsumptions/type_relatorType_subsumed_to_substantialType.in',ax_properPart_a52)).
fof(f1036,plain,(
  spl59_98),
  inference(avatar_split_clause,[],[f478,f1034])).
fof(f478,plain,(
  ( ! [X0] : (properPartOf(sK30(X0),X0) | ~relator(X0)) )),
  inference(cnf_transformation,[],[f262])).
fof(f1016,plain,(
  spl59_93),
  inference(avatar_split_clause,[],[f396,f1014])).
fof(f396,plain,(
  ( ! [X0] : (quaIndividualOf(X0,sK16(X0)) | ~quaIndividual(X0)) )),
  inference(cnf_transformation,[],[f122])).
fof(f122,axiom,(
  ! [X0] : (quaIndividual(X0) <=> ? [X1] : quaIndividualOf(X0,X1))),
  file('outputs/ufo/subsumptions/type_relatorType_subsumed_to_substantialType.in',ax_dQuaIndividual_a76)).
fof(f975,plain,(
  spl59_84 | ~spl59_2 | ~spl59_49),
  inference(avatar_split_clause,[],[f971,f832,f644,f973])).
fof(f832,plain,(
  spl59_49 <=> ! [X0] : (type_(X0) | ~relatorType(X0))),
  introduced(avatar_definition,[new_symbols(naming,[spl59_49])])).
fof(f971,plain,(
  type_(xyz) | (~spl59_2 | ~spl59_49)),
  inference(resolution,[],[f833,f645])).
fof(f833,plain,(
  ( ! [X0] : (~relatorType(X0) | type_(X0)) ) | ~spl59_49),
  inference(avatar_component_clause,[],[f832])).
fof(f846,plain,(
  spl59_52),
  inference(avatar_split_clause,[],[f511,f844])).
fof(f511,plain,(
  ( ! [X0] : (intrinsicMoment(X0) | ~mode(X0)) )),
  inference(cnf_transformation,[],[f22])).
fof(f22,axiom,(
  ! [X0] : ((mode(X0) | quality(X0)) <=> intrinsicMoment(X0))),
  file('outputs/ufo/subsumptions/type_relatorType_subsumed_to_substantialType.in',ax_intrinsicMoment_taxonomy)).
fof(f834,plain,(
  spl59_49),
  inference(avatar_split_clause,[],[f483,f832])).
fof(f483,plain,(
  ( ! [X0] : (type_(X0) | ~relatorType(X0)) )),
  inference(cnf_transformation,[],[f264])).
fof(f746,plain,(
  spl59_27),
  inference(avatar_split_clause,[],[f345,f744])).
fof(f345,plain,(
  ( ! [X0] : (~externallyDependentMode(X0) | mode(X0)) )),
  inference(cnf_transformation,[],[f236])).
fof(f236,plain,(
  ! [X0] : (mode(X0) | ~externallyDependentMode(X0))),
  inference(ennf_transformation,[],[f24])).
fof(f24,axiom,(
  ! [X0] : (externallyDependentMode(X0) => mode(X0))),
  file('outputs/ufo/subsumptions/type_relatorType_subsumed_to_substantialType.in',ax_mode_taxonomy_externallyDependentMode)).
fof(f702,plain,(
  spl59_16),
  inference(avatar_split_clause,[],[f325,f700])).
fof(f325,plain,(
  ( ! [X0] : (~type_(X0) | ~individual(X0)) )),
  inference(cnf_transformation,[],[f227])).
fof(f227,plain,(
  ! [X0] : (~individual(X0) | ~type_(X0))),
  inference(ennf_transformation,[],[f2])).
fof(f2,axiom,(
  ~? [X0] : (individual(X0) & type_(X0))),
  file('outputs/ufo/subsumptions/type_relatorType_subsumed_to_substantialType.in',ax_thing_partition)).
fof(f674,plain,(
  spl59_9),
  inference(avatar_split_clause,[],[f316,f672])).
fof(f316,plain,(
  ( ! [X0] : (~intrinsicMoment(X0) | ~relator(X0)) )),
  inference(cnf_transformation,[],[f218])).
fof(f218,plain,(
  ! [X0] : (~relator(X0) | ~intrinsicMoment(X0))),
  inference(ennf_transformation,[],[f21])).
fof(f21,axiom,(
  ~? [X0] : (relator(X0) & intrinsicMoment(X0))),
  file('outputs/ufo/subsumptions/type_relatorType_subsumed_to_substantialType.in',ax_moment_partition)).
fof(f658,plain,(
  spl59_5),
  inference(avatar_split_clause,[],[f342,f656])).
fof(f342,plain,(
  ( ! [X0] : (partOf(X0,X0)) )),
  inference(cnf_transformation,[],[f85])).
fof(f85,axiom,(
  ! [X0] : partOf(X0,X0)),
  file('outputs/ufo/subsumptions/type_relatorType_subsumed_to_substantialType.in',ax_reflexiveParthood)).
fof(f646,plain,(
  spl59_2),
  inference(avatar_split_clause,[],[f308,f644])).
fof(f308,plain,(
  relatorType(xyz)),
  inference(cnf_transformation,[],[f132])).
fof(f132,axiom,(
  relatorType(xyz)),
  file('outputs/ufo/subsumptions/type_relatorType_subsumed_to_substantialType.in',axiom1)).
% SZS output end Proof for type_relatorType_subsumed_to_substantialType
% ------------------------------
% Version: Vampire 4.7 (commit af7d05f97 on 2022-09-30 11:01:41 +0200)
% Termination reason: Refutation

% Memory used [KB]: 15735
% Time elapsed: 0.262 s
% ------------------------------
% ------------------------------
% Success in time 0.27 s
