% Running in auto input_syntax mode. Trying TPTP
% ott+11_3_aac=none:afr=on:afp=4000:afq=1.4:amm=off:anc=all:bs=unit_only:bsr=on:bce=on:fde=unused:irw=on:nm=64:newcnf=on:nwc=1:nicw=on:sac=on:sp=reverse_arity:uhcvi=on_31 on type_relatorType_subsumed_to_semiRigidNonSortal for (31ds)
% Refutation found. Thanks to Tanya!
% SZS status Unsatisfiable for type_relatorType_subsumed_to_semiRigidNonSortal
% SZS output start Proof for type_relatorType_subsumed_to_semiRigidNonSortal
fof(f12546,plain,(
  $false),
  inference(avatar_sat_refutation,[],[f646,f658,f674,f702,f746,f834,f846,f975,f1020,f1040,f1108,f1124,f1257,f1285,f1289,f1293,f1327,f1359,f1375,f1763,f1784,f2115,f2120,f2274,f2280,f2301,f4692,f4957,f6488,f6889,f7026,f11848,f11852,f11859,f12476,f12484,f12518,f12540,f12545])).
fof(f12545,plain,(
  ~spl59_52 | spl59_347 | ~spl59_1322),
  inference(avatar_contradiction_clause,[],[f12544])).
fof(f12544,plain,(
  $false | (~spl59_52 | spl59_347 | ~spl59_1322)),
  inference(subsumption_resolution,[],[f12542,f2300])).
fof(f2300,plain,(
  ~intrinsicMoment(sK41(xyz)) | spl59_347),
  inference(avatar_component_clause,[],[f2299])).
fof(f2299,plain,(
  spl59_347 <=> intrinsicMoment(sK41(xyz))),
  introduced(avatar_definition,[new_symbols(naming,[spl59_347])])).
fof(f12542,plain,(
  intrinsicMoment(sK41(xyz)) | (~spl59_52 | ~spl59_1322)),
  inference(resolution,[],[f12539,f845])).
fof(f845,plain,(
  ( ! [X0] : (~mode(X0) | intrinsicMoment(X0)) ) | ~spl59_52),
  inference(avatar_component_clause,[],[f844])).
fof(f844,plain,(
  spl59_52 <=> ! [X0] : (intrinsicMoment(X0) | ~mode(X0))),
  introduced(avatar_definition,[new_symbols(naming,[spl59_52])])).
fof(f12539,plain,(
  mode(sK41(xyz)) | ~spl59_1322),
  inference(avatar_component_clause,[],[f12538])).
fof(f12538,plain,(
  spl59_1322 <=> mode(sK41(xyz))),
  introduced(avatar_definition,[new_symbols(naming,[spl59_1322])])).
fof(f12540,plain,(
  spl59_1322 | ~spl59_27 | ~spl59_1321),
  inference(avatar_split_clause,[],[f12524,f12516,f744,f12538])).
fof(f744,plain,(
  spl59_27 <=> ! [X0] : (~externallyDependentMode(X0) | mode(X0))),
  introduced(avatar_definition,[new_symbols(naming,[spl59_27])])).
fof(f12516,plain,(
  spl59_1321 <=> externallyDependentMode(sK41(xyz))),
  introduced(avatar_definition,[new_symbols(naming,[spl59_1321])])).
fof(f12524,plain,(
  mode(sK41(xyz)) | (~spl59_27 | ~spl59_1321)),
  inference(resolution,[],[f12517,f745])).
fof(f745,plain,(
  ( ! [X0] : (~externallyDependentMode(X0) | mode(X0)) ) | ~spl59_27),
  inference(avatar_component_clause,[],[f744])).
fof(f12517,plain,(
  externallyDependentMode(sK41(xyz)) | ~spl59_1321),
  inference(avatar_component_clause,[],[f12516])).
fof(f12518,plain,(
  spl59_1321 | ~spl59_344 | ~spl59_897 | ~spl59_1319),
  inference(avatar_split_clause,[],[f12514,f12482,f7024,f2272,f12516])).
fof(f2272,plain,(
  spl59_344 <=> relator(sK41(xyz))),
  introduced(avatar_definition,[new_symbols(naming,[spl59_344])])).
fof(f7024,plain,(
  spl59_897 <=> ! [X0] : (~relator(X0) | overlap(X0,sK30(X0)))),
  introduced(avatar_definition,[new_symbols(naming,[spl59_897])])).
fof(f12482,plain,(
  spl59_1319 <=> ! [X3] : (~overlap(X3,sK30(sK41(xyz))) | externallyDependentMode(X3))),
  introduced(avatar_definition,[new_symbols(naming,[spl59_1319])])).
fof(f12514,plain,(
  externallyDependentMode(sK41(xyz)) | (~spl59_344 | ~spl59_897 | ~spl59_1319)),
  inference(subsumption_resolution,[],[f12489,f2273])).
fof(f2273,plain,(
  relator(sK41(xyz)) | ~spl59_344),
  inference(avatar_component_clause,[],[f2272])).
fof(f12489,plain,(
  externallyDependentMode(sK41(xyz)) | ~relator(sK41(xyz)) | (~spl59_897 | ~spl59_1319)),
  inference(resolution,[],[f12483,f7025])).
fof(f7025,plain,(
  ( ! [X0] : (overlap(X0,sK30(X0)) | ~relator(X0)) ) | ~spl59_897),
  inference(avatar_component_clause,[],[f7024])).
fof(f12483,plain,(
  ( ! [X3] : (~overlap(X3,sK30(sK41(xyz))) | externallyDependentMode(X3)) ) | ~spl59_1319),
  inference(avatar_component_clause,[],[f12482])).
fof(f12484,plain,(
  spl59_1319 | ~spl59_159 | ~spl59_1318),
  inference(avatar_split_clause,[],[f12479,f12474,f1283,f12482])).
fof(f1283,plain,(
  spl59_159 <=> ! [X2,X0,X1] : (externallyDependentMode(X2) | ~overlap(X2,X0) | ~quaIndividualOf(X0,X1))),
  introduced(avatar_definition,[new_symbols(naming,[spl59_159])])).
fof(f12474,plain,(
  spl59_1318 <=> quaIndividualOf(sK30(sK41(xyz)),sK18(sK30(sK41(xyz))))),
  introduced(avatar_definition,[new_symbols(naming,[spl59_1318])])).
fof(f12479,plain,(
  ( ! [X3] : (~overlap(X3,sK30(sK41(xyz))) | externallyDependentMode(X3)) ) | (~spl59_159 | ~spl59_1318)),
  inference(resolution,[],[f12475,f1284])).
fof(f1284,plain,(
  ( ! [X2,X0,X1] : (~quaIndividualOf(X0,X1) | ~overlap(X2,X0) | externallyDependentMode(X2)) ) | ~spl59_159),
  inference(avatar_component_clause,[],[f1283])).
fof(f12475,plain,(
  quaIndividualOf(sK30(sK41(xyz)),sK18(sK30(sK41(xyz)))) | ~spl59_1318),
  inference(avatar_component_clause,[],[f12474])).
fof(f12476,plain,(
  spl59_1318 | ~spl59_94 | ~spl59_1264),
  inference(avatar_split_clause,[],[f11866,f11857,f1018,f12474])).
fof(f1018,plain,(
  spl59_94 <=> ! [X0] : (quaIndividualOf(X0,sK18(X0)) | ~quaIndividual(X0))),
  introduced(avatar_definition,[new_symbols(naming,[spl59_94])])).
fof(f11857,plain,(
  spl59_1264 <=> quaIndividual(sK30(sK41(xyz)))),
  introduced(avatar_definition,[new_symbols(naming,[spl59_1264])])).
fof(f11866,plain,(
  quaIndividualOf(sK30(sK41(xyz)),sK18(sK30(sK41(xyz)))) | (~spl59_94 | ~spl59_1264)),
  inference(resolution,[],[f11858,f1019])).
fof(f1019,plain,(
  ( ! [X0] : (~quaIndividual(X0) | quaIndividualOf(X0,sK18(X0))) ) | ~spl59_94),
  inference(avatar_component_clause,[],[f1018])).
fof(f11858,plain,(
  quaIndividual(sK30(sK41(xyz))) | ~spl59_1264),
  inference(avatar_component_clause,[],[f11857])).
fof(f11859,plain,(
  spl59_1264 | ~spl59_99 | ~spl59_344 | ~spl59_1263),
  inference(avatar_split_clause,[],[f11855,f11846,f2272,f1038,f11857])).
fof(f1038,plain,(
  spl59_99 <=> ! [X0] : (properPartOf(sK30(X0),X0) | ~relator(X0))),
  introduced(avatar_definition,[new_symbols(naming,[spl59_99])])).
fof(f11846,plain,(
  spl59_1263 <=> ! [X2] : (~properPartOf(X2,sK41(xyz)) | quaIndividual(X2))),
  introduced(avatar_definition,[new_symbols(naming,[spl59_1263])])).
fof(f11855,plain,(
  quaIndividual(sK30(sK41(xyz))) | (~spl59_99 | ~spl59_344 | ~spl59_1263)),
  inference(subsumption_resolution,[],[f11853,f2273])).
fof(f11853,plain,(
  quaIndividual(sK30(sK41(xyz))) | ~relator(sK41(xyz)) | (~spl59_99 | ~spl59_1263)),
  inference(resolution,[],[f11847,f1039])).
fof(f1039,plain,(
  ( ! [X0] : (properPartOf(sK30(X0),X0) | ~relator(X0)) ) | ~spl59_99),
  inference(avatar_component_clause,[],[f1038])).
fof(f11847,plain,(
  ( ! [X2] : (~properPartOf(X2,sK41(xyz)) | quaIndividual(X2)) ) | ~spl59_1263),
  inference(avatar_component_clause,[],[f11846])).
fof(f11852,plain,(
  ~spl59_99 | ~spl59_344 | ~spl59_1262),
  inference(avatar_contradiction_clause,[],[f11851])).
fof(f11851,plain,(
  $false | (~spl59_99 | ~spl59_344 | ~spl59_1262)),
  inference(subsumption_resolution,[],[f11849,f2273])).
fof(f11849,plain,(
  ~relator(sK41(xyz)) | (~spl59_99 | ~spl59_1262)),
  inference(resolution,[],[f11844,f1039])).
fof(f11844,plain,(
  ( ! [X3] : (~properPartOf(X3,sK41(xyz))) ) | ~spl59_1262),
  inference(avatar_component_clause,[],[f11843])).
fof(f11843,plain,(
  spl59_1262 <=> ! [X3] : ~properPartOf(X3,sK41(xyz))),
  introduced(avatar_definition,[new_symbols(naming,[spl59_1262])])).
fof(f11848,plain,(
  spl59_1262 | spl59_1263 | ~spl59_252 | ~spl59_344),
  inference(avatar_split_clause,[],[f2453,f2272,f1761,f11846,f11843])).
fof(f1761,plain,(
  spl59_252 <=> ! [X5,X4,X0] : (~properPartOf(X4,X0) | ~properPartOf(X5,X0) | quaIndividual(X5) | ~relator(X0))),
  introduced(avatar_definition,[new_symbols(naming,[spl59_252])])).
fof(f2453,plain,(
  ( ! [X2,X3] : (~properPartOf(X2,sK41(xyz)) | quaIndividual(X2) | ~properPartOf(X3,sK41(xyz))) ) | (~spl59_252 | ~spl59_344)),
  inference(resolution,[],[f1762,f2273])).
fof(f1762,plain,(
  ( ! [X0,X4,X5] : (~relator(X0) | ~properPartOf(X5,X0) | quaIndividual(X5) | ~properPartOf(X4,X0)) ) | ~spl59_252),
  inference(avatar_component_clause,[],[f1761])).
fof(f7026,plain,(
  spl59_897 | ~spl59_661 | ~spl59_877),
  inference(avatar_split_clause,[],[f6890,f6887,f4955,f7024])).
fof(f4955,plain,(
  spl59_661 <=> ! [X4,X5] : (overlap(X4,X5) | ~overlap(X5,X4))),
  introduced(avatar_definition,[new_symbols(naming,[spl59_661])])).
fof(f6887,plain,(
  spl59_877 <=> ! [X0] : (overlap(sK30(X0),X0) | ~relator(X0))),
  introduced(avatar_definition,[new_symbols(naming,[spl59_877])])).
fof(f6890,plain,(
  ( ! [X0] : (~relator(X0) | overlap(X0,sK30(X0))) ) | (~spl59_661 | ~spl59_877)),
  inference(resolution,[],[f6888,f4956])).
fof(f4956,plain,(
  ( ! [X4,X5] : (~overlap(X5,X4) | overlap(X4,X5)) ) | ~spl59_661),
  inference(avatar_component_clause,[],[f4955])).
fof(f6888,plain,(
  ( ! [X0] : (overlap(sK30(X0),X0) | ~relator(X0)) ) | ~spl59_877),
  inference(avatar_component_clause,[],[f6887])).
fof(f6889,plain,(
  spl59_877 | ~spl59_5 | ~spl59_836),
  inference(avatar_split_clause,[],[f6495,f6486,f656,f6887])).
fof(f656,plain,(
  spl59_5 <=> ! [X0] : partOf(X0,X0)),
  introduced(avatar_definition,[new_symbols(naming,[spl59_5])])).
fof(f6486,plain,(
  spl59_836 <=> ! [X2,X3] : (overlap(X2,X3) | ~partOf(X2,sK30(X3)) | ~relator(X3))),
  introduced(avatar_definition,[new_symbols(naming,[spl59_836])])).
fof(f6495,plain,(
  ( ! [X0] : (overlap(sK30(X0),X0) | ~relator(X0)) ) | (~spl59_5 | ~spl59_836)),
  inference(resolution,[],[f6487,f657])).
fof(f657,plain,(
  ( ! [X0] : (partOf(X0,X0)) ) | ~spl59_5),
  inference(avatar_component_clause,[],[f656])).
fof(f6487,plain,(
  ( ! [X2,X3] : (~partOf(X2,sK30(X3)) | overlap(X2,X3) | ~relator(X3)) ) | ~spl59_836),
  inference(avatar_component_clause,[],[f6486])).
fof(f6488,plain,(
  spl59_836 | ~spl59_166 | ~spl59_174),
  inference(avatar_split_clause,[],[f1905,f1357,f1325,f6486])).
fof(f1325,plain,(
  spl59_166 <=> ! [X0] : (partOf(sK30(X0),X0) | ~relator(X0))),
  introduced(avatar_definition,[new_symbols(naming,[spl59_166])])).
fof(f1357,plain,(
  spl59_174 <=> ! [X2,X0,X1] : (~partOf(X2,X0) | overlap(X2,X1) | ~partOf(X0,X1))),
  introduced(avatar_definition,[new_symbols(naming,[spl59_174])])).
fof(f1905,plain,(
  ( ! [X2,X3] : (overlap(X2,X3) | ~partOf(X2,sK30(X3)) | ~relator(X3)) ) | (~spl59_166 | ~spl59_174)),
  inference(resolution,[],[f1358,f1326])).
fof(f1326,plain,(
  ( ! [X0] : (partOf(sK30(X0),X0) | ~relator(X0)) ) | ~spl59_166),
  inference(avatar_component_clause,[],[f1325])).
fof(f1358,plain,(
  ( ! [X2,X0,X1] : (~partOf(X0,X1) | overlap(X2,X1) | ~partOf(X2,X0)) ) | ~spl59_174),
  inference(avatar_component_clause,[],[f1357])).
fof(f4957,plain,(
  spl59_661 | ~spl59_161 | ~spl59_632),
  inference(avatar_split_clause,[],[f4704,f4690,f1291,f4955])).
fof(f1291,plain,(
  spl59_161 <=> ! [X0,X1] : (partOf(sK52(X0,X1),X1) | ~overlap(X0,X1))),
  introduced(avatar_definition,[new_symbols(naming,[spl59_161])])).
fof(f4690,plain,(
  spl59_632 <=> ! [X9,X8,X7] : (~partOf(sK52(X7,X8),X9) | overlap(X9,X7) | ~overlap(X7,X8))),
  introduced(avatar_definition,[new_symbols(naming,[spl59_632])])).
fof(f4704,plain,(
  ( ! [X4,X5] : (overlap(X4,X5) | ~overlap(X5,X4)) ) | (~spl59_161 | ~spl59_632)),
  inference(duplicate_literal_removal,[],[f4703])).
fof(f4703,plain,(
  ( ! [X4,X5] : (overlap(X4,X5) | ~overlap(X5,X4) | ~overlap(X5,X4)) ) | (~spl59_161 | ~spl59_632)),
  inference(resolution,[],[f4691,f1292])).
fof(f1292,plain,(
  ( ! [X0,X1] : (partOf(sK52(X0,X1),X1) | ~overlap(X0,X1)) ) | ~spl59_161),
  inference(avatar_component_clause,[],[f1291])).
fof(f4691,plain,(
  ( ! [X8,X9,X7] : (~partOf(sK52(X7,X8),X9) | overlap(X9,X7) | ~overlap(X7,X8)) ) | ~spl59_632),
  inference(avatar_component_clause,[],[f4690])).
fof(f4692,plain,(
  spl59_632 | ~spl59_160 | ~spl59_178),
  inference(avatar_split_clause,[],[f1948,f1373,f1287,f4690])).
fof(f1287,plain,(
  spl59_160 <=> ! [X0,X1] : (partOf(sK52(X0,X1),X0) | ~overlap(X0,X1))),
  introduced(avatar_definition,[new_symbols(naming,[spl59_160])])).
fof(f1373,plain,(
  spl59_178 <=> ! [X2,X0,X1] : (~partOf(X2,X0) | ~partOf(X2,X1) | overlap(X0,X1))),
  introduced(avatar_definition,[new_symbols(naming,[spl59_178])])).
fof(f1948,plain,(
  ( ! [X8,X9,X7] : (~partOf(sK52(X7,X8),X9) | overlap(X9,X7) | ~overlap(X7,X8)) ) | (~spl59_160 | ~spl59_178)),
  inference(resolution,[],[f1374,f1288])).
fof(f1288,plain,(
  ( ! [X0,X1] : (partOf(sK52(X0,X1),X0) | ~overlap(X0,X1)) ) | ~spl59_160),
  inference(avatar_component_clause,[],[f1287])).
fof(f1374,plain,(
  ( ! [X2,X0,X1] : (~partOf(X2,X1) | ~partOf(X2,X0) | overlap(X0,X1)) ) | ~spl59_178),
  inference(avatar_component_clause,[],[f1373])).
fof(f2301,plain,(
  ~spl59_347 | ~spl59_9 | ~spl59_344),
  inference(avatar_split_clause,[],[f2284,f2272,f672,f2299])).
fof(f672,plain,(
  spl59_9 <=> ! [X0] : (~intrinsicMoment(X0) | ~relator(X0))),
  introduced(avatar_definition,[new_symbols(naming,[spl59_9])])).
fof(f2284,plain,(
  ~intrinsicMoment(sK41(xyz)) | (~spl59_9 | ~spl59_344)),
  inference(resolution,[],[f2273,f673])).
fof(f673,plain,(
  ( ! [X0] : (~relator(X0) | ~intrinsicMoment(X0)) ) | ~spl59_9),
  inference(avatar_component_clause,[],[f672])).
fof(f2280,plain,(
  ~spl59_16 | ~spl59_84 | ~spl59_343),
  inference(avatar_contradiction_clause,[],[f2279])).
fof(f2279,plain,(
  $false | (~spl59_16 | ~spl59_84 | ~spl59_343)),
  inference(subsumption_resolution,[],[f2276,f974])).
fof(f974,plain,(
  type_(xyz) | ~spl59_84),
  inference(avatar_component_clause,[],[f973])).
fof(f973,plain,(
  spl59_84 <=> type_(xyz)),
  introduced(avatar_definition,[new_symbols(naming,[spl59_84])])).
fof(f2276,plain,(
  ~type_(xyz) | (~spl59_16 | ~spl59_343)),
  inference(resolution,[],[f2270,f701])).
fof(f701,plain,(
  ( ! [X0] : (~individual(X0) | ~type_(X0)) ) | ~spl59_16),
  inference(avatar_component_clause,[],[f700])).
fof(f700,plain,(
  spl59_16 <=> ! [X0] : (~type_(X0) | ~individual(X0))),
  introduced(avatar_definition,[new_symbols(naming,[spl59_16])])).
fof(f2270,plain,(
  individual(xyz) | ~spl59_343),
  inference(avatar_component_clause,[],[f2269])).
fof(f2269,plain,(
  spl59_343 <=> individual(xyz)),
  introduced(avatar_definition,[new_symbols(naming,[spl59_343])])).
fof(f2274,plain,(
  spl59_343 | spl59_344 | ~spl59_152 | ~spl59_318),
  inference(avatar_split_clause,[],[f2121,f2118,f1255,f2272,f2269])).
fof(f1255,plain,(
  spl59_152 <=> ! [X0] : (iof(sK41(X0),X0,sK42(X0)) | individual(X0))),
  introduced(avatar_definition,[new_symbols(naming,[spl59_152])])).
fof(f2118,plain,(
  spl59_318 <=> ! [X0,X1] : (relator(X0) | ~iof(X0,xyz,X1))),
  introduced(avatar_definition,[new_symbols(naming,[spl59_318])])).
fof(f2121,plain,(
  relator(sK41(xyz)) | individual(xyz) | (~spl59_152 | ~spl59_318)),
  inference(resolution,[],[f2119,f1256])).
fof(f1256,plain,(
  ( ! [X0] : (iof(sK41(X0),X0,sK42(X0)) | individual(X0)) ) | ~spl59_152),
  inference(avatar_component_clause,[],[f1255])).
fof(f2119,plain,(
  ( ! [X0,X1] : (~iof(X0,xyz,X1) | relator(X0)) ) | ~spl59_318),
  inference(avatar_component_clause,[],[f2118])).
fof(f2120,plain,(
  spl59_318 | ~spl59_2 | ~spl59_317),
  inference(avatar_split_clause,[],[f2116,f2113,f644,f2118])).
fof(f644,plain,(
  spl59_2 <=> relatorType(xyz)),
  introduced(avatar_definition,[new_symbols(naming,[spl59_2])])).
fof(f2113,plain,(
  spl59_317 <=> ! [X2,X0,X1] : (~iof(X1,X0,X2) | relator(X1) | ~relatorType(X0))),
  introduced(avatar_definition,[new_symbols(naming,[spl59_317])])).
fof(f2116,plain,(
  ( ! [X0,X1] : (relator(X0) | ~iof(X0,xyz,X1)) ) | (~spl59_2 | ~spl59_317)),
  inference(resolution,[],[f2114,f645])).
fof(f645,plain,(
  relatorType(xyz) | ~spl59_2),
  inference(avatar_component_clause,[],[f644])).
fof(f2114,plain,(
  ( ! [X2,X0,X1] : (~relatorType(X0) | relator(X1) | ~iof(X1,X0,X2)) ) | ~spl59_317),
  inference(avatar_component_clause,[],[f2113])).
fof(f2115,plain,(
  spl59_317 | ~spl59_120 | ~spl59_257),
  inference(avatar_split_clause,[],[f1785,f1782,f1122,f2113])).
fof(f1122,plain,(
  spl59_120 <=> ! [X2,X0,X1] : (~iof(X0,X1,X2) | world(X2))),
  introduced(avatar_definition,[new_symbols(naming,[spl59_120])])).
fof(f1782,plain,(
  spl59_257 <=> ! [X2,X0,X1] : (~world(X2) | ~iof(X1,X0,X2) | relator(X1) | ~relatorType(X0))),
  introduced(avatar_definition,[new_symbols(naming,[spl59_257])])).
fof(f1785,plain,(
  ( ! [X2,X0,X1] : (~iof(X1,X0,X2) | relator(X1) | ~relatorType(X0)) ) | (~spl59_120 | ~spl59_257)),
  inference(subsumption_resolution,[],[f1783,f1123])).
fof(f1123,plain,(
  ( ! [X2,X0,X1] : (~iof(X0,X1,X2) | world(X2)) ) | ~spl59_120),
  inference(avatar_component_clause,[],[f1122])).
fof(f1783,plain,(
  ( ! [X2,X0,X1] : (~world(X2) | ~iof(X1,X0,X2) | relator(X1) | ~relatorType(X0)) ) | ~spl59_257),
  inference(avatar_component_clause,[],[f1782])).
fof(f1784,plain,(
  spl59_257),
  inference(avatar_split_clause,[],[f482,f1782])).
fof(f482,plain,(
  ( ! [X2,X0,X1] : (~world(X2) | ~iof(X1,X0,X2) | relator(X1) | ~relatorType(X0)) )),
  inference(cnf_transformation,[],[f264])).
fof(f264,plain,(
  ! [X0] : (relatorType(X0) <=> (! [X1,X2] : (relator(X1) | ~iof(X1,X0,X2) | ~world(X2)) & type_(X0)))),
  inference(flattening,[],[f263])).
fof(f263,plain,(
  ! [X0] : (relatorType(X0) <=> (! [X1,X2] : (relator(X1) | (~iof(X1,X0,X2) | ~world(X2))) & type_(X0)))),
  inference(ennf_transformation,[],[f166])).
fof(f166,plain,(
  ! [X0] : (relatorType(X0) <=> (! [X1,X2] : ((iof(X1,X0,X2) & world(X2)) => relator(X1)) & type_(X0)))),
  inference(rectify,[],[f76])).
fof(f76,axiom,(
  ! [X8] : (relatorType(X8) <=> (! [X6,X2] : ((iof(X6,X8,X2) & world(X2)) => relator(X6)) & type_(X8)))),
  file('outputs/ufo/subsumptions/type_relatorType_subsumed_to_semiRigidNonSortal.in',ax_relatorTypeDefinition_a44)).
fof(f1763,plain,(
  spl59_252),
  inference(avatar_split_clause,[],[f465,f1761])).
fof(f465,plain,(
  ( ! [X0,X4,X5] : (~properPartOf(X4,X0) | ~properPartOf(X5,X0) | quaIndividual(X5) | ~relator(X0)) )),
  inference(cnf_transformation,[],[f262])).
fof(f262,plain,(
  ! [X0] : (relator(X0) <=> (! [X1,X2] : (properPartOf(X2,X0) | ? [X3] : (foundedBy(X1,X3) <~> foundedBy(X2,X3)) | ~existentiallyDependsOn(X2,X1) | ~existentiallyDependsOn(X1,X2) | ~quaIndividual(X2) | ~properPartOf(X1,X0)) & ! [X4,X5] : ((! [X6] : (foundedBy(X4,X6) <=> foundedBy(X5,X6)) & existentiallyDependsOn(X5,X4) & existentiallyDependsOn(X4,X5) & quaIndividual(X5) & quaIndividual(X4)) | ~properPartOf(X5,X0) | ~properPartOf(X4,X0)) & ? [X7] : properPartOf(X7,X0)))),
  inference(flattening,[],[f261])).
fof(f261,plain,(
  ! [X0] : (relator(X0) <=> (! [X1,X2] : (properPartOf(X2,X0) | (? [X3] : (foundedBy(X1,X3) <~> foundedBy(X2,X3)) | ~existentiallyDependsOn(X2,X1) | ~existentiallyDependsOn(X1,X2) | ~quaIndividual(X2) | ~properPartOf(X1,X0))) & ! [X4,X5] : ((! [X6] : (foundedBy(X4,X6) <=> foundedBy(X5,X6)) & existentiallyDependsOn(X5,X4) & existentiallyDependsOn(X4,X5) & quaIndividual(X5) & quaIndividual(X4)) | (~properPartOf(X5,X0) | ~properPartOf(X4,X0))) & ? [X7] : properPartOf(X7,X0)))),
  inference(ennf_transformation,[],[f165])).
fof(f165,plain,(
  ! [X0] : (relator(X0) <=> (! [X1,X2] : ((! [X3] : (foundedBy(X1,X3) <=> foundedBy(X2,X3)) & existentiallyDependsOn(X2,X1) & existentiallyDependsOn(X1,X2) & quaIndividual(X2) & properPartOf(X1,X0)) => properPartOf(X2,X0)) & ! [X4,X5] : ((properPartOf(X5,X0) & properPartOf(X4,X0)) => (! [X6] : (foundedBy(X4,X6) <=> foundedBy(X5,X6)) & existentiallyDependsOn(X5,X4) & existentiallyDependsOn(X4,X5) & quaIndividual(X5) & quaIndividual(X4))) & ? [X7] : properPartOf(X7,X0)))),
  inference(rectify,[],[f124])).
fof(f124,axiom,(
  ! [X23] : (relator(X23) <=> (! [X24,X25] : ((! [X18] : (foundedBy(X24,X18) <=> foundedBy(X25,X18)) & existentiallyDependsOn(X25,X24) & existentiallyDependsOn(X24,X25) & quaIndividual(X25) & properPartOf(X24,X23)) => properPartOf(X25,X23)) & ! [X1,X3] : ((properPartOf(X3,X23) & properPartOf(X1,X23)) => (! [X14] : (foundedBy(X1,X14) <=> foundedBy(X3,X14)) & existentiallyDependsOn(X3,X1) & existentiallyDependsOn(X1,X3) & quaIndividual(X3) & quaIndividual(X1))) & ? [X0] : properPartOf(X0,X23)))),
  file('outputs/ufo/subsumptions/type_relatorType_subsumed_to_semiRigidNonSortal.in',ax_dRelator_a81)).
fof(f1375,plain,(
  spl59_178),
  inference(avatar_split_clause,[],[f587,f1373])).
fof(f587,plain,(
  ( ! [X2,X0,X1] : (~partOf(X2,X0) | ~partOf(X2,X1) | overlap(X0,X1)) )),
  inference(cnf_transformation,[],[f181])).
fof(f181,plain,(
  ! [X0,X1] : (overlap(X0,X1) <=> ? [X2] : (partOf(X2,X1) & partOf(X2,X0)))),
  inference(rectify,[],[f89])).
fof(f89,axiom,(
  ! [X0,X1] : (overlap(X0,X1) <=> ? [X3] : (partOf(X3,X1) & partOf(X3,X0)))),
  file('outputs/ufo/subsumptions/type_relatorType_subsumed_to_semiRigidNonSortal.in',ax_overlappingWholes_a50)).
fof(f1359,plain,(
  spl59_174),
  inference(avatar_split_clause,[],[f568,f1357])).
fof(f568,plain,(
  ( ! [X2,X0,X1] : (~partOf(X2,X0) | overlap(X2,X1) | ~partOf(X0,X1)) )),
  inference(cnf_transformation,[],[f177])).
fof(f177,plain,(
  ! [X0,X1] : (~partOf(X0,X1) <=> ? [X2] : (~overlap(X2,X1) & partOf(X2,X0)))),
  inference(rectify,[],[f90])).
fof(f90,axiom,(
  ! [X0,X1] : (~partOf(X0,X1) <=> ? [X3] : (~overlap(X3,X1) & partOf(X3,X0)))),
  file('outputs/ufo/subsumptions/type_relatorType_subsumed_to_semiRigidNonSortal.in',ax_strongSupplementation_a51)).
fof(f1327,plain,(
  spl59_166 | ~spl59_99 | ~spl59_116),
  inference(avatar_split_clause,[],[f1247,f1106,f1038,f1325])).
fof(f1106,plain,(
  spl59_116 <=> ! [X0,X1] : (partOf(X0,X1) | ~properPartOf(X0,X1))),
  introduced(avatar_definition,[new_symbols(naming,[spl59_116])])).
fof(f1247,plain,(
  ( ! [X0] : (partOf(sK30(X0),X0) | ~relator(X0)) ) | (~spl59_99 | ~spl59_116)),
  inference(resolution,[],[f1107,f1039])).
fof(f1107,plain,(
  ( ! [X0,X1] : (~properPartOf(X0,X1) | partOf(X0,X1)) ) | ~spl59_116),
  inference(avatar_component_clause,[],[f1106])).
fof(f1293,plain,(
  spl59_161),
  inference(avatar_split_clause,[],[f586,f1291])).
fof(f586,plain,(
  ( ! [X0,X1] : (partOf(sK52(X0,X1),X1) | ~overlap(X0,X1)) )),
  inference(cnf_transformation,[],[f181])).
fof(f1289,plain,(
  spl59_160),
  inference(avatar_split_clause,[],[f585,f1287])).
fof(f585,plain,(
  ( ! [X0,X1] : (partOf(sK52(X0,X1),X0) | ~overlap(X0,X1)) )),
  inference(cnf_transformation,[],[f181])).
fof(f1285,plain,(
  spl59_159),
  inference(avatar_split_clause,[],[f580,f1283])).
fof(f580,plain,(
  ( ! [X2,X0,X1] : (externallyDependentMode(X2) | ~overlap(X2,X0) | ~quaIndividualOf(X0,X1)) )),
  inference(cnf_transformation,[],[f281])).
fof(f281,plain,(
  ! [X0,X1] : (quaIndividualOf(X0,X1) <=> ! [X2] : (overlap(X2,X0) <=> (! [X3] : (foundedBy(X2,X3) | ~foundedBy(X0,X3)) & inheresIn(X2,X1) & externallyDependentMode(X2))))),
  inference(ennf_transformation,[],[f180])).
fof(f180,plain,(
  ! [X0,X1] : (quaIndividualOf(X0,X1) <=> ! [X2] : (overlap(X2,X0) <=> (! [X3] : (foundedBy(X0,X3) => foundedBy(X2,X3)) & inheresIn(X2,X1) & externallyDependentMode(X2))))),
  inference(rectify,[],[f121])).
fof(f121,axiom,(
  ! [X0,X1] : (quaIndividualOf(X0,X1) <=> ! [X3] : (overlap(X3,X0) <=> (! [X14] : (foundedBy(X0,X14) => foundedBy(X3,X14)) & inheresIn(X3,X1) & externallyDependentMode(X3))))),
  file('outputs/ufo/subsumptions/type_relatorType_subsumed_to_semiRigidNonSortal.in',ax_dQuaIndividualOf_a75)).
fof(f1257,plain,(
  spl59_152),
  inference(avatar_split_clause,[],[f489,f1255])).
fof(f489,plain,(
  ( ! [X0] : (iof(sK41(X0),X0,sK42(X0)) | individual(X0)) )),
  inference(cnf_transformation,[],[f267])).
fof(f267,plain,(
  ! [X0] : (individual(X0) <=> ! [X1,X2] : ~iof(X1,X0,X2))),
  inference(ennf_transformation,[],[f50])).
fof(f50,axiom,(
  ! [X0] : (individual(X0) <=> ~? [X1,X2] : iof(X1,X0,X2))),
  file('outputs/ufo/subsumptions/type_relatorType_subsumed_to_semiRigidNonSortal.in',ax_dIndividual_a2)).
fof(f1124,plain,(
  spl59_120),
  inference(avatar_split_clause,[],[f624,f1122])).
fof(f624,plain,(
  ( ! [X2,X0,X1] : (~iof(X0,X1,X2) | world(X2)) )),
  inference(cnf_transformation,[],[f288])).
fof(f288,plain,(
  ! [X0,X1,X2] : ((world(X2) & type_(X1)) | ~iof(X0,X1,X2))),
  inference(ennf_transformation,[],[f48])).
fof(f48,axiom,(
  ! [X0,X1,X2] : (iof(X0,X1,X2) => (world(X2) & type_(X1)))),
  file('outputs/ufo/subsumptions/type_relatorType_subsumed_to_semiRigidNonSortal.in',ax_dIof)).
fof(f1108,plain,(
  spl59_116),
  inference(avatar_split_clause,[],[f582,f1106])).
fof(f582,plain,(
  ( ! [X0,X1] : (partOf(X0,X1) | ~properPartOf(X0,X1)) )),
  inference(cnf_transformation,[],[f91])).
fof(f91,axiom,(
  ! [X0,X1] : (properPartOf(X0,X1) <=> (~partOf(X1,X0) & partOf(X0,X1)))),
  file('outputs/ufo/subsumptions/type_relatorType_subsumed_to_semiRigidNonSortal.in',ax_properPart_a52)).
fof(f1040,plain,(
  spl59_99),
  inference(avatar_split_clause,[],[f478,f1038])).
fof(f478,plain,(
  ( ! [X0] : (properPartOf(sK30(X0),X0) | ~relator(X0)) )),
  inference(cnf_transformation,[],[f262])).
fof(f1020,plain,(
  spl59_94),
  inference(avatar_split_clause,[],[f401,f1018])).
fof(f401,plain,(
  ( ! [X0] : (quaIndividualOf(X0,sK18(X0)) | ~quaIndividual(X0)) )),
  inference(cnf_transformation,[],[f122])).
fof(f122,axiom,(
  ! [X0] : (quaIndividual(X0) <=> ? [X1] : quaIndividualOf(X0,X1))),
  file('outputs/ufo/subsumptions/type_relatorType_subsumed_to_semiRigidNonSortal.in',ax_dQuaIndividual_a76)).
fof(f975,plain,(
  spl59_84 | ~spl59_2 | ~spl59_49),
  inference(avatar_split_clause,[],[f971,f832,f644,f973])).
fof(f832,plain,(
  spl59_49 <=> ! [X0] : (type_(X0) | ~relatorType(X0))),
  introduced(avatar_definition,[new_symbols(naming,[spl59_49])])).
fof(f971,plain,(
  type_(xyz) | (~spl59_2 | ~spl59_49)),
  inference(resolution,[],[f833,f645])).
fof(f833,plain,(
  ( ! [X0] : (~relatorType(X0) | type_(X0)) ) | ~spl59_49),
  inference(avatar_component_clause,[],[f832])).
fof(f846,plain,(
  spl59_52),
  inference(avatar_split_clause,[],[f511,f844])).
fof(f511,plain,(
  ( ! [X0] : (intrinsicMoment(X0) | ~mode(X0)) )),
  inference(cnf_transformation,[],[f22])).
fof(f22,axiom,(
  ! [X0] : ((mode(X0) | quality(X0)) <=> intrinsicMoment(X0))),
  file('outputs/ufo/subsumptions/type_relatorType_subsumed_to_semiRigidNonSortal.in',ax_intrinsicMoment_taxonomy)).
fof(f834,plain,(
  spl59_49),
  inference(avatar_split_clause,[],[f483,f832])).
fof(f483,plain,(
  ( ! [X0] : (type_(X0) | ~relatorType(X0)) )),
  inference(cnf_transformation,[],[f264])).
fof(f746,plain,(
  spl59_27),
  inference(avatar_split_clause,[],[f345,f744])).
fof(f345,plain,(
  ( ! [X0] : (~externallyDependentMode(X0) | mode(X0)) )),
  inference(cnf_transformation,[],[f236])).
fof(f236,plain,(
  ! [X0] : (mode(X0) | ~externallyDependentMode(X0))),
  inference(ennf_transformation,[],[f24])).
fof(f24,axiom,(
  ! [X0] : (externallyDependentMode(X0) => mode(X0))),
  file('outputs/ufo/subsumptions/type_relatorType_subsumed_to_semiRigidNonSortal.in',ax_mode_taxonomy_externallyDependentMode)).
fof(f702,plain,(
  spl59_16),
  inference(avatar_split_clause,[],[f325,f700])).
fof(f325,plain,(
  ( ! [X0] : (~type_(X0) | ~individual(X0)) )),
  inference(cnf_transformation,[],[f227])).
fof(f227,plain,(
  ! [X0] : (~individual(X0) | ~type_(X0))),
  inference(ennf_transformation,[],[f2])).
fof(f2,axiom,(
  ~? [X0] : (individual(X0) & type_(X0))),
  file('outputs/ufo/subsumptions/type_relatorType_subsumed_to_semiRigidNonSortal.in',ax_thing_partition)).
fof(f674,plain,(
  spl59_9),
  inference(avatar_split_clause,[],[f316,f672])).
fof(f316,plain,(
  ( ! [X0] : (~intrinsicMoment(X0) | ~relator(X0)) )),
  inference(cnf_transformation,[],[f218])).
fof(f218,plain,(
  ! [X0] : (~relator(X0) | ~intrinsicMoment(X0))),
  inference(ennf_transformation,[],[f21])).
fof(f21,axiom,(
  ~? [X0] : (relator(X0) & intrinsicMoment(X0))),
  file('outputs/ufo/subsumptions/type_relatorType_subsumed_to_semiRigidNonSortal.in',ax_moment_partition)).
fof(f658,plain,(
  spl59_5),
  inference(avatar_split_clause,[],[f342,f656])).
fof(f342,plain,(
  ( ! [X0] : (partOf(X0,X0)) )),
  inference(cnf_transformation,[],[f85])).
fof(f85,axiom,(
  ! [X0] : partOf(X0,X0)),
  file('outputs/ufo/subsumptions/type_relatorType_subsumed_to_semiRigidNonSortal.in',ax_reflexiveParthood)).
fof(f646,plain,(
  spl59_2),
  inference(avatar_split_clause,[],[f308,f644])).
fof(f308,plain,(
  relatorType(xyz)),
  inference(cnf_transformation,[],[f132])).
fof(f132,axiom,(
  relatorType(xyz)),
  file('outputs/ufo/subsumptions/type_relatorType_subsumed_to_semiRigidNonSortal.in',axiom1)).
% SZS output end Proof for type_relatorType_subsumed_to_semiRigidNonSortal
% ------------------------------
% Version: Vampire 4.7 (commit af7d05f97 on 2022-09-30 11:01:41 +0200)
% Termination reason: Refutation

% Memory used [KB]: 16758
% Time elapsed: 0.287 s
% ------------------------------
% ------------------------------
% Success in time 0.297 s
