% Running in auto input_syntax mode. Trying TPTP
% ott+11_3_aac=none:afr=on:afp=4000:afq=1.4:amm=off:anc=all:bs=unit_only:bsr=on:bce=on:fde=unused:irw=on:nm=64:newcnf=on:nwc=1:nicw=on:sac=on:sp=reverse_arity:uhcvi=on_31 on type_quale_subsumed_to_individual for (31ds)
% Refutation found. Thanks to Tanya!
% SZS status Unsatisfiable for type_quale_subsumed_to_individual
% SZS output start Proof for type_quale_subsumed_to_individual
fof(f994,plain,(
  $false),
  inference(avatar_sat_refutation,[],[f644,f648,f756,f864,f985,f993])).
fof(f993,plain,(
  spl59_1 | ~spl59_56 | ~spl59_86),
  inference(avatar_contradiction_clause,[],[f992])).
fof(f992,plain,(
  $false | (spl59_1 | ~spl59_56 | ~spl59_86)),
  inference(subsumption_resolution,[],[f991,f643])).
fof(f643,plain,(
  ~individual(xyz) | spl59_1),
  inference(avatar_component_clause,[],[f642])).
fof(f642,plain,(
  spl59_1 <=> individual(xyz)),
  introduced(avatar_definition,[new_symbols(naming,[spl59_1])])).
fof(f991,plain,(
  individual(xyz) | (~spl59_56 | ~spl59_86)),
  inference(resolution,[],[f863,f984])).
fof(f984,plain,(
  abstractIndividual(xyz) | ~spl59_86),
  inference(avatar_component_clause,[],[f983])).
fof(f983,plain,(
  spl59_86 <=> abstractIndividual(xyz)),
  introduced(avatar_definition,[new_symbols(naming,[spl59_86])])).
fof(f863,plain,(
  ( ! [X0] : (~abstractIndividual(X0) | individual(X0)) ) | ~spl59_56),
  inference(avatar_component_clause,[],[f862])).
fof(f862,plain,(
  spl59_56 <=> ! [X0] : (individual(X0) | ~abstractIndividual(X0))),
  introduced(avatar_definition,[new_symbols(naming,[spl59_56])])).
fof(f985,plain,(
  spl59_86 | ~spl59_2 | ~spl59_29),
  inference(avatar_split_clause,[],[f981,f754,f646,f983])).
fof(f646,plain,(
  spl59_2 <=> quale(xyz)),
  introduced(avatar_definition,[new_symbols(naming,[spl59_2])])).
fof(f754,plain,(
  spl59_29 <=> ! [X0] : (~quale(X0) | abstractIndividual(X0))),
  introduced(avatar_definition,[new_symbols(naming,[spl59_29])])).
fof(f981,plain,(
  abstractIndividual(xyz) | (~spl59_2 | ~spl59_29)),
  inference(resolution,[],[f755,f647])).
fof(f647,plain,(
  quale(xyz) | ~spl59_2),
  inference(avatar_component_clause,[],[f646])).
fof(f755,plain,(
  ( ! [X0] : (~quale(X0) | abstractIndividual(X0)) ) | ~spl59_29),
  inference(avatar_component_clause,[],[f754])).
fof(f864,plain,(
  spl59_56),
  inference(avatar_split_clause,[],[f516,f862])).
fof(f516,plain,(
  ( ! [X0] : (individual(X0) | ~abstractIndividual(X0)) )),
  inference(cnf_transformation,[],[f3])).
fof(f3,axiom,(
  ! [X0] : ((abstractIndividual(X0) | concreteIndividual(X0)) <=> individual(X0))),
  file('outputs/ufo/subsumptions/type_quale_subsumed_to_individual.in',ax_individual_taxonomy)).
fof(f756,plain,(
  spl59_29),
  inference(avatar_split_clause,[],[f350,f754])).
fof(f350,plain,(
  ( ! [X0] : (~quale(X0) | abstractIndividual(X0)) )),
  inference(cnf_transformation,[],[f236])).
fof(f236,plain,(
  ! [X0] : (abstractIndividual(X0) | ~quale(X0))),
  inference(ennf_transformation,[],[f9])).
fof(f9,axiom,(
  ! [X0] : (quale(X0) => abstractIndividual(X0))),
  file('outputs/ufo/subsumptions/type_quale_subsumed_to_individual.in',ax_abstractIndividual_taxonomy_quale)).
fof(f648,plain,(
  spl59_2),
  inference(avatar_split_clause,[],[f307,f646])).
fof(f307,plain,(
  quale(xyz)),
  inference(cnf_transformation,[],[f132])).
fof(f132,axiom,(
  quale(xyz)),
  file('outputs/ufo/subsumptions/type_quale_subsumed_to_individual.in',axiom1)).
fof(f644,plain,(
  ~spl59_1),
  inference(avatar_split_clause,[],[f306,f642])).
fof(f306,plain,(
  ~individual(xyz)),
  inference(cnf_transformation,[],[f133])).
fof(f133,axiom,(
  ~individual(xyz)),
  file('outputs/ufo/subsumptions/type_quale_subsumed_to_individual.in',axiom2)).
% SZS output end Proof for type_quale_subsumed_to_individual
% ------------------------------
% Version: Vampire 4.7 (commit af7d05f97 on 2022-09-30 11:01:41 +0200)
% Termination reason: Refutation

% Memory used [KB]: 6140
% Time elapsed: 0.014 s
% ------------------------------
% ------------------------------
% Success in time 0.021 s
