% Running in auto input_syntax mode. Trying TPTP
% ott+11_3_aac=none:afr=on:afp=4000:afq=1.4:amm=off:anc=all:bs=unit_only:bsr=on:bce=on:fde=unused:irw=on:nm=64:newcnf=on:nwc=1:nicw=on:sac=on:sp=reverse_arity:uhcvi=on_31 on type_moment_subsumed_to_intrinsicMoment for (31ds)
% Refutation found. Thanks to Tanya!
% SZS status Unsatisfiable for type_moment_subsumed_to_intrinsicMoment
% SZS output start Proof for type_moment_subsumed_to_intrinsicMoment
fof(f9331,plain,(
  $false),
  inference(avatar_sat_refutation,[],[f642,f646,f658,f690,f746,f846,f1018,f1038,f1082,f1106,f1252,f1399,f1491,f1607,f1977,f2134,f5358,f5366,f7684,f8241,f8536,f8547,f8584,f8646])).
fof(f8646,plain,(
  ~spl59_13 | ~spl59_52 | ~spl59_151 | ~spl59_837),
  inference(avatar_contradiction_clause,[],[f8633])).
fof(f8633,plain,(
  $false | (~spl59_13 | ~spl59_52 | ~spl59_151 | ~spl59_837)),
  inference(subsumption_resolution,[],[f1251,f8589])).
fof(f8589,plain,(
  ( ! [X2] : (~relator(X2)) ) | (~spl59_13 | ~spl59_52 | ~spl59_837)),
  inference(subsumption_resolution,[],[f8586,f689])).
fof(f689,plain,(
  ( ! [X0] : (~relator(X0) | ~intrinsicMoment(X0)) ) | ~spl59_13),
  inference(avatar_component_clause,[],[f688])).
fof(f688,plain,(
  spl59_13 <=> ! [X0] : (~intrinsicMoment(X0) | ~relator(X0))),
  introduced(avatar_definition,[new_symbols(naming,[spl59_13])])).
fof(f8586,plain,(
  ( ! [X2] : (~relator(X2) | intrinsicMoment(X2)) ) | (~spl59_52 | ~spl59_837)),
  inference(resolution,[],[f8583,f845])).
fof(f845,plain,(
  ( ! [X0] : (~mode(X0) | intrinsicMoment(X0)) ) | ~spl59_52),
  inference(avatar_component_clause,[],[f844])).
fof(f844,plain,(
  spl59_52 <=> ! [X0] : (intrinsicMoment(X0) | ~mode(X0))),
  introduced(avatar_definition,[new_symbols(naming,[spl59_52])])).
fof(f8583,plain,(
  ( ! [X9] : (mode(X9) | ~relator(X9)) ) | ~spl59_837),
  inference(avatar_component_clause,[],[f8582])).
fof(f8582,plain,(
  spl59_837 <=> ! [X9] : (~relator(X9) | mode(X9))),
  introduced(avatar_definition,[new_symbols(naming,[spl59_837])])).
fof(f1251,plain,(
  relator(xyz) | ~spl59_151),
  inference(avatar_component_clause,[],[f1250])).
fof(f1250,plain,(
  spl59_151 <=> relator(xyz)),
  introduced(avatar_definition,[new_symbols(naming,[spl59_151])])).
fof(f8584,plain,(
  spl59_837 | ~spl59_27 | ~spl59_836),
  inference(avatar_split_clause,[],[f8552,f8545,f744,f8582])).
fof(f744,plain,(
  spl59_27 <=> ! [X0] : (~externallyDependentMode(X0) | mode(X0))),
  introduced(avatar_definition,[new_symbols(naming,[spl59_27])])).
fof(f8545,plain,(
  spl59_836 <=> ! [X0] : (externallyDependentMode(X0) | ~relator(X0))),
  introduced(avatar_definition,[new_symbols(naming,[spl59_836])])).
fof(f8552,plain,(
  ( ! [X9] : (~relator(X9) | mode(X9)) ) | (~spl59_27 | ~spl59_836)),
  inference(resolution,[],[f8546,f745])).
fof(f745,plain,(
  ( ! [X0] : (~externallyDependentMode(X0) | mode(X0)) ) | ~spl59_27),
  inference(avatar_component_clause,[],[f744])).
fof(f8546,plain,(
  ( ! [X0] : (externallyDependentMode(X0) | ~relator(X0)) ) | ~spl59_836),
  inference(avatar_component_clause,[],[f8545])).
fof(f8547,plain,(
  spl59_836 | ~spl59_194 | ~spl59_834),
  inference(avatar_split_clause,[],[f8543,f8534,f1489,f8545])).
fof(f1489,plain,(
  spl59_194 <=> ! [X0] : (partOf(sK32(X0),X0) | ~relator(X0))),
  introduced(avatar_definition,[new_symbols(naming,[spl59_194])])).
fof(f8534,plain,(
  spl59_834 <=> ! [X2,X1] : (~relator(X1) | externallyDependentMode(X2) | ~partOf(sK32(X1),X2))),
  introduced(avatar_definition,[new_symbols(naming,[spl59_834])])).
fof(f8543,plain,(
  ( ! [X0] : (externallyDependentMode(X0) | ~relator(X0)) ) | (~spl59_194 | ~spl59_834)),
  inference(duplicate_literal_removal,[],[f8541])).
fof(f8541,plain,(
  ( ! [X0] : (externallyDependentMode(X0) | ~relator(X0) | ~relator(X0)) ) | (~spl59_194 | ~spl59_834)),
  inference(resolution,[],[f8535,f1490])).
fof(f1490,plain,(
  ( ! [X0] : (partOf(sK32(X0),X0) | ~relator(X0)) ) | ~spl59_194),
  inference(avatar_component_clause,[],[f1489])).
fof(f8535,plain,(
  ( ! [X2,X1] : (~partOf(sK32(X1),X2) | externallyDependentMode(X2) | ~relator(X1)) ) | ~spl59_834),
  inference(avatar_component_clause,[],[f8534])).
fof(f8536,plain,(
  spl59_834 | ~spl59_322 | ~spl59_796),
  inference(avatar_split_clause,[],[f8243,f8239,f2132,f8534])).
fof(f2132,plain,(
  spl59_322 <=> ! [X0,X1] : (~partOf(X0,X1) | overlap(X1,X0))),
  introduced(avatar_definition,[new_symbols(naming,[spl59_322])])).
fof(f8239,plain,(
  spl59_796 <=> ! [X6,X5] : (~relator(X5) | ~overlap(X6,sK32(X5)) | externallyDependentMode(X6))),
  introduced(avatar_definition,[new_symbols(naming,[spl59_796])])).
fof(f8243,plain,(
  ( ! [X2,X1] : (~relator(X1) | externallyDependentMode(X2) | ~partOf(sK32(X1),X2)) ) | (~spl59_322 | ~spl59_796)),
  inference(resolution,[],[f8240,f2133])).
fof(f2133,plain,(
  ( ! [X0,X1] : (overlap(X1,X0) | ~partOf(X0,X1)) ) | ~spl59_322),
  inference(avatar_component_clause,[],[f2132])).
fof(f8240,plain,(
  ( ! [X6,X5] : (~overlap(X6,sK32(X5)) | ~relator(X5) | externallyDependentMode(X6)) ) | ~spl59_796),
  inference(avatar_component_clause,[],[f8239])).
fof(f8241,plain,(
  spl59_796 | ~spl59_179 | ~spl59_751),
  inference(avatar_split_clause,[],[f7687,f7682,f1397,f8239])).
fof(f1397,plain,(
  spl59_179 <=> ! [X2,X0,X1] : (externallyDependentMode(X2) | ~overlap(X2,X0) | ~quaIndividualOf(X0,X1))),
  introduced(avatar_definition,[new_symbols(naming,[spl59_179])])).
fof(f7682,plain,(
  spl59_751 <=> ! [X6] : (~relator(X6) | quaIndividualOf(sK32(X6),sK20(sK32(X6))))),
  introduced(avatar_definition,[new_symbols(naming,[spl59_751])])).
fof(f7687,plain,(
  ( ! [X6,X5] : (~relator(X5) | ~overlap(X6,sK32(X5)) | externallyDependentMode(X6)) ) | (~spl59_179 | ~spl59_751)),
  inference(resolution,[],[f7683,f1398])).
fof(f1398,plain,(
  ( ! [X2,X0,X1] : (~quaIndividualOf(X0,X1) | ~overlap(X2,X0) | externallyDependentMode(X2)) ) | ~spl59_179),
  inference(avatar_component_clause,[],[f1397])).
fof(f7683,plain,(
  ( ! [X6] : (quaIndividualOf(sK32(X6),sK20(sK32(X6))) | ~relator(X6)) ) | ~spl59_751),
  inference(avatar_component_clause,[],[f7682])).
fof(f7684,plain,(
  spl59_751 | ~spl59_94 | ~spl59_661),
  inference(avatar_split_clause,[],[f5373,f5364,f1016,f7682])).
fof(f1016,plain,(
  spl59_94 <=> ! [X0] : (quaIndividualOf(X0,sK20(X0)) | ~quaIndividual(X0))),
  introduced(avatar_definition,[new_symbols(naming,[spl59_94])])).
fof(f5364,plain,(
  spl59_661 <=> ! [X2] : (quaIndividual(sK32(X2)) | ~relator(X2))),
  introduced(avatar_definition,[new_symbols(naming,[spl59_661])])).
fof(f5373,plain,(
  ( ! [X6] : (~relator(X6) | quaIndividualOf(sK32(X6),sK20(sK32(X6)))) ) | (~spl59_94 | ~spl59_661)),
  inference(resolution,[],[f5365,f1017])).
fof(f1017,plain,(
  ( ! [X0] : (~quaIndividual(X0) | quaIndividualOf(X0,sK20(X0))) ) | ~spl59_94),
  inference(avatar_component_clause,[],[f1016])).
fof(f5365,plain,(
  ( ! [X2] : (quaIndividual(sK32(X2)) | ~relator(X2)) ) | ~spl59_661),
  inference(avatar_component_clause,[],[f5364])).
fof(f5366,plain,(
  spl59_661 | ~spl59_99 | ~spl59_660),
  inference(avatar_split_clause,[],[f5362,f5356,f1036,f5364])).
fof(f1036,plain,(
  spl59_99 <=> ! [X0] : (properPartOf(sK32(X0),X0) | ~relator(X0))),
  introduced(avatar_definition,[new_symbols(naming,[spl59_99])])).
fof(f5356,plain,(
  spl59_660 <=> ! [X4,X3] : (~properPartOf(X3,X4) | quaIndividual(sK32(X4)) | ~relator(X4))),
  introduced(avatar_definition,[new_symbols(naming,[spl59_660])])).
fof(f5362,plain,(
  ( ! [X2] : (quaIndividual(sK32(X2)) | ~relator(X2)) ) | (~spl59_99 | ~spl59_660)),
  inference(duplicate_literal_removal,[],[f5361])).
fof(f5361,plain,(
  ( ! [X2] : (quaIndividual(sK32(X2)) | ~relator(X2) | ~relator(X2)) ) | (~spl59_99 | ~spl59_660)),
  inference(resolution,[],[f5357,f1037])).
fof(f1037,plain,(
  ( ! [X0] : (properPartOf(sK32(X0),X0) | ~relator(X0)) ) | ~spl59_99),
  inference(avatar_component_clause,[],[f1036])).
fof(f5357,plain,(
  ( ! [X3,X4] : (~properPartOf(X3,X4) | quaIndividual(sK32(X4)) | ~relator(X4)) ) | ~spl59_660),
  inference(avatar_component_clause,[],[f5356])).
fof(f5358,plain,(
  spl59_660 | ~spl59_99 | ~spl59_292),
  inference(avatar_split_clause,[],[f3644,f1975,f1036,f5356])).
fof(f1975,plain,(
  spl59_292 <=> ! [X5,X4,X0] : (~properPartOf(X4,X0) | ~properPartOf(X5,X0) | quaIndividual(X5) | ~relator(X0))),
  introduced(avatar_definition,[new_symbols(naming,[spl59_292])])).
fof(f3644,plain,(
  ( ! [X3,X4] : (~properPartOf(X3,X4) | quaIndividual(sK32(X4)) | ~relator(X4)) ) | (~spl59_99 | ~spl59_292)),
  inference(duplicate_literal_removal,[],[f3643])).
fof(f3643,plain,(
  ( ! [X3,X4] : (~properPartOf(X3,X4) | quaIndividual(sK32(X4)) | ~relator(X4) | ~relator(X4)) ) | (~spl59_99 | ~spl59_292)),
  inference(resolution,[],[f1976,f1037])).
fof(f1976,plain,(
  ( ! [X0,X4,X5] : (~properPartOf(X5,X0) | ~properPartOf(X4,X0) | quaIndividual(X5) | ~relator(X0)) ) | ~spl59_292),
  inference(avatar_component_clause,[],[f1975])).
fof(f2134,plain,(
  spl59_322 | ~spl59_5 | ~spl59_218),
  inference(avatar_split_clause,[],[f2126,f1605,f656,f2132])).
fof(f656,plain,(
  spl59_5 <=> ! [X0] : partOf(X0,X0)),
  introduced(avatar_definition,[new_symbols(naming,[spl59_5])])).
fof(f1605,plain,(
  spl59_218 <=> ! [X2,X0,X1] : (~partOf(X2,X0) | ~partOf(X2,X1) | overlap(X0,X1))),
  introduced(avatar_definition,[new_symbols(naming,[spl59_218])])).
fof(f2126,plain,(
  ( ! [X0,X1] : (~partOf(X0,X1) | overlap(X1,X0)) ) | (~spl59_5 | ~spl59_218)),
  inference(resolution,[],[f1606,f657])).
fof(f657,plain,(
  ( ! [X0] : (partOf(X0,X0)) ) | ~spl59_5),
  inference(avatar_component_clause,[],[f656])).
fof(f1606,plain,(
  ( ! [X2,X0,X1] : (~partOf(X2,X1) | ~partOf(X2,X0) | overlap(X0,X1)) ) | ~spl59_218),
  inference(avatar_component_clause,[],[f1605])).
fof(f1977,plain,(
  spl59_292),
  inference(avatar_split_clause,[],[f470,f1975])).
fof(f470,plain,(
  ( ! [X0,X4,X5] : (~properPartOf(X4,X0) | ~properPartOf(X5,X0) | quaIndividual(X5) | ~relator(X0)) )),
  inference(cnf_transformation,[],[f264])).
fof(f264,plain,(
  ! [X0] : (relator(X0) <=> (! [X1,X2] : (properPartOf(X2,X0) | ? [X3] : (foundedBy(X1,X3) <~> foundedBy(X2,X3)) | ~existentiallyDependsOn(X2,X1) | ~existentiallyDependsOn(X1,X2) | ~quaIndividual(X2) | ~properPartOf(X1,X0)) & ! [X4,X5] : ((! [X6] : (foundedBy(X4,X6) <=> foundedBy(X5,X6)) & existentiallyDependsOn(X5,X4) & existentiallyDependsOn(X4,X5) & quaIndividual(X5) & quaIndividual(X4)) | ~properPartOf(X5,X0) | ~properPartOf(X4,X0)) & ? [X7] : properPartOf(X7,X0)))),
  inference(flattening,[],[f263])).
fof(f263,plain,(
  ! [X0] : (relator(X0) <=> (! [X1,X2] : (properPartOf(X2,X0) | (? [X3] : (foundedBy(X1,X3) <~> foundedBy(X2,X3)) | ~existentiallyDependsOn(X2,X1) | ~existentiallyDependsOn(X1,X2) | ~quaIndividual(X2) | ~properPartOf(X1,X0))) & ! [X4,X5] : ((! [X6] : (foundedBy(X4,X6) <=> foundedBy(X5,X6)) & existentiallyDependsOn(X5,X4) & existentiallyDependsOn(X4,X5) & quaIndividual(X5) & quaIndividual(X4)) | (~properPartOf(X5,X0) | ~properPartOf(X4,X0))) & ? [X7] : properPartOf(X7,X0)))),
  inference(ennf_transformation,[],[f166])).
fof(f166,plain,(
  ! [X0] : (relator(X0) <=> (! [X1,X2] : ((! [X3] : (foundedBy(X1,X3) <=> foundedBy(X2,X3)) & existentiallyDependsOn(X2,X1) & existentiallyDependsOn(X1,X2) & quaIndividual(X2) & properPartOf(X1,X0)) => properPartOf(X2,X0)) & ! [X4,X5] : ((properPartOf(X5,X0) & properPartOf(X4,X0)) => (! [X6] : (foundedBy(X4,X6) <=> foundedBy(X5,X6)) & existentiallyDependsOn(X5,X4) & existentiallyDependsOn(X4,X5) & quaIndividual(X5) & quaIndividual(X4))) & ? [X7] : properPartOf(X7,X0)))),
  inference(rectify,[],[f124])).
fof(f124,axiom,(
  ! [X23] : (relator(X23) <=> (! [X24,X25] : ((! [X18] : (foundedBy(X24,X18) <=> foundedBy(X25,X18)) & existentiallyDependsOn(X25,X24) & existentiallyDependsOn(X24,X25) & quaIndividual(X25) & properPartOf(X24,X23)) => properPartOf(X25,X23)) & ! [X1,X3] : ((properPartOf(X3,X23) & properPartOf(X1,X23)) => (! [X14] : (foundedBy(X1,X14) <=> foundedBy(X3,X14)) & existentiallyDependsOn(X3,X1) & existentiallyDependsOn(X1,X3) & quaIndividual(X3) & quaIndividual(X1))) & ? [X0] : properPartOf(X0,X23)))),
  file('outputs/ufo/subsumptions/type_moment_subsumed_to_intrinsicMoment.in',ax_dRelator_a81)).
fof(f1607,plain,(
  spl59_218),
  inference(avatar_split_clause,[],[f587,f1605])).
fof(f587,plain,(
  ( ! [X2,X0,X1] : (~partOf(X2,X0) | ~partOf(X2,X1) | overlap(X0,X1)) )),
  inference(cnf_transformation,[],[f181])).
fof(f181,plain,(
  ! [X0,X1] : (overlap(X0,X1) <=> ? [X2] : (partOf(X2,X1) & partOf(X2,X0)))),
  inference(rectify,[],[f89])).
fof(f89,axiom,(
  ! [X0,X1] : (overlap(X0,X1) <=> ? [X3] : (partOf(X3,X1) & partOf(X3,X0)))),
  file('outputs/ufo/subsumptions/type_moment_subsumed_to_intrinsicMoment.in',ax_overlappingWholes_a50)).
fof(f1491,plain,(
  spl59_194 | ~spl59_99 | ~spl59_116),
  inference(avatar_split_clause,[],[f1285,f1104,f1036,f1489])).
fof(f1104,plain,(
  spl59_116 <=> ! [X0,X1] : (partOf(X0,X1) | ~properPartOf(X0,X1))),
  introduced(avatar_definition,[new_symbols(naming,[spl59_116])])).
fof(f1285,plain,(
  ( ! [X0] : (partOf(sK32(X0),X0) | ~relator(X0)) ) | (~spl59_99 | ~spl59_116)),
  inference(resolution,[],[f1105,f1037])).
fof(f1105,plain,(
  ( ! [X0,X1] : (~properPartOf(X0,X1) | partOf(X0,X1)) ) | ~spl59_116),
  inference(avatar_component_clause,[],[f1104])).
fof(f1399,plain,(
  spl59_179),
  inference(avatar_split_clause,[],[f580,f1397])).
fof(f580,plain,(
  ( ! [X2,X0,X1] : (externallyDependentMode(X2) | ~overlap(X2,X0) | ~quaIndividualOf(X0,X1)) )),
  inference(cnf_transformation,[],[f281])).
fof(f281,plain,(
  ! [X0,X1] : (quaIndividualOf(X0,X1) <=> ! [X2] : (overlap(X2,X0) <=> (! [X3] : (foundedBy(X2,X3) | ~foundedBy(X0,X3)) & inheresIn(X2,X1) & externallyDependentMode(X2))))),
  inference(ennf_transformation,[],[f180])).
fof(f180,plain,(
  ! [X0,X1] : (quaIndividualOf(X0,X1) <=> ! [X2] : (overlap(X2,X0) <=> (! [X3] : (foundedBy(X0,X3) => foundedBy(X2,X3)) & inheresIn(X2,X1) & externallyDependentMode(X2))))),
  inference(rectify,[],[f121])).
fof(f121,axiom,(
  ! [X0,X1] : (quaIndividualOf(X0,X1) <=> ! [X3] : (overlap(X3,X0) <=> (! [X14] : (foundedBy(X0,X14) => foundedBy(X3,X14)) & inheresIn(X3,X1) & externallyDependentMode(X3))))),
  file('outputs/ufo/subsumptions/type_moment_subsumed_to_intrinsicMoment.in',ax_dQuaIndividualOf_a75)).
fof(f1252,plain,(
  spl59_151 | spl59_1 | ~spl59_2 | ~spl59_110),
  inference(avatar_split_clause,[],[f1248,f1080,f644,f640,f1250])).
fof(f640,plain,(
  spl59_1 <=> intrinsicMoment(xyz)),
  introduced(avatar_definition,[new_symbols(naming,[spl59_1])])).
fof(f644,plain,(
  spl59_2 <=> moment(xyz)),
  introduced(avatar_definition,[new_symbols(naming,[spl59_2])])).
fof(f1080,plain,(
  spl59_110 <=> ! [X0] : (~moment(X0) | intrinsicMoment(X0) | relator(X0))),
  introduced(avatar_definition,[new_symbols(naming,[spl59_110])])).
fof(f1248,plain,(
  relator(xyz) | (spl59_1 | ~spl59_2 | ~spl59_110)),
  inference(subsumption_resolution,[],[f1246,f641])).
fof(f641,plain,(
  ~intrinsicMoment(xyz) | spl59_1),
  inference(avatar_component_clause,[],[f640])).
fof(f1246,plain,(
  intrinsicMoment(xyz) | relator(xyz) | (~spl59_2 | ~spl59_110)),
  inference(resolution,[],[f1081,f645])).
fof(f645,plain,(
  moment(xyz) | ~spl59_2),
  inference(avatar_component_clause,[],[f644])).
fof(f1081,plain,(
  ( ! [X0] : (~moment(X0) | intrinsicMoment(X0) | relator(X0)) ) | ~spl59_110),
  inference(avatar_component_clause,[],[f1080])).
fof(f1106,plain,(
  spl59_116),
  inference(avatar_split_clause,[],[f582,f1104])).
fof(f582,plain,(
  ( ! [X0,X1] : (partOf(X0,X1) | ~properPartOf(X0,X1)) )),
  inference(cnf_transformation,[],[f91])).
fof(f91,axiom,(
  ! [X0,X1] : (properPartOf(X0,X1) <=> (~partOf(X1,X0) & partOf(X0,X1)))),
  file('outputs/ufo/subsumptions/type_moment_subsumed_to_intrinsicMoment.in',ax_properPart_a52)).
fof(f1082,plain,(
  spl59_110),
  inference(avatar_split_clause,[],[f548,f1080])).
fof(f548,plain,(
  ( ! [X0] : (~moment(X0) | intrinsicMoment(X0) | relator(X0)) )),
  inference(cnf_transformation,[],[f20])).
fof(f20,axiom,(
  ! [X0] : ((relator(X0) | intrinsicMoment(X0)) <=> moment(X0))),
  file('outputs/ufo/subsumptions/type_moment_subsumed_to_intrinsicMoment.in',ax_moment_taxonomy)).
fof(f1038,plain,(
  spl59_99),
  inference(avatar_split_clause,[],[f483,f1036])).
fof(f483,plain,(
  ( ! [X0] : (properPartOf(sK32(X0),X0) | ~relator(X0)) )),
  inference(cnf_transformation,[],[f264])).
fof(f1018,plain,(
  spl59_94),
  inference(avatar_split_clause,[],[f406,f1016])).
fof(f406,plain,(
  ( ! [X0] : (quaIndividualOf(X0,sK20(X0)) | ~quaIndividual(X0)) )),
  inference(cnf_transformation,[],[f122])).
fof(f122,axiom,(
  ! [X0] : (quaIndividual(X0) <=> ? [X1] : quaIndividualOf(X0,X1))),
  file('outputs/ufo/subsumptions/type_moment_subsumed_to_intrinsicMoment.in',ax_dQuaIndividual_a76)).
fof(f846,plain,(
  spl59_52),
  inference(avatar_split_clause,[],[f511,f844])).
fof(f511,plain,(
  ( ! [X0] : (intrinsicMoment(X0) | ~mode(X0)) )),
  inference(cnf_transformation,[],[f22])).
fof(f22,axiom,(
  ! [X0] : ((mode(X0) | quality(X0)) <=> intrinsicMoment(X0))),
  file('outputs/ufo/subsumptions/type_moment_subsumed_to_intrinsicMoment.in',ax_intrinsicMoment_taxonomy)).
fof(f746,plain,(
  spl59_27),
  inference(avatar_split_clause,[],[f345,f744])).
fof(f345,plain,(
  ( ! [X0] : (~externallyDependentMode(X0) | mode(X0)) )),
  inference(cnf_transformation,[],[f236])).
fof(f236,plain,(
  ! [X0] : (mode(X0) | ~externallyDependentMode(X0))),
  inference(ennf_transformation,[],[f24])).
fof(f24,axiom,(
  ! [X0] : (externallyDependentMode(X0) => mode(X0))),
  file('outputs/ufo/subsumptions/type_moment_subsumed_to_intrinsicMoment.in',ax_mode_taxonomy_externallyDependentMode)).
fof(f690,plain,(
  spl59_13),
  inference(avatar_split_clause,[],[f321,f688])).
fof(f321,plain,(
  ( ! [X0] : (~intrinsicMoment(X0) | ~relator(X0)) )),
  inference(cnf_transformation,[],[f223])).
fof(f223,plain,(
  ! [X0] : (~relator(X0) | ~intrinsicMoment(X0))),
  inference(ennf_transformation,[],[f21])).
fof(f21,axiom,(
  ~? [X0] : (relator(X0) & intrinsicMoment(X0))),
  file('outputs/ufo/subsumptions/type_moment_subsumed_to_intrinsicMoment.in',ax_moment_partition)).
fof(f658,plain,(
  spl59_5),
  inference(avatar_split_clause,[],[f342,f656])).
fof(f342,plain,(
  ( ! [X0] : (partOf(X0,X0)) )),
  inference(cnf_transformation,[],[f85])).
fof(f85,axiom,(
  ! [X0] : partOf(X0,X0)),
  file('outputs/ufo/subsumptions/type_moment_subsumed_to_intrinsicMoment.in',ax_reflexiveParthood)).
fof(f646,plain,(
  spl59_2),
  inference(avatar_split_clause,[],[f308,f644])).
fof(f308,plain,(
  moment(xyz)),
  inference(cnf_transformation,[],[f132])).
fof(f132,axiom,(
  moment(xyz)),
  file('outputs/ufo/subsumptions/type_moment_subsumed_to_intrinsicMoment.in',axiom1)).
fof(f642,plain,(
  ~spl59_1),
  inference(avatar_split_clause,[],[f307,f640])).
fof(f307,plain,(
  ~intrinsicMoment(xyz)),
  inference(cnf_transformation,[],[f133])).
fof(f133,axiom,(
  ~intrinsicMoment(xyz)),
  file('outputs/ufo/subsumptions/type_moment_subsumed_to_intrinsicMoment.in',axiom2)).
% SZS output end Proof for type_moment_subsumed_to_intrinsicMoment
% ------------------------------
% Version: Vampire 4.7 (commit af7d05f97 on 2022-09-30 11:01:41 +0200)
% Termination reason: Refutation

% Memory used [KB]: 11769
% Time elapsed: 0.192 s
% ------------------------------
% ------------------------------
% Success in time 0.203 s
