% Running in auto input_syntax mode. Trying TPTP
% ott+11_3_aac=none:afr=on:afp=4000:afq=1.4:amm=off:anc=all:bs=unit_only:bsr=on:bce=on:fde=unused:irw=on:nm=64:newcnf=on:nwc=1:nicw=on:sac=on:sp=reverse_arity:uhcvi=on_31 on type_qualityDimension_subsumed_to_qualityStructure for (31ds)
% Refutation found. Thanks to Tanya!
% SZS status Unsatisfiable for type_qualityDimension_subsumed_to_qualityStructure
% SZS output start Proof for type_qualityDimension_subsumed_to_qualityStructure
fof(f998,plain,(
  $false),
  inference(avatar_sat_refutation,[],[f642,f646,f934,f997])).
fof(f997,plain,(
  spl59_1 | ~spl59_2 | ~spl59_74),
  inference(avatar_contradiction_clause,[],[f996])).
fof(f996,plain,(
  $false | (spl59_1 | ~spl59_2 | ~spl59_74)),
  inference(subsumption_resolution,[],[f995,f641])).
fof(f641,plain,(
  ~qualityStructure(xyz) | spl59_1),
  inference(avatar_component_clause,[],[f640])).
fof(f640,plain,(
  spl59_1 <=> qualityStructure(xyz)),
  introduced(avatar_definition,[new_symbols(naming,[spl59_1])])).
fof(f995,plain,(
  qualityStructure(xyz) | (~spl59_2 | ~spl59_74)),
  inference(resolution,[],[f933,f645])).
fof(f645,plain,(
  qualityDimension(xyz) | ~spl59_2),
  inference(avatar_component_clause,[],[f644])).
fof(f644,plain,(
  spl59_2 <=> qualityDimension(xyz)),
  introduced(avatar_definition,[new_symbols(naming,[spl59_2])])).
fof(f933,plain,(
  ( ! [X0] : (~qualityDimension(X0) | qualityStructure(X0)) ) | ~spl59_74),
  inference(avatar_component_clause,[],[f932])).
fof(f932,plain,(
  spl59_74 <=> ! [X0] : (qualityStructure(X0) | ~qualityDimension(X0))),
  introduced(avatar_definition,[new_symbols(naming,[spl59_74])])).
fof(f934,plain,(
  spl59_74),
  inference(avatar_split_clause,[],[f546,f932])).
fof(f546,plain,(
  ( ! [X0] : (qualityStructure(X0) | ~qualityDimension(X0)) )),
  inference(cnf_transformation,[],[f14])).
fof(f14,axiom,(
  ! [X0] : ((qualitySpace(X0) | qualityDimension(X0)) <=> qualityStructure(X0))),
  file('outputs/ufo/subsumptions/type_qualityDimension_subsumed_to_qualityStructure.in',ax_qualityStructure_taxonomy)).
fof(f646,plain,(
  spl59_2),
  inference(avatar_split_clause,[],[f308,f644])).
fof(f308,plain,(
  qualityDimension(xyz)),
  inference(cnf_transformation,[],[f132])).
fof(f132,axiom,(
  qualityDimension(xyz)),
  file('outputs/ufo/subsumptions/type_qualityDimension_subsumed_to_qualityStructure.in',axiom1)).
fof(f642,plain,(
  ~spl59_1),
  inference(avatar_split_clause,[],[f307,f640])).
fof(f307,plain,(
  ~qualityStructure(xyz)),
  inference(cnf_transformation,[],[f133])).
fof(f133,axiom,(
  ~qualityStructure(xyz)),
  file('outputs/ufo/subsumptions/type_qualityDimension_subsumed_to_qualityStructure.in',axiom2)).
% SZS output end Proof for type_qualityDimension_subsumed_to_qualityStructure
% ------------------------------
% Version: Vampire 4.7 (commit af7d05f97 on 2022-09-30 11:01:41 +0200)
% Termination reason: Refutation

% Memory used [KB]: 6140
% Time elapsed: 0.013 s
% ------------------------------
% ------------------------------
% Success in time 0.02 s
