% Running in auto input_syntax mode. Trying TPTP
% ott+11_3_aac=none:afr=on:afp=4000:afq=1.4:amm=off:anc=all:bs=unit_only:bsr=on:bce=on:fde=unused:irw=on:nm=64:newcnf=on:nwc=1:nicw=on:sac=on:sp=reverse_arity:uhcvi=on_31 on type_antiRigidSortal_subsumed_to_endurantType for (31ds)
% Refutation found. Thanks to Tanya!
% SZS status Unsatisfiable for type_antiRigidSortal_subsumed_to_endurantType
% SZS output start Proof for type_antiRigidSortal_subsumed_to_endurantType
fof(f984,plain,(
  $false),
  inference(avatar_sat_refutation,[],[f642,f646,f802,f838,f980,f983])).
fof(f983,plain,(
  spl59_1 | ~spl59_41 | ~spl59_85),
  inference(avatar_contradiction_clause,[],[f982])).
fof(f982,plain,(
  $false | (spl59_1 | ~spl59_41 | ~spl59_85)),
  inference(subsumption_resolution,[],[f981,f641])).
fof(f641,plain,(
  ~endurantType(xyz) | spl59_1),
  inference(avatar_component_clause,[],[f640])).
fof(f640,plain,(
  spl59_1 <=> endurantType(xyz)),
  introduced(avatar_definition,[new_symbols(naming,[spl59_1])])).
fof(f981,plain,(
  endurantType(xyz) | (~spl59_41 | ~spl59_85)),
  inference(resolution,[],[f979,f801])).
fof(f801,plain,(
  ( ! [X0] : (~sortal(X0) | endurantType(X0)) ) | ~spl59_41),
  inference(avatar_component_clause,[],[f800])).
fof(f800,plain,(
  spl59_41 <=> ! [X0] : (endurantType(X0) | ~sortal(X0))),
  introduced(avatar_definition,[new_symbols(naming,[spl59_41])])).
fof(f979,plain,(
  sortal(xyz) | ~spl59_85),
  inference(avatar_component_clause,[],[f978])).
fof(f978,plain,(
  spl59_85 <=> sortal(xyz)),
  introduced(avatar_definition,[new_symbols(naming,[spl59_85])])).
fof(f980,plain,(
  spl59_85 | ~spl59_2 | ~spl59_50),
  inference(avatar_split_clause,[],[f976,f836,f644,f978])).
fof(f644,plain,(
  spl59_2 <=> antiRigidSortal(xyz)),
  introduced(avatar_definition,[new_symbols(naming,[spl59_2])])).
fof(f836,plain,(
  spl59_50 <=> ! [X0] : (sortal(X0) | ~antiRigidSortal(X0))),
  introduced(avatar_definition,[new_symbols(naming,[spl59_50])])).
fof(f976,plain,(
  sortal(xyz) | (~spl59_2 | ~spl59_50)),
  inference(resolution,[],[f837,f645])).
fof(f645,plain,(
  antiRigidSortal(xyz) | ~spl59_2),
  inference(avatar_component_clause,[],[f644])).
fof(f837,plain,(
  ( ! [X0] : (~antiRigidSortal(X0) | sortal(X0)) ) | ~spl59_50),
  inference(avatar_component_clause,[],[f836])).
fof(f838,plain,(
  spl59_50),
  inference(avatar_split_clause,[],[f482,f836])).
fof(f482,plain,(
  ( ! [X0] : (sortal(X0) | ~antiRigidSortal(X0)) )),
  inference(cnf_transformation,[],[f166])).
fof(f166,plain,(
  ! [X0] : (antiRigidSortal(X0) <=> (sortal(X0) & antiRigid(X0)))),
  inference(rectify,[],[f64])).
fof(f64,axiom,(
  ! [X8] : (antiRigidSortal(X8) <=> (sortal(X8) & antiRigid(X8)))),
  file('outputs/ufo/subsumptions/type_antiRigidSortal_subsumed_to_endurantType.in',ax_antiRigidSortalsAreAntiRigidAndSortal_xx)).
fof(f802,plain,(
  spl59_41),
  inference(avatar_split_clause,[],[f407,f800])).
fof(f407,plain,(
  ( ! [X0] : (endurantType(X0) | ~sortal(X0)) )),
  inference(cnf_transformation,[],[f156])).
fof(f156,plain,(
  ! [X0] : (sortal(X0) <=> (? [X1] : (specializes(X0,X1) & kind(X1)) & endurantType(X0)))),
  inference(rectify,[],[f62])).
fof(f62,axiom,(
  ! [X13] : (sortal(X13) <=> (? [X11] : (specializes(X13,X11) & kind(X11)) & endurantType(X13)))),
  file('outputs/ufo/subsumptions/type_antiRigidSortal_subsumed_to_endurantType.in',ax_dSortal_a23)).
fof(f646,plain,(
  spl59_2),
  inference(avatar_split_clause,[],[f308,f644])).
fof(f308,plain,(
  antiRigidSortal(xyz)),
  inference(cnf_transformation,[],[f132])).
fof(f132,axiom,(
  antiRigidSortal(xyz)),
  file('outputs/ufo/subsumptions/type_antiRigidSortal_subsumed_to_endurantType.in',axiom1)).
fof(f642,plain,(
  ~spl59_1),
  inference(avatar_split_clause,[],[f307,f640])).
fof(f307,plain,(
  ~endurantType(xyz)),
  inference(cnf_transformation,[],[f133])).
fof(f133,axiom,(
  ~endurantType(xyz)),
  file('outputs/ufo/subsumptions/type_antiRigidSortal_subsumed_to_endurantType.in',axiom2)).
% SZS output end Proof for type_antiRigidSortal_subsumed_to_endurantType
% ------------------------------
% Version: Vampire 4.7 (commit af7d05f97 on 2022-09-30 11:01:41 +0200)
% Termination reason: Refutation

% Memory used [KB]: 6140
% Time elapsed: 0.014 s
% ------------------------------
% ------------------------------
% Success in time 0.023 s
