% Running in auto input_syntax mode. Trying TPTP
% ott+11_3_aac=none:afr=on:afp=4000:afq=1.4:amm=off:anc=all:bs=unit_only:bsr=on:bce=on:fde=unused:irw=on:nm=64:newcnf=on:nwc=1:nicw=on:sac=on:sp=reverse_arity:uhcvi=on_31 on type_quantityType_subsumed_to_endurantType for (31ds)
% Refutation found. Thanks to Tanya!
% SZS status Unsatisfiable for type_quantityType_subsumed_to_endurantType
% SZS output start Proof for type_quantityType_subsumed_to_endurantType
fof(f985,plain,(
  $false),
  inference(avatar_sat_refutation,[],[f642,f646,f874,f918,f980,f984])).
fof(f984,plain,(
  spl59_1 | ~spl59_59 | ~spl59_85),
  inference(avatar_contradiction_clause,[],[f983])).
fof(f983,plain,(
  $false | (spl59_1 | ~spl59_59 | ~spl59_85)),
  inference(subsumption_resolution,[],[f981,f641])).
fof(f641,plain,(
  ~endurantType(xyz) | spl59_1),
  inference(avatar_component_clause,[],[f640])).
fof(f640,plain,(
  spl59_1 <=> endurantType(xyz)),
  introduced(avatar_definition,[new_symbols(naming,[spl59_1])])).
fof(f981,plain,(
  endurantType(xyz) | (~spl59_59 | ~spl59_85)),
  inference(resolution,[],[f979,f873])).
fof(f873,plain,(
  ( ! [X0] : (~substantialType(X0) | endurantType(X0)) ) | ~spl59_59),
  inference(avatar_component_clause,[],[f872])).
fof(f872,plain,(
  spl59_59 <=> ! [X0] : (endurantType(X0) | ~substantialType(X0))),
  introduced(avatar_definition,[new_symbols(naming,[spl59_59])])).
fof(f979,plain,(
  substantialType(xyz) | ~spl59_85),
  inference(avatar_component_clause,[],[f978])).
fof(f978,plain,(
  spl59_85 <=> substantialType(xyz)),
  introduced(avatar_definition,[new_symbols(naming,[spl59_85])])).
fof(f980,plain,(
  spl59_85 | ~spl59_2 | ~spl59_70),
  inference(avatar_split_clause,[],[f976,f916,f644,f978])).
fof(f644,plain,(
  spl59_2 <=> quantityType(xyz)),
  introduced(avatar_definition,[new_symbols(naming,[spl59_2])])).
fof(f916,plain,(
  spl59_70 <=> ! [X0] : (substantialType(X0) | ~quantityType(X0))),
  introduced(avatar_definition,[new_symbols(naming,[spl59_70])])).
fof(f976,plain,(
  substantialType(xyz) | (~spl59_2 | ~spl59_70)),
  inference(resolution,[],[f917,f645])).
fof(f645,plain,(
  quantityType(xyz) | ~spl59_2),
  inference(avatar_component_clause,[],[f644])).
fof(f917,plain,(
  ( ! [X0] : (~quantityType(X0) | substantialType(X0)) ) | ~spl59_70),
  inference(avatar_component_clause,[],[f916])).
fof(f918,plain,(
  spl59_70),
  inference(avatar_split_clause,[],[f547,f916])).
fof(f547,plain,(
  ( ! [X0] : (substantialType(X0) | ~quantityType(X0)) )),
  inference(cnf_transformation,[],[f28])).
fof(f28,axiom,(
  ! [X0] : ((quantityType(X0) | collectiveType(X0) | objectType(X0)) <=> substantialType(X0))),
  file('outputs/ufo/subsumptions/type_quantityType_subsumed_to_endurantType.in',ax_substantialType_taxonomy)).
fof(f874,plain,(
  spl59_59),
  inference(avatar_split_clause,[],[f525,f872])).
fof(f525,plain,(
  ( ! [X0] : (endurantType(X0) | ~substantialType(X0)) )),
  inference(cnf_transformation,[],[f26])).
fof(f26,axiom,(
  ! [X0] : ((momentType(X0) | substantialType(X0)) <=> endurantType(X0))),
  file('outputs/ufo/subsumptions/type_quantityType_subsumed_to_endurantType.in',ax_endurantType_taxonomy_nature)).
fof(f646,plain,(
  spl59_2),
  inference(avatar_split_clause,[],[f308,f644])).
fof(f308,plain,(
  quantityType(xyz)),
  inference(cnf_transformation,[],[f132])).
fof(f132,axiom,(
  quantityType(xyz)),
  file('outputs/ufo/subsumptions/type_quantityType_subsumed_to_endurantType.in',axiom1)).
fof(f642,plain,(
  ~spl59_1),
  inference(avatar_split_clause,[],[f307,f640])).
fof(f307,plain,(
  ~endurantType(xyz)),
  inference(cnf_transformation,[],[f133])).
fof(f133,axiom,(
  ~endurantType(xyz)),
  file('outputs/ufo/subsumptions/type_quantityType_subsumed_to_endurantType.in',axiom2)).
% SZS output end Proof for type_quantityType_subsumed_to_endurantType
% ------------------------------
% Version: Vampire 4.7 (commit af7d05f97 on 2022-09-30 11:01:41 +0200)
% Termination reason: Refutation

% Memory used [KB]: 6140
% Time elapsed: 0.014 s
% ------------------------------
% ------------------------------
% Success in time 0.021 s
