% Running in auto input_syntax mode. Trying TPTP
% ott+11_3_aac=none:afr=on:afp=4000:afq=1.4:amm=off:anc=all:bs=unit_only:bsr=on:bce=on:fde=unused:irw=on:nm=64:newcnf=on:nwc=1:nicw=on:sac=on:sp=reverse_arity:uhcvi=on_31 on type_quantityKind_subsumed_to_substantialType for (31ds)
% Refutation found. Thanks to Tanya!
% SZS status Unsatisfiable for type_quantityKind_subsumed_to_substantialType
% SZS output start Proof for type_quantityKind_subsumed_to_substantialType
fof(f1011,plain,(
  $false),
  inference(avatar_sat_refutation,[],[f646,f650,f842,f922,f987,f1010])).
fof(f1010,plain,(
  spl59_1 | ~spl59_70 | ~spl59_86),
  inference(avatar_contradiction_clause,[],[f1009])).
fof(f1009,plain,(
  $false | (spl59_1 | ~spl59_70 | ~spl59_86)),
  inference(subsumption_resolution,[],[f1008,f645])).
fof(f645,plain,(
  ~substantialType(xyz) | spl59_1),
  inference(avatar_component_clause,[],[f644])).
fof(f644,plain,(
  spl59_1 <=> substantialType(xyz)),
  introduced(avatar_definition,[new_symbols(naming,[spl59_1])])).
fof(f1008,plain,(
  substantialType(xyz) | (~spl59_70 | ~spl59_86)),
  inference(resolution,[],[f921,f986])).
fof(f986,plain,(
  quantityType(xyz) | ~spl59_86),
  inference(avatar_component_clause,[],[f985])).
fof(f985,plain,(
  spl59_86 <=> quantityType(xyz)),
  introduced(avatar_definition,[new_symbols(naming,[spl59_86])])).
fof(f921,plain,(
  ( ! [X0] : (~quantityType(X0) | substantialType(X0)) ) | ~spl59_70),
  inference(avatar_component_clause,[],[f920])).
fof(f920,plain,(
  spl59_70 <=> ! [X0] : (substantialType(X0) | ~quantityType(X0))),
  introduced(avatar_definition,[new_symbols(naming,[spl59_70])])).
fof(f987,plain,(
  spl59_86 | ~spl59_2 | ~spl59_50),
  inference(avatar_split_clause,[],[f983,f840,f648,f985])).
fof(f648,plain,(
  spl59_2 <=> quantityKind(xyz)),
  introduced(avatar_definition,[new_symbols(naming,[spl59_2])])).
fof(f840,plain,(
  spl59_50 <=> ! [X0] : (~quantityKind(X0) | quantityType(X0))),
  introduced(avatar_definition,[new_symbols(naming,[spl59_50])])).
fof(f983,plain,(
  quantityType(xyz) | (~spl59_2 | ~spl59_50)),
  inference(resolution,[],[f841,f649])).
fof(f649,plain,(
  quantityKind(xyz) | ~spl59_2),
  inference(avatar_component_clause,[],[f648])).
fof(f841,plain,(
  ( ! [X0] : (~quantityKind(X0) | quantityType(X0)) ) | ~spl59_50),
  inference(avatar_component_clause,[],[f840])).
fof(f922,plain,(
  spl59_70),
  inference(avatar_split_clause,[],[f548,f920])).
fof(f548,plain,(
  ( ! [X0] : (substantialType(X0) | ~quantityType(X0)) )),
  inference(cnf_transformation,[],[f28])).
fof(f28,axiom,(
  ! [X0] : ((quantityType(X0) | collectiveType(X0) | objectType(X0)) <=> substantialType(X0))),
  file('outputs/ufo/subsumptions/type_quantityKind_subsumed_to_substantialType.in',ax_substantialType_taxonomy)).
fof(f842,plain,(
  spl59_50),
  inference(avatar_split_clause,[],[f486,f840])).
fof(f486,plain,(
  ( ! [X0] : (~quantityKind(X0) | quantityType(X0)) )),
  inference(cnf_transformation,[],[f266])).
fof(f266,plain,(
  ! [X0] : ((kind(X0) & quantityType(X0)) | ~quantityKind(X0))),
  inference(ennf_transformation,[],[f202])).
fof(f202,plain,(
  ! [X0] : (quantityKind(X0) => (kind(X0) & quantityType(X0)))),
  inference(unused_predicate_definition_removal,[],[f166])).
fof(f166,plain,(
  ! [X0] : (quantityKind(X0) <=> (kind(X0) & quantityType(X0)))),
  inference(rectify,[],[f81])).
fof(f81,axiom,(
  ! [X8] : (quantityKind(X8) <=> (kind(X8) & quantityType(X8)))),
  file('outputs/ufo/subsumptions/type_quantityKind_subsumed_to_substantialType.in',ax_quantityKindDefinition_a45)).
fof(f650,plain,(
  spl59_2),
  inference(avatar_split_clause,[],[f310,f648])).
fof(f310,plain,(
  quantityKind(xyz)),
  inference(cnf_transformation,[],[f132])).
fof(f132,axiom,(
  quantityKind(xyz)),
  file('outputs/ufo/subsumptions/type_quantityKind_subsumed_to_substantialType.in',axiom1)).
fof(f646,plain,(
  ~spl59_1),
  inference(avatar_split_clause,[],[f309,f644])).
fof(f309,plain,(
  ~substantialType(xyz)),
  inference(cnf_transformation,[],[f133])).
fof(f133,axiom,(
  ~substantialType(xyz)),
  file('outputs/ufo/subsumptions/type_quantityKind_subsumed_to_substantialType.in',axiom2)).
% SZS output end Proof for type_quantityKind_subsumed_to_substantialType
% ------------------------------
% Version: Vampire 4.7 (commit af7d05f97 on 2022-09-30 11:01:41 +0200)
% Termination reason: Refutation

% Memory used [KB]: 6140
% Time elapsed: 0.016 s
% ------------------------------
% ------------------------------
% Success in time 0.028 s
