% Running in auto input_syntax mode. Trying TPTP
% ott+11_3_aac=none:afr=on:afp=4000:afq=1.4:amm=off:anc=all:bs=unit_only:bsr=on:bce=on:fde=unused:irw=on:nm=64:newcnf=on:nwc=1:nicw=on:sac=on:sp=reverse_arity:uhcvi=on_31 on type_rigidNonSortal_subsumed_to_nonSortal for (31ds)
% Refutation found. Thanks to Tanya!
% SZS status Unsatisfiable for type_rigidNonSortal_subsumed_to_nonSortal
% SZS output start Proof for type_rigidNonSortal_subsumed_to_nonSortal
fof(f987,plain,(
  $false),
  inference(avatar_sat_refutation,[],[f642,f646,f846,f986])).
fof(f986,plain,(
  spl59_1 | ~spl59_2 | ~spl59_52),
  inference(avatar_contradiction_clause,[],[f985])).
fof(f985,plain,(
  $false | (spl59_1 | ~spl59_2 | ~spl59_52)),
  inference(subsumption_resolution,[],[f984,f641])).
fof(f641,plain,(
  ~nonSortal(xyz) | spl59_1),
  inference(avatar_component_clause,[],[f640])).
fof(f640,plain,(
  spl59_1 <=> nonSortal(xyz)),
  introduced(avatar_definition,[new_symbols(naming,[spl59_1])])).
fof(f984,plain,(
  nonSortal(xyz) | (~spl59_2 | ~spl59_52)),
  inference(resolution,[],[f845,f645])).
fof(f645,plain,(
  rigidNonSortal(xyz) | ~spl59_2),
  inference(avatar_component_clause,[],[f644])).
fof(f644,plain,(
  spl59_2 <=> rigidNonSortal(xyz)),
  introduced(avatar_definition,[new_symbols(naming,[spl59_2])])).
fof(f845,plain,(
  ( ! [X0] : (~rigidNonSortal(X0) | nonSortal(X0)) ) | ~spl59_52),
  inference(avatar_component_clause,[],[f844])).
fof(f844,plain,(
  spl59_52 <=> ! [X0] : (nonSortal(X0) | ~rigidNonSortal(X0))),
  introduced(avatar_definition,[new_symbols(naming,[spl59_52])])).
fof(f846,plain,(
  spl59_52),
  inference(avatar_split_clause,[],[f489,f844])).
fof(f489,plain,(
  ( ! [X0] : (nonSortal(X0) | ~rigidNonSortal(X0)) )),
  inference(cnf_transformation,[],[f167])).
fof(f167,plain,(
  ! [X0] : (rigidNonSortal(X0) <=> (nonSortal(X0) & rigid(X0)))),
  inference(rectify,[],[f65])).
fof(f65,axiom,(
  ! [X8] : (rigidNonSortal(X8) <=> (nonSortal(X8) & rigid(X8)))),
  file('outputs/ufo/subsumptions/type_rigidNonSortal_subsumed_to_nonSortal.in',ax_rigidNonSortalsAreRigidAndNonSortal_xx)).
fof(f646,plain,(
  spl59_2),
  inference(avatar_split_clause,[],[f308,f644])).
fof(f308,plain,(
  rigidNonSortal(xyz)),
  inference(cnf_transformation,[],[f132])).
fof(f132,axiom,(
  rigidNonSortal(xyz)),
  file('outputs/ufo/subsumptions/type_rigidNonSortal_subsumed_to_nonSortal.in',axiom1)).
fof(f642,plain,(
  ~spl59_1),
  inference(avatar_split_clause,[],[f307,f640])).
fof(f307,plain,(
  ~nonSortal(xyz)),
  inference(cnf_transformation,[],[f133])).
fof(f133,axiom,(
  ~nonSortal(xyz)),
  file('outputs/ufo/subsumptions/type_rigidNonSortal_subsumed_to_nonSortal.in',axiom2)).
% SZS output end Proof for type_rigidNonSortal_subsumed_to_nonSortal
% ------------------------------
% Version: Vampire 4.7 (commit af7d05f97 on 2022-09-30 11:01:41 +0200)
% Termination reason: Refutation

% Memory used [KB]: 6140
% Time elapsed: 0.012 s
% ------------------------------
% ------------------------------
% Success in time 0.019 s
