% Running in auto input_syntax mode. Trying TPTP
% ott+11_3_aac=none:afr=on:afp=4000:afq=1.4:amm=off:anc=all:bs=unit_only:bsr=on:bce=on:fde=unused:irw=on:nm=64:newcnf=on:nwc=1:nicw=on:sac=on:sp=reverse_arity:uhcvi=on_31 on type_roleMixin_subsumed_to_antiRigid for (31ds)
% Refutation found. Thanks to Tanya!
% SZS status Unsatisfiable for type_roleMixin_subsumed_to_antiRigid
% SZS output start Proof for type_roleMixin_subsumed_to_antiRigid
fof(f998,plain,(
  $false),
  inference(avatar_sat_refutation,[],[f642,f646,f826,f850,f991,f997])).
fof(f997,plain,(
  spl59_1 | ~spl59_47 | ~spl59_88),
  inference(avatar_contradiction_clause,[],[f996])).
fof(f996,plain,(
  $false | (spl59_1 | ~spl59_47 | ~spl59_88)),
  inference(subsumption_resolution,[],[f993,f641])).
fof(f641,plain,(
  ~antiRigid(xyz) | spl59_1),
  inference(avatar_component_clause,[],[f640])).
fof(f640,plain,(
  spl59_1 <=> antiRigid(xyz)),
  introduced(avatar_definition,[new_symbols(naming,[spl59_1])])).
fof(f993,plain,(
  antiRigid(xyz) | (~spl59_47 | ~spl59_88)),
  inference(resolution,[],[f990,f825])).
fof(f825,plain,(
  ( ! [X0] : (~antiRigidNonSortal(X0) | antiRigid(X0)) ) | ~spl59_47),
  inference(avatar_component_clause,[],[f824])).
fof(f824,plain,(
  spl59_47 <=> ! [X0] : (antiRigid(X0) | ~antiRigidNonSortal(X0))),
  introduced(avatar_definition,[new_symbols(naming,[spl59_47])])).
fof(f990,plain,(
  antiRigidNonSortal(xyz) | ~spl59_88),
  inference(avatar_component_clause,[],[f989])).
fof(f989,plain,(
  spl59_88 <=> antiRigidNonSortal(xyz)),
  introduced(avatar_definition,[new_symbols(naming,[spl59_88])])).
fof(f991,plain,(
  spl59_88 | ~spl59_2 | ~spl59_53),
  inference(avatar_split_clause,[],[f987,f848,f644,f989])).
fof(f644,plain,(
  spl59_2 <=> roleMixin(xyz)),
  introduced(avatar_definition,[new_symbols(naming,[spl59_2])])).
fof(f848,plain,(
  spl59_53 <=> ! [X0] : (antiRigidNonSortal(X0) | ~roleMixin(X0))),
  introduced(avatar_definition,[new_symbols(naming,[spl59_53])])).
fof(f987,plain,(
  antiRigidNonSortal(xyz) | (~spl59_2 | ~spl59_53)),
  inference(resolution,[],[f849,f645])).
fof(f645,plain,(
  roleMixin(xyz) | ~spl59_2),
  inference(avatar_component_clause,[],[f644])).
fof(f849,plain,(
  ( ! [X0] : (~roleMixin(X0) | antiRigidNonSortal(X0)) ) | ~spl59_53),
  inference(avatar_component_clause,[],[f848])).
fof(f850,plain,(
  spl59_53),
  inference(avatar_split_clause,[],[f508,f848])).
fof(f508,plain,(
  ( ! [X0] : (antiRigidNonSortal(X0) | ~roleMixin(X0)) )),
  inference(cnf_transformation,[],[f46])).
fof(f46,axiom,(
  ! [X0] : ((roleMixin(X0) | phaseMixin(X0)) <=> antiRigidNonSortal(X0))),
  file('outputs/ufo/subsumptions/type_roleMixin_subsumed_to_antiRigid.in',ax_antiRigidNonSortal_taxonomy)).
fof(f826,plain,(
  spl59_47),
  inference(avatar_split_clause,[],[f429,f824])).
fof(f429,plain,(
  ( ! [X0] : (antiRigid(X0) | ~antiRigidNonSortal(X0)) )),
  inference(cnf_transformation,[],[f162])).
fof(f162,plain,(
  ! [X0] : (antiRigidNonSortal(X0) <=> (nonSortal(X0) & antiRigid(X0)))),
  inference(rectify,[],[f66])).
fof(f66,axiom,(
  ! [X8] : (antiRigidNonSortal(X8) <=> (nonSortal(X8) & antiRigid(X8)))),
  file('outputs/ufo/subsumptions/type_roleMixin_subsumed_to_antiRigid.in',ax_antiRigidNonSortalsAreAntiRigidAndNonSortal_xx)).
fof(f646,plain,(
  spl59_2),
  inference(avatar_split_clause,[],[f308,f644])).
fof(f308,plain,(
  roleMixin(xyz)),
  inference(cnf_transformation,[],[f132])).
fof(f132,axiom,(
  roleMixin(xyz)),
  file('outputs/ufo/subsumptions/type_roleMixin_subsumed_to_antiRigid.in',axiom1)).
fof(f642,plain,(
  ~spl59_1),
  inference(avatar_split_clause,[],[f307,f640])).
fof(f307,plain,(
  ~antiRigid(xyz)),
  inference(cnf_transformation,[],[f133])).
fof(f133,axiom,(
  ~antiRigid(xyz)),
  file('outputs/ufo/subsumptions/type_roleMixin_subsumed_to_antiRigid.in',axiom2)).
% SZS output end Proof for type_roleMixin_subsumed_to_antiRigid
% ------------------------------
% Version: Vampire 4.7 (commit af7d05f97 on 2022-09-30 11:01:41 +0200)
% Termination reason: Refutation

% Memory used [KB]: 6140
% Time elapsed: 0.012 s
% ------------------------------
% ------------------------------
% Success in time 0.018 s
