% Running in auto input_syntax mode. Trying TPTP
% ott+11_3_aac=none:afr=on:afp=4000:afq=1.4:amm=off:anc=all:bs=unit_only:bsr=on:bce=on:fde=unused:irw=on:nm=64:newcnf=on:nwc=1:nicw=on:sac=on:sp=reverse_arity:uhcvi=on_31 on type_externallyDependentMode_subsumed_to_thing for (31ds)
% Refutation found. Thanks to Tanya!
% SZS status Unsatisfiable for type_externallyDependentMode_subsumed_to_thing
% SZS output start Proof for type_externallyDependentMode_subsumed_to_thing
fof(f1026,plain,(
  $false),
  inference(avatar_sat_refutation,[],[f641,f645,f745,f845,f849,f865,f885,f925,f937,f982,f992,f997,f1007,f1012,f1017,f1025])).
fof(f1025,plain,(
  spl59_1 | ~spl59_75 | ~spl59_93),
  inference(avatar_contradiction_clause,[],[f1024])).
fof(f1024,plain,(
  $false | (spl59_1 | ~spl59_75 | ~spl59_93)),
  inference(subsumption_resolution,[],[f1023,f1016])).
fof(f1016,plain,(
  individual(xyz) | ~spl59_93),
  inference(avatar_component_clause,[],[f1015])).
fof(f1015,plain,(
  spl59_93 <=> individual(xyz)),
  introduced(avatar_definition,[new_symbols(naming,[spl59_93])])).
fof(f1023,plain,(
  ~individual(xyz) | (spl59_1 | ~spl59_75)),
  inference(resolution,[],[f936,f640])).
fof(f640,plain,(
  ~thing(xyz) | spl59_1),
  inference(avatar_component_clause,[],[f639])).
fof(f639,plain,(
  spl59_1 <=> thing(xyz)),
  introduced(avatar_definition,[new_symbols(naming,[spl59_1])])).
fof(f936,plain,(
  ( ! [X0] : (thing(X0) | ~individual(X0)) ) | ~spl59_75),
  inference(avatar_component_clause,[],[f935])).
fof(f935,plain,(
  spl59_75 <=> ! [X0] : (thing(X0) | ~individual(X0))),
  introduced(avatar_definition,[new_symbols(naming,[spl59_75])])).
fof(f1017,plain,(
  spl59_93 | ~spl59_53 | ~spl59_92),
  inference(avatar_split_clause,[],[f1013,f1010,f847,f1015])).
fof(f847,plain,(
  spl59_53 <=> ! [X0] : (individual(X0) | ~concreteIndividual(X0))),
  introduced(avatar_definition,[new_symbols(naming,[spl59_53])])).
fof(f1010,plain,(
  spl59_92 <=> concreteIndividual(xyz)),
  introduced(avatar_definition,[new_symbols(naming,[spl59_92])])).
fof(f1013,plain,(
  individual(xyz) | (~spl59_53 | ~spl59_92)),
  inference(resolution,[],[f1011,f848])).
fof(f848,plain,(
  ( ! [X0] : (~concreteIndividual(X0) | individual(X0)) ) | ~spl59_53),
  inference(avatar_component_clause,[],[f847])).
fof(f1011,plain,(
  concreteIndividual(xyz) | ~spl59_92),
  inference(avatar_component_clause,[],[f1010])).
fof(f1012,plain,(
  spl59_92 | ~spl59_72 | ~spl59_91),
  inference(avatar_split_clause,[],[f1008,f1005,f923,f1010])).
fof(f923,plain,(
  spl59_72 <=> ! [X0] : (concreteIndividual(X0) | ~endurant(X0))),
  introduced(avatar_definition,[new_symbols(naming,[spl59_72])])).
fof(f1005,plain,(
  spl59_91 <=> endurant(xyz)),
  introduced(avatar_definition,[new_symbols(naming,[spl59_91])])).
fof(f1008,plain,(
  concreteIndividual(xyz) | (~spl59_72 | ~spl59_91)),
  inference(resolution,[],[f924,f1006])).
fof(f1006,plain,(
  endurant(xyz) | ~spl59_91),
  inference(avatar_component_clause,[],[f1005])).
fof(f924,plain,(
  ( ! [X0] : (~endurant(X0) | concreteIndividual(X0)) ) | ~spl59_72),
  inference(avatar_component_clause,[],[f923])).
fof(f1007,plain,(
  spl59_91 | ~spl59_62 | ~spl59_89),
  inference(avatar_split_clause,[],[f1003,f995,f883,f1005])).
fof(f883,plain,(
  spl59_62 <=> ! [X0] : (endurant(X0) | ~moment(X0))),
  introduced(avatar_definition,[new_symbols(naming,[spl59_62])])).
fof(f995,plain,(
  spl59_89 <=> moment(xyz)),
  introduced(avatar_definition,[new_symbols(naming,[spl59_89])])).
fof(f1003,plain,(
  endurant(xyz) | (~spl59_62 | ~spl59_89)),
  inference(resolution,[],[f884,f996])).
fof(f996,plain,(
  moment(xyz) | ~spl59_89),
  inference(avatar_component_clause,[],[f995])).
fof(f884,plain,(
  ( ! [X0] : (~moment(X0) | endurant(X0)) ) | ~spl59_62),
  inference(avatar_component_clause,[],[f883])).
fof(f997,plain,(
  spl59_89 | ~spl59_57 | ~spl59_88),
  inference(avatar_split_clause,[],[f993,f990,f863,f995])).
fof(f863,plain,(
  spl59_57 <=> ! [X0] : (moment(X0) | ~intrinsicMoment(X0))),
  introduced(avatar_definition,[new_symbols(naming,[spl59_57])])).
fof(f990,plain,(
  spl59_88 <=> intrinsicMoment(xyz)),
  introduced(avatar_definition,[new_symbols(naming,[spl59_88])])).
fof(f993,plain,(
  moment(xyz) | (~spl59_57 | ~spl59_88)),
  inference(resolution,[],[f864,f991])).
fof(f991,plain,(
  intrinsicMoment(xyz) | ~spl59_88),
  inference(avatar_component_clause,[],[f990])).
fof(f864,plain,(
  ( ! [X0] : (~intrinsicMoment(X0) | moment(X0)) ) | ~spl59_57),
  inference(avatar_component_clause,[],[f863])).
fof(f992,plain,(
  spl59_88 | ~spl59_52 | ~spl59_86),
  inference(avatar_split_clause,[],[f988,f980,f843,f990])).
fof(f843,plain,(
  spl59_52 <=> ! [X0] : (intrinsicMoment(X0) | ~mode(X0))),
  introduced(avatar_definition,[new_symbols(naming,[spl59_52])])).
fof(f980,plain,(
  spl59_86 <=> mode(xyz)),
  introduced(avatar_definition,[new_symbols(naming,[spl59_86])])).
fof(f988,plain,(
  intrinsicMoment(xyz) | (~spl59_52 | ~spl59_86)),
  inference(resolution,[],[f844,f981])).
fof(f981,plain,(
  mode(xyz) | ~spl59_86),
  inference(avatar_component_clause,[],[f980])).
fof(f844,plain,(
  ( ! [X0] : (~mode(X0) | intrinsicMoment(X0)) ) | ~spl59_52),
  inference(avatar_component_clause,[],[f843])).
fof(f982,plain,(
  spl59_86 | ~spl59_2 | ~spl59_27),
  inference(avatar_split_clause,[],[f978,f743,f643,f980])).
fof(f643,plain,(
  spl59_2 <=> externallyDependentMode(xyz)),
  introduced(avatar_definition,[new_symbols(naming,[spl59_2])])).
fof(f743,plain,(
  spl59_27 <=> ! [X0] : (~externallyDependentMode(X0) | mode(X0))),
  introduced(avatar_definition,[new_symbols(naming,[spl59_27])])).
fof(f978,plain,(
  mode(xyz) | (~spl59_2 | ~spl59_27)),
  inference(resolution,[],[f744,f644])).
fof(f644,plain,(
  externallyDependentMode(xyz) | ~spl59_2),
  inference(avatar_component_clause,[],[f643])).
fof(f744,plain,(
  ( ! [X0] : (~externallyDependentMode(X0) | mode(X0)) ) | ~spl59_27),
  inference(avatar_component_clause,[],[f743])).
fof(f937,plain,(
  spl59_75),
  inference(avatar_split_clause,[],[f553,f935])).
fof(f553,plain,(
  ( ! [X0] : (thing(X0) | ~individual(X0)) )),
  inference(cnf_transformation,[],[f1])).
fof(f1,axiom,(
  ! [X0] : ((individual(X0) | type_(X0)) <=> thing(X0))),
  file('outputs/ufo/subsumptions/type_externallyDependentMode_subsumed_to_thing.in',ax_thing_taxonomy)).
fof(f925,plain,(
  spl59_72),
  inference(avatar_split_clause,[],[f549,f923])).
fof(f549,plain,(
  ( ! [X0] : (concreteIndividual(X0) | ~endurant(X0)) )),
  inference(cnf_transformation,[],[f5])).
fof(f5,axiom,(
  ! [X0] : ((perdurant(X0) | endurant(X0)) <=> concreteIndividual(X0))),
  file('outputs/ufo/subsumptions/type_externallyDependentMode_subsumed_to_thing.in',ax_concreteIndividual_taxonomy)).
fof(f885,plain,(
  spl59_62),
  inference(avatar_split_clause,[],[f526,f883])).
fof(f526,plain,(
  ( ! [X0] : (endurant(X0) | ~moment(X0)) )),
  inference(cnf_transformation,[],[f16])).
fof(f16,axiom,(
  ! [X0] : ((moment(X0) | substantial(X0)) <=> endurant(X0))),
  file('outputs/ufo/subsumptions/type_externallyDependentMode_subsumed_to_thing.in',ax_endurant_taxonomy)).
fof(f865,plain,(
  spl59_57),
  inference(avatar_split_clause,[],[f519,f863])).
fof(f519,plain,(
  ( ! [X0] : (moment(X0) | ~intrinsicMoment(X0)) )),
  inference(cnf_transformation,[],[f20])).
fof(f20,axiom,(
  ! [X0] : ((relator(X0) | intrinsicMoment(X0)) <=> moment(X0))),
  file('outputs/ufo/subsumptions/type_externallyDependentMode_subsumed_to_thing.in',ax_moment_taxonomy)).
fof(f849,plain,(
  spl59_53),
  inference(avatar_split_clause,[],[f510,f847])).
fof(f510,plain,(
  ( ! [X0] : (individual(X0) | ~concreteIndividual(X0)) )),
  inference(cnf_transformation,[],[f3])).
fof(f3,axiom,(
  ! [X0] : ((abstractIndividual(X0) | concreteIndividual(X0)) <=> individual(X0))),
  file('outputs/ufo/subsumptions/type_externallyDependentMode_subsumed_to_thing.in',ax_individual_taxonomy)).
fof(f845,plain,(
  spl59_52),
  inference(avatar_split_clause,[],[f508,f843])).
fof(f508,plain,(
  ( ! [X0] : (intrinsicMoment(X0) | ~mode(X0)) )),
  inference(cnf_transformation,[],[f22])).
fof(f22,axiom,(
  ! [X0] : ((mode(X0) | quality(X0)) <=> intrinsicMoment(X0))),
  file('outputs/ufo/subsumptions/type_externallyDependentMode_subsumed_to_thing.in',ax_intrinsicMoment_taxonomy)).
fof(f745,plain,(
  spl59_27),
  inference(avatar_split_clause,[],[f346,f743])).
fof(f346,plain,(
  ( ! [X0] : (~externallyDependentMode(X0) | mode(X0)) )),
  inference(cnf_transformation,[],[f237])).
fof(f237,plain,(
  ! [X0] : (mode(X0) | ~externallyDependentMode(X0))),
  inference(ennf_transformation,[],[f24])).
fof(f24,axiom,(
  ! [X0] : (externallyDependentMode(X0) => mode(X0))),
  file('outputs/ufo/subsumptions/type_externallyDependentMode_subsumed_to_thing.in',ax_mode_taxonomy_externallyDependentMode)).
fof(f645,plain,(
  spl59_2),
  inference(avatar_split_clause,[],[f305,f643])).
fof(f305,plain,(
  externallyDependentMode(xyz)),
  inference(cnf_transformation,[],[f132])).
fof(f132,axiom,(
  externallyDependentMode(xyz)),
  file('outputs/ufo/subsumptions/type_externallyDependentMode_subsumed_to_thing.in',axiom1)).
fof(f641,plain,(
  ~spl59_1),
  inference(avatar_split_clause,[],[f304,f639])).
fof(f304,plain,(
  ~thing(xyz)),
  inference(cnf_transformation,[],[f133])).
fof(f133,axiom,(
  ~thing(xyz)),
  file('outputs/ufo/subsumptions/type_externallyDependentMode_subsumed_to_thing.in',axiom2)).
% SZS output end Proof for type_externallyDependentMode_subsumed_to_thing
% ------------------------------
% Version: Vampire 4.7 (commit af7d05f97 on 2022-09-30 11:01:41 +0200)
% Termination reason: Refutation

% Memory used [KB]: 6140
% Time elapsed: 0.013 s
% ------------------------------
% ------------------------------
% Success in time 0.02 s
