% Running in auto input_syntax mode. Trying TPTP
% ott+11_3_aac=none:afr=on:afp=4000:afq=1.4:amm=off:anc=all:bs=unit_only:bsr=on:bce=on:fde=unused:irw=on:nm=64:newcnf=on:nwc=1:nicw=on:sac=on:sp=reverse_arity:uhcvi=on_31 on type_antiRigidSortal_subsumed_to_antiRigid for (31ds)
% Refutation found. Thanks to Tanya!
% SZS status Unsatisfiable for type_antiRigidSortal_subsumed_to_antiRigid
% SZS output start Proof for type_antiRigidSortal_subsumed_to_antiRigid
fof(f978,plain,(
  $false),
  inference(avatar_sat_refutation,[],[f642,f646,f834,f977])).
fof(f977,plain,(
  spl59_1 | ~spl59_2 | ~spl59_49),
  inference(avatar_contradiction_clause,[],[f976])).
fof(f976,plain,(
  $false | (spl59_1 | ~spl59_2 | ~spl59_49)),
  inference(subsumption_resolution,[],[f975,f641])).
fof(f641,plain,(
  ~antiRigid(xyz) | spl59_1),
  inference(avatar_component_clause,[],[f640])).
fof(f640,plain,(
  spl59_1 <=> antiRigid(xyz)),
  introduced(avatar_definition,[new_symbols(naming,[spl59_1])])).
fof(f975,plain,(
  antiRigid(xyz) | (~spl59_2 | ~spl59_49)),
  inference(resolution,[],[f833,f645])).
fof(f645,plain,(
  antiRigidSortal(xyz) | ~spl59_2),
  inference(avatar_component_clause,[],[f644])).
fof(f644,plain,(
  spl59_2 <=> antiRigidSortal(xyz)),
  introduced(avatar_definition,[new_symbols(naming,[spl59_2])])).
fof(f833,plain,(
  ( ! [X0] : (~antiRigidSortal(X0) | antiRigid(X0)) ) | ~spl59_49),
  inference(avatar_component_clause,[],[f832])).
fof(f832,plain,(
  spl59_49 <=> ! [X0] : (antiRigid(X0) | ~antiRigidSortal(X0))),
  introduced(avatar_definition,[new_symbols(naming,[spl59_49])])).
fof(f834,plain,(
  spl59_49),
  inference(avatar_split_clause,[],[f481,f832])).
fof(f481,plain,(
  ( ! [X0] : (antiRigid(X0) | ~antiRigidSortal(X0)) )),
  inference(cnf_transformation,[],[f166])).
fof(f166,plain,(
  ! [X0] : (antiRigidSortal(X0) <=> (sortal(X0) & antiRigid(X0)))),
  inference(rectify,[],[f64])).
fof(f64,axiom,(
  ! [X8] : (antiRigidSortal(X8) <=> (sortal(X8) & antiRigid(X8)))),
  file('outputs/ufo/subsumptions/type_antiRigidSortal_subsumed_to_antiRigid.in',ax_antiRigidSortalsAreAntiRigidAndSortal_xx)).
fof(f646,plain,(
  spl59_2),
  inference(avatar_split_clause,[],[f308,f644])).
fof(f308,plain,(
  antiRigidSortal(xyz)),
  inference(cnf_transformation,[],[f132])).
fof(f132,axiom,(
  antiRigidSortal(xyz)),
  file('outputs/ufo/subsumptions/type_antiRigidSortal_subsumed_to_antiRigid.in',axiom1)).
fof(f642,plain,(
  ~spl59_1),
  inference(avatar_split_clause,[],[f307,f640])).
fof(f307,plain,(
  ~antiRigid(xyz)),
  inference(cnf_transformation,[],[f133])).
fof(f133,axiom,(
  ~antiRigid(xyz)),
  file('outputs/ufo/subsumptions/type_antiRigidSortal_subsumed_to_antiRigid.in',axiom2)).
% SZS output end Proof for type_antiRigidSortal_subsumed_to_antiRigid
% ------------------------------
% Version: Vampire 4.7 (commit af7d05f97 on 2022-09-30 11:01:41 +0200)
% Termination reason: Refutation

% Memory used [KB]: 6140
% Time elapsed: 0.011 s
% ------------------------------
% ------------------------------
% Success in time 0.017 s
