% Running in auto input_syntax mode. Trying TPTP
% ott+11_3_aac=none:afr=on:afp=4000:afq=1.4:amm=off:anc=all:bs=unit_only:bsr=on:bce=on:fde=unused:irw=on:nm=64:newcnf=on:nwc=1:nicw=on:sac=on:sp=reverse_arity:uhcvi=on_31 on type_nonSortal_subsumed_to_endurantType for (31ds)
% Refutation found. Thanks to Tanya!
% SZS status Unsatisfiable for type_nonSortal_subsumed_to_endurantType
% SZS output start Proof for type_nonSortal_subsumed_to_endurantType
fof(f982,plain,(
  $false),
  inference(avatar_sat_refutation,[],[f642,f646,f902,f981])).
fof(f981,plain,(
  spl59_1 | ~spl59_2 | ~spl59_66),
  inference(avatar_contradiction_clause,[],[f980])).
fof(f980,plain,(
  $false | (spl59_1 | ~spl59_2 | ~spl59_66)),
  inference(subsumption_resolution,[],[f979,f641])).
fof(f641,plain,(
  ~endurantType(xyz) | spl59_1),
  inference(avatar_component_clause,[],[f640])).
fof(f640,plain,(
  spl59_1 <=> endurantType(xyz)),
  introduced(avatar_definition,[new_symbols(naming,[spl59_1])])).
fof(f979,plain,(
  endurantType(xyz) | (~spl59_2 | ~spl59_66)),
  inference(resolution,[],[f901,f645])).
fof(f645,plain,(
  nonSortal(xyz) | ~spl59_2),
  inference(avatar_component_clause,[],[f644])).
fof(f644,plain,(
  spl59_2 <=> nonSortal(xyz)),
  introduced(avatar_definition,[new_symbols(naming,[spl59_2])])).
fof(f901,plain,(
  ( ! [X0] : (~nonSortal(X0) | endurantType(X0)) ) | ~spl59_66),
  inference(avatar_component_clause,[],[f900])).
fof(f900,plain,(
  spl59_66 <=> ! [X0] : (endurantType(X0) | ~nonSortal(X0))),
  introduced(avatar_definition,[new_symbols(naming,[spl59_66])])).
fof(f902,plain,(
  spl59_66),
  inference(avatar_split_clause,[],[f535,f900])).
fof(f535,plain,(
  ( ! [X0] : (endurantType(X0) | ~nonSortal(X0)) )),
  inference(cnf_transformation,[],[f34])).
fof(f34,axiom,(
  ! [X0] : ((nonSortal(X0) | sortal(X0)) <=> endurantType(X0))),
  file('outputs/ufo/subsumptions/type_nonSortal_subsumed_to_endurantType.in',ax_endurantType_taxonomy_properties)).
fof(f646,plain,(
  spl59_2),
  inference(avatar_split_clause,[],[f308,f644])).
fof(f308,plain,(
  nonSortal(xyz)),
  inference(cnf_transformation,[],[f132])).
fof(f132,axiom,(
  nonSortal(xyz)),
  file('outputs/ufo/subsumptions/type_nonSortal_subsumed_to_endurantType.in',axiom1)).
fof(f642,plain,(
  ~spl59_1),
  inference(avatar_split_clause,[],[f307,f640])).
fof(f307,plain,(
  ~endurantType(xyz)),
  inference(cnf_transformation,[],[f133])).
fof(f133,axiom,(
  ~endurantType(xyz)),
  file('outputs/ufo/subsumptions/type_nonSortal_subsumed_to_endurantType.in',axiom2)).
% SZS output end Proof for type_nonSortal_subsumed_to_endurantType
% ------------------------------
% Version: Vampire 4.7 (commit af7d05f97 on 2022-09-30 11:01:41 +0200)
% Termination reason: Refutation

% Memory used [KB]: 6140
% Time elapsed: 0.012 s
% ------------------------------
% ------------------------------
% Success in time 0.019 s
