% Running in auto input_syntax mode. Trying TPTP
% ott+11_3_aac=none:afr=on:afp=4000:afq=1.4:amm=off:anc=all:bs=unit_only:bsr=on:bce=on:fde=unused:irw=on:nm=64:newcnf=on:nwc=1:nicw=on:sac=on:sp=reverse_arity:uhcvi=on_31 on type_intrinsicMomentType_subsumed_to_endurantType for (31ds)
% Refutation found. Thanks to Tanya!
% SZS status Unsatisfiable for type_intrinsicMomentType_subsumed_to_endurantType
% SZS output start Proof for type_intrinsicMomentType_subsumed_to_endurantType
fof(f986,plain,(
  $false),
  inference(avatar_sat_refutation,[],[f642,f646,f870,f914,f980,f985])).
fof(f985,plain,(
  spl59_1 | ~spl59_58 | ~spl59_85),
  inference(avatar_contradiction_clause,[],[f984])).
fof(f984,plain,(
  $false | (spl59_1 | ~spl59_58 | ~spl59_85)),
  inference(subsumption_resolution,[],[f981,f641])).
fof(f641,plain,(
  ~endurantType(xyz) | spl59_1),
  inference(avatar_component_clause,[],[f640])).
fof(f640,plain,(
  spl59_1 <=> endurantType(xyz)),
  introduced(avatar_definition,[new_symbols(naming,[spl59_1])])).
fof(f981,plain,(
  endurantType(xyz) | (~spl59_58 | ~spl59_85)),
  inference(resolution,[],[f979,f869])).
fof(f869,plain,(
  ( ! [X0] : (~momentType(X0) | endurantType(X0)) ) | ~spl59_58),
  inference(avatar_component_clause,[],[f868])).
fof(f868,plain,(
  spl59_58 <=> ! [X0] : (endurantType(X0) | ~momentType(X0))),
  introduced(avatar_definition,[new_symbols(naming,[spl59_58])])).
fof(f979,plain,(
  momentType(xyz) | ~spl59_85),
  inference(avatar_component_clause,[],[f978])).
fof(f978,plain,(
  spl59_85 <=> momentType(xyz)),
  introduced(avatar_definition,[new_symbols(naming,[spl59_85])])).
fof(f980,plain,(
  spl59_85 | ~spl59_2 | ~spl59_69),
  inference(avatar_split_clause,[],[f976,f912,f644,f978])).
fof(f644,plain,(
  spl59_2 <=> intrinsicMomentType(xyz)),
  introduced(avatar_definition,[new_symbols(naming,[spl59_2])])).
fof(f912,plain,(
  spl59_69 <=> ! [X0] : (momentType(X0) | ~intrinsicMomentType(X0))),
  introduced(avatar_definition,[new_symbols(naming,[spl59_69])])).
fof(f976,plain,(
  momentType(xyz) | (~spl59_2 | ~spl59_69)),
  inference(resolution,[],[f913,f645])).
fof(f645,plain,(
  intrinsicMomentType(xyz) | ~spl59_2),
  inference(avatar_component_clause,[],[f644])).
fof(f913,plain,(
  ( ! [X0] : (~intrinsicMomentType(X0) | momentType(X0)) ) | ~spl59_69),
  inference(avatar_component_clause,[],[f912])).
fof(f914,plain,(
  spl59_69),
  inference(avatar_split_clause,[],[f546,f912])).
fof(f546,plain,(
  ( ! [X0] : (momentType(X0) | ~intrinsicMomentType(X0)) )),
  inference(cnf_transformation,[],[f30])).
fof(f30,axiom,(
  ! [X0] : ((relatorType(X0) | intrinsicMomentType(X0)) <=> momentType(X0))),
  file('outputs/ufo/subsumptions/type_intrinsicMomentType_subsumed_to_endurantType.in',ax_momentType_taxonomy)).
fof(f870,plain,(
  spl59_58),
  inference(avatar_split_clause,[],[f523,f868])).
fof(f523,plain,(
  ( ! [X0] : (endurantType(X0) | ~momentType(X0)) )),
  inference(cnf_transformation,[],[f26])).
fof(f26,axiom,(
  ! [X0] : ((momentType(X0) | substantialType(X0)) <=> endurantType(X0))),
  file('outputs/ufo/subsumptions/type_intrinsicMomentType_subsumed_to_endurantType.in',ax_endurantType_taxonomy_nature)).
fof(f646,plain,(
  spl59_2),
  inference(avatar_split_clause,[],[f308,f644])).
fof(f308,plain,(
  intrinsicMomentType(xyz)),
  inference(cnf_transformation,[],[f132])).
fof(f132,axiom,(
  intrinsicMomentType(xyz)),
  file('outputs/ufo/subsumptions/type_intrinsicMomentType_subsumed_to_endurantType.in',axiom1)).
fof(f642,plain,(
  ~spl59_1),
  inference(avatar_split_clause,[],[f307,f640])).
fof(f307,plain,(
  ~endurantType(xyz)),
  inference(cnf_transformation,[],[f133])).
fof(f133,axiom,(
  ~endurantType(xyz)),
  file('outputs/ufo/subsumptions/type_intrinsicMomentType_subsumed_to_endurantType.in',axiom2)).
% SZS output end Proof for type_intrinsicMomentType_subsumed_to_endurantType
% ------------------------------
% Version: Vampire 4.7 (commit af7d05f97 on 2022-09-30 11:01:41 +0200)
% Termination reason: Refutation

% Memory used [KB]: 6140
% Time elapsed: 0.014 s
% ------------------------------
% ------------------------------
% Success in time 0.021 s
