% Running in auto input_syntax mode. Trying TPTP
% ott+11_3_aac=none:afr=on:afp=4000:afq=1.4:amm=off:anc=all:bs=unit_only:bsr=on:bce=on:fde=unused:irw=on:nm=64:newcnf=on:nwc=1:nicw=on:sac=on:sp=reverse_arity:uhcvi=on_31 on type_perdurantType_subsumed_to_thing for (31ds)
% Refutation found. Thanks to Tanya!
% SZS status Unsatisfiable for type_perdurantType_subsumed_to_thing
% SZS output start Proof for type_perdurantType_subsumed_to_thing
fof(f991,plain,(
  $false),
  inference(avatar_sat_refutation,[],[f642,f646,f758,f938,f987,f990])).
fof(f990,plain,(
  spl59_1 | ~spl59_75 | ~spl59_87),
  inference(avatar_contradiction_clause,[],[f989])).
fof(f989,plain,(
  $false | (spl59_1 | ~spl59_75 | ~spl59_87)),
  inference(subsumption_resolution,[],[f988,f986])).
fof(f986,plain,(
  type_(xyz) | ~spl59_87),
  inference(avatar_component_clause,[],[f985])).
fof(f985,plain,(
  spl59_87 <=> type_(xyz)),
  introduced(avatar_definition,[new_symbols(naming,[spl59_87])])).
fof(f988,plain,(
  ~type_(xyz) | (spl59_1 | ~spl59_75)),
  inference(resolution,[],[f937,f641])).
fof(f641,plain,(
  ~thing(xyz) | spl59_1),
  inference(avatar_component_clause,[],[f640])).
fof(f640,plain,(
  spl59_1 <=> thing(xyz)),
  introduced(avatar_definition,[new_symbols(naming,[spl59_1])])).
fof(f937,plain,(
  ( ! [X0] : (thing(X0) | ~type_(X0)) ) | ~spl59_75),
  inference(avatar_component_clause,[],[f936])).
fof(f936,plain,(
  spl59_75 <=> ! [X0] : (thing(X0) | ~type_(X0))),
  introduced(avatar_definition,[new_symbols(naming,[spl59_75])])).
fof(f987,plain,(
  spl59_87 | ~spl59_2 | ~spl59_30),
  inference(avatar_split_clause,[],[f983,f756,f644,f985])).
fof(f644,plain,(
  spl59_2 <=> perdurantType(xyz)),
  introduced(avatar_definition,[new_symbols(naming,[spl59_2])])).
fof(f756,plain,(
  spl59_30 <=> ! [X0] : (~perdurantType(X0) | type_(X0))),
  introduced(avatar_definition,[new_symbols(naming,[spl59_30])])).
fof(f983,plain,(
  type_(xyz) | (~spl59_2 | ~spl59_30)),
  inference(resolution,[],[f757,f645])).
fof(f645,plain,(
  perdurantType(xyz) | ~spl59_2),
  inference(avatar_component_clause,[],[f644])).
fof(f757,plain,(
  ( ! [X0] : (~perdurantType(X0) | type_(X0)) ) | ~spl59_30),
  inference(avatar_component_clause,[],[f756])).
fof(f938,plain,(
  spl59_75),
  inference(avatar_split_clause,[],[f553,f936])).
fof(f553,plain,(
  ( ! [X0] : (thing(X0) | ~type_(X0)) )),
  inference(cnf_transformation,[],[f1])).
fof(f1,axiom,(
  ! [X0] : ((individual(X0) | type_(X0)) <=> thing(X0))),
  file('outputs/ufo/subsumptions/type_perdurantType_subsumed_to_thing.in',ax_thing_taxonomy)).
fof(f758,plain,(
  spl59_30),
  inference(avatar_split_clause,[],[f352,f756])).
fof(f352,plain,(
  ( ! [X0] : (~perdurantType(X0) | type_(X0)) )),
  inference(cnf_transformation,[],[f240])).
fof(f240,plain,(
  ! [X0] : (type_(X0) | (~perdurantType(X0) & ~endurantType(X0)))),
  inference(ennf_transformation,[],[f7])).
fof(f7,axiom,(
  ! [X0] : ((perdurantType(X0) | endurantType(X0)) => type_(X0))),
  file('outputs/ufo/subsumptions/type_perdurantType_subsumed_to_thing.in',ax_type_taxonomy)).
fof(f646,plain,(
  spl59_2),
  inference(avatar_split_clause,[],[f304,f644])).
fof(f304,plain,(
  perdurantType(xyz)),
  inference(cnf_transformation,[],[f132])).
fof(f132,axiom,(
  perdurantType(xyz)),
  file('outputs/ufo/subsumptions/type_perdurantType_subsumed_to_thing.in',axiom1)).
fof(f642,plain,(
  ~spl59_1),
  inference(avatar_split_clause,[],[f303,f640])).
fof(f303,plain,(
  ~thing(xyz)),
  inference(cnf_transformation,[],[f133])).
fof(f133,axiom,(
  ~thing(xyz)),
  file('outputs/ufo/subsumptions/type_perdurantType_subsumed_to_thing.in',axiom2)).
% SZS output end Proof for type_perdurantType_subsumed_to_thing
% ------------------------------
% Version: Vampire 4.7 (commit af7d05f97 on 2022-09-30 11:01:41 +0200)
% Termination reason: Refutation

% Memory used [KB]: 6140
% Time elapsed: 0.011 s
% ------------------------------
% ------------------------------
% Success in time 0.018 s
