% Running in auto input_syntax mode. Trying TPTP
% ott+11_3_aac=none:afr=on:afp=4000:afq=1.4:amm=off:anc=all:bs=unit_only:bsr=on:bce=on:fde=unused:irw=on:nm=64:newcnf=on:nwc=1:nicw=on:sac=on:sp=reverse_arity:uhcvi=on_31 on type_mixin_subsumed_to_semiRigidNonSortal for (31ds)
% Refutation found. Thanks to Tanya!
% SZS status Unsatisfiable for type_mixin_subsumed_to_semiRigidNonSortal
% SZS output start Proof for type_mixin_subsumed_to_semiRigidNonSortal
fof(f990,plain,(
  $false),
  inference(avatar_sat_refutation,[],[f642,f646,f838,f989])).
fof(f989,plain,(
  spl59_1 | ~spl59_2 | ~spl59_50),
  inference(avatar_contradiction_clause,[],[f988])).
fof(f988,plain,(
  $false | (spl59_1 | ~spl59_2 | ~spl59_50)),
  inference(subsumption_resolution,[],[f987,f641])).
fof(f641,plain,(
  ~semiRigidNonSortal(xyz) | spl59_1),
  inference(avatar_component_clause,[],[f640])).
fof(f640,plain,(
  spl59_1 <=> semiRigidNonSortal(xyz)),
  introduced(avatar_definition,[new_symbols(naming,[spl59_1])])).
fof(f987,plain,(
  semiRigidNonSortal(xyz) | (~spl59_2 | ~spl59_50)),
  inference(resolution,[],[f837,f645])).
fof(f645,plain,(
  mixin(xyz) | ~spl59_2),
  inference(avatar_component_clause,[],[f644])).
fof(f644,plain,(
  spl59_2 <=> mixin(xyz)),
  introduced(avatar_definition,[new_symbols(naming,[spl59_2])])).
fof(f837,plain,(
  ( ! [X0] : (~mixin(X0) | semiRigidNonSortal(X0)) ) | ~spl59_50),
  inference(avatar_component_clause,[],[f836])).
fof(f836,plain,(
  spl59_50 <=> ! [X0] : (~mixin(X0) | semiRigidNonSortal(X0))),
  introduced(avatar_definition,[new_symbols(naming,[spl59_50])])).
fof(f838,plain,(
  spl59_50),
  inference(avatar_split_clause,[],[f442,f836])).
fof(f442,plain,(
  ( ! [X0] : (~mixin(X0) | semiRigidNonSortal(X0)) )),
  inference(cnf_transformation,[],[f45])).
fof(f45,axiom,(
  ! [X0] : (semiRigidNonSortal(X0) <=> mixin(X0))),
  file('outputs/ufo/subsumptions/type_mixin_subsumed_to_semiRigidNonSortal.in',ax_semiRigidNonSortal_taxonomy)).
fof(f646,plain,(
  spl59_2),
  inference(avatar_split_clause,[],[f308,f644])).
fof(f308,plain,(
  mixin(xyz)),
  inference(cnf_transformation,[],[f132])).
fof(f132,axiom,(
  mixin(xyz)),
  file('outputs/ufo/subsumptions/type_mixin_subsumed_to_semiRigidNonSortal.in',axiom1)).
fof(f642,plain,(
  ~spl59_1),
  inference(avatar_split_clause,[],[f307,f640])).
fof(f307,plain,(
  ~semiRigidNonSortal(xyz)),
  inference(cnf_transformation,[],[f133])).
fof(f133,axiom,(
  ~semiRigidNonSortal(xyz)),
  file('outputs/ufo/subsumptions/type_mixin_subsumed_to_semiRigidNonSortal.in',axiom2)).
% SZS output end Proof for type_mixin_subsumed_to_semiRigidNonSortal
% ------------------------------
% Version: Vampire 4.7 (commit af7d05f97 on 2022-09-30 11:01:41 +0200)
% Termination reason: Refutation

% Memory used [KB]: 6140
% Time elapsed: 0.012 s
% ------------------------------
% ------------------------------
% Success in time 0.019 s
