% Running in auto input_syntax mode. Trying TPTP
% ott+11_3_aac=none:afr=on:afp=4000:afq=1.4:amm=off:anc=all:bs=unit_only:bsr=on:bce=on:fde=unused:irw=on:nm=64:newcnf=on:nwc=1:nicw=on:sac=on:sp=reverse_arity:uhcvi=on_31 on type_antiRigidNonSortal_subsumed_to_antiRigid for (31ds)
% Refutation found. Thanks to Tanya!
% SZS status Unsatisfiable for type_antiRigidNonSortal_subsumed_to_antiRigid
% SZS output start Proof for type_antiRigidNonSortal_subsumed_to_antiRigid
fof(f986,plain,(
  $false),
  inference(avatar_sat_refutation,[],[f642,f646,f842,f985])).
fof(f985,plain,(
  spl59_1 | ~spl59_2 | ~spl59_51),
  inference(avatar_contradiction_clause,[],[f984])).
fof(f984,plain,(
  $false | (spl59_1 | ~spl59_2 | ~spl59_51)),
  inference(subsumption_resolution,[],[f983,f641])).
fof(f641,plain,(
  ~antiRigid(xyz) | spl59_1),
  inference(avatar_component_clause,[],[f640])).
fof(f640,plain,(
  spl59_1 <=> antiRigid(xyz)),
  introduced(avatar_definition,[new_symbols(naming,[spl59_1])])).
fof(f983,plain,(
  antiRigid(xyz) | (~spl59_2 | ~spl59_51)),
  inference(resolution,[],[f841,f645])).
fof(f645,plain,(
  antiRigidNonSortal(xyz) | ~spl59_2),
  inference(avatar_component_clause,[],[f644])).
fof(f644,plain,(
  spl59_2 <=> antiRigidNonSortal(xyz)),
  introduced(avatar_definition,[new_symbols(naming,[spl59_2])])).
fof(f841,plain,(
  ( ! [X0] : (~antiRigidNonSortal(X0) | antiRigid(X0)) ) | ~spl59_51),
  inference(avatar_component_clause,[],[f840])).
fof(f840,plain,(
  spl59_51 <=> ! [X0] : (antiRigid(X0) | ~antiRigidNonSortal(X0))),
  introduced(avatar_definition,[new_symbols(naming,[spl59_51])])).
fof(f842,plain,(
  spl59_51),
  inference(avatar_split_clause,[],[f488,f840])).
fof(f488,plain,(
  ( ! [X0] : (antiRigid(X0) | ~antiRigidNonSortal(X0)) )),
  inference(cnf_transformation,[],[f167])).
fof(f167,plain,(
  ! [X0] : (antiRigidNonSortal(X0) <=> (nonSortal(X0) & antiRigid(X0)))),
  inference(rectify,[],[f66])).
fof(f66,axiom,(
  ! [X8] : (antiRigidNonSortal(X8) <=> (nonSortal(X8) & antiRigid(X8)))),
  file('outputs/ufo/subsumptions/type_antiRigidNonSortal_subsumed_to_antiRigid.in',ax_antiRigidNonSortalsAreAntiRigidAndNonSortal_xx)).
fof(f646,plain,(
  spl59_2),
  inference(avatar_split_clause,[],[f308,f644])).
fof(f308,plain,(
  antiRigidNonSortal(xyz)),
  inference(cnf_transformation,[],[f132])).
fof(f132,axiom,(
  antiRigidNonSortal(xyz)),
  file('outputs/ufo/subsumptions/type_antiRigidNonSortal_subsumed_to_antiRigid.in',axiom1)).
fof(f642,plain,(
  ~spl59_1),
  inference(avatar_split_clause,[],[f307,f640])).
fof(f307,plain,(
  ~antiRigid(xyz)),
  inference(cnf_transformation,[],[f133])).
fof(f133,axiom,(
  ~antiRigid(xyz)),
  file('outputs/ufo/subsumptions/type_antiRigidNonSortal_subsumed_to_antiRigid.in',axiom2)).
% SZS output end Proof for type_antiRigidNonSortal_subsumed_to_antiRigid
% ------------------------------
% Version: Vampire 4.7 (commit af7d05f97 on 2022-09-30 11:01:41 +0200)
% Termination reason: Refutation

% Memory used [KB]: 6140
% Time elapsed: 0.015 s
% ------------------------------
% ------------------------------
% Success in time 0.022 s
