% Running in auto input_syntax mode. Trying TPTP
% ott+11_3_aac=none:afr=on:afp=4000:afq=1.4:amm=off:anc=all:bs=unit_only:bsr=on:bce=on:fde=unused:irw=on:nm=64:newcnf=on:nwc=1:nicw=on:sac=on:sp=reverse_arity:uhcvi=on_31 on type_semiRigid_subsumed_to_endurantType for (31ds)
% Refutation found. Thanks to Tanya!
% SZS status Unsatisfiable for type_semiRigid_subsumed_to_endurantType
% SZS output start Proof for type_semiRigid_subsumed_to_endurantType
fof(f975,plain,(
  $false),
  inference(avatar_sat_refutation,[],[f642,f646,f826,f974])).
fof(f974,plain,(
  spl59_1 | ~spl59_2 | ~spl59_47),
  inference(avatar_contradiction_clause,[],[f973])).
fof(f973,plain,(
  $false | (spl59_1 | ~spl59_2 | ~spl59_47)),
  inference(subsumption_resolution,[],[f971,f641])).
fof(f641,plain,(
  ~endurantType(xyz) | spl59_1),
  inference(avatar_component_clause,[],[f640])).
fof(f640,plain,(
  spl59_1 <=> endurantType(xyz)),
  introduced(avatar_definition,[new_symbols(naming,[spl59_1])])).
fof(f971,plain,(
  endurantType(xyz) | (~spl59_2 | ~spl59_47)),
  inference(resolution,[],[f825,f645])).
fof(f645,plain,(
  semiRigid(xyz) | ~spl59_2),
  inference(avatar_component_clause,[],[f644])).
fof(f644,plain,(
  spl59_2 <=> semiRigid(xyz)),
  introduced(avatar_definition,[new_symbols(naming,[spl59_2])])).
fof(f825,plain,(
  ( ! [X0] : (~semiRigid(X0) | endurantType(X0)) ) | ~spl59_47),
  inference(avatar_component_clause,[],[f824])).
fof(f824,plain,(
  spl59_47 <=> ! [X0] : (endurantType(X0) | ~semiRigid(X0))),
  introduced(avatar_definition,[new_symbols(naming,[spl59_47])])).
fof(f826,plain,(
  spl59_47),
  inference(avatar_split_clause,[],[f480,f824])).
fof(f480,plain,(
  ( ! [X0] : (endurantType(X0) | ~semiRigid(X0)) )),
  inference(cnf_transformation,[],[f166])).
fof(f166,plain,(
  ! [X0] : (semiRigid(X0) <=> (~antiRigid(X0) & ~rigid(X0) & endurantType(X0)))),
  inference(rectify,[],[f59])).
fof(f59,axiom,(
  ! [X8] : (semiRigid(X8) <=> (~antiRigid(X8) & ~rigid(X8) & endurantType(X8)))),
  file('outputs/ufo/subsumptions/type_semiRigid_subsumed_to_endurantType.in',ax_dSemiRigid_a20)).
fof(f646,plain,(
  spl59_2),
  inference(avatar_split_clause,[],[f308,f644])).
fof(f308,plain,(
  semiRigid(xyz)),
  inference(cnf_transformation,[],[f132])).
fof(f132,axiom,(
  semiRigid(xyz)),
  file('outputs/ufo/subsumptions/type_semiRigid_subsumed_to_endurantType.in',axiom1)).
fof(f642,plain,(
  ~spl59_1),
  inference(avatar_split_clause,[],[f307,f640])).
fof(f307,plain,(
  ~endurantType(xyz)),
  inference(cnf_transformation,[],[f133])).
fof(f133,axiom,(
  ~endurantType(xyz)),
  file('outputs/ufo/subsumptions/type_semiRigid_subsumed_to_endurantType.in',axiom2)).
% SZS output end Proof for type_semiRigid_subsumed_to_endurantType
% ------------------------------
% Version: Vampire 4.7 (commit af7d05f97 on 2022-09-30 11:01:41 +0200)
% Termination reason: Refutation

% Memory used [KB]: 6140
% Time elapsed: 0.014 s
% ------------------------------
% ------------------------------
% Success in time 0.021 s
