% Running in auto input_syntax mode. Trying TPTP
% ott+11_3_aac=none:afr=on:afp=4000:afq=1.4:amm=off:anc=all:bs=unit_only:bsr=on:bce=on:fde=unused:irw=on:nm=64:newcnf=on:nwc=1:nicw=on:sac=on:sp=reverse_arity:uhcvi=on_31 on type_quantity_subsumed_to_concreteIndividual for (31ds)
% Refutation found. Thanks to Tanya!
% SZS status Unsatisfiable for type_quantity_subsumed_to_concreteIndividual
% SZS output start Proof for type_quantity_subsumed_to_concreteIndividual
fof(f984,plain,(
  $false),
  inference(avatar_sat_refutation,[],[f642,f646,f874,f898,f926,f975,f980,f983])).
fof(f983,plain,(
  spl59_1 | ~spl59_72 | ~spl59_85),
  inference(avatar_contradiction_clause,[],[f982])).
fof(f982,plain,(
  $false | (spl59_1 | ~spl59_72 | ~spl59_85)),
  inference(subsumption_resolution,[],[f981,f641])).
fof(f641,plain,(
  ~concreteIndividual(xyz) | spl59_1),
  inference(avatar_component_clause,[],[f640])).
fof(f640,plain,(
  spl59_1 <=> concreteIndividual(xyz)),
  introduced(avatar_definition,[new_symbols(naming,[spl59_1])])).
fof(f981,plain,(
  concreteIndividual(xyz) | (~spl59_72 | ~spl59_85)),
  inference(resolution,[],[f925,f979])).
fof(f979,plain,(
  endurant(xyz) | ~spl59_85),
  inference(avatar_component_clause,[],[f978])).
fof(f978,plain,(
  spl59_85 <=> endurant(xyz)),
  introduced(avatar_definition,[new_symbols(naming,[spl59_85])])).
fof(f925,plain,(
  ( ! [X0] : (~endurant(X0) | concreteIndividual(X0)) ) | ~spl59_72),
  inference(avatar_component_clause,[],[f924])).
fof(f924,plain,(
  spl59_72 <=> ! [X0] : (concreteIndividual(X0) | ~endurant(X0))),
  introduced(avatar_definition,[new_symbols(naming,[spl59_72])])).
fof(f980,plain,(
  spl59_85 | ~spl59_59 | ~spl59_84),
  inference(avatar_split_clause,[],[f976,f973,f872,f978])).
fof(f872,plain,(
  spl59_59 <=> ! [X0] : (endurant(X0) | ~substantial(X0))),
  introduced(avatar_definition,[new_symbols(naming,[spl59_59])])).
fof(f973,plain,(
  spl59_84 <=> substantial(xyz)),
  introduced(avatar_definition,[new_symbols(naming,[spl59_84])])).
fof(f976,plain,(
  endurant(xyz) | (~spl59_59 | ~spl59_84)),
  inference(resolution,[],[f974,f873])).
fof(f873,plain,(
  ( ! [X0] : (~substantial(X0) | endurant(X0)) ) | ~spl59_59),
  inference(avatar_component_clause,[],[f872])).
fof(f974,plain,(
  substantial(xyz) | ~spl59_84),
  inference(avatar_component_clause,[],[f973])).
fof(f975,plain,(
  spl59_84 | ~spl59_2 | ~spl59_65),
  inference(avatar_split_clause,[],[f971,f896,f644,f973])).
fof(f644,plain,(
  spl59_2 <=> quantity(xyz)),
  introduced(avatar_definition,[new_symbols(naming,[spl59_2])])).
fof(f896,plain,(
  spl59_65 <=> ! [X0] : (substantial(X0) | ~quantity(X0))),
  introduced(avatar_definition,[new_symbols(naming,[spl59_65])])).
fof(f971,plain,(
  substantial(xyz) | (~spl59_2 | ~spl59_65)),
  inference(resolution,[],[f897,f645])).
fof(f645,plain,(
  quantity(xyz) | ~spl59_2),
  inference(avatar_component_clause,[],[f644])).
fof(f897,plain,(
  ( ! [X0] : (~quantity(X0) | substantial(X0)) ) | ~spl59_65),
  inference(avatar_component_clause,[],[f896])).
fof(f926,plain,(
  spl59_72),
  inference(avatar_split_clause,[],[f552,f924])).
fof(f552,plain,(
  ( ! [X0] : (concreteIndividual(X0) | ~endurant(X0)) )),
  inference(cnf_transformation,[],[f5])).
fof(f5,axiom,(
  ! [X0] : ((perdurant(X0) | endurant(X0)) <=> concreteIndividual(X0))),
  file('outputs/ufo/subsumptions/type_quantity_subsumed_to_concreteIndividual.in',ax_concreteIndividual_taxonomy)).
fof(f898,plain,(
  spl59_65),
  inference(avatar_split_clause,[],[f536,f896])).
fof(f536,plain,(
  ( ! [X0] : (substantial(X0) | ~quantity(X0)) )),
  inference(cnf_transformation,[],[f18])).
fof(f18,axiom,(
  ! [X0] : ((quantity(X0) | collective(X0) | object(X0)) <=> substantial(X0))),
  file('outputs/ufo/subsumptions/type_quantity_subsumed_to_concreteIndividual.in',ax_substantial_taxonomy)).
fof(f874,plain,(
  spl59_59),
  inference(avatar_split_clause,[],[f525,f872])).
fof(f525,plain,(
  ( ! [X0] : (endurant(X0) | ~substantial(X0)) )),
  inference(cnf_transformation,[],[f16])).
fof(f16,axiom,(
  ! [X0] : ((moment(X0) | substantial(X0)) <=> endurant(X0))),
  file('outputs/ufo/subsumptions/type_quantity_subsumed_to_concreteIndividual.in',ax_endurant_taxonomy)).
fof(f646,plain,(
  spl59_2),
  inference(avatar_split_clause,[],[f308,f644])).
fof(f308,plain,(
  quantity(xyz)),
  inference(cnf_transformation,[],[f132])).
fof(f132,axiom,(
  quantity(xyz)),
  file('outputs/ufo/subsumptions/type_quantity_subsumed_to_concreteIndividual.in',axiom1)).
fof(f642,plain,(
  ~spl59_1),
  inference(avatar_split_clause,[],[f307,f640])).
fof(f307,plain,(
  ~concreteIndividual(xyz)),
  inference(cnf_transformation,[],[f133])).
fof(f133,axiom,(
  ~concreteIndividual(xyz)),
  file('outputs/ufo/subsumptions/type_quantity_subsumed_to_concreteIndividual.in',axiom2)).
% SZS output end Proof for type_quantity_subsumed_to_concreteIndividual
% ------------------------------
% Version: Vampire 4.7 (commit af7d05f97 on 2022-09-30 11:01:41 +0200)
% Termination reason: Refutation

% Memory used [KB]: 6140
% Time elapsed: 0.011 s
% ------------------------------
% ------------------------------
% Success in time 0.017 s
