% Running in auto input_syntax mode. Trying TPTP
% ott+11_3_aac=none:afr=on:afp=4000:afq=1.4:amm=off:anc=all:bs=unit_only:bsr=on:bce=on:fde=unused:irw=on:nm=64:newcnf=on:nwc=1:nicw=on:sac=on:sp=reverse_arity:uhcvi=on_31 on type_kind_subsumed_to_thing for (31ds)
% Refutation found. Thanks to Tanya!
% SZS status Unsatisfiable for type_kind_subsumed_to_thing
% SZS output start Proof for type_kind_subsumed_to_thing
fof(f1007,plain,(
  $false),
  inference(avatar_sat_refutation,[],[f641,f645,f753,f785,f805,f921,f933,f982,f988,f998,f1003,f1006])).
fof(f1006,plain,(
  spl59_1 | ~spl59_74 | ~spl59_90),
  inference(avatar_contradiction_clause,[],[f1005])).
fof(f1005,plain,(
  $false | (spl59_1 | ~spl59_74 | ~spl59_90)),
  inference(subsumption_resolution,[],[f1004,f640])).
fof(f640,plain,(
  ~thing(xyz) | spl59_1),
  inference(avatar_component_clause,[],[f639])).
fof(f639,plain,(
  spl59_1 <=> thing(xyz)),
  introduced(avatar_definition,[new_symbols(naming,[spl59_1])])).
fof(f1004,plain,(
  thing(xyz) | (~spl59_74 | ~spl59_90)),
  inference(resolution,[],[f1002,f932])).
fof(f932,plain,(
  ( ! [X0] : (~type_(X0) | thing(X0)) ) | ~spl59_74),
  inference(avatar_component_clause,[],[f931])).
fof(f931,plain,(
  spl59_74 <=> ! [X0] : (thing(X0) | ~type_(X0))),
  introduced(avatar_definition,[new_symbols(naming,[spl59_74])])).
fof(f1002,plain,(
  type_(xyz) | ~spl59_90),
  inference(avatar_component_clause,[],[f1001])).
fof(f1001,plain,(
  spl59_90 <=> type_(xyz)),
  introduced(avatar_definition,[new_symbols(naming,[spl59_90])])).
fof(f1003,plain,(
  spl59_90 | ~spl59_29 | ~spl59_89),
  inference(avatar_split_clause,[],[f999,f996,f751,f1001])).
fof(f751,plain,(
  spl59_29 <=> ! [X0] : (~endurantType(X0) | type_(X0))),
  introduced(avatar_definition,[new_symbols(naming,[spl59_29])])).
fof(f996,plain,(
  spl59_89 <=> endurantType(xyz)),
  introduced(avatar_definition,[new_symbols(naming,[spl59_89])])).
fof(f999,plain,(
  type_(xyz) | (~spl59_29 | ~spl59_89)),
  inference(resolution,[],[f997,f752])).
fof(f752,plain,(
  ( ! [X0] : (~endurantType(X0) | type_(X0)) ) | ~spl59_29),
  inference(avatar_component_clause,[],[f751])).
fof(f997,plain,(
  endurantType(xyz) | ~spl59_89),
  inference(avatar_component_clause,[],[f996])).
fof(f998,plain,(
  spl59_89 | ~spl59_42 | ~spl59_87),
  inference(avatar_split_clause,[],[f989,f986,f803,f996])).
fof(f803,plain,(
  spl59_42 <=> ! [X0] : (endurantType(X0) | ~sortal(X0))),
  introduced(avatar_definition,[new_symbols(naming,[spl59_42])])).
fof(f986,plain,(
  spl59_87 <=> sortal(xyz)),
  introduced(avatar_definition,[new_symbols(naming,[spl59_87])])).
fof(f989,plain,(
  endurantType(xyz) | (~spl59_42 | ~spl59_87)),
  inference(resolution,[],[f987,f804])).
fof(f804,plain,(
  ( ! [X0] : (~sortal(X0) | endurantType(X0)) ) | ~spl59_42),
  inference(avatar_component_clause,[],[f803])).
fof(f987,plain,(
  sortal(xyz) | ~spl59_87),
  inference(avatar_component_clause,[],[f986])).
fof(f988,plain,(
  spl59_87 | ~spl59_37 | ~spl59_86),
  inference(avatar_split_clause,[],[f983,f980,f783,f986])).
fof(f783,plain,(
  spl59_37 <=> ! [X0] : (sortal(X0) | ~rigidSortal(X0))),
  introduced(avatar_definition,[new_symbols(naming,[spl59_37])])).
fof(f980,plain,(
  spl59_86 <=> rigidSortal(xyz)),
  introduced(avatar_definition,[new_symbols(naming,[spl59_86])])).
fof(f983,plain,(
  sortal(xyz) | (~spl59_37 | ~spl59_86)),
  inference(resolution,[],[f981,f784])).
fof(f784,plain,(
  ( ! [X0] : (~rigidSortal(X0) | sortal(X0)) ) | ~spl59_37),
  inference(avatar_component_clause,[],[f783])).
fof(f981,plain,(
  rigidSortal(xyz) | ~spl59_86),
  inference(avatar_component_clause,[],[f980])).
fof(f982,plain,(
  spl59_86 | ~spl59_2 | ~spl59_71),
  inference(avatar_split_clause,[],[f978,f919,f643,f980])).
fof(f643,plain,(
  spl59_2 <=> kind(xyz)),
  introduced(avatar_definition,[new_symbols(naming,[spl59_2])])).
fof(f919,plain,(
  spl59_71 <=> ! [X0] : (rigidSortal(X0) | ~kind(X0))),
  introduced(avatar_definition,[new_symbols(naming,[spl59_71])])).
fof(f978,plain,(
  rigidSortal(xyz) | (~spl59_2 | ~spl59_71)),
  inference(resolution,[],[f920,f644])).
fof(f644,plain,(
  kind(xyz) | ~spl59_2),
  inference(avatar_component_clause,[],[f643])).
fof(f920,plain,(
  ( ! [X0] : (~kind(X0) | rigidSortal(X0)) ) | ~spl59_71),
  inference(avatar_component_clause,[],[f919])).
fof(f933,plain,(
  spl59_74),
  inference(avatar_split_clause,[],[f552,f931])).
fof(f552,plain,(
  ( ! [X0] : (thing(X0) | ~type_(X0)) )),
  inference(cnf_transformation,[],[f1])).
fof(f1,axiom,(
  ! [X0] : ((individual(X0) | type_(X0)) <=> thing(X0))),
  file('outputs/ufo/subsumptions/type_kind_subsumed_to_thing.in',ax_thing_taxonomy)).
fof(f921,plain,(
  spl59_71),
  inference(avatar_split_clause,[],[f546,f919])).
fof(f546,plain,(
  ( ! [X0] : (rigidSortal(X0) | ~kind(X0)) )),
  inference(cnf_transformation,[],[f38])).
fof(f38,axiom,(
  ! [X0] : ((subkind(X0) | kind(X0)) <=> rigidSortal(X0))),
  file('outputs/ufo/subsumptions/type_kind_subsumed_to_thing.in',ax_rigidSortal_taxonomy)).
fof(f805,plain,(
  spl59_42),
  inference(avatar_split_clause,[],[f407,f803])).
fof(f407,plain,(
  ( ! [X0] : (endurantType(X0) | ~sortal(X0)) )),
  inference(cnf_transformation,[],[f157])).
fof(f157,plain,(
  ! [X0] : (sortal(X0) <=> (? [X1] : (specializes(X0,X1) & kind(X1)) & endurantType(X0)))),
  inference(rectify,[],[f62])).
fof(f62,axiom,(
  ! [X13] : (sortal(X13) <=> (? [X11] : (specializes(X13,X11) & kind(X11)) & endurantType(X13)))),
  file('outputs/ufo/subsumptions/type_kind_subsumed_to_thing.in',ax_dSortal_a23)).
fof(f785,plain,(
  spl59_37),
  inference(avatar_split_clause,[],[f374,f783])).
fof(f374,plain,(
  ( ! [X0] : (sortal(X0) | ~rigidSortal(X0)) )),
  inference(cnf_transformation,[],[f150])).
fof(f150,plain,(
  ! [X0] : (rigidSortal(X0) <=> (sortal(X0) & rigid(X0)))),
  inference(rectify,[],[f63])).
fof(f63,axiom,(
  ! [X8] : (rigidSortal(X8) <=> (sortal(X8) & rigid(X8)))),
  file('outputs/ufo/subsumptions/type_kind_subsumed_to_thing.in',ax_rigidSortalsAreRigidAndSortal_xx)).
fof(f753,plain,(
  spl59_29),
  inference(avatar_split_clause,[],[f352,f751])).
fof(f352,plain,(
  ( ! [X0] : (~endurantType(X0) | type_(X0)) )),
  inference(cnf_transformation,[],[f241])).
fof(f241,plain,(
  ! [X0] : (type_(X0) | (~perdurantType(X0) & ~endurantType(X0)))),
  inference(ennf_transformation,[],[f7])).
fof(f7,axiom,(
  ! [X0] : ((perdurantType(X0) | endurantType(X0)) => type_(X0))),
  file('outputs/ufo/subsumptions/type_kind_subsumed_to_thing.in',ax_type_taxonomy)).
fof(f645,plain,(
  spl59_2),
  inference(avatar_split_clause,[],[f305,f643])).
fof(f305,plain,(
  kind(xyz)),
  inference(cnf_transformation,[],[f132])).
fof(f132,axiom,(
  kind(xyz)),
  file('outputs/ufo/subsumptions/type_kind_subsumed_to_thing.in',axiom1)).
fof(f641,plain,(
  ~spl59_1),
  inference(avatar_split_clause,[],[f304,f639])).
fof(f304,plain,(
  ~thing(xyz)),
  inference(cnf_transformation,[],[f133])).
fof(f133,axiom,(
  ~thing(xyz)),
  file('outputs/ufo/subsumptions/type_kind_subsumed_to_thing.in',axiom2)).
% SZS output end Proof for type_kind_subsumed_to_thing
% ------------------------------
% Version: Vampire 4.7 (commit af7d05f97 on 2022-09-30 11:01:41 +0200)
% Termination reason: Refutation

% Memory used [KB]: 6140
% Time elapsed: 0.011 s
% ------------------------------
% ------------------------------
% Success in time 0.019 s
