% Running in auto input_syntax mode. Trying TPTP
% ott+11_3_aac=none:afr=on:afp=4000:afq=1.4:amm=off:anc=all:bs=unit_only:bsr=on:bce=on:fde=unused:irw=on:nm=64:newcnf=on:nwc=1:nicw=on:sac=on:sp=reverse_arity:uhcvi=on_31 on type_as_subsumed_to_pt for (31ds)
% Refutation found. Thanks to Tanya!
% SZS status Unsatisfiable for type_as_subsumed_to_pt
% SZS output start Proof for type_as_subsumed_to_pt
fof(f899,plain,(
  $false),
  inference(avatar_sat_refutation,[],[f673,f677,f785,f825,f890,f898])).
fof(f898,plain,(
  spl18_1 | ~spl18_39 | ~spl18_55),
  inference(avatar_contradiction_clause,[],[f897])).
fof(f897,plain,(
  $false | (spl18_1 | ~spl18_39 | ~spl18_55)),
  inference(subsumption_resolution,[],[f896,f889])).
fof(f889,plain,(
  ed(xyz) | ~spl18_55),
  inference(avatar_component_clause,[],[f888])).
fof(f888,plain,(
  spl18_55 <=> ed(xyz)),
  introduced(avatar_definition,[new_symbols(naming,[spl18_55])])).
fof(f896,plain,(
  ~ed(xyz) | (spl18_1 | ~spl18_39)),
  inference(resolution,[],[f824,f672])).
fof(f672,plain,(
  ~pt(xyz) | spl18_1),
  inference(avatar_component_clause,[],[f671])).
fof(f671,plain,(
  spl18_1 <=> pt(xyz)),
  introduced(avatar_definition,[new_symbols(naming,[spl18_1])])).
fof(f824,plain,(
  ( ! [X0] : (pt(X0) | ~ed(X0)) ) | ~spl18_39),
  inference(avatar_component_clause,[],[f823])).
fof(f823,plain,(
  spl18_39 <=> ! [X0] : (~ed(X0) | pt(X0))),
  introduced(avatar_definition,[new_symbols(naming,[spl18_39])])).
fof(f890,plain,(
  spl18_55 | ~spl18_2 | ~spl18_29),
  inference(avatar_split_clause,[],[f886,f783,f675,f888])).
fof(f675,plain,(
  spl18_2 <=> as(xyz)),
  introduced(avatar_definition,[new_symbols(naming,[spl18_2])])).
fof(f783,plain,(
  spl18_29 <=> ! [X0] : (ed(X0) | ~as(X0))),
  introduced(avatar_definition,[new_symbols(naming,[spl18_29])])).
fof(f886,plain,(
  ed(xyz) | (~spl18_2 | ~spl18_29)),
  inference(resolution,[],[f784,f676])).
fof(f676,plain,(
  as(xyz) | ~spl18_2),
  inference(avatar_component_clause,[],[f675])).
fof(f784,plain,(
  ( ! [X0] : (~as(X0) | ed(X0)) ) | ~spl18_29),
  inference(avatar_component_clause,[],[f783])).
fof(f825,plain,(
  spl18_39),
  inference(avatar_split_clause,[],[f561,f823])).
fof(f561,plain,(
  ( ! [X0] : (~ed(X0) | pt(X0)) )),
  inference(cnf_transformation,[],[f398])).
fof(f398,plain,(
  ! [X0] : (pt(X0) | (~q(X0) & ~pd(X0) & ~ed(X0) & ~ab(X0)))),
  inference(ennf_transformation,[],[f342])).
fof(f342,plain,(
  ! [X0] : ((q(X0) | pd(X0) | ed(X0) | ab(X0)) => pt(X0))),
  inference(unused_predicate_definition_removal,[],[f1])).
fof(f1,axiom,(
  ! [X0] : ((q(X0) | pd(X0) | ed(X0) | ab(X0)) <=> pt(X0))),
  file('outputs/dolce/subsumptions/type_as_subsumed_to_pt.in',sos)).
fof(f785,plain,(
  spl18_29),
  inference(avatar_split_clause,[],[f549,f783])).
fof(f549,plain,(
  ( ! [X0] : (ed(X0) | ~as(X0)) )),
  inference(cnf_transformation,[],[f195])).
fof(f195,plain,(
  ! [X0] : ((ped(X0) | nped(X0) | as(X0)) <=> ed(X0))),
  inference(rectify,[],[f2])).
fof(f2,axiom,(
  ! [X1] : ((ped(X1) | nped(X1) | as(X1)) <=> ed(X1))),
  file('outputs/dolce/subsumptions/type_as_subsumed_to_pt.in',sos)).
fof(f677,plain,(
  spl18_2),
  inference(avatar_split_clause,[],[f478,f675])).
fof(f478,plain,(
  as(xyz)),
  inference(cnf_transformation,[],[f132])).
fof(f132,axiom,(
  as(xyz)),
  file('outputs/dolce/subsumptions/type_as_subsumed_to_pt.in',axiom1)).
fof(f673,plain,(
  ~spl18_1),
  inference(avatar_split_clause,[],[f477,f671])).
fof(f477,plain,(
  ~pt(xyz)),
  inference(cnf_transformation,[],[f133])).
fof(f133,axiom,(
  ~pt(xyz)),
  file('outputs/dolce/subsumptions/type_as_subsumed_to_pt.in',axiom2)).
% SZS output end Proof for type_as_subsumed_to_pt
% ------------------------------
% Version: Vampire 4.7 (commit af7d05f97 on 2022-09-30 11:01:41 +0200)
% Termination reason: Refutation

% Memory used [KB]: 6140
% Time elapsed: 0.007 s
% ------------------------------
% ------------------------------
% Success in time 0.014 s
