% Running in auto input_syntax mode. Trying TPTP
% ott+11_3_aac=none:afr=on:afp=4000:afq=1.4:amm=off:anc=all:bs=unit_only:bsr=on:bce=on:fde=unused:irw=on:nm=64:newcnf=on:nwc=1:nicw=on:sac=on:sp=reverse_arity:uhcvi=on_31 on type_acc_subsumed_to_pt for (31ds)
% Refutation found. Thanks to Tanya!
% SZS status Unsatisfiable for type_acc_subsumed_to_pt
% SZS output start Proof for type_acc_subsumed_to_pt
fof(f905,plain,(
  $false),
  inference(avatar_sat_refutation,[],[f673,f677,f773,f789,f825,f886,f891,f904])).
fof(f904,plain,(
  spl18_1 | ~spl18_39 | ~spl18_55),
  inference(avatar_contradiction_clause,[],[f903])).
fof(f903,plain,(
  $false | (spl18_1 | ~spl18_39 | ~spl18_55)),
  inference(subsumption_resolution,[],[f902,f890])).
fof(f890,plain,(
  pd(xyz) | ~spl18_55),
  inference(avatar_component_clause,[],[f889])).
fof(f889,plain,(
  spl18_55 <=> pd(xyz)),
  introduced(avatar_definition,[new_symbols(naming,[spl18_55])])).
fof(f902,plain,(
  ~pd(xyz) | (spl18_1 | ~spl18_39)),
  inference(resolution,[],[f824,f672])).
fof(f672,plain,(
  ~pt(xyz) | spl18_1),
  inference(avatar_component_clause,[],[f671])).
fof(f671,plain,(
  spl18_1 <=> pt(xyz)),
  introduced(avatar_definition,[new_symbols(naming,[spl18_1])])).
fof(f824,plain,(
  ( ! [X0] : (pt(X0) | ~pd(X0)) ) | ~spl18_39),
  inference(avatar_component_clause,[],[f823])).
fof(f823,plain,(
  spl18_39 <=> ! [X0] : (~pd(X0) | pt(X0))),
  introduced(avatar_definition,[new_symbols(naming,[spl18_39])])).
fof(f891,plain,(
  spl18_55 | ~spl18_26 | ~spl18_54),
  inference(avatar_split_clause,[],[f887,f884,f771,f889])).
fof(f771,plain,(
  spl18_26 <=> ! [X0] : (pd(X0) | ~ev(X0))),
  introduced(avatar_definition,[new_symbols(naming,[spl18_26])])).
fof(f884,plain,(
  spl18_54 <=> ev(xyz)),
  introduced(avatar_definition,[new_symbols(naming,[spl18_54])])).
fof(f887,plain,(
  pd(xyz) | (~spl18_26 | ~spl18_54)),
  inference(resolution,[],[f885,f772])).
fof(f772,plain,(
  ( ! [X0] : (~ev(X0) | pd(X0)) ) | ~spl18_26),
  inference(avatar_component_clause,[],[f771])).
fof(f885,plain,(
  ev(xyz) | ~spl18_54),
  inference(avatar_component_clause,[],[f884])).
fof(f886,plain,(
  spl18_54 | ~spl18_2 | ~spl18_30),
  inference(avatar_split_clause,[],[f882,f787,f675,f884])).
fof(f675,plain,(
  spl18_2 <=> acc(xyz)),
  introduced(avatar_definition,[new_symbols(naming,[spl18_2])])).
fof(f787,plain,(
  spl18_30 <=> ! [X0] : (ev(X0) | ~acc(X0))),
  introduced(avatar_definition,[new_symbols(naming,[spl18_30])])).
fof(f882,plain,(
  ev(xyz) | (~spl18_2 | ~spl18_30)),
  inference(resolution,[],[f788,f676])).
fof(f676,plain,(
  acc(xyz) | ~spl18_2),
  inference(avatar_component_clause,[],[f675])).
fof(f788,plain,(
  ( ! [X0] : (~acc(X0) | ev(X0)) ) | ~spl18_30),
  inference(avatar_component_clause,[],[f787])).
fof(f825,plain,(
  spl18_39),
  inference(avatar_split_clause,[],[f562,f823])).
fof(f562,plain,(
  ( ! [X0] : (~pd(X0) | pt(X0)) )),
  inference(cnf_transformation,[],[f398])).
fof(f398,plain,(
  ! [X0] : (pt(X0) | (~q(X0) & ~pd(X0) & ~ed(X0) & ~ab(X0)))),
  inference(ennf_transformation,[],[f342])).
fof(f342,plain,(
  ! [X0] : ((q(X0) | pd(X0) | ed(X0) | ab(X0)) => pt(X0))),
  inference(unused_predicate_definition_removal,[],[f1])).
fof(f1,axiom,(
  ! [X0] : ((q(X0) | pd(X0) | ed(X0) | ab(X0)) <=> pt(X0))),
  file('outputs/dolce/subsumptions/type_acc_subsumed_to_pt.in',sos)).
fof(f789,plain,(
  spl18_30),
  inference(avatar_split_clause,[],[f550,f787])).
fof(f550,plain,(
  ( ! [X0] : (ev(X0) | ~acc(X0)) )),
  inference(cnf_transformation,[],[f195])).
fof(f195,plain,(
  ! [X0] : ((ach(X0) | acc(X0)) <=> ev(X0))),
  inference(rectify,[],[f6])).
fof(f6,axiom,(
  ! [X5] : ((ach(X5) | acc(X5)) <=> ev(X5))),
  file('outputs/dolce/subsumptions/type_acc_subsumed_to_pt.in',sos)).
fof(f773,plain,(
  spl18_26),
  inference(avatar_split_clause,[],[f538,f771])).
fof(f538,plain,(
  ( ! [X0] : (pd(X0) | ~ev(X0)) )),
  inference(cnf_transformation,[],[f191])).
fof(f191,plain,(
  ! [X0] : ((stv(X0) | ev(X0)) <=> pd(X0))),
  inference(rectify,[],[f4])).
fof(f4,axiom,(
  ! [X3] : ((stv(X3) | ev(X3)) <=> pd(X3))),
  file('outputs/dolce/subsumptions/type_acc_subsumed_to_pt.in',sos)).
fof(f677,plain,(
  spl18_2),
  inference(avatar_split_clause,[],[f478,f675])).
fof(f478,plain,(
  acc(xyz)),
  inference(cnf_transformation,[],[f132])).
fof(f132,axiom,(
  acc(xyz)),
  file('outputs/dolce/subsumptions/type_acc_subsumed_to_pt.in',axiom1)).
fof(f673,plain,(
  ~spl18_1),
  inference(avatar_split_clause,[],[f477,f671])).
fof(f477,plain,(
  ~pt(xyz)),
  inference(cnf_transformation,[],[f133])).
fof(f133,axiom,(
  ~pt(xyz)),
  file('outputs/dolce/subsumptions/type_acc_subsumed_to_pt.in',axiom2)).
% SZS output end Proof for type_acc_subsumed_to_pt
% ------------------------------
% Version: Vampire 4.7 (commit af7d05f97 on 2022-09-30 11:01:41 +0200)
% Termination reason: Refutation

% Memory used [KB]: 6140
% Time elapsed: 0.007 s
% ------------------------------
% ------------------------------
% Success in time 0.012 s
