% Running in auto input_syntax mode. Trying TPTP
% ott+11_3_aac=none:afr=on:afp=4000:afq=1.4:amm=off:anc=all:bs=unit_only:bsr=on:bce=on:fde=unused:irw=on:nm=64:newcnf=on:nwc=1:nicw=on:sac=on:sp=reverse_arity:uhcvi=on_31 on type_st_subsumed_to_as for (31ds)
% SZS status Satisfiable for type_st_subsumed_to_as
% # SZS output start Saturation.
cnf(u666,axiom,
    ~as(xyz)).

cnf(u670,axiom,
    st(xyz)).

cnf(u674,axiom,
    ~ds(X0) | ~c(X0)).

cnf(u678,axiom,
    ~ped(X0) | ~nped(X0)).

cnf(u682,axiom,
    ~tr(X0) | ~ar(X0)).

cnf(u686,axiom,
    ~tr(X0) | ~pr(X0)).

cnf(u690,axiom,
    ~pr(X0) | ~ar(X0)).

cnf(u694,axiom,
    ~tq(X0) | ~pq(X0)).

cnf(u698,axiom,
    ~tq(X0) | ~aq(X0)).

cnf(u702,axiom,
    ~pq(X0) | ~aq(X0)).

cnf(u706,axiom,
    ~q(X0) | ~ab(X0)).

cnf(u710,axiom,
    ~ed(X0) | ~ab(X0)).

cnf(u714,axiom,
    ~pd(X0) | ~ab(X0)).

cnf(u718,axiom,
    ~q(X0) | ~ed(X0)).

cnf(u722,axiom,
    ~pd(X0) | ~ed(X0)).

cnf(u726,axiom,
    ~q(X0) | ~pd(X0)).

cnf(u730,axiom,
    ~npob(X0) | nped(X0)).

cnf(u734,axiom,
    ~r(X0) | ab(X0)).

cnf(u738,axiom,
    ~s(X0) | pr(X0)).

cnf(u742,axiom,
    ~ds(X0) | naso(X0)).

cnf(u746,axiom,
    ~tl(X0) | tq(X0)).

cnf(u750,axiom,
    ~sl(X0) | pq(X0)).

cnf(u754,axiom,
    ~c(X0) | naso(X0)).

cnf(u758,axiom,
    ~t(X0) | tr(X0)).

cnf(u762,axiom,
    stv(X0) | ~st(X0)).

cnf(u766,axiom,
    ~sob(X0) | npob(X0)).

cnf(u770,axiom,
    ~stv(X0) | pd(X0)).

cnf(u774,axiom,
    ~naso(X0) | sob(X0)).

cnf(u778,axiom,
    ~nped(X0) | ed(X0)).

cnf(u782,axiom,
    ~ped(X0) | ed(X0)).

cnf(u786,axiom,
    ~ar(X0) | r(X0)).

cnf(u790,axiom,
    ~pr(X0) | r(X0)).

cnf(u794,axiom,
    ~tr(X0) | r(X0)).

cnf(u798,axiom,
    ~aq(X0) | q(X0)).

cnf(u802,axiom,
    ~pq(X0) | q(X0)).

cnf(u806,axiom,
    ~tq(X0) | q(X0)).

cnf(u810,axiom,
    ~ped(X0) | sl(sK1(X0))).

cnf(u814,axiom,
    ~nped(X0) | aq(sK2(X0))).

cnf(u818,axiom,
    ~tq(X0) | pd(sK4(X0))).

cnf(u822,axiom,
    ~pq(X0) | ped(sK5(X0))).

cnf(u826,axiom,
    ~aq(X0) | nped(sK6(X0))).

cnf(u830,axiom,
    ~pd(X0) | tl(sK10(X0))).

cnf(u834,axiom,
    ~ab(X0) | p(X0,X0)).

cnf(u838,axiom,
    ~pd(X0) | p(X0,X0)).

cnf(u842,axiom,
    ~ql(X0,X1) | tr(X0)).

cnf(u846,axiom,
    ~us(X0,X1) | c(X0)).

cnf(u850,axiom,
    ~us(X0,X1) | ds(X1)).

cnf(u854,axiom,
    ~dqt(X0,X1) | q(X0)).

cnf(u858,axiom,
    ~pre(X0,X1) | t(X1)).

cnf(u863,axiom,
    ~ds(X0) | us(sK0(X0),X0)).

cnf(u867,axiom,
    ~ped(X0) | dqt(sK1(X0),X0)).

cnf(u871,axiom,
    ~nped(X0) | dqt(sK2(X0),X0)).

cnf(u875,axiom,
    ql(sK3(X0),X0) | ~tq(X0)).

cnf(u879,axiom,
    dqt(X0,sK4(X0)) | ~tq(X0)).

cnf(u883,axiom,
    ~pq(X0) | dqt(X0,sK5(X0))).

cnf(u887,axiom,
    ~aq(X0) | dqt(X0,sK6(X0))).

cnf(u891,axiom,
    df(X0,sK7(X0)) | ~c(X0)).

cnf(u895,axiom,
    dqt(sK10(X0),X0) | ~pd(X0)).

cnf(u899,axiom,
    ~df(X0,X1) | us(X0,X1)).

cnf(u903,axiom,
    ~tql(X0,X1,X2) | t(X2)).

cnf(u907,axiom,
    ~k(X0,X1,X2) | t(X2)).

cnf(u911,axiom,
    ~pc(X0,X1,X2) | ed(X0)).

cnf(u915,axiom,
    ~pc(X0,X1,X2) | pd(X1)).

cnf(u919,axiom,
    ~pc(X0,X1,X2) | t(X2)).

cnf(u923,axiom,
    ~tp(X0,X1,X2) | ed(X0)).

cnf(u927,axiom,
    ~tp(X0,X1,X2) | ed(X1)).

cnf(u931,axiom,
    ~tp(X0,X1,X2) | t(X2)).

cnf(u935,axiom,
    ~st(X0) | pd(X0)).

cnf(u939,axiom,
    ~p(X0,X1) | ab(X1) | pd(X1)).

cnf(u944,axiom,
    pd(xyz)).

cnf(u952,axiom,
    ~p(X0,X1) | ab(X0) | pd(X0)).

cnf(u956,axiom,
    ~ed(xyz)).

cnf(u960,axiom,
    ~ab(xyz)).

cnf(u964,axiom,
    ~s(X1) | ~p(X0,X1) | s(X0)).

cnf(u968,axiom,
    p(xyz,xyz)).

cnf(u972,axiom,
    ~s(X0) | s(X1) | ~p(X0,X1)).

cnf(u976,axiom,
    tl(sK10(xyz))).

cnf(u981,axiom,
    tq(sK10(xyz))).

cnf(u985,axiom,
    ~ar(X1) | ~p(X0,X1) | ar(X0)).

cnf(u993,axiom,
    q(sK10(xyz))).

cnf(u1000,axiom,
    ~ar(X0) | ar(X1) | ~p(X0,X1)).

cnf(u1004,axiom,
    ~aq(sK10(xyz))).

cnf(u1008,axiom,
    ~pq(sK10(xyz))).

cnf(u1012,axiom,
    ~ab(X1) | ~p(X0,X1) | ab(X0)).

cnf(u1016,axiom,
    ~pd(sK10(xyz))).

cnf(u1020,axiom,
    ~ab(X0) | ab(X1) | ~p(X0,X1)).

cnf(u1024,axiom,
    ~ed(sK10(xyz))).

cnf(u1028,axiom,
    ~ab(sK10(xyz))).

cnf(u1032,axiom,
    ~t(X1) | ~p(X0,X1) | t(X0)).

cnf(u1036,axiom,
    pd(sK4(sK10(xyz)))).

cnf(u1044,axiom,
    ~t(X0) | t(X1) | ~p(X0,X1)).

cnf(u1048,axiom,
    ~ed(sK4(sK10(xyz)))).

cnf(u1052,axiom,
    ~ab(sK4(sK10(xyz)))).

cnf(u1056,axiom,
    ~p(X0,X1) | ~pd(X1) | pd(X0)).

cnf(u1060,axiom,
    ~p(X0,X1) | pd(X1) | ~pd(X0)).

cnf(u1064,axiom,
    ~dqt(X0,X1) | ed(X1) | pd(X1)).

cnf(u1068,axiom,
    ~pd(X1) | ~dqt(X0,X1) | tq(X0)).

cnf(u1072,axiom,
    ~tq(X0) | pd(X1) | ~dqt(X0,X1)).

cnf(u1076,axiom,
    ~ped(X1) | ~dqt(X0,X1) | pq(X0)).

cnf(u1080,axiom,
    ~pq(X0) | ped(X1) | ~dqt(X0,X1)).

cnf(u1084,axiom,
    ~nped(X1) | ~dqt(X0,X1) | aq(X0)).

cnf(u1088,axiom,
    ~aq(X0) | nped(X1) | ~dqt(X0,X1)).

cnf(u1092,axiom,
    ~ql(X0,X1) | ~tl(X1) | t(X0)).

cnf(u1096,axiom,
    ~tql(X0,X1,X2) | pre(X1,X2)).

cnf(u1100,axiom,
    ~k(X0,X1,X2) | pre(X0,X2)).

cnf(u1104,axiom,
    ~k(X0,X1,X2) | pre(X1,X2)).

cnf(u1108,axiom,
    ~pc(X0,X1,X2) | pre(X0,X2)).

cnf(u1112,axiom,
    ~pc(X0,X1,X2) | pre(X1,X2)).

cnf(u1116,axiom,
    ~tp(X0,X1,X2) | pre(X0,X2)).

cnf(u1120,axiom,
    ~tp(X0,X1,X2) | pre(X1,X2)).

cnf(u1128,axiom,
    ~ed(X0) | pc(X0,sK8(X0),sK9(X0))).

cnf(u1132,axiom,
    ~tq(X0) | tr(sK3(X0))).

cnf(u1137,axiom,
    tr(sK3(sK10(xyz)))).

cnf(u1141,axiom,
    ~ed(X0) | as(X0) | nped(X0) | ped(X0)).

cnf(u1148,axiom,
    r(sK3(sK10(xyz)))).

cnf(u1153,axiom,
    ~q(X0) | aq(X0) | pq(X0) | tq(X0)).

cnf(u1157,axiom,
    ~pr(sK3(sK10(xyz)))).

cnf(u1161,axiom,
    ~ar(sK3(sK10(xyz)))).

cnf(u1165,axiom,
    ~ov(X0,X1) | p(sK17(X0,X1),X0)).

cnf(u1169,axiom,
    ab(sK3(sK10(xyz)))).

cnf(u1174,axiom,
    ~ov(X0,X1) | p(sK17(X0,X1),X1)).

cnf(u1178,axiom,
    ~pd(X0) | q(sK10(X0))).

cnf(u1184,axiom,
    tl(sK10(sK4(sK10(xyz))))).

cnf(u1188,axiom,
    ~tql(X0,X1,X2) | pq(X1) | aq(X1)).

cnf(u1193,axiom,
    q(sK10(sK4(sK10(xyz))))).

cnf(u1200,axiom,
    ~tql(X0,X1,X2) | pr(X0) | ar(X0)).

cnf(u1204,axiom,
    tq(sK10(sK4(sK10(xyz))))).

cnf(u1213,axiom,
    ~pd(sK10(sK4(sK10(xyz))))).

cnf(u1217,axiom,
    ~aq(X1) | ~tql(X0,X1,X2) | ar(X0)).

cnf(u1221,axiom,
    ~ed(sK10(sK4(sK10(xyz))))).

cnf(u1225,axiom,
    ~ar(X0) | aq(X1) | ~tql(X0,X1,X2)).

cnf(u1229,axiom,
    ~ab(sK10(sK4(sK10(xyz))))).

cnf(u1233,axiom,
    ~aq(sK10(sK4(sK10(xyz))))).

cnf(u1237,axiom,
    ~pq(X1) | ~tql(X0,X1,X2) | pr(X0)).

cnf(u1241,axiom,
    ~pq(sK10(sK4(sK10(xyz))))).

cnf(u1245,axiom,
    ~pr(X0) | pq(X1) | ~tql(X0,X1,X2)).

cnf(u1249,axiom,
    ~k(X1,X0,X2) | ~k(X0,X1,X2)).

cnf(u1253,axiom,
    ~k(X0,X1,X2) | ed(X1) | pd(X1)).

cnf(u1257,axiom,
    ~k(X0,X1,X2) | ed(X0) | pd(X0)).

cnf(u1261,axiom,
    ~ped(X1) | ~k(X0,X1,X2) | ped(X0)).

cnf(u1265,axiom,
    ~ped(X0) | ped(X1) | ~k(X0,X1,X2)).

cnf(u1269,axiom,
    ~nped(X1) | ~k(X0,X1,X2) | nped(X0)).

cnf(u1273,axiom,
    ~nped(X0) | nped(X1) | ~k(X0,X1,X2)).

cnf(u1277,axiom,
    ~k(X0,X1,X2) | ~pd(X1) | pd(X0)).

cnf(u1281,axiom,
    ~k(X0,X1,X2) | pd(X1) | ~pd(X0)).

cnf(u1285,axiom,
    ~ped(X1) | ~tp(X0,X1,X2) | ped(X0)).

cnf(u1289,axiom,
    ~ped(X0) | ped(X1) | ~tp(X0,X1,X2)).

cnf(u1293,axiom,
    ~nped(X1) | ~tp(X0,X1,X2) | nped(X0)).

cnf(u1297,axiom,
    ~nped(X0) | nped(X1) | ~tp(X0,X1,X2)).

cnf(u1301,axiom,
    ~sl(X1) | ~tql(X0,X1,X2) | s(X0)).

cnf(u1305,axiom,
    ~dif(X2,X0,X1) | ab(X1) | pd(X2)).

cnf(u1309,axiom,
    ~dif(X2,X0,X1) | ab(X0) | pd(X2)).

cnf(u1313,axiom,
    ~dif(X2,X0,X1) | ab(X2) | pd(X2)).

cnf(u1317,axiom,
    ~dif(X2,X0,X1) | ab(X2) | pd(X0)).

cnf(u1321,axiom,
    ~dif(X2,X0,X1) | ab(X2) | pd(X1)).

cnf(u1335,axiom,
    ~dqt(X0,xyz) | tq(X0)).

cnf(u1344,axiom,
    ~c(X0) | us(X0,sK7(X0))).

cnf(u1348,axiom,
    ~tl(X0) | t(sK3(X0))).

cnf(u1352,axiom,
    ~pre(X0,X1) | ed(X0) | pd(X0) | q(X0)).

cnf(u1358,axiom,
    t(sK3(sK10(xyz)))).

cnf(u1365,axiom,
    ~ed(X0) | ~pre(X0,X1) | tp(X0,X0,X1)).

cnf(u1369,axiom,
    ~dqt(sK10(xyz),X0) | pd(X0)).

cnf(u1375,axiom,
    t(sK3(sK10(sK4(sK10(xyz)))))).

cnf(u1379,axiom,
    ~p(X1,X0) | ~p(X0,X1) | X0 = X1).

cnf(u1386,axiom,
    tr(sK3(sK10(sK4(sK10(xyz)))))).

cnf(u1393,axiom,
    ~p(X2,X1) | ~p(X2,X0) | ov(X0,X1)).

cnf(u1397,axiom,
    pd(sK4(sK10(sK4(sK10(xyz)))))).

cnf(u1407,axiom,
    r(sK3(sK10(sK4(sK10(xyz)))))).

cnf(u1411,axiom,
    ~pre(X0,X2) | ~df(X0,X1) | pre(X1,X2)).

cnf(u1416,axiom,
    ~pr(sK3(sK10(sK4(sK10(xyz)))))).

cnf(u1420,axiom,
    ~us(X0,X1) | ~pre(X1,X2) | pre(X0,X2)).

cnf(u1424,axiom,
    ~ar(sK3(sK10(sK4(sK10(xyz)))))).

cnf(u1428,axiom,
    ~ed(sK4(sK10(sK4(sK10(xyz)))))).

cnf(u1432,axiom,
    ~ql(X2,X1) | ~ql(X0,X1) | X0 = X2).

cnf(u1436,axiom,
    ~ab(sK4(sK10(sK4(sK10(xyz)))))).

cnf(u1440,axiom,
    ~df(X0,X2) | ~df(X0,X1) | X1 = X2).

cnf(u1444,axiom,
    ab(sK3(sK10(sK4(sK10(xyz)))))).

cnf(u1451,axiom,
    ~p(X1,X2) | ~p(X0,X1) | p(X0,X2)).

cnf(u1455,axiom,
    ~dqt(X0,X2) | ~dqt(X0,X1) | X1 = X2).

cnf(u1459,axiom,
    ~pre(X0,X1) | ~p(X2,X1) | pre(X0,X2)).

cnf(u1465,axiom,
    ~dif(X2,X0,X1) | p(X3,X0) | ~p(X3,X2)).

cnf(u1469,axiom,
    ~p(sK3(sK10(xyz)),X0) | t(X0)).

cnf(u1473,axiom,
    ~p(X1,sK3(sK10(xyz))) | t(X1)).

cnf(u1477,axiom,
    ~dif(X2,X0,X1) | ~ov(X3,X1) | ~p(X3,X2)).

cnf(u1481,axiom,
    p(sK4(sK10(xyz)),sK4(sK10(xyz)))).

cnf(u1489,axiom,
    ~dqt(X1,sK4(sK10(xyz))) | tq(X1)).

cnf(u1495,axiom,
    p(sK3(sK10(xyz)),sK3(sK10(xyz)))).

cnf(u1505,axiom,
    ~p(X0,sK3(sK10(xyz))) | ab(X0)).

cnf(u1513,axiom,
    ~p(sK3(sK10(xyz)),X0) | ab(X0)).

cnf(u1518,axiom,
    q(sK10(sK4(sK10(sK4(sK10(xyz))))))).

cnf(u1525,axiom,
    ~p(xyz,X0) | ov(X0,xyz)).

cnf(u1530,axiom,
    ov(xyz,xyz)).

cnf(u1536,axiom,
    p(sK17(xyz,xyz),xyz)).

cnf(u1547,axiom,
    pd(sK17(xyz,xyz))).

cnf(u1557,axiom,
    ~ed(sK17(xyz,xyz))).

cnf(u1562,axiom,
    ~ab(sK17(xyz,xyz))).

cnf(u1567,axiom,
    q(sK10(sK17(xyz,xyz)))).

cnf(u1575,axiom,
    tl(sK10(sK17(xyz,xyz)))).

cnf(u1585,axiom,
    ~pd(sK10(sK17(xyz,xyz)))).

cnf(u1591,axiom,
    ~ed(sK10(sK17(xyz,xyz)))).

cnf(u1595,axiom,
    ~ab(sK10(sK17(xyz,xyz)))).

cnf(u1599,axiom,
    tq(sK10(sK17(xyz,xyz)))).

cnf(u1609,axiom,
    ~pre(X0,X1) | ~pd(X0) | pc(sK15(X0,X1),X0,X1)).

cnf(u1613,axiom,
    ~aq(sK10(sK17(xyz,xyz)))).

cnf(u1617,axiom,
    ~pq(sK10(sK17(xyz,xyz)))).

cnf(u1621,axiom,
    ~pq(X0) | ~pre(X0,X1) | tql(sK16(X0,X1),X0,X1)).

cnf(u1629,axiom,
    t(sK3(sK10(sK17(xyz,xyz))))).

cnf(u1633,axiom,
    ~aq(X0) | ~pre(X0,X1) | tql(sK16(X0,X1),X0,X1)).

cnf(u1640,axiom,
    tr(sK3(sK10(sK17(xyz,xyz))))).

cnf(u1647,axiom,
    ~tql(X0,X1,X2) | ~p(X3,X2) | tql(X0,X1,X3)).

cnf(u1651,axiom,
    pd(sK4(sK10(sK17(xyz,xyz))))).

cnf(u1661,axiom,
    r(sK3(sK10(sK17(xyz,xyz))))).

cnf(u1665,axiom,
    ~k(X0,X1,X2) | ~p(X3,X2) | k(X0,X1,X3)).

cnf(u1670,axiom,
    ~pr(sK3(sK10(sK17(xyz,xyz))))).

cnf(u1674,axiom,
    ~pc(X0,X1,X2) | ~p(X3,X2) | pc(X0,X1,X3)).

cnf(u1678,axiom,
    ~ar(sK3(sK10(sK17(xyz,xyz))))).

cnf(u1682,axiom,
    ~ed(sK4(sK10(sK17(xyz,xyz))))).

cnf(u1686,axiom,
    ~tp(X0,X1,X2) | ~p(X3,X2) | tp(X0,X1,X3)).

cnf(u1690,axiom,
    ~ab(sK4(sK10(sK17(xyz,xyz))))).

cnf(u1694,axiom,
    ab(sK3(sK10(sK17(xyz,xyz))))).

cnf(u1701,axiom,
    ~dqt(X0,sK17(xyz,xyz)) | tq(X0)).

cnf(u1706,axiom,
    p(sK17(xyz,xyz),sK17(xyz,xyz))).

cnf(u1717,axiom,
    ~k(X1,X2,X3) | ~k(X0,X1,X3) | k(X0,X2,X3)).

cnf(u1721,axiom,
    tl(sK10(sK4(sK10(sK4(sK10(xyz))))))).

cnf(u1727,axiom,
    ~pd(sK10(sK4(sK10(sK4(sK10(xyz))))))).

cnf(u1731,axiom,
    ~tp(X1,X2,X3) | ~tp(X0,X1,X3) | tp(X0,X2,X3)).

cnf(u1735,axiom,
    ~ed(sK10(sK4(sK10(sK4(sK10(xyz))))))).

cnf(u1739,axiom,
    ~ab(sK10(sK4(sK10(sK4(sK10(xyz))))))).

cnf(u1743,axiom,
    tq(sK10(sK4(sK10(sK4(sK10(xyz))))))).

cnf(u1753,axiom,
    q(sK10(sK4(sK10(sK17(xyz,xyz)))))).

cnf(u1761,axiom,
    tl(sK10(sK4(sK10(sK17(xyz,xyz)))))).

cnf(u1767,axiom,
    ~aq(sK10(sK4(sK10(sK4(sK10(xyz))))))).

cnf(u1771,axiom,
    ~pq(sK10(sK4(sK10(sK4(sK10(xyz))))))).

cnf(u1775,axiom,
    ~pd(sK10(sK4(sK10(sK17(xyz,xyz)))))).

cnf(u1779,axiom,
    ~ed(sK10(sK4(sK10(sK17(xyz,xyz)))))).

cnf(u1783,axiom,
    ~ab(sK10(sK4(sK10(sK17(xyz,xyz)))))).

cnf(u1787,axiom,
    tq(sK10(sK4(sK10(sK17(xyz,xyz)))))).

cnf(u1797,axiom,
    ~aq(sK10(sK4(sK10(sK17(xyz,xyz)))))).

cnf(u1801,axiom,
    ~ab(X1) | ~ab(X0) | p(X0,X1) | dif(sK13(X0,X1),X0,X1)).

cnf(u1805,axiom,
    ~pq(sK10(sK4(sK10(sK17(xyz,xyz)))))).

cnf(u1809,axiom,
    ~pd(X1) | ~pd(X0) | p(X0,X1) | dif(sK14(X0,X1),X0,X1)).

cnf(u1813,axiom,
    ~p(sK17(xyz,xyz),X0) | ov(X0,xyz)).

cnf(u1819,axiom,
    ov(sK17(xyz,xyz),xyz)).

cnf(u1823,axiom,
    ~sl(X1) | ~dqt(X1,X2) | ~sl(X0) | ~dqt(X0,X2) | X0 = X1).

cnf(u1829,axiom,
    p(sK17(sK17(xyz,xyz),xyz),xyz)).

cnf(u1841,axiom,
    ~dqt(X0,X2) | ~dqt(X1,X2) | ~tl(X0) | ~tl(X1) | X0 = X1).

cnf(u1845,axiom,
    pd(sK17(sK17(xyz,xyz),xyz))).

cnf(u1855,axiom,
    ~ed(sK17(sK17(xyz,xyz),xyz))).

cnf(u1859,axiom,
    ~dif(X2,X0,X1) | ~p(X3,X0) | ov(X3,X1) | p(X3,X2)).

cnf(u1863,axiom,
    ~ab(sK17(sK17(xyz,xyz),xyz))).

cnf(u1867,axiom,
    q(sK10(sK17(sK17(xyz,xyz),xyz)))).

cnf(u1875,axiom,
    tl(sK10(sK17(sK17(xyz,xyz),xyz)))).

cnf(u1881,axiom,
    ~pd(sK10(sK17(sK17(xyz,xyz),xyz)))).

cnf(u1888,axiom,
    ~ed(sK10(sK17(sK17(xyz,xyz),xyz)))).

cnf(u1892,axiom,
    ~ab(sK10(sK17(sK17(xyz,xyz),xyz)))).

cnf(u1902,axiom,
    tq(sK10(sK17(sK17(xyz,xyz),xyz)))).

cnf(u1912,axiom,
    ~aq(sK10(sK17(sK17(xyz,xyz),xyz)))).

cnf(u1916,axiom,
    ~pq(sK10(sK17(sK17(xyz,xyz),xyz)))).

cnf(u1924,axiom,
    ~p(X3,sK17(xyz,xyz)) | p(X3,xyz)).

cnf(u1929,axiom,
    ~dqt(sK10(sK4(sK10(xyz))),X1) | pd(X1)).

cnf(u1935,axiom,
    ~dqt(sK10(sK17(xyz,xyz)),X0) | pd(X0)).

cnf(u1939,axiom,
    ~ql(X0,X1) | sK3(X1) = X0 | ~tq(X1)).

cnf(u1947,axiom,
    t(sK3(sK10(sK4(sK10(sK4(sK10(xyz)))))))).

cnf(u1951,axiom,
    ~c(X0) | sK7(X0) = X1 | ~df(X0,X1)).

cnf(u1958,axiom,
    tr(sK3(sK10(sK4(sK10(sK4(sK10(xyz)))))))).

cnf(u1962,axiom,
    ~dqt(X0,X1) | sK4(X0) = X1 | ~tq(X0)).

cnf(u1972,axiom,
    pd(sK4(sK10(sK4(sK10(sK4(sK10(xyz)))))))).

cnf(u1976,axiom,
    ~dqt(sK10(X2),X3) | X2 = X3 | ~pd(X2)).

cnf(u1990,axiom,
    t(sK3(sK10(sK4(sK10(sK17(xyz,xyz))))))).

cnf(u1994,axiom,
    ~dqt(X0,sK4(X1)) | ~tl(X1) | ~tl(X0) | X0 = X1).

cnf(u2001,axiom,
    r(sK3(sK10(sK4(sK10(sK4(sK10(xyz)))))))).

cnf(u2010,axiom,
    ~pr(sK3(sK10(sK4(sK10(sK4(sK10(xyz)))))))).

cnf(u2014,axiom,
    ~ar(sK3(sK10(sK4(sK10(sK4(sK10(xyz)))))))).

cnf(u2018,axiom,
    ~dqt(X2,X3) | ~tl(X2) | sK10(X3) = X2 | ~pd(X3)).

cnf(u2022,axiom,
    ~ab(sK4(sK10(sK4(sK10(sK4(sK10(xyz)))))))).

cnf(u2029,axiom,
    ~ed(sK4(sK10(sK4(sK10(sK4(sK10(xyz)))))))).

cnf(u2033,axiom,
    tr(sK3(sK10(sK4(sK10(sK17(xyz,xyz))))))).

cnf(u2037,axiom,
    ~tq(sK10(X1)) | sK4(sK10(X1)) = X1 | ~pd(X1)).

cnf(u2044,axiom,
    pd(sK4(sK10(sK4(sK10(sK17(xyz,xyz))))))).

cnf(u2208,axiom,
    xyz = sK4(sK10(xyz))).

cnf(u2216,axiom,
    dqt(sK10(xyz),xyz)).

cnf(u2220,axiom,
    ~pd(sK4(X1)) | sK10(sK4(X1)) = X1 | ~tl(X1)).

cnf(u2233,axiom,
    ~dqt(sK10(xyz),X1) | xyz = X1).

cnf(u2241,axiom,
    t(sK3(sK10(sK17(sK17(xyz,xyz),xyz))))).

cnf(u2248,axiom,
    tr(sK3(sK10(sK17(sK17(xyz,xyz),xyz))))).

cnf(u2252,axiom,
    ~pd(X0) | p(X0,xyz) | dif(sK14(X0,xyz),X0,xyz)).

cnf(u2259,axiom,
    r(sK3(sK10(sK17(sK17(xyz,xyz),xyz))))).

cnf(u2267,axiom,
    ~pr(sK3(sK10(sK17(sK17(xyz,xyz),xyz))))).

cnf(u2271,axiom,
    ~ar(sK3(sK10(sK17(sK17(xyz,xyz),xyz))))).

cnf(u2275,axiom,
    ~dqt(X0,xyz) | ~tl(X0) | sK10(xyz) = X0).

cnf(u2281,axiom,
    ab(sK3(sK10(sK17(sK17(xyz,xyz),xyz))))).

cnf(u2285,axiom,
    xyz = sK17(xyz,xyz)).

cnf(u2296,axiom,
    ~p(sK3(sK10(sK17(xyz,xyz))),X0) | t(X0)).

cnf(u2300,axiom,
    ~ab(X0) | p(X0,sK3(sK10(xyz))) | dif(sK13(X0,sK3(sK10(xyz))),X0,sK3(sK10(xyz)))).

cnf(u2304,axiom,
    ~p(X1,sK3(sK10(sK17(xyz,xyz)))) | t(X1)).

cnf(u2311,axiom,
    p(sK17(sK17(xyz,xyz),xyz),sK17(xyz,xyz))).

cnf(u2323,axiom,
    ~dqt(X0,sK17(sK17(xyz,xyz),xyz)) | tq(X0)).

cnf(u2327,axiom,
    ~pd(X4) | p(X4,sK17(xyz,xyz)) | dif(sK14(X4,sK17(xyz,xyz)),X4,sK17(xyz,xyz))).

cnf(u2332,axiom,
    ~p(sK3(sK10(sK17(xyz,xyz))),X0) | ab(X0)).

cnf(u2340,axiom,
    ~p(X1,sK3(sK10(sK17(xyz,xyz)))) | ab(X1)).

cnf(u2344,axiom,
    ~p(sK3(sK10(xyz)),X2) | ov(X2,sK3(sK10(xyz)))).

cnf(u2349,axiom,
    ov(sK3(sK10(xyz)),sK3(sK10(xyz)))).

cnf(u2355,axiom,
    ov(X0,sK17(xyz,xyz)) | ~p(sK17(xyz,xyz),X0)).

cnf(u2361,axiom,
    sK17(xyz,xyz) = sK4(sK10(sK17(xyz,xyz)))).

cnf(u2370,axiom,
    dqt(sK10(sK17(xyz,xyz)),sK17(xyz,xyz))).

cnf(u2409,axiom,
    ~ab(sK14(xyz,sK17(xyz,xyz)))).

cnf(u2413,axiom,
    ~ed(sK14(xyz,sK17(xyz,xyz)))).

cnf(u2568,axiom,
    ~ab(sK14(xyz,xyz))).

cnf(u2576,axiom,
    ~ed(sK14(xyz,xyz))).

cnf(u2580,axiom,
    ~p(xyz,X0) | p(sK17(X0,xyz),xyz)).

cnf(u2590,axiom,
    ~p(xyz,X1) | p(sK17(X1,xyz),X1)).

cnf(u2875,axiom,
    p(sK17(sK3(sK10(xyz)),sK3(sK10(xyz))),sK3(sK10(xyz)))).

cnf(u2888,axiom,
    ab(sK17(sK3(sK10(xyz)),sK3(sK10(xyz))))).

cnf(u2897,axiom,
    t(sK17(sK3(sK10(xyz)),sK3(sK10(xyz))))).

cnf(u2917,axiom,
    ~pd(sK17(sK3(sK10(xyz)),sK3(sK10(xyz))))).

cnf(u2907,axiom,
    ~pd(sK3(sK10(xyz)))).

cnf(u2912,axiom,
    tr(sK17(sK3(sK10(xyz)),sK3(sK10(xyz))))).

cnf(u2921,axiom,
    r(sK17(sK3(sK10(xyz)),sK3(sK10(xyz))))).

cnf(u2926,axiom,
    ~p(sK17(sK3(sK10(xyz)),sK3(sK10(xyz))),X0) | ov(X0,sK3(sK10(xyz)))).

cnf(u2930,axiom,
    ~pr(sK17(sK3(sK10(xyz)),sK3(sK10(xyz))))).

cnf(u2934,axiom,
    ~ar(sK17(sK3(sK10(xyz)),sK3(sK10(xyz))))).

cnf(u2939,axiom,
    ~p(sK17(sK3(sK10(xyz)),sK3(sK10(xyz))),X1) | ab(X1)).

cnf(u2944,axiom,
    ~p(X1,sK17(sK3(sK10(xyz)),sK3(sK10(xyz)))) | p(X1,sK3(sK10(xyz)))).

cnf(u2948,axiom,
    ~p(X2,sK17(sK3(sK10(xyz)),sK3(sK10(xyz)))) | ab(X2)).

cnf(u2952,axiom,
    ~p(sK17(sK3(sK10(xyz)),sK3(sK10(xyz))),X0) | t(X0)).

cnf(u2957,axiom,
    ~p(X1,sK17(sK3(sK10(xyz)),sK3(sK10(xyz)))) | t(X1)).

cnf(u2961,axiom,
    sK3(sK10(xyz)) = sK17(sK3(sK10(xyz)),sK3(sK10(xyz)))).

cnf(u2968,axiom,
    p(sK17(sK3(sK10(xyz)),sK3(sK10(xyz))),sK17(sK3(sK10(xyz)),sK3(sK10(xyz))))).

cnf(u2985,axiom,
    ~ab(X0) | p(X0,sK17(sK3(sK10(xyz)),sK3(sK10(xyz)))) | dif(sK13(X0,sK17(sK3(sK10(xyz)),sK3(sK10(xyz)))),X0,sK17(sK3(sK10(xyz)),sK3(sK10(xyz))))).

cnf(u2989,axiom,
    ov(sK17(sK3(sK10(xyz)),sK3(sK10(xyz))),sK3(sK10(xyz)))).

cnf(u2995,axiom,
    p(sK17(sK17(sK3(sK10(xyz)),sK3(sK10(xyz))),sK3(sK10(xyz))),sK3(sK10(xyz)))).

cnf(u3012,axiom,
    ab(sK17(sK17(sK3(sK10(xyz)),sK3(sK10(xyz))),sK3(sK10(xyz))))).

cnf(u3022,axiom,
    ov(X0,sK17(sK3(sK10(xyz)),sK3(sK10(xyz)))) | ~p(sK17(sK3(sK10(xyz)),sK3(sK10(xyz))),X0)).

cnf(u3026,axiom,
    t(sK17(sK17(sK3(sK10(xyz)),sK3(sK10(xyz))),sK3(sK10(xyz))))).

cnf(u3033,axiom,
    tr(sK17(sK17(sK3(sK10(xyz)),sK3(sK10(xyz))),sK3(sK10(xyz))))).

cnf(u3042,axiom,
    r(sK17(sK17(sK3(sK10(xyz)),sK3(sK10(xyz))),sK3(sK10(xyz))))).

cnf(u3116,axiom,
    ~p(sK3(sK10(xyz)),X1) | p(sK17(X1,sK3(sK10(xyz))),X1)).

cnf(u3174,axiom,
    ~pr(sK17(sK17(sK3(sK10(xyz)),sK3(sK10(xyz))),sK3(sK10(xyz))))).

cnf(u3178,axiom,
    ~ar(sK17(sK17(sK3(sK10(xyz)),sK3(sK10(xyz))),sK3(sK10(xyz))))).

cnf(u3184,axiom,
    ~pd(sK17(sK17(sK3(sK10(xyz)),sK3(sK10(xyz))),sK3(sK10(xyz))))).

cnf(u3276,axiom,
    ~p(sK3(sK10(xyz)),X0) | p(sK17(X0,sK3(sK10(xyz))),sK3(sK10(xyz)))).

% # SZS output end Saturation.
% ------------------------------
% Version: Vampire 4.7 (commit af7d05f97 on 2022-09-30 11:01:41 +0200)
% Termination reason: Satisfiable

% Memory used [KB]: 7164
% Time elapsed: 0.036 s
% ------------------------------
% ------------------------------
% Success in time 0.043 s
