% Running in auto input_syntax mode. Trying TPTP
% ott+11_3_aac=none:afr=on:afp=4000:afq=1.4:amm=off:anc=all:bs=unit_only:bsr=on:bce=on:fde=unused:irw=on:nm=64:newcnf=on:nwc=1:nicw=on:sac=on:sp=reverse_arity:uhcvi=on_31 on type_ev_subsumed_to_arc for (31ds)
% SZS status Satisfiable for type_ev_subsumed_to_arc
% # SZS output start Saturation.
cnf(u666,axiom,
    ~arc(xyz)).

cnf(u670,axiom,
    ev(xyz)).

cnf(u674,axiom,
    ~ds(X0) | ~c(X0)).

cnf(u678,axiom,
    ~ped(X0) | ~nped(X0)).

cnf(u682,axiom,
    ~tr(X0) | ~ar(X0)).

cnf(u686,axiom,
    ~tr(X0) | ~pr(X0)).

cnf(u690,axiom,
    ~pr(X0) | ~ar(X0)).

cnf(u694,axiom,
    ~tq(X0) | ~aq(X0)).

cnf(u698,axiom,
    ~tq(X0) | ~pq(X0)).

cnf(u702,axiom,
    ~pq(X0) | ~aq(X0)).

cnf(u706,axiom,
    ~q(X0) | ~ab(X0)).

cnf(u710,axiom,
    ~ed(X0) | ~ab(X0)).

cnf(u714,axiom,
    ~pd(X0) | ~ab(X0)).

cnf(u718,axiom,
    ~q(X0) | ~ed(X0)).

cnf(u722,axiom,
    ~pd(X0) | ~ed(X0)).

cnf(u726,axiom,
    ~q(X0) | ~pd(X0)).

cnf(u730,axiom,
    ~npob(X0) | nped(X0)).

cnf(u734,axiom,
    ~r(X0) | ab(X0)).

cnf(u738,axiom,
    ~s(X0) | pr(X0)).

cnf(u742,axiom,
    ~ds(X0) | naso(X0)).

cnf(u746,axiom,
    ~tl(X0) | tq(X0)).

cnf(u750,axiom,
    ~sl(X0) | pq(X0)).

cnf(u754,axiom,
    ~c(X0) | naso(X0)).

cnf(u758,axiom,
    ~t(X0) | tr(X0)).

cnf(u762,axiom,
    ~sob(X0) | npob(X0)).

cnf(u766,axiom,
    ~naso(X0) | sob(X0)).

cnf(u770,axiom,
    ~nped(X0) | ed(X0)).

cnf(u774,axiom,
    ~ped(X0) | ed(X0)).

cnf(u778,axiom,
    ~ev(X0) | pd(X0)).

cnf(u782,axiom,
    ~ar(X0) | r(X0)).

cnf(u786,axiom,
    ~pr(X0) | r(X0)).

cnf(u790,axiom,
    ~tr(X0) | r(X0)).

cnf(u794,axiom,
    ~aq(X0) | q(X0)).

cnf(u798,axiom,
    ~pq(X0) | q(X0)).

cnf(u802,axiom,
    ~tq(X0) | q(X0)).

cnf(u806,axiom,
    ~ped(X0) | sl(sK1(X0))).

cnf(u810,axiom,
    ~nped(X0) | aq(sK2(X0))).

cnf(u814,axiom,
    ~tq(X0) | pd(sK4(X0))).

cnf(u818,axiom,
    ~pq(X0) | ped(sK5(X0))).

cnf(u822,axiom,
    ~aq(X0) | nped(sK6(X0))).

cnf(u826,axiom,
    tl(sK10(X0)) | ~pd(X0)).

cnf(u830,axiom,
    ~ab(X0) | p(X0,X0)).

cnf(u834,axiom,
    p(X0,X0) | ~pd(X0)).

cnf(u838,axiom,
    ~ql(X0,X1) | tr(X0)).

cnf(u842,axiom,
    ~us(X0,X1) | c(X0)).

cnf(u846,axiom,
    ~us(X0,X1) | ds(X1)).

cnf(u850,axiom,
    ~dqt(X0,X1) | q(X0)).

cnf(u854,axiom,
    ~pre(X0,X1) | t(X1)).

cnf(u859,axiom,
    pd(xyz)).

cnf(u865,axiom,
    ~ed(xyz)).

cnf(u869,axiom,
    ~ab(xyz)).

cnf(u873,axiom,
    ~ds(X0) | us(sK0(X0),X0)).

cnf(u877,axiom,
    ~ped(X0) | dqt(sK1(X0),X0)).

cnf(u881,axiom,
    ~nped(X0) | dqt(sK2(X0),X0)).

cnf(u885,axiom,
    ~tq(X0) | ql(sK3(X0),X0)).

cnf(u889,axiom,
    ~tq(X0) | dqt(X0,sK4(X0))).

cnf(u893,axiom,
    ~pq(X0) | dqt(X0,sK5(X0))).

cnf(u897,axiom,
    ~aq(X0) | dqt(X0,sK6(X0))).

cnf(u901,axiom,
    df(X0,sK7(X0)) | ~c(X0)).

cnf(u905,axiom,
    dqt(sK10(X0),X0) | ~pd(X0)).

cnf(u909,axiom,
    ~df(X0,X1) | us(X0,X1)).

cnf(u913,axiom,
    ~cf(X0,X1,X2) | ed(X0)).

cnf(u917,axiom,
    ~cf(X0,X1,X2) | t(X2)).

cnf(u921,axiom,
    ~tql(X0,X1,X2) | t(X2)).

cnf(u925,axiom,
    ~k(X0,X1,X2) | t(X2)).

cnf(u929,axiom,
    ~pc(X0,X1,X2) | ed(X0)).

cnf(u933,axiom,
    ~pc(X0,X1,X2) | pd(X1)).

cnf(u937,axiom,
    ~pc(X0,X1,X2) | t(X2)).

cnf(u941,axiom,
    ~tp(X0,X1,X2) | ed(X0)).

cnf(u945,axiom,
    ~tp(X0,X1,X2) | ed(X1)).

cnf(u949,axiom,
    ~tp(X0,X1,X2) | t(X2)).

cnf(u954,axiom,
    ~p(X0,X1) | ab(X1) | pd(X1)).

cnf(u958,axiom,
    ~p(X0,X1) | ab(X0) | pd(X0)).

cnf(u962,axiom,
    ~s(X1) | ~p(X0,X1) | s(X0)).

cnf(u966,axiom,
    ~s(X0) | s(X1) | ~p(X0,X1)).

cnf(u970,axiom,
    ~ar(X1) | ~p(X0,X1) | ar(X0)).

cnf(u974,axiom,
    ~ar(X0) | ar(X1) | ~p(X0,X1)).

cnf(u978,axiom,
    ~ab(X1) | ~p(X0,X1) | ab(X0)).

cnf(u982,axiom,
    ~ab(X0) | ab(X1) | ~p(X0,X1)).

cnf(u986,axiom,
    ~t(X1) | ~p(X0,X1) | t(X0)).

cnf(u990,axiom,
    ~t(X0) | t(X1) | ~p(X0,X1)).

cnf(u994,axiom,
    ~p(X0,X1) | ~pd(X1) | pd(X0)).

cnf(u998,axiom,
    ~p(X0,X1) | pd(X1) | ~pd(X0)).

cnf(u1002,axiom,
    ~dqt(X0,X1) | ed(X1) | pd(X1)).

cnf(u1006,axiom,
    ~dqt(X0,X1) | ~pd(X1) | tq(X0)).

cnf(u1010,axiom,
    ~dqt(X0,X1) | pd(X1) | ~tq(X0)).

cnf(u1014,axiom,
    ~ped(X1) | ~dqt(X0,X1) | pq(X0)).

cnf(u1018,axiom,
    ~pq(X0) | ped(X1) | ~dqt(X0,X1)).

cnf(u1022,axiom,
    ~nped(X1) | ~dqt(X0,X1) | aq(X0)).

cnf(u1026,axiom,
    ~aq(X0) | nped(X1) | ~dqt(X0,X1)).

cnf(u1030,axiom,
    ~ql(X0,X1) | ~tl(X1) | t(X0)).

cnf(u1034,axiom,
    ~cf(X0,X1,X2) | pre(X0,X2)).

cnf(u1038,axiom,
    ~tql(X0,X1,X2) | pre(X1,X2)).

cnf(u1042,axiom,
    ~k(X0,X1,X2) | pre(X0,X2)).

cnf(u1046,axiom,
    ~k(X0,X1,X2) | pre(X1,X2)).

cnf(u1050,axiom,
    ~pc(X0,X1,X2) | pre(X0,X2)).

cnf(u1054,axiom,
    ~pc(X0,X1,X2) | pre(X1,X2)).

cnf(u1058,axiom,
    ~tp(X0,X1,X2) | pre(X0,X2)).

cnf(u1062,axiom,
    ~tp(X0,X1,X2) | pre(X1,X2)).

cnf(u1068,axiom,
    ~pd(X0) | tq(sK10(X0))).

cnf(u1073,axiom,
    tq(sK10(xyz))).

cnf(u1077,axiom,
    ~ed(X0) | pc(X0,sK8(X0),sK9(X0))).

cnf(u1087,axiom,
    q(sK10(xyz))).

cnf(u1094,axiom,
    ~q(X0) | aq(X0) | pq(X0) | tq(X0)).

cnf(u1098,axiom,
    ~pq(sK10(xyz))).

cnf(u1102,axiom,
    ~aq(sK10(xyz))).

cnf(u1106,axiom,
    ~ov(X0,X1) | p(sK17(X0,X1),X0)).

cnf(u1110,axiom,
    ~pd(sK10(xyz))).

cnf(u1114,axiom,
    ~ov(X0,X1) | p(sK17(X0,X1),X1)).

cnf(u1118,axiom,
    ~ed(sK10(xyz))).

cnf(u1122,axiom,
    ~ab(sK10(xyz))).

cnf(u1126,axiom,
    ~cf(X1,X0,X2) | ~cf(X0,X1,X2)).

cnf(u1130,axiom,
    pd(sK4(sK10(xyz)))).

cnf(u1137,axiom,
    ~tql(X0,X1,X2) | pq(X1) | aq(X1)).

cnf(u1141,axiom,
    ~ed(sK4(sK10(xyz)))).

cnf(u1145,axiom,
    ~ab(sK4(sK10(xyz)))).

cnf(u1149,axiom,
    ~tql(X0,X1,X2) | pr(X0) | ar(X0)).

cnf(u1153,axiom,
    ~pd(X0) | q(sK10(X0))).

cnf(u1159,axiom,
    ~aq(X1) | ~tql(X0,X1,X2) | ar(X0)).

cnf(u1163,axiom,
    tq(sK10(sK4(sK10(xyz))))).

cnf(u1173,axiom,
    q(sK10(sK4(sK10(xyz))))).

cnf(u1177,axiom,
    ~ar(X0) | aq(X1) | ~tql(X0,X1,X2)).

cnf(u1184,axiom,
    ~pq(sK10(sK4(sK10(xyz))))).

cnf(u1188,axiom,
    ~pq(X1) | ~tql(X0,X1,X2) | pr(X0)).

cnf(u1192,axiom,
    ~aq(sK10(sK4(sK10(xyz))))).

cnf(u1196,axiom,
    ~pd(sK10(sK4(sK10(xyz))))).

cnf(u1200,axiom,
    ~pr(X0) | pq(X1) | ~tql(X0,X1,X2)).

cnf(u1204,axiom,
    ~ed(sK10(sK4(sK10(xyz))))).

cnf(u1208,axiom,
    ~k(X1,X0,X2) | ~k(X0,X1,X2)).

cnf(u1212,axiom,
    ~ab(sK10(sK4(sK10(xyz))))).

cnf(u1216,axiom,
    ~k(X0,X1,X2) | ed(X1) | pd(X1)).

cnf(u1220,axiom,
    ~k(X0,X1,X2) | ed(X0) | pd(X0)).

cnf(u1224,axiom,
    ~ped(X1) | ~k(X0,X1,X2) | ped(X0)).

cnf(u1228,axiom,
    ~ped(X0) | ped(X1) | ~k(X0,X1,X2)).

cnf(u1232,axiom,
    ~nped(X1) | ~k(X0,X1,X2) | nped(X0)).

cnf(u1236,axiom,
    ~nped(X0) | nped(X1) | ~k(X0,X1,X2)).

cnf(u1240,axiom,
    ~k(X0,X1,X2) | ~pd(X1) | pd(X0)).

cnf(u1244,axiom,
    ~k(X0,X1,X2) | pd(X1) | ~pd(X0)).

cnf(u1248,axiom,
    ~ped(X1) | ~tp(X0,X1,X2) | ped(X0)).

cnf(u1252,axiom,
    ~ped(X0) | ped(X1) | ~tp(X0,X1,X2)).

cnf(u1256,axiom,
    ~nped(X1) | ~tp(X0,X1,X2) | nped(X0)).

cnf(u1260,axiom,
    ~nped(X0) | nped(X1) | ~tp(X0,X1,X2)).

cnf(u1264,axiom,
    ~sl(X1) | ~tql(X0,X1,X2) | s(X0)).

cnf(u1268,axiom,
    ~dif(X2,X0,X1) | ab(X1) | pd(X2)).

cnf(u1272,axiom,
    ~dif(X2,X0,X1) | ab(X0) | pd(X2)).

cnf(u1276,axiom,
    ~dif(X2,X0,X1) | ab(X2) | pd(X2)).

cnf(u1280,axiom,
    ~dif(X2,X0,X1) | ab(X2) | pd(X0)).

cnf(u1284,axiom,
    ~dif(X2,X0,X1) | ab(X2) | pd(X1)).

cnf(u1298,axiom,
    ~c(X0) | us(X0,sK7(X0))).

cnf(u1302,axiom,
    dqt(sK10(xyz),sK4(sK10(xyz)))).

cnf(u1306,axiom,
    ~pre(X0,X1) | ed(X0) | pd(X0) | q(X0)).

cnf(u1314,axiom,
    ql(sK3(sK10(xyz)),sK10(xyz))).

cnf(u1320,axiom,
    ~ed(X0) | ~pre(X0,X1) | tp(X0,X0,X1)).

cnf(u1324,axiom,
    tr(sK3(sK10(xyz)))).

cnf(u1331,axiom,
    r(sK3(sK10(xyz)))).

cnf(u1335,axiom,
    ~p(X1,X0) | ~p(X0,X1) | X0 = X1).

cnf(u1340,axiom,
    ~pr(sK3(sK10(xyz)))).

cnf(u1344,axiom,
    ~p(X2,X1) | ~p(X2,X0) | ov(X0,X1)).

cnf(u1348,axiom,
    ~ar(sK3(sK10(xyz)))).

cnf(u1352,axiom,
    ab(sK3(sK10(xyz)))).

cnf(u1356,axiom,
    ~pre(X0,X2) | ~df(X0,X1) | pre(X1,X2)).

cnf(u1363,axiom,
    pd(sK4(sK10(sK4(sK10(xyz)))))).

cnf(u1371,axiom,
    ~us(X0,X1) | ~pre(X1,X2) | pre(X0,X2)).

cnf(u1375,axiom,
    ~ed(sK4(sK10(sK4(sK10(xyz)))))).

cnf(u1379,axiom,
    ~ab(sK4(sK10(sK4(sK10(xyz)))))).

cnf(u1383,axiom,
    ~ql(X2,X1) | ~ql(X0,X1) | X0 = X2).

cnf(u1387,axiom,
    ~df(X0,X2) | ~df(X0,X1) | X1 = X2).

cnf(u1391,axiom,
    ~p(X1,X2) | ~p(X0,X1) | p(X0,X2)).

cnf(u1395,axiom,
    ~dqt(X0,X2) | ~dqt(X0,X1) | X1 = X2).

cnf(u1399,axiom,
    ~pre(X0,X1) | ~p(X2,X1) | pre(X0,X2)).

cnf(u1405,axiom,
    ~c(X0) | cf(sK11(X0),X0,sK12(X0)) | arc(X0)).

cnf(u1409,axiom,
    t(sK3(sK10(xyz)))).

cnf(u1422,axiom,
    ~dif(X2,X0,X1) | p(X3,X0) | ~p(X3,X2)).

cnf(u1426,axiom,
    ~p(sK3(sK10(xyz)),X0) | t(X0)).

cnf(u1431,axiom,
    ~p(X1,sK3(sK10(xyz))) | t(X1)).

cnf(u1435,axiom,
    ~dif(X2,X0,X1) | ~ov(X3,X1) | ~p(X3,X2)).

cnf(u1440,axiom,
    q(sK10(sK4(sK10(sK4(sK10(xyz))))))).

cnf(u1448,axiom,
    tq(sK10(sK4(sK10(sK4(sK10(xyz))))))).

cnf(u1458,axiom,
    ~p(sK3(sK10(xyz)),X0) | ab(X0)).

cnf(u1463,axiom,
    ~p(X1,sK3(sK10(xyz))) | ab(X1)).

cnf(u1469,axiom,
    p(sK3(sK10(xyz)),sK3(sK10(xyz)))).

cnf(u1482,axiom,
    ~pd(sK10(sK4(sK10(sK4(sK10(xyz))))))).

cnf(u1488,axiom,
    ~ed(sK10(sK4(sK10(sK4(sK10(xyz))))))).

cnf(u1492,axiom,
    ~ab(sK10(sK4(sK10(sK4(sK10(xyz))))))).

cnf(u1496,axiom,
    ~pq(sK10(sK4(sK10(sK4(sK10(xyz))))))).

cnf(u1500,axiom,
    ~aq(sK10(sK4(sK10(sK4(sK10(xyz))))))).

cnf(u1510,axiom,
    ov(X1,X0) | ~p(X0,X1) | ~pd(X0)).

cnf(u1516,axiom,
    pd(sK4(sK10(sK4(sK10(sK4(sK10(xyz)))))))).

cnf(u1520,axiom,
    ~pre(X0,X1) | ~pd(X0) | pc(sK15(X0,X1),X0,X1)).

cnf(u1528,axiom,
    ~ed(sK4(sK10(sK4(sK10(sK4(sK10(xyz)))))))).

cnf(u1532,axiom,
    ~pq(X0) | ~pre(X0,X1) | tql(sK16(X0,X1),X0,X1)).

cnf(u1536,axiom,
    ~ab(sK4(sK10(sK4(sK10(sK4(sK10(xyz)))))))).

cnf(u1540,axiom,
    ~aq(X0) | ~pre(X0,X1) | tql(sK16(X0,X1),X0,X1)).

cnf(u1544,axiom,
    ~tql(X0,X1,X2) | ~p(X3,X2) | tql(X0,X1,X3)).

cnf(u1548,axiom,
    ~k(X0,X1,X2) | ~p(X3,X2) | k(X0,X1,X3)).

cnf(u1552,axiom,
    ~pc(X0,X1,X2) | ~p(X3,X2) | pc(X0,X1,X3)).

cnf(u1556,axiom,
    ~tp(X0,X1,X2) | ~p(X3,X2) | tp(X0,X1,X3)).

cnf(u1560,axiom,
    ~c(X0) | sK7(X0) = X1 | ~df(X0,X1)).

cnf(u1564,axiom,
    ~cf(X1,X2,X3) | ~cf(X2,X0,X3) | ~cf(X1,X0,X3)).

cnf(u1568,axiom,
    ~dqt(sK10(X0),X1) | X0 = X1 | ~pd(X0)).

cnf(u1631,axiom,
    ~k(X1,X2,X3) | ~k(X0,X1,X3) | k(X0,X2,X3)).

cnf(u1635,axiom,
    xyz = sK4(sK10(xyz))).

cnf(u1639,axiom,
    dqt(sK10(xyz),xyz)).

cnf(u1643,axiom,
    ~tp(X1,X2,X3) | ~tp(X0,X1,X3) | tp(X0,X2,X3)).

cnf(u1653,axiom,
    ~ql(X0,sK10(xyz)) | sK3(sK10(xyz)) = X0).

cnf(u1658,axiom,
    ~dqt(sK10(xyz),X2) | xyz = X2).

cnf(u1664,axiom,
    ~pd(X0) | ~p(X0,X1) | p(sK17(X1,X0),X0)).

cnf(u1669,axiom,
    ~p(xyz,X0) | p(sK17(X0,xyz),xyz)).

cnf(u1673,axiom,
    ~c(X0) | ~pre(sK11(X0),X3) | cf(sK11(X0),X0,X3) | arc(X0)).

cnf(u1679,axiom,
    p(sK17(xyz,xyz),xyz)).

cnf(u1691,axiom,
    ~ab(X1) | ~ab(X0) | p(X0,X1) | dif(sK13(X0,X1),X0,X1)).

cnf(u1695,axiom,
    pd(sK17(xyz,xyz))).

cnf(u1704,axiom,
    ~ed(sK17(xyz,xyz))).

cnf(u1708,axiom,
    ~pd(X1) | ~pd(X0) | p(X0,X1) | dif(sK14(X0,X1),X0,X1)).

cnf(u1712,axiom,
    ~ab(sK17(xyz,xyz))).

cnf(u1716,axiom,
    ~sl(X1) | ~dqt(X1,X2) | ~sl(X0) | ~dqt(X0,X2) | X0 = X1).

cnf(u1720,axiom,
    q(sK10(sK17(xyz,xyz)))).

cnf(u1728,axiom,
    tq(sK10(sK17(xyz,xyz)))).

cnf(u1732,axiom,
    ~tl(X1) | ~dqt(X1,X2) | ~tl(X0) | ~dqt(X0,X2) | X0 = X1).

cnf(u1742,axiom,
    ~pd(sK10(sK17(xyz,xyz)))).

cnf(u1746,axiom,
    ~dif(X2,X0,X1) | ~p(X3,X0) | ov(X3,X1) | p(X3,X2)).

cnf(u1750,axiom,
    ~ed(sK10(sK17(xyz,xyz)))).

cnf(u1754,axiom,
    ~ab(sK10(sK17(xyz,xyz)))).

cnf(u1758,axiom,
    ~pq(sK10(sK17(xyz,xyz)))).

cnf(u1762,axiom,
    ~aq(sK10(sK17(xyz,xyz)))).

cnf(u1766,axiom,
    pd(sK4(sK10(sK17(xyz,xyz))))).

cnf(u1775,axiom,
    ~ed(sK4(sK10(sK17(xyz,xyz))))).

cnf(u1779,axiom,
    ~ab(sK4(sK10(sK17(xyz,xyz))))).

cnf(u1783,axiom,
    q(sK10(sK4(sK10(sK17(xyz,xyz)))))).

cnf(u1792,axiom,
    tq(sK10(sK4(sK10(sK17(xyz,xyz)))))).

cnf(u1805,axiom,
    ~pd(sK10(sK4(sK10(sK17(xyz,xyz)))))).

cnf(u1809,axiom,
    ~ed(sK10(sK4(sK10(sK17(xyz,xyz)))))).

cnf(u1813,axiom,
    ~ab(sK10(sK4(sK10(sK17(xyz,xyz)))))).

cnf(u1818,axiom,
    ~pq(sK10(sK4(sK10(sK17(xyz,xyz)))))).

cnf(u1822,axiom,
    ~aq(sK10(sK4(sK10(sK17(xyz,xyz)))))).

cnf(u1826,axiom,
    ~p(sK17(xyz,xyz),X0) | ov(X0,xyz)).

cnf(u1833,axiom,
    ~tl(X2) | ~dqt(sK10(X0),X1) | ~dqt(X2,X1) | sK10(X0) = X2 | ~pd(X0)).

cnf(u1837,axiom,
    ov(xyz,xyz)).

cnf(u1843,axiom,
    ov(sK17(xyz,xyz),xyz)).

cnf(u1850,axiom,
    p(sK17(sK17(xyz,xyz),xyz),xyz)).

cnf(u1862,axiom,
    ~pd(X2) | ~p(X2,X3) | p(sK17(X3,X2),X3)).

cnf(u1866,axiom,
    pd(sK17(sK17(xyz,xyz),xyz))).

cnf(u1876,axiom,
    ~ed(sK17(sK17(xyz,xyz),xyz))).

cnf(u1884,axiom,
    ~ab(sK17(sK17(xyz,xyz),xyz))).

cnf(u1888,axiom,
    ~pd(X0) | p(X0,xyz) | dif(sK14(X0,xyz),X0,xyz)).

cnf(u1892,axiom,
    q(sK10(sK17(sK17(xyz,xyz),xyz)))).

cnf(u1900,axiom,
    tq(sK10(sK17(sK17(xyz,xyz),xyz)))).

cnf(u1914,axiom,
    ~pd(sK10(sK17(sK17(xyz,xyz),xyz)))).

cnf(u1918,axiom,
    ~dqt(sK10(X0),X1) | ~dqt(sK10(X2),X1) | sK10(X0) = sK10(X2) | ~pd(X0) | ~pd(X2)).

cnf(u1922,axiom,
    ~ed(sK10(sK17(sK17(xyz,xyz),xyz)))).

cnf(u1926,axiom,
    ~ab(sK10(sK17(sK17(xyz,xyz),xyz)))).

cnf(u1933,axiom,
    ~pq(sK10(sK17(sK17(xyz,xyz),xyz)))).

cnf(u1937,axiom,
    ~p(xyz,X0) | p(sK17(X0,xyz),X0)).

cnf(u1942,axiom,
    ~aq(sK10(sK17(sK17(xyz,xyz),xyz)))).

cnf(u1949,axiom,
    p(xyz,xyz)).

cnf(u1962,axiom,
    ov(X0,xyz) | ~p(xyz,X0)).

cnf(u1968,axiom,
    ~dqt(sK10(X0),X1) | sK10(X0) = sK10(X1) | ~pd(X1) | ~pd(X0)).

cnf(u1972,axiom,
    ~p(X1,sK17(xyz,xyz)) | p(X1,xyz)).

cnf(u1977,axiom,
    pd(sK4(sK10(sK4(sK10(sK17(xyz,xyz))))))).

cnf(u1993,axiom,
    pd(sK4(sK10(sK17(sK17(xyz,xyz),xyz))))).

cnf(u2005,axiom,
    xyz = sK17(xyz,xyz)).

cnf(u2012,axiom,
    ~ab(sK4(sK10(sK4(sK10(sK17(xyz,xyz))))))).

cnf(u2016,axiom,
    ~p(sK17(xyz,xyz),X1) | p(sK17(X1,sK17(xyz,xyz)),X1)).

cnf(u2020,axiom,
    ~ed(sK4(sK10(sK4(sK10(sK17(xyz,xyz))))))).

cnf(u2024,axiom,
    ~ab(sK4(sK10(sK17(sK17(xyz,xyz),xyz))))).

cnf(u2031,axiom,
    p(sK17(xyz,sK17(xyz,xyz)),xyz)).

cnf(u2043,axiom,
    pd(sK17(xyz,sK17(xyz,xyz)))).

cnf(u2047,axiom,
    ~p(sK17(xyz,xyz),X0) | p(sK17(X0,sK17(xyz,xyz)),sK17(xyz,xyz))).

cnf(u2059,axiom,
    ~ab(sK17(xyz,sK17(xyz,xyz)))).

cnf(u2065,axiom,
    ~ed(sK17(xyz,sK17(xyz,xyz)))).

cnf(u2069,axiom,
    tq(sK10(sK17(xyz,sK17(xyz,xyz))))).

cnf(u2073,axiom,
    ~pd(X1) | p(X1,sK17(xyz,xyz)) | dif(sK14(X1,sK17(xyz,xyz)),X1,sK17(xyz,xyz))).

cnf(u2083,axiom,
    q(sK10(sK17(xyz,sK17(xyz,xyz))))).

cnf(u2099,axiom,
    ~pq(sK10(sK17(xyz,sK17(xyz,xyz))))).

cnf(u2103,axiom,
    ~aq(sK10(sK17(xyz,sK17(xyz,xyz))))).

cnf(u2107,axiom,
    p(sK17(sK17(xyz,xyz),xyz),sK17(xyz,xyz))).

cnf(u2111,axiom,
    ~pd(sK10(sK17(xyz,sK17(xyz,xyz))))).

cnf(u2123,axiom,
    ~ed(sK10(sK17(xyz,sK17(xyz,xyz))))).

cnf(u2127,axiom,
    ~ab(sK10(sK17(xyz,sK17(xyz,xyz))))).

cnf(u2131,axiom,
    p(sK17(xyz,sK17(xyz,xyz)),sK17(xyz,xyz))).

cnf(u2143,axiom,
    dqt(sK10(sK17(xyz,xyz)),sK4(sK10(sK17(xyz,xyz))))).

cnf(u2147,axiom,
    pd(sK4(sK10(sK17(xyz,sK17(xyz,xyz)))))).

cnf(u2160,axiom,
    ~ed(sK4(sK10(sK17(sK17(xyz,xyz),xyz))))).

cnf(u2220,axiom,
    ~ab(sK4(sK10(sK17(xyz,sK17(xyz,xyz)))))).

cnf(u2224,axiom,
    dqt(sK10(sK17(xyz,xyz)),sK17(xyz,xyz))).

cnf(u2237,axiom,
    ~ed(sK4(sK10(sK17(xyz,sK17(xyz,xyz)))))).

cnf(u2241,axiom,
    ql(sK3(sK10(sK17(xyz,xyz))),sK10(sK17(xyz,xyz)))).

cnf(u2248,axiom,
    tr(sK3(sK10(sK17(xyz,xyz))))).

cnf(u2259,axiom,
    r(sK3(sK10(sK17(xyz,xyz))))).

cnf(u2264,axiom,
    ~pr(sK3(sK10(sK17(xyz,xyz))))).

cnf(u2277,axiom,
    ~ar(sK3(sK10(sK17(xyz,xyz))))).

cnf(u2281,axiom,
    p(sK17(sK17(xyz,xyz),sK17(xyz,xyz)),sK17(xyz,xyz))).

cnf(u2285,axiom,
    ab(sK3(sK10(sK17(xyz,xyz))))).

cnf(u2315,axiom,
    ~ab(sK14(xyz,sK17(xyz,xyz)))).

cnf(u2319,axiom,
    ~ab(X0) | p(X0,sK3(sK10(xyz))) | dif(sK13(X0,sK3(sK10(xyz))),X0,sK3(sK10(xyz)))).

cnf(u2323,axiom,
    ~ed(sK14(xyz,sK17(xyz,xyz)))).

cnf(u2588,axiom,
    ~ab(sK14(xyz,xyz))).

cnf(u2592,axiom,
    ~ed(sK14(xyz,xyz))).

cnf(u2597,axiom,
    ov(X2,sK3(sK10(xyz))) | ~p(sK3(sK10(xyz)),X2)).

cnf(u2603,axiom,
    ~pd(X0) | sK10(X0) = sK10(xyz) | ~dqt(sK10(X0),xyz)).

cnf(u3031,axiom,
    ~p(sK3(sK10(xyz)),X1) | p(sK17(X1,sK3(sK10(xyz))),X1)).

cnf(u3037,axiom,
    p(sK17(sK3(sK10(xyz)),sK3(sK10(xyz))),sK3(sK10(xyz)))).

cnf(u3050,axiom,
    ab(sK17(sK3(sK10(xyz)),sK3(sK10(xyz))))).

cnf(u3054,axiom,
    ~p(sK3(sK10(xyz)),X0) | p(sK17(X0,sK3(sK10(xyz))),sK3(sK10(xyz)))).

cnf(u3063,axiom,
    t(sK17(sK3(sK10(xyz)),sK3(sK10(xyz))))).

cnf(u3072,axiom,
    tr(sK17(sK3(sK10(xyz)),sK3(sK10(xyz))))).

cnf(u3079,axiom,
    r(sK17(sK3(sK10(xyz)),sK3(sK10(xyz))))).

cnf(u3094,axiom,
    ~pd(sK17(sK3(sK10(xyz)),sK3(sK10(xyz))))).

cnf(u3086,axiom,
    ~pd(sK3(sK10(xyz)))).

cnf(u3092,axiom,
    ~pr(sK17(sK3(sK10(xyz)),sK3(sK10(xyz))))).

cnf(u3098,axiom,
    ~ar(sK17(sK3(sK10(xyz)),sK3(sK10(xyz))))).

cnf(u3102,axiom,
    ~p(sK17(sK3(sK10(xyz)),sK3(sK10(xyz))),X0) | ov(X0,sK3(sK10(xyz)))).

cnf(u3106,axiom,
    ~p(sK17(sK3(sK10(xyz)),sK3(sK10(xyz))),X1) | ab(X1)).

cnf(u3114,axiom,
    ov(sK3(sK10(xyz)),sK3(sK10(xyz)))).

cnf(u3120,axiom,
    ~p(X2,sK17(sK3(sK10(xyz)),sK3(sK10(xyz)))) | ab(X2)).

cnf(u3124,axiom,
    ~p(X1,sK17(sK3(sK10(xyz)),sK3(sK10(xyz)))) | p(X1,sK3(sK10(xyz)))).

cnf(u3129,axiom,
    ~p(sK17(sK3(sK10(xyz)),sK3(sK10(xyz))),X0) | t(X0)).

cnf(u3136,axiom,
    ~p(X1,sK17(sK3(sK10(xyz)),sK3(sK10(xyz)))) | t(X1)).

cnf(u3141,axiom,
    p(sK17(sK3(sK10(xyz)),sK3(sK10(xyz))),sK17(sK3(sK10(xyz)),sK3(sK10(xyz))))).

cnf(u3145,axiom,
    sK3(sK10(xyz)) = sK17(sK3(sK10(xyz)),sK3(sK10(xyz)))).

cnf(u3165,axiom,
    ov(sK17(sK3(sK10(xyz)),sK3(sK10(xyz))),sK3(sK10(xyz)))).

cnf(u3169,axiom,
    ~ab(X0) | p(X0,sK17(sK3(sK10(xyz)),sK3(sK10(xyz)))) | dif(sK13(X0,sK17(sK3(sK10(xyz)),sK3(sK10(xyz)))),X0,sK17(sK3(sK10(xyz)),sK3(sK10(xyz))))).

cnf(u3175,axiom,
    p(sK17(sK17(sK3(sK10(xyz)),sK3(sK10(xyz))),sK3(sK10(xyz))),sK3(sK10(xyz)))).

cnf(u3192,axiom,
    ab(sK17(sK17(sK3(sK10(xyz)),sK3(sK10(xyz))),sK3(sK10(xyz))))).

cnf(u3202,axiom,
    t(sK17(sK17(sK3(sK10(xyz)),sK3(sK10(xyz))),sK3(sK10(xyz))))).

cnf(u3206,axiom,
    ov(X0,sK17(sK3(sK10(xyz)),sK3(sK10(xyz)))) | ~p(sK17(sK3(sK10(xyz)),sK3(sK10(xyz))),X0)).

cnf(u3213,axiom,
    tr(sK17(sK17(sK3(sK10(xyz)),sK3(sK10(xyz))),sK3(sK10(xyz))))).

cnf(u3222,axiom,
    r(sK17(sK17(sK3(sK10(xyz)),sK3(sK10(xyz))),sK3(sK10(xyz))))).

cnf(u3227,axiom,
    ~pr(sK17(sK17(sK3(sK10(xyz)),sK3(sK10(xyz))),sK3(sK10(xyz))))).

% # SZS output end Saturation.
% ------------------------------
% Version: Vampire 4.7 (commit af7d05f97 on 2022-09-30 11:01:41 +0200)
% Termination reason: Satisfiable

% Memory used [KB]: 7164
% Time elapsed: 0.032 s
% ------------------------------
% ------------------------------
% Success in time 0.038 s
