% Running in auto input_syntax mode. Trying TPTP
% ott+11_3_aac=none:afr=on:afp=4000:afq=1.4:amm=off:anc=all:bs=unit_only:bsr=on:bce=on:fde=unused:irw=on:nm=64:newcnf=on:nwc=1:nicw=on:sac=on:sp=reverse_arity:uhcvi=on_31 on type_t_subsumed_to_pt for (31ds)
% Refutation found. Thanks to Tanya!
% SZS status Unsatisfiable for type_t_subsumed_to_pt
% SZS output start Proof for type_t_subsumed_to_pt
fof(f979,plain,(
  $false),
  inference(avatar_sat_refutation,[],[f673,f677,f741,f765,f793,f809,f878,f965,f970,f978])).
fof(f978,plain,(
  spl18_1 | ~spl18_35 | ~spl18_74),
  inference(avatar_contradiction_clause,[],[f977])).
fof(f977,plain,(
  $false | (spl18_1 | ~spl18_35 | ~spl18_74)),
  inference(subsumption_resolution,[],[f976,f672])).
fof(f672,plain,(
  ~pt(xyz) | spl18_1),
  inference(avatar_component_clause,[],[f671])).
fof(f671,plain,(
  spl18_1 <=> pt(xyz)),
  introduced(avatar_definition,[new_symbols(naming,[spl18_1])])).
fof(f976,plain,(
  pt(xyz) | (~spl18_35 | ~spl18_74)),
  inference(resolution,[],[f969,f808])).
fof(f808,plain,(
  ( ! [X0] : (~ab(X0) | pt(X0)) ) | ~spl18_35),
  inference(avatar_component_clause,[],[f807])).
fof(f807,plain,(
  spl18_35 <=> ! [X0] : (~ab(X0) | pt(X0))),
  introduced(avatar_definition,[new_symbols(naming,[spl18_35])])).
fof(f969,plain,(
  ab(xyz) | ~spl18_74),
  inference(avatar_component_clause,[],[f968])).
fof(f968,plain,(
  spl18_74 <=> ab(xyz)),
  introduced(avatar_definition,[new_symbols(naming,[spl18_74])])).
fof(f970,plain,(
  spl18_74 | ~spl18_52 | ~spl18_73),
  inference(avatar_split_clause,[],[f966,f963,f876,f968])).
fof(f876,plain,(
  spl18_52 <=> tr(xyz)),
  introduced(avatar_definition,[new_symbols(naming,[spl18_52])])).
fof(f963,plain,(
  spl18_73 <=> ! [X0] : (~tr(X0) | ab(X0))),
  introduced(avatar_definition,[new_symbols(naming,[spl18_73])])).
fof(f966,plain,(
  ab(xyz) | (~spl18_52 | ~spl18_73)),
  inference(resolution,[],[f964,f877])).
fof(f877,plain,(
  tr(xyz) | ~spl18_52),
  inference(avatar_component_clause,[],[f876])).
fof(f964,plain,(
  ( ! [X0] : (~tr(X0) | ab(X0)) ) | ~spl18_73),
  inference(avatar_component_clause,[],[f963])).
fof(f965,plain,(
  spl18_73 | ~spl18_18 | ~spl18_31),
  inference(avatar_split_clause,[],[f889,f791,f739,f963])).
fof(f739,plain,(
  spl18_18 <=> ! [X0] : (~r(X0) | ab(X0))),
  introduced(avatar_definition,[new_symbols(naming,[spl18_18])])).
fof(f791,plain,(
  spl18_31 <=> ! [X0] : (~tr(X0) | r(X0))),
  introduced(avatar_definition,[new_symbols(naming,[spl18_31])])).
fof(f889,plain,(
  ( ! [X0] : (~tr(X0) | ab(X0)) ) | (~spl18_18 | ~spl18_31)),
  inference(resolution,[],[f792,f740])).
fof(f740,plain,(
  ( ! [X0] : (~r(X0) | ab(X0)) ) | ~spl18_18),
  inference(avatar_component_clause,[],[f739])).
fof(f792,plain,(
  ( ! [X0] : (r(X0) | ~tr(X0)) ) | ~spl18_31),
  inference(avatar_component_clause,[],[f791])).
fof(f878,plain,(
  spl18_52 | ~spl18_2 | ~spl18_24),
  inference(avatar_split_clause,[],[f874,f763,f675,f876])).
fof(f675,plain,(
  spl18_2 <=> t(xyz)),
  introduced(avatar_definition,[new_symbols(naming,[spl18_2])])).
fof(f763,plain,(
  spl18_24 <=> ! [X0] : (~t(X0) | tr(X0))),
  introduced(avatar_definition,[new_symbols(naming,[spl18_24])])).
fof(f874,plain,(
  tr(xyz) | (~spl18_2 | ~spl18_24)),
  inference(resolution,[],[f764,f676])).
fof(f676,plain,(
  t(xyz) | ~spl18_2),
  inference(avatar_component_clause,[],[f675])).
fof(f764,plain,(
  ( ! [X0] : (~t(X0) | tr(X0)) ) | ~spl18_24),
  inference(avatar_component_clause,[],[f763])).
fof(f809,plain,(
  spl18_35),
  inference(avatar_split_clause,[],[f560,f807])).
fof(f560,plain,(
  ( ! [X0] : (~ab(X0) | pt(X0)) )),
  inference(cnf_transformation,[],[f398])).
fof(f398,plain,(
  ! [X0] : (pt(X0) | (~q(X0) & ~pd(X0) & ~ed(X0) & ~ab(X0)))),
  inference(ennf_transformation,[],[f342])).
fof(f342,plain,(
  ! [X0] : ((q(X0) | pd(X0) | ed(X0) | ab(X0)) => pt(X0))),
  inference(unused_predicate_definition_removal,[],[f1])).
fof(f1,axiom,(
  ! [X0] : ((q(X0) | pd(X0) | ed(X0) | ab(X0)) <=> pt(X0))),
  file('outputs/dolce/subsumptions/type_t_subsumed_to_pt.in',sos)).
fof(f793,plain,(
  spl18_31),
  inference(avatar_split_clause,[],[f555,f791])).
fof(f555,plain,(
  ( ! [X0] : (~tr(X0) | r(X0)) )),
  inference(cnf_transformation,[],[f397])).
fof(f397,plain,(
  ! [X0] : (r(X0) | (~tr(X0) & ~pr(X0) & ~ar(X0)))),
  inference(ennf_transformation,[],[f338])).
fof(f338,plain,(
  ! [X0] : ((tr(X0) | pr(X0) | ar(X0)) => r(X0))),
  inference(unused_predicate_definition_removal,[],[f196])).
fof(f196,plain,(
  ! [X0] : ((tr(X0) | pr(X0) | ar(X0)) <=> r(X0))),
  inference(rectify,[],[f13])).
fof(f13,axiom,(
  ! [X12] : ((tr(X12) | pr(X12) | ar(X12)) <=> r(X12))),
  file('outputs/dolce/subsumptions/type_t_subsumed_to_pt.in',sos)).
fof(f765,plain,(
  spl18_24),
  inference(avatar_split_clause,[],[f523,f763])).
fof(f523,plain,(
  ( ! [X0] : (~t(X0) | tr(X0)) )),
  inference(cnf_transformation,[],[f389])).
fof(f389,plain,(
  ! [X0] : (tr(X0) | ~t(X0))),
  inference(ennf_transformation,[],[f176])).
fof(f176,plain,(
  ! [X0] : (t(X0) => tr(X0))),
  inference(rectify,[],[f19])).
fof(f19,axiom,(
  ! [X18] : (t(X18) => tr(X18))),
  file('outputs/dolce/subsumptions/type_t_subsumed_to_pt.in',sos)).
fof(f741,plain,(
  spl18_18),
  inference(avatar_split_clause,[],[f503,f739])).
fof(f503,plain,(
  ( ! [X0] : (~r(X0) | ab(X0)) )),
  inference(cnf_transformation,[],[f374])).
fof(f374,plain,(
  ! [X0] : (ab(X0) | ~r(X0))),
  inference(ennf_transformation,[],[f161])).
fof(f161,plain,(
  ! [X0] : (r(X0) => ab(X0))),
  inference(rectify,[],[f14])).
fof(f14,axiom,(
  ! [X13] : (r(X13) => ab(X13))),
  file('outputs/dolce/subsumptions/type_t_subsumed_to_pt.in',sos)).
fof(f677,plain,(
  spl18_2),
  inference(avatar_split_clause,[],[f478,f675])).
fof(f478,plain,(
  t(xyz)),
  inference(cnf_transformation,[],[f132])).
fof(f132,axiom,(
  t(xyz)),
  file('outputs/dolce/subsumptions/type_t_subsumed_to_pt.in',axiom1)).
fof(f673,plain,(
  ~spl18_1),
  inference(avatar_split_clause,[],[f477,f671])).
fof(f477,plain,(
  ~pt(xyz)),
  inference(cnf_transformation,[],[f133])).
fof(f133,axiom,(
  ~pt(xyz)),
  file('outputs/dolce/subsumptions/type_t_subsumed_to_pt.in',axiom2)).
% SZS output end Proof for type_t_subsumed_to_pt
% ------------------------------
% Version: Vampire 4.7 (commit af7d05f97 on 2022-09-30 11:01:41 +0200)
% Termination reason: Refutation

% Memory used [KB]: 6268
% Time elapsed: 0.008 s
% ------------------------------
% ------------------------------
% Success in time 0.015 s
