% Running in auto input_syntax mode. Trying TPTP
% ott+11_3_aac=none:afr=on:afp=4000:afq=1.4:amm=off:anc=all:bs=unit_only:bsr=on:bce=on:fde=unused:irw=on:nm=64:newcnf=on:nwc=1:nicw=on:sac=on:sp=reverse_arity:uhcvi=on_31 on type_sag_subsumed_to_sob for (31ds)
% Refutation found. Thanks to Tanya!
% SZS status Unsatisfiable for type_sag_subsumed_to_sob
% SZS output start Proof for type_sag_subsumed_to_sob
fof(f946,plain,(
  $false),
  inference(avatar_sat_refutation,[],[f669,f673,f769,f789,f942,f945])).
fof(f945,plain,(
  spl18_1 | ~spl18_2 | ~spl18_69),
  inference(avatar_contradiction_clause,[],[f944])).
fof(f944,plain,(
  $false | (spl18_1 | ~spl18_2 | ~spl18_69)),
  inference(subsumption_resolution,[],[f943,f668])).
fof(f668,plain,(
  ~sob(xyz) | spl18_1),
  inference(avatar_component_clause,[],[f667])).
fof(f667,plain,(
  spl18_1 <=> sob(xyz)),
  introduced(avatar_definition,[new_symbols(naming,[spl18_1])])).
fof(f943,plain,(
  sob(xyz) | (~spl18_2 | ~spl18_69)),
  inference(resolution,[],[f941,f672])).
fof(f672,plain,(
  sag(xyz) | ~spl18_2),
  inference(avatar_component_clause,[],[f671])).
fof(f671,plain,(
  spl18_2 <=> sag(xyz)),
  introduced(avatar_definition,[new_symbols(naming,[spl18_2])])).
fof(f941,plain,(
  ( ! [X0] : (~sag(X0) | sob(X0)) ) | ~spl18_69),
  inference(avatar_component_clause,[],[f940])).
fof(f940,plain,(
  spl18_69 <=> ! [X0] : (~sag(X0) | sob(X0))),
  introduced(avatar_definition,[new_symbols(naming,[spl18_69])])).
fof(f942,plain,(
  spl18_69 | ~spl18_26 | ~spl18_31),
  inference(avatar_split_clause,[],[f866,f787,f767,f940])).
fof(f767,plain,(
  spl18_26 <=> ! [X0] : (~aso(X0) | sob(X0))),
  introduced(avatar_definition,[new_symbols(naming,[spl18_26])])).
fof(f787,plain,(
  spl18_31 <=> ! [X0] : (~sag(X0) | aso(X0))),
  introduced(avatar_definition,[new_symbols(naming,[spl18_31])])).
fof(f866,plain,(
  ( ! [X0] : (~sag(X0) | sob(X0)) ) | (~spl18_26 | ~spl18_31)),
  inference(resolution,[],[f788,f768])).
fof(f768,plain,(
  ( ! [X0] : (~aso(X0) | sob(X0)) ) | ~spl18_26),
  inference(avatar_component_clause,[],[f767])).
fof(f788,plain,(
  ( ! [X0] : (aso(X0) | ~sag(X0)) ) | ~spl18_31),
  inference(avatar_component_clause,[],[f787])).
fof(f789,plain,(
  spl18_31),
  inference(avatar_split_clause,[],[f552,f787])).
fof(f552,plain,(
  ( ! [X0] : (~sag(X0) | aso(X0)) )),
  inference(cnf_transformation,[],[f394])).
fof(f394,plain,(
  ! [X0] : (aso(X0) | ~sag(X0))),
  inference(ennf_transformation,[],[f343])).
fof(f343,plain,(
  ! [X0] : (sag(X0) => aso(X0))),
  inference(pure_predicate_removal,[],[f341])).
fof(f341,plain,(
  ! [X0] : ((sc(X0) | sag(X0)) => aso(X0))),
  inference(unused_predicate_definition_removal,[],[f195])).
fof(f195,plain,(
  ! [X0] : ((sc(X0) | sag(X0)) <=> aso(X0))),
  inference(rectify,[],[f8])).
fof(f8,axiom,(
  ! [X7] : ((sc(X7) | sag(X7)) <=> aso(X7))),
  file('outputs/dolce/subsumptions/type_sag_subsumed_to_sob.in',sos)).
fof(f769,plain,(
  spl18_26),
  inference(avatar_split_clause,[],[f541,f767])).
fof(f541,plain,(
  ( ! [X0] : (~aso(X0) | sob(X0)) )),
  inference(cnf_transformation,[],[f392])).
fof(f392,plain,(
  ! [X0] : (sob(X0) | (~naso(X0) & ~aso(X0)))),
  inference(ennf_transformation,[],[f340])).
fof(f340,plain,(
  ! [X0] : ((naso(X0) | aso(X0)) => sob(X0))),
  inference(unused_predicate_definition_removal,[],[f191])).
fof(f191,plain,(
  ! [X0] : ((naso(X0) | aso(X0)) <=> sob(X0))),
  inference(rectify,[],[f9])).
fof(f9,axiom,(
  ! [X8] : ((naso(X8) | aso(X8)) <=> sob(X8))),
  file('outputs/dolce/subsumptions/type_sag_subsumed_to_sob.in',sos)).
fof(f673,plain,(
  spl18_2),
  inference(avatar_split_clause,[],[f475,f671])).
fof(f475,plain,(
  sag(xyz)),
  inference(cnf_transformation,[],[f132])).
fof(f132,axiom,(
  sag(xyz)),
  file('outputs/dolce/subsumptions/type_sag_subsumed_to_sob.in',axiom1)).
fof(f669,plain,(
  ~spl18_1),
  inference(avatar_split_clause,[],[f474,f667])).
fof(f474,plain,(
  ~sob(xyz)),
  inference(cnf_transformation,[],[f133])).
fof(f133,axiom,(
  ~sob(xyz)),
  file('outputs/dolce/subsumptions/type_sag_subsumed_to_sob.in',axiom2)).
% SZS output end Proof for type_sag_subsumed_to_sob
% ------------------------------
% Version: Vampire 4.7 (commit af7d05f97 on 2022-09-30 11:01:41 +0200)
% Termination reason: Refutation

% Memory used [KB]: 6268
% Time elapsed: 0.006 s
% ------------------------------
% ------------------------------
% Success in time 0.012 s
