% Running in auto input_syntax mode. Trying TPTP
% ott+11_3_aac=none:afr=on:afp=4000:afq=1.4:amm=off:anc=all:bs=unit_only:bsr=on:bce=on:fde=unused:irw=on:nm=64:newcnf=on:nwc=1:nicw=on:sac=on:sp=reverse_arity:uhcvi=on_31 on type_r_subsumed_to_rl for (31ds)
% SZS status Satisfiable for type_r_subsumed_to_rl
% # SZS output start Saturation.
cnf(u673,axiom,
    ~rl(xyz)).

cnf(u677,axiom,
    r(xyz)).

cnf(u681,axiom,
    ~ds(X0) | ~c(X0)).

cnf(u685,axiom,
    ~ped(X0) | ~nped(X0)).

cnf(u689,axiom,
    ~tr(X0) | ~ar(X0)).

cnf(u693,axiom,
    ~tr(X0) | ~pr(X0)).

cnf(u697,axiom,
    ~pr(X0) | ~ar(X0)).

cnf(u701,axiom,
    ~tq(X0) | ~pq(X0)).

cnf(u705,axiom,
    ~tq(X0) | ~aq(X0)).

cnf(u709,axiom,
    ~pq(X0) | ~aq(X0)).

cnf(u713,axiom,
    ~q(X0) | ~ab(X0)).

cnf(u717,axiom,
    ~ed(X0) | ~ab(X0)).

cnf(u721,axiom,
    ~pd(X0) | ~ab(X0)).

cnf(u725,axiom,
    ~q(X0) | ~ed(X0)).

cnf(u729,axiom,
    ~pd(X0) | ~ed(X0)).

cnf(u733,axiom,
    ~q(X0) | ~pd(X0)).

cnf(u737,axiom,
    ~npob(X0) | nped(X0)).

cnf(u741,axiom,
    ~r(X0) | ab(X0)).

cnf(u745,axiom,
    ~s(X0) | pr(X0)).

cnf(u749,axiom,
    ~ds(X0) | naso(X0)).

cnf(u753,axiom,
    ~tl(X0) | tq(X0)).

cnf(u757,axiom,
    ~sl(X0) | pq(X0)).

cnf(u761,axiom,
    ~c(X0) | naso(X0)).

cnf(u765,axiom,
    ~t(X0) | tr(X0)).

cnf(u769,axiom,
    ~sob(X0) | npob(X0)).

cnf(u773,axiom,
    ~naso(X0) | sob(X0)).

cnf(u777,axiom,
    ~nped(X0) | ed(X0)).

cnf(u781,axiom,
    ~ped(X0) | ed(X0)).

cnf(u785,axiom,
    ~ar(X0) | r(X0)).

cnf(u789,axiom,
    ~pr(X0) | r(X0)).

cnf(u793,axiom,
    ~tr(X0) | r(X0)).

cnf(u797,axiom,
    ~aq(X0) | q(X0)).

cnf(u801,axiom,
    ~pq(X0) | q(X0)).

cnf(u805,axiom,
    ~tq(X0) | q(X0)).

cnf(u809,axiom,
    ~ped(X0) | sl(sK1(X0))).

cnf(u813,axiom,
    ~nped(X0) | aq(sK2(X0))).

cnf(u817,axiom,
    ~tq(X0) | pd(sK4(X0))).

cnf(u821,axiom,
    ~pq(X0) | ped(sK5(X0))).

cnf(u825,axiom,
    ~aq(X0) | nped(sK6(X0))).

cnf(u829,axiom,
    ~pd(X0) | tl(sK10(X0))).

cnf(u833,axiom,
    p(X0,X0) | ~ab(X0)).

cnf(u837,axiom,
    ~pd(X0) | p(X0,X0)).

cnf(u841,axiom,
    ~ql(X0,X1) | tr(X0)).

cnf(u845,axiom,
    ~us(X0,X1) | c(X0)).

cnf(u849,axiom,
    ~us(X0,X1) | ds(X1)).

cnf(u853,axiom,
    ~dqt(X0,X1) | q(X0)).

cnf(u857,axiom,
    ~pre(X0,X1) | t(X1)).

cnf(u862,axiom,
    ab(xyz)).

cnf(u866,axiom,
    ~ds(X0) | us(sK0(X0),X0)).

cnf(u870,axiom,
    ~ped(X0) | dqt(sK1(X0),X0)).

cnf(u874,axiom,
    ~nped(X0) | dqt(sK2(X0),X0)).

cnf(u878,axiom,
    ~tq(X0) | ql(sK3(X0),X0)).

cnf(u882,axiom,
    ~tq(X0) | dqt(X0,sK4(X0))).

cnf(u886,axiom,
    ~pq(X0) | dqt(X0,sK5(X0))).

cnf(u890,axiom,
    ~aq(X0) | dqt(X0,sK6(X0))).

cnf(u894,axiom,
    df(X0,sK7(X0)) | ~c(X0)).

cnf(u898,axiom,
    ~pd(X0) | dqt(sK10(X0),X0)).

cnf(u902,axiom,
    ~fd(X0) | ~arc(X0) | rl(X0)).

cnf(u906,axiom,
    ~df(X0,X1) | us(X0,X1)).

cnf(u910,axiom,
    ~cf(X0,X1,X2) | ed(X0)).

cnf(u914,axiom,
    ~cf(X0,X1,X2) | c(X1)).

cnf(u918,axiom,
    ~cf(X0,X1,X2) | t(X2)).

cnf(u922,axiom,
    ~tql(X0,X1,X2) | t(X2)).

cnf(u926,axiom,
    ~k(X0,X1,X2) | t(X2)).

cnf(u930,axiom,
    ~pc(X0,X1,X2) | ed(X0)).

cnf(u934,axiom,
    ~pc(X0,X1,X2) | pd(X1)).

cnf(u938,axiom,
    ~pc(X0,X1,X2) | t(X2)).

cnf(u942,axiom,
    ~tp(X0,X1,X2) | ed(X0)).

cnf(u946,axiom,
    ~tp(X0,X1,X2) | ed(X1)).

cnf(u950,axiom,
    ~tp(X0,X1,X2) | t(X2)).

cnf(u954,axiom,
    ~p(X0,X1) | ab(X1) | pd(X1)).

cnf(u958,axiom,
    ~p(X0,X1) | ab(X0) | pd(X0)).

cnf(u962,axiom,
    ~s(X1) | ~p(X0,X1) | s(X0)).

cnf(u966,axiom,
    ~s(X0) | s(X1) | ~p(X0,X1)).

cnf(u970,axiom,
    ~ar(X1) | ~p(X0,X1) | ar(X0)).

cnf(u974,axiom,
    ~ar(X0) | ar(X1) | ~p(X0,X1)).

cnf(u978,axiom,
    ~ab(X1) | ~p(X0,X1) | ab(X0)).

cnf(u982,axiom,
    ~ab(X0) | ab(X1) | ~p(X0,X1)).

cnf(u986,axiom,
    ~t(X1) | ~p(X0,X1) | t(X0)).

cnf(u990,axiom,
    ~t(X0) | t(X1) | ~p(X0,X1)).

cnf(u994,axiom,
    ~pd(X1) | ~p(X0,X1) | pd(X0)).

cnf(u998,axiom,
    ~pd(X0) | pd(X1) | ~p(X0,X1)).

cnf(u1002,axiom,
    ~dqt(X0,X1) | ed(X1) | pd(X1)).

cnf(u1006,axiom,
    ~pd(X1) | ~dqt(X0,X1) | tq(X0)).

cnf(u1010,axiom,
    ~tq(X0) | pd(X1) | ~dqt(X0,X1)).

cnf(u1014,axiom,
    ~ped(X1) | ~dqt(X0,X1) | pq(X0)).

cnf(u1018,axiom,
    ~pq(X0) | ped(X1) | ~dqt(X0,X1)).

cnf(u1022,axiom,
    ~nped(X1) | ~dqt(X0,X1) | aq(X0)).

cnf(u1026,axiom,
    ~aq(X0) | nped(X1) | ~dqt(X0,X1)).

cnf(u1030,axiom,
    ~tl(X1) | ~ql(X0,X1) | t(X0)).

cnf(u1034,axiom,
    ~cf(X0,X1,X2) | pre(X0,X2)).

cnf(u1038,axiom,
    ~tql(X0,X1,X2) | pre(X1,X2)).

cnf(u1042,axiom,
    ~k(X0,X1,X2) | pre(X0,X2)).

cnf(u1046,axiom,
    ~k(X0,X1,X2) | pre(X1,X2)).

cnf(u1050,axiom,
    ~pc(X0,X1,X2) | pre(X0,X2)).

cnf(u1054,axiom,
    ~pc(X0,X1,X2) | pre(X1,X2)).

cnf(u1058,axiom,
    ~tp(X0,X1,X2) | pre(X0,X2)).

cnf(u1062,axiom,
    ~tp(X0,X1,X2) | pre(X1,X2)).

cnf(u1067,axiom,
    ~ed(X0) | pc(X0,sK8(X0),sK9(X0))).

cnf(u1071,axiom,
    ~q(X0) | aq(X0) | pq(X0) | tq(X0)).

cnf(u1075,axiom,
    ~ov(X0,X1) | p(sK19(X0,X1),X0)).

cnf(u1079,axiom,
    ~ov(X0,X1) | p(sK19(X0,X1),X1)).

cnf(u1083,axiom,
    ~cf(X1,X0,X2) | ~cf(X0,X1,X2)).

cnf(u1087,axiom,
    ~tql(X0,X1,X2) | pq(X1) | aq(X1)).

cnf(u1091,axiom,
    ~tql(X0,X1,X2) | pr(X0) | ar(X0)).

cnf(u1095,axiom,
    ~aq(X1) | ~tql(X0,X1,X2) | ar(X0)).

cnf(u1099,axiom,
    ~ar(X0) | aq(X1) | ~tql(X0,X1,X2)).

cnf(u1103,axiom,
    ~pq(X1) | ~tql(X0,X1,X2) | pr(X0)).

cnf(u1107,axiom,
    ~pr(X0) | pq(X1) | ~tql(X0,X1,X2)).

cnf(u1111,axiom,
    ~k(X1,X0,X2) | ~k(X0,X1,X2)).

cnf(u1115,axiom,
    ~k(X0,X1,X2) | ed(X1) | pd(X1)).

cnf(u1119,axiom,
    ~k(X0,X1,X2) | ed(X0) | pd(X0)).

cnf(u1123,axiom,
    ~ped(X1) | ~k(X0,X1,X2) | ped(X0)).

cnf(u1127,axiom,
    ~ped(X0) | ped(X1) | ~k(X0,X1,X2)).

cnf(u1131,axiom,
    ~nped(X1) | ~k(X0,X1,X2) | nped(X0)).

cnf(u1135,axiom,
    ~nped(X0) | nped(X1) | ~k(X0,X1,X2)).

cnf(u1139,axiom,
    ~pd(X1) | ~k(X0,X1,X2) | pd(X0)).

cnf(u1143,axiom,
    ~pd(X0) | pd(X1) | ~k(X0,X1,X2)).

cnf(u1147,axiom,
    ~ped(X1) | ~tp(X0,X1,X2) | ped(X0)).

cnf(u1151,axiom,
    ~ped(X0) | ped(X1) | ~tp(X0,X1,X2)).

cnf(u1155,axiom,
    ~nped(X1) | ~tp(X0,X1,X2) | nped(X0)).

cnf(u1159,axiom,
    ~nped(X0) | nped(X1) | ~tp(X0,X1,X2)).

cnf(u1163,axiom,
    ~sl(X1) | ~tql(X0,X1,X2) | s(X0)).

cnf(u1167,axiom,
    ~dif(X2,X0,X1) | ab(X1) | pd(X2)).

cnf(u1171,axiom,
    ~dif(X2,X0,X1) | ab(X0) | pd(X2)).

cnf(u1175,axiom,
    ~dif(X2,X0,X1) | ab(X2) | pd(X2)).

cnf(u1179,axiom,
    ~dif(X2,X0,X1) | ab(X2) | pd(X0)).

cnf(u1183,axiom,
    ~dif(X2,X0,X1) | ab(X2) | pd(X1)).

cnf(u1191,axiom,
    ~p(X0,xyz) | ab(X0)).

cnf(u1196,axiom,
    ~p(xyz,X0) | ab(X0)).

cnf(u1201,axiom,
    ~c(X0) | us(X0,sK7(X0))).

cnf(u1205,axiom,
    ~pre(X0,X1) | ed(X0) | pd(X0) | q(X0)).

cnf(u1209,axiom,
    ~ed(X0) | ~pre(X0,X1) | tp(X0,X0,X1)).

cnf(u1213,axiom,
    ~p(X1,X0) | ~p(X0,X1) | X0 = X1).

cnf(u1217,axiom,
    ~p(X2,X1) | ~p(X2,X0) | ov(X0,X1)).

cnf(u1221,axiom,
    ~pre(X0,X2) | ~df(X0,X1) | pre(X1,X2)).

cnf(u1225,axiom,
    ~us(X0,X1) | ~pre(X1,X2) | pre(X0,X2)).

cnf(u1229,axiom,
    ~ql(X2,X1) | ~ql(X0,X1) | X0 = X2).

cnf(u1233,axiom,
    ~df(X0,X2) | ~df(X0,X1) | X1 = X2).

cnf(u1237,axiom,
    ~p(X1,X2) | ~p(X0,X1) | p(X0,X2)).

cnf(u1241,axiom,
    ~dqt(X0,X2) | ~dqt(X0,X1) | X1 = X2).

cnf(u1245,axiom,
    ~pre(X0,X1) | ~p(X2,X1) | pre(X0,X2)).

cnf(u1249,axiom,
    ~c(X0) | cf(sK13(X0),X0,sK14(X0)) | arc(X0)).

cnf(u1253,axiom,
    ~dif(X2,X0,X1) | p(X3,X0) | ~p(X3,X2)).

cnf(u1257,axiom,
    ~dif(X2,X0,X1) | ~ov(X3,X1) | ~p(X3,X2)).

cnf(u1265,axiom,
    ~ab(X0) | ov(X1,X0) | ~p(X0,X1)).

cnf(u1270,axiom,
    ~pd(X0) | ~pre(X0,X1) | pc(sK17(X0,X1),X0,X1)).

cnf(u1274,axiom,
    ~p(xyz,X0) | ov(X0,xyz)).

cnf(u1280,axiom,
    ov(xyz,xyz)).

cnf(u1284,axiom,
    ~pq(X0) | ~pre(X0,X1) | tql(sK18(X0,X1),X0,X1)).

cnf(u1290,axiom,
    p(sK19(xyz,xyz),xyz)).

cnf(u1300,axiom,
    ~aq(X0) | ~pre(X0,X1) | tql(sK18(X0,X1),X0,X1)).

cnf(u1304,axiom,
    ab(sK19(xyz,xyz))).

cnf(u1311,axiom,
    ~p(sK19(xyz,xyz),X1) | ab(X1)).

cnf(u1315,axiom,
    ~tql(X0,X1,X2) | ~p(X3,X2) | tql(X0,X1,X3)).

cnf(u1321,axiom,
    ~p(X2,sK19(xyz,xyz)) | ab(X2)).

cnf(u1326,axiom,
    ~k(X0,X1,X2) | ~p(X3,X2) | k(X0,X1,X3)).

cnf(u1330,axiom,
    ~p(X0,sK19(xyz,xyz)) | p(X0,xyz)).

cnf(u1335,axiom,
    ~p(sK19(xyz,xyz),X1) | ov(X1,xyz)).

cnf(u1339,axiom,
    ~pc(X0,X1,X2) | ~p(X3,X2) | pc(X0,X1,X3)).

cnf(u1346,axiom,
    ov(sK19(xyz,xyz),xyz)).

cnf(u1352,axiom,
    ~tp(X0,X1,X2) | ~p(X3,X2) | tp(X0,X1,X3)).

cnf(u1356,axiom,
    p(sK19(sK19(xyz,xyz),xyz),xyz)).

cnf(u1366,axiom,
    ab(sK19(sK19(xyz,xyz),xyz))).

cnf(u1373,axiom,
    ~cf(X1,X2,X3) | ~cf(X2,X0,X3) | ~cf(X1,X0,X3)).

cnf(u1377,axiom,
    ~c(X0) | sK7(X0) = X1 | ~df(X0,X1)).

cnf(u1381,axiom,
    p(sK19(sK19(xyz,xyz),xyz),sK19(xyz,xyz))).

cnf(u1385,axiom,
    ~k(X1,X2,X3) | ~k(X0,X1,X3) | k(X0,X2,X3)).

cnf(u1396,axiom,
    ~p(sK19(sK19(xyz,xyz),xyz),X1) | ab(X1)).

cnf(u1403,axiom,
    ~tp(X1,X2,X3) | ~tp(X0,X1,X3) | tp(X0,X2,X3)).

cnf(u1407,axiom,
    ~p(X2,sK19(sK19(xyz,xyz),xyz)) | ab(X2)).

cnf(u1412,axiom,
    xyz = sK19(xyz,xyz)).

cnf(u1419,axiom,
    ~c(X0) | ~pre(sK13(X0),X3) | cf(sK13(X0),X0,X3) | arc(X0)).

cnf(u1423,axiom,
    ov(X0,sK19(xyz,xyz)) | ~p(sK19(xyz,xyz),X0)).

cnf(u1429,axiom,
    ~p(X0,sK19(sK19(xyz,xyz),xyz)) | p(X0,xyz)).

cnf(u1433,axiom,
    ~ab(X1) | ~ab(X0) | p(X0,X1) | dif(sK15(X0,X1),X0,X1)).

cnf(u1438,axiom,
    ~p(sK19(sK19(xyz,xyz),xyz),X1) | ov(X1,xyz)).

cnf(u1446,axiom,
    ~pd(X1) | ~pd(X0) | p(X0,X1) | dif(sK16(X0,X1),X0,X1)).

cnf(u1450,axiom,
    ov(sK19(sK19(xyz,xyz),xyz),xyz)).

cnf(u1456,axiom,
    p(sK19(sK19(sK19(xyz,xyz),xyz),xyz),xyz)).

cnf(u1460,axiom,
    ~sl(X1) | ~dqt(X1,X2) | ~sl(X0) | ~dqt(X0,X2) | X0 = X1).

cnf(u1470,axiom,
    ab(sK19(sK19(sK19(xyz,xyz),xyz),xyz))).

cnf(u1477,axiom,
    ~tl(X1) | ~dqt(X1,X2) | ~tl(X0) | ~dqt(X0,X2) | X0 = X1).

cnf(u1481,axiom,
    ~dif(X2,X0,X1) | ~p(X3,X0) | ov(X3,X1) | p(X3,X2)).

cnf(u1485,axiom,
    ~p(sK19(sK19(sK19(xyz,xyz),xyz),xyz),X1) | ab(X1)).

cnf(u1491,axiom,
    ~p(X2,sK19(sK19(sK19(xyz,xyz),xyz),xyz)) | ab(X2)).

cnf(u1500,axiom,
    ~ab(X0) | p(X0,xyz) | dif(sK15(X0,xyz),X0,xyz)).

cnf(u1511,axiom,
    p(xyz,xyz)).

cnf(u1537,axiom,
    ~p(sK19(xyz,xyz),X1) | p(sK19(X1,sK19(xyz,xyz)),X1)).

cnf(u1544,axiom,
    p(sK19(xyz,sK19(xyz,xyz)),xyz)).

cnf(u1548,axiom,
    ~us(X1,X2) | ~df(X0,X2) | cf(sK11(X0,X1),X0,sK12(X0,X1)) | fd(X0)).

cnf(u1558,axiom,
    ab(sK19(xyz,sK19(xyz,xyz)))).

cnf(u1567,axiom,
    ~p(sK19(xyz,sK19(xyz,xyz)),X2) | ab(X2)).

cnf(u1573,axiom,
    ~p(X3,sK19(xyz,sK19(xyz,xyz))) | ab(X3)).

cnf(u1577,axiom,
    ~us(X1,X2) | ~df(X0,X2) | ~cf(X5,X1,sK12(X0,X1)) | tp(sK11(X0,X1),X5,sK12(X0,X1)) | tp(X5,sK11(X0,X1),sK12(X0,X1)) | fd(X0)).

cnf(u1582,axiom,
    ~p(X0,sK19(xyz,sK19(xyz,xyz))) | p(X0,xyz)).

cnf(u1587,axiom,
    ~p(sK19(xyz,sK19(xyz,xyz)),X1) | ov(X1,xyz)).

cnf(u1594,axiom,
    ov(sK19(xyz,sK19(xyz,xyz)),xyz)).

cnf(u1598,axiom,
    ~ab(X1) | p(X1,sK19(xyz,xyz)) | dif(sK15(X1,sK19(xyz,xyz)),X1,sK19(xyz,xyz))).

cnf(u1604,axiom,
    p(sK19(sK19(xyz,sK19(xyz,xyz)),xyz),xyz)).

cnf(u1620,axiom,
    ab(sK19(sK19(xyz,sK19(xyz,xyz)),xyz))).

cnf(u1801,axiom,
    ~p(xyz,X1) | p(sK19(X1,xyz),X1)).

cnf(u2069,axiom,
    ~p(xyz,X0) | p(sK19(X0,xyz),xyz)).

cnf(u2183,axiom,
    ~p(sK19(xyz,xyz),X0) | p(sK19(X0,sK19(xyz,xyz)),sK19(xyz,xyz))).

% # SZS output end Saturation.
% ------------------------------
% Version: Vampire 4.7 (commit af7d05f97 on 2022-09-30 11:01:41 +0200)
% Termination reason: Satisfiable

% Memory used [KB]: 6780
% Time elapsed: 0.024 s
% ------------------------------
% ------------------------------
% Success in time 0.033 s
