% Running in auto input_syntax mode. Trying TPTP
% ott+11_3_aac=none:afr=on:afp=4000:afq=1.4:amm=off:anc=all:bs=unit_only:bsr=on:bce=on:fde=unused:irw=on:nm=64:newcnf=on:nwc=1:nicw=on:sac=on:sp=reverse_arity:uhcvi=on_31 on type_r_subsumed_to_pt for (31ds)
% Refutation found. Thanks to Tanya!
% SZS status Unsatisfiable for type_r_subsumed_to_pt
% SZS output start Proof for type_r_subsumed_to_pt
fof(f881,plain,(
  $false),
  inference(avatar_sat_refutation,[],[f672,f676,f740,f808,f877,f880])).
fof(f880,plain,(
  spl18_1 | ~spl18_35 | ~spl18_52),
  inference(avatar_contradiction_clause,[],[f879])).
fof(f879,plain,(
  $false | (spl18_1 | ~spl18_35 | ~spl18_52)),
  inference(subsumption_resolution,[],[f878,f876])).
fof(f876,plain,(
  ab(xyz) | ~spl18_52),
  inference(avatar_component_clause,[],[f875])).
fof(f875,plain,(
  spl18_52 <=> ab(xyz)),
  introduced(avatar_definition,[new_symbols(naming,[spl18_52])])).
fof(f878,plain,(
  ~ab(xyz) | (spl18_1 | ~spl18_35)),
  inference(resolution,[],[f807,f671])).
fof(f671,plain,(
  ~pt(xyz) | spl18_1),
  inference(avatar_component_clause,[],[f670])).
fof(f670,plain,(
  spl18_1 <=> pt(xyz)),
  introduced(avatar_definition,[new_symbols(naming,[spl18_1])])).
fof(f807,plain,(
  ( ! [X0] : (pt(X0) | ~ab(X0)) ) | ~spl18_35),
  inference(avatar_component_clause,[],[f806])).
fof(f806,plain,(
  spl18_35 <=> ! [X0] : (~ab(X0) | pt(X0))),
  introduced(avatar_definition,[new_symbols(naming,[spl18_35])])).
fof(f877,plain,(
  spl18_52 | ~spl18_2 | ~spl18_18),
  inference(avatar_split_clause,[],[f873,f738,f674,f875])).
fof(f674,plain,(
  spl18_2 <=> r(xyz)),
  introduced(avatar_definition,[new_symbols(naming,[spl18_2])])).
fof(f738,plain,(
  spl18_18 <=> ! [X0] : (~r(X0) | ab(X0))),
  introduced(avatar_definition,[new_symbols(naming,[spl18_18])])).
fof(f873,plain,(
  ab(xyz) | (~spl18_2 | ~spl18_18)),
  inference(resolution,[],[f739,f675])).
fof(f675,plain,(
  r(xyz) | ~spl18_2),
  inference(avatar_component_clause,[],[f674])).
fof(f739,plain,(
  ( ! [X0] : (~r(X0) | ab(X0)) ) | ~spl18_18),
  inference(avatar_component_clause,[],[f738])).
fof(f808,plain,(
  spl18_35),
  inference(avatar_split_clause,[],[f559,f806])).
fof(f559,plain,(
  ( ! [X0] : (~ab(X0) | pt(X0)) )),
  inference(cnf_transformation,[],[f396])).
fof(f396,plain,(
  ! [X0] : (pt(X0) | (~q(X0) & ~pd(X0) & ~ed(X0) & ~ab(X0)))),
  inference(ennf_transformation,[],[f341])).
fof(f341,plain,(
  ! [X0] : ((q(X0) | pd(X0) | ed(X0) | ab(X0)) => pt(X0))),
  inference(unused_predicate_definition_removal,[],[f1])).
fof(f1,axiom,(
  ! [X0] : ((q(X0) | pd(X0) | ed(X0) | ab(X0)) <=> pt(X0))),
  file('outputs/dolce/subsumptions/type_r_subsumed_to_pt.in',sos)).
fof(f740,plain,(
  spl18_18),
  inference(avatar_split_clause,[],[f502,f738])).
fof(f502,plain,(
  ( ! [X0] : (~r(X0) | ab(X0)) )),
  inference(cnf_transformation,[],[f374])).
fof(f374,plain,(
  ! [X0] : (ab(X0) | ~r(X0))),
  inference(ennf_transformation,[],[f162])).
fof(f162,plain,(
  ! [X0] : (r(X0) => ab(X0))),
  inference(rectify,[],[f14])).
fof(f14,axiom,(
  ! [X13] : (r(X13) => ab(X13))),
  file('outputs/dolce/subsumptions/type_r_subsumed_to_pt.in',sos)).
fof(f676,plain,(
  spl18_2),
  inference(avatar_split_clause,[],[f476,f674])).
fof(f476,plain,(
  r(xyz)),
  inference(cnf_transformation,[],[f132])).
fof(f132,axiom,(
  r(xyz)),
  file('outputs/dolce/subsumptions/type_r_subsumed_to_pt.in',axiom1)).
fof(f672,plain,(
  ~spl18_1),
  inference(avatar_split_clause,[],[f475,f670])).
fof(f475,plain,(
  ~pt(xyz)),
  inference(cnf_transformation,[],[f133])).
fof(f133,axiom,(
  ~pt(xyz)),
  file('outputs/dolce/subsumptions/type_r_subsumed_to_pt.in',axiom2)).
% SZS output end Proof for type_r_subsumed_to_pt
% ------------------------------
% Version: Vampire 4.7 (commit af7d05f97 on 2022-09-30 11:01:41 +0200)
% Termination reason: Refutation

% Memory used [KB]: 6140
% Time elapsed: 0.006 s
% ------------------------------
% ------------------------------
% Success in time 0.014 s
