% Running in auto input_syntax mode. Trying TPTP
% ott+11_3_aac=none:afr=on:afp=4000:afq=1.4:amm=off:anc=all:bs=unit_only:bsr=on:bce=on:fde=unused:irw=on:nm=64:newcnf=on:nwc=1:nicw=on:sac=on:sp=reverse_arity:uhcvi=on_31 on type_mob_subsumed_to_pt for (31ds)
% Refutation found. Thanks to Tanya!
% SZS status Unsatisfiable for type_mob_subsumed_to_pt
% SZS output start Proof for type_mob_subsumed_to_pt
fof(f983,plain,(
  $false),
  inference(avatar_sat_refutation,[],[f674,f678,f742,f778,f786,f822,f959,f968,f978,f982])).
fof(f982,plain,(
  spl18_1 | ~spl18_38 | ~spl18_76),
  inference(avatar_contradiction_clause,[],[f981])).
fof(f981,plain,(
  $false | (spl18_1 | ~spl18_38 | ~spl18_76)),
  inference(subsumption_resolution,[],[f979,f673])).
fof(f673,plain,(
  ~pt(xyz) | spl18_1),
  inference(avatar_component_clause,[],[f672])).
fof(f672,plain,(
  spl18_1 <=> pt(xyz)),
  introduced(avatar_definition,[new_symbols(naming,[spl18_1])])).
fof(f979,plain,(
  pt(xyz) | (~spl18_38 | ~spl18_76)),
  inference(resolution,[],[f977,f821])).
fof(f821,plain,(
  ( ! [X0] : (~ed(X0) | pt(X0)) ) | ~spl18_38),
  inference(avatar_component_clause,[],[f820])).
fof(f820,plain,(
  spl18_38 <=> ! [X0] : (~ed(X0) | pt(X0))),
  introduced(avatar_definition,[new_symbols(naming,[spl18_38])])).
fof(f977,plain,(
  ed(xyz) | ~spl18_76),
  inference(avatar_component_clause,[],[f976])).
fof(f976,plain,(
  spl18_76 <=> ed(xyz)),
  introduced(avatar_definition,[new_symbols(naming,[spl18_76])])).
fof(f978,plain,(
  spl18_76 | ~spl18_29 | ~spl18_74),
  inference(avatar_split_clause,[],[f970,f966,f784,f976])).
fof(f784,plain,(
  spl18_29 <=> ! [X0] : (ed(X0) | ~nped(X0))),
  introduced(avatar_definition,[new_symbols(naming,[spl18_29])])).
fof(f966,plain,(
  spl18_74 <=> nped(xyz)),
  introduced(avatar_definition,[new_symbols(naming,[spl18_74])])).
fof(f970,plain,(
  ed(xyz) | (~spl18_29 | ~spl18_74)),
  inference(resolution,[],[f967,f785])).
fof(f785,plain,(
  ( ! [X0] : (~nped(X0) | ed(X0)) ) | ~spl18_29),
  inference(avatar_component_clause,[],[f784])).
fof(f967,plain,(
  nped(xyz) | ~spl18_74),
  inference(avatar_component_clause,[],[f966])).
fof(f968,plain,(
  spl18_74 | ~spl18_2 | ~spl18_72),
  inference(avatar_split_clause,[],[f964,f957,f676,f966])).
fof(f676,plain,(
  spl18_2 <=> mob(xyz)),
  introduced(avatar_definition,[new_symbols(naming,[spl18_2])])).
fof(f957,plain,(
  spl18_72 <=> ! [X0] : (~mob(X0) | nped(X0))),
  introduced(avatar_definition,[new_symbols(naming,[spl18_72])])).
fof(f964,plain,(
  nped(xyz) | (~spl18_2 | ~spl18_72)),
  inference(resolution,[],[f958,f677])).
fof(f677,plain,(
  mob(xyz) | ~spl18_2),
  inference(avatar_component_clause,[],[f676])).
fof(f958,plain,(
  ( ! [X0] : (~mob(X0) | nped(X0)) ) | ~spl18_72),
  inference(avatar_component_clause,[],[f957])).
fof(f959,plain,(
  spl18_72 | ~spl18_18 | ~spl18_27),
  inference(avatar_split_clause,[],[f883,f776,f740,f957])).
fof(f740,plain,(
  spl18_18 <=> ! [X0] : (~npob(X0) | nped(X0))),
  introduced(avatar_definition,[new_symbols(naming,[spl18_18])])).
fof(f776,plain,(
  spl18_27 <=> ! [X0] : (~mob(X0) | npob(X0))),
  introduced(avatar_definition,[new_symbols(naming,[spl18_27])])).
fof(f883,plain,(
  ( ! [X0] : (~mob(X0) | nped(X0)) ) | (~spl18_18 | ~spl18_27)),
  inference(resolution,[],[f777,f741])).
fof(f741,plain,(
  ( ! [X0] : (~npob(X0) | nped(X0)) ) | ~spl18_18),
  inference(avatar_component_clause,[],[f740])).
fof(f777,plain,(
  ( ! [X0] : (npob(X0) | ~mob(X0)) ) | ~spl18_27),
  inference(avatar_component_clause,[],[f776])).
fof(f822,plain,(
  spl18_38),
  inference(avatar_split_clause,[],[f562,f820])).
fof(f562,plain,(
  ( ! [X0] : (~ed(X0) | pt(X0)) )),
  inference(cnf_transformation,[],[f397])).
fof(f397,plain,(
  ! [X0] : (pt(X0) | (~q(X0) & ~pd(X0) & ~ed(X0) & ~ab(X0)))),
  inference(ennf_transformation,[],[f342])).
fof(f342,plain,(
  ! [X0] : ((q(X0) | pd(X0) | ed(X0) | ab(X0)) => pt(X0))),
  inference(unused_predicate_definition_removal,[],[f1])).
fof(f1,axiom,(
  ! [X0] : ((q(X0) | pd(X0) | ed(X0) | ab(X0)) <=> pt(X0))),
  file('outputs/dolce/subsumptions/type_mob_subsumed_to_pt.in',sos)).
fof(f786,plain,(
  spl18_29),
  inference(avatar_split_clause,[],[f551,f784])).
fof(f551,plain,(
  ( ! [X0] : (ed(X0) | ~nped(X0)) )),
  inference(cnf_transformation,[],[f195])).
fof(f195,plain,(
  ! [X0] : ((ped(X0) | nped(X0) | as(X0)) <=> ed(X0))),
  inference(rectify,[],[f2])).
fof(f2,axiom,(
  ! [X1] : ((ped(X1) | nped(X1) | as(X1)) <=> ed(X1))),
  file('outputs/dolce/subsumptions/type_mob_subsumed_to_pt.in',sos)).
fof(f778,plain,(
  spl18_27),
  inference(avatar_split_clause,[],[f544,f776])).
fof(f544,plain,(
  ( ! [X0] : (~mob(X0) | npob(X0)) )),
  inference(cnf_transformation,[],[f394])).
fof(f394,plain,(
  ! [X0] : (npob(X0) | (~mob(X0) & ~sob(X0)))),
  inference(ennf_transformation,[],[f339])).
fof(f339,plain,(
  ! [X0] : ((mob(X0) | sob(X0)) => npob(X0))),
  inference(unused_predicate_definition_removal,[],[f192])).
fof(f192,plain,(
  ! [X0] : ((mob(X0) | sob(X0)) <=> npob(X0))),
  inference(rectify,[],[f12])).
fof(f12,axiom,(
  ! [X11] : ((mob(X11) | sob(X11)) <=> npob(X11))),
  file('outputs/dolce/subsumptions/type_mob_subsumed_to_pt.in',sos)).
fof(f742,plain,(
  spl18_18),
  inference(avatar_split_clause,[],[f502,f740])).
fof(f502,plain,(
  ( ! [X0] : (~npob(X0) | nped(X0)) )),
  inference(cnf_transformation,[],[f372])).
fof(f372,plain,(
  ! [X0] : (nped(X0) | ~npob(X0))),
  inference(ennf_transformation,[],[f160])).
fof(f160,plain,(
  ! [X0] : (npob(X0) => nped(X0))),
  inference(rectify,[],[f16])).
fof(f16,axiom,(
  ! [X15] : (npob(X15) => nped(X15))),
  file('outputs/dolce/subsumptions/type_mob_subsumed_to_pt.in',sos)).
fof(f678,plain,(
  spl18_2),
  inference(avatar_split_clause,[],[f477,f676])).
fof(f477,plain,(
  mob(xyz)),
  inference(cnf_transformation,[],[f132])).
fof(f132,axiom,(
  mob(xyz)),
  file('outputs/dolce/subsumptions/type_mob_subsumed_to_pt.in',axiom1)).
fof(f674,plain,(
  ~spl18_1),
  inference(avatar_split_clause,[],[f476,f672])).
fof(f476,plain,(
  ~pt(xyz)),
  inference(cnf_transformation,[],[f133])).
fof(f133,axiom,(
  ~pt(xyz)),
  file('outputs/dolce/subsumptions/type_mob_subsumed_to_pt.in',axiom2)).
% SZS output end Proof for type_mob_subsumed_to_pt
% ------------------------------
% Version: Vampire 4.7 (commit af7d05f97 on 2022-09-30 11:01:41 +0200)
% Termination reason: Refutation

% Memory used [KB]: 6268
% Time elapsed: 0.007 s
% ------------------------------
% ------------------------------
% Success in time 0.013 s
