% Running in auto input_syntax mode. Trying TPTP
% ott+11_3_aac=none:afr=on:afp=4000:afq=1.4:amm=off:anc=all:bs=unit_only:bsr=on:bce=on:fde=unused:irw=on:nm=64:newcnf=on:nwc=1:nicw=on:sac=on:sp=reverse_arity:uhcvi=on_31 on type_sc_subsumed_to_sob for (31ds)
% Refutation found. Thanks to Tanya!
% SZS status Unsatisfiable for type_sc_subsumed_to_sob
% SZS output start Proof for type_sc_subsumed_to_sob
fof(f874,plain,(
  $false),
  inference(avatar_sat_refutation,[],[f669,f673,f769,f773,f870,f873])).
fof(f873,plain,(
  ~spl18_2 | ~spl18_26 | spl18_51),
  inference(avatar_contradiction_clause,[],[f872])).
fof(f872,plain,(
  $false | (~spl18_2 | ~spl18_26 | spl18_51)),
  inference(subsumption_resolution,[],[f871,f672])).
fof(f672,plain,(
  sc(xyz) | ~spl18_2),
  inference(avatar_component_clause,[],[f671])).
fof(f671,plain,(
  spl18_2 <=> sc(xyz)),
  introduced(avatar_definition,[new_symbols(naming,[spl18_2])])).
fof(f871,plain,(
  ~sc(xyz) | (~spl18_26 | spl18_51)),
  inference(resolution,[],[f869,f768])).
fof(f768,plain,(
  ( ! [X0] : (aso(X0) | ~sc(X0)) ) | ~spl18_26),
  inference(avatar_component_clause,[],[f767])).
fof(f767,plain,(
  spl18_26 <=> ! [X0] : (~sc(X0) | aso(X0))),
  introduced(avatar_definition,[new_symbols(naming,[spl18_26])])).
fof(f869,plain,(
  ~aso(xyz) | spl18_51),
  inference(avatar_component_clause,[],[f868])).
fof(f868,plain,(
  spl18_51 <=> aso(xyz)),
  introduced(avatar_definition,[new_symbols(naming,[spl18_51])])).
fof(f870,plain,(
  ~spl18_51 | spl18_1 | ~spl18_27),
  inference(avatar_split_clause,[],[f866,f771,f667,f868])).
fof(f667,plain,(
  spl18_1 <=> sob(xyz)),
  introduced(avatar_definition,[new_symbols(naming,[spl18_1])])).
fof(f771,plain,(
  spl18_27 <=> ! [X0] : (~aso(X0) | sob(X0))),
  introduced(avatar_definition,[new_symbols(naming,[spl18_27])])).
fof(f866,plain,(
  ~aso(xyz) | (spl18_1 | ~spl18_27)),
  inference(resolution,[],[f772,f668])).
fof(f668,plain,(
  ~sob(xyz) | spl18_1),
  inference(avatar_component_clause,[],[f667])).
fof(f772,plain,(
  ( ! [X0] : (sob(X0) | ~aso(X0)) ) | ~spl18_27),
  inference(avatar_component_clause,[],[f771])).
fof(f773,plain,(
  spl18_27),
  inference(avatar_split_clause,[],[f542,f771])).
fof(f542,plain,(
  ( ! [X0] : (~aso(X0) | sob(X0)) )),
  inference(cnf_transformation,[],[f393])).
fof(f393,plain,(
  ! [X0] : (sob(X0) | (~naso(X0) & ~aso(X0)))),
  inference(ennf_transformation,[],[f340])).
fof(f340,plain,(
  ! [X0] : ((naso(X0) | aso(X0)) => sob(X0))),
  inference(unused_predicate_definition_removal,[],[f192])).
fof(f192,plain,(
  ! [X0] : ((naso(X0) | aso(X0)) <=> sob(X0))),
  inference(rectify,[],[f9])).
fof(f9,axiom,(
  ! [X8] : ((naso(X8) | aso(X8)) <=> sob(X8))),
  file('outputs/dolce/subsumptions/type_sc_subsumed_to_sob.in',sos)).
fof(f769,plain,(
  spl18_26),
  inference(avatar_split_clause,[],[f538,f767])).
fof(f538,plain,(
  ( ! [X0] : (~sc(X0) | aso(X0)) )),
  inference(cnf_transformation,[],[f392])).
fof(f392,plain,(
  ! [X0] : (aso(X0) | ~sc(X0))),
  inference(ennf_transformation,[],[f342])).
fof(f342,plain,(
  ! [X0] : (sc(X0) => aso(X0))),
  inference(pure_predicate_removal,[],[f341])).
fof(f341,plain,(
  ! [X0] : ((sc(X0) | sag(X0)) => aso(X0))),
  inference(unused_predicate_definition_removal,[],[f190])).
fof(f190,plain,(
  ! [X0] : ((sc(X0) | sag(X0)) <=> aso(X0))),
  inference(rectify,[],[f8])).
fof(f8,axiom,(
  ! [X7] : ((sc(X7) | sag(X7)) <=> aso(X7))),
  file('outputs/dolce/subsumptions/type_sc_subsumed_to_sob.in',sos)).
fof(f673,plain,(
  spl18_2),
  inference(avatar_split_clause,[],[f475,f671])).
fof(f475,plain,(
  sc(xyz)),
  inference(cnf_transformation,[],[f132])).
fof(f132,axiom,(
  sc(xyz)),
  file('outputs/dolce/subsumptions/type_sc_subsumed_to_sob.in',axiom1)).
fof(f669,plain,(
  ~spl18_1),
  inference(avatar_split_clause,[],[f474,f667])).
fof(f474,plain,(
  ~sob(xyz)),
  inference(cnf_transformation,[],[f133])).
fof(f133,axiom,(
  ~sob(xyz)),
  file('outputs/dolce/subsumptions/type_sc_subsumed_to_sob.in',axiom2)).
% SZS output end Proof for type_sc_subsumed_to_sob
% ------------------------------
% Version: Vampire 4.7 (commit af7d05f97 on 2022-09-30 11:01:41 +0200)
% Termination reason: Refutation

% Memory used [KB]: 6140
% Time elapsed: 0.006 s
% ------------------------------
% ------------------------------
% Success in time 0.011 s
