% Running in auto input_syntax mode. Trying TPTP
% ott+11_3_aac=none:afr=on:afp=4000:afq=1.4:amm=off:anc=all:bs=unit_only:bsr=on:bce=on:fde=unused:irw=on:nm=64:newcnf=on:nwc=1:nicw=on:sac=on:sp=reverse_arity:uhcvi=on_31 on type_arc_subsumed_to_nped for (31ds)
% Refutation found. Thanks to Tanya!
% SZS status Unsatisfiable for type_arc_subsumed_to_nped
% SZS output start Proof for type_arc_subsumed_to_nped
fof(f956,plain,(
  $false),
  inference(avatar_sat_refutation,[],[f668,f672,f732,f744,f760,f768,f772,f861,f866,f943,f948,f955])).
fof(f955,plain,(
  spl19_1 | ~spl19_50 | ~spl19_70),
  inference(avatar_contradiction_clause,[],[f954])).
fof(f954,plain,(
  $false | (spl19_1 | ~spl19_50 | ~spl19_70)),
  inference(subsumption_resolution,[],[f953,f667])).
fof(f667,plain,(
  ~nped(xyz) | spl19_1),
  inference(avatar_component_clause,[],[f666])).
fof(f666,plain,(
  spl19_1 <=> nped(xyz)),
  introduced(avatar_definition,[new_symbols(naming,[spl19_1])])).
fof(f953,plain,(
  nped(xyz) | (~spl19_50 | ~spl19_70)),
  inference(resolution,[],[f947,f865])).
fof(f865,plain,(
  naso(xyz) | ~spl19_50),
  inference(avatar_component_clause,[],[f864])).
fof(f864,plain,(
  spl19_50 <=> naso(xyz)),
  introduced(avatar_definition,[new_symbols(naming,[spl19_50])])).
fof(f947,plain,(
  ( ! [X0] : (~naso(X0) | nped(X0)) ) | ~spl19_70),
  inference(avatar_component_clause,[],[f946])).
fof(f946,plain,(
  spl19_70 <=> ! [X0] : (~naso(X0) | nped(X0))),
  introduced(avatar_definition,[new_symbols(naming,[spl19_70])])).
fof(f948,plain,(
  spl19_70 | ~spl19_17 | ~spl19_69),
  inference(avatar_split_clause,[],[f944,f941,f730,f946])).
fof(f730,plain,(
  spl19_17 <=> ! [X0] : (~npob(X0) | nped(X0))),
  introduced(avatar_definition,[new_symbols(naming,[spl19_17])])).
fof(f941,plain,(
  spl19_69 <=> ! [X0] : (~naso(X0) | npob(X0))),
  introduced(avatar_definition,[new_symbols(naming,[spl19_69])])).
fof(f944,plain,(
  ( ! [X0] : (~naso(X0) | nped(X0)) ) | (~spl19_17 | ~spl19_69)),
  inference(resolution,[],[f942,f731])).
fof(f731,plain,(
  ( ! [X0] : (~npob(X0) | nped(X0)) ) | ~spl19_17),
  inference(avatar_component_clause,[],[f730])).
fof(f942,plain,(
  ( ! [X0] : (npob(X0) | ~naso(X0)) ) | ~spl19_69),
  inference(avatar_component_clause,[],[f941])).
fof(f943,plain,(
  spl19_69 | ~spl19_26 | ~spl19_27),
  inference(avatar_split_clause,[],[f867,f770,f766,f941])).
fof(f766,plain,(
  spl19_26 <=> ! [X0] : (~sob(X0) | npob(X0))),
  introduced(avatar_definition,[new_symbols(naming,[spl19_26])])).
fof(f770,plain,(
  spl19_27 <=> ! [X0] : (~naso(X0) | sob(X0))),
  introduced(avatar_definition,[new_symbols(naming,[spl19_27])])).
fof(f867,plain,(
  ( ! [X0] : (~naso(X0) | npob(X0)) ) | (~spl19_26 | ~spl19_27)),
  inference(resolution,[],[f771,f767])).
fof(f767,plain,(
  ( ! [X0] : (~sob(X0) | npob(X0)) ) | ~spl19_26),
  inference(avatar_component_clause,[],[f766])).
fof(f771,plain,(
  ( ! [X0] : (sob(X0) | ~naso(X0)) ) | ~spl19_27),
  inference(avatar_component_clause,[],[f770])).
fof(f866,plain,(
  spl19_50 | ~spl19_24 | ~spl19_49),
  inference(avatar_split_clause,[],[f862,f859,f758,f864])).
fof(f758,plain,(
  spl19_24 <=> ! [X0] : (~c(X0) | naso(X0))),
  introduced(avatar_definition,[new_symbols(naming,[spl19_24])])).
fof(f859,plain,(
  spl19_49 <=> c(xyz)),
  introduced(avatar_definition,[new_symbols(naming,[spl19_49])])).
fof(f862,plain,(
  naso(xyz) | (~spl19_24 | ~spl19_49)),
  inference(resolution,[],[f759,f860])).
fof(f860,plain,(
  c(xyz) | ~spl19_49),
  inference(avatar_component_clause,[],[f859])).
fof(f759,plain,(
  ( ! [X0] : (~c(X0) | naso(X0)) ) | ~spl19_24),
  inference(avatar_component_clause,[],[f758])).
fof(f861,plain,(
  spl19_49 | ~spl19_2 | ~spl19_20),
  inference(avatar_split_clause,[],[f857,f742,f670,f859])).
fof(f670,plain,(
  spl19_2 <=> arc(xyz)),
  introduced(avatar_definition,[new_symbols(naming,[spl19_2])])).
fof(f742,plain,(
  spl19_20 <=> ! [X0] : (~arc(X0) | c(X0))),
  introduced(avatar_definition,[new_symbols(naming,[spl19_20])])).
fof(f857,plain,(
  c(xyz) | (~spl19_2 | ~spl19_20)),
  inference(resolution,[],[f743,f671])).
fof(f671,plain,(
  arc(xyz) | ~spl19_2),
  inference(avatar_component_clause,[],[f670])).
fof(f743,plain,(
  ( ! [X0] : (~arc(X0) | c(X0)) ) | ~spl19_20),
  inference(avatar_component_clause,[],[f742])).
fof(f772,plain,(
  spl19_27),
  inference(avatar_split_clause,[],[f543,f770])).
fof(f543,plain,(
  ( ! [X0] : (~naso(X0) | sob(X0)) )),
  inference(cnf_transformation,[],[f393])).
fof(f393,plain,(
  ! [X0] : (sob(X0) | ~naso(X0))),
  inference(ennf_transformation,[],[f345])).
fof(f345,plain,(
  ! [X0] : (naso(X0) => sob(X0))),
  inference(pure_predicate_removal,[],[f339])).
fof(f339,plain,(
  ! [X0] : ((naso(X0) | aso(X0)) => sob(X0))),
  inference(unused_predicate_definition_removal,[],[f193])).
fof(f193,plain,(
  ! [X0] : ((naso(X0) | aso(X0)) <=> sob(X0))),
  inference(rectify,[],[f9])).
fof(f9,axiom,(
  ! [X8] : ((naso(X8) | aso(X8)) <=> sob(X8))),
  file('outputs/dolce/subsumptions/type_arc_subsumed_to_nped.in',sos)).
fof(f768,plain,(
  spl19_26),
  inference(avatar_split_clause,[],[f539,f766])).
fof(f539,plain,(
  ( ! [X0] : (~sob(X0) | npob(X0)) )),
  inference(cnf_transformation,[],[f392])).
fof(f392,plain,(
  ! [X0] : (npob(X0) | ~sob(X0))),
  inference(ennf_transformation,[],[f347])).
fof(f347,plain,(
  ! [X0] : (sob(X0) => npob(X0))),
  inference(pure_predicate_removal,[],[f338])).
fof(f338,plain,(
  ! [X0] : ((mob(X0) | sob(X0)) => npob(X0))),
  inference(unused_predicate_definition_removal,[],[f191])).
fof(f191,plain,(
  ! [X0] : ((mob(X0) | sob(X0)) <=> npob(X0))),
  inference(rectify,[],[f12])).
fof(f12,axiom,(
  ! [X11] : ((mob(X11) | sob(X11)) <=> npob(X11))),
  file('outputs/dolce/subsumptions/type_arc_subsumed_to_nped.in',sos)).
fof(f760,plain,(
  spl19_24),
  inference(avatar_split_clause,[],[f517,f758])).
fof(f517,plain,(
  ( ! [X0] : (~c(X0) | naso(X0)) )),
  inference(cnf_transformation,[],[f385])).
fof(f385,plain,(
  ! [X0] : (naso(X0) | ~c(X0))),
  inference(ennf_transformation,[],[f174])).
fof(f174,plain,(
  ! [X0] : (c(X0) => naso(X0))),
  inference(rectify,[],[f10])).
fof(f10,axiom,(
  ! [X9] : (c(X9) => naso(X9))),
  file('outputs/dolce/subsumptions/type_arc_subsumed_to_nped.in',sos)).
fof(f744,plain,(
  spl19_20),
  inference(avatar_split_clause,[],[f501,f742])).
fof(f501,plain,(
  ( ! [X0] : (~arc(X0) | c(X0)) )),
  inference(cnf_transformation,[],[f374])).
fof(f374,plain,(
  ! [X0] : (c(X0) | ~arc(X0))),
  inference(ennf_transformation,[],[f163])).
fof(f163,plain,(
  ! [X0] : (arc(X0) => c(X0))),
  inference(rectify,[],[f11])).
fof(f11,axiom,(
  ! [X10] : (arc(X10) => c(X10))),
  file('outputs/dolce/subsumptions/type_arc_subsumed_to_nped.in',sos)).
fof(f732,plain,(
  spl19_17),
  inference(avatar_split_clause,[],[f498,f730])).
fof(f498,plain,(
  ( ! [X0] : (~npob(X0) | nped(X0)) )),
  inference(cnf_transformation,[],[f371])).
fof(f371,plain,(
  ! [X0] : (nped(X0) | ~npob(X0))),
  inference(ennf_transformation,[],[f160])).
fof(f160,plain,(
  ! [X0] : (npob(X0) => nped(X0))),
  inference(rectify,[],[f16])).
fof(f16,axiom,(
  ! [X15] : (npob(X15) => nped(X15))),
  file('outputs/dolce/subsumptions/type_arc_subsumed_to_nped.in',sos)).
fof(f672,plain,(
  spl19_2),
  inference(avatar_split_clause,[],[f474,f670])).
fof(f474,plain,(
  arc(xyz)),
  inference(cnf_transformation,[],[f132])).
fof(f132,axiom,(
  arc(xyz)),
  file('outputs/dolce/subsumptions/type_arc_subsumed_to_nped.in',axiom1)).
fof(f668,plain,(
  ~spl19_1),
  inference(avatar_split_clause,[],[f473,f666])).
fof(f473,plain,(
  ~nped(xyz)),
  inference(cnf_transformation,[],[f133])).
fof(f133,axiom,(
  ~nped(xyz)),
  file('outputs/dolce/subsumptions/type_arc_subsumed_to_nped.in',axiom2)).
% SZS output end Proof for type_arc_subsumed_to_nped
% ------------------------------
% Version: Vampire 4.7 (commit af7d05f97 on 2022-09-30 11:01:41 +0200)
% Termination reason: Refutation

% Memory used [KB]: 6268
% Time elapsed: 0.007 s
% ------------------------------
% ------------------------------
% Success in time 0.014 s
