% Running in auto input_syntax mode. Trying TPTP
% ott+11_3_aac=none:afr=on:afp=4000:afq=1.4:amm=off:anc=all:bs=unit_only:bsr=on:bce=on:fde=unused:irw=on:nm=64:newcnf=on:nwc=1:nicw=on:sac=on:sp=reverse_arity:uhcvi=on_31 on type_rl_subsumed_to_c for (31ds)
% Refutation found. Thanks to Tanya!
% SZS status Unsatisfiable for type_rl_subsumed_to_c
% SZS output start Proof for type_rl_subsumed_to_c
fof(f885,plain,(
  $false),
  inference(avatar_sat_refutation,[],[f679,f683,f751,f779,f880,f884])).
fof(f884,plain,(
  spl22_1 | ~spl22_19 | ~spl22_51),
  inference(avatar_contradiction_clause,[],[f883])).
fof(f883,plain,(
  $false | (spl22_1 | ~spl22_19 | ~spl22_51)),
  inference(subsumption_resolution,[],[f882,f678])).
fof(f678,plain,(
  ~c(xyz) | spl22_1),
  inference(avatar_component_clause,[],[f677])).
fof(f677,plain,(
  spl22_1 <=> c(xyz)),
  introduced(avatar_definition,[new_symbols(naming,[spl22_1])])).
fof(f882,plain,(
  c(xyz) | (~spl22_19 | ~spl22_51)),
  inference(resolution,[],[f879,f750])).
fof(f750,plain,(
  ( ! [X0] : (~arc(X0) | c(X0)) ) | ~spl22_19),
  inference(avatar_component_clause,[],[f749])).
fof(f749,plain,(
  spl22_19 <=> ! [X0] : (~arc(X0) | c(X0))),
  introduced(avatar_definition,[new_symbols(naming,[spl22_19])])).
fof(f879,plain,(
  arc(xyz) | ~spl22_51),
  inference(avatar_component_clause,[],[f878])).
fof(f878,plain,(
  spl22_51 <=> arc(xyz)),
  introduced(avatar_definition,[new_symbols(naming,[spl22_51])])).
fof(f880,plain,(
  spl22_51 | ~spl22_2 | ~spl22_26),
  inference(avatar_split_clause,[],[f876,f777,f681,f878])).
fof(f681,plain,(
  spl22_2 <=> rl(xyz)),
  introduced(avatar_definition,[new_symbols(naming,[spl22_2])])).
fof(f777,plain,(
  spl22_26 <=> ! [X0] : (~rl(X0) | arc(X0))),
  introduced(avatar_definition,[new_symbols(naming,[spl22_26])])).
fof(f876,plain,(
  arc(xyz) | (~spl22_2 | ~spl22_26)),
  inference(resolution,[],[f778,f682])).
fof(f682,plain,(
  rl(xyz) | ~spl22_2),
  inference(avatar_component_clause,[],[f681])).
fof(f778,plain,(
  ( ! [X0] : (~rl(X0) | arc(X0)) ) | ~spl22_26),
  inference(avatar_component_clause,[],[f777])).
fof(f779,plain,(
  spl22_26),
  inference(avatar_split_clause,[],[f539,f777])).
fof(f539,plain,(
  ( ! [X0] : (~rl(X0) | arc(X0)) )),
  inference(cnf_transformation,[],[f395])).
fof(f395,plain,(
  ! [X0] : ((fd(X0) & arc(X0)) | ~rl(X0))),
  inference(ennf_transformation,[],[f336])).
fof(f336,plain,(
  ! [X0] : (rl(X0) => (fd(X0) & arc(X0)))),
  inference(unused_predicate_definition_removal,[],[f186])).
fof(f186,plain,(
  ! [X0] : (rl(X0) <=> (fd(X0) & arc(X0)))),
  inference(rectify,[],[f131])).
fof(f131,axiom,(
  ! [X283] : (rl(X283) <=> (fd(X283) & arc(X283)))),
  file('outputs/dolce/subsumptions/type_rl_subsumed_to_c.in',sos)).
fof(f751,plain,(
  spl22_19),
  inference(avatar_split_clause,[],[f504,f749])).
fof(f504,plain,(
  ( ! [X0] : (~arc(X0) | c(X0)) )),
  inference(cnf_transformation,[],[f375])).
fof(f375,plain,(
  ! [X0] : (c(X0) | ~arc(X0))),
  inference(ennf_transformation,[],[f162])).
fof(f162,plain,(
  ! [X0] : (arc(X0) => c(X0))),
  inference(rectify,[],[f11])).
fof(f11,axiom,(
  ! [X10] : (arc(X10) => c(X10))),
  file('outputs/dolce/subsumptions/type_rl_subsumed_to_c.in',sos)).
fof(f683,plain,(
  spl22_2),
  inference(avatar_split_clause,[],[f478,f681])).
fof(f478,plain,(
  rl(xyz)),
  inference(cnf_transformation,[],[f132])).
fof(f132,axiom,(
  rl(xyz)),
  file('outputs/dolce/subsumptions/type_rl_subsumed_to_c.in',axiom1)).
fof(f679,plain,(
  ~spl22_1),
  inference(avatar_split_clause,[],[f477,f677])).
fof(f477,plain,(
  ~c(xyz)),
  inference(cnf_transformation,[],[f133])).
fof(f133,axiom,(
  ~c(xyz)),
  file('outputs/dolce/subsumptions/type_rl_subsumed_to_c.in',axiom2)).
% SZS output end Proof for type_rl_subsumed_to_c
% ------------------------------
% Version: Vampire 4.7 (commit af7d05f97 on 2022-09-30 11:01:41 +0200)
% Termination reason: Refutation

% Memory used [KB]: 6140
% Time elapsed: 0.006 s
% ------------------------------
% ------------------------------
% Success in time 0.011 s
