% Running in auto input_syntax mode. Trying TPTP
% ott+11_3_aac=none:afr=on:afp=4000:afq=1.4:amm=off:anc=all:bs=unit_only:bsr=on:bce=on:fde=unused:irw=on:nm=64:newcnf=on:nwc=1:nicw=on:sac=on:sp=reverse_arity:uhcvi=on_31 on type_s_subsumed_to_r for (31ds)
% Refutation found. Thanks to Tanya!
% SZS status Unsatisfiable for type_s_subsumed_to_r
% SZS output start Proof for type_s_subsumed_to_r
fof(f865,plain,(
  $false),
  inference(avatar_sat_refutation,[],[f667,f671,f751,f783,f856,f864])).
fof(f864,plain,(
  spl18_1 | ~spl18_30 | ~spl18_48),
  inference(avatar_contradiction_clause,[],[f863])).
fof(f863,plain,(
  $false | (spl18_1 | ~spl18_30 | ~spl18_48)),
  inference(subsumption_resolution,[],[f862,f666])).
fof(f666,plain,(
  ~r(xyz) | spl18_1),
  inference(avatar_component_clause,[],[f665])).
fof(f665,plain,(
  spl18_1 <=> r(xyz)),
  introduced(avatar_definition,[new_symbols(naming,[spl18_1])])).
fof(f862,plain,(
  r(xyz) | (~spl18_30 | ~spl18_48)),
  inference(resolution,[],[f782,f855])).
fof(f855,plain,(
  pr(xyz) | ~spl18_48),
  inference(avatar_component_clause,[],[f854])).
fof(f854,plain,(
  spl18_48 <=> pr(xyz)),
  introduced(avatar_definition,[new_symbols(naming,[spl18_48])])).
fof(f782,plain,(
  ( ! [X0] : (~pr(X0) | r(X0)) ) | ~spl18_30),
  inference(avatar_component_clause,[],[f781])).
fof(f781,plain,(
  spl18_30 <=> ! [X0] : (~pr(X0) | r(X0))),
  introduced(avatar_definition,[new_symbols(naming,[spl18_30])])).
fof(f856,plain,(
  spl18_48 | ~spl18_2 | ~spl18_22),
  inference(avatar_split_clause,[],[f852,f749,f669,f854])).
fof(f669,plain,(
  spl18_2 <=> s(xyz)),
  introduced(avatar_definition,[new_symbols(naming,[spl18_2])])).
fof(f749,plain,(
  spl18_22 <=> ! [X0] : (~s(X0) | pr(X0))),
  introduced(avatar_definition,[new_symbols(naming,[spl18_22])])).
fof(f852,plain,(
  pr(xyz) | (~spl18_2 | ~spl18_22)),
  inference(resolution,[],[f750,f670])).
fof(f670,plain,(
  s(xyz) | ~spl18_2),
  inference(avatar_component_clause,[],[f669])).
fof(f750,plain,(
  ( ! [X0] : (~s(X0) | pr(X0)) ) | ~spl18_22),
  inference(avatar_component_clause,[],[f749])).
fof(f783,plain,(
  spl18_30),
  inference(avatar_split_clause,[],[f552,f781])).
fof(f552,plain,(
  ( ! [X0] : (~pr(X0) | r(X0)) )),
  inference(cnf_transformation,[],[f396])).
fof(f396,plain,(
  ! [X0] : (r(X0) | (~tr(X0) & ~pr(X0) & ~ar(X0)))),
  inference(ennf_transformation,[],[f338])).
fof(f338,plain,(
  ! [X0] : ((tr(X0) | pr(X0) | ar(X0)) => r(X0))),
  inference(unused_predicate_definition_removal,[],[f196])).
fof(f196,plain,(
  ! [X0] : ((tr(X0) | pr(X0) | ar(X0)) <=> r(X0))),
  inference(rectify,[],[f13])).
fof(f13,axiom,(
  ! [X12] : ((tr(X12) | pr(X12) | ar(X12)) <=> r(X12))),
  file('outputs/dolce/subsumptions/type_s_subsumed_to_r.in',sos)).
fof(f751,plain,(
  spl18_22),
  inference(avatar_split_clause,[],[f509,f749])).
fof(f509,plain,(
  ( ! [X0] : (~s(X0) | pr(X0)) )),
  inference(cnf_transformation,[],[f380])).
fof(f380,plain,(
  ! [X0] : (pr(X0) | ~s(X0))),
  inference(ennf_transformation,[],[f168])).
fof(f168,plain,(
  ! [X0] : (s(X0) => pr(X0))),
  inference(rectify,[],[f17])).
fof(f17,axiom,(
  ! [X16] : (s(X16) => pr(X16))),
  file('outputs/dolce/subsumptions/type_s_subsumed_to_r.in',sos)).
fof(f671,plain,(
  spl18_2),
  inference(avatar_split_clause,[],[f476,f669])).
fof(f476,plain,(
  s(xyz)),
  inference(cnf_transformation,[],[f132])).
fof(f132,axiom,(
  s(xyz)),
  file('outputs/dolce/subsumptions/type_s_subsumed_to_r.in',axiom1)).
fof(f667,plain,(
  ~spl18_1),
  inference(avatar_split_clause,[],[f475,f665])).
fof(f475,plain,(
  ~r(xyz)),
  inference(cnf_transformation,[],[f133])).
fof(f133,axiom,(
  ~r(xyz)),
  file('outputs/dolce/subsumptions/type_s_subsumed_to_r.in',axiom2)).
% SZS output end Proof for type_s_subsumed_to_r
% ------------------------------
% Version: Vampire 4.7 (commit af7d05f97 on 2022-09-30 11:01:41 +0200)
% Termination reason: Refutation

% Memory used [KB]: 6140
% Time elapsed: 0.006 s
% ------------------------------
% ------------------------------
% Success in time 0.011 s
