% Running in auto input_syntax mode. Trying TPTP
% ott+11_3_aac=none:afr=on:afp=4000:afq=1.4:amm=off:anc=all:bs=unit_only:bsr=on:bce=on:fde=unused:irw=on:nm=64:newcnf=on:nwc=1:nicw=on:sac=on:sp=reverse_arity:uhcvi=on_31 on type_s_subsumed_to_pr for (31ds)
% Refutation found. Thanks to Tanya!
% SZS status Unsatisfiable for type_s_subsumed_to_pr
% SZS output start Proof for type_s_subsumed_to_pr
fof(f855,plain,(
  $false),
  inference(avatar_sat_refutation,[],[f667,f671,f751,f854])).
fof(f854,plain,(
  spl18_1 | ~spl18_2 | ~spl18_22),
  inference(avatar_contradiction_clause,[],[f853])).
fof(f853,plain,(
  $false | (spl18_1 | ~spl18_2 | ~spl18_22)),
  inference(subsumption_resolution,[],[f852,f666])).
fof(f666,plain,(
  ~pr(xyz) | spl18_1),
  inference(avatar_component_clause,[],[f665])).
fof(f665,plain,(
  spl18_1 <=> pr(xyz)),
  introduced(avatar_definition,[new_symbols(naming,[spl18_1])])).
fof(f852,plain,(
  pr(xyz) | (~spl18_2 | ~spl18_22)),
  inference(resolution,[],[f750,f670])).
fof(f670,plain,(
  s(xyz) | ~spl18_2),
  inference(avatar_component_clause,[],[f669])).
fof(f669,plain,(
  spl18_2 <=> s(xyz)),
  introduced(avatar_definition,[new_symbols(naming,[spl18_2])])).
fof(f750,plain,(
  ( ! [X0] : (~s(X0) | pr(X0)) ) | ~spl18_22),
  inference(avatar_component_clause,[],[f749])).
fof(f749,plain,(
  spl18_22 <=> ! [X0] : (~s(X0) | pr(X0))),
  introduced(avatar_definition,[new_symbols(naming,[spl18_22])])).
fof(f751,plain,(
  spl18_22),
  inference(avatar_split_clause,[],[f509,f749])).
fof(f509,plain,(
  ( ! [X0] : (~s(X0) | pr(X0)) )),
  inference(cnf_transformation,[],[f380])).
fof(f380,plain,(
  ! [X0] : (pr(X0) | ~s(X0))),
  inference(ennf_transformation,[],[f168])).
fof(f168,plain,(
  ! [X0] : (s(X0) => pr(X0))),
  inference(rectify,[],[f17])).
fof(f17,axiom,(
  ! [X16] : (s(X16) => pr(X16))),
  file('outputs/dolce/subsumptions/type_s_subsumed_to_pr.in',sos)).
fof(f671,plain,(
  spl18_2),
  inference(avatar_split_clause,[],[f476,f669])).
fof(f476,plain,(
  s(xyz)),
  inference(cnf_transformation,[],[f132])).
fof(f132,axiom,(
  s(xyz)),
  file('outputs/dolce/subsumptions/type_s_subsumed_to_pr.in',axiom1)).
fof(f667,plain,(
  ~spl18_1),
  inference(avatar_split_clause,[],[f475,f665])).
fof(f475,plain,(
  ~pr(xyz)),
  inference(cnf_transformation,[],[f133])).
fof(f133,axiom,(
  ~pr(xyz)),
  file('outputs/dolce/subsumptions/type_s_subsumed_to_pr.in',axiom2)).
% SZS output end Proof for type_s_subsumed_to_pr
% ------------------------------
% Version: Vampire 4.7 (commit af7d05f97 on 2022-09-30 11:01:41 +0200)
% Termination reason: Refutation

% Memory used [KB]: 6140
% Time elapsed: 0.006 s
% ------------------------------
% ------------------------------
% Success in time 0.011 s
