% Running in auto input_syntax mode. Trying TPTP
% ott+11_3_aac=none:afr=on:afp=4000:afq=1.4:amm=off:anc=all:bs=unit_only:bsr=on:bce=on:fde=unused:irw=on:nm=64:newcnf=on:nwc=1:nicw=on:sac=on:sp=reverse_arity:uhcvi=on_31 on type_stv_subsumed_to_napo for (31ds)
% SZS status Satisfiable for type_stv_subsumed_to_napo
% # SZS output start Saturation.
cnf(u666,axiom,
    stv(xyz)).

cnf(u670,axiom,
    ~ds(X0) | ~c(X0)).

cnf(u674,axiom,
    ~ped(X0) | ~nped(X0)).

cnf(u678,axiom,
    ~tr(X0) | ~ar(X0)).

cnf(u682,axiom,
    ~tr(X0) | ~pr(X0)).

cnf(u686,axiom,
    ~pr(X0) | ~ar(X0)).

cnf(u690,axiom,
    ~tq(X0) | ~aq(X0)).

cnf(u694,axiom,
    ~tq(X0) | ~pq(X0)).

cnf(u698,axiom,
    ~pq(X0) | ~aq(X0)).

cnf(u702,axiom,
    ~q(X0) | ~ab(X0)).

cnf(u706,axiom,
    ~ed(X0) | ~ab(X0)).

cnf(u710,axiom,
    ~pd(X0) | ~ab(X0)).

cnf(u714,axiom,
    ~q(X0) | ~ed(X0)).

cnf(u718,axiom,
    ~pd(X0) | ~ed(X0)).

cnf(u722,axiom,
    ~q(X0) | ~pd(X0)).

cnf(u726,axiom,
    ~npob(X0) | nped(X0)).

cnf(u730,axiom,
    ~r(X0) | ab(X0)).

cnf(u734,axiom,
    ~s(X0) | pr(X0)).

cnf(u738,axiom,
    ~ds(X0) | naso(X0)).

cnf(u742,axiom,
    ~tl(X0) | tq(X0)).

cnf(u746,axiom,
    ~sl(X0) | pq(X0)).

cnf(u750,axiom,
    ~c(X0) | naso(X0)).

cnf(u754,axiom,
    ~t(X0) | tr(X0)).

cnf(u758,axiom,
    ~sob(X0) | npob(X0)).

cnf(u762,axiom,
    ~stv(X0) | pd(X0)).

cnf(u766,axiom,
    ~naso(X0) | sob(X0)).

cnf(u770,axiom,
    ~nped(X0) | ed(X0)).

cnf(u774,axiom,
    ~ped(X0) | ed(X0)).

cnf(u778,axiom,
    ~ar(X0) | r(X0)).

cnf(u782,axiom,
    ~pr(X0) | r(X0)).

cnf(u786,axiom,
    ~tr(X0) | r(X0)).

cnf(u790,axiom,
    ~aq(X0) | q(X0)).

cnf(u794,axiom,
    ~pq(X0) | q(X0)).

cnf(u798,axiom,
    ~tq(X0) | q(X0)).

cnf(u802,axiom,
    ~ped(X0) | sl(sK1(X0))).

cnf(u806,axiom,
    ~nped(X0) | aq(sK2(X0))).

cnf(u810,axiom,
    ~tq(X0) | pd(sK4(X0))).

cnf(u814,axiom,
    ~pq(X0) | ped(sK5(X0))).

cnf(u818,axiom,
    ~aq(X0) | nped(sK6(X0))).

cnf(u822,axiom,
    tl(sK10(X0)) | ~pd(X0)).

cnf(u826,axiom,
    ~ab(X0) | p(X0,X0)).

cnf(u830,axiom,
    p(X0,X0) | ~pd(X0)).

cnf(u834,axiom,
    ~ql(X0,X1) | tr(X0)).

cnf(u838,axiom,
    ~us(X0,X1) | c(X0)).

cnf(u842,axiom,
    ~us(X0,X1) | ds(X1)).

cnf(u846,axiom,
    ~dqt(X0,X1) | q(X0)).

cnf(u850,axiom,
    ~pre(X0,X1) | t(X1)).

cnf(u855,axiom,
    pd(xyz)).

cnf(u861,axiom,
    ~ed(xyz)).

cnf(u865,axiom,
    ~ab(xyz)).

cnf(u869,axiom,
    ~ds(X0) | us(sK0(X0),X0)).

cnf(u873,axiom,
    ~ped(X0) | dqt(sK1(X0),X0)).

cnf(u877,axiom,
    ~nped(X0) | dqt(sK2(X0),X0)).

cnf(u881,axiom,
    ~tq(X0) | ql(sK3(X0),X0)).

cnf(u885,axiom,
    ~tq(X0) | dqt(X0,sK4(X0))).

cnf(u889,axiom,
    ~pq(X0) | dqt(X0,sK5(X0))).

cnf(u893,axiom,
    ~aq(X0) | dqt(X0,sK6(X0))).

cnf(u897,axiom,
    df(X0,sK7(X0)) | ~c(X0)).

cnf(u901,axiom,
    dqt(sK10(X0),X0) | ~pd(X0)).

cnf(u905,axiom,
    ~df(X0,X1) | us(X0,X1)).

cnf(u909,axiom,
    ~tql(X0,X1,X2) | t(X2)).

cnf(u913,axiom,
    ~k(X0,X1,X2) | t(X2)).

cnf(u917,axiom,
    ~pc(X0,X1,X2) | ed(X0)).

cnf(u921,axiom,
    ~pc(X0,X1,X2) | pd(X1)).

cnf(u925,axiom,
    ~pc(X0,X1,X2) | t(X2)).

cnf(u929,axiom,
    ~tp(X0,X1,X2) | ed(X0)).

cnf(u933,axiom,
    ~tp(X0,X1,X2) | ed(X1)).

cnf(u937,axiom,
    ~tp(X0,X1,X2) | t(X2)).

cnf(u942,axiom,
    ~p(X0,X1) | ab(X1) | pd(X1)).

cnf(u946,axiom,
    ~p(X0,X1) | ab(X0) | pd(X0)).

cnf(u950,axiom,
    ~s(X1) | ~p(X0,X1) | s(X0)).

cnf(u954,axiom,
    ~s(X0) | s(X1) | ~p(X0,X1)).

cnf(u958,axiom,
    ~ar(X1) | ~p(X0,X1) | ar(X0)).

cnf(u962,axiom,
    ~ar(X0) | ar(X1) | ~p(X0,X1)).

cnf(u966,axiom,
    ~ab(X1) | ~p(X0,X1) | ab(X0)).

cnf(u970,axiom,
    ~ab(X0) | ab(X1) | ~p(X0,X1)).

cnf(u974,axiom,
    ~t(X1) | ~p(X0,X1) | t(X0)).

cnf(u978,axiom,
    ~t(X0) | t(X1) | ~p(X0,X1)).

cnf(u982,axiom,
    ~p(X0,X1) | ~pd(X1) | pd(X0)).

cnf(u986,axiom,
    ~p(X0,X1) | pd(X1) | ~pd(X0)).

cnf(u990,axiom,
    ~dqt(X0,X1) | ed(X1) | pd(X1)).

cnf(u994,axiom,
    ~dqt(X0,X1) | ~pd(X1) | tq(X0)).

cnf(u998,axiom,
    ~dqt(X0,X1) | pd(X1) | ~tq(X0)).

cnf(u1002,axiom,
    ~ped(X1) | ~dqt(X0,X1) | pq(X0)).

cnf(u1006,axiom,
    ~pq(X0) | ped(X1) | ~dqt(X0,X1)).

cnf(u1010,axiom,
    ~nped(X1) | ~dqt(X0,X1) | aq(X0)).

cnf(u1014,axiom,
    ~aq(X0) | nped(X1) | ~dqt(X0,X1)).

cnf(u1018,axiom,
    ~ql(X0,X1) | ~tl(X1) | t(X0)).

cnf(u1022,axiom,
    ~tql(X0,X1,X2) | pre(X1,X2)).

cnf(u1026,axiom,
    ~k(X0,X1,X2) | pre(X0,X2)).

cnf(u1030,axiom,
    ~k(X0,X1,X2) | pre(X1,X2)).

cnf(u1034,axiom,
    ~pc(X0,X1,X2) | pre(X0,X2)).

cnf(u1038,axiom,
    ~pc(X0,X1,X2) | pre(X1,X2)).

cnf(u1042,axiom,
    ~tp(X0,X1,X2) | pre(X0,X2)).

cnf(u1046,axiom,
    ~tp(X0,X1,X2) | pre(X1,X2)).

cnf(u1052,axiom,
    ~pd(X0) | tq(sK10(X0))).

cnf(u1057,axiom,
    ~ed(X0) | pc(X0,sK8(X0),sK9(X0))).

cnf(u1061,axiom,
    tq(sK10(xyz))).

cnf(u1071,axiom,
    q(sK10(xyz))).

cnf(u1075,axiom,
    ~q(X0) | aq(X0) | pq(X0) | tq(X0)).

cnf(u1082,axiom,
    ~pq(sK10(xyz))).

cnf(u1086,axiom,
    ~ov(X0,X1) | p(sK17(X0,X1),X0)).

cnf(u1090,axiom,
    ~aq(sK10(xyz))).

cnf(u1094,axiom,
    ~pd(sK10(xyz))).

cnf(u1098,axiom,
    ~ov(X0,X1) | p(sK17(X0,X1),X1)).

cnf(u1102,axiom,
    ~ed(sK10(xyz))).

cnf(u1106,axiom,
    ~tql(X0,X1,X2) | pq(X1) | aq(X1)).

cnf(u1110,axiom,
    ~ab(sK10(xyz))).

cnf(u1114,axiom,
    pd(sK4(sK10(xyz)))).

cnf(u1118,axiom,
    ~tql(X0,X1,X2) | pr(X0) | ar(X0)).

cnf(u1125,axiom,
    ~ed(sK4(sK10(xyz)))).

cnf(u1129,axiom,
    ~aq(X1) | ~tql(X0,X1,X2) | ar(X0)).

cnf(u1133,axiom,
    ~ab(sK4(sK10(xyz)))).

cnf(u1137,axiom,
    ~pd(X0) | q(sK10(X0))).

cnf(u1141,axiom,
    ~ar(X0) | aq(X1) | ~tql(X0,X1,X2)).

cnf(u1147,axiom,
    tq(sK10(sK4(sK10(xyz))))).

cnf(u1157,axiom,
    ~pq(X1) | ~tql(X0,X1,X2) | pr(X0)).

cnf(u1161,axiom,
    q(sK10(sK4(sK10(xyz))))).

cnf(u1168,axiom,
    ~pq(sK10(sK4(sK10(xyz))))).

cnf(u1172,axiom,
    ~pr(X0) | pq(X1) | ~tql(X0,X1,X2)).

cnf(u1176,axiom,
    ~aq(sK10(sK4(sK10(xyz))))).

cnf(u1180,axiom,
    ~k(X1,X0,X2) | ~k(X0,X1,X2)).

cnf(u1184,axiom,
    ~pd(sK10(sK4(sK10(xyz))))).

cnf(u1188,axiom,
    ~ed(sK10(sK4(sK10(xyz))))).

cnf(u1192,axiom,
    ~k(X0,X1,X2) | ed(X1) | pd(X1)).

cnf(u1196,axiom,
    ~ab(sK10(sK4(sK10(xyz))))).

cnf(u1200,axiom,
    ~k(X0,X1,X2) | ed(X0) | pd(X0)).

cnf(u1204,axiom,
    ~ped(X1) | ~k(X0,X1,X2) | ped(X0)).

cnf(u1208,axiom,
    ~ped(X0) | ped(X1) | ~k(X0,X1,X2)).

cnf(u1212,axiom,
    ~nped(X1) | ~k(X0,X1,X2) | nped(X0)).

cnf(u1216,axiom,
    ~nped(X0) | nped(X1) | ~k(X0,X1,X2)).

cnf(u1220,axiom,
    ~k(X0,X1,X2) | ~pd(X1) | pd(X0)).

cnf(u1224,axiom,
    ~k(X0,X1,X2) | pd(X1) | ~pd(X0)).

cnf(u1228,axiom,
    ~ped(X1) | ~tp(X0,X1,X2) | ped(X0)).

cnf(u1232,axiom,
    ~ped(X0) | ped(X1) | ~tp(X0,X1,X2)).

cnf(u1236,axiom,
    ~nped(X1) | ~tp(X0,X1,X2) | nped(X0)).

cnf(u1240,axiom,
    ~nped(X0) | nped(X1) | ~tp(X0,X1,X2)).

cnf(u1244,axiom,
    ~sl(X1) | ~tql(X0,X1,X2) | s(X0)).

cnf(u1248,axiom,
    ~dif(X2,X0,X1) | ab(X1) | pd(X2)).

cnf(u1252,axiom,
    ~dif(X2,X0,X1) | ab(X0) | pd(X2)).

cnf(u1256,axiom,
    ~dif(X2,X0,X1) | ab(X2) | pd(X2)).

cnf(u1260,axiom,
    ~dif(X2,X0,X1) | ab(X2) | pd(X0)).

cnf(u1264,axiom,
    ~dif(X2,X0,X1) | ab(X2) | pd(X1)).

cnf(u1278,axiom,
    ~pre(X0,X1) | ed(X0) | pd(X0) | q(X0)).

cnf(u1282,axiom,
    ~c(X0) | us(X0,sK7(X0))).

cnf(u1286,axiom,
    dqt(sK10(xyz),sK4(sK10(xyz)))).

cnf(u1290,axiom,
    ~ed(X0) | ~pre(X0,X1) | tp(X0,X0,X1)).

cnf(u1298,axiom,
    ql(sK3(sK10(xyz)),sK10(xyz))).

cnf(u1304,axiom,
    ~p(X1,X0) | ~p(X0,X1) | X0 = X1).

cnf(u1308,axiom,
    tr(sK3(sK10(xyz)))).

cnf(u1315,axiom,
    r(sK3(sK10(xyz)))).

cnf(u1319,axiom,
    ~p(X2,X1) | ~p(X2,X0) | ov(X0,X1)).

cnf(u1324,axiom,
    ~pr(sK3(sK10(xyz)))).

cnf(u1328,axiom,
    ~pre(X0,X2) | ~df(X0,X1) | pre(X1,X2)).

cnf(u1332,axiom,
    ~ar(sK3(sK10(xyz)))).

cnf(u1336,axiom,
    ab(sK3(sK10(xyz)))).

cnf(u1340,axiom,
    ~us(X0,X1) | ~pre(X1,X2) | pre(X0,X2)).

cnf(u1347,axiom,
    pd(sK4(sK10(sK4(sK10(xyz)))))).

cnf(u1355,axiom,
    ~ql(X2,X1) | ~ql(X0,X1) | X0 = X2).

cnf(u1359,axiom,
    ~ed(sK4(sK10(sK4(sK10(xyz)))))).

cnf(u1363,axiom,
    ~ab(sK4(sK10(sK4(sK10(xyz)))))).

cnf(u1367,axiom,
    ~df(X0,X2) | ~df(X0,X1) | X1 = X2).

cnf(u1371,axiom,
    ~p(X1,X2) | ~p(X0,X1) | p(X0,X2)).

cnf(u1375,axiom,
    ~dqt(X0,X2) | ~dqt(X0,X1) | X1 = X2).

cnf(u1379,axiom,
    ~pre(X0,X1) | ~p(X2,X1) | pre(X0,X2)).

cnf(u1385,axiom,
    t(sK3(sK10(xyz)))).

cnf(u1395,axiom,
    ~dif(X2,X0,X1) | p(X3,X0) | ~p(X3,X2)).

cnf(u1402,axiom,
    ~p(sK3(sK10(xyz)),X0) | t(X0)).

cnf(u1407,axiom,
    ~dif(X2,X0,X1) | ~ov(X3,X1) | ~p(X3,X2)).

cnf(u1411,axiom,
    ~p(X1,sK3(sK10(xyz))) | t(X1)).

cnf(u1416,axiom,
    q(sK10(sK4(sK10(sK4(sK10(xyz))))))).

cnf(u1424,axiom,
    tq(sK10(sK4(sK10(sK4(sK10(xyz))))))).

cnf(u1434,axiom,
    ~p(sK3(sK10(xyz)),X0) | ab(X0)).

cnf(u1439,axiom,
    ~p(X1,sK3(sK10(xyz))) | ab(X1)).

cnf(u1445,axiom,
    p(sK3(sK10(xyz)),sK3(sK10(xyz)))).

cnf(u1460,axiom,
    ~pd(sK10(sK4(sK10(sK4(sK10(xyz))))))).

cnf(u1464,axiom,
    ~ed(sK10(sK4(sK10(sK4(sK10(xyz))))))).

cnf(u1468,axiom,
    ~ab(sK10(sK4(sK10(sK4(sK10(xyz))))))).

cnf(u1472,axiom,
    ~pq(sK10(sK4(sK10(sK4(sK10(xyz))))))).

cnf(u1476,axiom,
    ~aq(sK10(sK4(sK10(sK4(sK10(xyz))))))).

cnf(u1486,axiom,
    ov(X1,X0) | ~p(X0,X1) | ~pd(X0)).

cnf(u1492,axiom,
    ~pre(X0,X1) | ~pd(X0) | pc(sK15(X0,X1),X0,X1)).

cnf(u1496,axiom,
    pd(sK4(sK10(sK4(sK10(sK4(sK10(xyz)))))))).

cnf(u1504,axiom,
    ~ed(sK4(sK10(sK4(sK10(sK4(sK10(xyz)))))))).

cnf(u1508,axiom,
    ~pq(X0) | ~pre(X0,X1) | tql(sK16(X0,X1),X0,X1)).

cnf(u1512,axiom,
    ~ab(sK4(sK10(sK4(sK10(sK4(sK10(xyz)))))))).

cnf(u1516,axiom,
    ~aq(X0) | ~pre(X0,X1) | tql(sK16(X0,X1),X0,X1)).

cnf(u1520,axiom,
    ~tql(X0,X1,X2) | ~p(X3,X2) | tql(X0,X1,X3)).

cnf(u1524,axiom,
    ~k(X0,X1,X2) | ~p(X3,X2) | k(X0,X1,X3)).

cnf(u1528,axiom,
    ~pc(X0,X1,X2) | ~p(X3,X2) | pc(X0,X1,X3)).

cnf(u1532,axiom,
    ~tp(X0,X1,X2) | ~p(X3,X2) | tp(X0,X1,X3)).

cnf(u1536,axiom,
    ~c(X0) | sK7(X0) = X1 | ~df(X0,X1)).

cnf(u1540,axiom,
    ~k(X1,X2,X3) | ~k(X0,X1,X3) | k(X0,X2,X3)).

cnf(u1544,axiom,
    ~dqt(sK10(X0),X1) | X0 = X1 | ~pd(X0)).

cnf(u1607,axiom,
    ~tp(X1,X2,X3) | ~tp(X0,X1,X3) | tp(X0,X2,X3)).

cnf(u1611,axiom,
    xyz = sK4(sK10(xyz))).

cnf(u1615,axiom,
    dqt(sK10(xyz),xyz)).

cnf(u1625,axiom,
    ~ql(X0,sK10(xyz)) | sK3(sK10(xyz)) = X0).

cnf(u1630,axiom,
    ~dqt(sK10(xyz),X2) | xyz = X2).

cnf(u1636,axiom,
    ~ab(X1) | ~ab(X0) | p(X0,X1) | dif(sK13(X0,X1),X0,X1)).

cnf(u1640,axiom,
    ~pd(X0) | ~p(X0,X1) | p(sK17(X1,X0),X0)).

cnf(u1645,axiom,
    ~p(xyz,X0) | p(sK17(X0,xyz),xyz)).

cnf(u1649,axiom,
    ~pd(X1) | ~pd(X0) | p(X0,X1) | dif(sK14(X0,X1),X0,X1)).

cnf(u1655,axiom,
    p(sK17(xyz,xyz),xyz)).

cnf(u1667,axiom,
    ~sl(X1) | ~dqt(X1,X2) | ~sl(X0) | ~dqt(X0,X2) | X0 = X1).

cnf(u1671,axiom,
    pd(sK17(xyz,xyz))).

cnf(u1680,axiom,
    ~ed(sK17(xyz,xyz))).

cnf(u1684,axiom,
    ~tl(X1) | ~dqt(X1,X2) | ~tl(X0) | ~dqt(X0,X2) | X0 = X1).

cnf(u1688,axiom,
    ~ab(sK17(xyz,xyz))).

cnf(u1692,axiom,
    ~dif(X2,X0,X1) | ~p(X3,X0) | ov(X3,X1) | p(X3,X2)).

cnf(u1696,axiom,
    q(sK10(sK17(xyz,xyz)))).

cnf(u1704,axiom,
    tq(sK10(sK17(xyz,xyz)))).

cnf(u1714,axiom,
    ~pd(sK10(sK17(xyz,xyz)))).

cnf(u1718,axiom,
    ~ed(sK10(sK17(xyz,xyz)))).

cnf(u1722,axiom,
    ~ab(sK10(sK17(xyz,xyz)))).

cnf(u1727,axiom,
    ~pq(sK10(sK17(xyz,xyz)))).

cnf(u1733,axiom,
    ~aq(sK10(sK17(xyz,xyz)))).

cnf(u1737,axiom,
    pd(sK4(sK10(sK17(xyz,xyz))))).

cnf(u1747,axiom,
    ~ed(sK4(sK10(sK17(xyz,xyz))))).

cnf(u1752,axiom,
    ~ab(sK4(sK10(sK17(xyz,xyz))))).

cnf(u1756,axiom,
    q(sK10(sK4(sK10(sK17(xyz,xyz)))))).

cnf(u1764,axiom,
    tq(sK10(sK4(sK10(sK17(xyz,xyz)))))).

cnf(u1774,axiom,
    ~tl(X2) | ~dqt(sK10(X0),X1) | ~dqt(X2,X1) | sK10(X0) = X2 | ~pd(X0)).

cnf(u1778,axiom,
    ~pd(sK10(sK4(sK10(sK17(xyz,xyz)))))).

cnf(u1782,axiom,
    ~ed(sK10(sK4(sK10(sK17(xyz,xyz)))))).

cnf(u1787,axiom,
    ~ab(sK10(sK4(sK10(sK17(xyz,xyz)))))).

cnf(u1791,axiom,
    ~pd(X2) | ~p(X2,X3) | p(sK17(X3,X2),X3)).

cnf(u1795,axiom,
    ~pq(sK10(sK4(sK10(sK17(xyz,xyz)))))).

cnf(u1799,axiom,
    ~aq(sK10(sK4(sK10(sK17(xyz,xyz)))))).

cnf(u1806,axiom,
    ~p(xyz,X0) | p(sK17(X0,xyz),X0)).

cnf(u1811,axiom,
    ~pd(X0) | p(X0,xyz) | dif(sK14(X0,xyz),X0,xyz)).

cnf(u1815,axiom,
    ~p(sK17(xyz,xyz),X0) | ov(X0,xyz)).

cnf(u1822,axiom,
    ov(xyz,xyz)).

cnf(u1831,axiom,
    ov(sK17(xyz,xyz),xyz)).

cnf(u1837,axiom,
    ~dqt(sK10(X0),X1) | ~dqt(sK10(X2),X1) | sK10(X0) = sK10(X2) | ~pd(X0) | ~pd(X2)).

cnf(u1841,axiom,
    p(sK17(sK17(xyz,xyz),xyz),xyz)).

cnf(u1853,axiom,
    pd(sK17(sK17(xyz,xyz),xyz))).

cnf(u1868,axiom,
    ~ab(sK17(sK17(xyz,xyz),xyz))).

cnf(u1875,axiom,
    p(xyz,xyz)).

cnf(u1888,axiom,
    ov(X0,xyz) | ~p(xyz,X0)).

cnf(u1894,axiom,
    ~dqt(sK10(X0),X1) | sK10(X0) = sK10(X1) | ~pd(X1) | ~pd(X0)).

cnf(u1898,axiom,
    ~ed(sK17(sK17(xyz,xyz),xyz))).

cnf(u1902,axiom,
    tq(sK10(sK17(sK17(xyz,xyz),xyz)))).

cnf(u1916,axiom,
    q(sK10(sK17(sK17(xyz,xyz),xyz)))).

cnf(u1924,axiom,
    ~p(X1,sK17(xyz,xyz)) | p(X1,xyz)).

cnf(u1929,axiom,
    ~pq(sK10(sK17(sK17(xyz,xyz),xyz)))).

cnf(u1933,axiom,
    xyz = sK17(xyz,xyz)).

cnf(u1940,axiom,
    ~aq(sK10(sK17(sK17(xyz,xyz),xyz)))).

cnf(u1944,axiom,
    ~p(sK17(xyz,xyz),X1) | p(sK17(X1,sK17(xyz,xyz)),X1)).

cnf(u1948,axiom,
    ~pd(sK10(sK17(sK17(xyz,xyz),xyz)))).

cnf(u1952,axiom,
    ~ed(sK10(sK17(sK17(xyz,xyz),xyz)))).

cnf(u1959,axiom,
    p(sK17(xyz,sK17(xyz,xyz)),xyz)).

cnf(u1971,axiom,
    ~p(sK17(xyz,xyz),X0) | p(sK17(X0,sK17(xyz,xyz)),sK17(xyz,xyz))).

cnf(u1975,axiom,
    pd(sK17(xyz,sK17(xyz,xyz)))).

cnf(u1987,axiom,
    ~ab(sK17(xyz,sK17(xyz,xyz)))).

cnf(u1993,axiom,
    ~ed(sK17(xyz,sK17(xyz,xyz)))).

cnf(u1997,axiom,
    ~pd(X1) | p(X1,sK17(xyz,xyz)) | dif(sK14(X1,sK17(xyz,xyz)),X1,sK17(xyz,xyz))).

cnf(u2001,axiom,
    tq(sK10(sK17(xyz,sK17(xyz,xyz))))).

cnf(u2011,axiom,
    q(sK10(sK17(xyz,sK17(xyz,xyz))))).

cnf(u2025,axiom,
    ~ab(sK10(sK17(sK17(xyz,xyz),xyz)))).

cnf(u2029,axiom,
    p(sK17(sK17(xyz,xyz),xyz),sK17(xyz,xyz))).

cnf(u2033,axiom,
    ~pq(sK10(sK17(xyz,sK17(xyz,xyz))))).

cnf(u2037,axiom,
    ~aq(sK10(sK17(xyz,sK17(xyz,xyz))))).

cnf(u2049,axiom,
    ~pd(sK10(sK17(xyz,sK17(xyz,xyz))))).

cnf(u2053,axiom,
    p(sK17(xyz,sK17(xyz,xyz)),sK17(xyz,xyz))).

cnf(u2057,axiom,
    ~ed(sK10(sK17(xyz,sK17(xyz,xyz))))).

cnf(u2061,axiom,
    ~ab(sK10(sK17(xyz,sK17(xyz,xyz))))).

cnf(u2073,axiom,
    pd(sK4(sK10(sK4(sK10(sK17(xyz,xyz))))))).

cnf(u2086,axiom,
    dqt(sK10(sK17(xyz,xyz)),sK4(sK10(sK17(xyz,xyz))))).

cnf(u2090,axiom,
    pd(sK4(sK10(sK17(sK17(xyz,xyz),xyz))))).

cnf(u2103,axiom,
    pd(sK4(sK10(sK17(xyz,sK17(xyz,xyz)))))).

cnf(u2172,axiom,
    ~ab(sK4(sK10(sK17(sK17(xyz,xyz),xyz))))).

cnf(u2176,axiom,
    dqt(sK10(sK17(xyz,xyz)),sK17(xyz,xyz))).

cnf(u2189,axiom,
    ~ed(sK4(sK10(sK17(sK17(xyz,xyz),xyz))))).

cnf(u2193,axiom,
    ql(sK3(sK10(sK17(xyz,xyz))),sK10(sK17(xyz,xyz)))).

cnf(u2197,axiom,
    ~ab(sK4(sK10(sK17(xyz,sK17(xyz,xyz)))))).

cnf(u2201,axiom,
    ~ed(sK4(sK10(sK17(xyz,sK17(xyz,xyz)))))).

cnf(u2208,axiom,
    tr(sK3(sK10(sK17(xyz,xyz))))).

cnf(u2215,axiom,
    r(sK3(sK10(sK17(xyz,xyz))))).

cnf(u2224,axiom,
    ~pr(sK3(sK10(sK17(xyz,xyz))))).

cnf(u2237,axiom,
    ~ar(sK3(sK10(sK17(xyz,xyz))))).

cnf(u2241,axiom,
    ab(sK3(sK10(sK17(xyz,xyz))))).

cnf(u2245,axiom,
    p(sK17(sK17(xyz,xyz),sK17(xyz,xyz)),sK17(xyz,xyz))).

cnf(u2498,axiom,
    ~ab(X0) | p(X0,sK3(sK10(xyz))) | dif(sK13(X0,sK3(sK10(xyz))),X0,sK3(sK10(xyz)))).

cnf(u2502,axiom,
    ov(X2,sK3(sK10(xyz))) | ~p(sK3(sK10(xyz)),X2)).

cnf(u2508,axiom,
    ~p(sK3(sK10(xyz)),X1) | p(sK17(X1,sK3(sK10(xyz))),X1)).

cnf(u2515,axiom,
    p(sK17(sK3(sK10(xyz)),sK3(sK10(xyz))),sK3(sK10(xyz)))).

cnf(u2528,axiom,
    ~pd(X0) | sK10(X0) = sK10(xyz) | ~dqt(sK10(X0),xyz)).

cnf(u2532,axiom,
    ab(sK17(sK3(sK10(xyz)),sK3(sK10(xyz))))).

cnf(u2541,axiom,
    t(sK17(sK3(sK10(xyz)),sK3(sK10(xyz))))).

cnf(u2549,axiom,
    tr(sK17(sK3(sK10(xyz)),sK3(sK10(xyz))))).

cnf(u2556,axiom,
    ~p(sK3(sK10(xyz)),X0) | p(sK17(X0,sK3(sK10(xyz))),sK3(sK10(xyz)))).

cnf(u2560,axiom,
    r(sK17(sK3(sK10(xyz)),sK3(sK10(xyz))))).

cnf(u2565,axiom,
    ~pr(sK17(sK3(sK10(xyz)),sK3(sK10(xyz))))).

cnf(u2571,axiom,
    ~ar(sK17(sK3(sK10(xyz)),sK3(sK10(xyz))))).

cnf(u2581,axiom,
    ~pd(sK17(sK3(sK10(xyz)),sK3(sK10(xyz))))).

cnf(u2578,axiom,
    ~pd(sK3(sK10(xyz)))).

cnf(u2585,axiom,
    ~p(sK17(sK3(sK10(xyz)),sK3(sK10(xyz))),X0) | ov(X0,sK3(sK10(xyz)))).

cnf(u2589,axiom,
    ~p(sK17(sK3(sK10(xyz)),sK3(sK10(xyz))),X1) | ab(X1)).

cnf(u2595,axiom,
    ~p(X2,sK17(sK3(sK10(xyz)),sK3(sK10(xyz)))) | ab(X2)).

cnf(u2601,axiom,
    ov(sK3(sK10(xyz)),sK3(sK10(xyz)))).

cnf(u2608,axiom,
    ~p(X1,sK17(sK3(sK10(xyz)),sK3(sK10(xyz)))) | p(X1,sK3(sK10(xyz)))).

cnf(u2612,axiom,
    ~p(sK17(sK3(sK10(xyz)),sK3(sK10(xyz))),X0) | t(X0)).

cnf(u2618,axiom,
    ~p(X1,sK17(sK3(sK10(xyz)),sK3(sK10(xyz)))) | t(X1)).

cnf(u2624,axiom,
    p(sK17(sK3(sK10(xyz)),sK3(sK10(xyz))),sK17(sK3(sK10(xyz)),sK3(sK10(xyz))))).

cnf(u2641,axiom,
    sK3(sK10(xyz)) = sK17(sK3(sK10(xyz)),sK3(sK10(xyz)))).

cnf(u2648,axiom,
    ov(sK17(sK3(sK10(xyz)),sK3(sK10(xyz))),sK3(sK10(xyz)))).

cnf(u2654,axiom,
    ~ab(X0) | p(X0,sK17(sK3(sK10(xyz)),sK3(sK10(xyz)))) | dif(sK13(X0,sK17(sK3(sK10(xyz)),sK3(sK10(xyz)))),X0,sK17(sK3(sK10(xyz)),sK3(sK10(xyz))))).

cnf(u2658,axiom,
    p(sK17(sK17(sK3(sK10(xyz)),sK3(sK10(xyz))),sK3(sK10(xyz))),sK3(sK10(xyz)))).

cnf(u2672,axiom,
    ab(sK17(sK17(sK3(sK10(xyz)),sK3(sK10(xyz))),sK3(sK10(xyz))))).

cnf(u2685,axiom,
    t(sK17(sK17(sK3(sK10(xyz)),sK3(sK10(xyz))),sK3(sK10(xyz))))).

cnf(u2692,axiom,
    ov(X0,sK17(sK3(sK10(xyz)),sK3(sK10(xyz)))) | ~p(sK17(sK3(sK10(xyz)),sK3(sK10(xyz))),X0)).

cnf(u2696,axiom,
    tr(sK17(sK17(sK3(sK10(xyz)),sK3(sK10(xyz))),sK3(sK10(xyz))))).

cnf(u2703,axiom,
    r(sK17(sK17(sK3(sK10(xyz)),sK3(sK10(xyz))),sK3(sK10(xyz))))).

cnf(u2710,axiom,
    ~pr(sK17(sK17(sK3(sK10(xyz)),sK3(sK10(xyz))),sK3(sK10(xyz))))).

% # SZS output end Saturation.
% ------------------------------
% Version: Vampire 4.7 (commit af7d05f97 on 2022-09-30 11:01:41 +0200)
% Termination reason: Satisfiable

% Memory used [KB]: 7036
% Time elapsed: 0.030 s
% ------------------------------
% ------------------------------
% Success in time 0.038 s
