% Running in auto input_syntax mode. Trying TPTP
% ott+11_3_aac=none:afr=on:afp=4000:afq=1.4:amm=off:anc=all:bs=unit_only:bsr=on:bce=on:fde=unused:irw=on:nm=64:newcnf=on:nwc=1:nicw=on:sac=on:sp=reverse_arity:uhcvi=on_31 on type_ach_subsumed_to_as for (31ds)
% SZS status Satisfiable for type_ach_subsumed_to_as
% # SZS output start Saturation.
cnf(u666,axiom,
    ~as(xyz)).

cnf(u670,axiom,
    ach(xyz)).

cnf(u674,axiom,
    ~ds(X0) | ~c(X0)).

cnf(u678,axiom,
    ~ped(X0) | ~nped(X0)).

cnf(u682,axiom,
    ~tr(X0) | ~ar(X0)).

cnf(u686,axiom,
    ~tr(X0) | ~pr(X0)).

cnf(u690,axiom,
    ~pr(X0) | ~ar(X0)).

cnf(u694,axiom,
    ~tq(X0) | ~pq(X0)).

cnf(u698,axiom,
    ~tq(X0) | ~aq(X0)).

cnf(u702,axiom,
    ~pq(X0) | ~aq(X0)).

cnf(u706,axiom,
    ~q(X0) | ~ab(X0)).

cnf(u710,axiom,
    ~ed(X0) | ~ab(X0)).

cnf(u714,axiom,
    ~pd(X0) | ~ab(X0)).

cnf(u718,axiom,
    ~q(X0) | ~ed(X0)).

cnf(u722,axiom,
    ~pd(X0) | ~ed(X0)).

cnf(u726,axiom,
    ~q(X0) | ~pd(X0)).

cnf(u730,axiom,
    ~npob(X0) | nped(X0)).

cnf(u734,axiom,
    ~r(X0) | ab(X0)).

cnf(u738,axiom,
    ~s(X0) | pr(X0)).

cnf(u742,axiom,
    ~ds(X0) | naso(X0)).

cnf(u746,axiom,
    ~tl(X0) | tq(X0)).

cnf(u750,axiom,
    ~sl(X0) | pq(X0)).

cnf(u754,axiom,
    ~c(X0) | naso(X0)).

cnf(u758,axiom,
    ~t(X0) | tr(X0)).

cnf(u762,axiom,
    ~ach(X0) | ev(X0)).

cnf(u766,axiom,
    ~sob(X0) | npob(X0)).

cnf(u770,axiom,
    ~ev(X0) | pd(X0)).

cnf(u774,axiom,
    ~naso(X0) | sob(X0)).

cnf(u778,axiom,
    ~nped(X0) | ed(X0)).

cnf(u782,axiom,
    ~ped(X0) | ed(X0)).

cnf(u786,axiom,
    ~ar(X0) | r(X0)).

cnf(u790,axiom,
    ~pr(X0) | r(X0)).

cnf(u794,axiom,
    ~tr(X0) | r(X0)).

cnf(u798,axiom,
    ~aq(X0) | q(X0)).

cnf(u802,axiom,
    ~pq(X0) | q(X0)).

cnf(u806,axiom,
    ~tq(X0) | q(X0)).

cnf(u810,axiom,
    ~ped(X0) | sl(sK1(X0))).

cnf(u814,axiom,
    ~nped(X0) | aq(sK2(X0))).

cnf(u818,axiom,
    ~tq(X0) | pd(sK4(X0))).

cnf(u822,axiom,
    ~pq(X0) | ped(sK5(X0))).

cnf(u826,axiom,
    ~aq(X0) | nped(sK6(X0))).

cnf(u830,axiom,
    tl(sK10(X0)) | ~pd(X0)).

cnf(u834,axiom,
    ~ab(X0) | p(X0,X0)).

cnf(u838,axiom,
    p(X0,X0) | ~pd(X0)).

cnf(u842,axiom,
    ~ql(X0,X1) | tr(X0)).

cnf(u846,axiom,
    ~us(X0,X1) | c(X0)).

cnf(u850,axiom,
    ~us(X0,X1) | ds(X1)).

cnf(u854,axiom,
    ~dqt(X0,X1) | q(X0)).

cnf(u858,axiom,
    ~pre(X0,X1) | t(X1)).

cnf(u863,axiom,
    ev(xyz)).

cnf(u868,axiom,
    pd(xyz)).

cnf(u874,axiom,
    ~ed(xyz)).

cnf(u878,axiom,
    ~ab(xyz)).

cnf(u882,axiom,
    ~ds(X0) | us(sK0(X0),X0)).

cnf(u886,axiom,
    ~ped(X0) | dqt(sK1(X0),X0)).

cnf(u890,axiom,
    ~nped(X0) | dqt(sK2(X0),X0)).

cnf(u894,axiom,
    ~tq(X0) | ql(sK3(X0),X0)).

cnf(u898,axiom,
    ~tq(X0) | dqt(X0,sK4(X0))).

cnf(u902,axiom,
    ~pq(X0) | dqt(X0,sK5(X0))).

cnf(u906,axiom,
    ~aq(X0) | dqt(X0,sK6(X0))).

cnf(u910,axiom,
    df(X0,sK7(X0)) | ~c(X0)).

cnf(u914,axiom,
    dqt(sK10(X0),X0) | ~pd(X0)).

cnf(u918,axiom,
    ~df(X0,X1) | us(X0,X1)).

cnf(u922,axiom,
    ~tql(X0,X1,X2) | t(X2)).

cnf(u926,axiom,
    ~k(X0,X1,X2) | t(X2)).

cnf(u930,axiom,
    ~pc(X0,X1,X2) | ed(X0)).

cnf(u934,axiom,
    ~pc(X0,X1,X2) | pd(X1)).

cnf(u938,axiom,
    ~pc(X0,X1,X2) | t(X2)).

cnf(u942,axiom,
    ~tp(X0,X1,X2) | ed(X0)).

cnf(u946,axiom,
    ~tp(X0,X1,X2) | ed(X1)).

cnf(u950,axiom,
    ~tp(X0,X1,X2) | t(X2)).

cnf(u955,axiom,
    ~p(X0,X1) | ab(X1) | pd(X1)).

cnf(u959,axiom,
    ~p(X0,X1) | ab(X0) | pd(X0)).

cnf(u963,axiom,
    ~s(X1) | ~p(X0,X1) | s(X0)).

cnf(u967,axiom,
    ~s(X0) | s(X1) | ~p(X0,X1)).

cnf(u971,axiom,
    ~ar(X1) | ~p(X0,X1) | ar(X0)).

cnf(u975,axiom,
    ~ar(X0) | ar(X1) | ~p(X0,X1)).

cnf(u979,axiom,
    ~ab(X1) | ~p(X0,X1) | ab(X0)).

cnf(u983,axiom,
    ~ab(X0) | ab(X1) | ~p(X0,X1)).

cnf(u987,axiom,
    ~t(X1) | ~p(X0,X1) | t(X0)).

cnf(u991,axiom,
    ~t(X0) | t(X1) | ~p(X0,X1)).

cnf(u995,axiom,
    ~p(X0,X1) | ~pd(X1) | pd(X0)).

cnf(u999,axiom,
    ~p(X0,X1) | pd(X1) | ~pd(X0)).

cnf(u1003,axiom,
    ~dqt(X0,X1) | ed(X1) | pd(X1)).

cnf(u1007,axiom,
    ~dqt(X0,X1) | ~pd(X1) | tq(X0)).

cnf(u1011,axiom,
    ~dqt(X0,X1) | pd(X1) | ~tq(X0)).

cnf(u1015,axiom,
    ~ped(X1) | ~dqt(X0,X1) | pq(X0)).

cnf(u1019,axiom,
    ~pq(X0) | ped(X1) | ~dqt(X0,X1)).

cnf(u1023,axiom,
    ~nped(X1) | ~dqt(X0,X1) | aq(X0)).

cnf(u1027,axiom,
    ~aq(X0) | nped(X1) | ~dqt(X0,X1)).

cnf(u1031,axiom,
    ~ql(X0,X1) | ~tl(X1) | t(X0)).

cnf(u1035,axiom,
    ~tql(X0,X1,X2) | pre(X1,X2)).

cnf(u1039,axiom,
    ~k(X0,X1,X2) | pre(X0,X2)).

cnf(u1043,axiom,
    ~k(X0,X1,X2) | pre(X1,X2)).

cnf(u1047,axiom,
    ~pc(X0,X1,X2) | pre(X0,X2)).

cnf(u1051,axiom,
    ~pc(X0,X1,X2) | pre(X1,X2)).

cnf(u1055,axiom,
    ~tp(X0,X1,X2) | pre(X0,X2)).

cnf(u1059,axiom,
    ~tp(X0,X1,X2) | pre(X1,X2)).

cnf(u1065,axiom,
    ~ed(X0) | pc(X0,sK8(X0),sK9(X0))).

cnf(u1069,axiom,
    ~pd(X0) | tq(sK10(X0))).

cnf(u1074,axiom,
    tq(sK10(xyz))).

cnf(u1078,axiom,
    ~ed(X0) | as(X0) | nped(X0) | ped(X0)).

cnf(u1088,axiom,
    q(sK10(xyz))).

cnf(u1095,axiom,
    ~q(X0) | aq(X0) | pq(X0) | tq(X0)).

cnf(u1099,axiom,
    ~aq(sK10(xyz))).

cnf(u1103,axiom,
    ~pq(sK10(xyz))).

cnf(u1107,axiom,
    ~ov(X0,X1) | p(sK17(X0,X1),X0)).

cnf(u1111,axiom,
    ~pd(sK10(xyz))).

cnf(u1115,axiom,
    ~ov(X0,X1) | p(sK17(X0,X1),X1)).

cnf(u1119,axiom,
    ~ed(sK10(xyz))).

cnf(u1123,axiom,
    ~ab(sK10(xyz))).

cnf(u1127,axiom,
    ~tql(X0,X1,X2) | pq(X1) | aq(X1)).

cnf(u1131,axiom,
    pd(sK4(sK10(xyz)))).

cnf(u1138,axiom,
    ~tql(X0,X1,X2) | pr(X0) | ar(X0)).

cnf(u1142,axiom,
    ~ed(sK4(sK10(xyz)))).

cnf(u1146,axiom,
    ~ab(sK4(sK10(xyz)))).

cnf(u1150,axiom,
    ~aq(X1) | ~tql(X0,X1,X2) | ar(X0)).

cnf(u1154,axiom,
    ~pd(X0) | q(sK10(X0))).

cnf(u1160,axiom,
    ~ar(X0) | aq(X1) | ~tql(X0,X1,X2)).

cnf(u1164,axiom,
    tq(sK10(sK4(sK10(xyz))))).

cnf(u1174,axiom,
    q(sK10(sK4(sK10(xyz))))).

cnf(u1178,axiom,
    ~pq(X1) | ~tql(X0,X1,X2) | pr(X0)).

cnf(u1185,axiom,
    ~aq(sK10(sK4(sK10(xyz))))).

cnf(u1189,axiom,
    ~pr(X0) | pq(X1) | ~tql(X0,X1,X2)).

cnf(u1193,axiom,
    ~pq(sK10(sK4(sK10(xyz))))).

cnf(u1197,axiom,
    ~pd(sK10(sK4(sK10(xyz))))).

cnf(u1201,axiom,
    ~k(X1,X0,X2) | ~k(X0,X1,X2)).

cnf(u1205,axiom,
    ~ed(sK10(sK4(sK10(xyz))))).

cnf(u1209,axiom,
    ~k(X0,X1,X2) | ed(X1) | pd(X1)).

cnf(u1213,axiom,
    ~ab(sK10(sK4(sK10(xyz))))).

cnf(u1217,axiom,
    ~k(X0,X1,X2) | ed(X0) | pd(X0)).

cnf(u1221,axiom,
    ~ped(X1) | ~k(X0,X1,X2) | ped(X0)).

cnf(u1225,axiom,
    ~ped(X0) | ped(X1) | ~k(X0,X1,X2)).

cnf(u1229,axiom,
    ~nped(X1) | ~k(X0,X1,X2) | nped(X0)).

cnf(u1233,axiom,
    ~nped(X0) | nped(X1) | ~k(X0,X1,X2)).

cnf(u1237,axiom,
    ~k(X0,X1,X2) | ~pd(X1) | pd(X0)).

cnf(u1241,axiom,
    ~k(X0,X1,X2) | pd(X1) | ~pd(X0)).

cnf(u1245,axiom,
    ~ped(X1) | ~tp(X0,X1,X2) | ped(X0)).

cnf(u1249,axiom,
    ~ped(X0) | ped(X1) | ~tp(X0,X1,X2)).

cnf(u1253,axiom,
    ~nped(X1) | ~tp(X0,X1,X2) | nped(X0)).

cnf(u1257,axiom,
    ~nped(X0) | nped(X1) | ~tp(X0,X1,X2)).

cnf(u1261,axiom,
    ~sl(X1) | ~tql(X0,X1,X2) | s(X0)).

cnf(u1265,axiom,
    ~dif(X2,X0,X1) | ab(X1) | pd(X2)).

cnf(u1269,axiom,
    ~dif(X2,X0,X1) | ab(X0) | pd(X2)).

cnf(u1273,axiom,
    ~dif(X2,X0,X1) | ab(X2) | pd(X2)).

cnf(u1277,axiom,
    ~dif(X2,X0,X1) | ab(X2) | pd(X0)).

cnf(u1281,axiom,
    ~dif(X2,X0,X1) | ab(X2) | pd(X1)).

cnf(u1295,axiom,
    ~c(X0) | us(X0,sK7(X0))).

cnf(u1299,axiom,
    ~pre(X0,X1) | ed(X0) | pd(X0) | q(X0)).

cnf(u1303,axiom,
    dqt(sK10(xyz),sK4(sK10(xyz)))).

cnf(u1311,axiom,
    ~ed(X0) | ~pre(X0,X1) | tp(X0,X0,X1)).

cnf(u1315,axiom,
    ql(sK3(sK10(xyz)),sK10(xyz))).

cnf(u1321,axiom,
    tr(sK3(sK10(xyz)))).

cnf(u1325,axiom,
    ~p(X1,X0) | ~p(X0,X1) | X0 = X1).

cnf(u1332,axiom,
    r(sK3(sK10(xyz)))).

cnf(u1337,axiom,
    ~p(X2,X1) | ~p(X2,X0) | ov(X0,X1)).

cnf(u1341,axiom,
    ~pr(sK3(sK10(xyz)))).

cnf(u1345,axiom,
    ~ar(sK3(sK10(xyz)))).

cnf(u1349,axiom,
    ~pre(X0,X2) | ~df(X0,X1) | pre(X1,X2)).

cnf(u1353,axiom,
    ab(sK3(sK10(xyz)))).

cnf(u1360,axiom,
    ~us(X0,X1) | ~pre(X1,X2) | pre(X0,X2)).

cnf(u1364,axiom,
    pd(sK4(sK10(sK4(sK10(xyz)))))).

cnf(u1372,axiom,
    ~ed(sK4(sK10(sK4(sK10(xyz)))))).

cnf(u1376,axiom,
    ~ql(X2,X1) | ~ql(X0,X1) | X0 = X2).

cnf(u1380,axiom,
    ~ab(sK4(sK10(sK4(sK10(xyz)))))).

cnf(u1384,axiom,
    ~df(X0,X2) | ~df(X0,X1) | X1 = X2).

cnf(u1388,axiom,
    ~p(X1,X2) | ~p(X0,X1) | p(X0,X2)).

cnf(u1392,axiom,
    ~dqt(X0,X2) | ~dqt(X0,X1) | X1 = X2).

cnf(u1396,axiom,
    ~pre(X0,X1) | ~p(X2,X1) | pre(X0,X2)).

cnf(u1402,axiom,
    t(sK3(sK10(xyz)))).

cnf(u1412,axiom,
    ~dif(X2,X0,X1) | p(X3,X0) | ~p(X3,X2)).

cnf(u1419,axiom,
    ~p(sK3(sK10(xyz)),X0) | t(X0)).

cnf(u1424,axiom,
    ~dif(X2,X0,X1) | ~ov(X3,X1) | ~p(X3,X2)).

cnf(u1428,axiom,
    ~p(X1,sK3(sK10(xyz))) | t(X1)).

cnf(u1433,axiom,
    q(sK10(sK4(sK10(sK4(sK10(xyz))))))).

cnf(u1441,axiom,
    tq(sK10(sK4(sK10(sK4(sK10(xyz))))))).

cnf(u1451,axiom,
    ~p(sK3(sK10(xyz)),X0) | ab(X0)).

cnf(u1456,axiom,
    ~p(X1,sK3(sK10(xyz))) | ab(X1)).

cnf(u1462,axiom,
    p(sK3(sK10(xyz)),sK3(sK10(xyz)))).

cnf(u1477,axiom,
    ~pd(sK10(sK4(sK10(sK4(sK10(xyz))))))).

cnf(u1481,axiom,
    ~ed(sK10(sK4(sK10(sK4(sK10(xyz))))))).

cnf(u1485,axiom,
    ~ab(sK10(sK4(sK10(sK4(sK10(xyz))))))).

cnf(u1489,axiom,
    ~aq(sK10(sK4(sK10(sK4(sK10(xyz))))))).

cnf(u1493,axiom,
    ~pq(sK10(sK4(sK10(sK4(sK10(xyz))))))).

cnf(u1503,axiom,
    ov(X1,X0) | ~p(X0,X1) | ~pd(X0)).

cnf(u1509,axiom,
    ~pre(X0,X1) | ~pd(X0) | pc(sK15(X0,X1),X0,X1)).

cnf(u1513,axiom,
    pd(sK4(sK10(sK4(sK10(sK4(sK10(xyz)))))))).

cnf(u1521,axiom,
    ~ed(sK4(sK10(sK4(sK10(sK4(sK10(xyz)))))))).

cnf(u1525,axiom,
    ~pq(X0) | ~pre(X0,X1) | tql(sK16(X0,X1),X0,X1)).

cnf(u1529,axiom,
    ~ab(sK4(sK10(sK4(sK10(sK4(sK10(xyz)))))))).

cnf(u1533,axiom,
    ~aq(X0) | ~pre(X0,X1) | tql(sK16(X0,X1),X0,X1)).

cnf(u1537,axiom,
    ~tql(X0,X1,X2) | ~p(X3,X2) | tql(X0,X1,X3)).

cnf(u1541,axiom,
    ~k(X0,X1,X2) | ~p(X3,X2) | k(X0,X1,X3)).

cnf(u1545,axiom,
    ~pc(X0,X1,X2) | ~p(X3,X2) | pc(X0,X1,X3)).

cnf(u1549,axiom,
    ~tp(X0,X1,X2) | ~p(X3,X2) | tp(X0,X1,X3)).

cnf(u1553,axiom,
    ~c(X0) | sK7(X0) = X1 | ~df(X0,X1)).

cnf(u1557,axiom,
    ~k(X1,X2,X3) | ~k(X0,X1,X3) | k(X0,X2,X3)).

cnf(u1561,axiom,
    ~dqt(sK10(X0),X1) | X0 = X1 | ~pd(X0)).

cnf(u1624,axiom,
    ~tp(X1,X2,X3) | ~tp(X0,X1,X3) | tp(X0,X2,X3)).

cnf(u1628,axiom,
    xyz = sK4(sK10(xyz))).

cnf(u1632,axiom,
    dqt(sK10(xyz),xyz)).

cnf(u1642,axiom,
    ~ql(X0,sK10(xyz)) | sK3(sK10(xyz)) = X0).

cnf(u1647,axiom,
    ~dqt(sK10(xyz),X2) | xyz = X2).

cnf(u1653,axiom,
    ~ab(X1) | ~ab(X0) | p(X0,X1) | dif(sK13(X0,X1),X0,X1)).

cnf(u1657,axiom,
    ~pd(X0) | ~p(X0,X1) | p(sK17(X1,X0),X0)).

cnf(u1662,axiom,
    ~p(xyz,X0) | p(sK17(X0,xyz),xyz)).

cnf(u1666,axiom,
    ~pd(X1) | ~pd(X0) | p(X0,X1) | dif(sK14(X0,X1),X0,X1)).

cnf(u1672,axiom,
    p(sK17(xyz,xyz),xyz)).

cnf(u1684,axiom,
    ~sl(X1) | ~dqt(X1,X2) | ~sl(X0) | ~dqt(X0,X2) | X0 = X1).

cnf(u1688,axiom,
    pd(sK17(xyz,xyz))).

cnf(u1697,axiom,
    ~ed(sK17(xyz,xyz))).

cnf(u1701,axiom,
    ~tl(X1) | ~dqt(X1,X2) | ~tl(X0) | ~dqt(X0,X2) | X0 = X1).

cnf(u1705,axiom,
    ~ab(sK17(xyz,xyz))).

cnf(u1709,axiom,
    ~dif(X2,X0,X1) | ~p(X3,X0) | ov(X3,X1) | p(X3,X2)).

cnf(u1713,axiom,
    q(sK10(sK17(xyz,xyz)))).

cnf(u1721,axiom,
    tq(sK10(sK17(xyz,xyz)))).

cnf(u1731,axiom,
    ~pd(sK10(sK17(xyz,xyz)))).

cnf(u1735,axiom,
    ~ed(sK10(sK17(xyz,xyz)))).

cnf(u1739,axiom,
    ~ab(sK10(sK17(xyz,xyz)))).

cnf(u1744,axiom,
    ~aq(sK10(sK17(xyz,xyz)))).

cnf(u1750,axiom,
    ~pq(sK10(sK17(xyz,xyz)))).

cnf(u1754,axiom,
    pd(sK4(sK10(sK17(xyz,xyz))))).

cnf(u1764,axiom,
    ~ed(sK4(sK10(sK17(xyz,xyz))))).

cnf(u1769,axiom,
    ~ab(sK4(sK10(sK17(xyz,xyz))))).

cnf(u1773,axiom,
    q(sK10(sK4(sK10(sK17(xyz,xyz)))))).

cnf(u1781,axiom,
    tq(sK10(sK4(sK10(sK17(xyz,xyz)))))).

cnf(u1791,axiom,
    ~tl(X2) | ~dqt(sK10(X0),X1) | ~dqt(X2,X1) | sK10(X0) = X2 | ~pd(X0)).

cnf(u1795,axiom,
    ~pd(sK10(sK4(sK10(sK17(xyz,xyz)))))).

cnf(u1799,axiom,
    ~ed(sK10(sK4(sK10(sK17(xyz,xyz)))))).

cnf(u1804,axiom,
    ~ab(sK10(sK4(sK10(sK17(xyz,xyz)))))).

cnf(u1808,axiom,
    ~pd(X2) | ~p(X2,X3) | p(sK17(X3,X2),X3)).

cnf(u1812,axiom,
    ~aq(sK10(sK4(sK10(sK17(xyz,xyz)))))).

cnf(u1816,axiom,
    ~pq(sK10(sK4(sK10(sK17(xyz,xyz)))))).

cnf(u1823,axiom,
    ~p(xyz,X0) | p(sK17(X0,xyz),X0)).

cnf(u1828,axiom,
    ~dqt(sK10(X0),X1) | ~dqt(sK10(X2),X1) | sK10(X0) = sK10(X2) | ~pd(X0) | ~pd(X2)).

cnf(u1832,axiom,
    ~p(sK17(xyz,xyz),X0) | ov(X0,xyz)).

cnf(u1839,axiom,
    ov(xyz,xyz)).

cnf(u1848,axiom,
    ov(sK17(xyz,xyz),xyz)).

cnf(u1854,axiom,
    ~pd(X0) | p(X0,xyz) | dif(sK14(X0,xyz),X0,xyz)).

cnf(u1858,axiom,
    p(sK17(sK17(xyz,xyz),xyz),xyz)).

cnf(u1870,axiom,
    pd(sK17(sK17(xyz,xyz),xyz))).

cnf(u1885,axiom,
    ~ab(sK17(sK17(xyz,xyz),xyz))).

cnf(u1889,axiom,
    ~dqt(sK10(X0),X1) | sK10(X0) = sK10(X1) | ~pd(X1) | ~pd(X0)).

cnf(u1893,axiom,
    ~ed(sK17(sK17(xyz,xyz),xyz))).

cnf(u1897,axiom,
    tq(sK10(sK17(sK17(xyz,xyz),xyz)))).

cnf(u1911,axiom,
    q(sK10(sK17(sK17(xyz,xyz),xyz)))).

cnf(u1922,axiom,
    p(xyz,xyz)).

cnf(u1935,axiom,
    ov(X0,xyz) | ~p(xyz,X0)).

cnf(u1941,axiom,
    ~p(X1,sK17(xyz,xyz)) | p(X1,xyz)).

cnf(u1946,axiom,
    ~aq(sK10(sK17(sK17(xyz,xyz),xyz)))).

cnf(u1950,axiom,
    xyz = sK17(xyz,xyz)).

cnf(u1957,axiom,
    ~pq(sK10(sK17(sK17(xyz,xyz),xyz)))).

cnf(u1961,axiom,
    ~p(sK17(xyz,xyz),X1) | p(sK17(X1,sK17(xyz,xyz)),X1)).

cnf(u1965,axiom,
    ~pd(sK10(sK17(sK17(xyz,xyz),xyz)))).

cnf(u1969,axiom,
    ~ed(sK10(sK17(sK17(xyz,xyz),xyz)))).

cnf(u1976,axiom,
    p(sK17(xyz,sK17(xyz,xyz)),xyz)).

cnf(u1988,axiom,
    ~p(sK17(xyz,xyz),X0) | p(sK17(X0,sK17(xyz,xyz)),sK17(xyz,xyz))).

cnf(u1992,axiom,
    pd(sK17(xyz,sK17(xyz,xyz)))).

cnf(u2004,axiom,
    ~ab(sK17(xyz,sK17(xyz,xyz)))).

cnf(u2010,axiom,
    ~ed(sK17(xyz,sK17(xyz,xyz)))).

cnf(u2014,axiom,
    ~pd(X1) | p(X1,sK17(xyz,xyz)) | dif(sK14(X1,sK17(xyz,xyz)),X1,sK17(xyz,xyz))).

cnf(u2018,axiom,
    tq(sK10(sK17(xyz,sK17(xyz,xyz))))).

cnf(u2028,axiom,
    q(sK10(sK17(xyz,sK17(xyz,xyz))))).

cnf(u2042,axiom,
    ~ab(sK10(sK17(sK17(xyz,xyz),xyz)))).

cnf(u2046,axiom,
    p(sK17(sK17(xyz,xyz),xyz),sK17(xyz,xyz))).

cnf(u2050,axiom,
    ~aq(sK10(sK17(xyz,sK17(xyz,xyz))))).

cnf(u2054,axiom,
    ~pq(sK10(sK17(xyz,sK17(xyz,xyz))))).

cnf(u2066,axiom,
    ~pd(sK10(sK17(xyz,sK17(xyz,xyz))))).

cnf(u2070,axiom,
    p(sK17(xyz,sK17(xyz,xyz)),sK17(xyz,xyz))).

cnf(u2074,axiom,
    ~ed(sK10(sK17(xyz,sK17(xyz,xyz))))).

cnf(u2078,axiom,
    ~ab(sK10(sK17(xyz,sK17(xyz,xyz))))).

cnf(u2090,axiom,
    pd(sK4(sK10(sK4(sK10(sK17(xyz,xyz))))))).

cnf(u2103,axiom,
    dqt(sK10(sK17(xyz,xyz)),sK4(sK10(sK17(xyz,xyz))))).

cnf(u2107,axiom,
    pd(sK4(sK10(sK17(sK17(xyz,xyz),xyz))))).

cnf(u2120,axiom,
    pd(sK4(sK10(sK17(xyz,sK17(xyz,xyz)))))).

cnf(u2189,axiom,
    ~ab(sK4(sK10(sK17(sK17(xyz,xyz),xyz))))).

cnf(u2193,axiom,
    dqt(sK10(sK17(xyz,xyz)),sK17(xyz,xyz))).

cnf(u2206,axiom,
    ~ed(sK4(sK10(sK17(sK17(xyz,xyz),xyz))))).

cnf(u2210,axiom,
    ql(sK3(sK10(sK17(xyz,xyz))),sK10(sK17(xyz,xyz)))).

cnf(u2214,axiom,
    ~ab(sK4(sK10(sK17(xyz,sK17(xyz,xyz)))))).

cnf(u2218,axiom,
    ~ed(sK4(sK10(sK17(xyz,sK17(xyz,xyz)))))).

cnf(u2225,axiom,
    tr(sK3(sK10(sK17(xyz,xyz))))).

cnf(u2232,axiom,
    r(sK3(sK10(sK17(xyz,xyz))))).

cnf(u2241,axiom,
    ~pr(sK3(sK10(sK17(xyz,xyz))))).

cnf(u2254,axiom,
    ~ar(sK3(sK10(sK17(xyz,xyz))))).

cnf(u2258,axiom,
    ab(sK3(sK10(sK17(xyz,xyz))))).

cnf(u2262,axiom,
    p(sK17(sK17(xyz,xyz),sK17(xyz,xyz)),sK17(xyz,xyz))).

cnf(u2515,axiom,
    ~pd(X0) | sK10(X0) = sK10(xyz) | ~dqt(sK10(X0),xyz)).

cnf(u2520,axiom,
    ov(X2,sK3(sK10(xyz))) | ~p(sK3(sK10(xyz)),X2)).

cnf(u2526,axiom,
    ~ab(X0) | p(X0,sK3(sK10(xyz))) | dif(sK13(X0,sK3(sK10(xyz))),X0,sK3(sK10(xyz)))).

cnf(u2530,axiom,
    ~p(sK3(sK10(xyz)),X1) | p(sK17(X1,sK3(sK10(xyz))),X1)).

cnf(u2536,axiom,
    p(sK17(sK3(sK10(xyz)),sK3(sK10(xyz))),sK3(sK10(xyz)))).

cnf(u2550,axiom,
    ab(sK17(sK3(sK10(xyz)),sK3(sK10(xyz))))).

cnf(u2559,axiom,
    ~p(sK3(sK10(xyz)),X0) | p(sK17(X0,sK3(sK10(xyz))),sK3(sK10(xyz)))).

cnf(u2563,axiom,
    t(sK17(sK3(sK10(xyz)),sK3(sK10(xyz))))).

cnf(u2570,axiom,
    tr(sK17(sK3(sK10(xyz)),sK3(sK10(xyz))))).

cnf(u2579,axiom,
    r(sK17(sK3(sK10(xyz)),sK3(sK10(xyz))))).

cnf(u2594,axiom,
    ~pd(sK17(sK3(sK10(xyz)),sK3(sK10(xyz))))).

cnf(u2587,axiom,
    ~pd(sK3(sK10(xyz)))).

cnf(u2592,axiom,
    ~pr(sK17(sK3(sK10(xyz)),sK3(sK10(xyz))))).

cnf(u2598,axiom,
    ~ar(sK17(sK3(sK10(xyz)),sK3(sK10(xyz))))).

cnf(u2602,axiom,
    ~p(sK17(sK3(sK10(xyz)),sK3(sK10(xyz))),X0) | ov(X0,sK3(sK10(xyz)))).

cnf(u2606,axiom,
    ~p(sK17(sK3(sK10(xyz)),sK3(sK10(xyz))),X1) | ab(X1)).

cnf(u2612,axiom,
    ~p(X2,sK17(sK3(sK10(xyz)),sK3(sK10(xyz)))) | ab(X2)).

cnf(u2618,axiom,
    ov(sK3(sK10(xyz)),sK3(sK10(xyz)))).

cnf(u2625,axiom,
    ~p(X1,sK17(sK3(sK10(xyz)),sK3(sK10(xyz)))) | p(X1,sK3(sK10(xyz)))).

cnf(u2629,axiom,
    ~p(sK17(sK3(sK10(xyz)),sK3(sK10(xyz))),X0) | t(X0)).

cnf(u2635,axiom,
    ~p(X1,sK17(sK3(sK10(xyz)),sK3(sK10(xyz)))) | t(X1)).

cnf(u2641,axiom,
    p(sK17(sK3(sK10(xyz)),sK3(sK10(xyz))),sK17(sK3(sK10(xyz)),sK3(sK10(xyz))))).

cnf(u2658,axiom,
    sK3(sK10(xyz)) = sK17(sK3(sK10(xyz)),sK3(sK10(xyz)))).

cnf(u2665,axiom,
    ov(sK17(sK3(sK10(xyz)),sK3(sK10(xyz))),sK3(sK10(xyz)))).

cnf(u2671,axiom,
    ~ab(X0) | p(X0,sK17(sK3(sK10(xyz)),sK3(sK10(xyz)))) | dif(sK13(X0,sK17(sK3(sK10(xyz)),sK3(sK10(xyz)))),X0,sK17(sK3(sK10(xyz)),sK3(sK10(xyz))))).

cnf(u2675,axiom,
    p(sK17(sK17(sK3(sK10(xyz)),sK3(sK10(xyz))),sK3(sK10(xyz))),sK3(sK10(xyz)))).

cnf(u2689,axiom,
    ab(sK17(sK17(sK3(sK10(xyz)),sK3(sK10(xyz))),sK3(sK10(xyz))))).

cnf(u2702,axiom,
    t(sK17(sK17(sK3(sK10(xyz)),sK3(sK10(xyz))),sK3(sK10(xyz))))).

cnf(u2709,axiom,
    ov(X0,sK17(sK3(sK10(xyz)),sK3(sK10(xyz)))) | ~p(sK17(sK3(sK10(xyz)),sK3(sK10(xyz))),X0)).

cnf(u2713,axiom,
    tr(sK17(sK17(sK3(sK10(xyz)),sK3(sK10(xyz))),sK3(sK10(xyz))))).

cnf(u2720,axiom,
    r(sK17(sK17(sK3(sK10(xyz)),sK3(sK10(xyz))),sK3(sK10(xyz))))).

cnf(u2727,axiom,
    ~pr(sK17(sK17(sK3(sK10(xyz)),sK3(sK10(xyz))),sK3(sK10(xyz))))).

% # SZS output end Saturation.
% ------------------------------
% Version: Vampire 4.7 (commit af7d05f97 on 2022-09-30 11:01:41 +0200)
% Termination reason: Satisfiable

% Memory used [KB]: 7036
% Time elapsed: 0.026 s
% ------------------------------
% ------------------------------
% Success in time 0.034 s
