% Running in auto input_syntax mode. Trying TPTP
% ott+11_3_aac=none:afr=on:afp=4000:afq=1.4:amm=off:anc=all:bs=unit_only:bsr=on:bce=on:fde=unused:irw=on:nm=64:newcnf=on:nwc=1:nicw=on:sac=on:sp=reverse_arity:uhcvi=on_31 on type_s_subsumed_to_pt for (31ds)
% Refutation found. Thanks to Tanya!
% SZS status Unsatisfiable for type_s_subsumed_to_pt
% SZS output start Proof for type_s_subsumed_to_pt
fof(f974,plain,(
  $false),
  inference(avatar_sat_refutation,[],[f673,f677,f741,f757,f789,f809,f878,f960,f969,f973])).
fof(f973,plain,(
  spl18_1 | ~spl18_35 | ~spl18_74),
  inference(avatar_contradiction_clause,[],[f972])).
fof(f972,plain,(
  $false | (spl18_1 | ~spl18_35 | ~spl18_74)),
  inference(subsumption_resolution,[],[f971,f672])).
fof(f672,plain,(
  ~pt(xyz) | spl18_1),
  inference(avatar_component_clause,[],[f671])).
fof(f671,plain,(
  spl18_1 <=> pt(xyz)),
  introduced(avatar_definition,[new_symbols(naming,[spl18_1])])).
fof(f971,plain,(
  pt(xyz) | (~spl18_35 | ~spl18_74)),
  inference(resolution,[],[f968,f808])).
fof(f808,plain,(
  ( ! [X0] : (~ab(X0) | pt(X0)) ) | ~spl18_35),
  inference(avatar_component_clause,[],[f807])).
fof(f807,plain,(
  spl18_35 <=> ! [X0] : (~ab(X0) | pt(X0))),
  introduced(avatar_definition,[new_symbols(naming,[spl18_35])])).
fof(f968,plain,(
  ab(xyz) | ~spl18_74),
  inference(avatar_component_clause,[],[f967])).
fof(f967,plain,(
  spl18_74 <=> ab(xyz)),
  introduced(avatar_definition,[new_symbols(naming,[spl18_74])])).
fof(f969,plain,(
  spl18_74 | ~spl18_52 | ~spl18_72),
  inference(avatar_split_clause,[],[f965,f958,f876,f967])).
fof(f876,plain,(
  spl18_52 <=> pr(xyz)),
  introduced(avatar_definition,[new_symbols(naming,[spl18_52])])).
fof(f958,plain,(
  spl18_72 <=> ! [X0] : (~pr(X0) | ab(X0))),
  introduced(avatar_definition,[new_symbols(naming,[spl18_72])])).
fof(f965,plain,(
  ab(xyz) | (~spl18_52 | ~spl18_72)),
  inference(resolution,[],[f959,f877])).
fof(f877,plain,(
  pr(xyz) | ~spl18_52),
  inference(avatar_component_clause,[],[f876])).
fof(f959,plain,(
  ( ! [X0] : (~pr(X0) | ab(X0)) ) | ~spl18_72),
  inference(avatar_component_clause,[],[f958])).
fof(f960,plain,(
  spl18_72 | ~spl18_18 | ~spl18_30),
  inference(avatar_split_clause,[],[f884,f787,f739,f958])).
fof(f739,plain,(
  spl18_18 <=> ! [X0] : (~r(X0) | ab(X0))),
  introduced(avatar_definition,[new_symbols(naming,[spl18_18])])).
fof(f787,plain,(
  spl18_30 <=> ! [X0] : (~pr(X0) | r(X0))),
  introduced(avatar_definition,[new_symbols(naming,[spl18_30])])).
fof(f884,plain,(
  ( ! [X0] : (~pr(X0) | ab(X0)) ) | (~spl18_18 | ~spl18_30)),
  inference(resolution,[],[f788,f740])).
fof(f740,plain,(
  ( ! [X0] : (~r(X0) | ab(X0)) ) | ~spl18_18),
  inference(avatar_component_clause,[],[f739])).
fof(f788,plain,(
  ( ! [X0] : (r(X0) | ~pr(X0)) ) | ~spl18_30),
  inference(avatar_component_clause,[],[f787])).
fof(f878,plain,(
  spl18_52 | ~spl18_2 | ~spl18_22),
  inference(avatar_split_clause,[],[f874,f755,f675,f876])).
fof(f675,plain,(
  spl18_2 <=> s(xyz)),
  introduced(avatar_definition,[new_symbols(naming,[spl18_2])])).
fof(f755,plain,(
  spl18_22 <=> ! [X0] : (~s(X0) | pr(X0))),
  introduced(avatar_definition,[new_symbols(naming,[spl18_22])])).
fof(f874,plain,(
  pr(xyz) | (~spl18_2 | ~spl18_22)),
  inference(resolution,[],[f756,f676])).
fof(f676,plain,(
  s(xyz) | ~spl18_2),
  inference(avatar_component_clause,[],[f675])).
fof(f756,plain,(
  ( ! [X0] : (~s(X0) | pr(X0)) ) | ~spl18_22),
  inference(avatar_component_clause,[],[f755])).
fof(f809,plain,(
  spl18_35),
  inference(avatar_split_clause,[],[f560,f807])).
fof(f560,plain,(
  ( ! [X0] : (~ab(X0) | pt(X0)) )),
  inference(cnf_transformation,[],[f398])).
fof(f398,plain,(
  ! [X0] : (pt(X0) | (~q(X0) & ~pd(X0) & ~ed(X0) & ~ab(X0)))),
  inference(ennf_transformation,[],[f342])).
fof(f342,plain,(
  ! [X0] : ((q(X0) | pd(X0) | ed(X0) | ab(X0)) => pt(X0))),
  inference(unused_predicate_definition_removal,[],[f1])).
fof(f1,axiom,(
  ! [X0] : ((q(X0) | pd(X0) | ed(X0) | ab(X0)) <=> pt(X0))),
  file('outputs/dolce/subsumptions/type_s_subsumed_to_pt.in',sos)).
fof(f789,plain,(
  spl18_30),
  inference(avatar_split_clause,[],[f554,f787])).
fof(f554,plain,(
  ( ! [X0] : (~pr(X0) | r(X0)) )),
  inference(cnf_transformation,[],[f397])).
fof(f397,plain,(
  ! [X0] : (r(X0) | (~tr(X0) & ~pr(X0) & ~ar(X0)))),
  inference(ennf_transformation,[],[f338])).
fof(f338,plain,(
  ! [X0] : ((tr(X0) | pr(X0) | ar(X0)) => r(X0))),
  inference(unused_predicate_definition_removal,[],[f196])).
fof(f196,plain,(
  ! [X0] : ((tr(X0) | pr(X0) | ar(X0)) <=> r(X0))),
  inference(rectify,[],[f13])).
fof(f13,axiom,(
  ! [X12] : ((tr(X12) | pr(X12) | ar(X12)) <=> r(X12))),
  file('outputs/dolce/subsumptions/type_s_subsumed_to_pt.in',sos)).
fof(f757,plain,(
  spl18_22),
  inference(avatar_split_clause,[],[f511,f755])).
fof(f511,plain,(
  ( ! [X0] : (~s(X0) | pr(X0)) )),
  inference(cnf_transformation,[],[f381])).
fof(f381,plain,(
  ! [X0] : (pr(X0) | ~s(X0))),
  inference(ennf_transformation,[],[f168])).
fof(f168,plain,(
  ! [X0] : (s(X0) => pr(X0))),
  inference(rectify,[],[f17])).
fof(f17,axiom,(
  ! [X16] : (s(X16) => pr(X16))),
  file('outputs/dolce/subsumptions/type_s_subsumed_to_pt.in',sos)).
fof(f741,plain,(
  spl18_18),
  inference(avatar_split_clause,[],[f503,f739])).
fof(f503,plain,(
  ( ! [X0] : (~r(X0) | ab(X0)) )),
  inference(cnf_transformation,[],[f374])).
fof(f374,plain,(
  ! [X0] : (ab(X0) | ~r(X0))),
  inference(ennf_transformation,[],[f161])).
fof(f161,plain,(
  ! [X0] : (r(X0) => ab(X0))),
  inference(rectify,[],[f14])).
fof(f14,axiom,(
  ! [X13] : (r(X13) => ab(X13))),
  file('outputs/dolce/subsumptions/type_s_subsumed_to_pt.in',sos)).
fof(f677,plain,(
  spl18_2),
  inference(avatar_split_clause,[],[f478,f675])).
fof(f478,plain,(
  s(xyz)),
  inference(cnf_transformation,[],[f132])).
fof(f132,axiom,(
  s(xyz)),
  file('outputs/dolce/subsumptions/type_s_subsumed_to_pt.in',axiom1)).
fof(f673,plain,(
  ~spl18_1),
  inference(avatar_split_clause,[],[f477,f671])).
fof(f477,plain,(
  ~pt(xyz)),
  inference(cnf_transformation,[],[f133])).
fof(f133,axiom,(
  ~pt(xyz)),
  file('outputs/dolce/subsumptions/type_s_subsumed_to_pt.in',axiom2)).
% SZS output end Proof for type_s_subsumed_to_pt
% ------------------------------
% Version: Vampire 4.7 (commit af7d05f97 on 2022-09-30 11:01:41 +0200)
% Termination reason: Refutation

% Memory used [KB]: 6268
% Time elapsed: 0.007 s
% ------------------------------
% ------------------------------
% Success in time 0.013 s
