% Running in auto input_syntax mode. Trying TPTP
% ott+11_3_aac=none:afr=on:afp=4000:afq=1.4:amm=off:anc=all:bs=unit_only:bsr=on:bce=on:fde=unused:irw=on:nm=64:newcnf=on:nwc=1:nicw=on:sac=on:sp=reverse_arity:uhcvi=on_31 on type_pd_subsumed_to_fd for (31ds)
% SZS status Satisfiable for type_pd_subsumed_to_fd
% # SZS output start Saturation.
cnf(u670,axiom,
    ~fd(xyz)).

cnf(u674,axiom,
    pd(xyz)).

cnf(u678,axiom,
    ~ds(X0) | ~c(X0)).

cnf(u682,axiom,
    ~ped(X0) | ~nped(X0)).

cnf(u686,axiom,
    ~tr(X0) | ~ar(X0)).

cnf(u690,axiom,
    ~tr(X0) | ~pr(X0)).

cnf(u694,axiom,
    ~pr(X0) | ~ar(X0)).

cnf(u698,axiom,
    ~tq(X0) | ~aq(X0)).

cnf(u702,axiom,
    ~tq(X0) | ~pq(X0)).

cnf(u706,axiom,
    ~pq(X0) | ~aq(X0)).

cnf(u710,axiom,
    ~q(X0) | ~ab(X0)).

cnf(u714,axiom,
    ~ed(X0) | ~ab(X0)).

cnf(u718,axiom,
    ~ab(X0) | ~pd(X0)).

cnf(u722,axiom,
    ~q(X0) | ~ed(X0)).

cnf(u726,axiom,
    ~ed(X0) | ~pd(X0)).

cnf(u730,axiom,
    ~q(X0) | ~pd(X0)).

cnf(u734,axiom,
    ~npob(X0) | nped(X0)).

cnf(u738,axiom,
    ~r(X0) | ab(X0)).

cnf(u742,axiom,
    ~s(X0) | pr(X0)).

cnf(u746,axiom,
    ~ds(X0) | naso(X0)).

cnf(u750,axiom,
    ~tl(X0) | tq(X0)).

cnf(u754,axiom,
    ~sl(X0) | pq(X0)).

cnf(u758,axiom,
    ~c(X0) | naso(X0)).

cnf(u762,axiom,
    ~t(X0) | tr(X0)).

cnf(u766,axiom,
    ~sob(X0) | npob(X0)).

cnf(u770,axiom,
    ~naso(X0) | sob(X0)).

cnf(u774,axiom,
    ~nped(X0) | ed(X0)).

cnf(u778,axiom,
    ~ped(X0) | ed(X0)).

cnf(u782,axiom,
    ~ar(X0) | r(X0)).

cnf(u786,axiom,
    ~pr(X0) | r(X0)).

cnf(u790,axiom,
    ~tr(X0) | r(X0)).

cnf(u794,axiom,
    ~aq(X0) | q(X0)).

cnf(u798,axiom,
    ~pq(X0) | q(X0)).

cnf(u802,axiom,
    ~tq(X0) | q(X0)).

cnf(u806,axiom,
    ~ped(X0) | sl(sK1(X0))).

cnf(u810,axiom,
    ~nped(X0) | aq(sK2(X0))).

cnf(u814,axiom,
    pd(sK4(X0)) | ~tq(X0)).

cnf(u818,axiom,
    ~pq(X0) | ped(sK5(X0))).

cnf(u822,axiom,
    ~aq(X0) | nped(sK6(X0))).

cnf(u826,axiom,
    tl(sK10(X0)) | ~pd(X0)).

cnf(u830,axiom,
    ~ab(X0) | p(X0,X0)).

cnf(u834,axiom,
    p(X0,X0) | ~pd(X0)).

cnf(u838,axiom,
    ~ql(X0,X1) | tr(X0)).

cnf(u842,axiom,
    ~us(X0,X1) | c(X0)).

cnf(u846,axiom,
    ~us(X0,X1) | ds(X1)).

cnf(u850,axiom,
    ~dqt(X0,X1) | q(X0)).

cnf(u854,axiom,
    ~pre(X0,X1) | t(X1)).

cnf(u858,axiom,
    ~ds(X0) | us(sK0(X0),X0)).

cnf(u862,axiom,
    ~ped(X0) | dqt(sK1(X0),X0)).

cnf(u866,axiom,
    ~nped(X0) | dqt(sK2(X0),X0)).

cnf(u870,axiom,
    ~tq(X0) | ql(sK3(X0),X0)).

cnf(u874,axiom,
    ~tq(X0) | dqt(X0,sK4(X0))).

cnf(u878,axiom,
    ~pq(X0) | dqt(X0,sK5(X0))).

cnf(u882,axiom,
    ~aq(X0) | dqt(X0,sK6(X0))).

cnf(u886,axiom,
    df(X0,sK7(X0)) | ~c(X0)).

cnf(u890,axiom,
    dqt(sK10(X0),X0) | ~pd(X0)).

cnf(u894,axiom,
    ~df(X0,X1) | us(X0,X1)).

cnf(u898,axiom,
    ~cf(X0,X1,X2) | ed(X0)).

cnf(u902,axiom,
    ~cf(X0,X1,X2) | c(X1)).

cnf(u906,axiom,
    ~cf(X0,X1,X2) | t(X2)).

cnf(u910,axiom,
    ~tql(X0,X1,X2) | t(X2)).

cnf(u914,axiom,
    ~k(X0,X1,X2) | t(X2)).

cnf(u918,axiom,
    ~pc(X0,X1,X2) | ed(X0)).

cnf(u922,axiom,
    ~pc(X0,X1,X2) | pd(X1)).

cnf(u926,axiom,
    ~pc(X0,X1,X2) | t(X2)).

cnf(u930,axiom,
    ~tp(X0,X1,X2) | ed(X0)).

cnf(u934,axiom,
    ~tp(X0,X1,X2) | ed(X1)).

cnf(u938,axiom,
    ~tp(X0,X1,X2) | t(X2)).

cnf(u943,axiom,
    ~p(X0,X1) | ab(X1) | pd(X1)).

cnf(u947,axiom,
    ~p(X0,X1) | ab(X0) | pd(X0)).

cnf(u951,axiom,
    ~s(X1) | ~p(X0,X1) | s(X0)).

cnf(u955,axiom,
    ~s(X0) | s(X1) | ~p(X0,X1)).

cnf(u959,axiom,
    ~ar(X1) | ~p(X0,X1) | ar(X0)).

cnf(u963,axiom,
    ~ar(X0) | ar(X1) | ~p(X0,X1)).

cnf(u967,axiom,
    ~ab(X1) | ~p(X0,X1) | ab(X0)).

cnf(u971,axiom,
    ~ab(X0) | ab(X1) | ~p(X0,X1)).

cnf(u975,axiom,
    ~t(X1) | ~p(X0,X1) | t(X0)).

cnf(u979,axiom,
    ~t(X0) | t(X1) | ~p(X0,X1)).

cnf(u983,axiom,
    ~p(X0,X1) | ~pd(X1) | pd(X0)).

cnf(u987,axiom,
    ~p(X0,X1) | pd(X1) | ~pd(X0)).

cnf(u991,axiom,
    ~dqt(X0,X1) | ed(X1) | pd(X1)).

cnf(u995,axiom,
    ~dqt(X0,X1) | ~pd(X1) | tq(X0)).

cnf(u999,axiom,
    ~tq(X0) | pd(X1) | ~dqt(X0,X1)).

cnf(u1003,axiom,
    ~ped(X1) | ~dqt(X0,X1) | pq(X0)).

cnf(u1007,axiom,
    ~pq(X0) | ped(X1) | ~dqt(X0,X1)).

cnf(u1011,axiom,
    ~nped(X1) | ~dqt(X0,X1) | aq(X0)).

cnf(u1015,axiom,
    ~aq(X0) | nped(X1) | ~dqt(X0,X1)).

cnf(u1019,axiom,
    ~ql(X0,X1) | ~tl(X1) | t(X0)).

cnf(u1023,axiom,
    ~cf(X0,X1,X2) | pre(X0,X2)).

cnf(u1027,axiom,
    ~tql(X0,X1,X2) | pre(X1,X2)).

cnf(u1031,axiom,
    ~k(X0,X1,X2) | pre(X0,X2)).

cnf(u1035,axiom,
    ~k(X0,X1,X2) | pre(X1,X2)).

cnf(u1039,axiom,
    ~pc(X0,X1,X2) | pre(X0,X2)).

cnf(u1043,axiom,
    ~pc(X0,X1,X2) | pre(X1,X2)).

cnf(u1047,axiom,
    ~tp(X0,X1,X2) | pre(X0,X2)).

cnf(u1051,axiom,
    ~tp(X0,X1,X2) | pre(X1,X2)).

cnf(u1057,axiom,
    ~pd(X0) | tq(sK10(X0))).

cnf(u1061,axiom,
    ~ed(X0) | pc(X0,sK8(X0),sK9(X0))).

cnf(u1067,axiom,
    tq(sK10(xyz))).

cnf(u1076,axiom,
    ~q(X0) | aq(X0) | pq(X0) | tq(X0)).

cnf(u1080,axiom,
    q(sK10(xyz))).

cnf(u1087,axiom,
    ~pq(sK10(xyz))).

cnf(u1091,axiom,
    ~ov(X0,X1) | p(sK19(X0,X1),X0)).

cnf(u1095,axiom,
    ~aq(sK10(xyz))).

cnf(u1099,axiom,
    ~ov(X0,X1) | p(sK19(X0,X1),X1)).

cnf(u1103,axiom,
    ~pd(sK10(xyz))).

cnf(u1107,axiom,
    ~ed(sK10(xyz))).

cnf(u1111,axiom,
    ~cf(X1,X0,X2) | ~cf(X0,X1,X2)).

cnf(u1115,axiom,
    ~ab(sK10(xyz))).

cnf(u1119,axiom,
    ~tql(X0,X1,X2) | pq(X1) | aq(X1)).

cnf(u1123,axiom,
    ~pd(X0) | q(sK10(X0))).

cnf(u1129,axiom,
    ~tql(X0,X1,X2) | pr(X0) | ar(X0)).

cnf(u1133,axiom,
    ~aq(X1) | ~tql(X0,X1,X2) | ar(X0)).

cnf(u1137,axiom,
    ~ar(X0) | aq(X1) | ~tql(X0,X1,X2)).

cnf(u1141,axiom,
    ~pq(X1) | ~tql(X0,X1,X2) | pr(X0)).

cnf(u1145,axiom,
    ~pr(X0) | pq(X1) | ~tql(X0,X1,X2)).

cnf(u1149,axiom,
    ~k(X1,X0,X2) | ~k(X0,X1,X2)).

cnf(u1153,axiom,
    ~k(X0,X1,X2) | ed(X1) | pd(X1)).

cnf(u1157,axiom,
    ~k(X0,X1,X2) | ed(X0) | pd(X0)).

cnf(u1161,axiom,
    ~ped(X1) | ~k(X0,X1,X2) | ped(X0)).

cnf(u1165,axiom,
    ~ped(X0) | ped(X1) | ~k(X0,X1,X2)).

cnf(u1169,axiom,
    ~nped(X1) | ~k(X0,X1,X2) | nped(X0)).

cnf(u1173,axiom,
    ~nped(X0) | nped(X1) | ~k(X0,X1,X2)).

cnf(u1177,axiom,
    ~k(X0,X1,X2) | ~pd(X1) | pd(X0)).

cnf(u1181,axiom,
    ~k(X0,X1,X2) | pd(X1) | ~pd(X0)).

cnf(u1185,axiom,
    ~ped(X1) | ~tp(X0,X1,X2) | ped(X0)).

cnf(u1189,axiom,
    ~ped(X0) | ped(X1) | ~tp(X0,X1,X2)).

cnf(u1193,axiom,
    ~nped(X1) | ~tp(X0,X1,X2) | nped(X0)).

cnf(u1197,axiom,
    ~nped(X0) | nped(X1) | ~tp(X0,X1,X2)).

cnf(u1201,axiom,
    ~sl(X1) | ~tql(X0,X1,X2) | s(X0)).

cnf(u1205,axiom,
    ~dif(X2,X0,X1) | ab(X1) | pd(X2)).

cnf(u1209,axiom,
    ~dif(X2,X0,X1) | ab(X0) | pd(X2)).

cnf(u1213,axiom,
    ~dif(X2,X0,X1) | ab(X2) | pd(X2)).

cnf(u1217,axiom,
    ~dif(X2,X0,X1) | ab(X2) | pd(X0)).

cnf(u1221,axiom,
    ~dif(X2,X0,X1) | ab(X2) | pd(X1)).

cnf(u1235,axiom,
    ~c(X0) | us(X0,sK7(X0))).

cnf(u1239,axiom,
    ~pre(X0,X1) | ed(X0) | pd(X0) | q(X0)).

cnf(u1243,axiom,
    ~tq(X0) | tq(sK10(sK4(X0)))).

cnf(u1248,axiom,
    ~ed(X0) | ~pre(X0,X1) | tp(X0,X0,X1)).

cnf(u1252,axiom,
    tq(sK10(sK4(sK10(xyz))))).

cnf(u1263,axiom,
    ~aq(sK10(sK4(sK10(xyz))))).

cnf(u1267,axiom,
    ~p(X1,X0) | ~p(X0,X1) | X0 = X1).

cnf(u1271,axiom,
    ~pq(sK10(sK4(sK10(xyz))))).

cnf(u1275,axiom,
    ~p(X2,X1) | ~p(X2,X0) | ov(X0,X1)).

cnf(u1279,axiom,
    q(sK10(sK4(sK10(xyz))))).

cnf(u1286,axiom,
    ~pd(sK10(sK4(sK10(xyz))))).

cnf(u1290,axiom,
    ~pre(X0,X2) | ~df(X0,X1) | pre(X1,X2)).

cnf(u1294,axiom,
    ~ed(sK10(sK4(sK10(xyz))))).

cnf(u1298,axiom,
    ~us(X0,X1) | ~pre(X1,X2) | pre(X0,X2)).

cnf(u1302,axiom,
    ~ab(sK10(sK4(sK10(xyz))))).

cnf(u1306,axiom,
    ~tq(X0) | q(sK10(sK4(X0)))).

cnf(u1310,axiom,
    ~ql(X2,X1) | ~ql(X0,X1) | X0 = X2).

cnf(u1316,axiom,
    dqt(sK10(xyz),sK4(sK10(xyz)))).

cnf(u1323,axiom,
    ~df(X0,X2) | ~df(X0,X1) | X1 = X2).

cnf(u1327,axiom,
    ql(sK3(sK10(xyz)),sK10(xyz))).

cnf(u1333,axiom,
    tr(sK3(sK10(xyz)))).

cnf(u1337,axiom,
    ~p(X1,X2) | ~p(X0,X1) | p(X0,X2)).

cnf(u1344,axiom,
    r(sK3(sK10(xyz)))).

cnf(u1349,axiom,
    ~dqt(X0,X2) | ~dqt(X0,X1) | X1 = X2).

cnf(u1353,axiom,
    ~pr(sK3(sK10(xyz)))).

cnf(u1357,axiom,
    ~ar(sK3(sK10(xyz)))).

cnf(u1361,axiom,
    ~pre(X0,X1) | ~p(X2,X1) | pre(X0,X2)).

cnf(u1365,axiom,
    ab(sK3(sK10(xyz)))).

cnf(u1373,axiom,
    ~pd(sK3(sK10(xyz)))).

cnf(u1377,axiom,
    ~dqt(sK10(xyz),X0) | pd(X0)).

cnf(u1385,axiom,
    pd(sK4(sK10(xyz)))).

cnf(u1391,axiom,
    ~dif(X2,X0,X1) | p(X3,X0) | ~p(X3,X2)).

cnf(u1395,axiom,
    tq(sK10(sK4(sK10(sK4(sK10(xyz))))))).

cnf(u1407,axiom,
    q(sK10(sK4(sK10(sK4(sK10(xyz))))))).

cnf(u1411,axiom,
    ~dif(X2,X0,X1) | ~ov(X3,X1) | ~p(X3,X2)).

cnf(u1419,axiom,
    t(sK3(sK10(xyz)))).

cnf(u1432,axiom,
    ~aq(sK10(sK4(sK10(sK4(sK10(xyz))))))).

cnf(u1436,axiom,
    ~pq(sK10(sK4(sK10(sK4(sK10(xyz))))))).

cnf(u1440,axiom,
    ~pd(sK10(sK4(sK10(sK4(sK10(xyz))))))).

cnf(u1445,axiom,
    ~ed(sK10(sK4(sK10(sK4(sK10(xyz))))))).

cnf(u1450,axiom,
    ~ab(sK10(sK4(sK10(sK4(sK10(xyz))))))).

cnf(u1454,axiom,
    ~p(sK3(sK10(xyz)),X0) | t(X0)).

cnf(u1459,axiom,
    ~p(X1,sK3(sK10(xyz))) | t(X1)).

cnf(u1464,axiom,
    ~p(sK3(sK10(xyz)),X0) | ab(X0)).

cnf(u1469,axiom,
    ~p(X1,sK3(sK10(xyz))) | ab(X1)).

cnf(u1475,axiom,
    p(sK3(sK10(xyz)),sK3(sK10(xyz)))).

cnf(u1494,axiom,
    ~pre(X0,X1) | ~pd(X0) | pc(sK17(X0,X1),X0,X1)).

cnf(u1498,axiom,
    ov(X1,X0) | ~p(X0,X1) | ~pd(X0)).

cnf(u1504,axiom,
    ~dqt(sK10(sK4(sK10(xyz))),X0) | pd(X0)).

cnf(u1508,axiom,
    ~pq(X0) | ~pre(X0,X1) | tql(sK18(X0,X1),X0,X1)).

cnf(u1513,axiom,
    ~aq(X0) | ~pre(X0,X1) | tql(sK18(X0,X1),X0,X1)).

cnf(u1517,axiom,
    ~tql(X0,X1,X2) | ~p(X3,X2) | tql(X0,X1,X3)).

cnf(u1521,axiom,
    ~k(X0,X1,X2) | ~p(X3,X2) | k(X0,X1,X3)).

cnf(u1525,axiom,
    ~pc(X0,X1,X2) | ~p(X3,X2) | pc(X0,X1,X3)).

cnf(u1529,axiom,
    ~tp(X0,X1,X2) | ~p(X3,X2) | tp(X0,X1,X3)).

cnf(u1533,axiom,
    ~c(X0) | sK7(X0) = X1 | ~df(X0,X1)).

cnf(u1537,axiom,
    ~dqt(sK10(X0),X1) | X0 = X1 | ~pd(X0)).

cnf(u1541,axiom,
    ~cf(X1,X2,X3) | ~cf(X2,X0,X3) | ~cf(X1,X0,X3)).

cnf(u1590,axiom,
    xyz = sK4(sK10(xyz))).

cnf(u1595,axiom,
    ~k(X1,X2,X3) | ~k(X0,X1,X3) | k(X0,X2,X3)).

cnf(u1599,axiom,
    dqt(sK10(xyz),xyz)).

cnf(u1609,axiom,
    ~ql(X0,sK10(xyz)) | sK3(sK10(xyz)) = X0).

cnf(u1613,axiom,
    ~tp(X1,X2,X3) | ~tp(X0,X1,X3) | tp(X0,X2,X3)).

cnf(u1618,axiom,
    ~dqt(sK10(xyz),X2) | xyz = X2).

cnf(u1624,axiom,
    ~pd(X0) | ~p(X0,X1) | p(sK19(X1,X0),X0)).

cnf(u1628,axiom,
    ~ab(X1) | ~ab(X0) | p(X0,X1) | dif(sK15(X0,X1),X0,X1)).

cnf(u1634,axiom,
    ~p(xyz,X0) | p(sK19(X0,xyz),xyz)).

cnf(u1640,axiom,
    ~pd(X1) | ~pd(X0) | p(X0,X1) | dif(sK16(X0,X1),X0,X1)).

cnf(u1644,axiom,
    p(sK19(xyz,xyz),xyz)).

cnf(u1656,axiom,
    pd(sK19(xyz,xyz))).

cnf(u1660,axiom,
    ~sl(X1) | ~dqt(X1,X2) | ~sl(X0) | ~dqt(X0,X2) | X0 = X1).

cnf(u1667,axiom,
    q(sK10(sK19(xyz,xyz)))).

cnf(u1675,axiom,
    ~tl(X1) | ~dqt(X1,X2) | ~tl(X0) | ~dqt(X0,X2) | X0 = X1).

cnf(u1679,axiom,
    tq(sK10(sK19(xyz,xyz)))).

cnf(u1691,axiom,
    ~pd(sK10(sK19(xyz,xyz)))).

cnf(u1695,axiom,
    ~dif(X2,X0,X1) | ~p(X3,X0) | ov(X3,X1) | p(X3,X2)).

cnf(u1699,axiom,
    ~ed(sK10(sK19(xyz,xyz)))).

cnf(u1703,axiom,
    ~ab(sK10(sK19(xyz,xyz)))).

cnf(u1707,axiom,
    ~aq(sK10(sK19(xyz,xyz)))).

cnf(u1711,axiom,
    ~pq(sK10(sK19(xyz,xyz)))).

cnf(u1715,axiom,
    tq(sK10(sK4(sK10(sK19(xyz,xyz)))))).

cnf(u1727,axiom,
    q(sK10(sK4(sK10(sK19(xyz,xyz)))))).

cnf(u1736,axiom,
    ~aq(sK10(sK4(sK10(sK19(xyz,xyz)))))).

cnf(u1743,axiom,
    ~pq(sK10(sK4(sK10(sK19(xyz,xyz)))))).

cnf(u1747,axiom,
    ~pd(sK10(sK4(sK10(sK19(xyz,xyz)))))).

cnf(u1751,axiom,
    ~ed(sK10(sK4(sK10(sK19(xyz,xyz)))))).

cnf(u1756,axiom,
    ~ab(sK10(sK4(sK10(sK19(xyz,xyz)))))).

cnf(u1760,axiom,
    ~p(sK19(xyz,xyz),X0) | ov(X0,xyz)).

cnf(u1767,axiom,
    ov(xyz,xyz)).

cnf(u1773,axiom,
    ~us(X1,X2) | ~df(X0,X2) | cf(sK13(X0,X1),X0,sK14(X0,X1)) | fd(X0)).

cnf(u1777,axiom,
    ov(sK19(xyz,xyz),xyz)).

cnf(u1783,axiom,
    p(sK19(sK19(xyz,xyz),xyz),xyz)).

cnf(u1795,axiom,
    pd(sK19(sK19(xyz,xyz),xyz))).

cnf(u1803,axiom,
    ~us(X1,X2) | ~df(X0,X2) | ~cf(X5,X1,sK14(X0,X1)) | tp(sK13(X0,X1),X5,sK14(X0,X1)) | tp(X5,sK13(X0,X1),sK14(X0,X1)) | fd(X0)).

cnf(u1807,axiom,
    q(sK10(sK19(sK19(xyz,xyz),xyz)))).

cnf(u1815,axiom,
    tq(sK10(sK19(sK19(xyz,xyz),xyz)))).

cnf(u1827,axiom,
    ~pd(sK10(sK19(sK19(xyz,xyz),xyz)))).

cnf(u1831,axiom,
    ~pd(X0) | p(X0,xyz) | dif(sK16(X0,xyz),X0,xyz)).

cnf(u1835,axiom,
    ~ed(sK10(sK19(sK19(xyz,xyz),xyz)))).

cnf(u1839,axiom,
    ~ab(sK10(sK19(sK19(xyz,xyz),xyz)))).

cnf(u1847,axiom,
    ~aq(sK10(sK19(sK19(xyz,xyz),xyz)))).

cnf(u1851,axiom,
    ~tl(X2) | ~dqt(sK10(X0),X1) | ~dqt(X2,X1) | sK10(X0) = X2 | ~pd(X0)).

cnf(u1855,axiom,
    ~pq(sK10(sK19(sK19(xyz,xyz),xyz)))).

cnf(u1859,axiom,
    ~p(X1,sK19(xyz,xyz)) | p(X1,xyz)).

cnf(u1865,axiom,
    ~dqt(sK10(sK19(xyz,xyz)),X0) | pd(X0)).

cnf(u1870,axiom,
    ~tq(X2) | p(X1,sK4(X2)) | dif(sK16(X1,sK4(X2)),X1,sK4(X2)) | ~pd(X1)).

cnf(u1877,axiom,
    p(xyz,xyz)).

cnf(u1889,axiom,
    ov(X0,xyz) | ~p(xyz,X0)).

cnf(u1901,axiom,
    ~p(xyz,X1) | p(sK19(X1,xyz),X1)).

cnf(u1907,axiom,
    ~pd(X2) | ~p(X2,X3) | p(sK19(X3,X2),X3)).

cnf(u1915,axiom,
    p(sK19(sK19(xyz,xyz),xyz),sK19(xyz,xyz))).

cnf(u1927,axiom,
    ~tq(X0) | dif(sK16(sK4(X0),xyz),sK4(X0),xyz) | p(sK4(X0),xyz)).

cnf(u1931,axiom,
    tq(sK10(sK4(sK10(sK4(sK10(sK19(xyz,xyz)))))))).

cnf(u1944,axiom,
    q(sK10(sK4(sK10(sK4(sK10(sK19(xyz,xyz)))))))).

cnf(u1959,axiom,
    ~aq(sK10(sK4(sK10(sK4(sK10(sK19(xyz,xyz)))))))).

cnf(u1963,axiom,
    ~dqt(sK10(X0),X1) | ~dqt(sK10(X2),X1) | sK10(X0) = sK10(X2) | ~pd(X0) | ~pd(X2)).

cnf(u1967,axiom,
    ~pq(sK10(sK4(sK10(sK4(sK10(sK19(xyz,xyz)))))))).

cnf(u1971,axiom,
    ~pd(sK10(sK4(sK10(sK4(sK10(sK19(xyz,xyz)))))))).

cnf(u1978,axiom,
    ~ed(sK10(sK4(sK10(sK4(sK10(sK19(xyz,xyz)))))))).

cnf(u1982,axiom,
    ~p(sK4(X1),X2) | p(sK19(X2,sK4(X1)),X2) | ~tq(X1)).

cnf(u1986,axiom,
    ~ab(sK10(sK4(sK10(sK4(sK10(sK19(xyz,xyz)))))))).

cnf(u1990,axiom,
    tq(sK10(sK4(sK10(sK19(sK19(xyz,xyz),xyz)))))).

cnf(u2007,axiom,
    q(sK10(sK4(sK10(sK19(sK19(xyz,xyz),xyz)))))).

cnf(u2015,axiom,
    ~p(sK4(X1),X2) | p(sK19(X2,sK4(X1)),sK4(X1)) | ~tq(X1)).

cnf(u2019,axiom,
    ~aq(sK10(sK4(sK10(sK19(sK19(xyz,xyz),xyz)))))).

cnf(u2023,axiom,
    ~pq(sK10(sK4(sK10(sK19(sK19(xyz,xyz),xyz)))))).

cnf(u2029,axiom,
    ~pd(sK10(sK4(sK10(sK19(sK19(xyz,xyz),xyz)))))).

cnf(u2033,axiom,
    ~dqt(sK10(X0),X1) | sK10(X0) = sK10(X1) | ~pd(X1) | ~pd(X0)).

cnf(u2037,axiom,
    ~ed(sK10(sK4(sK10(sK19(sK19(xyz,xyz),xyz)))))).

cnf(u2041,axiom,
    ~ab(sK10(sK4(sK10(sK19(sK19(xyz,xyz),xyz)))))).

cnf(u2049,axiom,
    xyz = sK19(xyz,xyz)).

cnf(u2056,axiom,
    ~tq(X0) | p(sK19(sK4(X0),sK4(X0)),sK4(X0))).

cnf(u2067,axiom,
    ql(sK3(sK10(sK19(xyz,xyz))),sK10(sK19(xyz,xyz)))).

cnf(u2074,axiom,
    ~p(sK19(xyz,xyz),X3) | p(sK19(X3,sK19(xyz,xyz)),X3)).

cnf(u2078,axiom,
    tr(sK3(sK10(sK19(xyz,xyz))))).

cnf(u2085,axiom,
    r(sK3(sK10(sK19(xyz,xyz))))).

cnf(u2093,axiom,
    ~pr(sK3(sK10(sK19(xyz,xyz))))).

cnf(u2097,axiom,
    ~p(sK19(xyz,xyz),X0) | p(sK19(X0,sK19(xyz,xyz)),sK19(xyz,xyz))).

cnf(u2101,axiom,
    ~ar(sK3(sK10(sK19(xyz,xyz))))).

cnf(u2105,axiom,
    ab(sK3(sK10(sK19(xyz,xyz))))).

cnf(u2116,axiom,
    ~pd(sK3(sK10(sK19(xyz,xyz))))).

cnf(u2120,axiom,
    ~pd(X3) | p(X3,sK19(xyz,xyz)) | dif(sK16(X3,sK19(xyz,xyz)),X3,sK19(xyz,xyz))).

cnf(u2124,axiom,
    p(sK19(xyz,sK19(xyz,xyz)),xyz)).

cnf(u2136,axiom,
    pd(sK19(xyz,sK19(xyz,xyz)))).

cnf(u2152,axiom,
    tq(sK10(sK19(xyz,sK19(xyz,xyz))))).

cnf(u2167,axiom,
    p(sK19(xyz,sK19(xyz,xyz)),sK19(xyz,xyz))).

cnf(u2171,axiom,
    q(sK10(sK19(xyz,sK19(xyz,xyz))))).

cnf(u2179,axiom,
    ~aq(sK10(sK19(xyz,sK19(xyz,xyz))))).

cnf(u2191,axiom,
    ~pq(sK10(sK19(xyz,sK19(xyz,xyz))))).

cnf(u2195,axiom,
    dqt(sK10(sK19(xyz,xyz)),sK4(sK10(sK19(xyz,xyz))))).

cnf(u2199,axiom,
    ~pd(sK10(sK19(xyz,sK19(xyz,xyz))))).

cnf(u2203,axiom,
    ~ed(sK10(sK19(xyz,sK19(xyz,xyz))))).

cnf(u2281,axiom,
    ~ab(sK10(sK19(xyz,sK19(xyz,xyz))))).

cnf(u2285,axiom,
    dqt(sK10(sK19(xyz,xyz)),sK19(xyz,xyz))).

cnf(u2298,axiom,
    tq(sK10(sK4(sK10(sK19(xyz,sK19(xyz,xyz))))))).

cnf(u2619,axiom,
    ov(X0,sK3(sK10(xyz))) | ~p(sK3(sK10(xyz)),X0)).

cnf(u2625,axiom,
    ~ab(X0) | p(X0,sK3(sK10(xyz))) | dif(sK15(X0,sK3(sK10(xyz))),X0,sK3(sK10(xyz)))).

cnf(u2629,axiom,
    ~p(sK3(sK10(xyz)),X1) | p(sK19(X1,sK3(sK10(xyz))),X1)).

cnf(u2635,axiom,
    p(sK19(sK3(sK10(xyz)),sK3(sK10(xyz))),sK3(sK10(xyz)))).

cnf(u2650,axiom,
    ab(sK19(sK3(sK10(xyz)),sK3(sK10(xyz))))).

cnf(u2660,axiom,
    ~dqt(sK10(X0),xyz) | sK10(X0) = sK10(xyz) | ~pd(X0)).

cnf(u2850,axiom,
    p(sK19(sK19(xyz,xyz),sK19(xyz,xyz)),sK19(xyz,xyz))).

cnf(u3391,axiom,
    ~aq(sK10(sK16(xyz,sK19(xyz,xyz))))).

cnf(u3403,axiom,
    ~pq(sK10(sK16(xyz,sK19(xyz,xyz))))).

cnf(u3420,axiom,
    ~pd(sK10(sK16(xyz,sK19(xyz,xyz))))).

cnf(u3424,axiom,
    ~tq(X0) | dif(sK16(sK4(X0),sK19(xyz,xyz)),sK4(X0),sK19(xyz,xyz)) | p(sK4(X0),sK19(xyz,xyz))).

cnf(u3428,axiom,
    ~ed(sK10(sK16(xyz,sK19(xyz,xyz))))).

cnf(u3440,axiom,
    ~ab(sK10(sK16(xyz,sK19(xyz,xyz))))).

cnf(u3459,axiom,
    p(sK19(xyz,xyz),sK19(xyz,xyz))).

cnf(u3487,axiom,
    p(sK19(sK19(xyz,xyz),sK19(xyz,xyz)),xyz)).

cnf(u3498,axiom,
    t(sK19(sK3(sK10(xyz)),sK3(sK10(xyz))))).

cnf(u3502,axiom,
    pd(sK19(sK19(xyz,xyz),sK19(xyz,xyz)))).

cnf(u3516,axiom,
    tr(sK19(sK3(sK10(xyz)),sK3(sK10(xyz))))).

cnf(u3520,axiom,
    ~p(sK19(sK19(xyz,xyz),xyz),X0) | ov(X0,xyz)).

cnf(u3527,axiom,
    r(sK19(sK3(sK10(xyz)),sK3(sK10(xyz))))).

cnf(u3536,axiom,
    ov(sK19(sK19(xyz,xyz),xyz),xyz)).

cnf(u3542,axiom,
    ~pr(sK19(sK3(sK10(xyz)),sK3(sK10(xyz))))).

cnf(u3546,axiom,
    ~p(X1,sK19(sK19(xyz,xyz),xyz)) | p(X1,xyz)).

cnf(u3550,axiom,
    ~ar(sK19(sK3(sK10(xyz)),sK3(sK10(xyz))))).

cnf(u3555,axiom,
    tq(sK10(sK19(sK19(xyz,xyz),sK19(xyz,xyz))))).

cnf(u3571,axiom,
    q(sK10(sK19(sK19(xyz,xyz),sK19(xyz,xyz))))).

cnf(u3575,axiom,
    ~p(sK19(xyz,sK19(xyz,xyz)),X0) | ov(X0,xyz)).

cnf(u3587,axiom,
    ov(sK19(xyz,sK19(xyz,xyz)),xyz)).

cnf(u3591,axiom,
    ~p(X1,sK19(xyz,sK19(xyz,xyz))) | p(X1,xyz)).

cnf(u3598,axiom,
    q(sK10(sK4(sK10(sK19(xyz,sK19(xyz,xyz))))))).

cnf(u3602,axiom,
    sK19(xyz,xyz) = sK4(sK10(sK19(xyz,xyz)))).

cnf(u4346,axiom,
    p(sK19(sK19(sK19(xyz,xyz),xyz),xyz),xyz)).

cnf(u4361,axiom,
    ~aq(sK10(sK19(sK19(xyz,xyz),sK19(xyz,xyz))))).

cnf(u4846,axiom,
    ~aq(sK10(sK16(xyz,xyz)))).

cnf(u4866,axiom,
    ~pq(sK10(sK16(xyz,xyz)))).

cnf(u4870,axiom,
    ~pd(sK10(sK16(xyz,xyz)))).

cnf(u4874,axiom,
    ~p(sK3(sK10(xyz)),X0) | p(sK19(X0,sK3(sK10(xyz))),sK3(sK10(xyz)))).

cnf(u4878,axiom,
    ~ed(sK10(sK16(xyz,xyz)))).

cnf(u4884,axiom,
    ~ab(sK10(sK16(xyz,xyz)))).

cnf(u4892,axiom,
    ~pd(sK19(sK3(sK10(xyz)),sK3(sK10(xyz))))).

cnf(u4896,axiom,
    ~p(sK19(sK3(sK10(xyz)),sK3(sK10(xyz))),X1) | ab(X1)).

cnf(u4902,axiom,
    ~p(sK19(sK3(sK10(xyz)),sK3(sK10(xyz))),X0) | ov(X0,sK3(sK10(xyz)))).

cnf(u4906,axiom,
    ~p(X2,sK19(sK3(sK10(xyz)),sK3(sK10(xyz)))) | ab(X2)).

cnf(u4911,axiom,
    ~p(sK19(sK3(sK10(xyz)),sK3(sK10(xyz))),X0) | t(X0)).

cnf(u4917,axiom,
    ov(sK3(sK10(xyz)),sK3(sK10(xyz)))).

cnf(u4925,axiom,
    ~p(X1,sK19(sK3(sK10(xyz)),sK3(sK10(xyz)))) | p(X1,sK3(sK10(xyz)))).

cnf(u4929,axiom,
    ~p(X1,sK19(sK3(sK10(xyz)),sK3(sK10(xyz)))) | t(X1)).

cnf(u4935,axiom,
    sK3(sK10(xyz)) = sK19(sK3(sK10(xyz)),sK3(sK10(xyz)))).

cnf(u4942,axiom,
    p(sK19(sK3(sK10(xyz)),sK3(sK10(xyz))),sK19(sK3(sK10(xyz)),sK3(sK10(xyz))))).

cnf(u4959,axiom,
    ~ab(X0) | p(X0,sK19(sK3(sK10(xyz)),sK3(sK10(xyz)))) | dif(sK15(X0,sK19(sK3(sK10(xyz)),sK3(sK10(xyz)))),X0,sK19(sK3(sK10(xyz)),sK3(sK10(xyz))))).

cnf(u4963,axiom,
    ov(sK19(sK3(sK10(xyz)),sK3(sK10(xyz))),sK3(sK10(xyz)))).

cnf(u4969,axiom,
    p(sK19(sK19(sK3(sK10(xyz)),sK3(sK10(xyz))),sK3(sK10(xyz))),sK3(sK10(xyz)))).

cnf(u4986,axiom,
    ab(sK19(sK19(sK3(sK10(xyz)),sK3(sK10(xyz))),sK3(sK10(xyz))))).

cnf(u4997,axiom,
    ov(X0,sK19(sK3(sK10(xyz)),sK3(sK10(xyz)))) | ~p(sK19(sK3(sK10(xyz)),sK3(sK10(xyz))),X0)).

cnf(u5001,axiom,
    t(sK19(sK19(sK3(sK10(xyz)),sK3(sK10(xyz))),sK3(sK10(xyz))))).

cnf(u5008,axiom,
    tr(sK19(sK19(sK3(sK10(xyz)),sK3(sK10(xyz))),sK3(sK10(xyz))))).

cnf(u5017,axiom,
    r(sK19(sK19(sK3(sK10(xyz)),sK3(sK10(xyz))),sK3(sK10(xyz))))).

% # SZS output end Saturation.
% ------------------------------
% Version: Vampire 4.7 (commit af7d05f97 on 2022-09-30 11:01:41 +0200)
% Termination reason: Satisfiable

% Memory used [KB]: 7675
% Time elapsed: 0.046 s
% ------------------------------
% ------------------------------
% Success in time 0.053 s
