% Running in auto input_syntax mode. Trying TPTP
% ott+11_3_aac=none:afr=on:afp=4000:afq=1.4:amm=off:anc=all:bs=unit_only:bsr=on:bce=on:fde=unused:irw=on:nm=64:newcnf=on:nwc=1:nicw=on:sac=on:sp=reverse_arity:uhcvi=on_31 on type_sl_subsumed_to_q for (31ds)
% Refutation found. Thanks to Tanya!
% SZS status Unsatisfiable for type_sl_subsumed_to_q
% SZS output start Proof for type_sl_subsumed_to_q
fof(f865,plain,(
  $false),
  inference(avatar_sat_refutation,[],[f667,f671,f751,f795,f856,f864])).
fof(f864,plain,(
  spl18_1 | ~spl18_33 | ~spl18_48),
  inference(avatar_contradiction_clause,[],[f863])).
fof(f863,plain,(
  $false | (spl18_1 | ~spl18_33 | ~spl18_48)),
  inference(subsumption_resolution,[],[f862,f666])).
fof(f666,plain,(
  ~q(xyz) | spl18_1),
  inference(avatar_component_clause,[],[f665])).
fof(f665,plain,(
  spl18_1 <=> q(xyz)),
  introduced(avatar_definition,[new_symbols(naming,[spl18_1])])).
fof(f862,plain,(
  q(xyz) | (~spl18_33 | ~spl18_48)),
  inference(resolution,[],[f794,f855])).
fof(f855,plain,(
  pq(xyz) | ~spl18_48),
  inference(avatar_component_clause,[],[f854])).
fof(f854,plain,(
  spl18_48 <=> pq(xyz)),
  introduced(avatar_definition,[new_symbols(naming,[spl18_48])])).
fof(f794,plain,(
  ( ! [X0] : (~pq(X0) | q(X0)) ) | ~spl18_33),
  inference(avatar_component_clause,[],[f793])).
fof(f793,plain,(
  spl18_33 <=> ! [X0] : (q(X0) | ~pq(X0))),
  introduced(avatar_definition,[new_symbols(naming,[spl18_33])])).
fof(f856,plain,(
  spl18_48 | ~spl18_2 | ~spl18_22),
  inference(avatar_split_clause,[],[f852,f749,f669,f854])).
fof(f669,plain,(
  spl18_2 <=> sl(xyz)),
  introduced(avatar_definition,[new_symbols(naming,[spl18_2])])).
fof(f749,plain,(
  spl18_22 <=> ! [X0] : (~sl(X0) | pq(X0))),
  introduced(avatar_definition,[new_symbols(naming,[spl18_22])])).
fof(f852,plain,(
  pq(xyz) | (~spl18_2 | ~spl18_22)),
  inference(resolution,[],[f750,f670])).
fof(f670,plain,(
  sl(xyz) | ~spl18_2),
  inference(avatar_component_clause,[],[f669])).
fof(f750,plain,(
  ( ! [X0] : (~sl(X0) | pq(X0)) ) | ~spl18_22),
  inference(avatar_component_clause,[],[f749])).
fof(f795,plain,(
  spl18_33),
  inference(avatar_split_clause,[],[f555,f793])).
fof(f555,plain,(
  ( ! [X0] : (q(X0) | ~pq(X0)) )),
  inference(cnf_transformation,[],[f197])).
fof(f197,plain,(
  ! [X0] : ((tq(X0) | pq(X0) | aq(X0)) <=> q(X0))),
  inference(rectify,[],[f5])).
fof(f5,axiom,(
  ! [X4] : ((tq(X4) | pq(X4) | aq(X4)) <=> q(X4))),
  file('outputs/dolce/subsumptions/type_sl_subsumed_to_q.in',sos)).
fof(f751,plain,(
  spl18_22),
  inference(avatar_split_clause,[],[f511,f749])).
fof(f511,plain,(
  ( ! [X0] : (~sl(X0) | pq(X0)) )),
  inference(cnf_transformation,[],[f381])).
fof(f381,plain,(
  ! [X0] : (pq(X0) | ~sl(X0))),
  inference(ennf_transformation,[],[f169])).
fof(f169,plain,(
  ! [X0] : (sl(X0) => pq(X0))),
  inference(rectify,[],[f18])).
fof(f18,axiom,(
  ! [X17] : (sl(X17) => pq(X17))),
  file('outputs/dolce/subsumptions/type_sl_subsumed_to_q.in',sos)).
fof(f671,plain,(
  spl18_2),
  inference(avatar_split_clause,[],[f476,f669])).
fof(f476,plain,(
  sl(xyz)),
  inference(cnf_transformation,[],[f132])).
fof(f132,axiom,(
  sl(xyz)),
  file('outputs/dolce/subsumptions/type_sl_subsumed_to_q.in',axiom1)).
fof(f667,plain,(
  ~spl18_1),
  inference(avatar_split_clause,[],[f475,f665])).
fof(f475,plain,(
  ~q(xyz)),
  inference(cnf_transformation,[],[f133])).
fof(f133,axiom,(
  ~q(xyz)),
  file('outputs/dolce/subsumptions/type_sl_subsumed_to_q.in',axiom2)).
% SZS output end Proof for type_sl_subsumed_to_q
% ------------------------------
% Version: Vampire 4.7 (commit af7d05f97 on 2022-09-30 11:01:41 +0200)
% Termination reason: Refutation

% Memory used [KB]: 6140
% Time elapsed: 0.006 s
% ------------------------------
% ------------------------------
% Success in time 0.011 s
