% Running in auto input_syntax mode. Trying TPTP
% ott+11_3_aac=none:afr=on:afp=4000:afq=1.4:amm=off:anc=all:bs=unit_only:bsr=on:bce=on:fde=unused:irw=on:nm=64:newcnf=on:nwc=1:nicw=on:sac=on:sp=reverse_arity:uhcvi=on_31 on type_napo_subsumed_to_pt for (31ds)
% Refutation found. Thanks to Tanya!
% SZS status Unsatisfiable for type_napo_subsumed_to_pt
% SZS output start Proof for type_napo_subsumed_to_pt
fof(f983,plain,(
  $false),
  inference(avatar_sat_refutation,[],[f673,f677,f769,f781,f789,f821,f958,f967,f978,f982])).
fof(f982,plain,(
  spl18_1 | ~spl18_38 | ~spl18_76),
  inference(avatar_contradiction_clause,[],[f981])).
fof(f981,plain,(
  $false | (spl18_1 | ~spl18_38 | ~spl18_76)),
  inference(subsumption_resolution,[],[f979,f672])).
fof(f672,plain,(
  ~pt(xyz) | spl18_1),
  inference(avatar_component_clause,[],[f671])).
fof(f671,plain,(
  spl18_1 <=> pt(xyz)),
  introduced(avatar_definition,[new_symbols(naming,[spl18_1])])).
fof(f979,plain,(
  pt(xyz) | (~spl18_38 | ~spl18_76)),
  inference(resolution,[],[f977,f820])).
fof(f820,plain,(
  ( ! [X0] : (~ed(X0) | pt(X0)) ) | ~spl18_38),
  inference(avatar_component_clause,[],[f819])).
fof(f819,plain,(
  spl18_38 <=> ! [X0] : (~ed(X0) | pt(X0))),
  introduced(avatar_definition,[new_symbols(naming,[spl18_38])])).
fof(f977,plain,(
  ed(xyz) | ~spl18_76),
  inference(avatar_component_clause,[],[f976])).
fof(f976,plain,(
  spl18_76 <=> ed(xyz)),
  introduced(avatar_definition,[new_symbols(naming,[spl18_76])])).
fof(f978,plain,(
  spl18_76 | ~spl18_30 | ~spl18_74),
  inference(avatar_split_clause,[],[f969,f965,f787,f976])).
fof(f787,plain,(
  spl18_30 <=> ! [X0] : (ed(X0) | ~ped(X0))),
  introduced(avatar_definition,[new_symbols(naming,[spl18_30])])).
fof(f965,plain,(
  spl18_74 <=> ped(xyz)),
  introduced(avatar_definition,[new_symbols(naming,[spl18_74])])).
fof(f969,plain,(
  ed(xyz) | (~spl18_30 | ~spl18_74)),
  inference(resolution,[],[f966,f788])).
fof(f788,plain,(
  ( ! [X0] : (~ped(X0) | ed(X0)) ) | ~spl18_30),
  inference(avatar_component_clause,[],[f787])).
fof(f966,plain,(
  ped(xyz) | ~spl18_74),
  inference(avatar_component_clause,[],[f965])).
fof(f967,plain,(
  spl18_74 | ~spl18_2 | ~spl18_72),
  inference(avatar_split_clause,[],[f963,f956,f675,f965])).
fof(f675,plain,(
  spl18_2 <=> napo(xyz)),
  introduced(avatar_definition,[new_symbols(naming,[spl18_2])])).
fof(f956,plain,(
  spl18_72 <=> ! [X0] : (ped(X0) | ~napo(X0))),
  introduced(avatar_definition,[new_symbols(naming,[spl18_72])])).
fof(f963,plain,(
  ped(xyz) | (~spl18_2 | ~spl18_72)),
  inference(resolution,[],[f957,f676])).
fof(f676,plain,(
  napo(xyz) | ~spl18_2),
  inference(avatar_component_clause,[],[f675])).
fof(f957,plain,(
  ( ! [X0] : (~napo(X0) | ped(X0)) ) | ~spl18_72),
  inference(avatar_component_clause,[],[f956])).
fof(f958,plain,(
  spl18_72 | ~spl18_25 | ~spl18_28),
  inference(avatar_split_clause,[],[f882,f779,f767,f956])).
fof(f767,plain,(
  spl18_25 <=> ! [X0] : (pob(X0) | ~napo(X0))),
  introduced(avatar_definition,[new_symbols(naming,[spl18_25])])).
fof(f779,plain,(
  spl18_28 <=> ! [X0] : (ped(X0) | ~pob(X0))),
  introduced(avatar_definition,[new_symbols(naming,[spl18_28])])).
fof(f882,plain,(
  ( ! [X0] : (ped(X0) | ~napo(X0)) ) | (~spl18_25 | ~spl18_28)),
  inference(resolution,[],[f780,f768])).
fof(f768,plain,(
  ( ! [X0] : (pob(X0) | ~napo(X0)) ) | ~spl18_25),
  inference(avatar_component_clause,[],[f767])).
fof(f780,plain,(
  ( ! [X0] : (~pob(X0) | ped(X0)) ) | ~spl18_28),
  inference(avatar_component_clause,[],[f779])).
fof(f821,plain,(
  spl18_38),
  inference(avatar_split_clause,[],[f561,f819])).
fof(f561,plain,(
  ( ! [X0] : (~ed(X0) | pt(X0)) )),
  inference(cnf_transformation,[],[f398])).
fof(f398,plain,(
  ! [X0] : (pt(X0) | (~q(X0) & ~pd(X0) & ~ed(X0) & ~ab(X0)))),
  inference(ennf_transformation,[],[f342])).
fof(f342,plain,(
  ! [X0] : ((q(X0) | pd(X0) | ed(X0) | ab(X0)) => pt(X0))),
  inference(unused_predicate_definition_removal,[],[f1])).
fof(f1,axiom,(
  ! [X0] : ((q(X0) | pd(X0) | ed(X0) | ab(X0)) <=> pt(X0))),
  file('outputs/dolce/subsumptions/type_napo_subsumed_to_pt.in',sos)).
fof(f789,plain,(
  spl18_30),
  inference(avatar_split_clause,[],[f551,f787])).
fof(f551,plain,(
  ( ! [X0] : (ed(X0) | ~ped(X0)) )),
  inference(cnf_transformation,[],[f195])).
fof(f195,plain,(
  ! [X0] : ((ped(X0) | nped(X0) | as(X0)) <=> ed(X0))),
  inference(rectify,[],[f2])).
fof(f2,axiom,(
  ! [X1] : ((ped(X1) | nped(X1) | as(X1)) <=> ed(X1))),
  file('outputs/dolce/subsumptions/type_napo_subsumed_to_pt.in',sos)).
fof(f781,plain,(
  spl18_28),
  inference(avatar_split_clause,[],[f547,f779])).
fof(f547,plain,(
  ( ! [X0] : (ped(X0) | ~pob(X0)) )),
  inference(cnf_transformation,[],[f194])).
fof(f194,plain,(
  ! [X0] : ((pob(X0) | m(X0) | f(X0)) <=> ped(X0))),
  inference(rectify,[],[f15])).
fof(f15,axiom,(
  ! [X14] : ((pob(X14) | m(X14) | f(X14)) <=> ped(X14))),
  file('outputs/dolce/subsumptions/type_napo_subsumed_to_pt.in',sos)).
fof(f769,plain,(
  spl18_25),
  inference(avatar_split_clause,[],[f538,f767])).
fof(f538,plain,(
  ( ! [X0] : (pob(X0) | ~napo(X0)) )),
  inference(cnf_transformation,[],[f190])).
fof(f190,plain,(
  ! [X0] : ((napo(X0) | apo(X0)) <=> pob(X0))),
  inference(rectify,[],[f7])).
fof(f7,axiom,(
  ! [X6] : ((napo(X6) | apo(X6)) <=> pob(X6))),
  file('outputs/dolce/subsumptions/type_napo_subsumed_to_pt.in',sos)).
fof(f677,plain,(
  spl18_2),
  inference(avatar_split_clause,[],[f478,f675])).
fof(f478,plain,(
  napo(xyz)),
  inference(cnf_transformation,[],[f132])).
fof(f132,axiom,(
  napo(xyz)),
  file('outputs/dolce/subsumptions/type_napo_subsumed_to_pt.in',axiom1)).
fof(f673,plain,(
  ~spl18_1),
  inference(avatar_split_clause,[],[f477,f671])).
fof(f477,plain,(
  ~pt(xyz)),
  inference(cnf_transformation,[],[f133])).
fof(f133,axiom,(
  ~pt(xyz)),
  file('outputs/dolce/subsumptions/type_napo_subsumed_to_pt.in',axiom2)).
% SZS output end Proof for type_napo_subsumed_to_pt
% ------------------------------
% Version: Vampire 4.7 (commit af7d05f97 on 2022-09-30 11:01:41 +0200)
% Termination reason: Refutation

% Memory used [KB]: 6268
% Time elapsed: 0.006 s
% ------------------------------
% ------------------------------
% Success in time 0.013 s
