% Running in auto input_syntax mode. Trying TPTP
% ott+11_3_aac=none:afr=on:afp=4000:afq=1.4:amm=off:anc=all:bs=unit_only:bsr=on:bce=on:fde=unused:irw=on:nm=64:newcnf=on:nwc=1:nicw=on:sac=on:sp=reverse_arity:uhcvi=on_31 on type_f_subsumed_to_ped for (31ds)
% Refutation found. Thanks to Tanya!
% SZS status Unsatisfiable for type_f_subsumed_to_ped
% SZS output start Proof for type_f_subsumed_to_ped
fof(f859,plain,(
  $false),
  inference(avatar_sat_refutation,[],[f667,f671,f779,f858])).
fof(f858,plain,(
  spl18_1 | ~spl18_2 | ~spl18_29),
  inference(avatar_contradiction_clause,[],[f857])).
fof(f857,plain,(
  $false | (spl18_1 | ~spl18_2 | ~spl18_29)),
  inference(subsumption_resolution,[],[f856,f666])).
fof(f666,plain,(
  ~ped(xyz) | spl18_1),
  inference(avatar_component_clause,[],[f665])).
fof(f665,plain,(
  spl18_1 <=> ped(xyz)),
  introduced(avatar_definition,[new_symbols(naming,[spl18_1])])).
fof(f856,plain,(
  ped(xyz) | (~spl18_2 | ~spl18_29)),
  inference(resolution,[],[f778,f670])).
fof(f670,plain,(
  f(xyz) | ~spl18_2),
  inference(avatar_component_clause,[],[f669])).
fof(f669,plain,(
  spl18_2 <=> f(xyz)),
  introduced(avatar_definition,[new_symbols(naming,[spl18_2])])).
fof(f778,plain,(
  ( ! [X0] : (~f(X0) | ped(X0)) ) | ~spl18_29),
  inference(avatar_component_clause,[],[f777])).
fof(f777,plain,(
  spl18_29 <=> ! [X0] : (ped(X0) | ~f(X0))),
  introduced(avatar_definition,[new_symbols(naming,[spl18_29])])).
fof(f779,plain,(
  spl18_29),
  inference(avatar_split_clause,[],[f547,f777])).
fof(f547,plain,(
  ( ! [X0] : (ped(X0) | ~f(X0)) )),
  inference(cnf_transformation,[],[f195])).
fof(f195,plain,(
  ! [X0] : ((pob(X0) | m(X0) | f(X0)) <=> ped(X0))),
  inference(rectify,[],[f15])).
fof(f15,axiom,(
  ! [X14] : ((pob(X14) | m(X14) | f(X14)) <=> ped(X14))),
  file('outputs/dolce/subsumptions/type_f_subsumed_to_ped.in',sos)).
fof(f671,plain,(
  spl18_2),
  inference(avatar_split_clause,[],[f476,f669])).
fof(f476,plain,(
  f(xyz)),
  inference(cnf_transformation,[],[f132])).
fof(f132,axiom,(
  f(xyz)),
  file('outputs/dolce/subsumptions/type_f_subsumed_to_ped.in',axiom1)).
fof(f667,plain,(
  ~spl18_1),
  inference(avatar_split_clause,[],[f475,f665])).
fof(f475,plain,(
  ~ped(xyz)),
  inference(cnf_transformation,[],[f133])).
fof(f133,axiom,(
  ~ped(xyz)),
  file('outputs/dolce/subsumptions/type_f_subsumed_to_ped.in',axiom2)).
% SZS output end Proof for type_f_subsumed_to_ped
% ------------------------------
% Version: Vampire 4.7 (commit af7d05f97 on 2022-09-30 11:01:41 +0200)
% Termination reason: Refutation

% Memory used [KB]: 6140
% Time elapsed: 0.007 s
% ------------------------------
% ------------------------------
% Success in time 0.013 s
