% Running in auto input_syntax mode. Trying TPTP
% ott+11_3_aac=none:afr=on:afp=4000:afq=1.4:amm=off:anc=all:bs=unit_only:bsr=on:bce=on:fde=unused:irw=on:nm=64:newcnf=on:nwc=1:nicw=on:sac=on:sp=reverse_arity:uhcvi=on_31 on type_fd_subsumed_to_pt for (31ds)
% Refutation found. Thanks to Tanya!
% SZS status Unsatisfiable for type_fd_subsumed_to_pt
% SZS output start Proof for type_fd_subsumed_to_pt
fof(f1462,plain,(
  $false),
  inference(avatar_sat_refutation,[],[f680,f684,f744,f768,f776,f780,f784,f820,f868,f920,f924,f1398,f1407,f1417,f1423,f1432,f1441,f1446,f1457,f1461])).
fof(f1461,plain,(
  spl21_1 | ~spl21_36 | ~spl21_180),
  inference(avatar_contradiction_clause,[],[f1460])).
fof(f1460,plain,(
  $false | (spl21_1 | ~spl21_36 | ~spl21_180)),
  inference(subsumption_resolution,[],[f1458,f679])).
fof(f679,plain,(
  ~pt(xyz) | spl21_1),
  inference(avatar_component_clause,[],[f678])).
fof(f678,plain,(
  spl21_1 <=> pt(xyz)),
  introduced(avatar_definition,[new_symbols(naming,[spl21_1])])).
fof(f1458,plain,(
  pt(xyz) | (~spl21_36 | ~spl21_180)),
  inference(resolution,[],[f1456,f819])).
fof(f819,plain,(
  ( ! [X0] : (~ed(X0) | pt(X0)) ) | ~spl21_36),
  inference(avatar_component_clause,[],[f818])).
fof(f818,plain,(
  spl21_36 <=> ! [X0] : (~ed(X0) | pt(X0))),
  introduced(avatar_definition,[new_symbols(naming,[spl21_36])])).
fof(f1456,plain,(
  ed(xyz) | ~spl21_180),
  inference(avatar_component_clause,[],[f1455])).
fof(f1455,plain,(
  spl21_180 <=> ed(xyz)),
  introduced(avatar_definition,[new_symbols(naming,[spl21_180])])).
fof(f1457,plain,(
  spl21_180 | ~spl21_27 | ~spl21_178),
  inference(avatar_split_clause,[],[f1453,f1444,f782,f1455])).
fof(f782,plain,(
  spl21_27 <=> ! [X0] : (ed(X0) | ~nped(X0))),
  introduced(avatar_definition,[new_symbols(naming,[spl21_27])])).
fof(f1444,plain,(
  spl21_178 <=> nped(xyz)),
  introduced(avatar_definition,[new_symbols(naming,[spl21_178])])).
fof(f1453,plain,(
  ed(xyz) | (~spl21_27 | ~spl21_178)),
  inference(resolution,[],[f1445,f783])).
fof(f783,plain,(
  ( ! [X0] : (~nped(X0) | ed(X0)) ) | ~spl21_27),
  inference(avatar_component_clause,[],[f782])).
fof(f1445,plain,(
  nped(xyz) | ~spl21_178),
  inference(avatar_component_clause,[],[f1444])).
fof(f1446,plain,(
  spl21_178 | ~spl21_17 | ~spl21_177),
  inference(avatar_split_clause,[],[f1442,f1439,f742,f1444])).
fof(f742,plain,(
  spl21_17 <=> ! [X0] : (~npob(X0) | nped(X0))),
  introduced(avatar_definition,[new_symbols(naming,[spl21_17])])).
fof(f1439,plain,(
  spl21_177 <=> npob(xyz)),
  introduced(avatar_definition,[new_symbols(naming,[spl21_177])])).
fof(f1442,plain,(
  nped(xyz) | (~spl21_17 | ~spl21_177)),
  inference(resolution,[],[f1440,f743])).
fof(f743,plain,(
  ( ! [X0] : (~npob(X0) | nped(X0)) ) | ~spl21_17),
  inference(avatar_component_clause,[],[f742])).
fof(f1440,plain,(
  npob(xyz) | ~spl21_177),
  inference(avatar_component_clause,[],[f1439])).
fof(f1441,plain,(
  spl21_177 | ~spl21_25 | ~spl21_175),
  inference(avatar_split_clause,[],[f1433,f1430,f774,f1439])).
fof(f774,plain,(
  spl21_25 <=> ! [X0] : (~sob(X0) | npob(X0))),
  introduced(avatar_definition,[new_symbols(naming,[spl21_25])])).
fof(f1430,plain,(
  spl21_175 <=> sob(xyz)),
  introduced(avatar_definition,[new_symbols(naming,[spl21_175])])).
fof(f1433,plain,(
  npob(xyz) | (~spl21_25 | ~spl21_175)),
  inference(resolution,[],[f1431,f775])).
fof(f775,plain,(
  ( ! [X0] : (~sob(X0) | npob(X0)) ) | ~spl21_25),
  inference(avatar_component_clause,[],[f774])).
fof(f1431,plain,(
  sob(xyz) | ~spl21_175),
  inference(avatar_component_clause,[],[f1430])).
fof(f1432,plain,(
  spl21_175 | ~spl21_26 | ~spl21_173),
  inference(avatar_split_clause,[],[f1428,f1421,f778,f1430])).
fof(f778,plain,(
  spl21_26 <=> ! [X0] : (~naso(X0) | sob(X0))),
  introduced(avatar_definition,[new_symbols(naming,[spl21_26])])).
fof(f1421,plain,(
  spl21_173 <=> naso(xyz)),
  introduced(avatar_definition,[new_symbols(naming,[spl21_173])])).
fof(f1428,plain,(
  sob(xyz) | (~spl21_26 | ~spl21_173)),
  inference(resolution,[],[f1422,f779])).
fof(f779,plain,(
  ( ! [X0] : (~naso(X0) | sob(X0)) ) | ~spl21_26),
  inference(avatar_component_clause,[],[f778])).
fof(f1422,plain,(
  naso(xyz) | ~spl21_173),
  inference(avatar_component_clause,[],[f1421])).
fof(f1423,plain,(
  spl21_173 | ~spl21_23 | ~spl21_172),
  inference(avatar_split_clause,[],[f1419,f1415,f766,f1421])).
fof(f766,plain,(
  spl21_23 <=> ! [X0] : (~c(X0) | naso(X0))),
  introduced(avatar_definition,[new_symbols(naming,[spl21_23])])).
fof(f1415,plain,(
  spl21_172 <=> c(xyz)),
  introduced(avatar_definition,[new_symbols(naming,[spl21_172])])).
fof(f1419,plain,(
  naso(xyz) | (~spl21_23 | ~spl21_172)),
  inference(resolution,[],[f1416,f767])).
fof(f767,plain,(
  ( ! [X0] : (~c(X0) | naso(X0)) ) | ~spl21_23),
  inference(avatar_component_clause,[],[f766])).
fof(f1416,plain,(
  c(xyz) | ~spl21_172),
  inference(avatar_component_clause,[],[f1415])).
fof(f1417,plain,(
  spl21_172 | ~spl21_48 | ~spl21_170),
  inference(avatar_split_clause,[],[f1409,f1405,f866,f1415])).
fof(f866,plain,(
  spl21_48 <=> ! [X0,X1] : (~us(X0,X1) | c(X0))),
  introduced(avatar_definition,[new_symbols(naming,[spl21_48])])).
fof(f1405,plain,(
  spl21_170 <=> us(xyz,sK14(xyz))),
  introduced(avatar_definition,[new_symbols(naming,[spl21_170])])).
fof(f1409,plain,(
  c(xyz) | (~spl21_48 | ~spl21_170)),
  inference(resolution,[],[f1406,f867])).
fof(f867,plain,(
  ( ! [X0,X1] : (~us(X0,X1) | c(X0)) ) | ~spl21_48),
  inference(avatar_component_clause,[],[f866])).
fof(f1406,plain,(
  us(xyz,sK14(xyz)) | ~spl21_170),
  inference(avatar_component_clause,[],[f1405])).
fof(f1407,plain,(
  spl21_170 | ~spl21_2 | ~spl21_168),
  inference(avatar_split_clause,[],[f1403,f1396,f682,f1405])).
fof(f682,plain,(
  spl21_2 <=> fd(xyz)),
  introduced(avatar_definition,[new_symbols(naming,[spl21_2])])).
fof(f1396,plain,(
  spl21_168 <=> ! [X1] : (us(X1,sK14(X1)) | ~fd(X1))),
  introduced(avatar_definition,[new_symbols(naming,[spl21_168])])).
fof(f1403,plain,(
  us(xyz,sK14(xyz)) | (~spl21_2 | ~spl21_168)),
  inference(resolution,[],[f1397,f683])).
fof(f683,plain,(
  fd(xyz) | ~spl21_2),
  inference(avatar_component_clause,[],[f682])).
fof(f1397,plain,(
  ( ! [X1] : (~fd(X1) | us(X1,sK14(X1))) ) | ~spl21_168),
  inference(avatar_component_clause,[],[f1396])).
fof(f1398,plain,(
  spl21_168 | ~spl21_61 | ~spl21_62),
  inference(avatar_split_clause,[],[f1070,f922,f918,f1396])).
fof(f918,plain,(
  spl21_61 <=> ! [X0] : (~fd(X0) | df(X0,sK14(X0)))),
  introduced(avatar_definition,[new_symbols(naming,[spl21_61])])).
fof(f922,plain,(
  spl21_62 <=> ! [X0,X1] : (~df(X0,X1) | us(X0,X1))),
  introduced(avatar_definition,[new_symbols(naming,[spl21_62])])).
fof(f1070,plain,(
  ( ! [X1] : (us(X1,sK14(X1)) | ~fd(X1)) ) | (~spl21_61 | ~spl21_62)),
  inference(resolution,[],[f923,f919])).
fof(f919,plain,(
  ( ! [X0] : (df(X0,sK14(X0)) | ~fd(X0)) ) | ~spl21_61),
  inference(avatar_component_clause,[],[f918])).
fof(f923,plain,(
  ( ! [X0,X1] : (~df(X0,X1) | us(X0,X1)) ) | ~spl21_62),
  inference(avatar_component_clause,[],[f922])).
fof(f924,plain,(
  spl21_62),
  inference(avatar_split_clause,[],[f573,f922])).
fof(f573,plain,(
  ( ! [X0,X1] : (~df(X0,X1) | us(X0,X1)) )),
  inference(cnf_transformation,[],[f402])).
fof(f402,plain,(
  ! [X0,X1] : (us(X0,X1) | ~df(X0,X1))),
  inference(ennf_transformation,[],[f201])).
fof(f201,plain,(
  ! [X0,X1] : (df(X0,X1) => us(X0,X1))),
  inference(flattening,[],[f200])).
fof(f200,plain,(
  ! [X0] : ! [X1] : (df(X0,X1) => us(X0,X1))),
  inference(rectify,[],[f124])).
fof(f124,axiom,(
  ! [X262] : ! [X263] : (df(X262,X263) => us(X262,X263))),
  file('outputs/dolce/subsumptions/type_fd_subsumed_to_pt.in',sos)).
fof(f920,plain,(
  spl21_61),
  inference(avatar_split_clause,[],[f536,f918])).
fof(f536,plain,(
  ( ! [X0] : (~fd(X0) | df(X0,sK14(X0))) )),
  inference(cnf_transformation,[],[f396])).
fof(f396,plain,(
  ! [X0] : (? [X1,X2] : (! [X3,X4] : (? [X5] : (~tp(X5,X3,X4) & ~tp(X3,X5,X4) & cf(X5,X1,X4)) | ~cf(X3,X0,X4)) & us(X1,X2) & df(X0,X2)) | ~fd(X0))),
  inference(ennf_transformation,[],[f336])).
fof(f336,plain,(
  ! [X0] : (fd(X0) => ? [X1,X2] : (! [X3,X4] : (cf(X3,X0,X4) => ? [X5] : (~tp(X5,X3,X4) & ~tp(X3,X5,X4) & cf(X5,X1,X4))) & us(X1,X2) & df(X0,X2)))),
  inference(unused_predicate_definition_removal,[],[f186])).
fof(f186,plain,(
  ! [X0] : (fd(X0) <=> ? [X1,X2] : (! [X3,X4] : (cf(X3,X0,X4) => ? [X5] : (~tp(X5,X3,X4) & ~tp(X3,X5,X4) & cf(X5,X1,X4))) & us(X1,X2) & df(X0,X2)))),
  inference(flattening,[],[f185])).
fof(f185,plain,(
  ! [X0] : (fd(X0) <=> ? [X1] : ? [X2] : (! [X3] : ! [X4] : (cf(X3,X0,X4) => ? [X5] : (~tp(X5,X3,X4) & ~tp(X3,X5,X4) & cf(X5,X1,X4))) & us(X1,X2) & df(X0,X2)))),
  inference(rectify,[],[f130])).
fof(f130,axiom,(
  ! [X277] : (fd(X277) <=> ? [X278] : ? [X279] : (! [X280] : ! [X281] : (cf(X280,X277,X281) => ? [X282] : (~tp(X282,X280,X281) & ~tp(X280,X282,X281) & cf(X282,X278,X281))) & us(X278,X279) & df(X277,X279)))),
  file('outputs/dolce/subsumptions/type_fd_subsumed_to_pt.in',sos)).
fof(f868,plain,(
  spl21_48),
  inference(avatar_split_clause,[],[f574,f866])).
fof(f574,plain,(
  ( ! [X0,X1] : (~us(X0,X1) | c(X0)) )),
  inference(cnf_transformation,[],[f403])).
fof(f403,plain,(
  ! [X0,X1] : ((ds(X1) & c(X0)) | ~us(X0,X1))),
  inference(ennf_transformation,[],[f203])).
fof(f203,plain,(
  ! [X0,X1] : (us(X0,X1) => (ds(X1) & c(X0)))),
  inference(flattening,[],[f202])).
fof(f202,plain,(
  ! [X0] : ! [X1] : (us(X0,X1) => (ds(X1) & c(X0)))),
  inference(rectify,[],[f123])).
fof(f123,axiom,(
  ! [X260] : ! [X261] : (us(X260,X261) => (ds(X261) & c(X260)))),
  file('outputs/dolce/subsumptions/type_fd_subsumed_to_pt.in',sos)).
fof(f820,plain,(
  spl21_36),
  inference(avatar_split_clause,[],[f568,f818])).
fof(f568,plain,(
  ( ! [X0] : (~ed(X0) | pt(X0)) )),
  inference(cnf_transformation,[],[f400])).
fof(f400,plain,(
  ! [X0] : (pt(X0) | (~q(X0) & ~pd(X0) & ~ed(X0) & ~ab(X0)))),
  inference(ennf_transformation,[],[f343])).
fof(f343,plain,(
  ! [X0] : ((q(X0) | pd(X0) | ed(X0) | ab(X0)) => pt(X0))),
  inference(unused_predicate_definition_removal,[],[f1])).
fof(f1,axiom,(
  ! [X0] : ((q(X0) | pd(X0) | ed(X0) | ab(X0)) <=> pt(X0))),
  file('outputs/dolce/subsumptions/type_fd_subsumed_to_pt.in',sos)).
fof(f784,plain,(
  spl21_27),
  inference(avatar_split_clause,[],[f557,f782])).
fof(f557,plain,(
  ( ! [X0] : (ed(X0) | ~nped(X0)) )),
  inference(cnf_transformation,[],[f195])).
fof(f195,plain,(
  ! [X0] : ((ped(X0) | nped(X0) | as(X0)) <=> ed(X0))),
  inference(rectify,[],[f2])).
fof(f2,axiom,(
  ! [X1] : ((ped(X1) | nped(X1) | as(X1)) <=> ed(X1))),
  file('outputs/dolce/subsumptions/type_fd_subsumed_to_pt.in',sos)).
fof(f780,plain,(
  spl21_26),
  inference(avatar_split_clause,[],[f551,f778])).
fof(f551,plain,(
  ( ! [X0] : (~naso(X0) | sob(X0)) )),
  inference(cnf_transformation,[],[f398])).
fof(f398,plain,(
  ! [X0] : (sob(X0) | ~naso(X0))),
  inference(ennf_transformation,[],[f348])).
fof(f348,plain,(
  ! [X0] : (naso(X0) => sob(X0))),
  inference(pure_predicate_removal,[],[f341])).
fof(f341,plain,(
  ! [X0] : ((naso(X0) | aso(X0)) => sob(X0))),
  inference(unused_predicate_definition_removal,[],[f193])).
fof(f193,plain,(
  ! [X0] : ((naso(X0) | aso(X0)) <=> sob(X0))),
  inference(rectify,[],[f9])).
fof(f9,axiom,(
  ! [X8] : ((naso(X8) | aso(X8)) <=> sob(X8))),
  file('outputs/dolce/subsumptions/type_fd_subsumed_to_pt.in',sos)).
fof(f776,plain,(
  spl21_25),
  inference(avatar_split_clause,[],[f547,f774])).
fof(f547,plain,(
  ( ! [X0] : (~sob(X0) | npob(X0)) )),
  inference(cnf_transformation,[],[f397])).
fof(f397,plain,(
  ! [X0] : (npob(X0) | ~sob(X0))),
  inference(ennf_transformation,[],[f349])).
fof(f349,plain,(
  ! [X0] : (sob(X0) => npob(X0))),
  inference(pure_predicate_removal,[],[f340])).
fof(f340,plain,(
  ! [X0] : ((mob(X0) | sob(X0)) => npob(X0))),
  inference(unused_predicate_definition_removal,[],[f191])).
fof(f191,plain,(
  ! [X0] : ((mob(X0) | sob(X0)) <=> npob(X0))),
  inference(rectify,[],[f12])).
fof(f12,axiom,(
  ! [X11] : ((mob(X11) | sob(X11)) <=> npob(X11))),
  file('outputs/dolce/subsumptions/type_fd_subsumed_to_pt.in',sos)).
fof(f768,plain,(
  spl21_23),
  inference(avatar_split_clause,[],[f523,f766])).
fof(f523,plain,(
  ( ! [X0] : (~c(X0) | naso(X0)) )),
  inference(cnf_transformation,[],[f388])).
fof(f388,plain,(
  ! [X0] : (naso(X0) | ~c(X0))),
  inference(ennf_transformation,[],[f174])).
fof(f174,plain,(
  ! [X0] : (c(X0) => naso(X0))),
  inference(rectify,[],[f10])).
fof(f10,axiom,(
  ! [X9] : (c(X9) => naso(X9))),
  file('outputs/dolce/subsumptions/type_fd_subsumed_to_pt.in',sos)).
fof(f744,plain,(
  spl21_17),
  inference(avatar_split_clause,[],[f504,f742])).
fof(f504,plain,(
  ( ! [X0] : (~npob(X0) | nped(X0)) )),
  inference(cnf_transformation,[],[f374])).
fof(f374,plain,(
  ! [X0] : (nped(X0) | ~npob(X0))),
  inference(ennf_transformation,[],[f160])).
fof(f160,plain,(
  ! [X0] : (npob(X0) => nped(X0))),
  inference(rectify,[],[f16])).
fof(f16,axiom,(
  ! [X15] : (npob(X15) => nped(X15))),
  file('outputs/dolce/subsumptions/type_fd_subsumed_to_pt.in',sos)).
fof(f684,plain,(
  spl21_2),
  inference(avatar_split_clause,[],[f480,f682])).
fof(f480,plain,(
  fd(xyz)),
  inference(cnf_transformation,[],[f132])).
fof(f132,axiom,(
  fd(xyz)),
  file('outputs/dolce/subsumptions/type_fd_subsumed_to_pt.in',axiom1)).
fof(f680,plain,(
  ~spl21_1),
  inference(avatar_split_clause,[],[f479,f678])).
fof(f479,plain,(
  ~pt(xyz)),
  inference(cnf_transformation,[],[f133])).
fof(f133,axiom,(
  ~pt(xyz)),
  file('outputs/dolce/subsumptions/type_fd_subsumed_to_pt.in',axiom2)).
% SZS output end Proof for type_fd_subsumed_to_pt
% ------------------------------
% Version: Vampire 4.7 (commit af7d05f97 on 2022-09-30 11:01:41 +0200)
% Termination reason: Refutation

% Memory used [KB]: 6524
% Time elapsed: 0.012 s
% ------------------------------
% ------------------------------
% Success in time 0.021 s
