% Running in auto input_syntax mode. Trying TPTP
% ott+11_3_aac=none:afr=on:afp=4000:afq=1.4:amm=off:anc=all:bs=unit_only:bsr=on:bce=on:fde=unused:irw=on:nm=64:newcnf=on:nwc=1:nicw=on:sac=on:sp=reverse_arity:uhcvi=on_31 on type_acc_subsumed_to_tq for (31ds)
% SZS status Satisfiable for type_acc_subsumed_to_tq
% # SZS output start Saturation.
cnf(u666,axiom,
    ~tq(xyz)).

cnf(u670,axiom,
    acc(xyz)).

cnf(u674,axiom,
    ~ds(X0) | ~c(X0)).

cnf(u678,axiom,
    ~ped(X0) | ~nped(X0)).

cnf(u682,axiom,
    ~tr(X0) | ~ar(X0)).

cnf(u686,axiom,
    ~tr(X0) | ~pr(X0)).

cnf(u690,axiom,
    ~pr(X0) | ~ar(X0)).

cnf(u694,axiom,
    ~pq(X0) | ~aq(X0)).

cnf(u698,axiom,
    ~tq(X0) | ~pq(X0)).

cnf(u702,axiom,
    ~tq(X0) | ~aq(X0)).

cnf(u706,axiom,
    ~q(X0) | ~ab(X0)).

cnf(u710,axiom,
    ~ed(X0) | ~ab(X0)).

cnf(u714,axiom,
    ~pd(X0) | ~ab(X0)).

cnf(u718,axiom,
    ~q(X0) | ~ed(X0)).

cnf(u722,axiom,
    ~pd(X0) | ~ed(X0)).

cnf(u726,axiom,
    ~q(X0) | ~pd(X0)).

cnf(u730,axiom,
    ~npob(X0) | nped(X0)).

cnf(u734,axiom,
    ~r(X0) | ab(X0)).

cnf(u738,axiom,
    ~s(X0) | pr(X0)).

cnf(u742,axiom,
    ~ds(X0) | naso(X0)).

cnf(u746,axiom,
    ~sl(X0) | pq(X0)).

cnf(u750,axiom,
    ~tl(X0) | tq(X0)).

cnf(u754,axiom,
    ~c(X0) | naso(X0)).

cnf(u758,axiom,
    ~t(X0) | tr(X0)).

cnf(u762,axiom,
    ~sob(X0) | npob(X0)).

cnf(u766,axiom,
    ~ev(X0) | pd(X0)).

cnf(u770,axiom,
    ~naso(X0) | sob(X0)).

cnf(u774,axiom,
    ~nped(X0) | ed(X0)).

cnf(u778,axiom,
    ~ped(X0) | ed(X0)).

cnf(u782,axiom,
    ~acc(X0) | ev(X0)).

cnf(u786,axiom,
    ~ar(X0) | r(X0)).

cnf(u790,axiom,
    ~pr(X0) | r(X0)).

cnf(u794,axiom,
    ~tr(X0) | r(X0)).

cnf(u798,axiom,
    ~aq(X0) | q(X0)).

cnf(u802,axiom,
    ~pq(X0) | q(X0)).

cnf(u806,axiom,
    ~tq(X0) | q(X0)).

cnf(u810,axiom,
    ~ped(X0) | sl(sK1(X0))).

cnf(u814,axiom,
    ~nped(X0) | aq(sK2(X0))).

cnf(u818,axiom,
    ~pq(X0) | ped(sK3(X0))).

cnf(u822,axiom,
    ~aq(X0) | nped(sK4(X0))).

cnf(u826,axiom,
    ~tq(X0) | pd(sK6(X0))).

cnf(u830,axiom,
    tl(sK10(X0)) | ~pd(X0)).

cnf(u834,axiom,
    ~ab(X0) | p(X0,X0)).

cnf(u838,axiom,
    p(X0,X0) | ~pd(X0)).

cnf(u842,axiom,
    ~ql(X0,X1) | tr(X0)).

cnf(u846,axiom,
    ~us(X0,X1) | c(X0)).

cnf(u850,axiom,
    ~us(X0,X1) | ds(X1)).

cnf(u854,axiom,
    ~dqt(X0,X1) | q(X0)).

cnf(u858,axiom,
    ~pre(X0,X1) | t(X1)).

cnf(u863,axiom,
    ev(xyz)).

cnf(u868,axiom,
    pd(xyz)).

cnf(u874,axiom,
    ~ed(xyz)).

cnf(u878,axiom,
    ~ab(xyz)).

cnf(u882,axiom,
    ~ds(X0) | us(sK0(X0),X0)).

cnf(u886,axiom,
    ~ped(X0) | dqt(sK1(X0),X0)).

cnf(u890,axiom,
    ~nped(X0) | dqt(sK2(X0),X0)).

cnf(u894,axiom,
    ~pq(X0) | dqt(X0,sK3(X0))).

cnf(u898,axiom,
    ~aq(X0) | dqt(X0,sK4(X0))).

cnf(u902,axiom,
    ~tq(X0) | ql(sK5(X0),X0)).

cnf(u906,axiom,
    ~tq(X0) | dqt(X0,sK6(X0))).

cnf(u910,axiom,
    df(X0,sK7(X0)) | ~c(X0)).

cnf(u914,axiom,
    dqt(sK10(X0),X0) | ~pd(X0)).

cnf(u918,axiom,
    ~df(X0,X1) | us(X0,X1)).

cnf(u922,axiom,
    ~tql(X0,X1,X2) | t(X2)).

cnf(u926,axiom,
    ~k(X0,X1,X2) | t(X2)).

cnf(u930,axiom,
    ~pc(X0,X1,X2) | ed(X0)).

cnf(u934,axiom,
    ~pc(X0,X1,X2) | pd(X1)).

cnf(u938,axiom,
    ~pc(X0,X1,X2) | t(X2)).

cnf(u942,axiom,
    ~tp(X0,X1,X2) | ed(X0)).

cnf(u946,axiom,
    ~tp(X0,X1,X2) | ed(X1)).

cnf(u950,axiom,
    ~tp(X0,X1,X2) | t(X2)).

cnf(u955,axiom,
    ~p(X0,X1) | ab(X1) | pd(X1)).

cnf(u959,axiom,
    ~p(X0,X1) | ab(X0) | pd(X0)).

cnf(u963,axiom,
    ~s(X1) | ~p(X0,X1) | s(X0)).

cnf(u967,axiom,
    ~s(X0) | s(X1) | ~p(X0,X1)).

cnf(u971,axiom,
    ~ar(X1) | ~p(X0,X1) | ar(X0)).

cnf(u975,axiom,
    ~ar(X0) | ar(X1) | ~p(X0,X1)).

cnf(u979,axiom,
    ~ab(X1) | ~p(X0,X1) | ab(X0)).

cnf(u983,axiom,
    ~ab(X0) | ab(X1) | ~p(X0,X1)).

cnf(u987,axiom,
    ~t(X1) | ~p(X0,X1) | t(X0)).

cnf(u991,axiom,
    ~t(X0) | t(X1) | ~p(X0,X1)).

cnf(u995,axiom,
    ~p(X0,X1) | ~pd(X1) | pd(X0)).

cnf(u999,axiom,
    ~p(X0,X1) | pd(X1) | ~pd(X0)).

cnf(u1003,axiom,
    ~dqt(X0,X1) | ed(X1) | pd(X1)).

cnf(u1007,axiom,
    ~ped(X1) | ~dqt(X0,X1) | pq(X0)).

cnf(u1011,axiom,
    ~pq(X0) | ped(X1) | ~dqt(X0,X1)).

cnf(u1015,axiom,
    ~nped(X1) | ~dqt(X0,X1) | aq(X0)).

cnf(u1019,axiom,
    ~aq(X0) | nped(X1) | ~dqt(X0,X1)).

cnf(u1023,axiom,
    ~dqt(X0,X1) | ~pd(X1) | tq(X0)).

cnf(u1027,axiom,
    ~dqt(X0,X1) | pd(X1) | ~tq(X0)).

cnf(u1031,axiom,
    ~ql(X0,X1) | ~tl(X1) | t(X0)).

cnf(u1035,axiom,
    ~tql(X0,X1,X2) | pre(X1,X2)).

cnf(u1039,axiom,
    ~k(X0,X1,X2) | pre(X0,X2)).

cnf(u1043,axiom,
    ~k(X0,X1,X2) | pre(X1,X2)).

cnf(u1047,axiom,
    ~pc(X0,X1,X2) | pre(X0,X2)).

cnf(u1051,axiom,
    ~pc(X0,X1,X2) | pre(X1,X2)).

cnf(u1055,axiom,
    ~tp(X0,X1,X2) | pre(X0,X2)).

cnf(u1059,axiom,
    ~tp(X0,X1,X2) | pre(X1,X2)).

cnf(u1065,axiom,
    ~ed(X0) | pc(X0,sK8(X0),sK9(X0))).

cnf(u1069,axiom,
    ~pd(X0) | tq(sK10(X0))).

cnf(u1074,axiom,
    tq(sK10(xyz))).

cnf(u1078,axiom,
    ~q(X0) | aq(X0) | pq(X0) | tq(X0)).

cnf(u1088,axiom,
    q(sK10(xyz))).

cnf(u1095,axiom,
    ~ov(X0,X1) | p(sK17(X0,X1),X0)).

cnf(u1099,axiom,
    ~aq(sK10(xyz))).

cnf(u1103,axiom,
    ~pq(sK10(xyz))).

cnf(u1107,axiom,
    ~ov(X0,X1) | p(sK17(X0,X1),X1)).

cnf(u1111,axiom,
    ~pd(sK10(xyz))).

cnf(u1115,axiom,
    ~tql(X0,X1,X2) | pq(X1) | aq(X1)).

cnf(u1119,axiom,
    ~ed(sK10(xyz))).

cnf(u1123,axiom,
    ~ab(sK10(xyz))).

cnf(u1127,axiom,
    ~tql(X0,X1,X2) | pr(X0) | ar(X0)).

cnf(u1131,axiom,
    pd(sK6(sK10(xyz)))).

cnf(u1138,axiom,
    ~aq(X1) | ~tql(X0,X1,X2) | ar(X0)).

cnf(u1142,axiom,
    ~ed(sK6(sK10(xyz)))).

cnf(u1146,axiom,
    ~ab(sK6(sK10(xyz)))).

cnf(u1150,axiom,
    ~ar(X0) | aq(X1) | ~tql(X0,X1,X2)).

cnf(u1154,axiom,
    ~pd(X0) | q(sK10(X0))).

cnf(u1160,axiom,
    ~pq(X1) | ~tql(X0,X1,X2) | pr(X0)).

cnf(u1164,axiom,
    tq(sK10(sK6(sK10(xyz))))).

cnf(u1174,axiom,
    q(sK10(sK6(sK10(xyz))))).

cnf(u1178,axiom,
    ~pr(X0) | pq(X1) | ~tql(X0,X1,X2)).

cnf(u1185,axiom,
    ~aq(sK10(sK6(sK10(xyz))))).

cnf(u1189,axiom,
    ~k(X1,X0,X2) | ~k(X0,X1,X2)).

cnf(u1193,axiom,
    ~pq(sK10(sK6(sK10(xyz))))).

cnf(u1197,axiom,
    ~pd(sK10(sK6(sK10(xyz))))).

cnf(u1201,axiom,
    ~k(X0,X1,X2) | ed(X1) | pd(X1)).

cnf(u1205,axiom,
    ~ed(sK10(sK6(sK10(xyz))))).

cnf(u1209,axiom,
    ~k(X0,X1,X2) | ed(X0) | pd(X0)).

cnf(u1213,axiom,
    ~ab(sK10(sK6(sK10(xyz))))).

cnf(u1217,axiom,
    ~ped(X1) | ~k(X0,X1,X2) | ped(X0)).

cnf(u1221,axiom,
    ~ped(X0) | ped(X1) | ~k(X0,X1,X2)).

cnf(u1225,axiom,
    ~nped(X1) | ~k(X0,X1,X2) | nped(X0)).

cnf(u1229,axiom,
    ~nped(X0) | nped(X1) | ~k(X0,X1,X2)).

cnf(u1233,axiom,
    ~k(X0,X1,X2) | ~pd(X1) | pd(X0)).

cnf(u1237,axiom,
    ~k(X0,X1,X2) | pd(X1) | ~pd(X0)).

cnf(u1241,axiom,
    ~ped(X1) | ~tp(X0,X1,X2) | ped(X0)).

cnf(u1245,axiom,
    ~ped(X0) | ped(X1) | ~tp(X0,X1,X2)).

cnf(u1249,axiom,
    ~nped(X1) | ~tp(X0,X1,X2) | nped(X0)).

cnf(u1253,axiom,
    ~nped(X0) | nped(X1) | ~tp(X0,X1,X2)).

cnf(u1257,axiom,
    ~sl(X1) | ~tql(X0,X1,X2) | s(X0)).

cnf(u1261,axiom,
    ~dif(X2,X0,X1) | ab(X1) | pd(X2)).

cnf(u1265,axiom,
    ~dif(X2,X0,X1) | ab(X0) | pd(X2)).

cnf(u1269,axiom,
    ~dif(X2,X0,X1) | ab(X2) | pd(X2)).

cnf(u1273,axiom,
    ~dif(X2,X0,X1) | ab(X2) | pd(X0)).

cnf(u1277,axiom,
    ~dif(X2,X0,X1) | ab(X2) | pd(X1)).

cnf(u1291,axiom,
    ~c(X0) | us(X0,sK7(X0))).

cnf(u1295,axiom,
    ~pre(X0,X1) | ed(X0) | pd(X0) | q(X0)).

cnf(u1299,axiom,
    dqt(sK10(xyz),sK6(sK10(xyz)))).

cnf(u1307,axiom,
    ql(sK5(sK10(xyz)),sK10(xyz))).

cnf(u1311,axiom,
    ~ed(X0) | ~pre(X0,X1) | tp(X0,X0,X1)).

cnf(u1317,axiom,
    tr(sK5(sK10(xyz)))).

cnf(u1324,axiom,
    ~p(X1,X0) | ~p(X0,X1) | X0 = X1).

cnf(u1328,axiom,
    r(sK5(sK10(xyz)))).

cnf(u1333,axiom,
    ~pr(sK5(sK10(xyz)))).

cnf(u1337,axiom,
    ~p(X2,X1) | ~p(X2,X0) | ov(X0,X1)).

cnf(u1341,axiom,
    ~ar(sK5(sK10(xyz)))).

cnf(u1345,axiom,
    ~pre(X0,X2) | ~df(X0,X1) | pre(X1,X2)).

cnf(u1349,axiom,
    ab(sK5(sK10(xyz)))).

cnf(u1356,axiom,
    pd(sK6(sK10(sK6(sK10(xyz)))))).

cnf(u1360,axiom,
    ~us(X0,X1) | ~pre(X1,X2) | pre(X0,X2)).

cnf(u1368,axiom,
    ~ed(sK6(sK10(sK6(sK10(xyz)))))).

cnf(u1372,axiom,
    ~ql(X2,X1) | ~ql(X0,X1) | X0 = X2).

cnf(u1376,axiom,
    ~ab(sK6(sK10(sK6(sK10(xyz)))))).

cnf(u1380,axiom,
    ~df(X0,X2) | ~df(X0,X1) | X1 = X2).

cnf(u1384,axiom,
    ~p(X1,X2) | ~p(X0,X1) | p(X0,X2)).

cnf(u1388,axiom,
    ~dqt(X0,X2) | ~dqt(X0,X1) | X1 = X2).

cnf(u1392,axiom,
    ~pre(X0,X1) | ~p(X2,X1) | pre(X0,X2)).

cnf(u1398,axiom,
    ~dif(X2,X0,X1) | p(X3,X0) | ~p(X3,X2)).

cnf(u1402,axiom,
    t(sK5(sK10(xyz)))).

cnf(u1415,axiom,
    ~dif(X2,X0,X1) | ~ov(X3,X1) | ~p(X3,X2)).

cnf(u1419,axiom,
    ~p(sK5(sK10(xyz)),X0) | t(X0)).

cnf(u1424,axiom,
    ~p(X1,sK5(sK10(xyz))) | t(X1)).

cnf(u1429,axiom,
    q(sK10(sK6(sK10(sK6(sK10(xyz))))))).

cnf(u1437,axiom,
    tq(sK10(sK6(sK10(sK6(sK10(xyz))))))).

cnf(u1447,axiom,
    ~p(sK5(sK10(xyz)),X0) | ab(X0)).

cnf(u1453,axiom,
    ~p(X1,sK5(sK10(xyz))) | ab(X1)).

cnf(u1459,axiom,
    p(sK5(sK10(xyz)),sK5(sK10(xyz)))).

cnf(u1473,axiom,
    ~pd(sK10(sK6(sK10(sK6(sK10(xyz))))))).

cnf(u1477,axiom,
    ~ed(sK10(sK6(sK10(sK6(sK10(xyz))))))).

cnf(u1481,axiom,
    ~ab(sK10(sK6(sK10(sK6(sK10(xyz))))))).

cnf(u1485,axiom,
    ~aq(sK10(sK6(sK10(sK6(sK10(xyz))))))).

cnf(u1490,axiom,
    ~pq(sK10(sK6(sK10(sK6(sK10(xyz))))))).

cnf(u1499,axiom,
    ~pre(X0,X1) | ~pd(X0) | pc(sK15(X0,X1),X0,X1)).

cnf(u1503,axiom,
    ov(X1,X0) | ~p(X0,X1) | ~pd(X0)).

cnf(u1509,axiom,
    pd(sK6(sK10(sK6(sK10(sK6(sK10(xyz)))))))).

cnf(u1513,axiom,
    ~pq(X0) | ~pre(X0,X1) | tql(sK16(X0,X1),X0,X1)).

cnf(u1521,axiom,
    ~ed(sK6(sK10(sK6(sK10(sK6(sK10(xyz)))))))).

cnf(u1525,axiom,
    ~aq(X0) | ~pre(X0,X1) | tql(sK16(X0,X1),X0,X1)).

cnf(u1529,axiom,
    ~ab(sK6(sK10(sK6(sK10(sK6(sK10(xyz)))))))).

cnf(u1533,axiom,
    ~tql(X0,X1,X2) | ~p(X3,X2) | tql(X0,X1,X3)).

cnf(u1537,axiom,
    ~k(X0,X1,X2) | ~p(X3,X2) | k(X0,X1,X3)).

cnf(u1541,axiom,
    ~pc(X0,X1,X2) | ~p(X3,X2) | pc(X0,X1,X3)).

cnf(u1545,axiom,
    ~tp(X0,X1,X2) | ~p(X3,X2) | tp(X0,X1,X3)).

cnf(u1549,axiom,
    ~c(X0) | sK7(X0) = X1 | ~df(X0,X1)).

cnf(u1553,axiom,
    ~dqt(sK10(X0),X1) | X0 = X1 | ~pd(X0)).

cnf(u1557,axiom,
    ~k(X1,X2,X3) | ~k(X0,X1,X3) | k(X0,X2,X3)).

cnf(u1620,axiom,
    xyz = sK6(sK10(xyz))).

cnf(u1624,axiom,
    ~tp(X1,X2,X3) | ~tp(X0,X1,X3) | tp(X0,X2,X3)).

cnf(u1628,axiom,
    dqt(sK10(xyz),xyz)).

cnf(u1638,axiom,
    ~ql(X0,sK10(xyz)) | sK5(sK10(xyz)) = X0).

cnf(u1643,axiom,
    ~dqt(sK10(xyz),X2) | xyz = X2).

cnf(u1649,axiom,
    ~pd(X0) | ~p(X0,X1) | p(sK17(X1,X0),X0)).

cnf(u1654,axiom,
    ~ab(X1) | ~ab(X0) | p(X0,X1) | dif(sK13(X0,X1),X0,X1)).

cnf(u1658,axiom,
    ~p(xyz,X0) | p(sK17(X0,xyz),xyz)).

cnf(u1664,axiom,
    p(sK17(xyz,xyz),xyz)).

cnf(u1668,axiom,
    ~pd(X1) | ~pd(X0) | p(X0,X1) | dif(sK14(X0,X1),X0,X1)).

cnf(u1680,axiom,
    pd(sK17(xyz,xyz))).

cnf(u1689,axiom,
    ~sl(X1) | ~dqt(X1,X2) | ~sl(X0) | ~dqt(X0,X2) | X0 = X1).

cnf(u1693,axiom,
    ~ed(sK17(xyz,xyz))).

cnf(u1697,axiom,
    ~ab(sK17(xyz,xyz))).

cnf(u1701,axiom,
    ~tl(X1) | ~dqt(X1,X2) | ~tl(X0) | ~dqt(X0,X2) | X0 = X1).

cnf(u1705,axiom,
    q(sK10(sK17(xyz,xyz)))).

cnf(u1713,axiom,
    ~dif(X2,X0,X1) | ~p(X3,X0) | ov(X3,X1) | p(X3,X2)).

cnf(u1717,axiom,
    tq(sK10(sK17(xyz,xyz)))).

cnf(u1727,axiom,
    ~pd(sK10(sK17(xyz,xyz)))).

cnf(u1731,axiom,
    ~ed(sK10(sK17(xyz,xyz)))).

cnf(u1735,axiom,
    ~ab(sK10(sK17(xyz,xyz)))).

cnf(u1739,axiom,
    ~aq(sK10(sK17(xyz,xyz)))).

cnf(u1744,axiom,
    ~pq(sK10(sK17(xyz,xyz)))).

cnf(u1750,axiom,
    pd(sK6(sK10(sK17(xyz,xyz))))).

cnf(u1760,axiom,
    ~ed(sK6(sK10(sK17(xyz,xyz))))).

cnf(u1764,axiom,
    ~ab(sK6(sK10(sK17(xyz,xyz))))).

cnf(u1769,axiom,
    q(sK10(sK6(sK10(sK17(xyz,xyz)))))).

cnf(u1777,axiom,
    tq(sK10(sK6(sK10(sK17(xyz,xyz)))))).

cnf(u1787,axiom,
    ~pd(sK10(sK6(sK10(sK17(xyz,xyz)))))).

cnf(u1791,axiom,
    ~tl(X2) | ~dqt(sK10(X0),X1) | ~dqt(X2,X1) | sK10(X0) = X2 | ~pd(X0)).

cnf(u1795,axiom,
    ~ed(sK10(sK6(sK10(sK17(xyz,xyz)))))).

cnf(u1799,axiom,
    ~ab(sK10(sK6(sK10(sK17(xyz,xyz)))))).

cnf(u1804,axiom,
    ~aq(sK10(sK6(sK10(sK17(xyz,xyz)))))).

cnf(u1808,axiom,
    ~pd(X2) | ~p(X2,X3) | p(sK17(X3,X2),X3)).

cnf(u1812,axiom,
    ~pq(sK10(sK6(sK10(sK17(xyz,xyz)))))).

cnf(u1816,axiom,
    ~p(sK17(xyz,xyz),X0) | ov(X0,xyz)).

cnf(u1826,axiom,
    ov(xyz,xyz)).

cnf(u1832,axiom,
    ~dqt(sK10(X0),X1) | ~dqt(sK10(X2),X1) | sK10(X0) = sK10(X2) | ~pd(X0) | ~pd(X2)).

cnf(u1836,axiom,
    ov(sK17(xyz,xyz),xyz)).

cnf(u1842,axiom,
    p(sK17(sK17(xyz,xyz),xyz),xyz)).

cnf(u1857,axiom,
    pd(sK17(sK17(xyz,xyz),xyz))).

cnf(u1868,axiom,
    ~p(xyz,X0) | p(sK17(X0,xyz),X0)).

cnf(u1872,axiom,
    ~ab(sK17(sK17(xyz,xyz),xyz))).

cnf(u1876,axiom,
    ~ed(sK17(sK17(xyz,xyz),xyz))).

cnf(u1881,axiom,
    tq(sK10(sK17(sK17(xyz,xyz),xyz)))).

cnf(u1891,axiom,
    ~pd(X0) | p(X0,xyz) | dif(sK14(X0,xyz),X0,xyz)).

cnf(u1895,axiom,
    q(sK10(sK17(sK17(xyz,xyz),xyz)))).

cnf(u1903,axiom,
    ~aq(sK10(sK17(sK17(xyz,xyz),xyz)))).

cnf(u1911,axiom,
    ~pq(sK10(sK17(sK17(xyz,xyz),xyz)))).

cnf(u1915,axiom,
    ~dqt(sK10(X0),X1) | sK10(X0) = sK10(X1) | ~pd(X1) | ~pd(X0)).

cnf(u1919,axiom,
    ~pd(sK10(sK17(sK17(xyz,xyz),xyz)))).

cnf(u1923,axiom,
    ~ed(sK10(sK17(sK17(xyz,xyz),xyz)))).

cnf(u1931,axiom,
    ~ab(sK10(sK17(sK17(xyz,xyz),xyz)))).

cnf(u1938,axiom,
    p(xyz,xyz)).

cnf(u1951,axiom,
    ov(X0,xyz) | ~p(xyz,X0)).

cnf(u1957,axiom,
    ~p(X1,sK17(xyz,xyz)) | p(X1,xyz)).

cnf(u1962,axiom,
    pd(sK6(sK10(sK6(sK10(sK17(xyz,xyz))))))).

cnf(u1974,axiom,
    xyz = sK17(xyz,xyz)).

cnf(u1981,axiom,
    pd(sK6(sK10(sK17(sK17(xyz,xyz),xyz))))).

cnf(u1993,axiom,
    ~p(sK17(xyz,xyz),X1) | p(sK17(X1,sK17(xyz,xyz)),X1)).

cnf(u1997,axiom,
    ~ab(sK6(sK10(sK6(sK10(sK17(xyz,xyz))))))).

cnf(u2001,axiom,
    ~ed(sK6(sK10(sK6(sK10(sK17(xyz,xyz))))))).

cnf(u2008,axiom,
    p(sK17(xyz,sK17(xyz,xyz)),xyz)).

cnf(u2020,axiom,
    pd(sK17(xyz,sK17(xyz,xyz)))).

cnf(u2024,axiom,
    ~p(sK17(xyz,xyz),X0) | p(sK17(X0,sK17(xyz,xyz)),sK17(xyz,xyz))).

cnf(u2036,axiom,
    ~ab(sK17(xyz,sK17(xyz,xyz)))).

cnf(u2042,axiom,
    ~ed(sK17(xyz,sK17(xyz,xyz)))).

cnf(u2046,axiom,
    tq(sK10(sK17(xyz,sK17(xyz,xyz))))).

cnf(u2050,axiom,
    ~pd(X1) | p(X1,sK17(xyz,xyz)) | dif(sK14(X1,sK17(xyz,xyz)),X1,sK17(xyz,xyz))).

cnf(u2060,axiom,
    q(sK10(sK17(xyz,sK17(xyz,xyz))))).

cnf(u2076,axiom,
    ~aq(sK10(sK17(xyz,sK17(xyz,xyz))))).

cnf(u2080,axiom,
    p(sK17(sK17(xyz,xyz),xyz),sK17(xyz,xyz))).

cnf(u2084,axiom,
    ~pq(sK10(sK17(xyz,sK17(xyz,xyz))))).

cnf(u2088,axiom,
    ~pd(sK10(sK17(xyz,sK17(xyz,xyz))))).

cnf(u2100,axiom,
    ~ed(sK10(sK17(xyz,sK17(xyz,xyz))))).

cnf(u2104,axiom,
    p(sK17(xyz,sK17(xyz,xyz)),sK17(xyz,xyz))).

cnf(u2108,axiom,
    ~ab(sK10(sK17(xyz,sK17(xyz,xyz))))).

cnf(u2120,axiom,
    dqt(sK10(sK17(xyz,xyz)),sK6(sK10(sK17(xyz,xyz))))).

cnf(u2124,axiom,
    pd(sK6(sK10(sK17(xyz,sK17(xyz,xyz)))))).

cnf(u2137,axiom,
    ~ab(sK6(sK10(sK17(sK17(xyz,xyz),xyz))))).

cnf(u2197,axiom,
    ~ed(sK6(sK10(sK17(sK17(xyz,xyz),xyz))))).

cnf(u2201,axiom,
    dqt(sK10(sK17(xyz,xyz)),sK17(xyz,xyz))).

cnf(u2214,axiom,
    ~ab(sK6(sK10(sK17(xyz,sK17(xyz,xyz)))))).

cnf(u2218,axiom,
    ql(sK5(sK10(sK17(xyz,xyz))),sK10(sK17(xyz,xyz)))).

cnf(u2222,axiom,
    ~ed(sK6(sK10(sK17(xyz,sK17(xyz,xyz)))))).

cnf(u2233,axiom,
    tr(sK5(sK10(sK17(xyz,xyz))))).

cnf(u2240,axiom,
    r(sK5(sK10(sK17(xyz,xyz))))).

cnf(u2254,axiom,
    ~pr(sK5(sK10(sK17(xyz,xyz))))).

cnf(u2258,axiom,
    p(sK17(sK17(xyz,xyz),sK17(xyz,xyz)),sK17(xyz,xyz))).

cnf(u2262,axiom,
    ~ar(sK5(sK10(sK17(xyz,xyz))))).

cnf(u2266,axiom,
    ab(sK5(sK10(sK17(xyz,xyz))))).

cnf(u2542,axiom,
    ~pd(X0) | sK10(X0) = sK10(xyz) | ~dqt(sK10(X0),xyz)).

cnf(u2547,axiom,
    ov(X0,sK5(sK10(xyz))) | ~p(sK5(sK10(xyz)),X0)).

cnf(u2553,axiom,
    ~ab(X0) | p(X0,sK5(sK10(xyz))) | dif(sK13(X0,sK5(sK10(xyz))),X0,sK5(sK10(xyz)))).

cnf(u2557,axiom,
    ~p(sK5(sK10(xyz)),X1) | p(sK17(X1,sK5(sK10(xyz))),X1)).

cnf(u2563,axiom,
    p(sK17(sK5(sK10(xyz)),sK5(sK10(xyz))),sK5(sK10(xyz)))).

cnf(u2577,axiom,
    ab(sK17(sK5(sK10(xyz)),sK5(sK10(xyz))))).

cnf(u2586,axiom,
    ~p(sK5(sK10(xyz)),X0) | p(sK17(X0,sK5(sK10(xyz))),sK5(sK10(xyz)))).

cnf(u2590,axiom,
    t(sK17(sK5(sK10(xyz)),sK5(sK10(xyz))))).

cnf(u2597,axiom,
    tr(sK17(sK5(sK10(xyz)),sK5(sK10(xyz))))).

cnf(u2606,axiom,
    r(sK17(sK5(sK10(xyz)),sK5(sK10(xyz))))).

cnf(u2621,axiom,
    ~pd(sK17(sK5(sK10(xyz)),sK5(sK10(xyz))))).

cnf(u2614,axiom,
    ~pd(sK5(sK10(xyz)))).

cnf(u2619,axiom,
    ~pr(sK17(sK5(sK10(xyz)),sK5(sK10(xyz))))).

cnf(u2625,axiom,
    ~ar(sK17(sK5(sK10(xyz)),sK5(sK10(xyz))))).

cnf(u2629,axiom,
    ~p(sK17(sK5(sK10(xyz)),sK5(sK10(xyz))),X0) | ov(X0,sK5(sK10(xyz)))).

cnf(u2633,axiom,
    ~p(sK17(sK5(sK10(xyz)),sK5(sK10(xyz))),X1) | ab(X1)).

cnf(u2639,axiom,
    ~p(X2,sK17(sK5(sK10(xyz)),sK5(sK10(xyz)))) | ab(X2)).

cnf(u2645,axiom,
    ov(sK5(sK10(xyz)),sK5(sK10(xyz)))).

cnf(u2652,axiom,
    ~p(X1,sK17(sK5(sK10(xyz)),sK5(sK10(xyz)))) | p(X1,sK5(sK10(xyz)))).

cnf(u2656,axiom,
    ~p(sK17(sK5(sK10(xyz)),sK5(sK10(xyz))),X0) | t(X0)).

cnf(u2662,axiom,
    ~p(X1,sK17(sK5(sK10(xyz)),sK5(sK10(xyz)))) | t(X1)).

cnf(u2668,axiom,
    p(sK17(sK5(sK10(xyz)),sK5(sK10(xyz))),sK17(sK5(sK10(xyz)),sK5(sK10(xyz))))).

cnf(u2685,axiom,
    sK5(sK10(xyz)) = sK17(sK5(sK10(xyz)),sK5(sK10(xyz)))).

cnf(u2692,axiom,
    ov(sK17(sK5(sK10(xyz)),sK5(sK10(xyz))),sK5(sK10(xyz)))).

cnf(u2698,axiom,
    ~ab(X0) | p(X0,sK17(sK5(sK10(xyz)),sK5(sK10(xyz)))) | dif(sK13(X0,sK17(sK5(sK10(xyz)),sK5(sK10(xyz)))),X0,sK17(sK5(sK10(xyz)),sK5(sK10(xyz))))).

cnf(u2702,axiom,
    p(sK17(sK17(sK5(sK10(xyz)),sK5(sK10(xyz))),sK5(sK10(xyz))),sK5(sK10(xyz)))).

cnf(u2716,axiom,
    ab(sK17(sK17(sK5(sK10(xyz)),sK5(sK10(xyz))),sK5(sK10(xyz))))).

cnf(u2729,axiom,
    t(sK17(sK17(sK5(sK10(xyz)),sK5(sK10(xyz))),sK5(sK10(xyz))))).

cnf(u2736,axiom,
    ov(X0,sK17(sK5(sK10(xyz)),sK5(sK10(xyz)))) | ~p(sK17(sK5(sK10(xyz)),sK5(sK10(xyz))),X0)).

cnf(u2740,axiom,
    tr(sK17(sK17(sK5(sK10(xyz)),sK5(sK10(xyz))),sK5(sK10(xyz))))).

cnf(u2747,axiom,
    r(sK17(sK17(sK5(sK10(xyz)),sK5(sK10(xyz))),sK5(sK10(xyz))))).

cnf(u2754,axiom,
    ~pr(sK17(sK17(sK5(sK10(xyz)),sK5(sK10(xyz))),sK5(sK10(xyz))))).

% # SZS output end Saturation.
% ------------------------------
% Version: Vampire 4.7 (commit af7d05f97 on 2022-09-30 11:01:41 +0200)
% Termination reason: Satisfiable

% Memory used [KB]: 7036
% Time elapsed: 0.028 s
% ------------------------------
% ------------------------------
% Success in time 0.035 s
