% Running in auto input_syntax mode. Trying TPTP
% ott+11_3_aac=none:afr=on:afp=4000:afq=1.4:amm=off:anc=all:bs=unit_only:bsr=on:bce=on:fde=unused:irw=on:nm=64:newcnf=on:nwc=1:nicw=on:sac=on:sp=reverse_arity:uhcvi=on_31 on type_pro_subsumed_to_pt for (31ds)
% Refutation found. Thanks to Tanya!
% SZS status Unsatisfiable for type_pro_subsumed_to_pt
% SZS output start Proof for type_pro_subsumed_to_pt
fof(f975,plain,(
  $false),
  inference(avatar_sat_refutation,[],[f673,f677,f773,f789,f825,f958,f967,f974])).
fof(f974,plain,(
  spl18_1 | ~spl18_39 | ~spl18_74),
  inference(avatar_contradiction_clause,[],[f973])).
fof(f973,plain,(
  $false | (spl18_1 | ~spl18_39 | ~spl18_74)),
  inference(subsumption_resolution,[],[f970,f672])).
fof(f672,plain,(
  ~pt(xyz) | spl18_1),
  inference(avatar_component_clause,[],[f671])).
fof(f671,plain,(
  spl18_1 <=> pt(xyz)),
  introduced(avatar_definition,[new_symbols(naming,[spl18_1])])).
fof(f970,plain,(
  pt(xyz) | (~spl18_39 | ~spl18_74)),
  inference(resolution,[],[f966,f824])).
fof(f824,plain,(
  ( ! [X0] : (~pd(X0) | pt(X0)) ) | ~spl18_39),
  inference(avatar_component_clause,[],[f823])).
fof(f823,plain,(
  spl18_39 <=> ! [X0] : (~pd(X0) | pt(X0))),
  introduced(avatar_definition,[new_symbols(naming,[spl18_39])])).
fof(f966,plain,(
  pd(xyz) | ~spl18_74),
  inference(avatar_component_clause,[],[f965])).
fof(f965,plain,(
  spl18_74 <=> pd(xyz)),
  introduced(avatar_definition,[new_symbols(naming,[spl18_74])])).
fof(f967,plain,(
  spl18_74 | ~spl18_2 | ~spl18_72),
  inference(avatar_split_clause,[],[f963,f956,f675,f965])).
fof(f675,plain,(
  spl18_2 <=> pro(xyz)),
  introduced(avatar_definition,[new_symbols(naming,[spl18_2])])).
fof(f956,plain,(
  spl18_72 <=> ! [X0] : (~pro(X0) | pd(X0))),
  introduced(avatar_definition,[new_symbols(naming,[spl18_72])])).
fof(f963,plain,(
  pd(xyz) | (~spl18_2 | ~spl18_72)),
  inference(resolution,[],[f957,f676])).
fof(f676,plain,(
  pro(xyz) | ~spl18_2),
  inference(avatar_component_clause,[],[f675])).
fof(f957,plain,(
  ( ! [X0] : (~pro(X0) | pd(X0)) ) | ~spl18_72),
  inference(avatar_component_clause,[],[f956])).
fof(f958,plain,(
  spl18_72 | ~spl18_26 | ~spl18_30),
  inference(avatar_split_clause,[],[f882,f787,f771,f956])).
fof(f771,plain,(
  spl18_26 <=> ! [X0] : (pd(X0) | ~stv(X0))),
  introduced(avatar_definition,[new_symbols(naming,[spl18_26])])).
fof(f787,plain,(
  spl18_30 <=> ! [X0] : (stv(X0) | ~pro(X0))),
  introduced(avatar_definition,[new_symbols(naming,[spl18_30])])).
fof(f882,plain,(
  ( ! [X0] : (~pro(X0) | pd(X0)) ) | (~spl18_26 | ~spl18_30)),
  inference(resolution,[],[f788,f772])).
fof(f772,plain,(
  ( ! [X0] : (~stv(X0) | pd(X0)) ) | ~spl18_26),
  inference(avatar_component_clause,[],[f771])).
fof(f788,plain,(
  ( ! [X0] : (stv(X0) | ~pro(X0)) ) | ~spl18_30),
  inference(avatar_component_clause,[],[f787])).
fof(f825,plain,(
  spl18_39),
  inference(avatar_split_clause,[],[f562,f823])).
fof(f562,plain,(
  ( ! [X0] : (~pd(X0) | pt(X0)) )),
  inference(cnf_transformation,[],[f398])).
fof(f398,plain,(
  ! [X0] : (pt(X0) | (~q(X0) & ~pd(X0) & ~ed(X0) & ~ab(X0)))),
  inference(ennf_transformation,[],[f342])).
fof(f342,plain,(
  ! [X0] : ((q(X0) | pd(X0) | ed(X0) | ab(X0)) => pt(X0))),
  inference(unused_predicate_definition_removal,[],[f1])).
fof(f1,axiom,(
  ! [X0] : ((q(X0) | pd(X0) | ed(X0) | ab(X0)) <=> pt(X0))),
  file('outputs/dolce/subsumptions/type_pro_subsumed_to_pt.in',sos)).
fof(f789,plain,(
  spl18_30),
  inference(avatar_split_clause,[],[f550,f787])).
fof(f550,plain,(
  ( ! [X0] : (stv(X0) | ~pro(X0)) )),
  inference(cnf_transformation,[],[f195])).
fof(f195,plain,(
  ! [X0] : ((st(X0) | pro(X0)) <=> stv(X0))),
  inference(rectify,[],[f3])).
fof(f3,axiom,(
  ! [X2] : ((st(X2) | pro(X2)) <=> stv(X2))),
  file('outputs/dolce/subsumptions/type_pro_subsumed_to_pt.in',sos)).
fof(f773,plain,(
  spl18_26),
  inference(avatar_split_clause,[],[f539,f771])).
fof(f539,plain,(
  ( ! [X0] : (pd(X0) | ~stv(X0)) )),
  inference(cnf_transformation,[],[f191])).
fof(f191,plain,(
  ! [X0] : ((stv(X0) | ev(X0)) <=> pd(X0))),
  inference(rectify,[],[f4])).
fof(f4,axiom,(
  ! [X3] : ((stv(X3) | ev(X3)) <=> pd(X3))),
  file('outputs/dolce/subsumptions/type_pro_subsumed_to_pt.in',sos)).
fof(f677,plain,(
  spl18_2),
  inference(avatar_split_clause,[],[f478,f675])).
fof(f478,plain,(
  pro(xyz)),
  inference(cnf_transformation,[],[f132])).
fof(f132,axiom,(
  pro(xyz)),
  file('outputs/dolce/subsumptions/type_pro_subsumed_to_pt.in',axiom1)).
fof(f673,plain,(
  ~spl18_1),
  inference(avatar_split_clause,[],[f477,f671])).
fof(f477,plain,(
  ~pt(xyz)),
  inference(cnf_transformation,[],[f133])).
fof(f133,axiom,(
  ~pt(xyz)),
  file('outputs/dolce/subsumptions/type_pro_subsumed_to_pt.in',axiom2)).
% SZS output end Proof for type_pro_subsumed_to_pt
% ------------------------------
% Version: Vampire 4.7 (commit af7d05f97 on 2022-09-30 11:01:41 +0200)
% Termination reason: Refutation

% Memory used [KB]: 6268
% Time elapsed: 0.007 s
% ------------------------------
% ------------------------------
% Success in time 0.012 s
