% Running in auto input_syntax mode. Trying TPTP
% ott+11_3_aac=none:afr=on:afp=4000:afq=1.4:amm=off:anc=all:bs=unit_only:bsr=on:bce=on:fde=unused:irw=on:nm=64:newcnf=on:nwc=1:nicw=on:sac=on:sp=reverse_arity:uhcvi=on_31 on type_stv_subsumed_to_pt for (31ds)
% Refutation found. Thanks to Tanya!
% SZS status Unsatisfiable for type_stv_subsumed_to_pt
% SZS output start Proof for type_stv_subsumed_to_pt
fof(f896,plain,(
  $false),
  inference(avatar_sat_refutation,[],[f673,f677,f773,f821,f882,f895])).
fof(f895,plain,(
  spl18_1 | ~spl18_38 | ~spl18_53),
  inference(avatar_contradiction_clause,[],[f894])).
fof(f894,plain,(
  $false | (spl18_1 | ~spl18_38 | ~spl18_53)),
  inference(subsumption_resolution,[],[f893,f881])).
fof(f881,plain,(
  pd(xyz) | ~spl18_53),
  inference(avatar_component_clause,[],[f880])).
fof(f880,plain,(
  spl18_53 <=> pd(xyz)),
  introduced(avatar_definition,[new_symbols(naming,[spl18_53])])).
fof(f893,plain,(
  ~pd(xyz) | (spl18_1 | ~spl18_38)),
  inference(resolution,[],[f820,f672])).
fof(f672,plain,(
  ~pt(xyz) | spl18_1),
  inference(avatar_component_clause,[],[f671])).
fof(f671,plain,(
  spl18_1 <=> pt(xyz)),
  introduced(avatar_definition,[new_symbols(naming,[spl18_1])])).
fof(f820,plain,(
  ( ! [X0] : (pt(X0) | ~pd(X0)) ) | ~spl18_38),
  inference(avatar_component_clause,[],[f819])).
fof(f819,plain,(
  spl18_38 <=> ! [X0] : (~pd(X0) | pt(X0))),
  introduced(avatar_definition,[new_symbols(naming,[spl18_38])])).
fof(f882,plain,(
  spl18_53 | ~spl18_2 | ~spl18_26),
  inference(avatar_split_clause,[],[f878,f771,f675,f880])).
fof(f675,plain,(
  spl18_2 <=> stv(xyz)),
  introduced(avatar_definition,[new_symbols(naming,[spl18_2])])).
fof(f771,plain,(
  spl18_26 <=> ! [X0] : (pd(X0) | ~stv(X0))),
  introduced(avatar_definition,[new_symbols(naming,[spl18_26])])).
fof(f878,plain,(
  pd(xyz) | (~spl18_2 | ~spl18_26)),
  inference(resolution,[],[f772,f676])).
fof(f676,plain,(
  stv(xyz) | ~spl18_2),
  inference(avatar_component_clause,[],[f675])).
fof(f772,plain,(
  ( ! [X0] : (~stv(X0) | pd(X0)) ) | ~spl18_26),
  inference(avatar_component_clause,[],[f771])).
fof(f821,plain,(
  spl18_38),
  inference(avatar_split_clause,[],[f562,f819])).
fof(f562,plain,(
  ( ! [X0] : (~pd(X0) | pt(X0)) )),
  inference(cnf_transformation,[],[f398])).
fof(f398,plain,(
  ! [X0] : (pt(X0) | (~q(X0) & ~pd(X0) & ~ed(X0) & ~ab(X0)))),
  inference(ennf_transformation,[],[f342])).
fof(f342,plain,(
  ! [X0] : ((q(X0) | pd(X0) | ed(X0) | ab(X0)) => pt(X0))),
  inference(unused_predicate_definition_removal,[],[f1])).
fof(f1,axiom,(
  ! [X0] : ((q(X0) | pd(X0) | ed(X0) | ab(X0)) <=> pt(X0))),
  file('outputs/dolce/subsumptions/type_stv_subsumed_to_pt.in',sos)).
fof(f773,plain,(
  spl18_26),
  inference(avatar_split_clause,[],[f542,f771])).
fof(f542,plain,(
  ( ! [X0] : (pd(X0) | ~stv(X0)) )),
  inference(cnf_transformation,[],[f192])).
fof(f192,plain,(
  ! [X0] : ((stv(X0) | ev(X0)) <=> pd(X0))),
  inference(rectify,[],[f4])).
fof(f4,axiom,(
  ! [X3] : ((stv(X3) | ev(X3)) <=> pd(X3))),
  file('outputs/dolce/subsumptions/type_stv_subsumed_to_pt.in',sos)).
fof(f677,plain,(
  spl18_2),
  inference(avatar_split_clause,[],[f478,f675])).
fof(f478,plain,(
  stv(xyz)),
  inference(cnf_transformation,[],[f132])).
fof(f132,axiom,(
  stv(xyz)),
  file('outputs/dolce/subsumptions/type_stv_subsumed_to_pt.in',axiom1)).
fof(f673,plain,(
  ~spl18_1),
  inference(avatar_split_clause,[],[f477,f671])).
fof(f477,plain,(
  ~pt(xyz)),
  inference(cnf_transformation,[],[f133])).
fof(f133,axiom,(
  ~pt(xyz)),
  file('outputs/dolce/subsumptions/type_stv_subsumed_to_pt.in',axiom2)).
% SZS output end Proof for type_stv_subsumed_to_pt
% ------------------------------
% Version: Vampire 4.7 (commit af7d05f97 on 2022-09-30 11:01:41 +0200)
% Termination reason: Refutation

% Memory used [KB]: 6140
% Time elapsed: 0.006 s
% ------------------------------
% ------------------------------
% Success in time 0.012 s
