% Running in auto input_syntax mode. Trying TPTP
% ott+11_3_aac=none:afr=on:afp=4000:afq=1.4:amm=off:anc=all:bs=unit_only:bsr=on:bce=on:fde=unused:irw=on:nm=64:newcnf=on:nwc=1:nicw=on:sac=on:sp=reverse_arity:uhcvi=on_31 on type_ab_subsumed_to_arc for (31ds)
% SZS status Satisfiable for type_ab_subsumed_to_arc
% # SZS output start Saturation.
cnf(u666,axiom,
    ~arc(xyz)).

cnf(u670,axiom,
    ab(xyz)).

cnf(u674,axiom,
    ~ds(X0) | ~c(X0)).

cnf(u678,axiom,
    ~ped(X0) | ~nped(X0)).

cnf(u682,axiom,
    ~tr(X0) | ~ar(X0)).

cnf(u686,axiom,
    ~tr(X0) | ~pr(X0)).

cnf(u690,axiom,
    ~pr(X0) | ~ar(X0)).

cnf(u694,axiom,
    ~tq(X0) | ~aq(X0)).

cnf(u698,axiom,
    ~tq(X0) | ~pq(X0)).

cnf(u702,axiom,
    ~pq(X0) | ~aq(X0)).

cnf(u706,axiom,
    ~q(X0) | ~ab(X0)).

cnf(u710,axiom,
    ~ed(X0) | ~ab(X0)).

cnf(u714,axiom,
    ~pd(X0) | ~ab(X0)).

cnf(u718,axiom,
    ~q(X0) | ~ed(X0)).

cnf(u722,axiom,
    ~pd(X0) | ~ed(X0)).

cnf(u726,axiom,
    ~q(X0) | ~pd(X0)).

cnf(u730,axiom,
    ~npob(X0) | nped(X0)).

cnf(u734,axiom,
    ~r(X0) | ab(X0)).

cnf(u738,axiom,
    ~s(X0) | pr(X0)).

cnf(u742,axiom,
    ~ds(X0) | naso(X0)).

cnf(u746,axiom,
    ~tl(X0) | tq(X0)).

cnf(u750,axiom,
    ~sl(X0) | pq(X0)).

cnf(u754,axiom,
    ~c(X0) | naso(X0)).

cnf(u758,axiom,
    ~t(X0) | tr(X0)).

cnf(u762,axiom,
    ~sob(X0) | npob(X0)).

cnf(u766,axiom,
    ~naso(X0) | sob(X0)).

cnf(u770,axiom,
    ~nped(X0) | ed(X0)).

cnf(u774,axiom,
    ~ped(X0) | ed(X0)).

cnf(u778,axiom,
    ~ar(X0) | r(X0)).

cnf(u782,axiom,
    ~pr(X0) | r(X0)).

cnf(u786,axiom,
    ~tr(X0) | r(X0)).

cnf(u790,axiom,
    ~aq(X0) | q(X0)).

cnf(u794,axiom,
    ~pq(X0) | q(X0)).

cnf(u798,axiom,
    ~tq(X0) | q(X0)).

cnf(u802,axiom,
    ~ped(X0) | sl(sK1(X0))).

cnf(u806,axiom,
    ~nped(X0) | aq(sK2(X0))).

cnf(u810,axiom,
    ~tq(X0) | pd(sK4(X0))).

cnf(u814,axiom,
    ~pq(X0) | ped(sK5(X0))).

cnf(u818,axiom,
    ~aq(X0) | nped(sK6(X0))).

cnf(u822,axiom,
    ~pd(X0) | tl(sK10(X0))).

cnf(u826,axiom,
    p(X0,X0) | ~ab(X0)).

cnf(u830,axiom,
    ~pd(X0) | p(X0,X0)).

cnf(u834,axiom,
    ~ql(X0,X1) | tr(X0)).

cnf(u838,axiom,
    ~us(X0,X1) | c(X0)).

cnf(u842,axiom,
    ~us(X0,X1) | ds(X1)).

cnf(u846,axiom,
    ~dqt(X0,X1) | q(X0)).

cnf(u850,axiom,
    ~pre(X0,X1) | t(X1)).

cnf(u854,axiom,
    ~ds(X0) | us(sK0(X0),X0)).

cnf(u858,axiom,
    ~ped(X0) | dqt(sK1(X0),X0)).

cnf(u862,axiom,
    ~nped(X0) | dqt(sK2(X0),X0)).

cnf(u866,axiom,
    ~tq(X0) | ql(sK3(X0),X0)).

cnf(u870,axiom,
    ~tq(X0) | dqt(X0,sK4(X0))).

cnf(u874,axiom,
    ~pq(X0) | dqt(X0,sK5(X0))).

cnf(u878,axiom,
    ~aq(X0) | dqt(X0,sK6(X0))).

cnf(u882,axiom,
    df(X0,sK7(X0)) | ~c(X0)).

cnf(u886,axiom,
    ~pd(X0) | dqt(sK10(X0),X0)).

cnf(u890,axiom,
    ~df(X0,X1) | us(X0,X1)).

cnf(u894,axiom,
    ~cf(X0,X1,X2) | ed(X0)).

cnf(u898,axiom,
    ~cf(X0,X1,X2) | t(X2)).

cnf(u902,axiom,
    ~tql(X0,X1,X2) | t(X2)).

cnf(u906,axiom,
    ~k(X0,X1,X2) | t(X2)).

cnf(u910,axiom,
    ~pc(X0,X1,X2) | ed(X0)).

cnf(u914,axiom,
    ~pc(X0,X1,X2) | pd(X1)).

cnf(u918,axiom,
    ~pc(X0,X1,X2) | t(X2)).

cnf(u922,axiom,
    ~tp(X0,X1,X2) | ed(X0)).

cnf(u926,axiom,
    ~tp(X0,X1,X2) | ed(X1)).

cnf(u930,axiom,
    ~tp(X0,X1,X2) | t(X2)).

cnf(u934,axiom,
    ~p(X0,X1) | ab(X1) | pd(X1)).

cnf(u938,axiom,
    ~p(X0,X1) | ab(X0) | pd(X0)).

cnf(u942,axiom,
    ~s(X1) | ~p(X0,X1) | s(X0)).

cnf(u946,axiom,
    ~s(X0) | s(X1) | ~p(X0,X1)).

cnf(u950,axiom,
    ~ar(X1) | ~p(X0,X1) | ar(X0)).

cnf(u954,axiom,
    ~ar(X0) | ar(X1) | ~p(X0,X1)).

cnf(u958,axiom,
    ~ab(X1) | ~p(X0,X1) | ab(X0)).

cnf(u962,axiom,
    ~ab(X0) | ab(X1) | ~p(X0,X1)).

cnf(u966,axiom,
    ~t(X1) | ~p(X0,X1) | t(X0)).

cnf(u970,axiom,
    ~t(X0) | t(X1) | ~p(X0,X1)).

cnf(u974,axiom,
    ~pd(X1) | ~p(X0,X1) | pd(X0)).

cnf(u978,axiom,
    ~pd(X0) | pd(X1) | ~p(X0,X1)).

cnf(u982,axiom,
    ~dqt(X0,X1) | ed(X1) | pd(X1)).

cnf(u986,axiom,
    ~pd(X1) | ~dqt(X0,X1) | tq(X0)).

cnf(u990,axiom,
    ~tq(X0) | pd(X1) | ~dqt(X0,X1)).

cnf(u994,axiom,
    ~ped(X1) | ~dqt(X0,X1) | pq(X0)).

cnf(u998,axiom,
    ~pq(X0) | ped(X1) | ~dqt(X0,X1)).

cnf(u1002,axiom,
    ~nped(X1) | ~dqt(X0,X1) | aq(X0)).

cnf(u1006,axiom,
    ~aq(X0) | nped(X1) | ~dqt(X0,X1)).

cnf(u1010,axiom,
    ~tl(X1) | ~ql(X0,X1) | t(X0)).

cnf(u1014,axiom,
    ~cf(X0,X1,X2) | pre(X0,X2)).

cnf(u1018,axiom,
    ~tql(X0,X1,X2) | pre(X1,X2)).

cnf(u1022,axiom,
    ~k(X0,X1,X2) | pre(X0,X2)).

cnf(u1026,axiom,
    ~k(X0,X1,X2) | pre(X1,X2)).

cnf(u1030,axiom,
    ~pc(X0,X1,X2) | pre(X0,X2)).

cnf(u1034,axiom,
    ~pc(X0,X1,X2) | pre(X1,X2)).

cnf(u1038,axiom,
    ~tp(X0,X1,X2) | pre(X0,X2)).

cnf(u1042,axiom,
    ~tp(X0,X1,X2) | pre(X1,X2)).

cnf(u1047,axiom,
    ~ed(X0) | pc(X0,sK8(X0),sK9(X0))).

cnf(u1051,axiom,
    ~q(X0) | aq(X0) | pq(X0) | tq(X0)).

cnf(u1055,axiom,
    ~ov(X0,X1) | p(sK17(X0,X1),X0)).

cnf(u1059,axiom,
    ~ov(X0,X1) | p(sK17(X0,X1),X1)).

cnf(u1063,axiom,
    ~cf(X1,X0,X2) | ~cf(X0,X1,X2)).

cnf(u1067,axiom,
    ~tql(X0,X1,X2) | pq(X1) | aq(X1)).

cnf(u1071,axiom,
    ~tql(X0,X1,X2) | pr(X0) | ar(X0)).

cnf(u1075,axiom,
    ~aq(X1) | ~tql(X0,X1,X2) | ar(X0)).

cnf(u1079,axiom,
    ~ar(X0) | aq(X1) | ~tql(X0,X1,X2)).

cnf(u1083,axiom,
    ~pq(X1) | ~tql(X0,X1,X2) | pr(X0)).

cnf(u1087,axiom,
    ~pr(X0) | pq(X1) | ~tql(X0,X1,X2)).

cnf(u1091,axiom,
    ~k(X1,X0,X2) | ~k(X0,X1,X2)).

cnf(u1095,axiom,
    ~k(X0,X1,X2) | ed(X1) | pd(X1)).

cnf(u1099,axiom,
    ~k(X0,X1,X2) | ed(X0) | pd(X0)).

cnf(u1103,axiom,
    ~ped(X1) | ~k(X0,X1,X2) | ped(X0)).

cnf(u1107,axiom,
    ~ped(X0) | ped(X1) | ~k(X0,X1,X2)).

cnf(u1111,axiom,
    ~nped(X1) | ~k(X0,X1,X2) | nped(X0)).

cnf(u1115,axiom,
    ~nped(X0) | nped(X1) | ~k(X0,X1,X2)).

cnf(u1119,axiom,
    ~pd(X1) | ~k(X0,X1,X2) | pd(X0)).

cnf(u1123,axiom,
    ~pd(X0) | pd(X1) | ~k(X0,X1,X2)).

cnf(u1127,axiom,
    ~ped(X1) | ~tp(X0,X1,X2) | ped(X0)).

cnf(u1131,axiom,
    ~ped(X0) | ped(X1) | ~tp(X0,X1,X2)).

cnf(u1135,axiom,
    ~nped(X1) | ~tp(X0,X1,X2) | nped(X0)).

cnf(u1139,axiom,
    ~nped(X0) | nped(X1) | ~tp(X0,X1,X2)).

cnf(u1143,axiom,
    ~sl(X1) | ~tql(X0,X1,X2) | s(X0)).

cnf(u1147,axiom,
    ~dif(X2,X0,X1) | ab(X1) | pd(X2)).

cnf(u1151,axiom,
    ~dif(X2,X0,X1) | ab(X0) | pd(X2)).

cnf(u1155,axiom,
    ~dif(X2,X0,X1) | ab(X2) | pd(X2)).

cnf(u1159,axiom,
    ~dif(X2,X0,X1) | ab(X2) | pd(X0)).

cnf(u1163,axiom,
    ~dif(X2,X0,X1) | ab(X2) | pd(X1)).

cnf(u1170,axiom,
    ~p(X0,xyz) | ab(X0)).

cnf(u1176,axiom,
    ~p(xyz,X0) | ab(X0)).

cnf(u1181,axiom,
    ~c(X0) | us(X0,sK7(X0))).

cnf(u1185,axiom,
    ~pre(X0,X1) | ed(X0) | pd(X0) | q(X0)).

cnf(u1189,axiom,
    ~ed(X0) | ~pre(X0,X1) | tp(X0,X0,X1)).

cnf(u1193,axiom,
    ~p(X1,X0) | ~p(X0,X1) | X0 = X1).

cnf(u1197,axiom,
    ~p(X2,X1) | ~p(X2,X0) | ov(X0,X1)).

cnf(u1201,axiom,
    ~pre(X0,X2) | ~df(X0,X1) | pre(X1,X2)).

cnf(u1205,axiom,
    ~us(X0,X1) | ~pre(X1,X2) | pre(X0,X2)).

cnf(u1209,axiom,
    ~ql(X2,X1) | ~ql(X0,X1) | X0 = X2).

cnf(u1213,axiom,
    ~df(X0,X2) | ~df(X0,X1) | X1 = X2).

cnf(u1217,axiom,
    ~p(X1,X2) | ~p(X0,X1) | p(X0,X2)).

cnf(u1221,axiom,
    ~dqt(X0,X2) | ~dqt(X0,X1) | X1 = X2).

cnf(u1225,axiom,
    ~pre(X0,X1) | ~p(X2,X1) | pre(X0,X2)).

cnf(u1229,axiom,
    ~c(X0) | cf(sK11(X0),X0,sK12(X0)) | arc(X0)).

cnf(u1233,axiom,
    ~dif(X2,X0,X1) | p(X3,X0) | ~p(X3,X2)).

cnf(u1237,axiom,
    ~dif(X2,X0,X1) | ~ov(X3,X1) | ~p(X3,X2)).

cnf(u1245,axiom,
    ~pd(X0) | ~pre(X0,X1) | pc(sK15(X0,X1),X0,X1)).

cnf(u1249,axiom,
    ~ab(X0) | ov(X1,X0) | ~p(X0,X1)).

cnf(u1254,axiom,
    ~p(xyz,X0) | ov(X0,xyz)).

cnf(u1258,axiom,
    ~pq(X0) | ~pre(X0,X1) | tql(sK16(X0,X1),X0,X1)).

cnf(u1264,axiom,
    ov(xyz,xyz)).

cnf(u1270,axiom,
    ~aq(X0) | ~pre(X0,X1) | tql(sK16(X0,X1),X0,X1)).

cnf(u1274,axiom,
    p(sK17(xyz,xyz),xyz)).

cnf(u1284,axiom,
    ab(sK17(xyz,xyz))).

cnf(u1288,axiom,
    ~tql(X0,X1,X2) | ~p(X3,X2) | tql(X0,X1,X3)).

cnf(u1295,axiom,
    ~p(sK17(xyz,xyz),X1) | ab(X1)).

cnf(u1301,axiom,
    ~k(X0,X1,X2) | ~p(X3,X2) | k(X0,X1,X3)).

cnf(u1305,axiom,
    ~p(X2,sK17(xyz,xyz)) | ab(X2)).

cnf(u1310,axiom,
    ~p(X0,sK17(xyz,xyz)) | p(X0,xyz)).

cnf(u1314,axiom,
    ~pc(X0,X1,X2) | ~p(X3,X2) | pc(X0,X1,X3)).

cnf(u1319,axiom,
    ~p(sK17(xyz,xyz),X1) | ov(X1,xyz)).

cnf(u1326,axiom,
    ~tp(X0,X1,X2) | ~p(X3,X2) | tp(X0,X1,X3)).

cnf(u1330,axiom,
    ov(sK17(xyz,xyz),xyz)).

cnf(u1336,axiom,
    p(sK17(sK17(xyz,xyz),xyz),xyz)).

cnf(u1346,axiom,
    ab(sK17(sK17(xyz,xyz),xyz))).

cnf(u1353,axiom,
    ~c(X0) | sK7(X0) = X1 | ~df(X0,X1)).

cnf(u1357,axiom,
    ~cf(X1,X2,X3) | ~cf(X2,X0,X3) | ~cf(X1,X0,X3)).

cnf(u1361,axiom,
    p(sK17(sK17(xyz,xyz),xyz),sK17(xyz,xyz))).

cnf(u1372,axiom,
    ~p(sK17(sK17(xyz,xyz),xyz),X1) | ab(X1)).

cnf(u1376,axiom,
    ~k(X1,X2,X3) | ~k(X0,X1,X3) | k(X0,X2,X3)).

cnf(u1383,axiom,
    ~p(X2,sK17(sK17(xyz,xyz),xyz)) | ab(X2)).

cnf(u1388,axiom,
    ~tp(X1,X2,X3) | ~tp(X0,X1,X3) | tp(X0,X2,X3)).

cnf(u1392,axiom,
    ~c(X0) | ~pre(sK11(X0),X3) | cf(sK11(X0),X0,X3) | arc(X0)).

cnf(u1396,axiom,
    xyz = sK17(xyz,xyz)).

cnf(u1403,axiom,
    ov(X0,sK17(xyz,xyz)) | ~p(sK17(xyz,xyz),X0)).

cnf(u1407,axiom,
    ~ab(X1) | ~ab(X0) | p(X0,X1) | dif(sK13(X0,X1),X0,X1)).

cnf(u1413,axiom,
    ~p(X0,sK17(sK17(xyz,xyz),xyz)) | p(X0,xyz)).

cnf(u1418,axiom,
    ~pd(X1) | ~pd(X0) | p(X0,X1) | dif(sK14(X0,X1),X0,X1)).

cnf(u1422,axiom,
    ~p(sK17(sK17(xyz,xyz),xyz),X1) | ov(X1,xyz)).

cnf(u1430,axiom,
    ov(sK17(sK17(xyz,xyz),xyz),xyz)).

cnf(u1434,axiom,
    ~sl(X1) | ~dqt(X1,X2) | ~sl(X0) | ~dqt(X0,X2) | X0 = X1).

cnf(u1440,axiom,
    p(sK17(sK17(sK17(xyz,xyz),xyz),xyz),xyz)).

cnf(u1450,axiom,
    ~tl(X1) | ~dqt(X1,X2) | ~tl(X0) | ~dqt(X0,X2) | X0 = X1).

cnf(u1454,axiom,
    ab(sK17(sK17(sK17(xyz,xyz),xyz),xyz))).

cnf(u1461,axiom,
    ~dif(X2,X0,X1) | ~p(X3,X0) | ov(X3,X1) | p(X3,X2)).

cnf(u1465,axiom,
    ~p(sK17(sK17(sK17(xyz,xyz),xyz),xyz),X1) | ab(X1)).

cnf(u1471,axiom,
    ~p(X2,sK17(sK17(sK17(xyz,xyz),xyz),xyz)) | ab(X2)).

cnf(u1480,axiom,
    ~ab(X0) | p(X0,xyz) | dif(sK13(X0,xyz),X0,xyz)).

cnf(u1491,axiom,
    p(xyz,xyz)).

cnf(u1517,axiom,
    ~p(sK17(xyz,xyz),X1) | p(sK17(X1,sK17(xyz,xyz)),X1)).

cnf(u1521,axiom,
    ~ab(X1) | p(X1,sK17(xyz,xyz)) | dif(sK13(X1,sK17(xyz,xyz)),X1,sK17(xyz,xyz))).

cnf(u1528,axiom,
    p(sK17(xyz,sK17(xyz,xyz)),xyz)).

cnf(u1543,axiom,
    ab(sK17(xyz,sK17(xyz,xyz)))).

cnf(u1553,axiom,
    ~p(sK17(xyz,sK17(xyz,xyz)),X2) | ab(X2)).

cnf(u1684,axiom,
    ~p(xyz,X1) | p(sK17(X1,xyz),X1)).

cnf(u1902,axiom,
    ~p(xyz,X0) | p(sK17(X0,xyz),xyz)).

cnf(u2001,axiom,
    ~p(sK17(xyz,xyz),X0) | p(sK17(X0,sK17(xyz,xyz)),sK17(xyz,xyz))).

cnf(u2032,axiom,
    p(sK17(xyz,sK17(xyz,xyz)),sK17(xyz,xyz))).

cnf(u2047,axiom,
    p(sK17(xyz,xyz),sK17(xyz,xyz))).

% # SZS output end Saturation.
% ------------------------------
% Version: Vampire 4.7 (commit af7d05f97 on 2022-09-30 11:01:41 +0200)
% Termination reason: Satisfiable

% Memory used [KB]: 6652
% Time elapsed: 0.019 s
% ------------------------------
% ------------------------------
% Success in time 0.025 s
