% Running in auto input_syntax mode. Trying TPTP
% ott+11_3_aac=none:afr=on:afp=4000:afq=1.4:amm=off:anc=all:bs=unit_only:bsr=on:bce=on:fde=unused:irw=on:nm=64:newcnf=on:nwc=1:nicw=on:sac=on:sp=reverse_arity:uhcvi=on_31 on type_arc_subsumed_to_c for (31ds)
% Refutation found. Thanks to Tanya!
% SZS status Unsatisfiable for type_arc_subsumed_to_c
% SZS output start Proof for type_arc_subsumed_to_c
fof(f860,plain,(
  $false),
  inference(avatar_sat_refutation,[],[f668,f672,f744,f859])).
fof(f859,plain,(
  spl19_1 | ~spl19_2 | ~spl19_20),
  inference(avatar_contradiction_clause,[],[f858])).
fof(f858,plain,(
  $false | (spl19_1 | ~spl19_2 | ~spl19_20)),
  inference(subsumption_resolution,[],[f857,f667])).
fof(f667,plain,(
  ~c(xyz) | spl19_1),
  inference(avatar_component_clause,[],[f666])).
fof(f666,plain,(
  spl19_1 <=> c(xyz)),
  introduced(avatar_definition,[new_symbols(naming,[spl19_1])])).
fof(f857,plain,(
  c(xyz) | (~spl19_2 | ~spl19_20)),
  inference(resolution,[],[f743,f671])).
fof(f671,plain,(
  arc(xyz) | ~spl19_2),
  inference(avatar_component_clause,[],[f670])).
fof(f670,plain,(
  spl19_2 <=> arc(xyz)),
  introduced(avatar_definition,[new_symbols(naming,[spl19_2])])).
fof(f743,plain,(
  ( ! [X0] : (~arc(X0) | c(X0)) ) | ~spl19_20),
  inference(avatar_component_clause,[],[f742])).
fof(f742,plain,(
  spl19_20 <=> ! [X0] : (~arc(X0) | c(X0))),
  introduced(avatar_definition,[new_symbols(naming,[spl19_20])])).
fof(f744,plain,(
  spl19_20),
  inference(avatar_split_clause,[],[f501,f742])).
fof(f501,plain,(
  ( ! [X0] : (~arc(X0) | c(X0)) )),
  inference(cnf_transformation,[],[f374])).
fof(f374,plain,(
  ! [X0] : (c(X0) | ~arc(X0))),
  inference(ennf_transformation,[],[f163])).
fof(f163,plain,(
  ! [X0] : (arc(X0) => c(X0))),
  inference(rectify,[],[f11])).
fof(f11,axiom,(
  ! [X10] : (arc(X10) => c(X10))),
  file('outputs/dolce/subsumptions/type_arc_subsumed_to_c.in',sos)).
fof(f672,plain,(
  spl19_2),
  inference(avatar_split_clause,[],[f474,f670])).
fof(f474,plain,(
  arc(xyz)),
  inference(cnf_transformation,[],[f132])).
fof(f132,axiom,(
  arc(xyz)),
  file('outputs/dolce/subsumptions/type_arc_subsumed_to_c.in',axiom1)).
fof(f668,plain,(
  ~spl19_1),
  inference(avatar_split_clause,[],[f473,f666])).
fof(f473,plain,(
  ~c(xyz)),
  inference(cnf_transformation,[],[f133])).
fof(f133,axiom,(
  ~c(xyz)),
  file('outputs/dolce/subsumptions/type_arc_subsumed_to_c.in',axiom2)).
% SZS output end Proof for type_arc_subsumed_to_c
% ------------------------------
% Version: Vampire 4.7 (commit af7d05f97 on 2022-09-30 11:01:41 +0200)
% Termination reason: Refutation

% Memory used [KB]: 6140
% Time elapsed: 0.007 s
% ------------------------------
% ------------------------------
% Success in time 0.013 s
