% Running in auto input_syntax mode. Trying TPTP
% ott+11_3_aac=none:afr=on:afp=4000:afq=1.4:amm=off:anc=all:bs=unit_only:bsr=on:bce=on:fde=unused:irw=on:nm=64:newcnf=on:nwc=1:nicw=on:sac=on:sp=reverse_arity:uhcvi=on_31 on type_m_subsumed_to_pt for (31ds)
% Refutation found. Thanks to Tanya!
% SZS status Unsatisfiable for type_m_subsumed_to_pt
% SZS output start Proof for type_m_subsumed_to_pt
fof(f901,plain,(
  $false),
  inference(avatar_sat_refutation,[],[f673,f677,f777,f785,f817,f882,f892,f900])).
fof(f900,plain,(
  spl18_1 | ~spl18_37 | ~spl18_55),
  inference(avatar_contradiction_clause,[],[f899])).
fof(f899,plain,(
  $false | (spl18_1 | ~spl18_37 | ~spl18_55)),
  inference(subsumption_resolution,[],[f898,f891])).
fof(f891,plain,(
  ed(xyz) | ~spl18_55),
  inference(avatar_component_clause,[],[f890])).
fof(f890,plain,(
  spl18_55 <=> ed(xyz)),
  introduced(avatar_definition,[new_symbols(naming,[spl18_55])])).
fof(f898,plain,(
  ~ed(xyz) | (spl18_1 | ~spl18_37)),
  inference(resolution,[],[f816,f672])).
fof(f672,plain,(
  ~pt(xyz) | spl18_1),
  inference(avatar_component_clause,[],[f671])).
fof(f671,plain,(
  spl18_1 <=> pt(xyz)),
  introduced(avatar_definition,[new_symbols(naming,[spl18_1])])).
fof(f816,plain,(
  ( ! [X0] : (pt(X0) | ~ed(X0)) ) | ~spl18_37),
  inference(avatar_component_clause,[],[f815])).
fof(f815,plain,(
  spl18_37 <=> ! [X0] : (~ed(X0) | pt(X0))),
  introduced(avatar_definition,[new_symbols(naming,[spl18_37])])).
fof(f892,plain,(
  spl18_55 | ~spl18_29 | ~spl18_53),
  inference(avatar_split_clause,[],[f888,f880,f783,f890])).
fof(f783,plain,(
  spl18_29 <=> ! [X0] : (ed(X0) | ~ped(X0))),
  introduced(avatar_definition,[new_symbols(naming,[spl18_29])])).
fof(f880,plain,(
  spl18_53 <=> ped(xyz)),
  introduced(avatar_definition,[new_symbols(naming,[spl18_53])])).
fof(f888,plain,(
  ed(xyz) | (~spl18_29 | ~spl18_53)),
  inference(resolution,[],[f784,f881])).
fof(f881,plain,(
  ped(xyz) | ~spl18_53),
  inference(avatar_component_clause,[],[f880])).
fof(f784,plain,(
  ( ! [X0] : (~ped(X0) | ed(X0)) ) | ~spl18_29),
  inference(avatar_component_clause,[],[f783])).
fof(f882,plain,(
  spl18_53 | ~spl18_2 | ~spl18_27),
  inference(avatar_split_clause,[],[f878,f775,f675,f880])).
fof(f675,plain,(
  spl18_2 <=> m(xyz)),
  introduced(avatar_definition,[new_symbols(naming,[spl18_2])])).
fof(f775,plain,(
  spl18_27 <=> ! [X0] : (ped(X0) | ~m(X0))),
  introduced(avatar_definition,[new_symbols(naming,[spl18_27])])).
fof(f878,plain,(
  ped(xyz) | (~spl18_2 | ~spl18_27)),
  inference(resolution,[],[f776,f676])).
fof(f676,plain,(
  m(xyz) | ~spl18_2),
  inference(avatar_component_clause,[],[f675])).
fof(f776,plain,(
  ( ! [X0] : (~m(X0) | ped(X0)) ) | ~spl18_27),
  inference(avatar_component_clause,[],[f775])).
fof(f817,plain,(
  spl18_37),
  inference(avatar_split_clause,[],[f561,f815])).
fof(f561,plain,(
  ( ! [X0] : (~ed(X0) | pt(X0)) )),
  inference(cnf_transformation,[],[f398])).
fof(f398,plain,(
  ! [X0] : (pt(X0) | (~q(X0) & ~pd(X0) & ~ed(X0) & ~ab(X0)))),
  inference(ennf_transformation,[],[f342])).
fof(f342,plain,(
  ! [X0] : ((q(X0) | pd(X0) | ed(X0) | ab(X0)) => pt(X0))),
  inference(unused_predicate_definition_removal,[],[f1])).
fof(f1,axiom,(
  ! [X0] : ((q(X0) | pd(X0) | ed(X0) | ab(X0)) <=> pt(X0))),
  file('outputs/dolce/subsumptions/type_m_subsumed_to_pt.in',sos)).
fof(f785,plain,(
  spl18_29),
  inference(avatar_split_clause,[],[f551,f783])).
fof(f551,plain,(
  ( ! [X0] : (ed(X0) | ~ped(X0)) )),
  inference(cnf_transformation,[],[f195])).
fof(f195,plain,(
  ! [X0] : ((ped(X0) | nped(X0) | as(X0)) <=> ed(X0))),
  inference(rectify,[],[f2])).
fof(f2,axiom,(
  ! [X1] : ((ped(X1) | nped(X1) | as(X1)) <=> ed(X1))),
  file('outputs/dolce/subsumptions/type_m_subsumed_to_pt.in',sos)).
fof(f777,plain,(
  spl18_27),
  inference(avatar_split_clause,[],[f546,f775])).
fof(f546,plain,(
  ( ! [X0] : (ped(X0) | ~m(X0)) )),
  inference(cnf_transformation,[],[f194])).
fof(f194,plain,(
  ! [X0] : ((pob(X0) | m(X0) | f(X0)) <=> ped(X0))),
  inference(rectify,[],[f15])).
fof(f15,axiom,(
  ! [X14] : ((pob(X14) | m(X14) | f(X14)) <=> ped(X14))),
  file('outputs/dolce/subsumptions/type_m_subsumed_to_pt.in',sos)).
fof(f677,plain,(
  spl18_2),
  inference(avatar_split_clause,[],[f478,f675])).
fof(f478,plain,(
  m(xyz)),
  inference(cnf_transformation,[],[f132])).
fof(f132,axiom,(
  m(xyz)),
  file('outputs/dolce/subsumptions/type_m_subsumed_to_pt.in',axiom1)).
fof(f673,plain,(
  ~spl18_1),
  inference(avatar_split_clause,[],[f477,f671])).
fof(f477,plain,(
  ~pt(xyz)),
  inference(cnf_transformation,[],[f133])).
fof(f133,axiom,(
  ~pt(xyz)),
  file('outputs/dolce/subsumptions/type_m_subsumed_to_pt.in',axiom2)).
% SZS output end Proof for type_m_subsumed_to_pt
% ------------------------------
% Version: Vampire 4.7 (commit af7d05f97 on 2022-09-30 11:01:41 +0200)
% Termination reason: Refutation

% Memory used [KB]: 6140
% Time elapsed: 0.006 s
% ------------------------------
% ------------------------------
% Success in time 0.011 s
