% Running in auto input_syntax mode. Trying TPTP
% ott+11_3_aac=none:afr=on:afp=4000:afq=1.4:amm=off:anc=all:bs=unit_only:bsr=on:bce=on:fde=unused:irw=on:nm=64:newcnf=on:nwc=1:nicw=on:sac=on:sp=reverse_arity:uhcvi=on_31 on type_acc_subsumed_to_pd for (31ds)
% Refutation found. Thanks to Tanya!
% SZS status Unsatisfiable for type_acc_subsumed_to_pd
% SZS output start Proof for type_acc_subsumed_to_pd
fof(f868,plain,(
  $false),
  inference(avatar_sat_refutation,[],[f667,f671,f767,f783,f864,f867])).
fof(f867,plain,(
  spl18_1 | ~spl18_26 | ~spl18_50),
  inference(avatar_contradiction_clause,[],[f866])).
fof(f866,plain,(
  $false | (spl18_1 | ~spl18_26 | ~spl18_50)),
  inference(subsumption_resolution,[],[f865,f666])).
fof(f666,plain,(
  ~pd(xyz) | spl18_1),
  inference(avatar_component_clause,[],[f665])).
fof(f665,plain,(
  spl18_1 <=> pd(xyz)),
  introduced(avatar_definition,[new_symbols(naming,[spl18_1])])).
fof(f865,plain,(
  pd(xyz) | (~spl18_26 | ~spl18_50)),
  inference(resolution,[],[f863,f766])).
fof(f766,plain,(
  ( ! [X0] : (~ev(X0) | pd(X0)) ) | ~spl18_26),
  inference(avatar_component_clause,[],[f765])).
fof(f765,plain,(
  spl18_26 <=> ! [X0] : (pd(X0) | ~ev(X0))),
  introduced(avatar_definition,[new_symbols(naming,[spl18_26])])).
fof(f863,plain,(
  ev(xyz) | ~spl18_50),
  inference(avatar_component_clause,[],[f862])).
fof(f862,plain,(
  spl18_50 <=> ev(xyz)),
  introduced(avatar_definition,[new_symbols(naming,[spl18_50])])).
fof(f864,plain,(
  spl18_50 | ~spl18_2 | ~spl18_30),
  inference(avatar_split_clause,[],[f860,f781,f669,f862])).
fof(f669,plain,(
  spl18_2 <=> acc(xyz)),
  introduced(avatar_definition,[new_symbols(naming,[spl18_2])])).
fof(f781,plain,(
  spl18_30 <=> ! [X0] : (ev(X0) | ~acc(X0))),
  introduced(avatar_definition,[new_symbols(naming,[spl18_30])])).
fof(f860,plain,(
  ev(xyz) | (~spl18_2 | ~spl18_30)),
  inference(resolution,[],[f782,f670])).
fof(f670,plain,(
  acc(xyz) | ~spl18_2),
  inference(avatar_component_clause,[],[f669])).
fof(f782,plain,(
  ( ! [X0] : (~acc(X0) | ev(X0)) ) | ~spl18_30),
  inference(avatar_component_clause,[],[f781])).
fof(f783,plain,(
  spl18_30),
  inference(avatar_split_clause,[],[f548,f781])).
fof(f548,plain,(
  ( ! [X0] : (ev(X0) | ~acc(X0)) )),
  inference(cnf_transformation,[],[f195])).
fof(f195,plain,(
  ! [X0] : ((ach(X0) | acc(X0)) <=> ev(X0))),
  inference(rectify,[],[f6])).
fof(f6,axiom,(
  ! [X5] : ((ach(X5) | acc(X5)) <=> ev(X5))),
  file('outputs/dolce/subsumptions/type_acc_subsumed_to_pd.in',sos)).
fof(f767,plain,(
  spl18_26),
  inference(avatar_split_clause,[],[f536,f765])).
fof(f536,plain,(
  ( ! [X0] : (pd(X0) | ~ev(X0)) )),
  inference(cnf_transformation,[],[f191])).
fof(f191,plain,(
  ! [X0] : ((stv(X0) | ev(X0)) <=> pd(X0))),
  inference(rectify,[],[f4])).
fof(f4,axiom,(
  ! [X3] : ((stv(X3) | ev(X3)) <=> pd(X3))),
  file('outputs/dolce/subsumptions/type_acc_subsumed_to_pd.in',sos)).
fof(f671,plain,(
  spl18_2),
  inference(avatar_split_clause,[],[f476,f669])).
fof(f476,plain,(
  acc(xyz)),
  inference(cnf_transformation,[],[f132])).
fof(f132,axiom,(
  acc(xyz)),
  file('outputs/dolce/subsumptions/type_acc_subsumed_to_pd.in',axiom1)).
fof(f667,plain,(
  ~spl18_1),
  inference(avatar_split_clause,[],[f475,f665])).
fof(f475,plain,(
  ~pd(xyz)),
  inference(cnf_transformation,[],[f133])).
fof(f133,axiom,(
  ~pd(xyz)),
  file('outputs/dolce/subsumptions/type_acc_subsumed_to_pd.in',axiom2)).
% SZS output end Proof for type_acc_subsumed_to_pd
% ------------------------------
% Version: Vampire 4.7 (commit af7d05f97 on 2022-09-30 11:01:41 +0200)
% Termination reason: Refutation

% Memory used [KB]: 6140
% Time elapsed: 0.008 s
% ------------------------------
% ------------------------------
% Success in time 0.014 s
