% Running in auto input_syntax mode. Trying TPTP
% ott+11_3_aac=none:afr=on:afp=4000:afq=1.4:amm=off:anc=all:bs=unit_only:bsr=on:bce=on:fde=unused:irw=on:nm=64:newcnf=on:nwc=1:nicw=on:sac=on:sp=reverse_arity:uhcvi=on_31 on type_r_subsumed_to_fd for (31ds)
% SZS status Satisfiable for type_r_subsumed_to_fd
% # SZS output start Saturation.
cnf(u669,axiom,
    ~fd(xyz)).

cnf(u673,axiom,
    r(xyz)).

cnf(u677,axiom,
    ~ds(X0) | ~c(X0)).

cnf(u681,axiom,
    ~ped(X0) | ~nped(X0)).

cnf(u685,axiom,
    ~tr(X0) | ~ar(X0)).

cnf(u689,axiom,
    ~tr(X0) | ~pr(X0)).

cnf(u693,axiom,
    ~pr(X0) | ~ar(X0)).

cnf(u697,axiom,
    ~tq(X0) | ~aq(X0)).

cnf(u701,axiom,
    ~tq(X0) | ~pq(X0)).

cnf(u705,axiom,
    ~pq(X0) | ~aq(X0)).

cnf(u709,axiom,
    ~q(X0) | ~ab(X0)).

cnf(u713,axiom,
    ~ed(X0) | ~ab(X0)).

cnf(u717,axiom,
    ~pd(X0) | ~ab(X0)).

cnf(u721,axiom,
    ~q(X0) | ~ed(X0)).

cnf(u725,axiom,
    ~pd(X0) | ~ed(X0)).

cnf(u729,axiom,
    ~q(X0) | ~pd(X0)).

cnf(u733,axiom,
    ~npob(X0) | nped(X0)).

cnf(u737,axiom,
    ~r(X0) | ab(X0)).

cnf(u741,axiom,
    ~s(X0) | pr(X0)).

cnf(u745,axiom,
    ~ds(X0) | naso(X0)).

cnf(u749,axiom,
    ~tl(X0) | tq(X0)).

cnf(u753,axiom,
    ~sl(X0) | pq(X0)).

cnf(u757,axiom,
    ~c(X0) | naso(X0)).

cnf(u761,axiom,
    ~t(X0) | tr(X0)).

cnf(u765,axiom,
    ~sob(X0) | npob(X0)).

cnf(u769,axiom,
    ~naso(X0) | sob(X0)).

cnf(u773,axiom,
    ~nped(X0) | ed(X0)).

cnf(u777,axiom,
    ~ped(X0) | ed(X0)).

cnf(u781,axiom,
    ~ar(X0) | r(X0)).

cnf(u785,axiom,
    ~pr(X0) | r(X0)).

cnf(u789,axiom,
    ~tr(X0) | r(X0)).

cnf(u793,axiom,
    ~aq(X0) | q(X0)).

cnf(u797,axiom,
    ~pq(X0) | q(X0)).

cnf(u801,axiom,
    ~tq(X0) | q(X0)).

cnf(u805,axiom,
    ~ped(X0) | sl(sK1(X0))).

cnf(u809,axiom,
    ~nped(X0) | aq(sK2(X0))).

cnf(u813,axiom,
    ~tq(X0) | pd(sK4(X0))).

cnf(u817,axiom,
    ~pq(X0) | ped(sK5(X0))).

cnf(u821,axiom,
    ~aq(X0) | nped(sK6(X0))).

cnf(u825,axiom,
    ~pd(X0) | tl(sK10(X0))).

cnf(u829,axiom,
    p(X0,X0) | ~ab(X0)).

cnf(u833,axiom,
    ~pd(X0) | p(X0,X0)).

cnf(u837,axiom,
    ~ql(X0,X1) | tr(X0)).

cnf(u841,axiom,
    ~us(X0,X1) | c(X0)).

cnf(u845,axiom,
    ~us(X0,X1) | ds(X1)).

cnf(u849,axiom,
    ~dqt(X0,X1) | q(X0)).

cnf(u853,axiom,
    ~pre(X0,X1) | t(X1)).

cnf(u858,axiom,
    ab(xyz)).

cnf(u862,axiom,
    ~ds(X0) | us(sK0(X0),X0)).

cnf(u866,axiom,
    ~ped(X0) | dqt(sK1(X0),X0)).

cnf(u870,axiom,
    ~nped(X0) | dqt(sK2(X0),X0)).

cnf(u874,axiom,
    ~tq(X0) | ql(sK3(X0),X0)).

cnf(u878,axiom,
    ~tq(X0) | dqt(X0,sK4(X0))).

cnf(u882,axiom,
    ~pq(X0) | dqt(X0,sK5(X0))).

cnf(u886,axiom,
    ~aq(X0) | dqt(X0,sK6(X0))).

cnf(u890,axiom,
    df(X0,sK7(X0)) | ~c(X0)).

cnf(u894,axiom,
    ~pd(X0) | dqt(sK10(X0),X0)).

cnf(u898,axiom,
    ~df(X0,X1) | us(X0,X1)).

cnf(u902,axiom,
    ~cf(X0,X1,X2) | ed(X0)).

cnf(u906,axiom,
    ~cf(X0,X1,X2) | c(X1)).

cnf(u910,axiom,
    ~cf(X0,X1,X2) | t(X2)).

cnf(u914,axiom,
    ~tql(X0,X1,X2) | t(X2)).

cnf(u918,axiom,
    ~k(X0,X1,X2) | t(X2)).

cnf(u922,axiom,
    ~pc(X0,X1,X2) | ed(X0)).

cnf(u926,axiom,
    ~pc(X0,X1,X2) | pd(X1)).

cnf(u930,axiom,
    ~pc(X0,X1,X2) | t(X2)).

cnf(u934,axiom,
    ~tp(X0,X1,X2) | ed(X0)).

cnf(u938,axiom,
    ~tp(X0,X1,X2) | ed(X1)).

cnf(u942,axiom,
    ~tp(X0,X1,X2) | t(X2)).

cnf(u946,axiom,
    ~p(X0,X1) | ab(X1) | pd(X1)).

cnf(u950,axiom,
    ~p(X0,X1) | ab(X0) | pd(X0)).

cnf(u954,axiom,
    ~s(X1) | ~p(X0,X1) | s(X0)).

cnf(u958,axiom,
    ~s(X0) | s(X1) | ~p(X0,X1)).

cnf(u962,axiom,
    ~ar(X1) | ~p(X0,X1) | ar(X0)).

cnf(u966,axiom,
    ~ar(X0) | ar(X1) | ~p(X0,X1)).

cnf(u970,axiom,
    ~ab(X1) | ~p(X0,X1) | ab(X0)).

cnf(u974,axiom,
    ~ab(X0) | ab(X1) | ~p(X0,X1)).

cnf(u978,axiom,
    ~t(X1) | ~p(X0,X1) | t(X0)).

cnf(u982,axiom,
    ~t(X0) | t(X1) | ~p(X0,X1)).

cnf(u986,axiom,
    ~pd(X1) | ~p(X0,X1) | pd(X0)).

cnf(u990,axiom,
    ~pd(X0) | pd(X1) | ~p(X0,X1)).

cnf(u994,axiom,
    ~dqt(X0,X1) | ed(X1) | pd(X1)).

cnf(u998,axiom,
    ~pd(X1) | ~dqt(X0,X1) | tq(X0)).

cnf(u1002,axiom,
    ~tq(X0) | pd(X1) | ~dqt(X0,X1)).

cnf(u1006,axiom,
    ~ped(X1) | ~dqt(X0,X1) | pq(X0)).

cnf(u1010,axiom,
    ~pq(X0) | ped(X1) | ~dqt(X0,X1)).

cnf(u1014,axiom,
    ~nped(X1) | ~dqt(X0,X1) | aq(X0)).

cnf(u1018,axiom,
    ~aq(X0) | nped(X1) | ~dqt(X0,X1)).

cnf(u1022,axiom,
    ~tl(X1) | ~ql(X0,X1) | t(X0)).

cnf(u1026,axiom,
    ~cf(X0,X1,X2) | pre(X0,X2)).

cnf(u1030,axiom,
    ~tql(X0,X1,X2) | pre(X1,X2)).

cnf(u1034,axiom,
    ~k(X0,X1,X2) | pre(X0,X2)).

cnf(u1038,axiom,
    ~k(X0,X1,X2) | pre(X1,X2)).

cnf(u1042,axiom,
    ~pc(X0,X1,X2) | pre(X0,X2)).

cnf(u1046,axiom,
    ~pc(X0,X1,X2) | pre(X1,X2)).

cnf(u1050,axiom,
    ~tp(X0,X1,X2) | pre(X0,X2)).

cnf(u1054,axiom,
    ~tp(X0,X1,X2) | pre(X1,X2)).

cnf(u1059,axiom,
    ~ed(X0) | pc(X0,sK8(X0),sK9(X0))).

cnf(u1063,axiom,
    ~q(X0) | aq(X0) | pq(X0) | tq(X0)).

cnf(u1067,axiom,
    ~ov(X0,X1) | p(sK19(X0,X1),X0)).

cnf(u1071,axiom,
    ~ov(X0,X1) | p(sK19(X0,X1),X1)).

cnf(u1075,axiom,
    ~cf(X1,X0,X2) | ~cf(X0,X1,X2)).

cnf(u1079,axiom,
    ~tql(X0,X1,X2) | pq(X1) | aq(X1)).

cnf(u1083,axiom,
    ~tql(X0,X1,X2) | pr(X0) | ar(X0)).

cnf(u1087,axiom,
    ~aq(X1) | ~tql(X0,X1,X2) | ar(X0)).

cnf(u1091,axiom,
    ~ar(X0) | aq(X1) | ~tql(X0,X1,X2)).

cnf(u1095,axiom,
    ~pq(X1) | ~tql(X0,X1,X2) | pr(X0)).

cnf(u1099,axiom,
    ~pr(X0) | pq(X1) | ~tql(X0,X1,X2)).

cnf(u1103,axiom,
    ~k(X1,X0,X2) | ~k(X0,X1,X2)).

cnf(u1107,axiom,
    ~k(X0,X1,X2) | ed(X1) | pd(X1)).

cnf(u1111,axiom,
    ~k(X0,X1,X2) | ed(X0) | pd(X0)).

cnf(u1115,axiom,
    ~ped(X1) | ~k(X0,X1,X2) | ped(X0)).

cnf(u1119,axiom,
    ~ped(X0) | ped(X1) | ~k(X0,X1,X2)).

cnf(u1123,axiom,
    ~nped(X1) | ~k(X0,X1,X2) | nped(X0)).

cnf(u1127,axiom,
    ~nped(X0) | nped(X1) | ~k(X0,X1,X2)).

cnf(u1131,axiom,
    ~pd(X1) | ~k(X0,X1,X2) | pd(X0)).

cnf(u1135,axiom,
    ~pd(X0) | pd(X1) | ~k(X0,X1,X2)).

cnf(u1139,axiom,
    ~ped(X1) | ~tp(X0,X1,X2) | ped(X0)).

cnf(u1143,axiom,
    ~ped(X0) | ped(X1) | ~tp(X0,X1,X2)).

cnf(u1147,axiom,
    ~nped(X1) | ~tp(X0,X1,X2) | nped(X0)).

cnf(u1151,axiom,
    ~nped(X0) | nped(X1) | ~tp(X0,X1,X2)).

cnf(u1155,axiom,
    ~sl(X1) | ~tql(X0,X1,X2) | s(X0)).

cnf(u1159,axiom,
    ~dif(X2,X0,X1) | ab(X1) | pd(X2)).

cnf(u1163,axiom,
    ~dif(X2,X0,X1) | ab(X0) | pd(X2)).

cnf(u1167,axiom,
    ~dif(X2,X0,X1) | ab(X2) | pd(X2)).

cnf(u1171,axiom,
    ~dif(X2,X0,X1) | ab(X2) | pd(X0)).

cnf(u1175,axiom,
    ~dif(X2,X0,X1) | ab(X2) | pd(X1)).

cnf(u1182,axiom,
    ~p(X0,xyz) | ab(X0)).

cnf(u1188,axiom,
    ~p(xyz,X0) | ab(X0)).

cnf(u1193,axiom,
    ~c(X0) | us(X0,sK7(X0))).

cnf(u1197,axiom,
    ~pre(X0,X1) | ed(X0) | pd(X0) | q(X0)).

cnf(u1201,axiom,
    ~ed(X0) | ~pre(X0,X1) | tp(X0,X0,X1)).

cnf(u1205,axiom,
    ~p(X1,X0) | ~p(X0,X1) | X0 = X1).

cnf(u1209,axiom,
    ~p(X2,X1) | ~p(X2,X0) | ov(X0,X1)).

cnf(u1213,axiom,
    ~pre(X0,X2) | ~df(X0,X1) | pre(X1,X2)).

cnf(u1217,axiom,
    ~us(X0,X1) | ~pre(X1,X2) | pre(X0,X2)).

cnf(u1221,axiom,
    ~ql(X2,X1) | ~ql(X0,X1) | X0 = X2).

cnf(u1225,axiom,
    ~df(X0,X2) | ~df(X0,X1) | X1 = X2).

cnf(u1229,axiom,
    ~p(X1,X2) | ~p(X0,X1) | p(X0,X2)).

cnf(u1233,axiom,
    ~dqt(X0,X2) | ~dqt(X0,X1) | X1 = X2).

cnf(u1237,axiom,
    ~pre(X0,X1) | ~p(X2,X1) | pre(X0,X2)).

cnf(u1241,axiom,
    ~dif(X2,X0,X1) | p(X3,X0) | ~p(X3,X2)).

cnf(u1245,axiom,
    ~dif(X2,X0,X1) | ~ov(X3,X1) | ~p(X3,X2)).

cnf(u1253,axiom,
    ~ab(X0) | ov(X1,X0) | ~p(X0,X1)).

cnf(u1257,axiom,
    ~pd(X0) | ~pre(X0,X1) | pc(sK17(X0,X1),X0,X1)).

cnf(u1262,axiom,
    ~p(xyz,X0) | ov(X0,xyz)).

cnf(u1268,axiom,
    ~pq(X0) | ~pre(X0,X1) | tql(sK18(X0,X1),X0,X1)).

cnf(u1272,axiom,
    ov(xyz,xyz)).

cnf(u1278,axiom,
    p(sK19(xyz,xyz),xyz)).

cnf(u1282,axiom,
    ~aq(X0) | ~pre(X0,X1) | tql(sK18(X0,X1),X0,X1)).

cnf(u1292,axiom,
    ab(sK19(xyz,xyz))).

cnf(u1299,axiom,
    ~tql(X0,X1,X2) | ~p(X3,X2) | tql(X0,X1,X3)).

cnf(u1303,axiom,
    ~p(sK19(xyz,xyz),X1) | ab(X1)).

cnf(u1309,axiom,
    ~p(X2,sK19(xyz,xyz)) | ab(X2)).

cnf(u1313,axiom,
    ~k(X0,X1,X2) | ~p(X3,X2) | k(X0,X1,X3)).

cnf(u1318,axiom,
    ~p(X0,sK19(xyz,xyz)) | p(X0,xyz)).

cnf(u1323,axiom,
    ~pc(X0,X1,X2) | ~p(X3,X2) | pc(X0,X1,X3)).

cnf(u1327,axiom,
    ~p(sK19(xyz,xyz),X1) | ov(X1,xyz)).

cnf(u1334,axiom,
    ov(sK19(xyz,xyz),xyz)).

cnf(u1338,axiom,
    ~tp(X0,X1,X2) | ~p(X3,X2) | tp(X0,X1,X3)).

cnf(u1344,axiom,
    p(sK19(sK19(xyz,xyz),xyz),xyz)).

cnf(u1354,axiom,
    ab(sK19(sK19(xyz,xyz),xyz))).

cnf(u1361,axiom,
    ~cf(X1,X2,X3) | ~cf(X2,X0,X3) | ~cf(X1,X0,X3)).

cnf(u1365,axiom,
    ~c(X0) | sK7(X0) = X1 | ~df(X0,X1)).

cnf(u1369,axiom,
    p(sK19(sK19(xyz,xyz),xyz),sK19(xyz,xyz))).

cnf(u1373,axiom,
    ~k(X1,X2,X3) | ~k(X0,X1,X3) | k(X0,X2,X3)).

cnf(u1384,axiom,
    ~p(sK19(sK19(xyz,xyz),xyz),X1) | ab(X1)).

cnf(u1391,axiom,
    ~tp(X1,X2,X3) | ~tp(X0,X1,X3) | tp(X0,X2,X3)).

cnf(u1395,axiom,
    ~p(X2,sK19(sK19(xyz,xyz),xyz)) | ab(X2)).

cnf(u1400,axiom,
    xyz = sK19(xyz,xyz)).

cnf(u1407,axiom,
    ~ab(X1) | ~ab(X0) | p(X0,X1) | dif(sK15(X0,X1),X0,X1)).

cnf(u1411,axiom,
    ov(X0,sK19(xyz,xyz)) | ~p(sK19(xyz,xyz),X0)).

cnf(u1417,axiom,
    ~p(X0,sK19(sK19(xyz,xyz),xyz)) | p(X0,xyz)).

cnf(u1421,axiom,
    ~pd(X1) | ~pd(X0) | p(X0,X1) | dif(sK16(X0,X1),X0,X1)).

cnf(u1426,axiom,
    ~p(sK19(sK19(xyz,xyz),xyz),X1) | ov(X1,xyz)).

cnf(u1434,axiom,
    ~sl(X1) | ~dqt(X1,X2) | ~sl(X0) | ~dqt(X0,X2) | X0 = X1).

cnf(u1438,axiom,
    ov(sK19(sK19(xyz,xyz),xyz),xyz)).

cnf(u1444,axiom,
    p(sK19(sK19(sK19(xyz,xyz),xyz),xyz),xyz)).

cnf(u1448,axiom,
    ~tl(X1) | ~dqt(X1,X2) | ~tl(X0) | ~dqt(X0,X2) | X0 = X1).

cnf(u1458,axiom,
    ab(sK19(sK19(sK19(xyz,xyz),xyz),xyz))).

cnf(u1465,axiom,
    ~dif(X2,X0,X1) | ~p(X3,X0) | ov(X3,X1) | p(X3,X2)).

cnf(u1473,axiom,
    ~ab(X0) | p(X0,xyz) | dif(sK15(X0,xyz),X0,xyz)).

cnf(u1484,axiom,
    p(xyz,xyz)).

cnf(u1510,axiom,
    ~p(sK19(sK19(sK19(xyz,xyz),xyz),xyz),X1) | ab(X1)).

cnf(u1516,axiom,
    ~p(X2,sK19(sK19(sK19(xyz,xyz),xyz),xyz)) | ab(X2)).

cnf(u1521,axiom,
    ~p(sK19(xyz,xyz),X1) | p(sK19(X1,sK19(xyz,xyz)),X1)).

cnf(u1525,axiom,
    ~us(X1,X2) | ~df(X0,X2) | cf(sK13(X0,X1),X0,sK14(X0,X1)) | fd(X0)).

cnf(u1532,axiom,
    p(sK19(xyz,sK19(xyz,xyz)),xyz)).

cnf(u1542,axiom,
    ab(sK19(xyz,sK19(xyz,xyz)))).

cnf(u1551,axiom,
    ~p(sK19(xyz,sK19(xyz,xyz)),X2) | ab(X2)).

cnf(u1555,axiom,
    ~us(X1,X2) | ~df(X0,X2) | ~cf(X5,X1,sK14(X0,X1)) | tp(sK13(X0,X1),X5,sK14(X0,X1)) | tp(X5,sK13(X0,X1),sK14(X0,X1)) | fd(X0)).

cnf(u1561,axiom,
    ~p(X3,sK19(xyz,sK19(xyz,xyz))) | ab(X3)).

cnf(u1566,axiom,
    ~p(X0,sK19(xyz,sK19(xyz,xyz))) | p(X0,xyz)).

cnf(u1571,axiom,
    ~p(sK19(xyz,sK19(xyz,xyz)),X1) | ov(X1,xyz)).

cnf(u1575,axiom,
    ~ab(X1) | p(X1,sK19(xyz,xyz)) | dif(sK15(X1,sK19(xyz,xyz)),X1,sK19(xyz,xyz))).

cnf(u1582,axiom,
    ov(sK19(xyz,sK19(xyz,xyz)),xyz)).

cnf(u1594,axiom,
    p(sK19(sK19(xyz,sK19(xyz,xyz)),xyz),xyz)).

cnf(u1604,axiom,
    ab(sK19(sK19(xyz,sK19(xyz,xyz)),xyz))).

cnf(u1758,axiom,
    ~p(xyz,X1) | p(sK19(X1,xyz),X1)).

cnf(u2020,axiom,
    ~p(xyz,X0) | p(sK19(X0,xyz),xyz)).

cnf(u2134,axiom,
    ~p(sK19(xyz,xyz),X0) | p(sK19(X0,sK19(xyz,xyz)),sK19(xyz,xyz))).

% # SZS output end Saturation.
% ------------------------------
% Version: Vampire 4.7 (commit af7d05f97 on 2022-09-30 11:01:41 +0200)
% Termination reason: Satisfiable

% Memory used [KB]: 6652
% Time elapsed: 0.025 s
% ------------------------------
% ------------------------------
% Success in time 0.036 s
