% Running in auto input_syntax mode. Trying TPTP
% ott+11_3_aac=none:afr=on:afp=4000:afq=1.4:amm=off:anc=all:bs=unit_only:bsr=on:bce=on:fde=unused:irw=on:nm=64:newcnf=on:nwc=1:nicw=on:sac=on:sp=reverse_arity:uhcvi=on_31 on type_t_subsumed_to_r for (31ds)
% Refutation found. Thanks to Tanya!
% SZS status Unsatisfiable for type_t_subsumed_to_r
% SZS output start Proof for type_t_subsumed_to_r
fof(f870,plain,(
  $false),
  inference(avatar_sat_refutation,[],[f667,f671,f759,f787,f856,f869])).
fof(f869,plain,(
  spl18_1 | ~spl18_31 | ~spl18_48),
  inference(avatar_contradiction_clause,[],[f868])).
fof(f868,plain,(
  $false | (spl18_1 | ~spl18_31 | ~spl18_48)),
  inference(subsumption_resolution,[],[f867,f666])).
fof(f666,plain,(
  ~r(xyz) | spl18_1),
  inference(avatar_component_clause,[],[f665])).
fof(f665,plain,(
  spl18_1 <=> r(xyz)),
  introduced(avatar_definition,[new_symbols(naming,[spl18_1])])).
fof(f867,plain,(
  r(xyz) | (~spl18_31 | ~spl18_48)),
  inference(resolution,[],[f786,f855])).
fof(f855,plain,(
  tr(xyz) | ~spl18_48),
  inference(avatar_component_clause,[],[f854])).
fof(f854,plain,(
  spl18_48 <=> tr(xyz)),
  introduced(avatar_definition,[new_symbols(naming,[spl18_48])])).
fof(f786,plain,(
  ( ! [X0] : (~tr(X0) | r(X0)) ) | ~spl18_31),
  inference(avatar_component_clause,[],[f785])).
fof(f785,plain,(
  spl18_31 <=> ! [X0] : (~tr(X0) | r(X0))),
  introduced(avatar_definition,[new_symbols(naming,[spl18_31])])).
fof(f856,plain,(
  spl18_48 | ~spl18_2 | ~spl18_24),
  inference(avatar_split_clause,[],[f852,f757,f669,f854])).
fof(f669,plain,(
  spl18_2 <=> t(xyz)),
  introduced(avatar_definition,[new_symbols(naming,[spl18_2])])).
fof(f757,plain,(
  spl18_24 <=> ! [X0] : (~t(X0) | tr(X0))),
  introduced(avatar_definition,[new_symbols(naming,[spl18_24])])).
fof(f852,plain,(
  tr(xyz) | (~spl18_2 | ~spl18_24)),
  inference(resolution,[],[f758,f670])).
fof(f670,plain,(
  t(xyz) | ~spl18_2),
  inference(avatar_component_clause,[],[f669])).
fof(f758,plain,(
  ( ! [X0] : (~t(X0) | tr(X0)) ) | ~spl18_24),
  inference(avatar_component_clause,[],[f757])).
fof(f787,plain,(
  spl18_31),
  inference(avatar_split_clause,[],[f553,f785])).
fof(f553,plain,(
  ( ! [X0] : (~tr(X0) | r(X0)) )),
  inference(cnf_transformation,[],[f396])).
fof(f396,plain,(
  ! [X0] : (r(X0) | (~tr(X0) & ~pr(X0) & ~ar(X0)))),
  inference(ennf_transformation,[],[f338])).
fof(f338,plain,(
  ! [X0] : ((tr(X0) | pr(X0) | ar(X0)) => r(X0))),
  inference(unused_predicate_definition_removal,[],[f196])).
fof(f196,plain,(
  ! [X0] : ((tr(X0) | pr(X0) | ar(X0)) <=> r(X0))),
  inference(rectify,[],[f13])).
fof(f13,axiom,(
  ! [X12] : ((tr(X12) | pr(X12) | ar(X12)) <=> r(X12))),
  file('outputs/dolce/subsumptions/type_t_subsumed_to_r.in',sos)).
fof(f759,plain,(
  spl18_24),
  inference(avatar_split_clause,[],[f521,f757])).
fof(f521,plain,(
  ( ! [X0] : (~t(X0) | tr(X0)) )),
  inference(cnf_transformation,[],[f388])).
fof(f388,plain,(
  ! [X0] : (tr(X0) | ~t(X0))),
  inference(ennf_transformation,[],[f176])).
fof(f176,plain,(
  ! [X0] : (t(X0) => tr(X0))),
  inference(rectify,[],[f19])).
fof(f19,axiom,(
  ! [X18] : (t(X18) => tr(X18))),
  file('outputs/dolce/subsumptions/type_t_subsumed_to_r.in',sos)).
fof(f671,plain,(
  spl18_2),
  inference(avatar_split_clause,[],[f476,f669])).
fof(f476,plain,(
  t(xyz)),
  inference(cnf_transformation,[],[f132])).
fof(f132,axiom,(
  t(xyz)),
  file('outputs/dolce/subsumptions/type_t_subsumed_to_r.in',axiom1)).
fof(f667,plain,(
  ~spl18_1),
  inference(avatar_split_clause,[],[f475,f665])).
fof(f475,plain,(
  ~r(xyz)),
  inference(cnf_transformation,[],[f133])).
fof(f133,axiom,(
  ~r(xyz)),
  file('outputs/dolce/subsumptions/type_t_subsumed_to_r.in',axiom2)).
% SZS output end Proof for type_t_subsumed_to_r
% ------------------------------
% Version: Vampire 4.7 (commit af7d05f97 on 2022-09-30 11:01:41 +0200)
% Termination reason: Refutation

% Memory used [KB]: 6140
% Time elapsed: 0.005 s
% ------------------------------
% ------------------------------
% Success in time 0.013 s
