% Running in auto input_syntax mode. Trying TPTP
% ott+11_3_aac=none:afr=on:afp=4000:afq=1.4:amm=off:anc=all:bs=unit_only:bsr=on:bce=on:fde=unused:irw=on:nm=64:newcnf=on:nwc=1:nicw=on:sac=on:sp=reverse_arity:uhcvi=on_31 on type_sc_subsumed_to_aso for (31ds)
% Refutation found. Thanks to Tanya!
% SZS status Unsatisfiable for type_sc_subsumed_to_aso
% SZS output start Proof for type_sc_subsumed_to_aso
fof(f869,plain,(
  $false),
  inference(avatar_sat_refutation,[],[f669,f673,f769,f868])).
fof(f868,plain,(
  spl18_1 | ~spl18_2 | ~spl18_26),
  inference(avatar_contradiction_clause,[],[f867])).
fof(f867,plain,(
  $false | (spl18_1 | ~spl18_2 | ~spl18_26)),
  inference(subsumption_resolution,[],[f866,f672])).
fof(f672,plain,(
  sc(xyz) | ~spl18_2),
  inference(avatar_component_clause,[],[f671])).
fof(f671,plain,(
  spl18_2 <=> sc(xyz)),
  introduced(avatar_definition,[new_symbols(naming,[spl18_2])])).
fof(f866,plain,(
  ~sc(xyz) | (spl18_1 | ~spl18_26)),
  inference(resolution,[],[f768,f668])).
fof(f668,plain,(
  ~aso(xyz) | spl18_1),
  inference(avatar_component_clause,[],[f667])).
fof(f667,plain,(
  spl18_1 <=> aso(xyz)),
  introduced(avatar_definition,[new_symbols(naming,[spl18_1])])).
fof(f768,plain,(
  ( ! [X0] : (aso(X0) | ~sc(X0)) ) | ~spl18_26),
  inference(avatar_component_clause,[],[f767])).
fof(f767,plain,(
  spl18_26 <=> ! [X0] : (~sc(X0) | aso(X0))),
  introduced(avatar_definition,[new_symbols(naming,[spl18_26])])).
fof(f769,plain,(
  spl18_26),
  inference(avatar_split_clause,[],[f538,f767])).
fof(f538,plain,(
  ( ! [X0] : (~sc(X0) | aso(X0)) )),
  inference(cnf_transformation,[],[f392])).
fof(f392,plain,(
  ! [X0] : (aso(X0) | ~sc(X0))),
  inference(ennf_transformation,[],[f342])).
fof(f342,plain,(
  ! [X0] : (sc(X0) => aso(X0))),
  inference(pure_predicate_removal,[],[f341])).
fof(f341,plain,(
  ! [X0] : ((sc(X0) | sag(X0)) => aso(X0))),
  inference(unused_predicate_definition_removal,[],[f190])).
fof(f190,plain,(
  ! [X0] : ((sc(X0) | sag(X0)) <=> aso(X0))),
  inference(rectify,[],[f8])).
fof(f8,axiom,(
  ! [X7] : ((sc(X7) | sag(X7)) <=> aso(X7))),
  file('outputs/dolce/subsumptions/type_sc_subsumed_to_aso.in',sos)).
fof(f673,plain,(
  spl18_2),
  inference(avatar_split_clause,[],[f475,f671])).
fof(f475,plain,(
  sc(xyz)),
  inference(cnf_transformation,[],[f132])).
fof(f132,axiom,(
  sc(xyz)),
  file('outputs/dolce/subsumptions/type_sc_subsumed_to_aso.in',axiom1)).
fof(f669,plain,(
  ~spl18_1),
  inference(avatar_split_clause,[],[f474,f667])).
fof(f474,plain,(
  ~aso(xyz)),
  inference(cnf_transformation,[],[f133])).
fof(f133,axiom,(
  ~aso(xyz)),
  file('outputs/dolce/subsumptions/type_sc_subsumed_to_aso.in',axiom2)).
% SZS output end Proof for type_sc_subsumed_to_aso
% ------------------------------
% Version: Vampire 4.7 (commit af7d05f97 on 2022-09-30 11:01:41 +0200)
% Termination reason: Refutation

% Memory used [KB]: 6140
% Time elapsed: 0.006 s
% ------------------------------
% ------------------------------
% Success in time 0.011 s
