% Running in auto input_syntax mode. Trying TPTP
% ott+11_3_aac=none:afr=on:afp=4000:afq=1.4:amm=off:anc=all:bs=unit_only:bsr=on:bce=on:fde=unused:irw=on:nm=64:newcnf=on:nwc=1:nicw=on:sac=on:sp=reverse_arity:uhcvi=on_31 on type_napo_subsumed_to_ed for (31ds)
% Refutation found. Thanks to Tanya!
% SZS status Unsatisfiable for type_napo_subsumed_to_ed
% SZS output start Proof for type_napo_subsumed_to_ed
fof(f951,plain,(
  $false),
  inference(avatar_sat_refutation,[],[f667,f671,f763,f775,f783,f936,f945,f950])).
fof(f950,plain,(
  spl18_1 | ~spl18_30 | ~spl18_70),
  inference(avatar_contradiction_clause,[],[f949])).
fof(f949,plain,(
  $false | (spl18_1 | ~spl18_30 | ~spl18_70)),
  inference(subsumption_resolution,[],[f947,f666])).
fof(f666,plain,(
  ~ed(xyz) | spl18_1),
  inference(avatar_component_clause,[],[f665])).
fof(f665,plain,(
  spl18_1 <=> ed(xyz)),
  introduced(avatar_definition,[new_symbols(naming,[spl18_1])])).
fof(f947,plain,(
  ed(xyz) | (~spl18_30 | ~spl18_70)),
  inference(resolution,[],[f944,f782])).
fof(f782,plain,(
  ( ! [X0] : (~ped(X0) | ed(X0)) ) | ~spl18_30),
  inference(avatar_component_clause,[],[f781])).
fof(f781,plain,(
  spl18_30 <=> ! [X0] : (ed(X0) | ~ped(X0))),
  introduced(avatar_definition,[new_symbols(naming,[spl18_30])])).
fof(f944,plain,(
  ped(xyz) | ~spl18_70),
  inference(avatar_component_clause,[],[f943])).
fof(f943,plain,(
  spl18_70 <=> ped(xyz)),
  introduced(avatar_definition,[new_symbols(naming,[spl18_70])])).
fof(f945,plain,(
  spl18_70 | ~spl18_2 | ~spl18_68),
  inference(avatar_split_clause,[],[f941,f934,f669,f943])).
fof(f669,plain,(
  spl18_2 <=> napo(xyz)),
  introduced(avatar_definition,[new_symbols(naming,[spl18_2])])).
fof(f934,plain,(
  spl18_68 <=> ! [X0] : (ped(X0) | ~napo(X0))),
  introduced(avatar_definition,[new_symbols(naming,[spl18_68])])).
fof(f941,plain,(
  ped(xyz) | (~spl18_2 | ~spl18_68)),
  inference(resolution,[],[f935,f670])).
fof(f670,plain,(
  napo(xyz) | ~spl18_2),
  inference(avatar_component_clause,[],[f669])).
fof(f935,plain,(
  ( ! [X0] : (~napo(X0) | ped(X0)) ) | ~spl18_68),
  inference(avatar_component_clause,[],[f934])).
fof(f936,plain,(
  spl18_68 | ~spl18_25 | ~spl18_28),
  inference(avatar_split_clause,[],[f860,f773,f761,f934])).
fof(f761,plain,(
  spl18_25 <=> ! [X0] : (pob(X0) | ~napo(X0))),
  introduced(avatar_definition,[new_symbols(naming,[spl18_25])])).
fof(f773,plain,(
  spl18_28 <=> ! [X0] : (ped(X0) | ~pob(X0))),
  introduced(avatar_definition,[new_symbols(naming,[spl18_28])])).
fof(f860,plain,(
  ( ! [X0] : (ped(X0) | ~napo(X0)) ) | (~spl18_25 | ~spl18_28)),
  inference(resolution,[],[f774,f762])).
fof(f762,plain,(
  ( ! [X0] : (pob(X0) | ~napo(X0)) ) | ~spl18_25),
  inference(avatar_component_clause,[],[f761])).
fof(f774,plain,(
  ( ! [X0] : (~pob(X0) | ped(X0)) ) | ~spl18_28),
  inference(avatar_component_clause,[],[f773])).
fof(f783,plain,(
  spl18_30),
  inference(avatar_split_clause,[],[f549,f781])).
fof(f549,plain,(
  ( ! [X0] : (ed(X0) | ~ped(X0)) )),
  inference(cnf_transformation,[],[f195])).
fof(f195,plain,(
  ! [X0] : ((ped(X0) | nped(X0) | as(X0)) <=> ed(X0))),
  inference(rectify,[],[f2])).
fof(f2,axiom,(
  ! [X1] : ((ped(X1) | nped(X1) | as(X1)) <=> ed(X1))),
  file('outputs/dolce/subsumptions/type_napo_subsumed_to_ed.in',sos)).
fof(f775,plain,(
  spl18_28),
  inference(avatar_split_clause,[],[f545,f773])).
fof(f545,plain,(
  ( ! [X0] : (ped(X0) | ~pob(X0)) )),
  inference(cnf_transformation,[],[f194])).
fof(f194,plain,(
  ! [X0] : ((pob(X0) | m(X0) | f(X0)) <=> ped(X0))),
  inference(rectify,[],[f15])).
fof(f15,axiom,(
  ! [X14] : ((pob(X14) | m(X14) | f(X14)) <=> ped(X14))),
  file('outputs/dolce/subsumptions/type_napo_subsumed_to_ed.in',sos)).
fof(f763,plain,(
  spl18_25),
  inference(avatar_split_clause,[],[f536,f761])).
fof(f536,plain,(
  ( ! [X0] : (pob(X0) | ~napo(X0)) )),
  inference(cnf_transformation,[],[f190])).
fof(f190,plain,(
  ! [X0] : ((napo(X0) | apo(X0)) <=> pob(X0))),
  inference(rectify,[],[f7])).
fof(f7,axiom,(
  ! [X6] : ((napo(X6) | apo(X6)) <=> pob(X6))),
  file('outputs/dolce/subsumptions/type_napo_subsumed_to_ed.in',sos)).
fof(f671,plain,(
  spl18_2),
  inference(avatar_split_clause,[],[f476,f669])).
fof(f476,plain,(
  napo(xyz)),
  inference(cnf_transformation,[],[f132])).
fof(f132,axiom,(
  napo(xyz)),
  file('outputs/dolce/subsumptions/type_napo_subsumed_to_ed.in',axiom1)).
fof(f667,plain,(
  ~spl18_1),
  inference(avatar_split_clause,[],[f475,f665])).
fof(f475,plain,(
  ~ed(xyz)),
  inference(cnf_transformation,[],[f133])).
fof(f133,axiom,(
  ~ed(xyz)),
  file('outputs/dolce/subsumptions/type_napo_subsumed_to_ed.in',axiom2)).
% SZS output end Proof for type_napo_subsumed_to_ed
% ------------------------------
% Version: Vampire 4.7 (commit af7d05f97 on 2022-09-30 11:01:41 +0200)
% Termination reason: Refutation

% Memory used [KB]: 6268
% Time elapsed: 0.005 s
% ------------------------------
% ------------------------------
% Success in time 0.011 s
