% Running in auto input_syntax mode. Trying TPTP
% ott+11_2:1_add=large:afp=40000:afq=2.0:amm=sco:anc=none:br=off:cond=on:irw=on:nwc=1:sd=2:ss=axioms:st=2.0:sos=all:urr=on:updr=off_3 on ci_ufo_semiRigid_foundedBy_@_2 for (3ds)
% Refutation not found, incomplete strategy% ------------------------------
% Version: Vampire 4.7 (commit af7d05f97 on 2022-09-30 11:01:41 +0200)
% Termination reason: Refutation not found, incomplete strategy

% Memory used [KB]: 5884
% Time elapsed: 0.003 s
% ------------------------------
% ------------------------------
% dis+1010_10_afr=on:afp=100000:afq=2.0:amm=sco:anc=none:ep=RS:fde=unused:gs=on:nwc=1:sos=on:sac=on:sp=occurrence_2 on ci_ufo_semiRigid_foundedBy_@_2 for (2ds)
% Refutation not found, incomplete strategy% ------------------------------
% Version: Vampire 4.7 (commit af7d05f97 on 2022-09-30 11:01:41 +0200)
% Termination reason: Refutation not found, incomplete strategy

% Memory used [KB]: 10746
% Time elapsed: 0.006 s
% ------------------------------
% ------------------------------
% ott+1010_5:4_av=off:bd=off:fde=none:irw=on:lma=on:nm=32:nwc=2.5:sd=2:ss=axioms:st=3.0:urr=on_5 on ci_ufo_semiRigid_foundedBy_@_2 for (5ds)
% Refutation not found, incomplete strategy% ------------------------------
% Version: Vampire 4.7 (commit af7d05f97 on 2022-09-30 11:01:41 +0200)
% Termination reason: Refutation not found, incomplete strategy

% Memory used [KB]: 1407
% Time elapsed: 0.003 s
% ------------------------------
% ------------------------------
% WARNING: value z3 for option sas not known
% lrs+4_2_av=off:gs=on:gsem=on:lma=on:nm=16:nwc=1:sas=z3:stl=30:sos=on:urr=on_3 on ci_ufo_semiRigid_foundedBy_@_2 for (3ds)
% Refutation not found, incomplete strategy% ------------------------------
% Version: Vampire 4.7 (commit af7d05f97 on 2022-09-30 11:01:41 +0200)
% Termination reason: Refutation not found, incomplete strategy

% Memory used [KB]: 6396
% Time elapsed: 0.006 s
% ------------------------------
% ------------------------------
% lrs+1011_3:1_add=off:afr=on:afp=10000:afq=1.1:amm=off:bce=on:cond=on:ep=R:fsr=off:nm=16:nwc=1:stl=30:sos=all:sp=reverse_arity:updr=off_2 on ci_ufo_semiRigid_foundedBy_@_2 for (2ds)
% Refutation not found, incomplete strategy% ------------------------------
% Version: Vampire 4.7 (commit af7d05f97 on 2022-09-30 11:01:41 +0200)
% Termination reason: Refutation not found, incomplete strategy

% Memory used [KB]: 6524
% Time elapsed: 0.010 s
% ------------------------------
% ------------------------------
% dis+1011_10_aac=none:add=large:afp=10000:afq=1.1:amm=off:anc=none:fsr=off:gs=on:gsem=off:irw=on:nm=6:newcnf=on:nwc=2.5:sp=reverse_arity:updr=off_2 on ci_ufo_semiRigid_foundedBy_@_2 for (2ds)
% Time limit reached!
% ------------------------------
% Version: Vampire 4.7 (commit af7d05f97 on 2022-09-30 11:01:41 +0200)
% Termination reason: Time limit

% Memory used [KB]: 16375
% Time elapsed: 0.325 s
% ------------------------------
% ------------------------------
% ott+1002_2_av=off:bd=preordered:irw=on:lma=on:nm=64:nwc=10:sp=reverse_arity:updr=off_22 on ci_ufo_semiRigid_foundedBy_@_2 for (22ds)
% Time limit reached!
% ------------------------------
% Version: Vampire 4.7 (commit af7d05f97 on 2022-09-30 11:01:41 +0200)
% Termination reason: Time limit
% Termination phase: Saturation

% Memory used [KB]: 11641
% Time elapsed: 2.300 s
% ------------------------------
% ------------------------------
% lrs+1_2:3_aac=none:afr=on:afp=100000:afq=1.0:amm=sco:bd=off:fde=none:gs=on:gsem=on:irw=on:nm=4:nwc=1:stl=30:sos=on:sac=on:sp=occurrence:urr=ec_only:updr=off:uhcvi=on_16 on ci_ufo_semiRigid_foundedBy_@_2 for (16ds)
% Refutation not found, incomplete strategy% ------------------------------
% Version: Vampire 4.7 (commit af7d05f97 on 2022-09-30 11:01:41 +0200)
% Termination reason: Refutation not found, incomplete strategy

% Memory used [KB]: 11001
% Time elapsed: 0.006 s
% ------------------------------
% ------------------------------
% dis+1011_24_add=large:afr=on:afp=4000:afq=1.0:anc=none:bs=unit_only:bce=on:cond=fast:gs=on:nm=32:nwc=2.5:nicw=on:sp=occurrence:updr=off_4 on ci_ufo_semiRigid_foundedBy_@_2 for (4ds)
% Time limit reached!
% ------------------------------
% Version: Vampire 4.7 (commit af7d05f97 on 2022-09-30 11:01:41 +0200)
% Termination reason: Time limit
% Termination phase: Saturation

% Memory used [KB]: 25202
% Time elapsed: 0.500 s
% ------------------------------
% ------------------------------
WARNING Broken Constraint: if lrs_weight_limit_only(on) has been set then saturation_algorithm(discount) is equal to lrs
% dis+11_4_afr=on:afp=1000:afq=1.4:amm=off:anc=none:lcm=reverse:lma=on:lwlo=on:nm=6:newcnf=on:nwc=1:sd=2:ss=axioms:st=2.0:sp=reverse_arity_2 on ci_ufo_semiRigid_foundedBy_@_2 for (2ds)
% Refutation not found, incomplete strategy% ------------------------------
% Version: Vampire 4.7 (commit af7d05f97 on 2022-09-30 11:01:41 +0200)
% Termination reason: Refutation not found, incomplete strategy

% Memory used [KB]: 5884
% Time elapsed: 0.002 s
% ------------------------------
% ------------------------------
% dis-3_5_av=off:cond=on:gs=on:gsem=off:lcm=predicate:nm=0:nwc=1:sos=on:sp=reverse_arity_3 on ci_ufo_semiRigid_foundedBy_@_2 for (3ds)
% Refutation not found, incomplete strategy% ------------------------------
% Version: Vampire 4.7 (commit af7d05f97 on 2022-09-30 11:01:41 +0200)
% Termination reason: Refutation not found, incomplete strategy

% Memory used [KB]: 6396
% Time elapsed: 0.006 s
% ------------------------------
% ------------------------------
% lrs+1011_3:2_av=off:er=known:lma=on:nm=2:newcnf=on:nwc=2:stl=30:sd=2:ss=axioms:st=3.0:urr=on:updr=off_5 on ci_ufo_semiRigid_foundedBy_@_2 for (5ds)
% Refutation not found, incomplete strategy% ------------------------------
% Version: Vampire 4.7 (commit af7d05f97 on 2022-09-30 11:01:41 +0200)
% Termination reason: Refutation not found, incomplete strategy

% Memory used [KB]: 1407
% Time elapsed: 0.002 s
% ------------------------------
% ------------------------------
% lrs+1003_2_acc=on:afp=4000:afq=2.0:amm=sco:bd=off:ccuc=small_ones:fsr=off:fde=unused:gsp=on:nm=64:newcnf=on:nwc=2.5:nicw=on:stl=30:urr=ec_only_8 on ci_ufo_semiRigid_foundedBy_@_2 for (8ds)
% Time limit reached!
% ------------------------------
% Version: Vampire 4.7 (commit af7d05f97 on 2022-09-30 11:01:41 +0200)
% Termination reason: Time limit
% Termination phase: Saturation

% Memory used [KB]: 18677
% Time elapsed: 0.900 s
% ------------------------------
% ------------------------------
% lrs+2_1_add=large:afp=100000:afq=1.0:amm=off:anc=none:bd=off:bs=unit_only:bsr=on:gsp=on:lma=on:lwlo=on:newcnf=on:nwc=1:stl=30:sos=theory:sp=reverse_arity:updr=off_14 on ci_ufo_semiRigid_foundedBy_@_2 for (14ds)
% Time limit reached!
% ------------------------------
% Version: Vampire 4.7 (commit af7d05f97 on 2022-09-30 11:01:41 +0200)
% Termination reason: Time limit
% Termination phase: Saturation

% Memory used [KB]: 21748
% Time elapsed: 1.500 s
% ------------------------------
% ------------------------------
WARNING Broken Constraint: if lrs_weight_limit_only(on) has been set then saturation_algorithm(otter) is equal to lrs
% ott+1_8_av=off:bd=off:bs=on:cond=on:gsp=on:gs=on:gsem=off:irw=on:lcm=predicate:lwlo=on:nwc=1:sos=on_10 on ci_ufo_semiRigid_foundedBy_@_2 for (10ds)
% Refutation not found, incomplete strategy% ------------------------------
% Version: Vampire 4.7 (commit af7d05f97 on 2022-09-30 11:01:41 +0200)
% Termination reason: Refutation not found, incomplete strategy

% Memory used [KB]: 6396
% Time elapsed: 0.006 s
% ------------------------------
% ------------------------------
% dis+1010_3:2_acc=on:afr=on:afp=1000:afq=1.2:amm=sco:bs=on:ccuc=first:fde=none:nm=0:nwc=4:sd=3:ss=axioms:st=5.0:urr=ec_only_4 on ci_ufo_semiRigid_foundedBy_@_2 for (4ds)
% Refutation not found, incomplete strategy% ------------------------------
% Version: Vampire 4.7 (commit af7d05f97 on 2022-09-30 11:01:41 +0200)
% Termination reason: Refutation not found, incomplete strategy

% Memory used [KB]: 5884
% Time elapsed: 0.002 s
% ------------------------------
% ------------------------------
% dis+11_3:1_add=off:afr=on:afp=100000:afq=1.2:amm=off:anc=none:bd=off:bs=unit_only:irw=on:lcm=predicate:lma=on:nm=2:nwc=1:sd=2:ss=axioms:sos=all:sp=occurrence:updr=off_1 on ci_ufo_semiRigid_foundedBy_@_2 for (1ds)
% Refutation not found, incomplete strategy% ------------------------------
% Version: Vampire 4.7 (commit af7d05f97 on 2022-09-30 11:01:41 +0200)
% Termination reason: Refutation not found, incomplete strategy

% Memory used [KB]: 5884
% Time elapsed: 0.002 s
% ------------------------------
% ------------------------------
% lrs+1002_3_aac=none:acc=on:add=off:afp=4000:afq=1.1:amm=sco:anc=none:cond=on:fsr=off:gs=on:irw=on:nm=32:newcnf=on:nwc=1.1:nicw=on:stl=30:sd=2:ss=axioms:st=5.0:sos=on:sp=occurrence:updr=off_24 on ci_ufo_semiRigid_foundedBy_@_2 for (24ds)
% Refutation not found, incomplete strategy% ------------------------------
% Version: Vampire 4.7 (commit af7d05f97 on 2022-09-30 11:01:41 +0200)
% Termination reason: Refutation not found, incomplete strategy

% Memory used [KB]: 10362
% Time elapsed: 0.002 s
% ------------------------------
% ------------------------------
% WARNING: value z3 for option sas not known
% dis+1010_4_afp=10000:afq=1.2:anc=none:irw=on:lma=on:nm=64:nwc=10:sas=z3:sac=on:sp=reverse_arity:updr=off_2 on ci_ufo_semiRigid_foundedBy_@_2 for (2ds)
% Time limit reached!
% ------------------------------
% Version: Vampire 4.7 (commit af7d05f97 on 2022-09-30 11:01:41 +0200)
% Termination reason: Time limit
% Termination phase: Saturation

% Memory used [KB]: 11513
% Time elapsed: 0.300 s
% ------------------------------
% ------------------------------
% lrs+1011_2:3_av=off:gs=on:gsem=off:nwc=1.5:stl=30:sos=theory:sp=occurrence:urr=ec_only:updr=off_36 on ci_ufo_semiRigid_foundedBy_@_2 for (36ds)
% Time limit reached!
% ------------------------------
% Version: Vampire 4.7 (commit af7d05f97 on 2022-09-30 11:01:41 +0200)
% Termination reason: Time limit

% Memory used [KB]: 43879
% Time elapsed: 7207.701 s
% ------------------------------
% ------------------------------
% Proof not found in time 7214.47 s
% SZS status Timeout for ci_ufo_semiRigid_foundedBy_@_2
