% Running in auto input_syntax mode. Trying TPTP
% ott+11_3_aac=none:afr=on:afp=4000:afq=1.4:amm=off:anc=all:bs=unit_only:bsr=on:bce=on:fde=unused:irw=on:nm=64:newcnf=on:nwc=1:nicw=on:sac=on:sp=reverse_arity:uhcvi=on_31 on ci_ufo_relator_properSpecializes_@_1 for (31ds)
% Refutation found. Thanks to Tanya!
% SZS status Unsatisfiable for ci_ufo_relator_properSpecializes_@_1
% SZS output start Proof for ci_ufo_relator_properSpecializes_@_1
fof(f13384,plain,(
  $false),
  inference(avatar_sat_refutation,[],[f655,f671,f699,f759,f859,f1071,f1099,f1175,f1429,f1657,f1794,f2266,f2379,f8111,f8119,f11758,f11995,f12170,f12177,f12192,f12275])).
fof(f12275,plain,(
  ~spl59_2 | ~spl59_13 | ~spl59_53 | ~spl59_1024),
  inference(avatar_contradiction_clause,[],[f12249])).
fof(f12249,plain,(
  $false | (~spl59_2 | ~spl59_13 | ~spl59_53 | ~spl59_1024)),
  inference(subsumption_resolution,[],[f654,f12197])).
fof(f12197,plain,(
  ( ! [X2] : (~relator(X2)) ) | (~spl59_13 | ~spl59_53 | ~spl59_1024)),
  inference(subsumption_resolution,[],[f12194,f698])).
fof(f698,plain,(
  ( ! [X0] : (~intrinsicMoment(X0) | ~relator(X0)) ) | ~spl59_13),
  inference(avatar_component_clause,[],[f697])).
fof(f697,plain,(
  spl59_13 <=> ! [X0] : (~intrinsicMoment(X0) | ~relator(X0))),
  introduced(avatar_definition,[new_symbols(naming,[spl59_13])])).
fof(f12194,plain,(
  ( ! [X2] : (~relator(X2) | intrinsicMoment(X2)) ) | (~spl59_53 | ~spl59_1024)),
  inference(resolution,[],[f12191,f858])).
fof(f858,plain,(
  ( ! [X0] : (~mode(X0) | intrinsicMoment(X0)) ) | ~spl59_53),
  inference(avatar_component_clause,[],[f857])).
fof(f857,plain,(
  spl59_53 <=> ! [X0] : (intrinsicMoment(X0) | ~mode(X0))),
  introduced(avatar_definition,[new_symbols(naming,[spl59_53])])).
fof(f12191,plain,(
  ( ! [X10] : (mode(X10) | ~relator(X10)) ) | ~spl59_1024),
  inference(avatar_component_clause,[],[f12190])).
fof(f12190,plain,(
  spl59_1024 <=> ! [X10] : (~relator(X10) | mode(X10))),
  introduced(avatar_definition,[new_symbols(naming,[spl59_1024])])).
fof(f654,plain,(
  relator(xyz) | ~spl59_2),
  inference(avatar_component_clause,[],[f653])).
fof(f653,plain,(
  spl59_2 <=> relator(xyz)),
  introduced(avatar_definition,[new_symbols(naming,[spl59_2])])).
fof(f12192,plain,(
  spl59_1024 | ~spl59_28 | ~spl59_1022),
  inference(avatar_split_clause,[],[f12187,f12175,f757,f12190])).
fof(f757,plain,(
  spl59_28 <=> ! [X0] : (~externallyDependentMode(X0) | mode(X0))),
  introduced(avatar_definition,[new_symbols(naming,[spl59_28])])).
fof(f12175,plain,(
  spl59_1022 <=> ! [X0] : (externallyDependentMode(X0) | ~relator(X0))),
  introduced(avatar_definition,[new_symbols(naming,[spl59_1022])])).
fof(f12187,plain,(
  ( ! [X10] : (~relator(X10) | mode(X10)) ) | (~spl59_28 | ~spl59_1022)),
  inference(resolution,[],[f12176,f758])).
fof(f758,plain,(
  ( ! [X0] : (~externallyDependentMode(X0) | mode(X0)) ) | ~spl59_28),
  inference(avatar_component_clause,[],[f757])).
fof(f12176,plain,(
  ( ! [X0] : (externallyDependentMode(X0) | ~relator(X0)) ) | ~spl59_1022),
  inference(avatar_component_clause,[],[f12175])).
fof(f12177,plain,(
  spl59_1022 | ~spl59_222 | ~spl59_1021),
  inference(avatar_split_clause,[],[f12173,f12168,f1655,f12175])).
fof(f1655,plain,(
  spl59_222 <=> ! [X0] : (partOf(sK39(X0),X0) | ~relator(X0))),
  introduced(avatar_definition,[new_symbols(naming,[spl59_222])])).
fof(f12168,plain,(
  spl59_1021 <=> ! [X2,X1] : (~relator(X1) | externallyDependentMode(X2) | ~partOf(sK39(X1),X2))),
  introduced(avatar_definition,[new_symbols(naming,[spl59_1021])])).
fof(f12173,plain,(
  ( ! [X0] : (externallyDependentMode(X0) | ~relator(X0)) ) | (~spl59_222 | ~spl59_1021)),
  inference(duplicate_literal_removal,[],[f12171])).
fof(f12171,plain,(
  ( ! [X0] : (externallyDependentMode(X0) | ~relator(X0) | ~relator(X0)) ) | (~spl59_222 | ~spl59_1021)),
  inference(resolution,[],[f12169,f1656])).
fof(f1656,plain,(
  ( ! [X0] : (partOf(sK39(X0),X0) | ~relator(X0)) ) | ~spl59_222),
  inference(avatar_component_clause,[],[f1655])).
fof(f12169,plain,(
  ( ! [X2,X1] : (~partOf(sK39(X1),X2) | externallyDependentMode(X2) | ~relator(X1)) ) | ~spl59_1021),
  inference(avatar_component_clause,[],[f12168])).
fof(f12170,plain,(
  spl59_1021 | ~spl59_364 | ~spl59_990),
  inference(avatar_split_clause,[],[f12001,f11993,f2377,f12168])).
fof(f2377,plain,(
  spl59_364 <=> ! [X0,X1] : (~partOf(X0,X1) | overlap(X1,X0))),
  introduced(avatar_definition,[new_symbols(naming,[spl59_364])])).
fof(f11993,plain,(
  spl59_990 <=> ! [X6,X5] : (~relator(X5) | ~overlap(X6,sK39(X5)) | externallyDependentMode(X6))),
  introduced(avatar_definition,[new_symbols(naming,[spl59_990])])).
fof(f12001,plain,(
  ( ! [X2,X1] : (~relator(X1) | externallyDependentMode(X2) | ~partOf(sK39(X1),X2)) ) | (~spl59_364 | ~spl59_990)),
  inference(resolution,[],[f11994,f2378])).
fof(f2378,plain,(
  ( ! [X0,X1] : (overlap(X1,X0) | ~partOf(X0,X1)) ) | ~spl59_364),
  inference(avatar_component_clause,[],[f2377])).
fof(f11994,plain,(
  ( ! [X6,X5] : (~overlap(X6,sK39(X5)) | ~relator(X5) | externallyDependentMode(X6)) ) | ~spl59_990),
  inference(avatar_component_clause,[],[f11993])).
fof(f11995,plain,(
  spl59_990 | ~spl59_185 | ~spl59_953),
  inference(avatar_split_clause,[],[f11761,f11756,f1427,f11993])).
fof(f1427,plain,(
  spl59_185 <=> ! [X2,X0,X1] : (externallyDependentMode(X2) | ~overlap(X2,X0) | ~quaIndividualOf(X0,X1))),
  introduced(avatar_definition,[new_symbols(naming,[spl59_185])])).
fof(f11756,plain,(
  spl59_953 <=> ! [X6] : (~relator(X6) | quaIndividualOf(sK39(X6),sK20(sK39(X6))))),
  introduced(avatar_definition,[new_symbols(naming,[spl59_953])])).
fof(f11761,plain,(
  ( ! [X6,X5] : (~relator(X5) | ~overlap(X6,sK39(X5)) | externallyDependentMode(X6)) ) | (~spl59_185 | ~spl59_953)),
  inference(resolution,[],[f11757,f1428])).
fof(f1428,plain,(
  ( ! [X2,X0,X1] : (~quaIndividualOf(X0,X1) | ~overlap(X2,X0) | externallyDependentMode(X2)) ) | ~spl59_185),
  inference(avatar_component_clause,[],[f1427])).
fof(f11757,plain,(
  ( ! [X6] : (quaIndividualOf(sK39(X6),sK20(sK39(X6))) | ~relator(X6)) ) | ~spl59_953),
  inference(avatar_component_clause,[],[f11756])).
fof(f11758,plain,(
  spl59_953 | ~spl59_103 | ~spl59_787),
  inference(avatar_split_clause,[],[f8126,f8117,f1069,f11756])).
fof(f1069,plain,(
  spl59_103 <=> ! [X0] : (quaIndividualOf(X0,sK20(X0)) | ~quaIndividual(X0))),
  introduced(avatar_definition,[new_symbols(naming,[spl59_103])])).
fof(f8117,plain,(
  spl59_787 <=> ! [X2] : (quaIndividual(sK39(X2)) | ~relator(X2))),
  introduced(avatar_definition,[new_symbols(naming,[spl59_787])])).
fof(f8126,plain,(
  ( ! [X6] : (~relator(X6) | quaIndividualOf(sK39(X6),sK20(sK39(X6)))) ) | (~spl59_103 | ~spl59_787)),
  inference(resolution,[],[f8118,f1070])).
fof(f1070,plain,(
  ( ! [X0] : (~quaIndividual(X0) | quaIndividualOf(X0,sK20(X0))) ) | ~spl59_103),
  inference(avatar_component_clause,[],[f1069])).
fof(f8118,plain,(
  ( ! [X2] : (quaIndividual(sK39(X2)) | ~relator(X2)) ) | ~spl59_787),
  inference(avatar_component_clause,[],[f8117])).
fof(f8119,plain,(
  spl59_787 | ~spl59_110 | ~spl59_786),
  inference(avatar_split_clause,[],[f8115,f8109,f1097,f8117])).
fof(f1097,plain,(
  spl59_110 <=> ! [X0] : (properPartOf(sK39(X0),X0) | ~relator(X0))),
  introduced(avatar_definition,[new_symbols(naming,[spl59_110])])).
fof(f8109,plain,(
  spl59_786 <=> ! [X4,X3] : (~properPartOf(X3,X4) | quaIndividual(sK39(X4)) | ~relator(X4))),
  introduced(avatar_definition,[new_symbols(naming,[spl59_786])])).
fof(f8115,plain,(
  ( ! [X2] : (quaIndividual(sK39(X2)) | ~relator(X2)) ) | (~spl59_110 | ~spl59_786)),
  inference(duplicate_literal_removal,[],[f8114])).
fof(f8114,plain,(
  ( ! [X2] : (quaIndividual(sK39(X2)) | ~relator(X2) | ~relator(X2)) ) | (~spl59_110 | ~spl59_786)),
  inference(resolution,[],[f8110,f1098])).
fof(f1098,plain,(
  ( ! [X0] : (properPartOf(sK39(X0),X0) | ~relator(X0)) ) | ~spl59_110),
  inference(avatar_component_clause,[],[f1097])).
fof(f8110,plain,(
  ( ! [X3,X4] : (~properPartOf(X3,X4) | quaIndividual(sK39(X4)) | ~relator(X4)) ) | ~spl59_786),
  inference(avatar_component_clause,[],[f8109])).
fof(f8111,plain,(
  spl59_786 | ~spl59_110 | ~spl59_344),
  inference(avatar_split_clause,[],[f4230,f2264,f1097,f8109])).
fof(f2264,plain,(
  spl59_344 <=> ! [X5,X4,X0] : (~properPartOf(X4,X0) | ~properPartOf(X5,X0) | quaIndividual(X5) | ~relator(X0))),
  introduced(avatar_definition,[new_symbols(naming,[spl59_344])])).
fof(f4230,plain,(
  ( ! [X3,X4] : (~properPartOf(X3,X4) | quaIndividual(sK39(X4)) | ~relator(X4)) ) | (~spl59_110 | ~spl59_344)),
  inference(duplicate_literal_removal,[],[f4229])).
fof(f4229,plain,(
  ( ! [X3,X4] : (~properPartOf(X3,X4) | quaIndividual(sK39(X4)) | ~relator(X4) | ~relator(X4)) ) | (~spl59_110 | ~spl59_344)),
  inference(resolution,[],[f2265,f1098])).
fof(f2265,plain,(
  ( ! [X0,X4,X5] : (~properPartOf(X5,X0) | ~properPartOf(X4,X0) | quaIndividual(X5) | ~relator(X0)) ) | ~spl59_344),
  inference(avatar_component_clause,[],[f2264])).
fof(f2379,plain,(
  spl59_364 | ~spl59_6 | ~spl59_251),
  inference(avatar_split_clause,[],[f2371,f1792,f669,f2377])).
fof(f669,plain,(
  spl59_6 <=> ! [X0] : partOf(X0,X0)),
  introduced(avatar_definition,[new_symbols(naming,[spl59_6])])).
fof(f1792,plain,(
  spl59_251 <=> ! [X2,X0,X1] : (~partOf(X2,X0) | ~partOf(X2,X1) | overlap(X0,X1))),
  introduced(avatar_definition,[new_symbols(naming,[spl59_251])])).
fof(f2371,plain,(
  ( ! [X0,X1] : (~partOf(X0,X1) | overlap(X1,X0)) ) | (~spl59_6 | ~spl59_251)),
  inference(resolution,[],[f1793,f670])).
fof(f670,plain,(
  ( ! [X0] : (partOf(X0,X0)) ) | ~spl59_6),
  inference(avatar_component_clause,[],[f669])).
fof(f1793,plain,(
  ( ! [X2,X0,X1] : (~partOf(X2,X1) | ~partOf(X2,X0) | overlap(X0,X1)) ) | ~spl59_251),
  inference(avatar_component_clause,[],[f1792])).
fof(f2266,plain,(
  spl59_344),
  inference(avatar_split_clause,[],[f489,f2264])).
fof(f489,plain,(
  ( ! [X0,X4,X5] : (~properPartOf(X4,X0) | ~properPartOf(X5,X0) | quaIndividual(X5) | ~relator(X0)) )),
  inference(cnf_transformation,[],[f272])).
fof(f272,plain,(
  ! [X0] : (relator(X0) <=> (! [X1,X2] : (properPartOf(X2,X0) | ? [X3] : (foundedBy(X1,X3) <~> foundedBy(X2,X3)) | ~existentiallyDependsOn(X2,X1) | ~existentiallyDependsOn(X1,X2) | ~quaIndividual(X2) | ~properPartOf(X1,X0)) & ! [X4,X5] : ((! [X6] : (foundedBy(X4,X6) <=> foundedBy(X5,X6)) & existentiallyDependsOn(X5,X4) & existentiallyDependsOn(X4,X5) & quaIndividual(X5) & quaIndividual(X4)) | ~properPartOf(X5,X0) | ~properPartOf(X4,X0)) & ? [X7] : properPartOf(X7,X0)))),
  inference(flattening,[],[f271])).
fof(f271,plain,(
  ! [X0] : (relator(X0) <=> (! [X1,X2] : (properPartOf(X2,X0) | (? [X3] : (foundedBy(X1,X3) <~> foundedBy(X2,X3)) | ~existentiallyDependsOn(X2,X1) | ~existentiallyDependsOn(X1,X2) | ~quaIndividual(X2) | ~properPartOf(X1,X0))) & ! [X4,X5] : ((! [X6] : (foundedBy(X4,X6) <=> foundedBy(X5,X6)) & existentiallyDependsOn(X5,X4) & existentiallyDependsOn(X4,X5) & quaIndividual(X5) & quaIndividual(X4)) | (~properPartOf(X5,X0) | ~properPartOf(X4,X0))) & ? [X7] : properPartOf(X7,X0)))),
  inference(ennf_transformation,[],[f171])).
fof(f171,plain,(
  ! [X0] : (relator(X0) <=> (! [X1,X2] : ((! [X3] : (foundedBy(X1,X3) <=> foundedBy(X2,X3)) & existentiallyDependsOn(X2,X1) & existentiallyDependsOn(X1,X2) & quaIndividual(X2) & properPartOf(X1,X0)) => properPartOf(X2,X0)) & ! [X4,X5] : ((properPartOf(X5,X0) & properPartOf(X4,X0)) => (! [X6] : (foundedBy(X4,X6) <=> foundedBy(X5,X6)) & existentiallyDependsOn(X5,X4) & existentiallyDependsOn(X4,X5) & quaIndividual(X5) & quaIndividual(X4))) & ? [X7] : properPartOf(X7,X0)))),
  inference(rectify,[],[f124])).
fof(f124,axiom,(
  ! [X23] : (relator(X23) <=> (! [X24,X25] : ((! [X18] : (foundedBy(X24,X18) <=> foundedBy(X25,X18)) & existentiallyDependsOn(X25,X24) & existentiallyDependsOn(X24,X25) & quaIndividual(X25) & properPartOf(X24,X23)) => properPartOf(X25,X23)) & ! [X1,X3] : ((properPartOf(X3,X23) & properPartOf(X1,X23)) => (! [X14] : (foundedBy(X1,X14) <=> foundedBy(X3,X14)) & existentiallyDependsOn(X3,X1) & existentiallyDependsOn(X1,X3) & quaIndividual(X3) & quaIndividual(X1))) & ? [X0] : properPartOf(X0,X23)))),
  file('outputs/ufo/cis/ci_ufo_relator_properSpecializes_@_1.in',ax_dRelator_a81)).
fof(f1794,plain,(
  spl59_251),
  inference(avatar_split_clause,[],[f596,f1792])).
fof(f596,plain,(
  ( ! [X2,X0,X1] : (~partOf(X2,X0) | ~partOf(X2,X1) | overlap(X0,X1)) )),
  inference(cnf_transformation,[],[f184])).
fof(f184,plain,(
  ! [X0,X1] : (overlap(X0,X1) <=> ? [X2] : (partOf(X2,X1) & partOf(X2,X0)))),
  inference(rectify,[],[f89])).
fof(f89,axiom,(
  ! [X0,X1] : (overlap(X0,X1) <=> ? [X3] : (partOf(X3,X1) & partOf(X3,X0)))),
  file('outputs/ufo/cis/ci_ufo_relator_properSpecializes_@_1.in',ax_overlappingWholes_a50)).
fof(f1657,plain,(
  spl59_222 | ~spl59_110 | ~spl59_129),
  inference(avatar_split_clause,[],[f1318,f1173,f1097,f1655])).
fof(f1173,plain,(
  spl59_129 <=> ! [X0,X1] : (partOf(X0,X1) | ~properPartOf(X0,X1))),
  introduced(avatar_definition,[new_symbols(naming,[spl59_129])])).
fof(f1318,plain,(
  ( ! [X0] : (partOf(sK39(X0),X0) | ~relator(X0)) ) | (~spl59_110 | ~spl59_129)),
  inference(resolution,[],[f1174,f1098])).
fof(f1174,plain,(
  ( ! [X0,X1] : (~properPartOf(X0,X1) | partOf(X0,X1)) ) | ~spl59_129),
  inference(avatar_component_clause,[],[f1173])).
fof(f1429,plain,(
  spl59_185),
  inference(avatar_split_clause,[],[f589,f1427])).
fof(f589,plain,(
  ( ! [X2,X0,X1] : (externallyDependentMode(X2) | ~overlap(X2,X0) | ~quaIndividualOf(X0,X1)) )),
  inference(cnf_transformation,[],[f284])).
fof(f284,plain,(
  ! [X0,X1] : (quaIndividualOf(X0,X1) <=> ! [X2] : (overlap(X2,X0) <=> (! [X3] : (foundedBy(X2,X3) | ~foundedBy(X0,X3)) & inheresIn(X2,X1) & externallyDependentMode(X2))))),
  inference(ennf_transformation,[],[f183])).
fof(f183,plain,(
  ! [X0,X1] : (quaIndividualOf(X0,X1) <=> ! [X2] : (overlap(X2,X0) <=> (! [X3] : (foundedBy(X0,X3) => foundedBy(X2,X3)) & inheresIn(X2,X1) & externallyDependentMode(X2))))),
  inference(rectify,[],[f121])).
fof(f121,axiom,(
  ! [X0,X1] : (quaIndividualOf(X0,X1) <=> ! [X3] : (overlap(X3,X0) <=> (! [X14] : (foundedBy(X0,X14) => foundedBy(X3,X14)) & inheresIn(X3,X1) & externallyDependentMode(X3))))),
  file('outputs/ufo/cis/ci_ufo_relator_properSpecializes_@_1.in',ax_dQuaIndividualOf_a75)).
fof(f1175,plain,(
  spl59_129),
  inference(avatar_split_clause,[],[f591,f1173])).
fof(f591,plain,(
  ( ! [X0,X1] : (partOf(X0,X1) | ~properPartOf(X0,X1)) )),
  inference(cnf_transformation,[],[f91])).
fof(f91,axiom,(
  ! [X0,X1] : (properPartOf(X0,X1) <=> (~partOf(X1,X0) & partOf(X0,X1)))),
  file('outputs/ufo/cis/ci_ufo_relator_properSpecializes_@_1.in',ax_properPart_a52)).
fof(f1099,plain,(
  spl59_110),
  inference(avatar_split_clause,[],[f502,f1097])).
fof(f502,plain,(
  ( ! [X0] : (properPartOf(sK39(X0),X0) | ~relator(X0)) )),
  inference(cnf_transformation,[],[f272])).
fof(f1071,plain,(
  spl59_103),
  inference(avatar_split_clause,[],[f410,f1069])).
fof(f410,plain,(
  ( ! [X0] : (quaIndividualOf(X0,sK20(X0)) | ~quaIndividual(X0)) )),
  inference(cnf_transformation,[],[f122])).
fof(f122,axiom,(
  ! [X0] : (quaIndividual(X0) <=> ? [X1] : quaIndividualOf(X0,X1))),
  file('outputs/ufo/cis/ci_ufo_relator_properSpecializes_@_1.in',ax_dQuaIndividual_a76)).
fof(f859,plain,(
  spl59_53),
  inference(avatar_split_clause,[],[f517,f857])).
fof(f517,plain,(
  ( ! [X0] : (intrinsicMoment(X0) | ~mode(X0)) )),
  inference(cnf_transformation,[],[f22])).
fof(f22,axiom,(
  ! [X0] : ((mode(X0) | quality(X0)) <=> intrinsicMoment(X0))),
  file('outputs/ufo/cis/ci_ufo_relator_properSpecializes_@_1.in',ax_intrinsicMoment_taxonomy)).
fof(f759,plain,(
  spl59_28),
  inference(avatar_split_clause,[],[f349,f757])).
fof(f349,plain,(
  ( ! [X0] : (~externallyDependentMode(X0) | mode(X0)) )),
  inference(cnf_transformation,[],[f239])).
fof(f239,plain,(
  ! [X0] : (mode(X0) | ~externallyDependentMode(X0))),
  inference(ennf_transformation,[],[f24])).
fof(f24,axiom,(
  ! [X0] : (externallyDependentMode(X0) => mode(X0))),
  file('outputs/ufo/cis/ci_ufo_relator_properSpecializes_@_1.in',ax_mode_taxonomy_externallyDependentMode)).
fof(f699,plain,(
  spl59_13),
  inference(avatar_split_clause,[],[f323,f697])).
fof(f323,plain,(
  ( ! [X0] : (~intrinsicMoment(X0) | ~relator(X0)) )),
  inference(cnf_transformation,[],[f224])).
fof(f224,plain,(
  ! [X0] : (~relator(X0) | ~intrinsicMoment(X0))),
  inference(ennf_transformation,[],[f21])).
fof(f21,axiom,(
  ~? [X0] : (relator(X0) & intrinsicMoment(X0))),
  file('outputs/ufo/cis/ci_ufo_relator_properSpecializes_@_1.in',ax_moment_partition)).
fof(f671,plain,(
  spl59_6),
  inference(avatar_split_clause,[],[f346,f669])).
fof(f346,plain,(
  ( ! [X0] : (partOf(X0,X0)) )),
  inference(cnf_transformation,[],[f85])).
fof(f85,axiom,(
  ! [X0] : partOf(X0,X0)),
  file('outputs/ufo/cis/ci_ufo_relator_properSpecializes_@_1.in',ax_reflexiveParthood)).
fof(f655,plain,(
  spl59_2),
  inference(avatar_split_clause,[],[f311,f653])).
fof(f311,plain,(
  relator(xyz)),
  inference(cnf_transformation,[],[f132])).
fof(f132,axiom,(
  relator(xyz)),
  file('outputs/ufo/cis/ci_ufo_relator_properSpecializes_@_1.in',axiom4142)).
% SZS output end Proof for ci_ufo_relator_properSpecializes_@_1
% ------------------------------
% Version: Vampire 4.7 (commit af7d05f97 on 2022-09-30 11:01:41 +0200)
% Termination reason: Refutation

% Memory used [KB]: 13944
% Time elapsed: 0.154 s
% ------------------------------
% ------------------------------
% Success in time 0.161 s
