% Running in auto input_syntax mode. Trying TPTP
% ott+11_3_aac=none:afr=on:afp=4000:afq=1.4:amm=off:anc=all:bs=unit_only:bsr=on:bce=on:fde=unused:irw=on:nm=64:newcnf=on:nwc=1:nicw=on:sac=on:sp=reverse_arity:uhcvi=on_31 on ci_ufo_relator_ultimateBearerOf_@_2 for (31ds)
% Refutation found. Thanks to Tanya!
% SZS status Unsatisfiable for ci_ufo_relator_ultimateBearerOf_@_2
% SZS output start Proof for ci_ufo_relator_ultimateBearerOf_@_2
fof(f11804,plain,(
  $false),
  inference(avatar_sat_refutation,[],[f652,f668,f696,f756,f856,f1068,f1096,f1164,f1420,f1704,f1836,f2329,f2457,f6791,f6999,f7017,f11054,f11303,f11320,f11777,f11788,f11799,f11803])).
fof(f11803,plain,(
  spl59_691 | ~spl59_53 | ~spl59_1090),
  inference(avatar_split_clause,[],[f11801,f11797,f854,f6755])).
fof(f6755,plain,(
  spl59_691 <=> intrinsicMoment(xyz)),
  introduced(avatar_definition,[new_symbols(naming,[spl59_691])])).
fof(f854,plain,(
  spl59_53 <=> ! [X0] : (intrinsicMoment(X0) | ~mode(X0))),
  introduced(avatar_definition,[new_symbols(naming,[spl59_53])])).
fof(f11797,plain,(
  spl59_1090 <=> mode(xyz)),
  introduced(avatar_definition,[new_symbols(naming,[spl59_1090])])).
fof(f11801,plain,(
  intrinsicMoment(xyz) | (~spl59_53 | ~spl59_1090)),
  inference(resolution,[],[f11798,f855])).
fof(f855,plain,(
  ( ! [X0] : (~mode(X0) | intrinsicMoment(X0)) ) | ~spl59_53),
  inference(avatar_component_clause,[],[f854])).
fof(f11798,plain,(
  mode(xyz) | ~spl59_1090),
  inference(avatar_component_clause,[],[f11797])).
fof(f11799,plain,(
  spl59_1090 | ~spl59_28 | ~spl59_1089),
  inference(avatar_split_clause,[],[f11794,f11786,f754,f11797])).
fof(f754,plain,(
  spl59_28 <=> ! [X0] : (~externallyDependentMode(X0) | mode(X0))),
  introduced(avatar_definition,[new_symbols(naming,[spl59_28])])).
fof(f11786,plain,(
  spl59_1089 <=> externallyDependentMode(xyz)),
  introduced(avatar_definition,[new_symbols(naming,[spl59_1089])])).
fof(f11794,plain,(
  mode(xyz) | (~spl59_28 | ~spl59_1089)),
  inference(resolution,[],[f11787,f755])).
fof(f755,plain,(
  ( ! [X0] : (~externallyDependentMode(X0) | mode(X0)) ) | ~spl59_28),
  inference(avatar_component_clause,[],[f754])).
fof(f11787,plain,(
  externallyDependentMode(xyz) | ~spl59_1089),
  inference(avatar_component_clause,[],[f11786])).
fof(f11788,plain,(
  spl59_1089 | ~spl59_2 | ~spl59_230 | ~spl59_1087),
  inference(avatar_split_clause,[],[f11784,f11775,f1702,f650,f11786])).
fof(f650,plain,(
  spl59_2 <=> relator(xyz)),
  introduced(avatar_definition,[new_symbols(naming,[spl59_2])])).
fof(f1702,plain,(
  spl59_230 <=> ! [X0] : (partOf(sK39(X0),X0) | ~relator(X0))),
  introduced(avatar_definition,[new_symbols(naming,[spl59_230])])).
fof(f11775,plain,(
  spl59_1087 <=> ! [X0] : (externallyDependentMode(X0) | ~partOf(sK39(xyz),X0))),
  introduced(avatar_definition,[new_symbols(naming,[spl59_1087])])).
fof(f11784,plain,(
  externallyDependentMode(xyz) | (~spl59_2 | ~spl59_230 | ~spl59_1087)),
  inference(subsumption_resolution,[],[f11782,f651])).
fof(f651,plain,(
  relator(xyz) | ~spl59_2),
  inference(avatar_component_clause,[],[f650])).
fof(f11782,plain,(
  externallyDependentMode(xyz) | ~relator(xyz) | (~spl59_230 | ~spl59_1087)),
  inference(resolution,[],[f11776,f1703])).
fof(f1703,plain,(
  ( ! [X0] : (partOf(sK39(X0),X0) | ~relator(X0)) ) | ~spl59_230),
  inference(avatar_component_clause,[],[f1702])).
fof(f11776,plain,(
  ( ! [X0] : (~partOf(sK39(xyz),X0) | externallyDependentMode(X0)) ) | ~spl59_1087),
  inference(avatar_component_clause,[],[f11775])).
fof(f11777,plain,(
  spl59_1087 | ~spl59_375 | ~spl59_1023),
  inference(avatar_split_clause,[],[f11326,f11318,f2455,f11775])).
fof(f2455,plain,(
  spl59_375 <=> ! [X0,X1] : (~partOf(X0,X1) | overlap(X1,X0))),
  introduced(avatar_definition,[new_symbols(naming,[spl59_375])])).
fof(f11318,plain,(
  spl59_1023 <=> ! [X2] : (~overlap(X2,sK39(xyz)) | externallyDependentMode(X2))),
  introduced(avatar_definition,[new_symbols(naming,[spl59_1023])])).
fof(f11326,plain,(
  ( ! [X0] : (externallyDependentMode(X0) | ~partOf(sK39(xyz),X0)) ) | (~spl59_375 | ~spl59_1023)),
  inference(resolution,[],[f11319,f2456])).
fof(f2456,plain,(
  ( ! [X0,X1] : (overlap(X1,X0) | ~partOf(X0,X1)) ) | ~spl59_375),
  inference(avatar_component_clause,[],[f2455])).
fof(f11319,plain,(
  ( ! [X2] : (~overlap(X2,sK39(xyz)) | externallyDependentMode(X2)) ) | ~spl59_1023),
  inference(avatar_component_clause,[],[f11318])).
fof(f11320,plain,(
  spl59_1023 | ~spl59_2 | ~spl59_1022),
  inference(avatar_split_clause,[],[f11305,f11301,f650,f11318])).
fof(f11301,plain,(
  spl59_1022 <=> ! [X6,X5] : (~relator(X5) | ~overlap(X6,sK39(X5)) | externallyDependentMode(X6))),
  introduced(avatar_definition,[new_symbols(naming,[spl59_1022])])).
fof(f11305,plain,(
  ( ! [X2] : (~overlap(X2,sK39(xyz)) | externallyDependentMode(X2)) ) | (~spl59_2 | ~spl59_1022)),
  inference(resolution,[],[f11302,f651])).
fof(f11302,plain,(
  ( ! [X6,X5] : (~relator(X5) | ~overlap(X6,sK39(X5)) | externallyDependentMode(X6)) ) | ~spl59_1022),
  inference(avatar_component_clause,[],[f11301])).
fof(f11303,plain,(
  spl59_1022 | ~spl59_183 | ~spl59_985),
  inference(avatar_split_clause,[],[f11057,f11052,f1418,f11301])).
fof(f1418,plain,(
  spl59_183 <=> ! [X2,X0,X1] : (externallyDependentMode(X2) | ~overlap(X2,X0) | ~quaIndividualOf(X0,X1))),
  introduced(avatar_definition,[new_symbols(naming,[spl59_183])])).
fof(f11052,plain,(
  spl59_985 <=> ! [X6] : (~relator(X6) | quaIndividualOf(sK39(X6),sK20(sK39(X6))))),
  introduced(avatar_definition,[new_symbols(naming,[spl59_985])])).
fof(f11057,plain,(
  ( ! [X6,X5] : (~relator(X5) | ~overlap(X6,sK39(X5)) | externallyDependentMode(X6)) ) | (~spl59_183 | ~spl59_985)),
  inference(resolution,[],[f11053,f1419])).
fof(f1419,plain,(
  ( ! [X2,X0,X1] : (~quaIndividualOf(X0,X1) | ~overlap(X2,X0) | externallyDependentMode(X2)) ) | ~spl59_183),
  inference(avatar_component_clause,[],[f1418])).
fof(f11053,plain,(
  ( ! [X6] : (quaIndividualOf(sK39(X6),sK20(sK39(X6))) | ~relator(X6)) ) | ~spl59_985),
  inference(avatar_component_clause,[],[f11052])).
fof(f11054,plain,(
  spl59_985 | ~spl59_103 | ~spl59_725),
  inference(avatar_split_clause,[],[f7020,f7015,f1066,f11052])).
fof(f1066,plain,(
  spl59_103 <=> ! [X0] : (quaIndividualOf(X0,sK20(X0)) | ~quaIndividual(X0))),
  introduced(avatar_definition,[new_symbols(naming,[spl59_103])])).
fof(f7015,plain,(
  spl59_725 <=> ! [X2] : (quaIndividual(sK39(X2)) | ~relator(X2))),
  introduced(avatar_definition,[new_symbols(naming,[spl59_725])])).
fof(f7020,plain,(
  ( ! [X6] : (~relator(X6) | quaIndividualOf(sK39(X6),sK20(sK39(X6)))) ) | (~spl59_103 | ~spl59_725)),
  inference(resolution,[],[f7016,f1067])).
fof(f1067,plain,(
  ( ! [X0] : (~quaIndividual(X0) | quaIndividualOf(X0,sK20(X0))) ) | ~spl59_103),
  inference(avatar_component_clause,[],[f1066])).
fof(f7016,plain,(
  ( ! [X2] : (quaIndividual(sK39(X2)) | ~relator(X2)) ) | ~spl59_725),
  inference(avatar_component_clause,[],[f7015])).
fof(f7017,plain,(
  spl59_725 | ~spl59_110 | ~spl59_722),
  inference(avatar_split_clause,[],[f7013,f6997,f1094,f7015])).
fof(f1094,plain,(
  spl59_110 <=> ! [X0] : (properPartOf(sK39(X0),X0) | ~relator(X0))),
  introduced(avatar_definition,[new_symbols(naming,[spl59_110])])).
fof(f6997,plain,(
  spl59_722 <=> ! [X4,X3] : (~properPartOf(X3,X4) | quaIndividual(sK39(X4)) | ~relator(X4))),
  introduced(avatar_definition,[new_symbols(naming,[spl59_722])])).
fof(f7013,plain,(
  ( ! [X2] : (quaIndividual(sK39(X2)) | ~relator(X2)) ) | (~spl59_110 | ~spl59_722)),
  inference(duplicate_literal_removal,[],[f7012])).
fof(f7012,plain,(
  ( ! [X2] : (quaIndividual(sK39(X2)) | ~relator(X2) | ~relator(X2)) ) | (~spl59_110 | ~spl59_722)),
  inference(resolution,[],[f6998,f1095])).
fof(f1095,plain,(
  ( ! [X0] : (properPartOf(sK39(X0),X0) | ~relator(X0)) ) | ~spl59_110),
  inference(avatar_component_clause,[],[f1094])).
fof(f6998,plain,(
  ( ! [X3,X4] : (~properPartOf(X3,X4) | quaIndividual(sK39(X4)) | ~relator(X4)) ) | ~spl59_722),
  inference(avatar_component_clause,[],[f6997])).
fof(f6999,plain,(
  spl59_722 | ~spl59_110 | ~spl59_356),
  inference(avatar_split_clause,[],[f4984,f2327,f1094,f6997])).
fof(f2327,plain,(
  spl59_356 <=> ! [X5,X4,X0] : (~properPartOf(X4,X0) | ~properPartOf(X5,X0) | quaIndividual(X5) | ~relator(X0))),
  introduced(avatar_definition,[new_symbols(naming,[spl59_356])])).
fof(f4984,plain,(
  ( ! [X3,X4] : (~properPartOf(X3,X4) | quaIndividual(sK39(X4)) | ~relator(X4)) ) | (~spl59_110 | ~spl59_356)),
  inference(duplicate_literal_removal,[],[f4983])).
fof(f4983,plain,(
  ( ! [X3,X4] : (~properPartOf(X3,X4) | quaIndividual(sK39(X4)) | ~relator(X4) | ~relator(X4)) ) | (~spl59_110 | ~spl59_356)),
  inference(resolution,[],[f2328,f1095])).
fof(f2328,plain,(
  ( ! [X0,X4,X5] : (~properPartOf(X5,X0) | ~properPartOf(X4,X0) | quaIndividual(X5) | ~relator(X0)) ) | ~spl59_356),
  inference(avatar_component_clause,[],[f2327])).
fof(f6791,plain,(
  ~spl59_2 | ~spl59_13 | ~spl59_691),
  inference(avatar_contradiction_clause,[],[f6790])).
fof(f6790,plain,(
  $false | (~spl59_2 | ~spl59_13 | ~spl59_691)),
  inference(subsumption_resolution,[],[f6789,f651])).
fof(f6789,plain,(
  ~relator(xyz) | (~spl59_13 | ~spl59_691)),
  inference(resolution,[],[f6756,f695])).
fof(f695,plain,(
  ( ! [X0] : (~intrinsicMoment(X0) | ~relator(X0)) ) | ~spl59_13),
  inference(avatar_component_clause,[],[f694])).
fof(f694,plain,(
  spl59_13 <=> ! [X0] : (~intrinsicMoment(X0) | ~relator(X0))),
  introduced(avatar_definition,[new_symbols(naming,[spl59_13])])).
fof(f6756,plain,(
  intrinsicMoment(xyz) | ~spl59_691),
  inference(avatar_component_clause,[],[f6755])).
fof(f2457,plain,(
  spl59_375 | ~spl59_6 | ~spl59_260),
  inference(avatar_split_clause,[],[f2449,f1834,f666,f2455])).
fof(f666,plain,(
  spl59_6 <=> ! [X0] : partOf(X0,X0)),
  introduced(avatar_definition,[new_symbols(naming,[spl59_6])])).
fof(f1834,plain,(
  spl59_260 <=> ! [X2,X0,X1] : (~partOf(X2,X0) | ~partOf(X2,X1) | overlap(X0,X1))),
  introduced(avatar_definition,[new_symbols(naming,[spl59_260])])).
fof(f2449,plain,(
  ( ! [X0,X1] : (~partOf(X0,X1) | overlap(X1,X0)) ) | (~spl59_6 | ~spl59_260)),
  inference(resolution,[],[f1835,f667])).
fof(f667,plain,(
  ( ! [X0] : (partOf(X0,X0)) ) | ~spl59_6),
  inference(avatar_component_clause,[],[f666])).
fof(f1835,plain,(
  ( ! [X2,X0,X1] : (~partOf(X2,X1) | ~partOf(X2,X0) | overlap(X0,X1)) ) | ~spl59_260),
  inference(avatar_component_clause,[],[f1834])).
fof(f2329,plain,(
  spl59_356),
  inference(avatar_split_clause,[],[f489,f2327])).
fof(f489,plain,(
  ( ! [X0,X4,X5] : (~properPartOf(X4,X0) | ~properPartOf(X5,X0) | quaIndividual(X5) | ~relator(X0)) )),
  inference(cnf_transformation,[],[f272])).
fof(f272,plain,(
  ! [X0] : (relator(X0) <=> (! [X1,X2] : (properPartOf(X2,X0) | ? [X3] : (foundedBy(X1,X3) <~> foundedBy(X2,X3)) | ~existentiallyDependsOn(X2,X1) | ~existentiallyDependsOn(X1,X2) | ~quaIndividual(X2) | ~properPartOf(X1,X0)) & ! [X4,X5] : ((! [X6] : (foundedBy(X4,X6) <=> foundedBy(X5,X6)) & existentiallyDependsOn(X5,X4) & existentiallyDependsOn(X4,X5) & quaIndividual(X5) & quaIndividual(X4)) | ~properPartOf(X5,X0) | ~properPartOf(X4,X0)) & ? [X7] : properPartOf(X7,X0)))),
  inference(flattening,[],[f271])).
fof(f271,plain,(
  ! [X0] : (relator(X0) <=> (! [X1,X2] : (properPartOf(X2,X0) | (? [X3] : (foundedBy(X1,X3) <~> foundedBy(X2,X3)) | ~existentiallyDependsOn(X2,X1) | ~existentiallyDependsOn(X1,X2) | ~quaIndividual(X2) | ~properPartOf(X1,X0))) & ! [X4,X5] : ((! [X6] : (foundedBy(X4,X6) <=> foundedBy(X5,X6)) & existentiallyDependsOn(X5,X4) & existentiallyDependsOn(X4,X5) & quaIndividual(X5) & quaIndividual(X4)) | (~properPartOf(X5,X0) | ~properPartOf(X4,X0))) & ? [X7] : properPartOf(X7,X0)))),
  inference(ennf_transformation,[],[f171])).
fof(f171,plain,(
  ! [X0] : (relator(X0) <=> (! [X1,X2] : ((! [X3] : (foundedBy(X1,X3) <=> foundedBy(X2,X3)) & existentiallyDependsOn(X2,X1) & existentiallyDependsOn(X1,X2) & quaIndividual(X2) & properPartOf(X1,X0)) => properPartOf(X2,X0)) & ! [X4,X5] : ((properPartOf(X5,X0) & properPartOf(X4,X0)) => (! [X6] : (foundedBy(X4,X6) <=> foundedBy(X5,X6)) & existentiallyDependsOn(X5,X4) & existentiallyDependsOn(X4,X5) & quaIndividual(X5) & quaIndividual(X4))) & ? [X7] : properPartOf(X7,X0)))),
  inference(rectify,[],[f124])).
fof(f124,axiom,(
  ! [X23] : (relator(X23) <=> (! [X24,X25] : ((! [X18] : (foundedBy(X24,X18) <=> foundedBy(X25,X18)) & existentiallyDependsOn(X25,X24) & existentiallyDependsOn(X24,X25) & quaIndividual(X25) & properPartOf(X24,X23)) => properPartOf(X25,X23)) & ! [X1,X3] : ((properPartOf(X3,X23) & properPartOf(X1,X23)) => (! [X14] : (foundedBy(X1,X14) <=> foundedBy(X3,X14)) & existentiallyDependsOn(X3,X1) & existentiallyDependsOn(X1,X3) & quaIndividual(X3) & quaIndividual(X1))) & ? [X0] : properPartOf(X0,X23)))),
  file('outputs/ufo/cis/ci_ufo_relator_ultimateBearerOf_@_2.in',ax_dRelator_a81)).
fof(f1836,plain,(
  spl59_260),
  inference(avatar_split_clause,[],[f593,f1834])).
fof(f593,plain,(
  ( ! [X2,X0,X1] : (~partOf(X2,X0) | ~partOf(X2,X1) | overlap(X0,X1)) )),
  inference(cnf_transformation,[],[f184])).
fof(f184,plain,(
  ! [X0,X1] : (overlap(X0,X1) <=> ? [X2] : (partOf(X2,X1) & partOf(X2,X0)))),
  inference(rectify,[],[f89])).
fof(f89,axiom,(
  ! [X0,X1] : (overlap(X0,X1) <=> ? [X3] : (partOf(X3,X1) & partOf(X3,X0)))),
  file('outputs/ufo/cis/ci_ufo_relator_ultimateBearerOf_@_2.in',ax_overlappingWholes_a50)).
fof(f1704,plain,(
  spl59_230 | ~spl59_110 | ~spl59_127),
  inference(avatar_split_clause,[],[f1311,f1162,f1094,f1702])).
fof(f1162,plain,(
  spl59_127 <=> ! [X0,X1] : (partOf(X0,X1) | ~properPartOf(X0,X1))),
  introduced(avatar_definition,[new_symbols(naming,[spl59_127])])).
fof(f1311,plain,(
  ( ! [X0] : (partOf(sK39(X0),X0) | ~relator(X0)) ) | (~spl59_110 | ~spl59_127)),
  inference(resolution,[],[f1163,f1095])).
fof(f1163,plain,(
  ( ! [X0,X1] : (~properPartOf(X0,X1) | partOf(X0,X1)) ) | ~spl59_127),
  inference(avatar_component_clause,[],[f1162])).
fof(f1420,plain,(
  spl59_183),
  inference(avatar_split_clause,[],[f586,f1418])).
fof(f586,plain,(
  ( ! [X2,X0,X1] : (externallyDependentMode(X2) | ~overlap(X2,X0) | ~quaIndividualOf(X0,X1)) )),
  inference(cnf_transformation,[],[f284])).
fof(f284,plain,(
  ! [X0,X1] : (quaIndividualOf(X0,X1) <=> ! [X2] : (overlap(X2,X0) <=> (! [X3] : (foundedBy(X2,X3) | ~foundedBy(X0,X3)) & inheresIn(X2,X1) & externallyDependentMode(X2))))),
  inference(ennf_transformation,[],[f183])).
fof(f183,plain,(
  ! [X0,X1] : (quaIndividualOf(X0,X1) <=> ! [X2] : (overlap(X2,X0) <=> (! [X3] : (foundedBy(X0,X3) => foundedBy(X2,X3)) & inheresIn(X2,X1) & externallyDependentMode(X2))))),
  inference(rectify,[],[f121])).
fof(f121,axiom,(
  ! [X0,X1] : (quaIndividualOf(X0,X1) <=> ! [X3] : (overlap(X3,X0) <=> (! [X14] : (foundedBy(X0,X14) => foundedBy(X3,X14)) & inheresIn(X3,X1) & externallyDependentMode(X3))))),
  file('outputs/ufo/cis/ci_ufo_relator_ultimateBearerOf_@_2.in',ax_dQuaIndividualOf_a75)).
fof(f1164,plain,(
  spl59_127),
  inference(avatar_split_clause,[],[f588,f1162])).
fof(f588,plain,(
  ( ! [X0,X1] : (partOf(X0,X1) | ~properPartOf(X0,X1)) )),
  inference(cnf_transformation,[],[f91])).
fof(f91,axiom,(
  ! [X0,X1] : (properPartOf(X0,X1) <=> (~partOf(X1,X0) & partOf(X0,X1)))),
  file('outputs/ufo/cis/ci_ufo_relator_ultimateBearerOf_@_2.in',ax_properPart_a52)).
fof(f1096,plain,(
  spl59_110),
  inference(avatar_split_clause,[],[f502,f1094])).
fof(f502,plain,(
  ( ! [X0] : (properPartOf(sK39(X0),X0) | ~relator(X0)) )),
  inference(cnf_transformation,[],[f272])).
fof(f1068,plain,(
  spl59_103),
  inference(avatar_split_clause,[],[f410,f1066])).
fof(f410,plain,(
  ( ! [X0] : (quaIndividualOf(X0,sK20(X0)) | ~quaIndividual(X0)) )),
  inference(cnf_transformation,[],[f122])).
fof(f122,axiom,(
  ! [X0] : (quaIndividual(X0) <=> ? [X1] : quaIndividualOf(X0,X1))),
  file('outputs/ufo/cis/ci_ufo_relator_ultimateBearerOf_@_2.in',ax_dQuaIndividual_a76)).
fof(f856,plain,(
  spl59_53),
  inference(avatar_split_clause,[],[f517,f854])).
fof(f517,plain,(
  ( ! [X0] : (intrinsicMoment(X0) | ~mode(X0)) )),
  inference(cnf_transformation,[],[f22])).
fof(f22,axiom,(
  ! [X0] : ((mode(X0) | quality(X0)) <=> intrinsicMoment(X0))),
  file('outputs/ufo/cis/ci_ufo_relator_ultimateBearerOf_@_2.in',ax_intrinsicMoment_taxonomy)).
fof(f756,plain,(
  spl59_28),
  inference(avatar_split_clause,[],[f349,f754])).
fof(f349,plain,(
  ( ! [X0] : (~externallyDependentMode(X0) | mode(X0)) )),
  inference(cnf_transformation,[],[f239])).
fof(f239,plain,(
  ! [X0] : (mode(X0) | ~externallyDependentMode(X0))),
  inference(ennf_transformation,[],[f24])).
fof(f24,axiom,(
  ! [X0] : (externallyDependentMode(X0) => mode(X0))),
  file('outputs/ufo/cis/ci_ufo_relator_ultimateBearerOf_@_2.in',ax_mode_taxonomy_externallyDependentMode)).
fof(f696,plain,(
  spl59_13),
  inference(avatar_split_clause,[],[f323,f694])).
fof(f323,plain,(
  ( ! [X0] : (~intrinsicMoment(X0) | ~relator(X0)) )),
  inference(cnf_transformation,[],[f224])).
fof(f224,plain,(
  ! [X0] : (~relator(X0) | ~intrinsicMoment(X0))),
  inference(ennf_transformation,[],[f21])).
fof(f21,axiom,(
  ~? [X0] : (relator(X0) & intrinsicMoment(X0))),
  file('outputs/ufo/cis/ci_ufo_relator_ultimateBearerOf_@_2.in',ax_moment_partition)).
fof(f668,plain,(
  spl59_6),
  inference(avatar_split_clause,[],[f346,f666])).
fof(f346,plain,(
  ( ! [X0] : (partOf(X0,X0)) )),
  inference(cnf_transformation,[],[f85])).
fof(f85,axiom,(
  ! [X0] : partOf(X0,X0)),
  file('outputs/ufo/cis/ci_ufo_relator_ultimateBearerOf_@_2.in',ax_reflexiveParthood)).
fof(f652,plain,(
  spl59_2),
  inference(avatar_split_clause,[],[f311,f650])).
fof(f311,plain,(
  relator(xyz)),
  inference(cnf_transformation,[],[f132])).
fof(f132,axiom,(
  relator(xyz)),
  file('outputs/ufo/cis/ci_ufo_relator_ultimateBearerOf_@_2.in',axiom4142)).
% SZS output end Proof for ci_ufo_relator_ultimateBearerOf_@_2
% ------------------------------
% Version: Vampire 4.7 (commit af7d05f97 on 2022-09-30 11:01:41 +0200)
% Termination reason: Refutation

% Memory used [KB]: 13560
% Time elapsed: 0.149 s
% ------------------------------
% ------------------------------
% Success in time 0.154 s
