% Running in auto input_syntax mode. Trying TPTP
% lrs-11_12_av=off:nm=32:nwc=1.3:stl=30:sd=3:ss=axioms:sos=all_2 on ci_dolce_s_atp_@_2 for (2ds)
% Refutation not found, incomplete strategy% ------------------------------
% Version: Vampire 4.7 (commit af7d05f97 on 2022-09-30 11:01:41 +0200)
% Termination reason: Refutation not found, incomplete strategy

% Memory used [KB]: 1535
% Time elapsed: 0.001 s
% ------------------------------
% ------------------------------
% WARNING: value z3 for option sas not known
% lrs+2_3:1_add=large:afr=on:afp=10000:afq=1.1:amm=off:anc=none:er=known:fde=unused:gs=on:gsaa=from_current:gsem=on:lma=on:nm=32:newcnf=on:nwc=4:sas=z3:stl=30:sd=1:ss=axioms:st=5.0:sac=on:sp=occurrence:updr=off_2 on ci_dolce_s_atp_@_2 for (2ds)
% Refutation not found, incomplete strategy% ------------------------------
% Version: Vampire 4.7 (commit af7d05f97 on 2022-09-30 11:01:41 +0200)
% Termination reason: Refutation not found, incomplete strategy

% Memory used [KB]: 10362
% Time elapsed: 0.001 s
% ------------------------------
% ------------------------------
% dis+2_2:1_aac=none:afp=100000:afq=1.1:amm=sco:anc=none:bsr=on:fsr=off:gs=on:gsem=on:lcm=reverse:lma=on:nm=64:nwc=1:sos=on_6 on ci_dolce_s_atp_@_2 for (6ds)
% Refutation not found, incomplete strategy% ------------------------------
% Version: Vampire 4.7 (commit af7d05f97 on 2022-09-30 11:01:41 +0200)
% Termination reason: Refutation not found, incomplete strategy

% Memory used [KB]: 11001
% Time elapsed: 0.003 s
% ------------------------------
% ------------------------------
% dis+1011_24_add=large:afr=on:afp=4000:afq=1.0:anc=none:bs=unit_only:bce=on:cond=fast:gs=on:nm=32:nwc=2.5:nicw=on:sp=occurrence:updr=off_39 on ci_dolce_s_atp_@_2 for (39ds)
% Time limit reached!
% ------------------------------
% Version: Vampire 4.7 (commit af7d05f97 on 2022-09-30 11:01:41 +0200)
% Termination reason: Time limit
% Termination phase: Saturation

% Memory used [KB]: 62045
% Time elapsed: 4.0000 s
% ------------------------------
% ------------------------------
% lrs+1011_5_add=large:afp=1000:afq=1.2:anc=none:fsr=off:irw=on:lma=on:nm=64:newcnf=on:nwc=1:stl=30:sd=3:ss=axioms:st=2.0:sos=on:sac=on:sp=reverse_arity:urr=on:updr=off_10 on ci_dolce_s_atp_@_2 for (10ds)
% Refutation not found, incomplete strategy% ------------------------------
% Version: Vampire 4.7 (commit af7d05f97 on 2022-09-30 11:01:41 +0200)
% Termination reason: Refutation not found, incomplete strategy

% Memory used [KB]: 5884
% Time elapsed: 0.001 s
% ------------------------------
% ------------------------------
% lrs+11_128_av=off:bsr=on:cond=on:gs=on:lcm=reverse:lma=on:nm=32:nwc=1:stl=30:sd=5:ss=axioms:st=3.0_1 on ci_dolce_s_atp_@_2 for (1ds)
% Refutation not found, incomplete strategy% ------------------------------
% Version: Vampire 4.7 (commit af7d05f97 on 2022-09-30 11:01:41 +0200)
% Termination reason: Refutation not found, incomplete strategy

% Memory used [KB]: 6012
% Time elapsed: 0.001 s
% ------------------------------
% ------------------------------
% WARNING: value z3 for option sas not known
% ott+11_16_av=off:gs=on:gsem=on:irw=on:lma=on:nm=64:newcnf=on:nwc=1.3:sas=z3:sp=reverse_arity_14 on ci_dolce_s_atp_@_2 for (14ds)
% Time limit reached!
% ------------------------------
% Version: Vampire 4.7 (commit af7d05f97 on 2022-09-30 11:01:41 +0200)
% Termination reason: Time limit
% Termination phase: Saturation

% Memory used [KB]: 66907
% Time elapsed: 1.500 s
% ------------------------------
% ------------------------------
% lrs+11_20_av=off:bs=unit_only:bsr=on:bce=on:cond=on:fde=none:gs=on:gsem=on:irw=on:nm=4:nwc=1:stl=30:sos=theory:sp=reverse_arity:uhcvi=on_3 on ci_dolce_s_atp_@_2 for (3ds)
% Time limit reached!
% ------------------------------
% Version: Vampire 4.7 (commit af7d05f97 on 2022-09-30 11:01:41 +0200)
% Termination reason: Time limit
% Termination phase: Saturation

% Memory used [KB]: 19573
% Time elapsed: 0.400 s
% ------------------------------
% ------------------------------
% ott+2_2_afp=10000:afq=1.4:amm=off:anc=none:gsp=on:gs=on:gsem=off:irw=on:lcm=predicate:nm=32:nwc=1.5:sos=on:sp=reverse_arity_18 on ci_dolce_s_atp_@_2 for (18ds)
% Refutation not found, incomplete strategy% ------------------------------
% Version: Vampire 4.7 (commit af7d05f97 on 2022-09-30 11:01:41 +0200)
% Termination reason: Refutation not found, incomplete strategy

% Memory used [KB]: 11001
% Time elapsed: 0.002 s
% ------------------------------
% ------------------------------
% lrs+11_1_add=large:afr=on:afp=100000:afq=2.0:amm=off:anc=none:bd=off:gs=on:gsem=on:irw=on:nm=32:newcnf=on:nwc=2.5:nicw=on:stl=30:sd=3:ss=axioms:sos=all:urr=on_34 on ci_dolce_s_atp_@_2 for (34ds)
% Refutation not found, incomplete strategy% ------------------------------
% Version: Vampire 4.7 (commit af7d05f97 on 2022-09-30 11:01:41 +0200)
% Termination reason: Refutation not found, incomplete strategy

% Memory used [KB]: 10490
% Time elapsed: 0.001 s
% ------------------------------
% ------------------------------
% lrs+1003_3_awrs=decay:awrsf=4:add=large:afr=on:afp=100000:afq=2.0:amm=sco:bd=off:cond=fast:fsr=off:fde=unused:gs=on:gsem=on:nm=6:nwc=1:stl=30:sd=1:ss=axioms:st=1.2:sos=on:sac=on:sp=frequency:urr=on:updr=off_2 on ci_dolce_s_atp_@_2 for (2ds)
% Refutation not found, incomplete strategy% ------------------------------
% Version: Vampire 4.7 (commit af7d05f97 on 2022-09-30 11:01:41 +0200)
% Termination reason: Refutation not found, incomplete strategy

% Memory used [KB]: 10362
% Time elapsed: 0.001 s
% ------------------------------
% ------------------------------
% lrs-3_4:1_afp=1000:afq=1.4:amm=sco:fde=none:gs=on:lcm=reverse:lma=on:nwc=1.5:stl=30:sd=1:ss=axioms:sp=reverse_arity:urr=on:updr=off:uhcvi=on_11 on ci_dolce_s_atp_@_2 for (11ds)
% Refutation not found, incomplete strategy% ------------------------------
% Version: Vampire 4.7 (commit af7d05f97 on 2022-09-30 11:01:41 +0200)
% Termination reason: Refutation not found, incomplete strategy

% Memory used [KB]: 10362
% Time elapsed: 0.001 s
% ------------------------------
% ------------------------------
% lrs+1011_7_add=large:afr=on:afp=40000:afq=1.4:amm=off:anc=none:cond=on:er=known:fsr=off:lma=on:nm=4:nwc=2.5:stl=30:sp=reverse_arity:updr=off_2 on ci_dolce_s_atp_@_2 for (2ds)
% Time limit reached!
% ------------------------------
% Version: Vampire 4.7 (commit af7d05f97 on 2022-09-30 11:01:41 +0200)
% Termination reason: Time limit
% Termination phase: Saturation

% Memory used [KB]: 12665
% Time elapsed: 0.300 s
% ------------------------------
% ------------------------------
% lrs+10_4:1_add=large:afp=100000:afq=1.1:anc=none:ep=RST:fde=unused:gsp=on:nm=6:newcnf=on:nwc=1:stl=30:sos=all:sac=on:sp=reverse_arity:urr=ec_only_22 on ci_dolce_s_atp_@_2 for (22ds)
% Refutation not found, incomplete strategy% ------------------------------
% Version: Vampire 4.7 (commit af7d05f97 on 2022-09-30 11:01:41 +0200)
% Termination reason: Refutation not found, incomplete strategy

% Memory used [KB]: 6524
% Time elapsed: 0.003 s
% ------------------------------
% ------------------------------
% WARNING: value z3 for option sas not known
% lrs+1010_8_add=off:afp=100000:afq=1.0:amm=off:anc=none:bce=on:irw=on:nm=16:newcnf=on:nwc=1.1:nicw=on:sas=z3:stl=30:sp=reverse_arity:urr=on_13 on ci_dolce_s_atp_@_2 for (13ds)
% Time limit reached!
% ------------------------------
% Version: Vampire 4.7 (commit af7d05f97 on 2022-09-30 11:01:41 +0200)
% Termination reason: Time limit
% Termination phase: Saturation

% Memory used [KB]: 43624
% Time elapsed: 1.400 s
% ------------------------------
% ------------------------------
% lrs+1011_3:1_add=off:afr=on:afp=10000:afq=1.1:amm=off:bce=on:cond=on:ep=R:fsr=off:nm=16:nwc=1:stl=30:sos=all:sp=reverse_arity:updr=off_9 on ci_dolce_s_atp_@_2 for (9ds)
% Refutation not found, incomplete strategy% ------------------------------
% Version: Vampire 4.7 (commit af7d05f97 on 2022-09-30 11:01:41 +0200)
% Termination reason: Refutation not found, incomplete strategy

% Memory used [KB]: 6780
% Time elapsed: 0.007 s
% ------------------------------
% ------------------------------
% dis+1_2:3_acc=on:add=large:afp=40000:afq=2.0:amm=sco:anc=none:er=filter:fsr=off:gsp=on:gs=on:gsem=off:nm=64:newcnf=on:nwc=1_3 on ci_dolce_s_atp_@_2 for (3ds)
% Time limit reached!
% ------------------------------
% Version: Vampire 4.7 (commit af7d05f97 on 2022-09-30 11:01:41 +0200)
% Termination reason: Time limit
% Termination phase: Saturation

% Memory used [KB]: 24306
% Time elapsed: 0.400 s
% ------------------------------
% ------------------------------
% ott+11_4_afp=100000:afq=1.2:amm=sco:anc=none:cond=fast:ep=R:fde=none:gs=on:gsaa=from_current:gsem=off:lma=on:nm=16:nwc=1:sd=3:ss=axioms:updr=off_2 on ci_dolce_s_atp_@_2 for (2ds)
% Refutation not found, incomplete strategy% ------------------------------
% Version: Vampire 4.7 (commit af7d05f97 on 2022-09-30 11:01:41 +0200)
% Termination reason: Refutation not found, incomplete strategy

% Memory used [KB]: 10362
% Time elapsed: 0.001 s
% ------------------------------
% ------------------------------
% WARNING: value z3 for option sas not known
% ott+1002_8:1_add=off:afr=on:afp=100000:afq=1.1:amm=off:anc=none:bd=off:bs=unit_only:fsr=off:gs=on:gsem=off:nm=32:nwc=10:sas=z3:sp=occurrence:urr=on:updr=off_14 on ci_dolce_s_atp_@_2 for (14ds)
% Time limit reached!
% ------------------------------
% Version: Vampire 4.7 (commit af7d05f97 on 2022-09-30 11:01:41 +0200)
% Termination reason: Time limit
% Termination phase: Saturation

% Memory used [KB]: 52067
% Time elapsed: 1.500 s
% ------------------------------
% ------------------------------
% lrs+1011_10_aac=none:acc=model:add=large:afp=40000:afq=2.0:anc=none:bd=off:bsr=on:fsr=off:gs=on:gsem=off:irw=on:lcm=reverse:lwlo=on:nm=64:nwc=3:nicw=on:stl=30_19 on ci_dolce_s_atp_@_2 for (19ds)
% Time limit reached!
% ------------------------------
% Version: Vampire 4.7 (commit af7d05f97 on 2022-09-30 11:01:41 +0200)
% Termination reason: Time limit
% Termination phase: Saturation

% Memory used [KB]: 33005
% Time elapsed: 2.0000 s
% ------------------------------
% ------------------------------
% lrs+1011_5:4_acc=on:add=large:afr=on:afp=10000:afq=2.0:amm=sco:anc=none:bsr=on:ccuc=first:cond=on:fde=unused:gs=on:gsaa=from_current:gsem=off:irw=on:nm=2:newcnf=on:nwc=1.2:stl=30:sos=on:sac=on:sp=reverse_arity:updr=off_126 on ci_dolce_s_atp_@_2 for (126ds)
% Refutation not found, incomplete strategy% ------------------------------
% Version: Vampire 4.7 (commit af7d05f97 on 2022-09-30 11:01:41 +0200)
% Termination reason: Refutation not found, incomplete strategy

% Memory used [KB]: 11129
% Time elapsed: 0.005 s
% ------------------------------
% ------------------------------
% dis+1011_10_av=off:cond=on:lma=on:nm=0:newcnf=on:nwc=1:sos=on:sp=occurrence:updr=off_4 on ci_dolce_s_atp_@_2 for (4ds)
% Refutation not found, incomplete strategy% ------------------------------
% Version: Vampire 4.7 (commit af7d05f97 on 2022-09-30 11:01:41 +0200)
% Termination reason: Refutation not found, incomplete strategy

% Memory used [KB]: 2174
% Time elapsed: 0.004 s
% ------------------------------
% ------------------------------
% dis+1002_7_acc=on:afp=4000:afq=2.0:amm=sco:anc=none:cond=fast:fsr=off:gsp=on:gs=on:gsem=on:lma=on:nm=6:newcnf=on:nwc=1.1:nicw=on:sos=on:sac=on:sp=reverse_arity:urr=ec_only:updr=off_8 on ci_dolce_s_atp_@_2 for (8ds)
% Refutation not found, incomplete strategy% ------------------------------
% Version: Vampire 4.7 (commit af7d05f97 on 2022-09-30 11:01:41 +0200)
% Termination reason: Refutation not found, incomplete strategy

% Memory used [KB]: 11129
% Time elapsed: 0.005 s
% ------------------------------
% ------------------------------
% ott+4_40_av=off:bce=on:cond=fast:fde=none:nm=0:nwc=1:sos=all:updr=off_197 on ci_dolce_s_atp_@_2 for (197ds)
% Refutation not found, incomplete strategy% ------------------------------
% Version: Vampire 4.7 (commit af7d05f97 on 2022-09-30 11:01:41 +0200)
% Termination reason: Refutation not found, incomplete strategy

% Memory used [KB]: 2174
% Time elapsed: 0.006 s
% ------------------------------
% ------------------------------
% lrs+1010_3_av=off:fsr=off:gs=on:gsem=off:nm=2:newcnf=on:nwc=2:stl=30:sp=reverse_arity:urr=on:updr=off_9 on ci_dolce_s_atp_@_2 for (9ds)
% Time limit reached!
% ------------------------------
% Version: Vampire 4.7 (commit af7d05f97 on 2022-09-30 11:01:41 +0200)
% Termination reason: Time limit
% Termination phase: Saturation

% Memory used [KB]: 52962
% Time elapsed: 1.0000 s
% ------------------------------
% ------------------------------
% dis+1_3:2_acc=on:add=off:afr=on:afp=40000:afq=1.0:amm=sco:anc=none:ccuc=small_ones:cond=on:lma=on:nm=64:nwc=1.3:sos=all:urr=on_111 on ci_dolce_s_atp_@_2 for (111ds)
% Refutation not found, incomplete strategy% ------------------------------
% Version: Vampire 4.7 (commit af7d05f97 on 2022-09-30 11:01:41 +0200)
% Termination reason: Refutation not found, incomplete strategy

% Memory used [KB]: 6524
% Time elapsed: 0.003 s
% ------------------------------
% ------------------------------
% lrs+1011_8:1_afr=on:afp=1000:afq=2.0:br=off:gsp=on:gs=on:nm=16:nwc=1:stl=30:sos=all:sp=occurrence:urr=on_8 on ci_dolce_s_atp_@_2 for (8ds)
% Refutation not found, incomplete strategy% ------------------------------
% Version: Vampire 4.7 (commit af7d05f97 on 2022-09-30 11:01:41 +0200)
% Termination reason: Refutation not found, incomplete strategy

% Memory used [KB]: 11001
% Time elapsed: 0.003 s
% ------------------------------
% ------------------------------
% dis+1002_6_add=large:afp=40000:afq=2.0:bsr=on:cond=on:irw=on:lma=on:nm=2:nwc=2.5:nicw=on:sp=reverse_arity:updr=off_10 on ci_dolce_s_atp_@_2 for (10ds)
% Time limit reached!
% ------------------------------
% Version: Vampire 4.7 (commit af7d05f97 on 2022-09-30 11:01:41 +0200)
% Termination reason: Time limit
% Termination phase: Saturation

% Memory used [KB]: 18421
% Time elapsed: 1.100 s
% ------------------------------
% ------------------------------
% WARNING: value z3 for option sas not known
% lrs+11_4:1_aac=none:add=large:afr=on:afp=10000:afq=1.0:amm=sco:anc=none:cond=on:er=filter:fsr=off:gsp=on:gs=on:gsem=on:lma=on:nm=6:newcnf=on:nwc=1.1:sas=z3:stl=30:sos=theory:sp=reverse_arity:updr=off_3 on ci_dolce_s_atp_@_2 for (3ds)
% Time limit reached!
% ------------------------------
% Version: Vampire 4.7 (commit af7d05f97 on 2022-09-30 11:01:41 +0200)
% Termination reason: Time limit
% Termination phase: Saturation

% Memory used [KB]: 30447
% Time elapsed: 0.400 s
% ------------------------------
% ------------------------------
% dis+1010_3:2_av=off:gsp=on:nm=2:nwc=1:sp=reverse_arity:urr=ec_only_29 on ci_dolce_s_atp_@_2 for (29ds)
% Time limit reached!
% ------------------------------
% Version: Vampire 4.7 (commit af7d05f97 on 2022-09-30 11:01:41 +0200)
% Termination reason: Time limit
% Termination phase: Saturation

% Memory used [KB]: 30191
% Time elapsed: 3.0000 s
% ------------------------------
% ------------------------------
% lrs+11_1_av=off:bsr=on:gsp=on:gs=on:lcm=predicate:nm=64:nwc=1:stl=30:sd=2:ss=axioms:st=1.5:sos=all:sp=occurrence:updr=off_245 on ci_dolce_s_atp_@_2 for (245ds)
% Refutation not found, incomplete strategy% ------------------------------
% Version: Vampire 4.7 (commit af7d05f97 on 2022-09-30 11:01:41 +0200)
% Termination reason: Refutation not found, incomplete strategy

% Memory used [KB]: 5884
% Time elapsed: 0.001 s
% ------------------------------
% ------------------------------
% WARNING: value z3 for option sas not known
% lrs+1010_4_awrs=decay:awrsf=64:add=large:afp=4000:afq=1.2:amm=off:anc=none:bs=on:bsr=on:fde=none:gs=on:gsaa=from_current:gsem=on:lma=on:newcnf=on:nwc=1.7:sas=z3:stl=30:sd=10:ss=axioms:s2a=on:st=1.2:sp=frequency:updr=off:uhcvi=on_20 on ci_dolce_s_atp_@_2 for (20ds)
% Refutation not found, incomplete strategy% ------------------------------
% Version: Vampire 4.7 (commit af7d05f97 on 2022-09-30 11:01:41 +0200)
% Termination reason: Refutation not found, incomplete strategy

% Memory used [KB]: 10362
% Time elapsed: 0.001 s
% ------------------------------
% ------------------------------
% dis+1010_3:2_acc=on:afr=on:afp=1000:afq=1.2:amm=sco:bs=on:ccuc=first:fde=none:nm=0:nwc=4:sd=3:ss=axioms:st=5.0:urr=ec_only_12 on ci_dolce_s_atp_@_2 for (12ds)
% Refutation not found, incomplete strategy% ------------------------------
% Version: Vampire 4.7 (commit af7d05f97 on 2022-09-30 11:01:41 +0200)
% Termination reason: Refutation not found, incomplete strategy

% Memory used [KB]: 6012
% Time elapsed: 0.001 s
% ------------------------------
% ------------------------------
% WARNING: value z3 for option sas not known
% ott+11_20_afp=10000:afq=1.1:anc=none:bs=unit_only:bsr=on:bce=on:fsr=off:gs=on:gsem=on:nwc=2.5:sas=z3:sp=occurrence:updr=off:uhcvi=on_1 on ci_dolce_s_atp_@_2 for (1ds)
% Time limit reached!
% ------------------------------
% Version: Vampire 4.7 (commit af7d05f97 on 2022-09-30 11:01:41 +0200)
% Termination reason: Time limit
% Termination phase: Saturation

% Memory used [KB]: 21236
% Time elapsed: 0.200 s
% ------------------------------
% ------------------------------
% dis+1010_8_acc=model:afp=4000:afq=1.0:anc=none:bd=off:bs=unit_only:bce=on:cond=fast:fde=unused:gs=on:gsem=off:lma=on:nm=0:nwc=4:sd=3:ss=axioms:st=2.0:sac=on:sp=occurrence:urr=ec_only_1 on ci_dolce_s_atp_@_2 for (1ds)
% Refutation not found, incomplete strategy% ------------------------------
% Version: Vampire 4.7 (commit af7d05f97 on 2022-09-30 11:01:41 +0200)
% Termination reason: Refutation not found, incomplete strategy

% Memory used [KB]: 10490
% Time elapsed: 0.001 s
% ------------------------------
% ------------------------------
% WARNING: value z3 for option sas not known
% lrs+11_3:2_add=large:afp=1000:afq=1.1:amm=sco:anc=none:bd=off:er=filter:irw=on:lcm=predicate:lma=on:nm=6:nwc=1:sas=z3:stl=30:sp=occurrence:urr=on:updr=off_100 on ci_dolce_s_atp_@_2 for (100ds)
% Time limit reached!
% ------------------------------
% Version: Vampire 4.7 (commit af7d05f97 on 2022-09-30 11:01:41 +0200)
% Termination reason: Time limit
% Termination phase: Saturation

% Memory used [KB]: 152364
% Time elapsed: 10.100 s
% ------------------------------
% ------------------------------
% dis+10_4_av=off:bsr=on:cond=fast:er=filter:fde=none:gsp=on:lcm=reverse:lma=on:nwc=4:sp=occurrence:urr=on_8 on ci_dolce_s_atp_@_2 for (8ds)
% Time limit reached!
% ------------------------------
% Version: Vampire 4.7 (commit af7d05f97 on 2022-09-30 11:01:41 +0200)
% Termination reason: Time limit
% Termination phase: Saturation

% Memory used [KB]: 18805
% Time elapsed: 0.900 s
% ------------------------------
% ------------------------------
% lrs+10_12_add=off:afp=100000:afq=1.4:amm=sco:anc=none:cond=on:lma=on:nm=64:nwc=1.3:stl=30:sac=on:urr=on_41 on ci_dolce_s_atp_@_2 for (41ds)
% Time limit reached!
% ------------------------------
% Version: Vampire 4.7 (commit af7d05f97 on 2022-09-30 11:01:41 +0200)
% Termination reason: Time limit
% Termination phase: Saturation

% Memory used [KB]: 112066
% Time elapsed: 4.200 s
% ------------------------------
% ------------------------------
% lrs+10_8:1_av=off:bs=unit_only:cond=on:fde=unused:irw=on:lcm=predicate:lma=on:nm=64:nwc=1.2:stl=30:sos=all:sp=reverse_arity:urr=on:updr=off_12 on ci_dolce_s_atp_@_2 for (12ds)
% Refutation not found, incomplete strategy% ------------------------------
% Version: Vampire 4.7 (commit af7d05f97 on 2022-09-30 11:01:41 +0200)
% Termination reason: Refutation not found, incomplete strategy

% Memory used [KB]: 2302
% Time elapsed: 0.004 s
% ------------------------------
% ------------------------------
% dis+11_1024_av=off:bd=off:bs=on:cond=on:gs=on:lma=on:nm=16:nwc=1:sp=occurrence:updr=off_143 on ci_dolce_s_atp_@_2 for (143ds)
% Time limit reached!
% ------------------------------
% Version: Vampire 4.7 (commit af7d05f97 on 2022-09-30 11:01:41 +0200)
% Termination reason: Time limit
% Termination phase: Saturation

% Memory used [KB]: 559308
% Time elapsed: 14.400 s
% ------------------------------
% ------------------------------
% lrs+10_8:1_av=off:bsr=on:gs=on:gsem=on:irw=on:lcm=predicate:lwlo=on:nm=64:nwc=1:stl=30:sos=all:updr=off_78 on ci_dolce_s_atp_@_2 for (78ds)
% Refutation not found, incomplete strategy% ------------------------------
% Version: Vampire 4.7 (commit af7d05f97 on 2022-09-30 11:01:41 +0200)
% Termination reason: Refutation not found, incomplete strategy

% Memory used [KB]: 6652
% Time elapsed: 0.005 s
% ------------------------------
% ------------------------------
% dis+1010_3:1_av=off:irw=on:nm=32:nwc=1:sos=all:urr=ec_only:updr=off_96 on ci_dolce_s_atp_@_2 for (96ds)
% Refutation not found, incomplete strategy% ------------------------------
% Version: Vampire 4.7 (commit af7d05f97 on 2022-09-30 11:01:41 +0200)
% Termination reason: Refutation not found, incomplete strategy

% Memory used [KB]: 2174
% Time elapsed: 0.004 s
% ------------------------------
% ------------------------------
% WARNING: value z3 for option sas not known
% dis+1011_5_add=off:afr=on:afp=10000:afq=1.1:amm=off:anc=none:cond=on:fsr=off:nm=32:nwc=1:sas=z3:sd=3:ss=axioms:st=2.0:sp=occurrence:updr=off_2 on ci_dolce_s_atp_@_2 for (2ds)
% Refutation not found, incomplete strategy% ------------------------------
% Version: Vampire 4.7 (commit af7d05f97 on 2022-09-30 11:01:41 +0200)
% Termination reason: Refutation not found, incomplete strategy

% Memory used [KB]: 5884
% Time elapsed: 0.001 s
% ------------------------------
% ------------------------------
% lrs+10_1_av=off:fde=unused:irw=on:lcm=predicate:lma=on:nm=6:nwc=1:stl=30:sd=2:ss=axioms:st=5.0:sos=on:sp=reverse_arity_113 on ci_dolce_s_atp_@_2 for (113ds)
% Refutation not found, incomplete strategy% ------------------------------
% Version: Vampire 4.7 (commit af7d05f97 on 2022-09-30 11:01:41 +0200)
% Termination reason: Refutation not found, incomplete strategy

% Memory used [KB]: 1535
% Time elapsed: 0.001 s
% ------------------------------
% ------------------------------
% lrs+2_2_aac=none:afr=on:afp=1000:afq=1.1:amm=sco:anc=all:bd=off:bce=on:cond=on:gs=on:gsaa=from_current:nm=2:nwc=2.5:stl=30:sac=on:urr=on_26 on ci_dolce_s_atp_@_2 for (26ds)
% Time limit reached!
% ------------------------------
% Version: Vampire 4.7 (commit af7d05f97 on 2022-09-30 11:01:41 +0200)
% Termination reason: Time limit
% Termination phase: Saturation

% Memory used [KB]: 61534
% Time elapsed: 2.700 s
% ------------------------------
% ------------------------------
% dis+1002_3:1_acc=model:afr=on:afp=40000:afq=1.1:anc=none:ccuc=first:fsr=off:gsp=on:irw=on:nm=16:nwc=1:sos=all_8 on ci_dolce_s_atp_@_2 for (8ds)
% Refutation not found, incomplete strategy% ------------------------------
% Version: Vampire 4.7 (commit af7d05f97 on 2022-09-30 11:01:41 +0200)
% Termination reason: Refutation not found, incomplete strategy

% Memory used [KB]: 6524
% Time elapsed: 0.002 s
% ------------------------------
% ------------------------------
% dis+11_2_av=off:cond=fast:ep=RST:fsr=off:lma=on:nm=16:nwc=1.2:sp=occurrence:updr=off_1 on ci_dolce_s_atp_@_2 for (1ds)
% Time limit reached!
% ------------------------------
% Version: Vampire 4.7 (commit af7d05f97 on 2022-09-30 11:01:41 +0200)
% Termination reason: Time limit
% Termination phase: Saturation

% Memory used [KB]: 8955
% Time elapsed: 0.200 s
% ------------------------------
% ------------------------------
% ott+11_2:1_add=large:afp=40000:afq=2.0:amm=sco:anc=none:br=off:cond=on:irw=on:nwc=1:sd=2:ss=axioms:st=2.0:sos=all:urr=on:updr=off_111 on ci_dolce_s_atp_@_2 for (100ds)
% Refutation not found, incomplete strategy% ------------------------------
% Version: Vampire 4.7 (commit af7d05f97 on 2022-09-30 11:01:41 +0200)
% Termination reason: Refutation not found, incomplete strategy

% Memory used [KB]: 5884
% Time elapsed: 0.001 s
% ------------------------------
% ------------------------------
% WARNING: value z3 for option sas not known
% lrs+2_4_awrs=decay:awrsf=1:afr=on:afp=10000:afq=1.0:amm=off:anc=none:bd=off:cond=on:fde=none:gs=on:lcm=predicate:nm=2:nwc=4:sas=z3:stl=30:s2a=on:sp=occurrence:urr=on:uhcvi=on_9 on ci_dolce_s_atp_@_2 for (9ds)
% Time limit reached!
% ------------------------------
% Version: Vampire 4.7 (commit af7d05f97 on 2022-09-30 11:01:41 +0200)
% Termination reason: Time limit
% Termination phase: Saturation

% Memory used [KB]: 33517
% Time elapsed: 1.0000 s
% ------------------------------
% ------------------------------
% WARNING: value z3 for option sas not known
% lrs+1011_5_afr=on:afp=100000:afq=1.0:amm=off:anc=none:cond=on:lma=on:nm=6:nwc=1:sas=z3:stl=30:sac=on:urr=on_1 on ci_dolce_s_atp_@_2 for (1ds)
% Time limit reached!
% ------------------------------
% Version: Vampire 4.7 (commit af7d05f97 on 2022-09-30 11:01:41 +0200)
% Termination reason: Time limit
% Termination phase: Saturation

% Memory used [KB]: 10618
% Time elapsed: 0.200 s
% ------------------------------
% ------------------------------
% WARNING: value z3 for option sas not known
% ott+1_128_add=large:afr=on:amm=sco:anc=none:cond=on:fsr=off:gsp=on:gs=on:irw=on:lcm=reverse:lma=on:nm=64:nwc=1.1:nicw=on:sas=z3:sac=on:sp=reverse_arity_44 on ci_dolce_s_atp_@_2 for (44ds)
% Time limit reached!
% ------------------------------
% Version: Vampire 4.7 (commit af7d05f97 on 2022-09-30 11:01:41 +0200)
% Termination reason: Time limit
% Termination phase: Saturation

% Memory used [KB]: 97226
% Time elapsed: 4.500 s
% ------------------------------
% ------------------------------
% lrs+10_3:1_av=off:bsr=on:cond=on:er=known:gs=on:lcm=reverse:nm=32:nwc=4:stl=30:sp=occurrence:urr=on:updr=off_73 on ci_dolce_s_atp_@_2 for (43ds)
% Time limit reached!
% ------------------------------
% Version: Vampire 4.7 (commit af7d05f97 on 2022-09-30 11:01:41 +0200)
% Termination reason: Time limit
% Termination phase: Saturation

% Memory used [KB]: 39018
% Time elapsed: 4.400 s
% ------------------------------
% ------------------------------
% Proof not found in time 60.042 s
% SZS status Timeout for ci_dolce_s_atp_@_2
