% Running in auto input_syntax mode. Trying TPTP
% ott+11_3_aac=none:afr=on:afp=4000:afq=1.4:amm=off:anc=all:bs=unit_only:bsr=on:bce=on:fde=unused:irw=on:nm=64:newcnf=on:nwc=1:nicw=on:sac=on:sp=reverse_arity:uhcvi=on_31 on ci_dolce_pd_dif_@_3 for (31ds)
% Refutation found. Thanks to Tanya!
% SZS status Unsatisfiable for ci_dolce_pd_dif_@_3
% SZS output start Proof for ci_dolce_pd_dif_@_3
fof(f8897,plain,(
  $false),
  inference(avatar_sat_refutation,[],[f677,f681,f685,f729,f845,f1246,f1282,f1286,f1338,f1353,f1525,f1543,f1955,f2212,f2248,f2445,f2462,f2482,f2502,f2549,f2750,f2770,f2786,f2811,f6169,f6175,f6188,f6194,f6200,f6210,f6214,f6231,f8494,f8577,f8887,f8896])).
fof(f8896,plain,(
  ~spl19_43 | ~spl19_331 | spl19_437 | ~spl19_771),
  inference(avatar_contradiction_clause,[],[f8895])).
fof(f8895,plain,(
  $false | (~spl19_43 | ~spl19_331 | spl19_437 | ~spl19_771)),
  inference(subsumption_resolution,[],[f8894,f2501])).
fof(f2501,plain,(
  pd(sK14(zyx,xyz)) | ~spl19_331),
  inference(avatar_component_clause,[],[f2500])).
fof(f2500,plain,(
  spl19_331 <=> pd(sK14(zyx,xyz))),
  introduced(avatar_definition,[new_symbols(naming,[spl19_331])])).
fof(f8894,plain,(
  ~pd(sK14(zyx,xyz)) | (~spl19_43 | spl19_437 | ~spl19_771)),
  inference(subsumption_resolution,[],[f8893,f6230])).
fof(f6230,plain,(
  ~ov(sK14(zyx,xyz),zyx) | spl19_437),
  inference(avatar_component_clause,[],[f4631])).
fof(f4631,plain,(
  spl19_437 <=> ov(sK14(zyx,xyz),zyx)),
  introduced(avatar_definition,[new_symbols(naming,[spl19_437])])).
fof(f8893,plain,(
  ov(sK14(zyx,xyz),zyx) | ~pd(sK14(zyx,xyz)) | (~spl19_43 | ~spl19_771)),
  inference(resolution,[],[f8886,f844])).
fof(f844,plain,(
  ( ! [X0] : (p(X0,X0) | ~pd(X0)) ) | ~spl19_43),
  inference(avatar_component_clause,[],[f843])).
fof(f843,plain,(
  spl19_43 <=> ! [X0] : (~pd(X0) | p(X0,X0))),
  introduced(avatar_definition,[new_symbols(naming,[spl19_43])])).
fof(f8886,plain,(
  ( ! [X0] : (~p(sK14(zyx,xyz),X0) | ov(X0,zyx)) ) | ~spl19_771),
  inference(avatar_component_clause,[],[f8885])).
fof(f8885,plain,(
  spl19_771 <=> ! [X0] : (~p(sK14(zyx,xyz),X0) | ov(X0,zyx))),
  introduced(avatar_definition,[new_symbols(naming,[spl19_771])])).
fof(f8887,plain,(
  spl19_771 | ~spl19_157 | ~spl19_551),
  inference(avatar_split_clause,[],[f6221,f6212,f1351,f8885])).
fof(f1351,plain,(
  spl19_157 <=> ! [X2,X0,X1] : (~p(X2,X0) | ~p(X2,X1) | ov(X0,X1))),
  introduced(avatar_definition,[new_symbols(naming,[spl19_157])])).
fof(f6212,plain,(
  spl19_551 <=> p(sK14(zyx,xyz),zyx)),
  introduced(avatar_definition,[new_symbols(naming,[spl19_551])])).
fof(f6221,plain,(
  ( ! [X0] : (~p(sK14(zyx,xyz),X0) | ov(X0,zyx)) ) | (~spl19_157 | ~spl19_551)),
  inference(resolution,[],[f6213,f1352])).
fof(f1352,plain,(
  ( ! [X2,X0,X1] : (~p(X2,X1) | ~p(X2,X0) | ov(X0,X1)) ) | ~spl19_157),
  inference(avatar_component_clause,[],[f1351])).
fof(f6213,plain,(
  p(sK14(zyx,xyz),zyx) | ~spl19_551),
  inference(avatar_component_clause,[],[f6212])).
fof(f8577,plain,(
  ~spl19_351 | ~spl19_43 | spl19_547 | ~spl19_759),
  inference(avatar_split_clause,[],[f8497,f8492,f6192,f843,f2768])).
fof(f2768,plain,(
  spl19_351 <=> pd(sK14(xyz,zyx))),
  introduced(avatar_definition,[new_symbols(naming,[spl19_351])])).
fof(f6192,plain,(
  spl19_547 <=> ov(sK14(xyz,zyx),xyz)),
  introduced(avatar_definition,[new_symbols(naming,[spl19_547])])).
fof(f8492,plain,(
  spl19_759 <=> ! [X0] : (~p(sK14(xyz,zyx),X0) | ov(X0,xyz))),
  introduced(avatar_definition,[new_symbols(naming,[spl19_759])])).
fof(f8497,plain,(
  ~pd(sK14(xyz,zyx)) | (~spl19_43 | spl19_547 | ~spl19_759)),
  inference(subsumption_resolution,[],[f8496,f6193])).
fof(f6193,plain,(
  ~ov(sK14(xyz,zyx),xyz) | spl19_547),
  inference(avatar_component_clause,[],[f6192])).
fof(f8496,plain,(
  ov(sK14(xyz,zyx),xyz) | ~pd(sK14(xyz,zyx)) | (~spl19_43 | ~spl19_759)),
  inference(resolution,[],[f8493,f844])).
fof(f8493,plain,(
  ( ! [X0] : (~p(sK14(xyz,zyx),X0) | ov(X0,xyz)) ) | ~spl19_759),
  inference(avatar_component_clause,[],[f8492])).
fof(f8494,plain,(
  spl19_759 | ~spl19_157 | ~spl19_545),
  inference(avatar_split_clause,[],[f6182,f6173,f1351,f8492])).
fof(f6173,plain,(
  spl19_545 <=> p(sK14(xyz,zyx),xyz)),
  introduced(avatar_definition,[new_symbols(naming,[spl19_545])])).
fof(f6182,plain,(
  ( ! [X0] : (~p(sK14(xyz,zyx),X0) | ov(X0,xyz)) ) | (~spl19_157 | ~spl19_545)),
  inference(resolution,[],[f6174,f1352])).
fof(f6174,plain,(
  p(sK14(xyz,zyx),xyz) | ~spl19_545),
  inference(avatar_component_clause,[],[f6173])).
fof(f6231,plain,(
  ~spl19_437 | ~spl19_43 | ~spl19_331 | ~spl19_550),
  inference(avatar_split_clause,[],[f6225,f6208,f2500,f843,f4631])).
fof(f6208,plain,(
  spl19_550 <=> ! [X1] : (~p(X1,sK14(zyx,xyz)) | ~ov(X1,zyx))),
  introduced(avatar_definition,[new_symbols(naming,[spl19_550])])).
fof(f6225,plain,(
  ~ov(sK14(zyx,xyz),zyx) | (~spl19_43 | ~spl19_331 | ~spl19_550)),
  inference(subsumption_resolution,[],[f6224,f2501])).
fof(f6224,plain,(
  ~ov(sK14(zyx,xyz),zyx) | ~pd(sK14(zyx,xyz)) | (~spl19_43 | ~spl19_550)),
  inference(resolution,[],[f6209,f844])).
fof(f6209,plain,(
  ( ! [X1] : (~p(X1,sK14(zyx,xyz)) | ~ov(X1,zyx)) ) | ~spl19_550),
  inference(avatar_component_clause,[],[f6208])).
fof(f6214,plain,(
  spl19_551 | ~spl19_43 | ~spl19_331 | ~spl19_548),
  inference(avatar_split_clause,[],[f6206,f6198,f2500,f843,f6212])).
fof(f6198,plain,(
  spl19_548 <=> ! [X0] : (~p(X0,sK14(zyx,xyz)) | p(X0,zyx))),
  introduced(avatar_definition,[new_symbols(naming,[spl19_548])])).
fof(f6206,plain,(
  p(sK14(zyx,xyz),zyx) | (~spl19_43 | ~spl19_331 | ~spl19_548)),
  inference(subsumption_resolution,[],[f6205,f2501])).
fof(f6205,plain,(
  p(sK14(zyx,xyz),zyx) | ~pd(sK14(zyx,xyz)) | (~spl19_43 | ~spl19_548)),
  inference(resolution,[],[f6199,f844])).
fof(f6199,plain,(
  ( ! [X0] : (~p(X0,sK14(zyx,xyz)) | p(X0,zyx)) ) | ~spl19_548),
  inference(avatar_component_clause,[],[f6198])).
fof(f6210,plain,(
  spl19_550 | ~spl19_194 | ~spl19_327),
  inference(avatar_split_clause,[],[f4768,f2460,f1541,f6208])).
fof(f1541,plain,(
  spl19_194 <=> ! [X0,X3,X2,X1] : (~ov(X3,X1) | ~p(X3,X2) | ~dif(X2,X0,X1))),
  introduced(avatar_definition,[new_symbols(naming,[spl19_194])])).
fof(f2460,plain,(
  spl19_327 <=> dif(sK14(zyx,xyz),zyx,zyx)),
  introduced(avatar_definition,[new_symbols(naming,[spl19_327])])).
fof(f4768,plain,(
  ( ! [X1] : (~p(X1,sK14(zyx,xyz)) | ~ov(X1,zyx)) ) | (~spl19_194 | ~spl19_327)),
  inference(resolution,[],[f2461,f1542])).
fof(f1542,plain,(
  ( ! [X2,X3,X0,X1] : (~dif(X2,X0,X1) | ~p(X3,X2) | ~ov(X3,X1)) ) | ~spl19_194),
  inference(avatar_component_clause,[],[f1541])).
fof(f2461,plain,(
  dif(sK14(zyx,xyz),zyx,zyx) | ~spl19_327),
  inference(avatar_component_clause,[],[f2460])).
fof(f6200,plain,(
  spl19_548 | ~spl19_191 | ~spl19_327),
  inference(avatar_split_clause,[],[f4767,f2460,f1523,f6198])).
fof(f1523,plain,(
  spl19_191 <=> ! [X0,X3,X2,X1] : (p(X3,X0) | ~p(X3,X2) | ~dif(X2,X0,X1))),
  introduced(avatar_definition,[new_symbols(naming,[spl19_191])])).
fof(f4767,plain,(
  ( ! [X0] : (~p(X0,sK14(zyx,xyz)) | p(X0,zyx)) ) | (~spl19_191 | ~spl19_327)),
  inference(resolution,[],[f2461,f1524])).
fof(f1524,plain,(
  ( ! [X2,X3,X0,X1] : (~dif(X2,X0,X1) | ~p(X3,X2) | p(X3,X0)) ) | ~spl19_191),
  inference(avatar_component_clause,[],[f1523])).
fof(f6194,plain,(
  ~spl19_547 | ~spl19_43 | ~spl19_351 | ~spl19_546),
  inference(avatar_split_clause,[],[f6190,f6186,f2768,f843,f6192])).
fof(f6186,plain,(
  spl19_546 <=> ! [X1] : (~p(X1,sK14(xyz,zyx)) | ~ov(X1,xyz))),
  introduced(avatar_definition,[new_symbols(naming,[spl19_546])])).
fof(f6190,plain,(
  ~ov(sK14(xyz,zyx),xyz) | (~spl19_43 | ~spl19_351 | ~spl19_546)),
  inference(subsumption_resolution,[],[f6189,f2769])).
fof(f2769,plain,(
  pd(sK14(xyz,zyx)) | ~spl19_351),
  inference(avatar_component_clause,[],[f2768])).
fof(f6189,plain,(
  ~ov(sK14(xyz,zyx),xyz) | ~pd(sK14(xyz,zyx)) | (~spl19_43 | ~spl19_546)),
  inference(resolution,[],[f6187,f844])).
fof(f6187,plain,(
  ( ! [X1] : (~p(X1,sK14(xyz,zyx)) | ~ov(X1,xyz)) ) | ~spl19_546),
  inference(avatar_component_clause,[],[f6186])).
fof(f6188,plain,(
  spl19_546 | ~spl19_194 | ~spl19_349),
  inference(avatar_split_clause,[],[f4200,f2748,f1541,f6186])).
fof(f2748,plain,(
  spl19_349 <=> dif(sK14(xyz,zyx),xyz,xyz)),
  introduced(avatar_definition,[new_symbols(naming,[spl19_349])])).
fof(f4200,plain,(
  ( ! [X1] : (~p(X1,sK14(xyz,zyx)) | ~ov(X1,xyz)) ) | (~spl19_194 | ~spl19_349)),
  inference(resolution,[],[f2749,f1542])).
fof(f2749,plain,(
  dif(sK14(xyz,zyx),xyz,xyz) | ~spl19_349),
  inference(avatar_component_clause,[],[f2748])).
fof(f6175,plain,(
  spl19_545 | ~spl19_43 | ~spl19_351 | ~spl19_544),
  inference(avatar_split_clause,[],[f6171,f6167,f2768,f843,f6173])).
fof(f6167,plain,(
  spl19_544 <=> ! [X0] : (~p(X0,sK14(xyz,zyx)) | p(X0,xyz))),
  introduced(avatar_definition,[new_symbols(naming,[spl19_544])])).
fof(f6171,plain,(
  p(sK14(xyz,zyx),xyz) | (~spl19_43 | ~spl19_351 | ~spl19_544)),
  inference(subsumption_resolution,[],[f6170,f2769])).
fof(f6170,plain,(
  p(sK14(xyz,zyx),xyz) | ~pd(sK14(xyz,zyx)) | (~spl19_43 | ~spl19_544)),
  inference(resolution,[],[f6168,f844])).
fof(f6168,plain,(
  ( ! [X0] : (~p(X0,sK14(xyz,zyx)) | p(X0,xyz)) ) | ~spl19_544),
  inference(avatar_component_clause,[],[f6167])).
fof(f6169,plain,(
  spl19_544 | ~spl19_191 | ~spl19_349),
  inference(avatar_split_clause,[],[f4199,f2748,f1523,f6167])).
fof(f4199,plain,(
  ( ! [X0] : (~p(X0,sK14(xyz,zyx)) | p(X0,xyz)) ) | (~spl19_191 | ~spl19_349)),
  inference(resolution,[],[f2749,f1524])).
fof(f2811,plain,(
  ~spl19_2 | ~spl19_14 | ~spl19_350),
  inference(avatar_contradiction_clause,[],[f2810])).
fof(f2810,plain,(
  $false | (~spl19_2 | ~spl19_14 | ~spl19_350)),
  inference(subsumption_resolution,[],[f2809,f680])).
fof(f680,plain,(
  pd(zyx) | ~spl19_2),
  inference(avatar_component_clause,[],[f679])).
fof(f679,plain,(
  spl19_2 <=> pd(zyx)),
  introduced(avatar_definition,[new_symbols(naming,[spl19_2])])).
fof(f2809,plain,(
  ~pd(zyx) | (~spl19_14 | ~spl19_350)),
  inference(resolution,[],[f2766,f728])).
fof(f728,plain,(
  ( ! [X0] : (~ab(X0) | ~pd(X0)) ) | ~spl19_14),
  inference(avatar_component_clause,[],[f727])).
fof(f727,plain,(
  spl19_14 <=> ! [X0] : (~ab(X0) | ~pd(X0))),
  introduced(avatar_definition,[new_symbols(naming,[spl19_14])])).
fof(f2766,plain,(
  ab(zyx) | ~spl19_350),
  inference(avatar_component_clause,[],[f2765])).
fof(f2765,plain,(
  spl19_350 <=> ab(zyx)),
  introduced(avatar_definition,[new_symbols(naming,[spl19_350])])).
fof(f2786,plain,(
  ~spl19_326 | spl19_3 | ~spl19_154 | ~spl19_329),
  inference(avatar_split_clause,[],[f2780,f2480,f1336,f683,f2443])).
fof(f2443,plain,(
  spl19_326 <=> p(zyx,xyz)),
  introduced(avatar_definition,[new_symbols(naming,[spl19_326])])).
fof(f683,plain,(
  spl19_3 <=> xyz = zyx),
  introduced(avatar_definition,[new_symbols(naming,[spl19_3])])).
fof(f1336,plain,(
  spl19_154 <=> ! [X0,X1] : (~p(X0,X1) | ~p(X1,X0) | X0 = X1)),
  introduced(avatar_definition,[new_symbols(naming,[spl19_154])])).
fof(f2480,plain,(
  spl19_329 <=> p(xyz,zyx)),
  introduced(avatar_definition,[new_symbols(naming,[spl19_329])])).
fof(f2780,plain,(
  ~p(zyx,xyz) | (spl19_3 | ~spl19_154 | ~spl19_329)),
  inference(subsumption_resolution,[],[f2777,f684])).
fof(f684,plain,(
  xyz != zyx | spl19_3),
  inference(avatar_component_clause,[],[f683])).
fof(f2777,plain,(
  ~p(zyx,xyz) | xyz = zyx | (~spl19_154 | ~spl19_329)),
  inference(resolution,[],[f2481,f1337])).
fof(f1337,plain,(
  ( ! [X0,X1] : (~p(X1,X0) | ~p(X0,X1) | X0 = X1) ) | ~spl19_154),
  inference(avatar_component_clause,[],[f1336])).
fof(f2481,plain,(
  p(xyz,zyx) | ~spl19_329),
  inference(avatar_component_clause,[],[f2480])).
fof(f2770,plain,(
  spl19_350 | spl19_351 | ~spl19_137 | ~spl19_328),
  inference(avatar_split_clause,[],[f2484,f2477,f1244,f2768,f2765])).
fof(f1244,plain,(
  spl19_137 <=> ! [X2,X0,X1] : (ab(X1) | pd(X2) | ~dif(X2,X0,X1))),
  introduced(avatar_definition,[new_symbols(naming,[spl19_137])])).
fof(f2477,plain,(
  spl19_328 <=> dif(sK14(xyz,zyx),xyz,zyx)),
  introduced(avatar_definition,[new_symbols(naming,[spl19_328])])).
fof(f2484,plain,(
  pd(sK14(xyz,zyx)) | ab(zyx) | (~spl19_137 | ~spl19_328)),
  inference(resolution,[],[f2478,f1245])).
fof(f1245,plain,(
  ( ! [X2,X0,X1] : (~dif(X2,X0,X1) | pd(X2) | ab(X1)) ) | ~spl19_137),
  inference(avatar_component_clause,[],[f1244])).
fof(f2478,plain,(
  dif(sK14(xyz,zyx),xyz,zyx) | ~spl19_328),
  inference(avatar_component_clause,[],[f2477])).
fof(f2750,plain,(
  spl19_349 | ~spl19_146 | ~spl19_328),
  inference(avatar_split_clause,[],[f2483,f2477,f1280,f2748])).
fof(f1280,plain,(
  spl19_146 <=> ! [X0,X1] : (~dif(X0,X1,zyx) | dif(X0,X1,xyz))),
  introduced(avatar_definition,[new_symbols(naming,[spl19_146])])).
fof(f2483,plain,(
  dif(sK14(xyz,zyx),xyz,xyz) | (~spl19_146 | ~spl19_328)),
  inference(resolution,[],[f2478,f1281])).
fof(f1281,plain,(
  ( ! [X0,X1] : (~dif(X0,X1,zyx) | dif(X0,X1,xyz)) ) | ~spl19_146),
  inference(avatar_component_clause,[],[f1280])).
fof(f2549,plain,(
  ~spl19_1 | ~spl19_14 | ~spl19_330),
  inference(avatar_contradiction_clause,[],[f2548])).
fof(f2548,plain,(
  $false | (~spl19_1 | ~spl19_14 | ~spl19_330)),
  inference(subsumption_resolution,[],[f2547,f676])).
fof(f676,plain,(
  pd(xyz) | ~spl19_1),
  inference(avatar_component_clause,[],[f675])).
fof(f675,plain,(
  spl19_1 <=> pd(xyz)),
  introduced(avatar_definition,[new_symbols(naming,[spl19_1])])).
fof(f2547,plain,(
  ~pd(xyz) | (~spl19_14 | ~spl19_330)),
  inference(resolution,[],[f2498,f728])).
fof(f2498,plain,(
  ab(xyz) | ~spl19_330),
  inference(avatar_component_clause,[],[f2497])).
fof(f2497,plain,(
  spl19_330 <=> ab(xyz)),
  introduced(avatar_definition,[new_symbols(naming,[spl19_330])])).
fof(f2502,plain,(
  spl19_330 | spl19_331 | ~spl19_137 | ~spl19_325),
  inference(avatar_split_clause,[],[f2447,f2440,f1244,f2500,f2497])).
fof(f2440,plain,(
  spl19_325 <=> dif(sK14(zyx,xyz),zyx,xyz)),
  introduced(avatar_definition,[new_symbols(naming,[spl19_325])])).
fof(f2447,plain,(
  pd(sK14(zyx,xyz)) | ab(xyz) | (~spl19_137 | ~spl19_325)),
  inference(resolution,[],[f2441,f1245])).
fof(f2441,plain,(
  dif(sK14(zyx,xyz),zyx,xyz) | ~spl19_325),
  inference(avatar_component_clause,[],[f2440])).
fof(f2482,plain,(
  spl19_328 | spl19_329 | ~spl19_1 | ~spl19_298),
  inference(avatar_split_clause,[],[f2263,f2246,f675,f2480,f2477])).
fof(f2246,plain,(
  spl19_298 <=> ! [X1] : (~pd(X1) | p(X1,zyx) | dif(sK14(X1,zyx),X1,zyx))),
  introduced(avatar_definition,[new_symbols(naming,[spl19_298])])).
fof(f2263,plain,(
  p(xyz,zyx) | dif(sK14(xyz,zyx),xyz,zyx) | (~spl19_1 | ~spl19_298)),
  inference(resolution,[],[f2247,f676])).
fof(f2247,plain,(
  ( ! [X1] : (~pd(X1) | p(X1,zyx) | dif(sK14(X1,zyx),X1,zyx)) ) | ~spl19_298),
  inference(avatar_component_clause,[],[f2246])).
fof(f2462,plain,(
  spl19_327 | ~spl19_147 | ~spl19_325),
  inference(avatar_split_clause,[],[f2446,f2440,f1284,f2460])).
fof(f1284,plain,(
  spl19_147 <=> ! [X0,X1] : (dif(X0,X1,zyx) | ~dif(X0,X1,xyz))),
  introduced(avatar_definition,[new_symbols(naming,[spl19_147])])).
fof(f2446,plain,(
  dif(sK14(zyx,xyz),zyx,zyx) | (~spl19_147 | ~spl19_325)),
  inference(resolution,[],[f2441,f1285])).
fof(f1285,plain,(
  ( ! [X0,X1] : (~dif(X0,X1,xyz) | dif(X0,X1,zyx)) ) | ~spl19_147),
  inference(avatar_component_clause,[],[f1284])).
fof(f2445,plain,(
  spl19_325 | spl19_326 | ~spl19_2 | ~spl19_294),
  inference(avatar_split_clause,[],[f2228,f2210,f679,f2443,f2440])).
fof(f2210,plain,(
  spl19_294 <=> ! [X0] : (~pd(X0) | p(X0,xyz) | dif(sK14(X0,xyz),X0,xyz))),
  introduced(avatar_definition,[new_symbols(naming,[spl19_294])])).
fof(f2228,plain,(
  p(zyx,xyz) | dif(sK14(zyx,xyz),zyx,xyz) | (~spl19_2 | ~spl19_294)),
  inference(resolution,[],[f2211,f680])).
fof(f2211,plain,(
  ( ! [X0] : (~pd(X0) | p(X0,xyz) | dif(sK14(X0,xyz),X0,xyz)) ) | ~spl19_294),
  inference(avatar_component_clause,[],[f2210])).
fof(f2248,plain,(
  spl19_298 | ~spl19_2 | ~spl19_249),
  inference(avatar_split_clause,[],[f2037,f1953,f679,f2246])).
fof(f1953,plain,(
  spl19_249 <=> ! [X0,X1] : (~pd(X0) | ~pd(X1) | p(X0,X1) | dif(sK14(X0,X1),X0,X1))),
  introduced(avatar_definition,[new_symbols(naming,[spl19_249])])).
fof(f2037,plain,(
  ( ! [X1] : (~pd(X1) | p(X1,zyx) | dif(sK14(X1,zyx),X1,zyx)) ) | (~spl19_2 | ~spl19_249)),
  inference(resolution,[],[f1954,f680])).
fof(f1954,plain,(
  ( ! [X0,X1] : (~pd(X1) | ~pd(X0) | p(X0,X1) | dif(sK14(X0,X1),X0,X1)) ) | ~spl19_249),
  inference(avatar_component_clause,[],[f1953])).
fof(f2212,plain,(
  spl19_294 | ~spl19_1 | ~spl19_249),
  inference(avatar_split_clause,[],[f2036,f1953,f675,f2210])).
fof(f2036,plain,(
  ( ! [X0] : (~pd(X0) | p(X0,xyz) | dif(sK14(X0,xyz),X0,xyz)) ) | (~spl19_1 | ~spl19_249)),
  inference(resolution,[],[f1954,f676])).
fof(f1955,plain,(
  spl19_249),
  inference(avatar_split_clause,[],[f589,f1953])).
fof(f589,plain,(
  ( ! [X0,X1] : (~pd(X0) | ~pd(X1) | p(X0,X1) | dif(sK14(X0,X1),X0,X1)) )),
  inference(cnf_transformation,[],[f418])).
fof(f418,plain,(
  ! [X0,X1] : (? [X2] : dif(X2,X0,X1) | p(X0,X1) | ~pd(X1) | ~pd(X0))),
  inference(flattening,[],[f417])).
fof(f417,plain,(
  ! [X0,X1] : (? [X2] : dif(X2,X0,X1) | (p(X0,X1) | ~pd(X1) | ~pd(X0)))),
  inference(ennf_transformation,[],[f233])).
fof(f233,plain,(
  ! [X0,X1] : ((~p(X0,X1) & pd(X1) & pd(X0)) => ? [X2] : dif(X2,X0,X1))),
  inference(flattening,[],[f232])).
fof(f232,plain,(
  ! [X0] : ! [X1] : ((~p(X0,X1) & pd(X1) & pd(X0)) => ? [X2] : dif(X2,X0,X1))),
  inference(rectify,[],[f62])).
fof(f62,axiom,(
  ! [X83] : ! [X84] : ((~p(X83,X84) & pd(X84) & pd(X83)) => ? [X85] : dif(X85,X83,X84))),
  file('outputs/dolce/cis/ci_dolce_pd_dif_@_3.in',sos)).
fof(f1543,plain,(
  spl19_194),
  inference(avatar_split_clause,[],[f658,f1541])).
fof(f658,plain,(
  ( ! [X2,X3,X0,X1] : (~ov(X3,X1) | ~p(X3,X2) | ~dif(X2,X0,X1)) )),
  inference(cnf_transformation,[],[f331])).
fof(f331,plain,(
  ! [X0,X1,X2] : (dif(X2,X0,X1) <=> (! [X3] : (p(X3,X2) <=> (~ov(X3,X1) & p(X3,X0))) & ((pd(X1) & pd(X0) & pd(X2)) | (ab(X1) & ab(X0) & ab(X2)))))),
  inference(flattening,[],[f330])).
fof(f330,plain,(
  ! [X0] : ! [X1] : ! [X2] : (dif(X2,X0,X1) <=> (! [X3] : (p(X3,X2) <=> (~ov(X3,X1) & p(X3,X0))) & ((pd(X1) & pd(X0) & pd(X2)) | (ab(X1) & ab(X0) & ab(X2)))))),
  inference(rectify,[],[f60])).
fof(f60,axiom,(
  ! [X76] : ! [X77] : ! [X78] : (dif(X78,X76,X77) <=> (! [X79] : (p(X79,X78) <=> (~ov(X79,X77) & p(X79,X76))) & ((pd(X77) & pd(X76) & pd(X78)) | (ab(X77) & ab(X76) & ab(X78)))))),
  file('outputs/dolce/cis/ci_dolce_pd_dif_@_3.in',sos)).
fof(f1525,plain,(
  spl19_191),
  inference(avatar_split_clause,[],[f657,f1523])).
fof(f657,plain,(
  ( ! [X2,X3,X0,X1] : (p(X3,X0) | ~p(X3,X2) | ~dif(X2,X0,X1)) )),
  inference(cnf_transformation,[],[f331])).
fof(f1353,plain,(
  spl19_157),
  inference(avatar_split_clause,[],[f597,f1351])).
fof(f597,plain,(
  ( ! [X2,X0,X1] : (~p(X2,X0) | ~p(X2,X1) | ov(X0,X1)) )),
  inference(cnf_transformation,[],[f253])).
fof(f253,plain,(
  ! [X0,X1] : (ov(X0,X1) <=> ? [X2] : (p(X2,X1) & p(X2,X0)))),
  inference(flattening,[],[f252])).
fof(f252,plain,(
  ! [X0] : ! [X1] : (ov(X0,X1) <=> ? [X2] : (p(X2,X1) & p(X2,X0)))),
  inference(rectify,[],[f56])).
fof(f56,axiom,(
  ! [X65] : ! [X66] : (ov(X65,X66) <=> ? [X67] : (p(X67,X66) & p(X67,X65)))),
  file('outputs/dolce/cis/ci_dolce_pd_dif_@_3.in',sos)).
fof(f1338,plain,(
  spl19_154),
  inference(avatar_split_clause,[],[f592,f1336])).
fof(f592,plain,(
  ( ! [X0,X1] : (~p(X0,X1) | ~p(X1,X0) | X0 = X1) )),
  inference(cnf_transformation,[],[f424])).
fof(f424,plain,(
  ! [X0,X1] : (X0 = X1 | ~p(X1,X0) | ~p(X0,X1))),
  inference(flattening,[],[f423])).
fof(f423,plain,(
  ! [X0,X1] : (X0 = X1 | (~p(X1,X0) | ~p(X0,X1)))),
  inference(ennf_transformation,[],[f239])).
fof(f239,plain,(
  ! [X0,X1] : ((p(X1,X0) & p(X0,X1)) => X0 = X1)),
  inference(flattening,[],[f238])).
fof(f238,plain,(
  ! [X0] : ! [X1] : ((p(X1,X0) & p(X0,X1)) => X0 = X1)),
  inference(rectify,[],[f53])).
fof(f53,axiom,(
  ! [X58] : ! [X59] : ((p(X59,X58) & p(X58,X59)) => X58 = X59)),
  file('outputs/dolce/cis/ci_dolce_pd_dif_@_3.in',sos)).
fof(f1286,plain,(
  spl19_147),
  inference(avatar_split_clause,[],[f673,f1284])).
fof(f673,plain,(
  ( ! [X0,X1] : (dif(X0,X1,zyx) | ~dif(X0,X1,xyz)) )),
  inference(cnf_transformation,[],[f338])).
fof(f338,plain,(
  ! [X0,X1] : (dif(X0,X1,xyz) <=> dif(X0,X1,zyx))),
  inference(rectify,[],[f134])).
fof(f134,axiom,(
  ! [X1,X2] : (dif(X1,X2,xyz) <=> dif(X1,X2,zyx))),
  file('outputs/dolce/cis/ci_dolce_pd_dif_@_3.in',axiom180)).
fof(f1282,plain,(
  spl19_146),
  inference(avatar_split_clause,[],[f672,f1280])).
fof(f672,plain,(
  ( ! [X0,X1] : (~dif(X0,X1,zyx) | dif(X0,X1,xyz)) )),
  inference(cnf_transformation,[],[f338])).
fof(f1246,plain,(
  spl19_137),
  inference(avatar_split_clause,[],[f660,f1244])).
fof(f660,plain,(
  ( ! [X2,X0,X1] : (ab(X1) | pd(X2) | ~dif(X2,X0,X1)) )),
  inference(cnf_transformation,[],[f331])).
fof(f845,plain,(
  spl19_43),
  inference(avatar_split_clause,[],[f528,f843])).
fof(f528,plain,(
  ( ! [X0] : (~pd(X0) | p(X0,X0)) )),
  inference(cnf_transformation,[],[f393])).
fof(f393,plain,(
  ! [X0] : (p(X0,X0) | (~pd(X0) & ~ab(X0)))),
  inference(ennf_transformation,[],[f182])).
fof(f182,plain,(
  ! [X0] : ((pd(X0) | ab(X0)) => p(X0,X0))),
  inference(rectify,[],[f52])).
fof(f52,axiom,(
  ! [X57] : ((pd(X57) | ab(X57)) => p(X57,X57))),
  file('outputs/dolce/cis/ci_dolce_pd_dif_@_3.in',sos)).
fof(f729,plain,(
  spl19_14),
  inference(avatar_split_clause,[],[f498,f727])).
fof(f498,plain,(
  ( ! [X0] : (~ab(X0) | ~pd(X0)) )),
  inference(cnf_transformation,[],[f370])).
fof(f370,plain,(
  ! [X0] : (~pd(X0) | ~ab(X0))),
  inference(ennf_transformation,[],[f158])).
fof(f158,plain,(
  ~? [X0] : (pd(X0) & ab(X0))),
  inference(rectify,[],[f22])).
fof(f22,axiom,(
  ~? [X21] : (pd(X21) & ab(X21))),
  file('outputs/dolce/cis/ci_dolce_pd_dif_@_3.in',sos)).
fof(f685,plain,(
  ~spl19_3),
  inference(avatar_split_clause,[],[f478,f683])).
fof(f478,plain,(
  xyz != zyx),
  inference(cnf_transformation,[],[f135])).
fof(f135,axiom,(
  xyz != zyx),
  file('outputs/dolce/cis/ci_dolce_pd_dif_@_3.in',diff175)).
fof(f681,plain,(
  spl19_2),
  inference(avatar_split_clause,[],[f477,f679])).
fof(f477,plain,(
  pd(zyx)),
  inference(cnf_transformation,[],[f133])).
fof(f133,axiom,(
  pd(zyx)),
  file('outputs/dolce/cis/ci_dolce_pd_dif_@_3.in',axiom175)).
fof(f677,plain,(
  spl19_1),
  inference(avatar_split_clause,[],[f476,f675])).
fof(f476,plain,(
  pd(xyz)),
  inference(cnf_transformation,[],[f132])).
fof(f132,axiom,(
  pd(xyz)),
  file('outputs/dolce/cis/ci_dolce_pd_dif_@_3.in',axiom174)).
% SZS output end Proof for ci_dolce_pd_dif_@_3
% ------------------------------
% Version: Vampire 4.7 (commit af7d05f97 on 2022-09-30 11:01:41 +0200)
% Termination reason: Refutation

% Memory used [KB]: 12537
% Time elapsed: 0.152 s
% ------------------------------
% ------------------------------
% Success in time 0.159 s
