% Running in auto input_syntax mode. Trying TPTP
% lrs-11_12_av=off:nm=32:nwc=1.3:stl=30:sd=3:ss=axioms:sos=all_2 on ci_dolce_tr_dif_@_1 for (2ds)
% Refutation not found, incomplete strategy% ------------------------------
% Version: Vampire 4.7 (commit af7d05f97 on 2022-09-30 11:01:41 +0200)
% Termination reason: Refutation not found, incomplete strategy

% Memory used [KB]: 1535
% Time elapsed: 0.001 s
% ------------------------------
% ------------------------------
% WARNING: value z3 for option sas not known
% lrs+2_3:1_add=large:afr=on:afp=10000:afq=1.1:amm=off:anc=none:er=known:fde=unused:gs=on:gsaa=from_current:gsem=on:lma=on:nm=32:newcnf=on:nwc=4:sas=z3:stl=30:sd=1:ss=axioms:st=5.0:sac=on:sp=occurrence:updr=off_2 on ci_dolce_tr_dif_@_1 for (2ds)
% Refutation not found, incomplete strategy% ------------------------------
% Version: Vampire 4.7 (commit af7d05f97 on 2022-09-30 11:01:41 +0200)
% Termination reason: Refutation not found, incomplete strategy

% Memory used [KB]: 10490
% Time elapsed: 0.001 s
% ------------------------------
% ------------------------------
% dis+2_2:1_aac=none:afp=100000:afq=1.1:amm=sco:anc=none:bsr=on:fsr=off:gs=on:gsem=on:lcm=reverse:lma=on:nm=64:nwc=1:sos=on_6 on ci_dolce_tr_dif_@_1 for (6ds)
% Refutation not found, incomplete strategy% ------------------------------
% Version: Vampire 4.7 (commit af7d05f97 on 2022-09-30 11:01:41 +0200)
% Termination reason: Refutation not found, incomplete strategy

% Memory used [KB]: 11129
% Time elapsed: 0.003 s
% ------------------------------
% ------------------------------
% dis+1011_24_add=large:afr=on:afp=4000:afq=1.0:anc=none:bs=unit_only:bce=on:cond=fast:gs=on:nm=32:nwc=2.5:nicw=on:sp=occurrence:updr=off_39 on ci_dolce_tr_dif_@_1 for (39ds)
% Time limit reached!
% ------------------------------
% Version: Vampire 4.7 (commit af7d05f97 on 2022-09-30 11:01:41 +0200)
% Termination reason: Time limit
% Termination phase: Saturation

% Memory used [KB]: 64860
% Time elapsed: 4.0000 s
% ------------------------------
% ------------------------------
% lrs+1011_5_add=large:afp=1000:afq=1.2:anc=none:fsr=off:irw=on:lma=on:nm=64:newcnf=on:nwc=1:stl=30:sd=3:ss=axioms:st=2.0:sos=on:sac=on:sp=reverse_arity:urr=on:updr=off_10 on ci_dolce_tr_dif_@_1 for (10ds)
% Refutation not found, incomplete strategy% ------------------------------
% Version: Vampire 4.7 (commit af7d05f97 on 2022-09-30 11:01:41 +0200)
% Termination reason: Refutation not found, incomplete strategy

% Memory used [KB]: 6012
% Time elapsed: 0.001 s
% ------------------------------
% ------------------------------
% lrs+11_128_av=off:bsr=on:cond=on:gs=on:lcm=reverse:lma=on:nm=32:nwc=1:stl=30:sd=5:ss=axioms:st=3.0_1 on ci_dolce_tr_dif_@_1 for (1ds)
% Refutation not found, incomplete strategy% ------------------------------
% Version: Vampire 4.7 (commit af7d05f97 on 2022-09-30 11:01:41 +0200)
% Termination reason: Refutation not found, incomplete strategy

% Memory used [KB]: 6012
% Time elapsed: 0.001 s
% ------------------------------
% ------------------------------
% WARNING: value z3 for option sas not known
% ott+11_16_av=off:gs=on:gsem=on:irw=on:lma=on:nm=64:newcnf=on:nwc=1.3:sas=z3:sp=reverse_arity_14 on ci_dolce_tr_dif_@_1 for (14ds)
% Time limit reached!
% ------------------------------
% Version: Vampire 4.7 (commit af7d05f97 on 2022-09-30 11:01:41 +0200)
% Termination reason: Time limit
% Termination phase: Saturation

% Memory used [KB]: 81875
% Time elapsed: 1.500 s
% ------------------------------
% ------------------------------
% lrs+11_20_av=off:bs=unit_only:bsr=on:bce=on:cond=on:fde=none:gs=on:gsem=on:irw=on:nm=4:nwc=1:stl=30:sos=theory:sp=reverse_arity:uhcvi=on_3 on ci_dolce_tr_dif_@_1 for (3ds)
% Time limit reached!
% ------------------------------
% Version: Vampire 4.7 (commit af7d05f97 on 2022-09-30 11:01:41 +0200)
% Termination reason: Time limit
% Termination phase: Saturation

% Memory used [KB]: 18421
% Time elapsed: 0.400 s
% ------------------------------
% ------------------------------
% ott+2_2_afp=10000:afq=1.4:amm=off:anc=none:gsp=on:gs=on:gsem=off:irw=on:lcm=predicate:nm=32:nwc=1.5:sos=on:sp=reverse_arity_18 on ci_dolce_tr_dif_@_1 for (18ds)
% Refutation not found, incomplete strategy% ------------------------------
% Version: Vampire 4.7 (commit af7d05f97 on 2022-09-30 11:01:41 +0200)
% Termination reason: Refutation not found, incomplete strategy

% Memory used [KB]: 11001
% Time elapsed: 0.003 s
% ------------------------------
% ------------------------------
% lrs+11_1_add=large:afr=on:afp=100000:afq=2.0:amm=off:anc=none:bd=off:gs=on:gsem=on:irw=on:nm=32:newcnf=on:nwc=2.5:nicw=on:stl=30:sd=3:ss=axioms:sos=all:urr=on_34 on ci_dolce_tr_dif_@_1 for (34ds)
% Refutation not found, incomplete strategy% ------------------------------
% Version: Vampire 4.7 (commit af7d05f97 on 2022-09-30 11:01:41 +0200)
% Termination reason: Refutation not found, incomplete strategy

% Memory used [KB]: 10490
% Time elapsed: 0.002 s
% ------------------------------
% ------------------------------
% lrs+1003_3_awrs=decay:awrsf=4:add=large:afr=on:afp=100000:afq=2.0:amm=sco:bd=off:cond=fast:fsr=off:fde=unused:gs=on:gsem=on:nm=6:nwc=1:stl=30:sd=1:ss=axioms:st=1.2:sos=on:sac=on:sp=frequency:urr=on:updr=off_2 on ci_dolce_tr_dif_@_1 for (2ds)
% Refutation not found, incomplete strategy% ------------------------------
% Version: Vampire 4.7 (commit af7d05f97 on 2022-09-30 11:01:41 +0200)
% Termination reason: Refutation not found, incomplete strategy

% Memory used [KB]: 10490
% Time elapsed: 0.001 s
% ------------------------------
% ------------------------------
% lrs-3_4:1_afp=1000:afq=1.4:amm=sco:fde=none:gs=on:lcm=reverse:lma=on:nwc=1.5:stl=30:sd=1:ss=axioms:sp=reverse_arity:urr=on:updr=off:uhcvi=on_11 on ci_dolce_tr_dif_@_1 for (11ds)
% Refutation not found, incomplete strategy% ------------------------------
% Version: Vampire 4.7 (commit af7d05f97 on 2022-09-30 11:01:41 +0200)
% Termination reason: Refutation not found, incomplete strategy

% Memory used [KB]: 10490
% Time elapsed: 0.001 s
% ------------------------------
% ------------------------------
% lrs+1011_7_add=large:afr=on:afp=40000:afq=1.4:amm=off:anc=none:cond=on:er=known:fsr=off:lma=on:nm=4:nwc=2.5:stl=30:sp=reverse_arity:updr=off_2 on ci_dolce_tr_dif_@_1 for (2ds)
% Time limit reached!
% ------------------------------
% Version: Vampire 4.7 (commit af7d05f97 on 2022-09-30 11:01:41 +0200)
% Termination reason: Time limit
% Termination phase: Saturation

% Memory used [KB]: 10234
% Time elapsed: 0.300 s
% ------------------------------
% ------------------------------
% lrs+10_4:1_add=large:afp=100000:afq=1.1:anc=none:ep=RST:fde=unused:gsp=on:nm=6:newcnf=on:nwc=1:stl=30:sos=all:sac=on:sp=reverse_arity:urr=ec_only_22 on ci_dolce_tr_dif_@_1 for (22ds)
% Refutation not found, incomplete strategy% ------------------------------
% Version: Vampire 4.7 (commit af7d05f97 on 2022-09-30 11:01:41 +0200)
% Termination reason: Refutation not found, incomplete strategy

% Memory used [KB]: 6652
% Time elapsed: 0.002 s
% ------------------------------
% ------------------------------
% WARNING: value z3 for option sas not known
% lrs+1010_8_add=off:afp=100000:afq=1.0:amm=off:anc=none:bce=on:irw=on:nm=16:newcnf=on:nwc=1.1:nicw=on:sas=z3:stl=30:sp=reverse_arity:urr=on_13 on ci_dolce_tr_dif_@_1 for (13ds)
% Time limit reached!
% ------------------------------
% Version: Vampire 4.7 (commit af7d05f97 on 2022-09-30 11:01:41 +0200)
% Termination reason: Time limit
% Termination phase: Saturation

% Memory used [KB]: 47973
% Time elapsed: 1.400 s
% ------------------------------
% ------------------------------
% lrs+1011_3:1_add=off:afr=on:afp=10000:afq=1.1:amm=off:bce=on:cond=on:ep=R:fsr=off:nm=16:nwc=1:stl=30:sos=all:sp=reverse_arity:updr=off_9 on ci_dolce_tr_dif_@_1 for (9ds)
% Refutation not found, incomplete strategy% ------------------------------
% Version: Vampire 4.7 (commit af7d05f97 on 2022-09-30 11:01:41 +0200)
% Termination reason: Refutation not found, incomplete strategy

% Memory used [KB]: 6908
% Time elapsed: 0.005 s
% ------------------------------
% ------------------------------
% dis+1_2:3_acc=on:add=large:afp=40000:afq=2.0:amm=sco:anc=none:er=filter:fsr=off:gsp=on:gs=on:gsem=off:nm=64:newcnf=on:nwc=1_3 on ci_dolce_tr_dif_@_1 for (3ds)
% Time limit reached!
% ------------------------------
% Version: Vampire 4.7 (commit af7d05f97 on 2022-09-30 11:01:41 +0200)
% Termination reason: Time limit
% Termination phase: Saturation

% Memory used [KB]: 34541
% Time elapsed: 0.400 s
% ------------------------------
% ------------------------------
% ott+11_4_afp=100000:afq=1.2:amm=sco:anc=none:cond=fast:ep=R:fde=none:gs=on:gsaa=from_current:gsem=off:lma=on:nm=16:nwc=1:sd=3:ss=axioms:updr=off_2 on ci_dolce_tr_dif_@_1 for (2ds)
% Refutation not found, incomplete strategy% ------------------------------
% Version: Vampire 4.7 (commit af7d05f97 on 2022-09-30 11:01:41 +0200)
% Termination reason: Refutation not found, incomplete strategy

% Memory used [KB]: 10490
% Time elapsed: 0.0000 s
% ------------------------------
% ------------------------------
% WARNING: value z3 for option sas not known
% ott+1002_8:1_add=off:afr=on:afp=100000:afq=1.1:amm=off:anc=none:bd=off:bs=unit_only:fsr=off:gs=on:gsem=off:nm=32:nwc=10:sas=z3:sp=occurrence:urr=on:updr=off_14 on ci_dolce_tr_dif_@_1 for (14ds)
% Time limit reached!
% ------------------------------
% Version: Vampire 4.7 (commit af7d05f97 on 2022-09-30 11:01:41 +0200)
% Termination reason: Time limit
% Termination phase: Saturation

% Memory used [KB]: 50276
% Time elapsed: 1.500 s
% ------------------------------
% ------------------------------
% lrs+1011_10_aac=none:acc=model:add=large:afp=40000:afq=2.0:anc=none:bd=off:bsr=on:fsr=off:gs=on:gsem=off:irw=on:lcm=reverse:lwlo=on:nm=64:nwc=3:nicw=on:stl=30_19 on ci_dolce_tr_dif_@_1 for (19ds)
% Time limit reached!
% ------------------------------
% Version: Vampire 4.7 (commit af7d05f97 on 2022-09-30 11:01:41 +0200)
% Termination reason: Time limit
% Termination phase: Saturation

% Memory used [KB]: 45031
% Time elapsed: 2.0000 s
% ------------------------------
% ------------------------------
% lrs+1011_5:4_acc=on:add=large:afr=on:afp=10000:afq=2.0:amm=sco:anc=none:bsr=on:ccuc=first:cond=on:fde=unused:gs=on:gsaa=from_current:gsem=off:irw=on:nm=2:newcnf=on:nwc=1.2:stl=30:sos=on:sac=on:sp=reverse_arity:updr=off_126 on ci_dolce_tr_dif_@_1 for (126ds)
% Refutation not found, incomplete strategy% ------------------------------
% Version: Vampire 4.7 (commit af7d05f97 on 2022-09-30 11:01:41 +0200)
% Termination reason: Refutation not found, incomplete strategy

% Memory used [KB]: 11257
% Time elapsed: 0.003 s
% ------------------------------
% ------------------------------
% dis+1011_10_av=off:cond=on:lma=on:nm=0:newcnf=on:nwc=1:sos=on:sp=occurrence:updr=off_4 on ci_dolce_tr_dif_@_1 for (4ds)
% Refutation not found, incomplete strategy% ------------------------------
% Version: Vampire 4.7 (commit af7d05f97 on 2022-09-30 11:01:41 +0200)
% Termination reason: Refutation not found, incomplete strategy

% Memory used [KB]: 2174
% Time elapsed: 0.004 s
% ------------------------------
% ------------------------------
% dis+1002_7_acc=on:afp=4000:afq=2.0:amm=sco:anc=none:cond=fast:fsr=off:gsp=on:gs=on:gsem=on:lma=on:nm=6:newcnf=on:nwc=1.1:nicw=on:sos=on:sac=on:sp=reverse_arity:urr=ec_only:updr=off_8 on ci_dolce_tr_dif_@_1 for (8ds)
% Refutation not found, incomplete strategy% ------------------------------
% Version: Vampire 4.7 (commit af7d05f97 on 2022-09-30 11:01:41 +0200)
% Termination reason: Refutation not found, incomplete strategy

% Memory used [KB]: 11257
% Time elapsed: 0.004 s
% ------------------------------
% ------------------------------
% ott+4_40_av=off:bce=on:cond=fast:fde=none:nm=0:nwc=1:sos=all:updr=off_197 on ci_dolce_tr_dif_@_1 for (197ds)
% Refutation not found, incomplete strategy% ------------------------------
% Version: Vampire 4.7 (commit af7d05f97 on 2022-09-30 11:01:41 +0200)
% Termination reason: Refutation not found, incomplete strategy

% Memory used [KB]: 2302
% Time elapsed: 0.005 s
% ------------------------------
% ------------------------------
% lrs+1010_3_av=off:fsr=off:gs=on:gsem=off:nm=2:newcnf=on:nwc=2:stl=30:sp=reverse_arity:urr=on:updr=off_9 on ci_dolce_tr_dif_@_1 for (9ds)
% Time limit reached!
% ------------------------------
% Version: Vampire 4.7 (commit af7d05f97 on 2022-09-30 11:01:41 +0200)
% Termination reason: Time limit
% Termination phase: Saturation

% Memory used [KB]: 75478
% Time elapsed: 1.0000 s
% ------------------------------
% ------------------------------
% dis+1_3:2_acc=on:add=off:afr=on:afp=40000:afq=1.0:amm=sco:anc=none:ccuc=small_ones:cond=on:lma=on:nm=64:nwc=1.3:sos=all:urr=on_111 on ci_dolce_tr_dif_@_1 for (111ds)
% Refutation not found, incomplete strategy% ------------------------------
% Version: Vampire 4.7 (commit af7d05f97 on 2022-09-30 11:01:41 +0200)
% Termination reason: Refutation not found, incomplete strategy

% Memory used [KB]: 6652
% Time elapsed: 0.003 s
% ------------------------------
% ------------------------------
% lrs+1011_8:1_afr=on:afp=1000:afq=2.0:br=off:gsp=on:gs=on:nm=16:nwc=1:stl=30:sos=all:sp=occurrence:urr=on_8 on ci_dolce_tr_dif_@_1 for (8ds)
% Refutation not found, incomplete strategy% ------------------------------
% Version: Vampire 4.7 (commit af7d05f97 on 2022-09-30 11:01:41 +0200)
% Termination reason: Refutation not found, incomplete strategy

% Memory used [KB]: 11001
% Time elapsed: 0.003 s
% ------------------------------
% ------------------------------
% dis+1002_6_add=large:afp=40000:afq=2.0:bsr=on:cond=on:irw=on:lma=on:nm=2:nwc=2.5:nicw=on:sp=reverse_arity:updr=off_10 on ci_dolce_tr_dif_@_1 for (10ds)
% Time limit reached!
% ------------------------------
% Version: Vampire 4.7 (commit af7d05f97 on 2022-09-30 11:01:41 +0200)
% Termination reason: Time limit
% Termination phase: Saturation

% Memory used [KB]: 17910
% Time elapsed: 1.100 s
% ------------------------------
% ------------------------------
% WARNING: value z3 for option sas not known
% lrs+11_4:1_aac=none:add=large:afr=on:afp=10000:afq=1.0:amm=sco:anc=none:cond=on:er=filter:fsr=off:gsp=on:gs=on:gsem=on:lma=on:nm=6:newcnf=on:nwc=1.1:sas=z3:stl=30:sos=theory:sp=reverse_arity:updr=off_3 on ci_dolce_tr_dif_@_1 for (3ds)
% Time limit reached!
% ------------------------------
% Version: Vampire 4.7 (commit af7d05f97 on 2022-09-30 11:01:41 +0200)
% Termination reason: Time limit
% Termination phase: Saturation

% Memory used [KB]: 31342
% Time elapsed: 0.400 s
% ------------------------------
% ------------------------------
% dis+1010_3:2_av=off:gsp=on:nm=2:nwc=1:sp=reverse_arity:urr=ec_only_29 on ci_dolce_tr_dif_@_1 for (29ds)
% Time limit reached!
% ------------------------------
% Version: Vampire 4.7 (commit af7d05f97 on 2022-09-30 11:01:41 +0200)
% Termination reason: Time limit
% Termination phase: Saturation

% Memory used [KB]: 30319
% Time elapsed: 3.0000 s
% ------------------------------
% ------------------------------
% lrs+11_1_av=off:bsr=on:gsp=on:gs=on:lcm=predicate:nm=64:nwc=1:stl=30:sd=2:ss=axioms:st=1.5:sos=all:sp=occurrence:updr=off_245 on ci_dolce_tr_dif_@_1 for (245ds)
% Refutation not found, incomplete strategy% ------------------------------
% Version: Vampire 4.7 (commit af7d05f97 on 2022-09-30 11:01:41 +0200)
% Termination reason: Refutation not found, incomplete strategy

% Memory used [KB]: 6012
% Time elapsed: 0.001 s
% ------------------------------
% ------------------------------
% WARNING: value z3 for option sas not known
% lrs+1010_4_awrs=decay:awrsf=64:add=large:afp=4000:afq=1.2:amm=off:anc=none:bs=on:bsr=on:fde=none:gs=on:gsaa=from_current:gsem=on:lma=on:newcnf=on:nwc=1.7:sas=z3:stl=30:sd=10:ss=axioms:s2a=on:st=1.2:sp=frequency:updr=off:uhcvi=on_20 on ci_dolce_tr_dif_@_1 for (20ds)
% Refutation not found, incomplete strategy% ------------------------------
% Version: Vampire 4.7 (commit af7d05f97 on 2022-09-30 11:01:41 +0200)
% Termination reason: Refutation not found, incomplete strategy

% Memory used [KB]: 10490
% Time elapsed: 0.001 s
% ------------------------------
% ------------------------------
% dis+1010_3:2_acc=on:afr=on:afp=1000:afq=1.2:amm=sco:bs=on:ccuc=first:fde=none:nm=0:nwc=4:sd=3:ss=axioms:st=5.0:urr=ec_only_12 on ci_dolce_tr_dif_@_1 for (12ds)
% Refutation not found, incomplete strategy% ------------------------------
% Version: Vampire 4.7 (commit af7d05f97 on 2022-09-30 11:01:41 +0200)
% Termination reason: Refutation not found, incomplete strategy

% Memory used [KB]: 6012
% Time elapsed: 0.001 s
% ------------------------------
% ------------------------------
% WARNING: value z3 for option sas not known
% ott+11_20_afp=10000:afq=1.1:anc=none:bs=unit_only:bsr=on:bce=on:fsr=off:gs=on:gsem=on:nwc=2.5:sas=z3:sp=occurrence:updr=off:uhcvi=on_1 on ci_dolce_tr_dif_@_1 for (1ds)
% Time limit reached!
% ------------------------------
% Version: Vampire 4.7 (commit af7d05f97 on 2022-09-30 11:01:41 +0200)
% Termination reason: Time limit
% Termination phase: Saturation

% Memory used [KB]: 20084
% Time elapsed: 0.200 s
% ------------------------------
% ------------------------------
% dis+1010_8_acc=model:afp=4000:afq=1.0:anc=none:bd=off:bs=unit_only:bce=on:cond=fast:fde=unused:gs=on:gsem=off:lma=on:nm=0:nwc=4:sd=3:ss=axioms:st=2.0:sac=on:sp=occurrence:urr=ec_only_1 on ci_dolce_tr_dif_@_1 for (1ds)
% Refutation not found, incomplete strategy% ------------------------------
% Version: Vampire 4.7 (commit af7d05f97 on 2022-09-30 11:01:41 +0200)
% Termination reason: Refutation not found, incomplete strategy

% Memory used [KB]: 10490
% Time elapsed: 0.001 s
% ------------------------------
% ------------------------------
% WARNING: value z3 for option sas not known
% lrs+11_3:2_add=large:afp=1000:afq=1.1:amm=sco:anc=none:bd=off:er=filter:irw=on:lcm=predicate:lma=on:nm=6:nwc=1:sas=z3:stl=30:sp=occurrence:urr=on:updr=off_100 on ci_dolce_tr_dif_@_1 for (100ds)
% Time limit reached!
% ------------------------------
% Version: Vampire 4.7 (commit af7d05f97 on 2022-09-30 11:01:41 +0200)
% Termination reason: Time limit
% Termination phase: Saturation

% Memory used [KB]: 155178
% Time elapsed: 10.100 s
% ------------------------------
% ------------------------------
% dis+10_4_av=off:bsr=on:cond=fast:er=filter:fde=none:gsp=on:lcm=reverse:lma=on:nwc=4:sp=occurrence:urr=on_8 on ci_dolce_tr_dif_@_1 for (8ds)
% Time limit reached!
% ------------------------------
% Version: Vampire 4.7 (commit af7d05f97 on 2022-09-30 11:01:41 +0200)
% Termination reason: Time limit
% Termination phase: Saturation

% Memory used [KB]: 29807
% Time elapsed: 0.900 s
% ------------------------------
% ------------------------------
% lrs+10_12_add=off:afp=100000:afq=1.4:amm=sco:anc=none:cond=on:lma=on:nm=64:nwc=1.3:stl=30:sac=on:urr=on_41 on ci_dolce_tr_dif_@_1 for (41ds)
% Time limit reached!
% ------------------------------
% Version: Vampire 4.7 (commit af7d05f97 on 2022-09-30 11:01:41 +0200)
% Termination reason: Time limit
% Termination phase: Saturation

% Memory used [KB]: 89678
% Time elapsed: 4.200 s
% ------------------------------
% ------------------------------
% lrs+10_8:1_av=off:bs=unit_only:cond=on:fde=unused:irw=on:lcm=predicate:lma=on:nm=64:nwc=1.2:stl=30:sos=all:sp=reverse_arity:urr=on:updr=off_12 on ci_dolce_tr_dif_@_1 for (12ds)
% Refutation not found, incomplete strategy% ------------------------------
% Version: Vampire 4.7 (commit af7d05f97 on 2022-09-30 11:01:41 +0200)
% Termination reason: Refutation not found, incomplete strategy

% Memory used [KB]: 2430
% Time elapsed: 0.005 s
% ------------------------------
% ------------------------------
% dis+11_1024_av=off:bd=off:bs=on:cond=on:gs=on:lma=on:nm=16:nwc=1:sp=occurrence:updr=off_143 on ci_dolce_tr_dif_@_1 for (143ds)
% Time limit reached!
% ------------------------------
% Version: Vampire 4.7 (commit af7d05f97 on 2022-09-30 11:01:41 +0200)
% Termination reason: Time limit
% Termination phase: Saturation

% Memory used [KB]: 539863
% Time elapsed: 14.400 s
% ------------------------------
% ------------------------------
% lrs+10_8:1_av=off:bsr=on:gs=on:gsem=on:irw=on:lcm=predicate:lwlo=on:nm=64:nwc=1:stl=30:sos=all:updr=off_78 on ci_dolce_tr_dif_@_1 for (78ds)
% Refutation not found, incomplete strategy% ------------------------------
% Version: Vampire 4.7 (commit af7d05f97 on 2022-09-30 11:01:41 +0200)
% Termination reason: Refutation not found, incomplete strategy

% Memory used [KB]: 6780
% Time elapsed: 0.005 s
% ------------------------------
% ------------------------------
% dis+1010_3:1_av=off:irw=on:nm=32:nwc=1:sos=all:urr=ec_only:updr=off_96 on ci_dolce_tr_dif_@_1 for (96ds)
% Refutation not found, incomplete strategy% ------------------------------
% Version: Vampire 4.7 (commit af7d05f97 on 2022-09-30 11:01:41 +0200)
% Termination reason: Refutation not found, incomplete strategy

% Memory used [KB]: 2302
% Time elapsed: 0.004 s
% ------------------------------
% ------------------------------
% WARNING: value z3 for option sas not known
% dis+1011_5_add=off:afr=on:afp=10000:afq=1.1:amm=off:anc=none:cond=on:fsr=off:nm=32:nwc=1:sas=z3:sd=3:ss=axioms:st=2.0:sp=occurrence:updr=off_2 on ci_dolce_tr_dif_@_1 for (2ds)
% Refutation not found, incomplete strategy% ------------------------------
% Version: Vampire 4.7 (commit af7d05f97 on 2022-09-30 11:01:41 +0200)
% Termination reason: Refutation not found, incomplete strategy

% Memory used [KB]: 6012
% Time elapsed: 0.001 s
% ------------------------------
% ------------------------------
% lrs+10_1_av=off:fde=unused:irw=on:lcm=predicate:lma=on:nm=6:nwc=1:stl=30:sd=2:ss=axioms:st=5.0:sos=on:sp=reverse_arity_113 on ci_dolce_tr_dif_@_1 for (113ds)
% Refutation not found, incomplete strategy% ------------------------------
% Version: Vampire 4.7 (commit af7d05f97 on 2022-09-30 11:01:41 +0200)
% Termination reason: Refutation not found, incomplete strategy

% Memory used [KB]: 1535
% Time elapsed: 0.001 s
% ------------------------------
% ------------------------------
% lrs+2_2_aac=none:afr=on:afp=1000:afq=1.1:amm=sco:anc=all:bd=off:bce=on:cond=on:gs=on:gsaa=from_current:nm=2:nwc=2.5:stl=30:sac=on:urr=on_26 on ci_dolce_tr_dif_@_1 for (26ds)
% Time limit reached!
% ------------------------------
% Version: Vampire 4.7 (commit af7d05f97 on 2022-09-30 11:01:41 +0200)
% Termination reason: Time limit
% Termination phase: Saturation

% Memory used [KB]: 78804
% Time elapsed: 2.700 s
% ------------------------------
% ------------------------------
% dis+1002_3:1_acc=model:afr=on:afp=40000:afq=1.1:anc=none:ccuc=first:fsr=off:gsp=on:irw=on:nm=16:nwc=1:sos=all_8 on ci_dolce_tr_dif_@_1 for (8ds)
% Refutation not found, incomplete strategy% ------------------------------
% Version: Vampire 4.7 (commit af7d05f97 on 2022-09-30 11:01:41 +0200)
% Termination reason: Refutation not found, incomplete strategy

% Memory used [KB]: 6524
% Time elapsed: 0.003 s
% ------------------------------
% ------------------------------
% dis+11_2_av=off:cond=fast:ep=RST:fsr=off:lma=on:nm=16:nwc=1.2:sp=occurrence:updr=off_1 on ci_dolce_tr_dif_@_1 for (1ds)
% Time limit reached!
% ------------------------------
% Version: Vampire 4.7 (commit af7d05f97 on 2022-09-30 11:01:41 +0200)
% Termination reason: Time limit
% Termination phase: Saturation

% Memory used [KB]: 7547
% Time elapsed: 0.200 s
% ------------------------------
% ------------------------------
% ott+11_2:1_add=large:afp=40000:afq=2.0:amm=sco:anc=none:br=off:cond=on:irw=on:nwc=1:sd=2:ss=axioms:st=2.0:sos=all:urr=on:updr=off_111 on ci_dolce_tr_dif_@_1 for (101ds)
% Refutation not found, incomplete strategy% ------------------------------
% Version: Vampire 4.7 (commit af7d05f97 on 2022-09-30 11:01:41 +0200)
% Termination reason: Refutation not found, incomplete strategy

% Memory used [KB]: 6012
% Time elapsed: 0.001 s
% ------------------------------
% ------------------------------
% WARNING: value z3 for option sas not known
% lrs+2_4_awrs=decay:awrsf=1:afr=on:afp=10000:afq=1.0:amm=off:anc=none:bd=off:cond=on:fde=none:gs=on:lcm=predicate:nm=2:nwc=4:sas=z3:stl=30:s2a=on:sp=occurrence:urr=on:uhcvi=on_9 on ci_dolce_tr_dif_@_1 for (9ds)
% Time limit reached!
% ------------------------------
% Version: Vampire 4.7 (commit af7d05f97 on 2022-09-30 11:01:41 +0200)
% Termination reason: Time limit
% Termination phase: Saturation

% Memory used [KB]: 35180
% Time elapsed: 1.0000 s
% ------------------------------
% ------------------------------
% WARNING: value z3 for option sas not known
% lrs+1011_5_afr=on:afp=100000:afq=1.0:amm=off:anc=none:cond=on:lma=on:nm=6:nwc=1:sas=z3:stl=30:sac=on:urr=on_1 on ci_dolce_tr_dif_@_1 for (1ds)
% Time limit reached!
% ------------------------------
% Version: Vampire 4.7 (commit af7d05f97 on 2022-09-30 11:01:41 +0200)
% Termination reason: Time limit
% Termination phase: Saturation

% Memory used [KB]: 14967
% Time elapsed: 0.200 s
% ------------------------------
% ------------------------------
% WARNING: value z3 for option sas not known
% ott+1_128_add=large:afr=on:amm=sco:anc=none:cond=on:fsr=off:gsp=on:gs=on:irw=on:lcm=reverse:lma=on:nm=64:nwc=1.1:nicw=on:sas=z3:sac=on:sp=reverse_arity_44 on ci_dolce_tr_dif_@_1 for (44ds)
% Refutation found. Thanks to Tanya!
% SZS status Unsatisfiable for ci_dolce_tr_dif_@_1
% SZS output start Proof for ci_dolce_tr_dif_@_1
fof(f74409,plain,(
  $false),
  inference(avatar_sat_refutation,[],[f2057,f2223,f2238,f2458,f5088,f18641,f33306,f42871,f42888,f42912,f43052,f43174,f44433,f44435,f46066,f46479,f66862,f70246,f70270,f70420,f70438,f72423,f72425,f74408])).
fof(f74408,plain,(
  spl21_5 | ~spl21_268 | ~spl21_272),
  inference(avatar_contradiction_clause,[],[f74392])).
fof(f74392,plain,(
  $false | (spl21_5 | ~spl21_268 | ~spl21_272)),
  inference(resolution,[],[f74098,f1221])).
fof(f1221,plain,(
  ~p(xyz,zyx) | spl21_5),
  inference(avatar_component_clause,[],[f1220])).
fof(f1220,plain,(
  spl21_5 <=> p(xyz,zyx)),
  introduced(avatar_definition,[new_symbols(naming,[spl21_5])])).
fof(f74098,plain,(
  p(xyz,zyx) | (~spl21_268 | ~spl21_272)),
  inference(resolution,[],[f74096,f756])).
fof(f756,plain,(
  p(xyz,xyz)),
  inference(resolution,[],[f596,f754])).
fof(f754,plain,(
  ab(xyz)),
  inference(resolution,[],[f752,f572])).
fof(f572,plain,(
  ( ! [X0] : (~r(X0) | ab(X0)) )),
  inference(cnf_transformation,[],[f375])).
fof(f375,plain,(
  ! [X0] : (ab(X0) | ~r(X0))),
  inference(ennf_transformation,[],[f163])).
fof(f163,plain,(
  ! [X0] : (r(X0) => ab(X0))),
  inference(rectify,[],[f14])).
fof(f14,axiom,(
  ! [X13] : (r(X13) => ab(X13))),
  file('outputs/dolce/cis/ci_dolce_tr_dif_@_1.in',sos)).
fof(f752,plain,(
  r(xyz)),
  inference(resolution,[],[f624,f546])).
fof(f546,plain,(
  tr(xyz)),
  inference(cnf_transformation,[],[f132])).
fof(f132,axiom,(
  tr(xyz)),
  file('outputs/dolce/cis/ci_dolce_tr_dif_@_1.in',axiom1405)).
fof(f624,plain,(
  ( ! [X0] : (~tr(X0) | r(X0)) )),
  inference(cnf_transformation,[],[f398])).
fof(f398,plain,(
  ! [X0] : (r(X0) | (~tr(X0) & ~pr(X0) & ~ar(X0)))),
  inference(ennf_transformation,[],[f340])).
fof(f340,plain,(
  ! [X0] : ((tr(X0) | pr(X0) | ar(X0)) => r(X0))),
  inference(unused_predicate_definition_removal,[],[f198])).
fof(f198,plain,(
  ! [X0] : ((tr(X0) | pr(X0) | ar(X0)) <=> r(X0))),
  inference(rectify,[],[f13])).
fof(f13,axiom,(
  ! [X12] : ((tr(X12) | pr(X12) | ar(X12)) <=> r(X12))),
  file('outputs/dolce/cis/ci_dolce_tr_dif_@_1.in',sos)).
fof(f596,plain,(
  ( ! [X0] : (~ab(X0) | p(X0,X0)) )),
  inference(cnf_transformation,[],[f393])).
fof(f393,plain,(
  ! [X0] : (p(X0,X0) | (~pd(X0) & ~ab(X0)))),
  inference(ennf_transformation,[],[f182])).
fof(f182,plain,(
  ! [X0] : ((pd(X0) | ab(X0)) => p(X0,X0))),
  inference(rectify,[],[f52])).
fof(f52,axiom,(
  ! [X57] : ((pd(X57) | ab(X57)) => p(X57,X57))),
  file('outputs/dolce/cis/ci_dolce_tr_dif_@_1.in',sos)).
fof(f74096,plain,(
  ( ! [X0] : (~p(X0,xyz) | p(X0,zyx)) ) | (~spl21_268 | ~spl21_272)),
  inference(resolution,[],[f74095,f746])).
fof(f746,plain,(
  ( ! [X2,X0,X4] : (~sP20(X0,X2) | ~p(X4,X2) | p(X4,X0)) )),
  inference(general_splitting,[],[f729,f745_D])).
fof(f745,plain,(
  ( ! [X2,X0,X1] : (~dif(X2,X0,X1) | sP20(X0,X2)) )),
  inference(cnf_transformation,[],[f745_D])).
fof(f745_D,plain,(
  ( ! [X2,X0] : (( ! [X1] : ~dif(X2,X0,X1) ) <=> ~sP20(X0,X2)) )),
  introduced(general_splitting_component_introduction,[new_symbols(naming,[sP20])])).
fof(f729,plain,(
  ( ! [X2,X0,X1,X4] : (p(X4,X0) | ~p(X4,X2) | ~dif(X2,X0,X1)) )),
  inference(cnf_transformation,[],[f543])).
fof(f543,plain,(
  ! [X0,X1,X2] : ((dif(X2,X0,X1) | ((ov(sK18(X0,X1,X2),X1) | ~p(sK18(X0,X1,X2),X0) | ~p(sK18(X0,X1,X2),X2)) & ((~ov(sK18(X0,X1,X2),X1) & p(sK18(X0,X1,X2),X0)) | p(sK18(X0,X1,X2),X2))) | ((~pd(X1) | ~pd(X0) | ~pd(X2)) & (~ab(X1) | ~ab(X0) | ~ab(X2)))) & ((! [X4] : ((p(X4,X2) | ov(X4,X1) | ~p(X4,X0)) & ((~ov(X4,X1) & p(X4,X0)) | ~p(X4,X2))) & ((pd(X1) & pd(X0) & pd(X2)) | (ab(X1) & ab(X0) & ab(X2)))) | ~dif(X2,X0,X1)))),
  inference(skolemisation,[status(esa),new_symbols(skolem,[sK18])],[f541,f542])).
fof(f542,plain,(
  ! [X0,X1,X2] : (? [X3] : ((ov(X3,X1) | ~p(X3,X0) | ~p(X3,X2)) & ((~ov(X3,X1) & p(X3,X0)) | p(X3,X2))) => ((ov(sK18(X0,X1,X2),X1) | ~p(sK18(X0,X1,X2),X0) | ~p(sK18(X0,X1,X2),X2)) & ((~ov(sK18(X0,X1,X2),X1) & p(sK18(X0,X1,X2),X0)) | p(sK18(X0,X1,X2),X2))))),
  introduced(choice_axiom,[])).
fof(f541,plain,(
  ! [X0,X1,X2] : ((dif(X2,X0,X1) | ? [X3] : ((ov(X3,X1) | ~p(X3,X0) | ~p(X3,X2)) & ((~ov(X3,X1) & p(X3,X0)) | p(X3,X2))) | ((~pd(X1) | ~pd(X0) | ~pd(X2)) & (~ab(X1) | ~ab(X0) | ~ab(X2)))) & ((! [X4] : ((p(X4,X2) | ov(X4,X1) | ~p(X4,X0)) & ((~ov(X4,X1) & p(X4,X0)) | ~p(X4,X2))) & ((pd(X1) & pd(X0) & pd(X2)) | (ab(X1) & ab(X0) & ab(X2)))) | ~dif(X2,X0,X1)))),
  inference(rectify,[],[f540])).
fof(f540,plain,(
  ! [X0,X1,X2] : ((dif(X2,X0,X1) | ? [X3] : ((ov(X3,X1) | ~p(X3,X0) | ~p(X3,X2)) & ((~ov(X3,X1) & p(X3,X0)) | p(X3,X2))) | ((~pd(X1) | ~pd(X0) | ~pd(X2)) & (~ab(X1) | ~ab(X0) | ~ab(X2)))) & ((! [X3] : ((p(X3,X2) | ov(X3,X1) | ~p(X3,X0)) & ((~ov(X3,X1) & p(X3,X0)) | ~p(X3,X2))) & ((pd(X1) & pd(X0) & pd(X2)) | (ab(X1) & ab(X0) & ab(X2)))) | ~dif(X2,X0,X1)))),
  inference(flattening,[],[f539])).
fof(f539,plain,(
  ! [X0,X1,X2] : ((dif(X2,X0,X1) | (? [X3] : (((ov(X3,X1) | ~p(X3,X0)) | ~p(X3,X2)) & ((~ov(X3,X1) & p(X3,X0)) | p(X3,X2))) | ((~pd(X1) | ~pd(X0) | ~pd(X2)) & (~ab(X1) | ~ab(X0) | ~ab(X2))))) & ((! [X3] : ((p(X3,X2) | (ov(X3,X1) | ~p(X3,X0))) & ((~ov(X3,X1) & p(X3,X0)) | ~p(X3,X2))) & ((pd(X1) & pd(X0) & pd(X2)) | (ab(X1) & ab(X0) & ab(X2)))) | ~dif(X2,X0,X1)))),
  inference(nnf_transformation,[],[f331])).
fof(f331,plain,(
  ! [X0,X1,X2] : (dif(X2,X0,X1) <=> (! [X3] : (p(X3,X2) <=> (~ov(X3,X1) & p(X3,X0))) & ((pd(X1) & pd(X0) & pd(X2)) | (ab(X1) & ab(X0) & ab(X2)))))),
  inference(flattening,[],[f330])).
fof(f330,plain,(
  ! [X0] : ! [X1] : ! [X2] : (dif(X2,X0,X1) <=> (! [X3] : (p(X3,X2) <=> (~ov(X3,X1) & p(X3,X0))) & ((pd(X1) & pd(X0) & pd(X2)) | (ab(X1) & ab(X0) & ab(X2)))))),
  inference(rectify,[],[f60])).
fof(f60,axiom,(
  ! [X76] : ! [X77] : ! [X78] : (dif(X78,X76,X77) <=> (! [X79] : (p(X79,X78) <=> (~ov(X79,X77) & p(X79,X76))) & ((pd(X77) & pd(X76) & pd(X78)) | (ab(X77) & ab(X76) & ab(X78)))))),
  file('outputs/dolce/cis/ci_dolce_tr_dif_@_1.in',sos)).
fof(f74095,plain,(
  sP20(zyx,xyz) | (~spl21_268 | ~spl21_272)),
  inference(resolution,[],[f74058,f745])).
fof(f74058,plain,(
  dif(xyz,zyx,sK13(xyz,zyx)) | (~spl21_268 | ~spl21_272)),
  inference(resolution,[],[f72426,f742])).
fof(f742,plain,(
  ( ! [X0,X1] : (~dif(zyx,X0,X1) | dif(xyz,X0,X1)) )),
  inference(cnf_transformation,[],[f544])).
fof(f544,plain,(
  ! [X0,X1] : ((dif(xyz,X0,X1) | ~dif(zyx,X0,X1)) & (dif(zyx,X0,X1) | ~dif(xyz,X0,X1)))),
  inference(nnf_transformation,[],[f338])).
fof(f338,plain,(
  ! [X0,X1] : (dif(xyz,X0,X1) <=> dif(zyx,X0,X1))),
  inference(rectify,[],[f134])).
fof(f134,axiom,(
  ! [X2,X3] : (dif(xyz,X2,X3) <=> dif(zyx,X2,X3))),
  file('outputs/dolce/cis/ci_dolce_tr_dif_@_1.in',axiom1409)).
fof(f72426,plain,(
  dif(zyx,zyx,sK13(xyz,zyx)) | (~spl21_268 | ~spl21_272)),
  inference(backward_demodulation,[],[f70245,f72422])).
fof(f72422,plain,(
  zyx = sK13(zyx,sK13(xyz,zyx)) | ~spl21_272),
  inference(avatar_component_clause,[],[f72420])).
fof(f72420,plain,(
  spl21_272 <=> zyx = sK13(zyx,sK13(xyz,zyx))),
  introduced(avatar_definition,[new_symbols(naming,[spl21_272])])).
fof(f70245,plain,(
  dif(sK13(zyx,sK13(xyz,zyx)),zyx,sK13(xyz,zyx)) | ~spl21_268),
  inference(avatar_component_clause,[],[f70243])).
fof(f70243,plain,(
  spl21_268 <=> dif(sK13(zyx,sK13(xyz,zyx)),zyx,sK13(xyz,zyx))),
  introduced(avatar_definition,[new_symbols(naming,[spl21_268])])).
fof(f72425,plain,(
  ~spl21_268 | ~spl21_269 | spl21_271),
  inference(avatar_contradiction_clause,[],[f72424])).
fof(f72424,plain,(
  $false | (~spl21_268 | ~spl21_269 | spl21_271)),
  inference(resolution,[],[f72418,f70310])).
fof(f70310,plain,(
  p(sK13(zyx,sK13(xyz,zyx)),zyx) | (~spl21_268 | ~spl21_269)),
  inference(resolution,[],[f70271,f70265])).
fof(f70265,plain,(
  ( ! [X0] : (~p(X0,sK13(zyx,sK13(xyz,zyx))) | p(X0,zyx)) ) | ~spl21_268),
  inference(resolution,[],[f70264,f746])).
fof(f70264,plain,(
  sP20(zyx,sK13(zyx,sK13(xyz,zyx))) | ~spl21_268),
  inference(resolution,[],[f70245,f745])).
fof(f70271,plain,(
  p(sK13(zyx,sK13(xyz,zyx)),sK13(zyx,sK13(xyz,zyx))) | ~spl21_269),
  inference(resolution,[],[f70269,f596])).
fof(f70269,plain,(
  ab(sK13(zyx,sK13(xyz,zyx))) | ~spl21_269),
  inference(avatar_component_clause,[],[f70267])).
fof(f70267,plain,(
  spl21_269 <=> ab(sK13(zyx,sK13(xyz,zyx)))),
  introduced(avatar_definition,[new_symbols(naming,[spl21_269])])).
fof(f72418,plain,(
  ~p(sK13(zyx,sK13(xyz,zyx)),zyx) | spl21_271),
  inference(avatar_component_clause,[],[f72416])).
fof(f72416,plain,(
  spl21_271 <=> p(sK13(zyx,sK13(xyz,zyx)),zyx)),
  introduced(avatar_definition,[new_symbols(naming,[spl21_271])])).
fof(f72423,plain,(
  ~spl21_271 | spl21_272 | ~spl21_270),
  inference(avatar_split_clause,[],[f70447,f70417,f72420,f72416])).
fof(f70417,plain,(
  spl21_270 <=> p(zyx,sK13(zyx,sK13(xyz,zyx)))),
  introduced(avatar_definition,[new_symbols(naming,[spl21_270])])).
fof(f70447,plain,(
  zyx = sK13(zyx,sK13(xyz,zyx)) | ~p(sK13(zyx,sK13(xyz,zyx)),zyx) | ~spl21_270),
  inference(resolution,[],[f70419,f661])).
fof(f661,plain,(
  ( ! [X0,X1] : (~p(X1,X0) | X0 = X1 | ~p(X0,X1)) )),
  inference(cnf_transformation,[],[f424])).
fof(f424,plain,(
  ! [X0,X1] : (X0 = X1 | ~p(X1,X0) | ~p(X0,X1))),
  inference(flattening,[],[f423])).
fof(f423,plain,(
  ! [X0,X1] : (X0 = X1 | (~p(X1,X0) | ~p(X0,X1)))),
  inference(ennf_transformation,[],[f239])).
fof(f239,plain,(
  ! [X0,X1] : ((p(X1,X0) & p(X0,X1)) => X0 = X1)),
  inference(flattening,[],[f238])).
fof(f238,plain,(
  ! [X0] : ! [X1] : ((p(X1,X0) & p(X0,X1)) => X0 = X1)),
  inference(rectify,[],[f53])).
fof(f53,axiom,(
  ! [X58] : ! [X59] : ((p(X59,X58) & p(X58,X59)) => X58 = X59)),
  file('outputs/dolce/cis/ci_dolce_tr_dif_@_1.in',sos)).
fof(f70419,plain,(
  p(zyx,sK13(zyx,sK13(xyz,zyx))) | ~spl21_270),
  inference(avatar_component_clause,[],[f70417])).
fof(f70438,plain,(
  ~spl21_6 | ~spl21_267),
  inference(avatar_contradiction_clause,[],[f70421])).
fof(f70421,plain,(
  $false | (~spl21_6 | ~spl21_267)),
  inference(resolution,[],[f70241,f2463])).
fof(f2463,plain,(
  ~p(zyx,sK13(xyz,zyx)) | ~spl21_6),
  inference(resolution,[],[f2258,f773])).
fof(f773,plain,(
  ov(zyx,zyx)),
  inference(resolution,[],[f771,f755])).
fof(f755,plain,(
  p(zyx,zyx)),
  inference(resolution,[],[f596,f753])).
fof(f753,plain,(
  ab(zyx)),
  inference(resolution,[],[f751,f572])).
fof(f751,plain,(
  r(zyx)),
  inference(resolution,[],[f624,f545])).
fof(f545,plain,(
  tr(zyx)),
  inference(cnf_transformation,[],[f133])).
fof(f133,axiom,(
  tr(zyx)),
  file('outputs/dolce/cis/ci_dolce_tr_dif_@_1.in',axiom1406)).
fof(f771,plain,(
  ( ! [X0] : (~p(zyx,X0) | ov(X0,zyx)) )),
  inference(resolution,[],[f666,f755])).
fof(f666,plain,(
  ( ! [X2,X0,X1] : (~p(X2,X1) | ov(X0,X1) | ~p(X2,X0)) )),
  inference(cnf_transformation,[],[f531])).
fof(f531,plain,(
  ! [X0,X1] : ((ov(X0,X1) | ! [X2] : (~p(X2,X1) | ~p(X2,X0))) & ((p(sK17(X0,X1),X1) & p(sK17(X0,X1),X0)) | ~ov(X0,X1)))),
  inference(skolemisation,[status(esa),new_symbols(skolem,[sK17])],[f529,f530])).
fof(f530,plain,(
  ! [X0,X1] : (? [X3] : (p(X3,X1) & p(X3,X0)) => (p(sK17(X0,X1),X1) & p(sK17(X0,X1),X0)))),
  introduced(choice_axiom,[])).
fof(f529,plain,(
  ! [X0,X1] : ((ov(X0,X1) | ! [X2] : (~p(X2,X1) | ~p(X2,X0))) & (? [X3] : (p(X3,X1) & p(X3,X0)) | ~ov(X0,X1)))),
  inference(rectify,[],[f528])).
fof(f528,plain,(
  ! [X0,X1] : ((ov(X0,X1) | ! [X2] : (~p(X2,X1) | ~p(X2,X0))) & (? [X2] : (p(X2,X1) & p(X2,X0)) | ~ov(X0,X1)))),
  inference(nnf_transformation,[],[f253])).
fof(f253,plain,(
  ! [X0,X1] : (ov(X0,X1) <=> ? [X2] : (p(X2,X1) & p(X2,X0)))),
  inference(flattening,[],[f252])).
fof(f252,plain,(
  ! [X0] : ! [X1] : (ov(X0,X1) <=> ? [X2] : (p(X2,X1) & p(X2,X0)))),
  inference(rectify,[],[f56])).
fof(f56,axiom,(
  ! [X65] : ! [X66] : (ov(X65,X66) <=> ? [X67] : (p(X67,X66) & p(X67,X65)))),
  file('outputs/dolce/cis/ci_dolce_tr_dif_@_1.in',sos)).
fof(f2258,plain,(
  ( ! [X0] : (~ov(X0,zyx) | ~p(X0,sK13(xyz,zyx))) ) | ~spl21_6),
  inference(resolution,[],[f1772,f744])).
fof(f744,plain,(
  ( ! [X2,X1,X4] : (~sP19(X2,X1) | ~p(X4,X2) | ~ov(X4,X1)) )),
  inference(general_splitting,[],[f730,f743_D])).
fof(f743,plain,(
  ( ! [X2,X0,X1] : (~dif(X2,X0,X1) | sP19(X2,X1)) )),
  inference(cnf_transformation,[],[f743_D])).
fof(f743_D,plain,(
  ( ! [X1,X2] : (( ! [X0] : ~dif(X2,X0,X1) ) <=> ~sP19(X2,X1)) )),
  introduced(general_splitting_component_introduction,[new_symbols(naming,[sP19])])).
fof(f730,plain,(
  ( ! [X2,X0,X1,X4] : (~ov(X4,X1) | ~p(X4,X2) | ~dif(X2,X0,X1)) )),
  inference(cnf_transformation,[],[f543])).
fof(f1772,plain,(
  sP19(sK13(xyz,zyx),zyx) | ~spl21_6),
  inference(resolution,[],[f1226,f743])).
fof(f1226,plain,(
  dif(sK13(xyz,zyx),xyz,zyx) | ~spl21_6),
  inference(avatar_component_clause,[],[f1224])).
fof(f1224,plain,(
  spl21_6 <=> dif(sK13(xyz,zyx),xyz,zyx)),
  introduced(avatar_definition,[new_symbols(naming,[spl21_6])])).
fof(f70241,plain,(
  p(zyx,sK13(xyz,zyx)) | ~spl21_267),
  inference(avatar_component_clause,[],[f70239])).
fof(f70239,plain,(
  spl21_267 <=> p(zyx,sK13(xyz,zyx))),
  introduced(avatar_definition,[new_symbols(naming,[spl21_267])])).
fof(f70420,plain,(
  spl21_263 | spl21_270 | ~spl21_268),
  inference(avatar_split_clause,[],[f70247,f70243,f70417,f66724])).
fof(f66724,plain,(
  spl21_263 <=> ov(zyx,sK13(xyz,zyx))),
  introduced(avatar_definition,[new_symbols(naming,[spl21_263])])).
fof(f70247,plain,(
  p(zyx,sK13(zyx,sK13(xyz,zyx))) | ov(zyx,sK13(xyz,zyx)) | ~spl21_268),
  inference(resolution,[],[f70245,f3375])).
fof(f3375,plain,(
  ( ! [X2,X3] : (~dif(X3,zyx,X2) | p(zyx,X3) | ov(zyx,X2)) )),
  inference(resolution,[],[f731,f755])).
fof(f731,plain,(
  ( ! [X2,X0,X1,X4] : (~p(X4,X0) | ov(X4,X1) | p(X4,X2) | ~dif(X2,X0,X1)) )),
  inference(cnf_transformation,[],[f543])).
fof(f70270,plain,(
  spl21_12 | spl21_269 | ~spl21_268),
  inference(avatar_split_clause,[],[f70257,f70243,f70267,f2216])).
fof(f2216,plain,(
  spl21_12 <=> pd(zyx)),
  introduced(avatar_definition,[new_symbols(naming,[spl21_12])])).
fof(f70257,plain,(
  ab(sK13(zyx,sK13(xyz,zyx))) | pd(zyx) | ~spl21_268),
  inference(resolution,[],[f70245,f723])).
fof(f723,plain,(
  ( ! [X2,X0,X1] : (~dif(X2,X0,X1) | ab(X2) | pd(X0)) )),
  inference(cnf_transformation,[],[f543])).
fof(f70246,plain,(
  spl21_267 | spl21_268 | ~spl21_11),
  inference(avatar_split_clause,[],[f56893,f1781,f70243,f70239])).
fof(f1781,plain,(
  spl21_11 <=> ab(sK13(xyz,zyx))),
  introduced(avatar_definition,[new_symbols(naming,[spl21_11])])).
fof(f56893,plain,(
  dif(sK13(zyx,sK13(xyz,zyx)),zyx,sK13(xyz,zyx)) | p(zyx,sK13(xyz,zyx)) | ~spl21_11),
  inference(resolution,[],[f46451,f753])).
fof(f46451,plain,(
  ( ! [X2] : (~ab(X2) | dif(sK13(X2,sK13(xyz,zyx)),X2,sK13(xyz,zyx)) | p(X2,sK13(xyz,zyx))) ) | ~spl21_11),
  inference(resolution,[],[f1783,f656])).
fof(f656,plain,(
  ( ! [X0,X1] : (~ab(X1) | p(X0,X1) | dif(sK13(X0,X1),X0,X1) | ~ab(X0)) )),
  inference(cnf_transformation,[],[f521])).
fof(f521,plain,(
  ! [X0,X1] : (dif(sK13(X0,X1),X0,X1) | p(X0,X1) | ~ab(X1) | ~ab(X0))),
  inference(skolemisation,[status(esa),new_symbols(skolem,[sK13])],[f414,f520])).
fof(f520,plain,(
  ! [X0,X1] : (? [X2] : dif(X2,X0,X1) => dif(sK13(X0,X1),X0,X1))),
  introduced(choice_axiom,[])).
fof(f414,plain,(
  ! [X0,X1] : (? [X2] : dif(X2,X0,X1) | p(X0,X1) | ~ab(X1) | ~ab(X0))),
  inference(flattening,[],[f413])).
fof(f413,plain,(
  ! [X0,X1] : (? [X2] : dif(X2,X0,X1) | (p(X0,X1) | ~ab(X1) | ~ab(X0)))),
  inference(ennf_transformation,[],[f229])).
fof(f229,plain,(
  ! [X0,X1] : ((~p(X0,X1) & ab(X1) & ab(X0)) => ? [X2] : dif(X2,X0,X1))),
  inference(flattening,[],[f228])).
fof(f228,plain,(
  ! [X0] : ! [X1] : ((~p(X0,X1) & ab(X1) & ab(X0)) => ? [X2] : dif(X2,X0,X1))),
  inference(rectify,[],[f61])).
fof(f61,axiom,(
  ! [X80] : ! [X81] : ((~p(X80,X81) & ab(X81) & ab(X80)) => ? [X82] : dif(X82,X80,X81))),
  file('outputs/dolce/cis/ci_dolce_tr_dif_@_1.in',sos)).
fof(f1783,plain,(
  ab(sK13(xyz,zyx)) | ~spl21_11),
  inference(avatar_component_clause,[],[f1781])).
fof(f66862,plain,(
  ~spl21_6 | ~spl21_11 | ~spl21_263),
  inference(avatar_contradiction_clause,[],[f66861])).
fof(f66861,plain,(
  $false | (~spl21_6 | ~spl21_11 | ~spl21_263)),
  inference(resolution,[],[f66812,f46448])).
fof(f46448,plain,(
  p(sK13(xyz,zyx),sK13(xyz,zyx)) | ~spl21_11),
  inference(resolution,[],[f1783,f596])).
fof(f66812,plain,(
  ~p(sK13(xyz,zyx),sK13(xyz,zyx)) | (~spl21_6 | ~spl21_263)),
  inference(resolution,[],[f66809,f46261])).
fof(f46261,plain,(
  ( ! [X0] : (~ov(X0,zyx) | ~p(X0,sK13(xyz,zyx))) ) | ~spl21_6),
  inference(resolution,[],[f1772,f744])).
fof(f66809,plain,(
  ov(sK13(xyz,zyx),zyx) | ~spl21_263),
  inference(resolution,[],[f66740,f66733])).
fof(f66733,plain,(
  p(sK17(zyx,sK13(xyz,zyx)),sK13(xyz,zyx)) | ~spl21_263),
  inference(resolution,[],[f66726,f665])).
fof(f665,plain,(
  ( ! [X0,X1] : (~ov(X0,X1) | p(sK17(X0,X1),X1)) )),
  inference(cnf_transformation,[],[f531])).
fof(f66726,plain,(
  ov(zyx,sK13(xyz,zyx)) | ~spl21_263),
  inference(avatar_component_clause,[],[f66724])).
fof(f66740,plain,(
  ( ! [X0] : (~p(sK17(zyx,sK13(xyz,zyx)),X0) | ov(X0,zyx)) ) | ~spl21_263),
  inference(resolution,[],[f66734,f666])).
fof(f66734,plain,(
  p(sK17(zyx,sK13(xyz,zyx)),zyx) | ~spl21_263),
  inference(resolution,[],[f66726,f664])).
fof(f664,plain,(
  ( ! [X0,X1] : (~ov(X0,X1) | p(sK17(X0,X1),X0)) )),
  inference(cnf_transformation,[],[f531])).
fof(f46479,plain,(
  spl21_12 | spl21_11 | ~spl21_6),
  inference(avatar_split_clause,[],[f46437,f1224,f1781,f2216])).
fof(f46437,plain,(
  ab(sK13(xyz,zyx)) | pd(zyx) | ~spl21_6),
  inference(resolution,[],[f1226,f726])).
fof(f726,plain,(
  ( ! [X2,X0,X1] : (~dif(X2,X0,X1) | ab(X2) | pd(X1)) )),
  inference(cnf_transformation,[],[f543])).
fof(f46066,plain,(
  spl21_7 | ~spl21_191 | ~spl21_199),
  inference(avatar_contradiction_clause,[],[f46051])).
fof(f46051,plain,(
  $false | (spl21_7 | ~spl21_191 | ~spl21_199)),
  inference(resolution,[],[f45803,f1270])).
fof(f1270,plain,(
  ~p(zyx,xyz) | spl21_7),
  inference(avatar_component_clause,[],[f1268])).
fof(f1268,plain,(
  spl21_7 <=> p(zyx,xyz)),
  introduced(avatar_definition,[new_symbols(naming,[spl21_7])])).
fof(f45803,plain,(
  p(zyx,xyz) | (~spl21_191 | ~spl21_199)),
  inference(resolution,[],[f45800,f755])).
fof(f45800,plain,(
  ( ! [X0] : (~p(X0,zyx) | p(X0,xyz)) ) | (~spl21_191 | ~spl21_199)),
  inference(resolution,[],[f45799,f746])).
fof(f45799,plain,(
  sP20(xyz,zyx) | (~spl21_191 | ~spl21_199)),
  inference(resolution,[],[f45762,f745])).
fof(f45762,plain,(
  dif(zyx,xyz,sK13(zyx,xyz)) | (~spl21_191 | ~spl21_199)),
  inference(resolution,[],[f44436,f741])).
fof(f741,plain,(
  ( ! [X0,X1] : (~dif(xyz,X0,X1) | dif(zyx,X0,X1)) )),
  inference(cnf_transformation,[],[f544])).
fof(f44436,plain,(
  dif(xyz,xyz,sK13(zyx,xyz)) | (~spl21_191 | ~spl21_199)),
  inference(backward_demodulation,[],[f42870,f44432])).
fof(f44432,plain,(
  xyz = sK13(xyz,sK13(zyx,xyz)) | ~spl21_199),
  inference(avatar_component_clause,[],[f44430])).
fof(f44430,plain,(
  spl21_199 <=> xyz = sK13(xyz,sK13(zyx,xyz))),
  introduced(avatar_definition,[new_symbols(naming,[spl21_199])])).
fof(f42870,plain,(
  dif(sK13(xyz,sK13(zyx,xyz)),xyz,sK13(zyx,xyz)) | ~spl21_191),
  inference(avatar_component_clause,[],[f42868])).
fof(f42868,plain,(
  spl21_191 <=> dif(sK13(xyz,sK13(zyx,xyz)),xyz,sK13(zyx,xyz))),
  introduced(avatar_definition,[new_symbols(naming,[spl21_191])])).
fof(f44435,plain,(
  ~spl21_191 | ~spl21_192 | spl21_198),
  inference(avatar_contradiction_clause,[],[f44434])).
fof(f44434,plain,(
  $false | (~spl21_191 | ~spl21_192 | spl21_198)),
  inference(resolution,[],[f44428,f42946])).
fof(f42946,plain,(
  p(sK13(xyz,sK13(zyx,xyz)),xyz) | (~spl21_191 | ~spl21_192)),
  inference(resolution,[],[f42913,f42907])).
fof(f42907,plain,(
  ( ! [X0] : (~p(X0,sK13(xyz,sK13(zyx,xyz))) | p(X0,xyz)) ) | ~spl21_191),
  inference(resolution,[],[f42906,f746])).
fof(f42906,plain,(
  sP20(xyz,sK13(xyz,sK13(zyx,xyz))) | ~spl21_191),
  inference(resolution,[],[f42870,f745])).
fof(f42913,plain,(
  p(sK13(xyz,sK13(zyx,xyz)),sK13(xyz,sK13(zyx,xyz))) | ~spl21_192),
  inference(resolution,[],[f42911,f596])).
fof(f42911,plain,(
  ab(sK13(xyz,sK13(zyx,xyz))) | ~spl21_192),
  inference(avatar_component_clause,[],[f42909])).
fof(f42909,plain,(
  spl21_192 <=> ab(sK13(xyz,sK13(zyx,xyz)))),
  introduced(avatar_definition,[new_symbols(naming,[spl21_192])])).
fof(f44428,plain,(
  ~p(sK13(xyz,sK13(zyx,xyz)),xyz) | spl21_198),
  inference(avatar_component_clause,[],[f44426])).
fof(f44426,plain,(
  spl21_198 <=> p(sK13(xyz,sK13(zyx,xyz)),xyz)),
  introduced(avatar_definition,[new_symbols(naming,[spl21_198])])).
fof(f44433,plain,(
  ~spl21_198 | spl21_199 | ~spl21_194),
  inference(avatar_split_clause,[],[f43182,f43049,f44430,f44426])).
fof(f43049,plain,(
  spl21_194 <=> p(xyz,sK13(xyz,sK13(zyx,xyz)))),
  introduced(avatar_definition,[new_symbols(naming,[spl21_194])])).
fof(f43182,plain,(
  xyz = sK13(xyz,sK13(zyx,xyz)) | ~p(sK13(xyz,sK13(zyx,xyz)),xyz) | ~spl21_194),
  inference(resolution,[],[f43051,f661])).
fof(f43051,plain,(
  p(xyz,sK13(xyz,sK13(zyx,xyz))) | ~spl21_194),
  inference(avatar_component_clause,[],[f43049])).
fof(f43174,plain,(
  ~spl21_9 | ~spl21_13 | ~spl21_193),
  inference(avatar_contradiction_clause,[],[f43173])).
fof(f43173,plain,(
  $false | (~spl21_9 | ~spl21_13 | ~spl21_193)),
  inference(resolution,[],[f43128,f4890])).
fof(f4890,plain,(
  p(sK13(zyx,xyz),sK13(zyx,xyz)) | ~spl21_13),
  inference(resolution,[],[f2222,f596])).
fof(f2222,plain,(
  ab(sK13(zyx,xyz)) | ~spl21_13),
  inference(avatar_component_clause,[],[f2220])).
fof(f2220,plain,(
  spl21_13 <=> ab(sK13(zyx,xyz))),
  introduced(avatar_definition,[new_symbols(naming,[spl21_13])])).
fof(f43128,plain,(
  ~p(sK13(zyx,xyz),sK13(zyx,xyz)) | (~spl21_9 | ~spl21_193)),
  inference(resolution,[],[f43125,f18466])).
fof(f18466,plain,(
  ( ! [X0] : (~ov(X0,xyz) | ~p(X0,sK13(zyx,xyz))) ) | ~spl21_9),
  inference(resolution,[],[f2185,f744])).
fof(f2185,plain,(
  sP19(sK13(zyx,xyz),xyz) | ~spl21_9),
  inference(resolution,[],[f1721,f743])).
fof(f1721,plain,(
  dif(sK13(zyx,xyz),zyx,xyz) | ~spl21_9),
  inference(avatar_component_clause,[],[f1719])).
fof(f1719,plain,(
  spl21_9 <=> dif(sK13(zyx,xyz),zyx,xyz)),
  introduced(avatar_definition,[new_symbols(naming,[spl21_9])])).
fof(f43125,plain,(
  ov(sK13(zyx,xyz),xyz) | ~spl21_193),
  inference(resolution,[],[f43060,f43053])).
fof(f43053,plain,(
  p(sK17(xyz,sK13(zyx,xyz)),sK13(zyx,xyz)) | ~spl21_193),
  inference(resolution,[],[f43047,f665])).
fof(f43047,plain,(
  ov(xyz,sK13(zyx,xyz)) | ~spl21_193),
  inference(avatar_component_clause,[],[f43045])).
fof(f43045,plain,(
  spl21_193 <=> ov(xyz,sK13(zyx,xyz))),
  introduced(avatar_definition,[new_symbols(naming,[spl21_193])])).
fof(f43060,plain,(
  ( ! [X0] : (~p(sK17(xyz,sK13(zyx,xyz)),X0) | ov(X0,xyz)) ) | ~spl21_193),
  inference(resolution,[],[f43054,f666])).
fof(f43054,plain,(
  p(sK17(xyz,sK13(zyx,xyz)),xyz) | ~spl21_193),
  inference(resolution,[],[f43047,f664])).
fof(f43052,plain,(
  spl21_193 | spl21_194 | ~spl21_191),
  inference(avatar_split_clause,[],[f42889,f42868,f43049,f43045])).
fof(f42889,plain,(
  p(xyz,sK13(xyz,sK13(zyx,xyz))) | ov(xyz,sK13(zyx,xyz)) | ~spl21_191),
  inference(resolution,[],[f42870,f3374])).
fof(f3374,plain,(
  ( ! [X0,X1] : (~dif(X1,xyz,X0) | p(xyz,X1) | ov(xyz,X0)) )),
  inference(resolution,[],[f731,f756])).
fof(f42912,plain,(
  spl21_10 | spl21_192 | ~spl21_191),
  inference(avatar_split_clause,[],[f42899,f42868,f42909,f1777])).
fof(f1777,plain,(
  spl21_10 <=> pd(xyz)),
  introduced(avatar_definition,[new_symbols(naming,[spl21_10])])).
fof(f42899,plain,(
  ab(sK13(xyz,sK13(zyx,xyz))) | pd(xyz) | ~spl21_191),
  inference(resolution,[],[f42870,f723])).
fof(f42888,plain,(
  ~spl21_9 | ~spl21_190),
  inference(avatar_contradiction_clause,[],[f42872])).
fof(f42872,plain,(
  $false | (~spl21_9 | ~spl21_190)),
  inference(resolution,[],[f42866,f5089])).
fof(f5089,plain,(
  ~p(xyz,sK13(zyx,xyz)) | ~spl21_9),
  inference(resolution,[],[f4898,f784])).
fof(f784,plain,(
  ov(xyz,xyz)),
  inference(resolution,[],[f772,f756])).
fof(f772,plain,(
  ( ! [X1] : (~p(xyz,X1) | ov(X1,xyz)) )),
  inference(resolution,[],[f666,f756])).
fof(f4898,plain,(
  ( ! [X0] : (~ov(X0,xyz) | ~p(X0,sK13(zyx,xyz))) ) | ~spl21_9),
  inference(resolution,[],[f2185,f744])).
fof(f42866,plain,(
  p(xyz,sK13(zyx,xyz)) | ~spl21_190),
  inference(avatar_component_clause,[],[f42864])).
fof(f42864,plain,(
  spl21_190 <=> p(xyz,sK13(zyx,xyz))),
  introduced(avatar_definition,[new_symbols(naming,[spl21_190])])).
fof(f42871,plain,(
  spl21_190 | spl21_191 | ~spl21_13),
  inference(avatar_split_clause,[],[f39677,f2220,f42868,f42864])).
fof(f39677,plain,(
  dif(sK13(xyz,sK13(zyx,xyz)),xyz,sK13(zyx,xyz)) | p(xyz,sK13(zyx,xyz)) | ~spl21_13),
  inference(resolution,[],[f4893,f754])).
fof(f4893,plain,(
  ( ! [X2] : (~ab(X2) | dif(sK13(X2,sK13(zyx,xyz)),X2,sK13(zyx,xyz)) | p(X2,sK13(zyx,xyz))) ) | ~spl21_13),
  inference(resolution,[],[f2222,f656])).
fof(f33306,plain,(
  ~spl21_12),
  inference(avatar_contradiction_clause,[],[f33305])).
fof(f33305,plain,(
  $false | ~spl21_12),
  inference(resolution,[],[f33289,f753])).
fof(f33289,plain,(
  ~ab(zyx) | ~spl21_12),
  inference(resolution,[],[f2218,f565])).
fof(f565,plain,(
  ( ! [X0] : (~pd(X0) | ~ab(X0)) )),
  inference(cnf_transformation,[],[f368])).
fof(f368,plain,(
  ! [X0] : (~pd(X0) | ~ab(X0))),
  inference(ennf_transformation,[],[f156])).
fof(f156,plain,(
  ~? [X0] : (pd(X0) & ab(X0))),
  inference(rectify,[],[f22])).
fof(f22,axiom,(
  ~? [X21] : (pd(X21) & ab(X21))),
  file('outputs/dolce/cis/ci_dolce_tr_dif_@_1.in',sos)).
fof(f2218,plain,(
  pd(zyx) | ~spl21_12),
  inference(avatar_component_clause,[],[f2216])).
fof(f18641,plain,(
  ~spl21_7 | spl21_8 | ~spl21_5),
  inference(avatar_split_clause,[],[f18526,f1220,f1272,f1268])).
fof(f1272,plain,(
  spl21_8 <=> xyz = zyx),
  introduced(avatar_definition,[new_symbols(naming,[spl21_8])])).
fof(f18526,plain,(
  xyz = zyx | ~p(zyx,xyz) | ~spl21_5),
  inference(resolution,[],[f1222,f661])).
fof(f1222,plain,(
  p(xyz,zyx) | ~spl21_5),
  inference(avatar_component_clause,[],[f1220])).
fof(f5088,plain,(
  spl21_5 | spl21_6),
  inference(avatar_split_clause,[],[f2881,f1224,f1220])).
fof(f2881,plain,(
  dif(sK13(xyz,zyx),xyz,zyx) | p(xyz,zyx)),
  inference(resolution,[],[f1191,f754])).
fof(f1191,plain,(
  ( ! [X0] : (~ab(X0) | dif(sK13(X0,zyx),X0,zyx) | p(X0,zyx)) )),
  inference(resolution,[],[f656,f753])).
fof(f2458,plain,(
  spl21_7 | spl21_9),
  inference(avatar_split_clause,[],[f2062,f1719,f1268])).
fof(f2062,plain,(
  dif(sK13(zyx,xyz),zyx,xyz) | p(zyx,xyz)),
  inference(resolution,[],[f753,f1192])).
fof(f1192,plain,(
  ( ! [X1] : (~ab(X1) | dif(sK13(X1,xyz),X1,xyz) | p(X1,xyz)) )),
  inference(resolution,[],[f656,f754])).
fof(f2238,plain,(
  ~spl21_10),
  inference(avatar_contradiction_clause,[],[f2237])).
fof(f2237,plain,(
  $false | ~spl21_10),
  inference(resolution,[],[f2224,f754])).
fof(f2224,plain,(
  ~ab(xyz) | ~spl21_10),
  inference(resolution,[],[f1779,f565])).
fof(f1779,plain,(
  pd(xyz) | ~spl21_10),
  inference(avatar_component_clause,[],[f1777])).
fof(f2223,plain,(
  spl21_12 | spl21_13 | ~spl21_9),
  inference(avatar_split_clause,[],[f2179,f1719,f2220,f2216])).
fof(f2179,plain,(
  ab(sK13(zyx,xyz)) | pd(zyx) | ~spl21_9),
  inference(resolution,[],[f1721,f723])).
fof(f2057,plain,(
  ~spl21_8),
  inference(avatar_contradiction_clause,[],[f2056])).
fof(f2056,plain,(
  $false | ~spl21_8),
  inference(trivial_inequality_removal,[],[f2055])).
fof(f2055,plain,(
  xyz != xyz | ~spl21_8),
  inference(superposition,[],[f547,f1274])).
fof(f1274,plain,(
  xyz = zyx | ~spl21_8),
  inference(avatar_component_clause,[],[f1272])).
fof(f547,plain,(
  xyz != zyx),
  inference(cnf_transformation,[],[f135])).
fof(f135,axiom,(
  xyz != zyx),
  file('outputs/dolce/cis/ci_dolce_tr_dif_@_1.in',diff1406)).
% SZS output end Proof for ci_dolce_tr_dif_@_1
% ------------------------------
% Version: Vampire 4.7 (commit af7d05f97 on 2022-09-30 11:01:41 +0200)
% Termination reason: Refutation

% Memory used [KB]: 55009
% Time elapsed: 1.469 s
% ------------------------------
% ------------------------------
% Success in time 52.578 s
