% Running in auto input_syntax mode. Trying TPTP
% ott+11_3_aac=none:afr=on:afp=4000:afq=1.4:amm=off:anc=all:bs=unit_only:bsr=on:bce=on:fde=unused:irw=on:nm=64:newcnf=on:nwc=1:nicw=on:sac=on:sp=reverse_arity:uhcvi=on_31 on ci_dolce_at_cf_@_3 for (31ds)
% SZS status Satisfiable for ci_dolce_at_cf_@_3
% # SZS output start Saturation.
cnf(u680,axiom,
    at(xyz)).

cnf(u684,axiom,
    at(zyx)).

cnf(u688,axiom,
    xyz != zyx).

cnf(u692,axiom,
    ~ds(X0) | ~c(X0)).

cnf(u696,axiom,
    ~ped(X0) | ~nped(X0)).

cnf(u700,axiom,
    ~tr(X0) | ~ar(X0)).

cnf(u704,axiom,
    ~tr(X0) | ~pr(X0)).

cnf(u708,axiom,
    ~pr(X0) | ~ar(X0)).

cnf(u712,axiom,
    ~tq(X0) | ~aq(X0)).

cnf(u716,axiom,
    ~tq(X0) | ~pq(X0)).

cnf(u720,axiom,
    ~pq(X0) | ~aq(X0)).

cnf(u724,axiom,
    ~q(X0) | ~ab(X0)).

cnf(u728,axiom,
    ~ed(X0) | ~ab(X0)).

cnf(u732,axiom,
    ~pd(X0) | ~ab(X0)).

cnf(u736,axiom,
    ~q(X0) | ~ed(X0)).

cnf(u740,axiom,
    ~pd(X0) | ~ed(X0)).

cnf(u744,axiom,
    ~q(X0) | ~pd(X0)).

cnf(u748,axiom,
    ~npob(X0) | nped(X0)).

cnf(u752,axiom,
    ~r(X0) | ab(X0)).

cnf(u756,axiom,
    ~s(X0) | pr(X0)).

cnf(u760,axiom,
    ~ds(X0) | naso(X0)).

cnf(u764,axiom,
    ~tl(X0) | tq(X0)).

cnf(u768,axiom,
    ~sl(X0) | pq(X0)).

cnf(u772,axiom,
    ~c(X0) | naso(X0)).

cnf(u776,axiom,
    ~t(X0) | tr(X0)).

cnf(u780,axiom,
    ~sob(X0) | npob(X0)).

cnf(u784,axiom,
    ~naso(X0) | sob(X0)).

cnf(u788,axiom,
    ~nped(X0) | ed(X0)).

cnf(u792,axiom,
    ~ped(X0) | ed(X0)).

cnf(u796,axiom,
    ~ar(X0) | r(X0)).

cnf(u800,axiom,
    ~pr(X0) | r(X0)).

cnf(u804,axiom,
    ~tr(X0) | r(X0)).

cnf(u808,axiom,
    ~aq(X0) | q(X0)).

cnf(u812,axiom,
    ~pq(X0) | q(X0)).

cnf(u816,axiom,
    ~tq(X0) | q(X0)).

cnf(u820,axiom,
    ~ped(X0) | sl(sK1(X0))).

cnf(u824,axiom,
    ~nped(X0) | aq(sK2(X0))).

cnf(u828,axiom,
    ~tq(X0) | pd(sK4(X0))).

cnf(u832,axiom,
    ~pq(X0) | ped(sK5(X0))).

cnf(u836,axiom,
    ~aq(X0) | nped(sK6(X0))).

cnf(u840,axiom,
    ~pd(X0) | tl(sK10(X0))).

cnf(u844,axiom,
    ~ab(X0) | p(X0,X0)).

cnf(u848,axiom,
    ~pd(X0) | p(X0,X0)).

cnf(u852,axiom,
    ~pp(X1,X0) | ~at(X0)).

cnf(u856,axiom,
    ~ql(X0,X1) | tr(X0)).

cnf(u860,axiom,
    ~us(X0,X1) | c(X0)).

cnf(u864,axiom,
    ~us(X0,X1) | ds(X1)).

cnf(u868,axiom,
    ~dqt(X0,X1) | q(X0)).

cnf(u872,axiom,
    ~pre(X0,X1) | t(X1)).

cnf(u876,axiom,
    ~ds(X0) | us(sK0(X0),X0)).

cnf(u880,axiom,
    ~ped(X0) | dqt(sK1(X0),X0)).

cnf(u884,axiom,
    ~nped(X0) | dqt(sK2(X0),X0)).

cnf(u888,axiom,
    ~tq(X0) | ql(sK3(X0),X0)).

cnf(u892,axiom,
    ~tq(X0) | dqt(X0,sK4(X0))).

cnf(u896,axiom,
    ~pq(X0) | dqt(X0,sK5(X0))).

cnf(u900,axiom,
    ~aq(X0) | dqt(X0,sK6(X0))).

cnf(u904,axiom,
    df(X0,sK7(X0)) | ~c(X0)).

cnf(u908,axiom,
    ~pd(X0) | dqt(sK10(X0),X0)).

cnf(u912,axiom,
    ~at(X0) | pd(X0) | ab(X0)).

cnf(u916,axiom,
    ~df(X0,X1) | us(X0,X1)).

cnf(u920,axiom,
    ~tql(X0,X1,X2) | t(X2)).

cnf(u924,axiom,
    ~k(X0,X1,X2) | t(X2)).

cnf(u928,axiom,
    ~pc(X0,X1,X2) | ed(X0)).

cnf(u932,axiom,
    ~pc(X0,X1,X2) | pd(X1)).

cnf(u936,axiom,
    ~pc(X0,X1,X2) | t(X2)).

cnf(u940,axiom,
    ~tp(X0,X1,X2) | ed(X0)).

cnf(u944,axiom,
    ~tp(X0,X1,X2) | ed(X1)).

cnf(u948,axiom,
    ~tp(X0,X1,X2) | t(X2)).

cnf(u952,axiom,
    ~p(X0,X1) | ab(X1) | pd(X1)).

cnf(u956,axiom,
    ~p(X0,X1) | ab(X0) | pd(X0)).

cnf(u960,axiom,
    ~s(X1) | ~p(X0,X1) | s(X0)).

cnf(u964,axiom,
    ~s(X0) | s(X1) | ~p(X0,X1)).

cnf(u968,axiom,
    ~ar(X1) | ~p(X0,X1) | ar(X0)).

cnf(u972,axiom,
    ~ar(X0) | ar(X1) | ~p(X0,X1)).

cnf(u976,axiom,
    ~ab(X1) | ~p(X0,X1) | ab(X0)).

cnf(u980,axiom,
    ~ab(X0) | ab(X1) | ~p(X0,X1)).

cnf(u984,axiom,
    ~t(X1) | ~p(X0,X1) | t(X0)).

cnf(u988,axiom,
    ~t(X0) | t(X1) | ~p(X0,X1)).

cnf(u992,axiom,
    ~pd(X1) | ~p(X0,X1) | pd(X0)).

cnf(u996,axiom,
    ~pd(X0) | pd(X1) | ~p(X0,X1)).

cnf(u1000,axiom,
    ~dqt(X0,X1) | ed(X1) | pd(X1)).

cnf(u1004,axiom,
    ~pd(X1) | ~dqt(X0,X1) | tq(X0)).

cnf(u1008,axiom,
    ~tq(X0) | pd(X1) | ~dqt(X0,X1)).

cnf(u1012,axiom,
    ~ped(X1) | ~dqt(X0,X1) | pq(X0)).

cnf(u1016,axiom,
    ~pq(X0) | ped(X1) | ~dqt(X0,X1)).

cnf(u1020,axiom,
    ~nped(X1) | ~dqt(X0,X1) | aq(X0)).

cnf(u1024,axiom,
    ~aq(X0) | nped(X1) | ~dqt(X0,X1)).

cnf(u1028,axiom,
    ~tl(X1) | ~ql(X0,X1) | t(X0)).

cnf(u1032,axiom,
    ~tql(X0,X1,X2) | pre(X1,X2)).

cnf(u1036,axiom,
    ~k(X0,X1,X2) | pre(X0,X2)).

cnf(u1040,axiom,
    ~k(X0,X1,X2) | pre(X1,X2)).

cnf(u1044,axiom,
    ~pc(X0,X1,X2) | pre(X0,X2)).

cnf(u1048,axiom,
    ~pc(X0,X1,X2) | pre(X1,X2)).

cnf(u1052,axiom,
    ~tp(X0,X1,X2) | pre(X0,X2)).

cnf(u1056,axiom,
    ~tp(X0,X1,X2) | pre(X1,X2)).

cnf(u1062,axiom,
    ab(xyz)).

cnf(u1074,axiom,
    ~ed(xyz)).

cnf(u1081,axiom,
    p(xyz,xyz)).

cnf(u1106,axiom,
    ~ab(zyx)).

cnf(u1090,axiom,
    pd(zyx)).

cnf(u1095,axiom,
    p(zyx,zyx)).

cnf(u1104,axiom,
    ~ed(zyx)).

cnf(u1111,axiom,
    tl(sK10(zyx))).

cnf(u1116,axiom,
    ~ed(X0) | pc(X0,sK8(X0),sK9(X0))).

cnf(u1120,axiom,
    ~q(X0) | aq(X0) | pq(X0) | tq(X0)).

cnf(u1124,axiom,
    ~ov(X0,X1) | p(sK17(X0,X1),X0)).

cnf(u1128,axiom,
    ~ov(X0,X1) | p(sK17(X0,X1),X1)).

cnf(u1132,axiom,
    ~tql(X0,X1,X2) | pq(X1) | aq(X1)).

cnf(u1136,axiom,
    ~tql(X0,X1,X2) | pr(X0) | ar(X0)).

cnf(u1140,axiom,
    ~aq(X1) | ~tql(X0,X1,X2) | ar(X0)).

cnf(u1144,axiom,
    ~ar(X0) | aq(X1) | ~tql(X0,X1,X2)).

cnf(u1148,axiom,
    ~pq(X1) | ~tql(X0,X1,X2) | pr(X0)).

cnf(u1152,axiom,
    ~pr(X0) | pq(X1) | ~tql(X0,X1,X2)).

cnf(u1156,axiom,
    ~k(X1,X0,X2) | ~k(X0,X1,X2)).

cnf(u1160,axiom,
    ~k(X0,X1,X2) | ed(X1) | pd(X1)).

cnf(u1164,axiom,
    ~k(X0,X1,X2) | ed(X0) | pd(X0)).

cnf(u1168,axiom,
    ~ped(X1) | ~k(X0,X1,X2) | ped(X0)).

cnf(u1172,axiom,
    ~ped(X0) | ped(X1) | ~k(X0,X1,X2)).

cnf(u1176,axiom,
    ~nped(X1) | ~k(X0,X1,X2) | nped(X0)).

cnf(u1180,axiom,
    ~nped(X0) | nped(X1) | ~k(X0,X1,X2)).

cnf(u1184,axiom,
    ~pd(X1) | ~k(X0,X1,X2) | pd(X0)).

cnf(u1188,axiom,
    ~pd(X0) | pd(X1) | ~k(X0,X1,X2)).

cnf(u1192,axiom,
    ~ped(X1) | ~tp(X0,X1,X2) | ped(X0)).

cnf(u1196,axiom,
    ~ped(X0) | ped(X1) | ~tp(X0,X1,X2)).

cnf(u1200,axiom,
    ~nped(X1) | ~tp(X0,X1,X2) | nped(X0)).

cnf(u1204,axiom,
    ~nped(X0) | nped(X1) | ~tp(X0,X1,X2)).

cnf(u1208,axiom,
    ~sl(X1) | ~tql(X0,X1,X2) | s(X0)).

cnf(u1212,axiom,
    ~dif(X2,X0,X1) | ab(X1) | pd(X2)).

cnf(u1216,axiom,
    ~dif(X2,X0,X1) | ab(X0) | pd(X2)).

cnf(u1220,axiom,
    ~dif(X2,X0,X1) | ab(X2) | pd(X2)).

cnf(u1224,axiom,
    ~dif(X2,X0,X1) | ab(X2) | pd(X0)).

cnf(u1228,axiom,
    ~dif(X2,X0,X1) | ab(X2) | pd(X1)).

cnf(u1240,axiom,
    ~p(X0,xyz) | ab(X0)).

cnf(u1274,axiom,
    tq(sK10(zyx))).

cnf(u1282,axiom,
    ~p(xyz,X0) | ab(X0)).

cnf(u1309,axiom,
    ~pre(X0,X1) | ed(X0) | pd(X0) | q(X0)).

cnf(u1313,axiom,
    ~c(X0) | us(X0,sK7(X0))).

cnf(u1317,axiom,
    ~ed(X0) | ~pre(X0,X1) | tp(X0,X0,X1)).

cnf(u1321,axiom,
    ~p(X1,X0) | ~p(X0,X1) | X0 = X1).

cnf(u1325,axiom,
    pp(X0,X1) | p(X1,X0) | ~p(X0,X1)).

cnf(u1329,axiom,
    ~p(X2,X1) | ~p(X2,X0) | ov(X0,X1)).

cnf(u1333,axiom,
    ~pre(X0,X2) | ~df(X0,X1) | pre(X1,X2)).

cnf(u1337,axiom,
    ~us(X0,X1) | ~pre(X1,X2) | pre(X0,X2)).

cnf(u1341,axiom,
    ~ql(X2,X1) | ~ql(X0,X1) | X0 = X2).

cnf(u1345,axiom,
    ~df(X0,X2) | ~df(X0,X1) | X1 = X2).

cnf(u1349,axiom,
    ~p(X1,X2) | ~p(X0,X1) | p(X0,X2)).

cnf(u1353,axiom,
    ~dqt(X0,X2) | ~dqt(X0,X1) | X1 = X2).

cnf(u1357,axiom,
    ~pre(X0,X1) | ~p(X2,X1) | pre(X0,X2)).

cnf(u1361,axiom,
    ~dif(X2,X0,X1) | p(X3,X0) | ~p(X3,X2)).

cnf(u1365,axiom,
    ~dif(X2,X0,X1) | ~ov(X3,X1) | ~p(X3,X2)).

cnf(u1374,axiom,
    ~p(xyz,X0) | ov(X0,xyz)).

cnf(u1379,axiom,
    ov(xyz,xyz)).

cnf(u1385,axiom,
    p(sK17(xyz,xyz),xyz)).

cnf(u1394,axiom,
    ab(sK17(xyz,xyz))).

cnf(u1401,axiom,
    ~p(zyx,X1) | ov(X1,zyx)).

cnf(u1429,axiom,
    ~aq(sK10(zyx))).

cnf(u1436,axiom,
    ~pq(sK10(zyx))).

cnf(u1440,axiom,
    q(sK10(zyx))).

cnf(u1448,axiom,
    ~pd(sK10(zyx))).

cnf(u1452,axiom,
    ~ed(sK10(zyx))).

cnf(u1456,axiom,
    ~pre(X0,X1) | ~pd(X0) | pc(sK15(X0,X1),X0,X1)).

cnf(u1460,axiom,
    ~ab(sK10(zyx))).

cnf(u1464,axiom,
    dqt(sK10(zyx),zyx)).

cnf(u1468,axiom,
    ~pq(X0) | ~pre(X0,X1) | tql(sK16(X0,X1),X0,X1)).

cnf(u1475,axiom,
    pd(sK4(sK10(zyx)))).

cnf(u1489,axiom,
    ~aq(X0) | ~pre(X0,X1) | tql(sK16(X0,X1),X0,X1)).

cnf(u1493,axiom,
    ~ab(sK4(sK10(zyx)))).

cnf(u1497,axiom,
    ~ed(sK4(sK10(zyx)))).

cnf(u1501,axiom,
    ~tql(X0,X1,X2) | ~p(X3,X2) | tql(X0,X1,X3)).

cnf(u1505,axiom,
    ~p(X0,zyx) | pd(X0)).

cnf(u1510,axiom,
    ~k(X0,X1,X2) | ~p(X3,X2) | k(X0,X1,X3)).

cnf(u1514,axiom,
    ~p(zyx,X1) | pd(X1)).

cnf(u1519,axiom,
    ~dqt(X2,zyx) | tq(X2)).

cnf(u1523,axiom,
    ~pc(X0,X1,X2) | ~p(X3,X2) | pc(X0,X1,X3)).

cnf(u1529,axiom,
    ov(zyx,zyx)).

cnf(u1533,axiom,
    ~tp(X0,X1,X2) | ~p(X3,X2) | tp(X0,X1,X3)).

cnf(u1539,axiom,
    tl(sK10(sK4(sK10(zyx))))).

cnf(u1545,axiom,
    p(sK17(zyx,zyx),zyx)).

cnf(u1555,axiom,
    pd(sK17(zyx,zyx))).

cnf(u1569,axiom,
    ~ab(sK17(zyx,zyx))).

cnf(u1573,axiom,
    ~k(X1,X2,X3) | ~k(X0,X1,X3) | k(X0,X2,X3)).

cnf(u1577,axiom,
    ~ed(sK17(zyx,zyx))).

cnf(u1581,axiom,
    tq(sK10(sK4(sK10(zyx))))).

cnf(u1585,axiom,
    ~tp(X1,X2,X3) | ~tp(X0,X1,X3) | tp(X0,X2,X3)).

cnf(u1596,axiom,
    tl(sK10(sK17(zyx,zyx)))).

cnf(u1602,axiom,
    ~aq(sK10(sK4(sK10(zyx))))).

cnf(u1606,axiom,
    ~pq(sK10(sK4(sK10(zyx))))).

cnf(u1610,axiom,
    q(sK10(sK4(sK10(zyx))))).

cnf(u1618,axiom,
    tq(sK10(sK17(zyx,zyx)))).

cnf(u1629,axiom,
    ~pd(sK10(sK4(sK10(zyx))))).

cnf(u1633,axiom,
    ~ed(sK10(sK4(sK10(zyx))))).

cnf(u1637,axiom,
    ~ab(sK10(sK4(sK10(zyx))))).

cnf(u1641,axiom,
    ~aq(sK10(sK17(zyx,zyx)))).

cnf(u1645,axiom,
    ~pq(sK10(sK17(zyx,zyx)))).

cnf(u1649,axiom,
    q(sK10(sK17(zyx,zyx)))).

cnf(u1657,axiom,
    ~pd(sK10(sK17(zyx,zyx)))).

cnf(u1661,axiom,
    ~ab(X1) | ~ab(X0) | p(X0,X1) | dif(sK13(X0,X1),X0,X1)).

cnf(u1665,axiom,
    ~ed(sK10(sK17(zyx,zyx)))).

cnf(u1669,axiom,
    ~pd(X1) | ~pd(X0) | p(X0,X1) | dif(sK14(X0,X1),X0,X1)).

cnf(u1673,axiom,
    ~ab(sK10(sK17(zyx,zyx)))).

cnf(u1677,axiom,
    ~k(X3,zyx,X4) | pd(X3)).

cnf(u1681,axiom,
    ~sl(X1) | ~dqt(X1,X2) | ~sl(X0) | ~dqt(X0,X2) | X0 = X1).

cnf(u1685,axiom,
    ~k(zyx,X5,X6) | pd(X5)).

cnf(u1689,axiom,
    ~dqt(X0,X2) | ~dqt(X1,X2) | ~tl(X0) | ~tl(X1) | X0 = X1).

cnf(u1693,axiom,
    ~ql(X0,sK10(zyx)) | t(X0)).

cnf(u1697,axiom,
    ql(sK3(sK10(zyx)),sK10(zyx))).

cnf(u1701,axiom,
    ~dif(X2,X0,X1) | ~p(X3,X0) | ov(X3,X1) | p(X3,X2)).

cnf(u1708,axiom,
    t(sK3(sK10(zyx)))).

cnf(u1715,axiom,
    tr(sK3(sK10(zyx)))).

cnf(u1722,axiom,
    r(sK3(sK10(zyx)))).

cnf(u1727,axiom,
    ~pr(sK3(sK10(zyx)))).

cnf(u1733,axiom,
    ~ar(sK3(sK10(zyx)))).

cnf(u1737,axiom,
    ab(sK3(sK10(zyx)))).

cnf(u1748,axiom,
    dqt(sK10(zyx),sK4(sK10(zyx)))).

cnf(u1755,axiom,
    ~dqt(sK10(zyx),X0) | pd(X0)).

cnf(u1761,axiom,
    pd(sK4(sK10(sK4(sK10(zyx)))))).

cnf(u1780,axiom,
    ~ab(sK4(sK10(sK4(sK10(zyx)))))).

cnf(u1784,axiom,
    ~ed(sK4(sK10(sK4(sK10(zyx)))))).

cnf(u1788,axiom,
    pd(sK4(sK10(sK17(zyx,zyx))))).

cnf(u1792,axiom,
    ~at(X0) | ~p(X1,X0) | p(X0,X1)).

cnf(u1807,axiom,
    ~ab(sK4(sK10(sK17(zyx,zyx))))).

cnf(u1813,axiom,
    ~p(X0,xyz) | p(xyz,X0)).

cnf(u1830,axiom,
    ~p(X1,zyx) | p(zyx,X1)).

cnf(u1834,axiom,
    ~c(X0) | sK7(X0) = X1 | ~df(X0,X1)).

cnf(u1882,axiom,
    xyz = sK17(xyz,xyz)).

cnf(u1886,axiom,
    zyx = sK17(zyx,zyx)).

cnf(u1890,axiom,
    ~dqt(sK10(zyx),X0) | zyx = X0).

cnf(u1894,axiom,
    ~ab(X1) | p(X1,xyz) | dif(sK13(X1,xyz),X1,xyz)).

cnf(u1954,axiom,
    zyx = sK4(sK10(zyx))).

cnf(u1960,axiom,
    ~p(sK3(sK10(zyx)),X0) | t(X0)).

cnf(u1964,axiom,
    ~p(X1,sK3(sK10(zyx))) | t(X1)).

cnf(u1968,axiom,
    ~pd(X0) | p(X0,zyx) | dif(sK14(X0,zyx),X0,zyx)).

cnf(u1972,axiom,
    ~p(sK3(sK10(zyx)),X1) | ab(X1)).

cnf(u1977,axiom,
    ~p(X2,sK3(sK10(zyx))) | ab(X2)).

cnf(u1981,axiom,
    p(sK3(sK10(zyx)),sK3(sK10(zyx)))).

cnf(u1985,axiom,
    ~dqt(X0,zyx) | ~tl(X0) | sK10(zyx) = X0).

cnf(u1999,axiom,
    ~ql(X0,sK10(zyx)) | sK3(sK10(zyx)) = X0).

cnf(u2004,axiom,
    ~p(sK3(sK10(zyx)),X1) | ov(X1,sK3(sK10(zyx)))).

cnf(u2009,axiom,
    ov(sK3(sK10(zyx)),sK3(sK10(zyx)))).

cnf(u2016,axiom,
    p(sK3(sK10(zyx)),xyz)).

cnf(u2034,axiom,
    ~ab(X0) | p(X0,sK3(sK10(zyx))) | dif(sK13(X0,sK3(sK10(zyx))),X0,sK3(sK10(zyx)))).

cnf(u2043,axiom,
    ~p(sK13(sK3(sK10(zyx)),xyz),X1) | ab(X1)).

cnf(u2050,axiom,
    ~p(X2,sK13(sK3(sK10(zyx)),xyz)) | ab(X2)).

cnf(u2054,axiom,
    ~p(X1,sK13(sK3(sK10(zyx)),xyz)) | ~ov(X1,xyz)).

cnf(u2070,axiom,
    ~ov(sK13(sK3(sK10(zyx)),xyz),xyz)).

cnf(u2083,axiom,
    ~p(X2,sK3(sK10(zyx))) | ov(X2,xyz) | p(X2,sK13(sK3(sK10(zyx)),xyz))).

cnf(u2152,axiom,
    ql(xyz,sK10(zyx))).

cnf(u2156,axiom,
    t(xyz)).

cnf(u2166,axiom,
    tr(xyz)).

cnf(u2173,axiom,
    r(xyz)).

cnf(u2178,axiom,
    ~ql(X0,sK10(zyx)) | xyz = X0).

cnf(u2182,axiom,
    ~pr(xyz)).

cnf(u2186,axiom,
    ~ar(xyz)).

cnf(u2191,axiom,
    xyz = sK3(sK10(zyx))).

cnf(u2195,axiom,
    ~p(xyz,X0) | t(X0)).

cnf(u2211,axiom,
    ~p(X1,xyz) | t(X1)).

cnf(u2216,axiom,
    ~ov(sK13(xyz,xyz),xyz)).

cnf(u2220,axiom,
    ~p(X1,sK13(xyz,xyz)) | ~ov(X1,xyz)).

cnf(u2224,axiom,
    ~p(sK13(xyz,xyz),X1) | ab(X1)).

cnf(u2228,axiom,
    ~p(X2,xyz) | p(X2,sK13(xyz,xyz)) | ov(X2,xyz)).

cnf(u2232,axiom,
    ~p(X2,sK13(xyz,xyz)) | ab(X2)).

% # SZS output end Saturation.
% ------------------------------
% Version: Vampire 4.7 (commit af7d05f97 on 2022-09-30 11:01:41 +0200)
% Termination reason: Satisfiable

% Memory used [KB]: 6780
% Time elapsed: 0.021 s
% ------------------------------
% ------------------------------
% Success in time 0.027 s
