% Running in auto input_syntax mode. Trying TPTP
% ott+11_3_aac=none:afr=on:afp=4000:afq=1.4:amm=off:anc=all:bs=unit_only:bsr=on:bce=on:fde=unused:irw=on:nm=64:newcnf=on:nwc=1:nicw=on:sac=on:sp=reverse_arity:uhcvi=on_31 on ci_dolce_at_ql_@_2 for (31ds)
% SZS status Satisfiable for ci_dolce_at_ql_@_2
% # SZS output start Saturation.
cnf(u680,axiom,
    at(xyz)).

cnf(u684,axiom,
    at(zyx)).

cnf(u688,axiom,
    xyz != zyx).

cnf(u692,axiom,
    ~ds(X0) | ~c(X0)).

cnf(u696,axiom,
    ~ped(X0) | ~nped(X0)).

cnf(u700,axiom,
    ~tr(X0) | ~ar(X0)).

cnf(u704,axiom,
    ~tr(X0) | ~pr(X0)).

cnf(u708,axiom,
    ~pr(X0) | ~ar(X0)).

cnf(u712,axiom,
    ~tq(X0) | ~aq(X0)).

cnf(u716,axiom,
    ~tq(X0) | ~pq(X0)).

cnf(u720,axiom,
    ~pq(X0) | ~aq(X0)).

cnf(u724,axiom,
    ~q(X0) | ~ab(X0)).

cnf(u728,axiom,
    ~ed(X0) | ~ab(X0)).

cnf(u732,axiom,
    ~pd(X0) | ~ab(X0)).

cnf(u736,axiom,
    ~q(X0) | ~ed(X0)).

cnf(u740,axiom,
    ~pd(X0) | ~ed(X0)).

cnf(u744,axiom,
    ~q(X0) | ~pd(X0)).

cnf(u748,axiom,
    ~npob(X0) | nped(X0)).

cnf(u752,axiom,
    ~r(X0) | ab(X0)).

cnf(u756,axiom,
    ~s(X0) | pr(X0)).

cnf(u760,axiom,
    ~ds(X0) | naso(X0)).

cnf(u764,axiom,
    ~tl(X0) | tq(X0)).

cnf(u768,axiom,
    ~sl(X0) | pq(X0)).

cnf(u772,axiom,
    ~c(X0) | naso(X0)).

cnf(u776,axiom,
    ~t(X0) | tr(X0)).

cnf(u780,axiom,
    ~sob(X0) | npob(X0)).

cnf(u784,axiom,
    ~naso(X0) | sob(X0)).

cnf(u788,axiom,
    ~nped(X0) | ed(X0)).

cnf(u792,axiom,
    ~ped(X0) | ed(X0)).

cnf(u796,axiom,
    ~ar(X0) | r(X0)).

cnf(u800,axiom,
    ~pr(X0) | r(X0)).

cnf(u804,axiom,
    ~tr(X0) | r(X0)).

cnf(u808,axiom,
    ~aq(X0) | q(X0)).

cnf(u812,axiom,
    ~pq(X0) | q(X0)).

cnf(u816,axiom,
    ~tq(X0) | q(X0)).

cnf(u820,axiom,
    ~ped(X0) | sl(sK1(X0))).

cnf(u824,axiom,
    ~nped(X0) | aq(sK2(X0))).

cnf(u828,axiom,
    ~tq(X0) | pd(sK4(X0))).

cnf(u832,axiom,
    ~pq(X0) | ped(sK5(X0))).

cnf(u836,axiom,
    ~aq(X0) | nped(sK6(X0))).

cnf(u840,axiom,
    ~pd(X0) | tl(sK10(X0))).

cnf(u844,axiom,
    ~ab(X0) | p(X0,X0)).

cnf(u848,axiom,
    ~pd(X0) | p(X0,X0)).

cnf(u852,axiom,
    ~pp(X1,X0) | ~at(X0)).

cnf(u856,axiom,
    ~ql(X0,X1) | tr(X0)).

cnf(u860,axiom,
    ~ql(X0,X1) | tq(X1)).

cnf(u864,axiom,
    ~us(X0,X1) | c(X0)).

cnf(u868,axiom,
    ~us(X0,X1) | ds(X1)).

cnf(u872,axiom,
    ~dqt(X0,X1) | q(X0)).

cnf(u876,axiom,
    ~pre(X0,X1) | t(X1)).

cnf(u880,axiom,
    ~ds(X0) | us(sK0(X0),X0)).

cnf(u884,axiom,
    ~ped(X0) | dqt(sK1(X0),X0)).

cnf(u888,axiom,
    ~nped(X0) | dqt(sK2(X0),X0)).

cnf(u892,axiom,
    ~tq(X0) | ql(sK3(X0),X0)).

cnf(u896,axiom,
    ~tq(X0) | dqt(X0,sK4(X0))).

cnf(u900,axiom,
    ~pq(X0) | dqt(X0,sK5(X0))).

cnf(u904,axiom,
    ~aq(X0) | dqt(X0,sK6(X0))).

cnf(u908,axiom,
    df(X0,sK7(X0)) | ~c(X0)).

cnf(u912,axiom,
    ~pd(X0) | dqt(sK10(X0),X0)).

cnf(u916,axiom,
    ~at(X0) | pd(X0) | ab(X0)).

cnf(u920,axiom,
    ~ql(X0,zyx) | ql(X0,xyz)).

cnf(u924,axiom,
    ~ql(X0,xyz) | ql(X0,zyx)).

cnf(u928,axiom,
    ~df(X0,X1) | us(X0,X1)).

cnf(u932,axiom,
    ~tql(X0,X1,X2) | t(X2)).

cnf(u936,axiom,
    ~k(X0,X1,X2) | t(X2)).

cnf(u940,axiom,
    ~pc(X0,X1,X2) | ed(X0)).

cnf(u944,axiom,
    ~pc(X0,X1,X2) | pd(X1)).

cnf(u948,axiom,
    ~pc(X0,X1,X2) | t(X2)).

cnf(u952,axiom,
    ~tp(X0,X1,X2) | ed(X0)).

cnf(u956,axiom,
    ~tp(X0,X1,X2) | ed(X1)).

cnf(u960,axiom,
    ~tp(X0,X1,X2) | t(X2)).

cnf(u964,axiom,
    ~p(X0,X1) | ab(X1) | pd(X1)).

cnf(u968,axiom,
    ~p(X0,X1) | ab(X0) | pd(X0)).

cnf(u972,axiom,
    ~s(X1) | ~p(X0,X1) | s(X0)).

cnf(u976,axiom,
    ~s(X0) | s(X1) | ~p(X0,X1)).

cnf(u980,axiom,
    ~ar(X1) | ~p(X0,X1) | ar(X0)).

cnf(u984,axiom,
    ~ar(X0) | ar(X1) | ~p(X0,X1)).

cnf(u988,axiom,
    ~ab(X1) | ~p(X0,X1) | ab(X0)).

cnf(u992,axiom,
    ~ab(X0) | ab(X1) | ~p(X0,X1)).

cnf(u996,axiom,
    ~t(X1) | ~p(X0,X1) | t(X0)).

cnf(u1000,axiom,
    ~t(X0) | t(X1) | ~p(X0,X1)).

cnf(u1004,axiom,
    ~pd(X1) | ~p(X0,X1) | pd(X0)).

cnf(u1008,axiom,
    ~pd(X0) | pd(X1) | ~p(X0,X1)).

cnf(u1012,axiom,
    ~dqt(X0,X1) | ed(X1) | pd(X1)).

cnf(u1016,axiom,
    ~pd(X1) | ~dqt(X0,X1) | tq(X0)).

cnf(u1020,axiom,
    ~tq(X0) | pd(X1) | ~dqt(X0,X1)).

cnf(u1024,axiom,
    ~ped(X1) | ~dqt(X0,X1) | pq(X0)).

cnf(u1028,axiom,
    ~pq(X0) | ped(X1) | ~dqt(X0,X1)).

cnf(u1032,axiom,
    ~nped(X1) | ~dqt(X0,X1) | aq(X0)).

cnf(u1036,axiom,
    ~aq(X0) | nped(X1) | ~dqt(X0,X1)).

cnf(u1040,axiom,
    ~tl(X1) | ~ql(X0,X1) | t(X0)).

cnf(u1044,axiom,
    ~tql(X0,X1,X2) | pre(X1,X2)).

cnf(u1048,axiom,
    ~k(X0,X1,X2) | pre(X0,X2)).

cnf(u1052,axiom,
    ~k(X0,X1,X2) | pre(X1,X2)).

cnf(u1056,axiom,
    ~pc(X0,X1,X2) | pre(X0,X2)).

cnf(u1060,axiom,
    ~pc(X0,X1,X2) | pre(X1,X2)).

cnf(u1064,axiom,
    ~tp(X0,X1,X2) | pre(X0,X2)).

cnf(u1068,axiom,
    ~tp(X0,X1,X2) | pre(X1,X2)).

cnf(u1074,axiom,
    ab(xyz)).

cnf(u1086,axiom,
    ~ed(xyz)).

cnf(u1092,axiom,
    p(xyz,xyz)).

cnf(u1118,axiom,
    ~ab(zyx)).

cnf(u1102,axiom,
    pd(zyx)).

cnf(u1107,axiom,
    p(zyx,zyx)).

cnf(u1116,axiom,
    ~ed(zyx)).

cnf(u1123,axiom,
    tl(sK10(zyx))).

cnf(u1128,axiom,
    ~ed(X0) | pc(X0,sK8(X0),sK9(X0))).

cnf(u1132,axiom,
    ~q(X0) | aq(X0) | pq(X0) | tq(X0)).

cnf(u1136,axiom,
    ~ov(X0,X1) | p(sK17(X0,X1),X0)).

cnf(u1140,axiom,
    ~ov(X0,X1) | p(sK17(X0,X1),X1)).

cnf(u1144,axiom,
    ~tql(X0,X1,X2) | pq(X1) | aq(X1)).

cnf(u1148,axiom,
    ~tql(X0,X1,X2) | pr(X0) | ar(X0)).

cnf(u1152,axiom,
    ~aq(X1) | ~tql(X0,X1,X2) | ar(X0)).

cnf(u1156,axiom,
    ~ar(X0) | aq(X1) | ~tql(X0,X1,X2)).

cnf(u1160,axiom,
    ~pq(X1) | ~tql(X0,X1,X2) | pr(X0)).

cnf(u1164,axiom,
    ~pr(X0) | pq(X1) | ~tql(X0,X1,X2)).

cnf(u1168,axiom,
    ~k(X1,X0,X2) | ~k(X0,X1,X2)).

cnf(u1172,axiom,
    ~k(X0,X1,X2) | ed(X1) | pd(X1)).

cnf(u1176,axiom,
    ~k(X0,X1,X2) | ed(X0) | pd(X0)).

cnf(u1180,axiom,
    ~ped(X1) | ~k(X0,X1,X2) | ped(X0)).

cnf(u1184,axiom,
    ~ped(X0) | ped(X1) | ~k(X0,X1,X2)).

cnf(u1188,axiom,
    ~nped(X1) | ~k(X0,X1,X2) | nped(X0)).

cnf(u1192,axiom,
    ~nped(X0) | nped(X1) | ~k(X0,X1,X2)).

cnf(u1196,axiom,
    ~pd(X1) | ~k(X0,X1,X2) | pd(X0)).

cnf(u1200,axiom,
    ~pd(X0) | pd(X1) | ~k(X0,X1,X2)).

cnf(u1204,axiom,
    ~ped(X1) | ~tp(X0,X1,X2) | ped(X0)).

cnf(u1208,axiom,
    ~ped(X0) | ped(X1) | ~tp(X0,X1,X2)).

cnf(u1212,axiom,
    ~nped(X1) | ~tp(X0,X1,X2) | nped(X0)).

cnf(u1216,axiom,
    ~nped(X0) | nped(X1) | ~tp(X0,X1,X2)).

cnf(u1220,axiom,
    ~sl(X1) | ~tql(X0,X1,X2) | s(X0)).

cnf(u1224,axiom,
    ~dif(X2,X0,X1) | ab(X1) | pd(X2)).

cnf(u1228,axiom,
    ~dif(X2,X0,X1) | ab(X0) | pd(X2)).

cnf(u1232,axiom,
    ~dif(X2,X0,X1) | ab(X2) | pd(X2)).

cnf(u1236,axiom,
    ~dif(X2,X0,X1) | ab(X2) | pd(X0)).

cnf(u1240,axiom,
    ~dif(X2,X0,X1) | ab(X2) | pd(X1)).

cnf(u1250,axiom,
    ~p(X0,xyz) | ab(X0)).

cnf(u1284,axiom,
    tq(sK10(zyx))).

cnf(u1292,axiom,
    ~p(xyz,X0) | ab(X0)).

cnf(u1319,axiom,
    ~c(X0) | us(X0,sK7(X0))).

cnf(u1323,axiom,
    ~pre(X0,X1) | ed(X0) | pd(X0) | q(X0)).

cnf(u1327,axiom,
    ~ed(X0) | ~pre(X0,X1) | tp(X0,X0,X1)).

cnf(u1331,axiom,
    ~p(X1,X0) | ~p(X0,X1) | X0 = X1).

cnf(u1335,axiom,
    pp(X0,X1) | p(X1,X0) | ~p(X0,X1)).

cnf(u1339,axiom,
    ~p(X2,X1) | ~p(X2,X0) | ov(X0,X1)).

cnf(u1343,axiom,
    ~pre(X0,X2) | ~df(X0,X1) | pre(X1,X2)).

cnf(u1347,axiom,
    ~us(X0,X1) | ~pre(X1,X2) | pre(X0,X2)).

cnf(u1351,axiom,
    ~df(X0,X2) | ~df(X0,X1) | X1 = X2).

cnf(u1355,axiom,
    ~ql(X2,X1) | ~ql(X0,X1) | X0 = X2).

cnf(u1359,axiom,
    ~p(X1,X2) | ~p(X0,X1) | p(X0,X2)).

cnf(u1363,axiom,
    ~dqt(X0,X2) | ~dqt(X0,X1) | X1 = X2).

cnf(u1367,axiom,
    ~pre(X0,X1) | ~p(X2,X1) | pre(X0,X2)).

cnf(u1371,axiom,
    ~dif(X2,X0,X1) | p(X3,X0) | ~p(X3,X2)).

cnf(u1375,axiom,
    ~dif(X2,X0,X1) | ~ov(X3,X1) | ~p(X3,X2)).

cnf(u1384,axiom,
    ~p(xyz,X0) | ov(X0,xyz)).

cnf(u1389,axiom,
    ov(xyz,xyz)).

cnf(u1395,axiom,
    p(sK17(xyz,xyz),xyz)).

cnf(u1405,axiom,
    ab(sK17(xyz,xyz))).

cnf(u1412,axiom,
    ~p(zyx,X1) | ov(X1,zyx)).

cnf(u1442,axiom,
    ~aq(sK10(zyx))).

cnf(u1446,axiom,
    ~pq(sK10(zyx))).

cnf(u1450,axiom,
    q(sK10(zyx))).

cnf(u1458,axiom,
    ~pd(sK10(zyx))).

cnf(u1462,axiom,
    ~pre(X0,X1) | ~pd(X0) | pc(sK15(X0,X1),X0,X1)).

cnf(u1466,axiom,
    ~ed(sK10(zyx))).

cnf(u1470,axiom,
    ~ab(sK10(zyx))).

cnf(u1474,axiom,
    ~pq(X0) | ~pre(X0,X1) | tql(sK16(X0,X1),X0,X1)).

cnf(u1478,axiom,
    dqt(sK10(zyx),zyx)).

cnf(u1485,axiom,
    ~aq(X0) | ~pre(X0,X1) | tql(sK16(X0,X1),X0,X1)).

cnf(u1489,axiom,
    pd(sK4(sK10(zyx)))).

cnf(u1503,axiom,
    ~ab(sK4(sK10(zyx)))).

cnf(u1507,axiom,
    ~tql(X0,X1,X2) | ~p(X3,X2) | tql(X0,X1,X3)).

cnf(u1511,axiom,
    ~ed(sK4(sK10(zyx)))).

cnf(u1515,axiom,
    ~k(X0,X1,X2) | ~p(X3,X2) | k(X0,X1,X3)).

cnf(u1519,axiom,
    ~p(X0,zyx) | pd(X0)).

cnf(u1524,axiom,
    ~p(zyx,X1) | pd(X1)).

cnf(u1528,axiom,
    ~pc(X0,X1,X2) | ~p(X3,X2) | pc(X0,X1,X3)).

cnf(u1533,axiom,
    ~dqt(X2,zyx) | tq(X2)).

cnf(u1538,axiom,
    ~tp(X0,X1,X2) | ~p(X3,X2) | tp(X0,X1,X3)).

cnf(u1543,axiom,
    ov(zyx,zyx)).

cnf(u1549,axiom,
    tl(sK10(sK4(sK10(zyx))))).

cnf(u1555,axiom,
    p(sK17(zyx,zyx),zyx)).

cnf(u1565,axiom,
    pd(sK17(zyx,zyx))).

cnf(u1579,axiom,
    ~k(X1,X2,X3) | ~k(X0,X1,X3) | k(X0,X2,X3)).

cnf(u1583,axiom,
    ~ab(sK17(zyx,zyx))).

cnf(u1587,axiom,
    ~ed(sK17(zyx,zyx))).

cnf(u1591,axiom,
    ~tp(X1,X2,X3) | ~tp(X0,X1,X3) | tp(X0,X2,X3)).

cnf(u1595,axiom,
    tq(sK10(sK4(sK10(zyx))))).

cnf(u1606,axiom,
    tl(sK10(sK17(zyx,zyx)))).

cnf(u1612,axiom,
    ~aq(sK10(sK4(sK10(zyx))))).

cnf(u1616,axiom,
    ~pq(sK10(sK4(sK10(zyx))))).

cnf(u1620,axiom,
    q(sK10(sK4(sK10(zyx))))).

cnf(u1628,axiom,
    tq(sK10(sK17(zyx,zyx)))).

cnf(u1639,axiom,
    ~pd(sK10(sK4(sK10(zyx))))).

cnf(u1643,axiom,
    ~ed(sK10(sK4(sK10(zyx))))).

cnf(u1647,axiom,
    ~ab(sK10(sK4(sK10(zyx))))).

cnf(u1651,axiom,
    ~aq(sK10(sK17(zyx,zyx)))).

cnf(u1655,axiom,
    ~pq(sK10(sK17(zyx,zyx)))).

cnf(u1659,axiom,
    q(sK10(sK17(zyx,zyx)))).

cnf(u1663,axiom,
    ~ab(X1) | ~ab(X0) | p(X0,X1) | dif(sK13(X0,X1),X0,X1)).

cnf(u1671,axiom,
    ~pd(sK10(sK17(zyx,zyx)))).

cnf(u1675,axiom,
    ~pd(X1) | ~pd(X0) | p(X0,X1) | dif(sK14(X0,X1),X0,X1)).

cnf(u1679,axiom,
    ~ed(sK10(sK17(zyx,zyx)))).

cnf(u1683,axiom,
    ~ab(sK10(sK17(zyx,zyx)))).

cnf(u1687,axiom,
    ~sl(X1) | ~dqt(X1,X2) | ~sl(X0) | ~dqt(X0,X2) | X0 = X1).

cnf(u1691,axiom,
    ~k(X3,zyx,X4) | pd(X3)).

cnf(u1695,axiom,
    ~dqt(X0,X2) | ~dqt(X1,X2) | ~tl(X0) | ~tl(X1) | X0 = X1).

cnf(u1699,axiom,
    ~k(zyx,X5,X6) | pd(X5)).

cnf(u1703,axiom,
    ~ql(X0,sK10(zyx)) | t(X0)).

cnf(u1707,axiom,
    ~dif(X2,X0,X1) | ~p(X3,X0) | ov(X3,X1) | p(X3,X2)).

cnf(u1711,axiom,
    ql(sK3(sK10(zyx)),sK10(zyx))).

cnf(u1719,axiom,
    t(sK3(sK10(zyx)))).

cnf(u1726,axiom,
    tr(sK3(sK10(zyx)))).

cnf(u1733,axiom,
    r(sK3(sK10(zyx)))).

cnf(u1740,axiom,
    ~pr(sK3(sK10(zyx)))).

cnf(u1744,axiom,
    ~ar(sK3(sK10(zyx)))).

cnf(u1751,axiom,
    ab(sK3(sK10(zyx)))).

cnf(u1759,axiom,
    dqt(sK10(zyx),sK4(sK10(zyx)))).

cnf(u1766,axiom,
    ~dqt(sK10(zyx),X0) | pd(X0)).

cnf(u1776,axiom,
    pd(sK4(sK10(sK4(sK10(zyx)))))).

cnf(u1791,axiom,
    ~ab(sK4(sK10(sK4(sK10(zyx)))))).

cnf(u1795,axiom,
    ~ed(sK4(sK10(sK4(sK10(zyx)))))).

cnf(u1799,axiom,
    ~at(X0) | ~p(X1,X0) | p(X0,X1)).

cnf(u1803,axiom,
    pd(sK4(sK10(sK17(zyx,zyx))))).

cnf(u1820,axiom,
    ~p(X0,xyz) | p(xyz,X0)).

cnf(u1837,axiom,
    ~p(X1,zyx) | p(zyx,X1)).

cnf(u1841,axiom,
    ~c(X0) | sK7(X0) = X1 | ~df(X0,X1)).

cnf(u1889,axiom,
    xyz = sK17(xyz,xyz)).

cnf(u1893,axiom,
    zyx = sK17(zyx,zyx)).

cnf(u1897,axiom,
    ~dqt(sK10(zyx),X0) | zyx = X0).

cnf(u1901,axiom,
    ~ab(X1) | p(X1,xyz) | dif(sK13(X1,xyz),X1,xyz)).

cnf(u1961,axiom,
    zyx = sK4(sK10(zyx))).

cnf(u1967,axiom,
    ~p(sK3(sK10(zyx)),X0) | t(X0)).

cnf(u1971,axiom,
    ~p(X1,sK3(sK10(zyx))) | t(X1)).

cnf(u1975,axiom,
    ~pd(X0) | p(X0,zyx) | dif(sK14(X0,zyx),X0,zyx)).

cnf(u1979,axiom,
    ~p(sK3(sK10(zyx)),X1) | ab(X1)).

cnf(u1984,axiom,
    ~p(X2,sK3(sK10(zyx))) | ab(X2)).

cnf(u1988,axiom,
    p(sK3(sK10(zyx)),sK3(sK10(zyx)))).

cnf(u1992,axiom,
    ~dqt(X0,zyx) | ~tl(X0) | sK10(zyx) = X0).

cnf(u2006,axiom,
    ~ql(X0,sK10(zyx)) | sK3(sK10(zyx)) = X0).

cnf(u2011,axiom,
    ~p(sK3(sK10(zyx)),X1) | ov(X1,sK3(sK10(zyx)))).

cnf(u2016,axiom,
    ov(sK3(sK10(zyx)),sK3(sK10(zyx)))).

cnf(u2020,axiom,
    dif(sK13(sK3(sK10(zyx)),xyz),sK3(sK10(zyx)),xyz)).

cnf(u2609,axiom,
    ~p(sK3(sK10(zyx)),xyz)).

cnf(u2037,axiom,
    ab(sK13(sK3(sK10(zyx)),xyz))).

cnf(u2041,axiom,
    ~ab(X0) | p(X0,sK3(sK10(zyx))) | dif(sK13(X0,sK3(sK10(zyx))),X0,sK3(sK10(zyx)))).

cnf(u2050,axiom,
    ~p(sK13(sK3(sK10(zyx)),xyz),X1) | ab(X1)).

cnf(u2095,axiom,
    t(xyz)).

cnf(u2106,axiom,
    tr(xyz)).

cnf(u2119,axiom,
    r(xyz)).

cnf(u2161,axiom,
    ~p(X2,sK13(sK3(sK10(zyx)),xyz)) | ab(X2)).

cnf(u2203,axiom,
    ~pr(xyz)).

cnf(u2207,axiom,
    ~ar(xyz)).

cnf(u2276,axiom,
    ~p(xyz,X0) | t(X0)).

cnf(u2281,axiom,
    ~p(X1,xyz) | t(X1)).

cnf(u2310,axiom,
    ~p(X1,sK13(sK3(sK10(zyx)),xyz)) | ~ov(X1,xyz)).

cnf(u2314,axiom,
    p(sK13(sK3(sK10(zyx)),xyz),sK13(sK3(sK10(zyx)),xyz))).

cnf(u2318,axiom,
    ~p(X0,sK13(sK3(sK10(zyx)),xyz)) | p(X0,sK3(sK10(zyx)))).

cnf(u2330,axiom,
    ~ov(sK13(sK3(sK10(zyx)),xyz),xyz)).

cnf(u2335,axiom,
    p(sK13(sK3(sK10(zyx)),xyz),sK3(sK10(zyx)))).

cnf(u2347,axiom,
    t(sK13(sK3(sK10(zyx)),xyz))).

cnf(u2351,axiom,
    ~p(X2,sK3(sK10(zyx))) | ov(X2,xyz) | p(X2,sK13(sK3(sK10(zyx)),xyz))).

cnf(u2358,axiom,
    tr(sK13(sK3(sK10(zyx)),xyz))).

cnf(u2367,axiom,
    r(sK13(sK3(sK10(zyx)),xyz))).

cnf(u2372,axiom,
    ~pr(sK13(sK3(sK10(zyx)),xyz))).

cnf(u2376,axiom,
    dif(sK13(xyz,sK3(sK10(zyx))),xyz,sK3(sK10(zyx)))).

cnf(u2487,axiom,
    ~p(xyz,sK3(sK10(zyx)))).

cnf(u2383,axiom,
    ~ar(sK13(sK3(sK10(zyx)),xyz))).

cnf(u2395,axiom,
    ab(sK13(xyz,sK3(sK10(zyx))))).

cnf(u2405,axiom,
    ~p(sK13(xyz,sK3(sK10(zyx))),X1) | ab(X1)).

cnf(u2409,axiom,
    ~p(X0,sK13(xyz,sK3(sK10(zyx)))) | p(X0,xyz)).

cnf(u2413,axiom,
    ~p(X2,sK13(xyz,sK3(sK10(zyx)))) | ab(X2)).

cnf(u2417,axiom,
    ~p(X1,sK13(xyz,sK3(sK10(zyx)))) | ~ov(X1,sK3(sK10(zyx)))).

cnf(u2421,axiom,
    ~p(sK13(sK3(sK10(zyx)),xyz),X0) | t(X0)).

cnf(u2427,axiom,
    ~p(X1,sK13(sK3(sK10(zyx)),xyz)) | t(X1)).

cnf(u2432,axiom,
    p(sK17(sK3(sK10(zyx)),sK3(sK10(zyx))),sK3(sK10(zyx)))).

cnf(u2436,axiom,
    p(sK3(sK10(zyx)),sK13(sK3(sK10(zyx)),xyz))).

cnf(u2468,axiom,
    ~ov(sK3(sK10(zyx)),xyz)).

cnf(u2472,axiom,
    dif(sK3(sK10(zyx)),sK3(sK10(zyx)),xyz)).

cnf(u2484,axiom,
    ~ov(X1,xyz) | ~p(X1,sK3(sK10(zyx)))).

cnf(u2498,axiom,
    ab(sK17(sK3(sK10(zyx)),sK3(sK10(zyx))))).

cnf(u2508,axiom,
    ~p(X2,xyz) | ov(X2,sK3(sK10(zyx))) | p(X2,sK13(xyz,sK3(sK10(zyx))))).

cnf(u2512,axiom,
    t(sK17(sK3(sK10(zyx)),sK3(sK10(zyx))))).

cnf(u2519,axiom,
    tr(sK17(sK3(sK10(zyx)),sK3(sK10(zyx))))).

cnf(u2527,axiom,
    r(sK17(sK3(sK10(zyx)),sK3(sK10(zyx))))).

cnf(u2532,axiom,
    p(sK13(xyz,sK3(sK10(zyx))),sK13(xyz,sK3(sK10(zyx))))).

cnf(u2536,axiom,
    ~pr(sK17(sK3(sK10(zyx)),sK3(sK10(zyx))))).

cnf(u2540,axiom,
    ~ar(sK17(sK3(sK10(zyx)),sK3(sK10(zyx))))).

cnf(u2553,axiom,
    p(sK13(xyz,sK3(sK10(zyx))),xyz)).

cnf(u2590,axiom,
    dif(xyz,xyz,sK3(sK10(zyx)))).

cnf(u2602,axiom,
    ~ov(xyz,sK3(sK10(zyx)))).

cnf(u2606,axiom,
    ~ov(X1,sK3(sK10(zyx))) | ~p(X1,xyz)).

cnf(u2613,axiom,
    sK3(sK10(zyx)) = sK13(sK3(sK10(zyx)),xyz)).

cnf(u2617,axiom,
    xyz = sK13(xyz,sK3(sK10(zyx)))).

cnf(u2621,axiom,
    ~p(X0,sK17(sK3(sK10(zyx)),sK3(sK10(zyx)))) | p(X0,sK3(sK10(zyx)))).

cnf(u2625,axiom,
    ~p(sK17(sK3(sK10(zyx)),sK3(sK10(zyx))),X1) | ab(X1)).

cnf(u2630,axiom,
    ~p(X2,sK17(sK3(sK10(zyx)),sK3(sK10(zyx)))) | ab(X2)).

cnf(u2634,axiom,
    ~p(sK17(sK3(sK10(zyx)),sK3(sK10(zyx))),X0) | t(X0)).

cnf(u2639,axiom,
    ~p(sK17(sK3(sK10(zyx)),sK3(sK10(zyx))),X1) | ov(X1,sK3(sK10(zyx)))).

cnf(u2643,axiom,
    ~p(X1,sK17(sK3(sK10(zyx)),sK3(sK10(zyx)))) | t(X1)).

cnf(u2648,axiom,
    sK3(sK10(zyx)) = sK17(sK3(sK10(zyx)),sK3(sK10(zyx)))).

cnf(u2655,axiom,
    p(sK17(sK3(sK10(zyx)),sK3(sK10(zyx))),sK17(sK3(sK10(zyx)),sK3(sK10(zyx))))).

cnf(u2670,axiom,
    dif(sK13(sK17(sK3(sK10(zyx)),sK3(sK10(zyx))),xyz),sK17(sK3(sK10(zyx)),sK3(sK10(zyx))),xyz)).

cnf(u2682,axiom,
    ~p(sK17(sK3(sK10(zyx)),sK3(sK10(zyx))),xyz)).

cnf(u2677,axiom,
    ov(sK17(sK3(sK10(zyx)),sK3(sK10(zyx))),sK3(sK10(zyx)))).

cnf(u2694,axiom,
    ab(sK13(sK17(sK3(sK10(zyx)),sK3(sK10(zyx))),xyz))).

cnf(u2704,axiom,
    ~ab(X0) | p(X0,sK17(sK3(sK10(zyx)),sK3(sK10(zyx)))) | dif(sK13(X0,sK17(sK3(sK10(zyx)),sK3(sK10(zyx)))),X0,sK17(sK3(sK10(zyx)),sK3(sK10(zyx))))).

cnf(u2708,axiom,
    ~p(sK13(sK17(sK3(sK10(zyx)),sK3(sK10(zyx))),xyz),X1) | ab(X1)).

cnf(u2712,axiom,
    ~p(X2,sK13(sK17(sK3(sK10(zyx)),sK3(sK10(zyx))),xyz)) | ab(X2)).

cnf(u2721,axiom,
    ~p(X1,sK13(sK17(sK3(sK10(zyx)),sK3(sK10(zyx))),xyz)) | ~ov(X1,xyz)).

cnf(u2725,axiom,
    ov(X1,sK17(sK3(sK10(zyx)),sK3(sK10(zyx)))) | ~p(sK17(sK3(sK10(zyx)),sK3(sK10(zyx))),X1)).

cnf(u2729,axiom,
    p(sK17(sK17(sK3(sK10(zyx)),sK3(sK10(zyx))),sK3(sK10(zyx))),sK3(sK10(zyx)))).

cnf(u2740,axiom,
    ab(sK17(sK17(sK3(sK10(zyx)),sK3(sK10(zyx))),sK3(sK10(zyx))))).

cnf(u2753,axiom,
    t(sK17(sK17(sK3(sK10(zyx)),sK3(sK10(zyx))),sK3(sK10(zyx))))).

cnf(u2760,axiom,
    ~p(X0,sK13(sK17(sK3(sK10(zyx)),sK3(sK10(zyx))),xyz)) | p(X0,sK17(sK3(sK10(zyx)),sK3(sK10(zyx))))).

cnf(u2764,axiom,
    tr(sK17(sK17(sK3(sK10(zyx)),sK3(sK10(zyx))),sK3(sK10(zyx))))).

cnf(u2771,axiom,
    r(sK17(sK17(sK3(sK10(zyx)),sK3(sK10(zyx))),sK3(sK10(zyx))))).

cnf(u2776,axiom,
    ~pr(sK17(sK17(sK3(sK10(zyx)),sK3(sK10(zyx))),sK3(sK10(zyx))))).

cnf(u2780,axiom,
    ~p(X2,sK17(sK3(sK10(zyx)),sK3(sK10(zyx)))) | ov(X2,xyz) | p(X2,sK13(sK17(sK3(sK10(zyx)),sK3(sK10(zyx))),xyz))).

cnf(u2784,axiom,
    ~ar(sK17(sK17(sK3(sK10(zyx)),sK3(sK10(zyx))),sK3(sK10(zyx))))).

cnf(u2788,axiom,
    ~p(X0,sK17(sK17(sK3(sK10(zyx)),sK3(sK10(zyx))),sK3(sK10(zyx)))) | ab(X0)).

cnf(u2793,axiom,
    ~p(sK17(sK17(sK3(sK10(zyx)),sK3(sK10(zyx))),sK3(sK10(zyx))),X1) | ab(X1)).

cnf(u2802,axiom,
    ~p(sK17(sK17(sK3(sK10(zyx)),sK3(sK10(zyx))),sK3(sK10(zyx))),X0) | t(X0)).

cnf(u2807,axiom,
    ~p(X1,sK17(sK17(sK3(sK10(zyx)),sK3(sK10(zyx))),sK3(sK10(zyx)))) | t(X1)).

cnf(u2950,axiom,
    ~p(sK3(sK10(zyx)),X1) | p(sK17(X1,sK3(sK10(zyx))),X1)).

cnf(u2956,axiom,
    ~p(sK3(sK10(zyx)),X0) | p(sK17(X0,sK3(sK10(zyx))),sK3(sK10(zyx)))).

% # SZS output end Saturation.
% ------------------------------
% Version: Vampire 4.7 (commit af7d05f97 on 2022-09-30 11:01:41 +0200)
% Termination reason: Satisfiable

% Memory used [KB]: 7036
% Time elapsed: 0.034 s
% ------------------------------
% ------------------------------
% Success in time 0.042 s
