% Running in auto input_syntax mode. Trying TPTP
% ott+11_3_aac=none:afr=on:afp=4000:afq=1.4:amm=off:anc=all:bs=unit_only:bsr=on:bce=on:fde=unused:irw=on:nm=64:newcnf=on:nwc=1:nicw=on:sac=on:sp=reverse_arity:uhcvi=on_31 on ci_dolce_nped_dqt_@_2 for (31ds)
% Refutation found. Thanks to Tanya!
% SZS status Unsatisfiable for ci_dolce_nped_dqt_@_2
% SZS output start Proof for ci_dolce_nped_dqt_@_2
fof(f2350,plain,(
  $false),
  inference(avatar_sat_refutation,[],[f677,f681,f913,f921,f1150,f1445,f2302,f2309])).
fof(f2309,plain,(
  ~spl18_2 | spl18_3 | ~spl18_60 | ~spl18_312),
  inference(avatar_contradiction_clause,[],[f2308])).
fof(f2308,plain,(
  $false | (~spl18_2 | spl18_3 | ~spl18_60 | ~spl18_312)),
  inference(subsumption_resolution,[],[f2307,f676])).
fof(f676,plain,(
  nped(zyx) | ~spl18_2),
  inference(avatar_component_clause,[],[f675])).
fof(f675,plain,(
  spl18_2 <=> nped(zyx)),
  introduced(avatar_definition,[new_symbols(naming,[spl18_2])])).
fof(f2307,plain,(
  ~nped(zyx) | (spl18_3 | ~spl18_60 | ~spl18_312)),
  inference(subsumption_resolution,[],[f2303,f680])).
fof(f680,plain,(
  xyz != zyx | spl18_3),
  inference(avatar_component_clause,[],[f679])).
fof(f679,plain,(
  spl18_3 <=> xyz = zyx),
  introduced(avatar_definition,[new_symbols(naming,[spl18_3])])).
fof(f2303,plain,(
  xyz = zyx | ~nped(zyx) | (~spl18_60 | ~spl18_312)),
  inference(resolution,[],[f2301,f912])).
fof(f912,plain,(
  ( ! [X0] : (dqt(sK7(X0),X0) | ~nped(X0)) ) | ~spl18_60),
  inference(avatar_component_clause,[],[f911])).
fof(f911,plain,(
  spl18_60 <=> ! [X0] : (~nped(X0) | dqt(sK7(X0),X0))),
  introduced(avatar_definition,[new_symbols(naming,[spl18_60])])).
fof(f2301,plain,(
  ( ! [X4] : (~dqt(sK7(zyx),X4) | xyz = X4) ) | ~spl18_312),
  inference(avatar_component_clause,[],[f2300])).
fof(f2300,plain,(
  spl18_312 <=> ! [X4] : (~dqt(sK7(zyx),X4) | xyz = X4)),
  introduced(avatar_definition,[new_symbols(naming,[spl18_312])])).
fof(f2302,plain,(
  spl18_312 | ~spl18_115 | ~spl18_175),
  inference(avatar_split_clause,[],[f1844,f1443,f1148,f2300])).
fof(f1148,plain,(
  spl18_115 <=> dqt(sK7(zyx),xyz)),
  introduced(avatar_definition,[new_symbols(naming,[spl18_115])])).
fof(f1443,plain,(
  spl18_175 <=> ! [X2,X0,X1] : (~dqt(X0,X1) | ~dqt(X0,X2) | X1 = X2)),
  introduced(avatar_definition,[new_symbols(naming,[spl18_175])])).
fof(f1844,plain,(
  ( ! [X4] : (~dqt(sK7(zyx),X4) | xyz = X4) ) | (~spl18_115 | ~spl18_175)),
  inference(resolution,[],[f1444,f1149])).
fof(f1149,plain,(
  dqt(sK7(zyx),xyz) | ~spl18_115),
  inference(avatar_component_clause,[],[f1148])).
fof(f1444,plain,(
  ( ! [X2,X0,X1] : (~dqt(X0,X2) | ~dqt(X0,X1) | X1 = X2) ) | ~spl18_175),
  inference(avatar_component_clause,[],[f1443])).
fof(f1445,plain,(
  spl18_175),
  inference(avatar_split_clause,[],[f652,f1443])).
fof(f652,plain,(
  ( ! [X2,X0,X1] : (~dqt(X0,X1) | ~dqt(X0,X2) | X1 = X2) )),
  inference(cnf_transformation,[],[f466])).
fof(f466,plain,(
  ! [X0,X1,X2] : (X1 = X2 | ~dqt(X0,X2) | ~dqt(X0,X1))),
  inference(flattening,[],[f465])).
fof(f465,plain,(
  ! [X0,X1,X2] : (X1 = X2 | (~dqt(X0,X2) | ~dqt(X0,X1)))),
  inference(ennf_transformation,[],[f316])).
fof(f316,plain,(
  ! [X0,X1,X2] : ((dqt(X0,X2) & dqt(X0,X1)) => X1 = X2)),
  inference(flattening,[],[f315])).
fof(f315,plain,(
  ! [X0] : ! [X1] : ! [X2] : ((dqt(X0,X2) & dqt(X0,X1)) => X1 = X2)),
  inference(rectify,[],[f95])).
fof(f95,axiom,(
  ! [X185] : ! [X186] : ! [X187] : ((dqt(X185,X187) & dqt(X185,X186)) => X186 = X187)),
  file('outputs/dolce/cis/ci_dolce_nped_dqt_@_2.in',sos)).
fof(f1150,plain,(
  spl18_115 | ~spl18_2 | ~spl18_60 | ~spl18_62),
  inference(avatar_split_clause,[],[f1075,f919,f911,f675,f1148])).
fof(f919,plain,(
  spl18_62 <=> ! [X0] : (~dqt(X0,zyx) | dqt(X0,xyz))),
  introduced(avatar_definition,[new_symbols(naming,[spl18_62])])).
fof(f1075,plain,(
  dqt(sK7(zyx),xyz) | (~spl18_2 | ~spl18_60 | ~spl18_62)),
  inference(subsumption_resolution,[],[f1074,f676])).
fof(f1074,plain,(
  dqt(sK7(zyx),xyz) | ~nped(zyx) | (~spl18_60 | ~spl18_62)),
  inference(resolution,[],[f920,f912])).
fof(f920,plain,(
  ( ! [X0] : (~dqt(X0,zyx) | dqt(X0,xyz)) ) | ~spl18_62),
  inference(avatar_component_clause,[],[f919])).
fof(f921,plain,(
  spl18_62),
  inference(avatar_split_clause,[],[f533,f919])).
fof(f533,plain,(
  ( ! [X0] : (~dqt(X0,zyx) | dqt(X0,xyz)) )),
  inference(cnf_transformation,[],[f189])).
fof(f189,plain,(
  ! [X0] : (dqt(X0,xyz) <=> dqt(X0,zyx))),
  inference(rectify,[],[f134])).
fof(f134,axiom,(
  ! [X1] : (dqt(X1,xyz) <=> dqt(X1,zyx))),
  file('outputs/dolce/cis/ci_dolce_nped_dqt_@_2.in',axiom524)).
fof(f913,plain,(
  spl18_60),
  inference(avatar_split_clause,[],[f523,f911])).
fof(f523,plain,(
  ( ! [X0] : (~nped(X0) | dqt(sK7(X0),X0)) )),
  inference(cnf_transformation,[],[f390])).
fof(f390,plain,(
  ! [X0] : (? [X1] : (aq(X1) & dqt(X1,X0)) | ~nped(X0))),
  inference(ennf_transformation,[],[f177])).
fof(f177,plain,(
  ! [X0] : (nped(X0) => ? [X1] : (aq(X1) & dqt(X1,X0)))),
  inference(rectify,[],[f103])).
fof(f103,axiom,(
  ! [X204] : (nped(X204) => ? [X205] : (aq(X205) & dqt(X205,X204)))),
  file('outputs/dolce/cis/ci_dolce_nped_dqt_@_2.in',sos)).
fof(f681,plain,(
  ~spl18_3),
  inference(avatar_split_clause,[],[f480,f679])).
fof(f480,plain,(
  xyz != zyx),
  inference(cnf_transformation,[],[f135])).
fof(f135,axiom,(
  xyz != zyx),
  file('outputs/dolce/cis/ci_dolce_nped_dqt_@_2.in',diff514)).
fof(f677,plain,(
  spl18_2),
  inference(avatar_split_clause,[],[f479,f675])).
fof(f479,plain,(
  nped(zyx)),
  inference(cnf_transformation,[],[f133])).
fof(f133,axiom,(
  nped(zyx)),
  file('outputs/dolce/cis/ci_dolce_nped_dqt_@_2.in',axiom514)).
% SZS output end Proof for ci_dolce_nped_dqt_@_2
% ------------------------------
% Version: Vampire 4.7 (commit af7d05f97 on 2022-09-30 11:01:41 +0200)
% Termination reason: Refutation

% Memory used [KB]: 7036
% Time elapsed: 0.044 s
% ------------------------------
% ------------------------------
% Success in time 0.027 s
